INFO -- Device: cuda
INFO -- 
INFO -- ================================================================================
INFO -- Learning parameters
INFO -- Length:                                           [92m1.0[0m
INFO -- Total time:                                       [92m1.0[0m
INFO -- Number of points in x:                            [92m150[0m
INFO -- Number of points in initial condition:            [92m300[0m
INFO -- Weight for interior loss:                         [92m0.5[0m
INFO -- Weight for initial condition loss:                [92m150.0[0m
INFO -- Weight for boundary loss:                         [92m1.0[0m
INFO -- Layers:                                           [92m2[0m
INFO -- Neurons per layer:                                [92m60[0m
INFO -- Epochs:                                           [92m50000[0m
INFO -- Learning rate:                                    [92m0.0025[0m
INFO -- ================================================================================
INFO -- 
INFO -- Creating PINN with [92m2[0m layers and [92m60[0m neurons per layer
INFO -- Computing initial condition loss
INFO -- Training PINN for [93m50000[0m epochs using [93mloss_fn_colocation[0m loss function
INFO -- Epoch: [95m1[0m - Loss: [93m    1.168208[0m
INFO -- Epoch: [95m2[0m - Loss: [93m    0.735756[0m
INFO -- Epoch: [95m3[0m - Loss: [93m    0.579897[0m
INFO -- Epoch: [95m4[0m - Loss: [93m    0.599853[0m
INFO -- Epoch: [95m5[0m - Loss: [93m    0.651512[0m
INFO -- Epoch: [95m6[0m - Loss: [93m    0.616795[0m
INFO -- Epoch: [95m7[0m - Loss: [93m    0.685942[0m
INFO -- Epoch: [95m8[0m - Loss: [93m    0.685262[0m
INFO -- Epoch: [95m9[0m - Loss: [93m    0.683778[0m
INFO -- Epoch: [95m10[0m - Loss: [93m    0.527428[0m
INFO -- Epoch: [95m11[0m - Loss: [93m    0.602635[0m
INFO -- Epoch: [95m12[0m - Loss: [93m    0.560805[0m
INFO -- Epoch: [95m13[0m - Loss: [93m    0.533234[0m
INFO -- Epoch: [95m14[0m - Loss: [93m    0.547673[0m
INFO -- Epoch: [95m15[0m - Loss: [93m    0.552400[0m
INFO -- Epoch: [95m16[0m - Loss: [93m    0.560920[0m
INFO -- Epoch: [95m17[0m - Loss: [93m    0.569210[0m
INFO -- Epoch: [95m18[0m - Loss: [93m    0.571854[0m
INFO -- Epoch: [95m19[0m - Loss: [93m    0.571030[0m
INFO -- Epoch: [95m20[0m - Loss: [93m    0.564307[0m
INFO -- Epoch: [95m21[0m - Loss: [93m    0.555735[0m
INFO -- Epoch: [95m22[0m - Loss: [93m    0.545343[0m
INFO -- Epoch: [95m23[0m - Loss: [93m    0.537573[0m
INFO -- Epoch: [95m24[0m - Loss: [93m    0.537197[0m
INFO -- Epoch: [95m25[0m - Loss: [93m    0.538936[0m
INFO -- Epoch: [95m26[0m - Loss: [93m    0.564830[0m
INFO -- Epoch: [95m27[0m - Loss: [93m    0.538486[0m
INFO -- Epoch: [95m28[0m - Loss: [93m    0.549109[0m
INFO -- Epoch: [95m29[0m - Loss: [93m    0.518454[0m
INFO -- Epoch: [95m30[0m - Loss: [93m    0.550086[0m
INFO -- Epoch: [95m31[0m - Loss: [93m    0.527912[0m
INFO -- Epoch: [95m32[0m - Loss: [93m    0.527766[0m
INFO -- Epoch: [95m33[0m - Loss: [93m    0.542389[0m
INFO -- Epoch: [95m34[0m - Loss: [93m    0.518887[0m
INFO -- Epoch: [95m35[0m - Loss: [93m    0.514538[0m
INFO -- Epoch: [95m36[0m - Loss: [93m    0.537836[0m
INFO -- Epoch: [95m37[0m - Loss: [93m    0.524085[0m
INFO -- Epoch: [95m38[0m - Loss: [93m    0.561767[0m
INFO -- Epoch: [95m39[0m - Loss: [93m    0.535605[0m
INFO -- Epoch: [95m40[0m - Loss: [93m    0.518450[0m
INFO -- Epoch: [95m41[0m - Loss: [93m    0.534642[0m
INFO -- Epoch: [95m42[0m - Loss: [93m    0.526816[0m
INFO -- Epoch: [95m43[0m - Loss: [93m    0.535056[0m
INFO -- Epoch: [95m44[0m - Loss: [93m    0.522924[0m
INFO -- Epoch: [95m45[0m - Loss: [93m    0.531436[0m
INFO -- Epoch: [95m46[0m - Loss: [93m    0.546662[0m
INFO -- Epoch: [95m47[0m - Loss: [93m    0.524859[0m
INFO -- Epoch: [95m48[0m - Loss: [93m    0.526811[0m
INFO -- Epoch: [95m49[0m - Loss: [93m    0.540626[0m
INFO -- Epoch: [95m50[0m - Loss: [93m    0.561125[0m
INFO -- Epoch: [95m51[0m - Loss: [93m    0.532973[0m
INFO -- Epoch: [95m52[0m - Loss: [93m    0.532889[0m
INFO -- Epoch: [95m53[0m - Loss: [93m    0.524767[0m
INFO -- Epoch: [95m54[0m - Loss: [93m    0.524973[0m
INFO -- Epoch: [95m55[0m - Loss: [93m    0.524764[0m
INFO -- Epoch: [95m56[0m - Loss: [93m    0.546486[0m
INFO -- Epoch: [95m57[0m - Loss: [93m    0.534197[0m
INFO -- Epoch: [95m58[0m - Loss: [93m    0.517828[0m
INFO -- Epoch: [95m59[0m - Loss: [93m    0.549615[0m
INFO -- Epoch: [95m60[0m - Loss: [93m    0.516946[0m
INFO -- Epoch: [95m61[0m - Loss: [93m    0.524752[0m
INFO -- Epoch: [95m62[0m - Loss: [93m    0.536905[0m
INFO -- Epoch: [95m63[0m - Loss: [93m    0.537306[0m
INFO -- Epoch: [95m64[0m - Loss: [93m    0.524952[0m
INFO -- Epoch: [95m65[0m - Loss: [93m    0.531231[0m
INFO -- Epoch: [95m66[0m - Loss: [93m    0.535836[0m
INFO -- Epoch: [95m67[0m - Loss: [93m    0.536464[0m
INFO -- Epoch: [95m68[0m - Loss: [93m    0.515999[0m
INFO -- Epoch: [95m69[0m - Loss: [93m    0.523226[0m
INFO -- Epoch: [95m70[0m - Loss: [93m    0.519804[0m
INFO -- Epoch: [95m71[0m - Loss: [93m    0.540017[0m
INFO -- Epoch: [95m72[0m - Loss: [93m    0.521348[0m
INFO -- Epoch: [95m73[0m - Loss: [93m    0.553033[0m
INFO -- Epoch: [95m74[0m - Loss: [93m    0.539283[0m
INFO -- Epoch: [95m75[0m - Loss: [93m    0.527369[0m
INFO -- Epoch: [95m76[0m - Loss: [93m    0.537733[0m
INFO -- Epoch: [95m77[0m - Loss: [93m    0.528280[0m
INFO -- Epoch: [95m78[0m - Loss: [93m    0.527954[0m
INFO -- Epoch: [95m79[0m - Loss: [93m    0.529057[0m
INFO -- Epoch: [95m80[0m - Loss: [93m    0.520321[0m
INFO -- Epoch: [95m81[0m - Loss: [93m    0.525009[0m
INFO -- Epoch: [95m82[0m - Loss: [93m    0.527232[0m
INFO -- Epoch: [95m83[0m - Loss: [93m    0.544025[0m
INFO -- Epoch: [95m84[0m - Loss: [93m    0.555532[0m
INFO -- Epoch: [95m85[0m - Loss: [93m    0.545965[0m
INFO -- Epoch: [95m86[0m - Loss: [93m    0.532549[0m
INFO -- Epoch: [95m87[0m - Loss: [93m    0.529569[0m
INFO -- Epoch: [95m88[0m - Loss: [93m    0.527305[0m
INFO -- Epoch: [95m89[0m - Loss: [93m    0.537446[0m
INFO -- Epoch: [95m90[0m - Loss: [93m    0.527707[0m
INFO -- Epoch: [95m91[0m - Loss: [93m    0.528346[0m
INFO -- Epoch: [95m92[0m - Loss: [93m    0.549469[0m
INFO -- Epoch: [95m93[0m - Loss: [93m    0.525278[0m
INFO -- Epoch: [95m94[0m - Loss: [93m    0.522790[0m
INFO -- Epoch: [95m95[0m - Loss: [93m    0.521239[0m
INFO -- Epoch: [95m96[0m - Loss: [93m    0.519261[0m
INFO -- Epoch: [95m97[0m - Loss: [93m    0.521374[0m
INFO -- Epoch: [95m98[0m - Loss: [93m    0.509225[0m
INFO -- Epoch: [95m99[0m - Loss: [93m    0.580780[0m
INFO -- Epoch: [95m100[0m - Loss: [93m    0.513826[0m
INFO -- Epoch: [95m101[0m - Loss: [93m    0.507002[0m
INFO -- Epoch: [95m102[0m - Loss: [93m    0.537528[0m
INFO -- Epoch: [95m103[0m - Loss: [93m    0.527789[0m
INFO -- Epoch: [95m104[0m - Loss: [93m    0.547358[0m
INFO -- Epoch: [95m105[0m - Loss: [93m    0.510572[0m
INFO -- Epoch: [95m106[0m - Loss: [93m    0.513464[0m
INFO -- Epoch: [95m107[0m - Loss: [93m    0.533905[0m
INFO -- Epoch: [95m108[0m - Loss: [93m    0.534504[0m
INFO -- Epoch: [95m109[0m - Loss: [93m    0.543693[0m
INFO -- Epoch: [95m110[0m - Loss: [93m    0.519566[0m
INFO -- Epoch: [95m111[0m - Loss: [93m    0.532397[0m
INFO -- Epoch: [95m112[0m - Loss: [93m    0.528878[0m
INFO -- Epoch: [95m113[0m - Loss: [93m    0.526212[0m
INFO -- Epoch: [95m114[0m - Loss: [93m    0.518944[0m
INFO -- Epoch: [95m115[0m - Loss: [93m    0.553598[0m
INFO -- Epoch: [95m116[0m - Loss: [93m    0.536602[0m
INFO -- Epoch: [95m117[0m - Loss: [93m    0.517683[0m
INFO -- Epoch: [95m118[0m - Loss: [93m    0.516474[0m
INFO -- Epoch: [95m119[0m - Loss: [93m    0.512403[0m
INFO -- Epoch: [95m120[0m - Loss: [93m    0.515911[0m
INFO -- Epoch: [95m121[0m - Loss: [93m    0.553714[0m
INFO -- Epoch: [95m122[0m - Loss: [93m    0.505182[0m
INFO -- Epoch: [95m123[0m - Loss: [93m    0.510310[0m
INFO -- Epoch: [95m124[0m - Loss: [93m    0.554711[0m
INFO -- Epoch: [95m125[0m - Loss: [93m    0.534631[0m
INFO -- Epoch: [95m126[0m - Loss: [93m    0.526830[0m
INFO -- Epoch: [95m127[0m - Loss: [93m    0.526278[0m
INFO -- Epoch: [95m128[0m - Loss: [93m    0.521842[0m
INFO -- Epoch: [95m129[0m - Loss: [93m    0.520784[0m
INFO -- Epoch: [95m130[0m - Loss: [93m    0.519275[0m
INFO -- Epoch: [95m131[0m - Loss: [93m    0.526375[0m
INFO -- Epoch: [95m132[0m - Loss: [93m    0.514027[0m
INFO -- Epoch: [95m133[0m - Loss: [93m    0.512659[0m
INFO -- Epoch: [95m134[0m - Loss: [93m    0.532647[0m
INFO -- Epoch: [95m135[0m - Loss: [93m    0.545448[0m
INFO -- Epoch: [95m136[0m - Loss: [93m    0.544410[0m
INFO -- Epoch: [95m137[0m - Loss: [93m    0.520872[0m
INFO -- Epoch: [95m138[0m - Loss: [93m    0.518723[0m
INFO -- Epoch: [95m139[0m - Loss: [93m    0.517883[0m
INFO -- Epoch: [95m140[0m - Loss: [93m    0.514986[0m
INFO -- Epoch: [95m141[0m - Loss: [93m    0.530717[0m
INFO -- Epoch: [95m142[0m - Loss: [93m    0.508920[0m
INFO -- Epoch: [95m143[0m - Loss: [93m    0.546153[0m
INFO -- Epoch: [95m144[0m - Loss: [93m    0.533191[0m
INFO -- Epoch: [95m145[0m - Loss: [93m    0.571913[0m
INFO -- Epoch: [95m146[0m - Loss: [93m    0.512185[0m
INFO -- Epoch: [95m147[0m - Loss: [93m    0.532092[0m
INFO -- Epoch: [95m148[0m - Loss: [93m    0.533678[0m
INFO -- Epoch: [95m149[0m - Loss: [93m    0.541587[0m
INFO -- Epoch: [95m150[0m - Loss: [93m    0.540008[0m
INFO -- Epoch: [95m151[0m - Loss: [93m    0.527426[0m
INFO -- Epoch: [95m152[0m - Loss: [93m    0.528228[0m
INFO -- Epoch: [95m153[0m - Loss: [93m    0.524764[0m
INFO -- Epoch: [95m154[0m - Loss: [93m    0.543305[0m
INFO -- Epoch: [95m155[0m - Loss: [93m    0.538415[0m
INFO -- Epoch: [95m156[0m - Loss: [93m    0.529614[0m
INFO -- Epoch: [95m157[0m - Loss: [93m    0.515150[0m
INFO -- Epoch: [95m158[0m - Loss: [93m    0.540680[0m
INFO -- Epoch: [95m159[0m - Loss: [93m    0.542062[0m
INFO -- Epoch: [95m160[0m - Loss: [93m    0.514516[0m
INFO -- Epoch: [95m161[0m - Loss: [93m    0.526112[0m
INFO -- Epoch: [95m162[0m - Loss: [93m    0.506759[0m
INFO -- Epoch: [95m163[0m - Loss: [93m    0.519632[0m
INFO -- Epoch: [95m164[0m - Loss: [93m    0.550022[0m
INFO -- Epoch: [95m165[0m - Loss: [93m    0.513832[0m
INFO -- Epoch: [95m166[0m - Loss: [93m    0.548361[0m
INFO -- Epoch: [95m167[0m - Loss: [93m    0.516627[0m
INFO -- Epoch: [95m168[0m - Loss: [93m    0.521482[0m
INFO -- Epoch: [95m169[0m - Loss: [93m    0.518084[0m
INFO -- Epoch: [95m170[0m - Loss: [93m    0.512419[0m
INFO -- Epoch: [95m171[0m - Loss: [93m    0.513732[0m
INFO -- Epoch: [95m172[0m - Loss: [93m    0.576199[0m
INFO -- Epoch: [95m173[0m - Loss: [93m    0.518444[0m
INFO -- Epoch: [95m174[0m - Loss: [93m    0.529164[0m
INFO -- Epoch: [95m175[0m - Loss: [93m    0.517074[0m
INFO -- Epoch: [95m176[0m - Loss: [93m    0.538382[0m
INFO -- Epoch: [95m177[0m - Loss: [93m    0.525728[0m
INFO -- Epoch: [95m178[0m - Loss: [93m    0.529787[0m
INFO -- Epoch: [95m179[0m - Loss: [93m    0.529100[0m
INFO -- Epoch: [95m180[0m - Loss: [93m    0.529969[0m
INFO -- Epoch: [95m181[0m - Loss: [93m    0.543788[0m
INFO -- Epoch: [95m182[0m - Loss: [93m    0.525823[0m
INFO -- Epoch: [95m183[0m - Loss: [93m    0.530339[0m
INFO -- Epoch: [95m184[0m - Loss: [93m    0.531537[0m
INFO -- Epoch: [95m185[0m - Loss: [93m    0.526008[0m
INFO -- Epoch: [95m186[0m - Loss: [93m    0.519104[0m
INFO -- Epoch: [95m187[0m - Loss: [93m    0.518958[0m
INFO -- Epoch: [95m188[0m - Loss: [93m    0.542420[0m
INFO -- Epoch: [95m189[0m - Loss: [93m    0.507975[0m
INFO -- Epoch: [95m190[0m - Loss: [93m    0.518137[0m
INFO -- Epoch: [95m191[0m - Loss: [93m    0.509735[0m
INFO -- Epoch: [95m192[0m - Loss: [93m    0.511089[0m
INFO -- Epoch: [95m193[0m - Loss: [93m    0.519870[0m
INFO -- Epoch: [95m194[0m - Loss: [93m    0.509525[0m
INFO -- Epoch: [95m195[0m - Loss: [93m    0.522952[0m
INFO -- Epoch: [95m196[0m - Loss: [93m    0.506404[0m
INFO -- Epoch: [95m197[0m - Loss: [93m    0.658788[0m
INFO -- Epoch: [95m198[0m - Loss: [93m    0.527596[0m
INFO -- Epoch: [95m199[0m - Loss: [93m    0.516128[0m
INFO -- Epoch: [95m200[0m - Loss: [93m    0.529897[0m
INFO -- Epoch: [95m201[0m - Loss: [93m    0.530810[0m
INFO -- Epoch: [95m202[0m - Loss: [93m    0.534029[0m
INFO -- Epoch: [95m203[0m - Loss: [93m    0.539931[0m
INFO -- Epoch: [95m204[0m - Loss: [93m    0.535643[0m
INFO -- Epoch: [95m205[0m - Loss: [93m    0.530660[0m
INFO -- Epoch: [95m206[0m - Loss: [93m    0.532190[0m
INFO -- Epoch: [95m207[0m - Loss: [93m    0.538015[0m
INFO -- Epoch: [95m208[0m - Loss: [93m    0.538690[0m
INFO -- Epoch: [95m209[0m - Loss: [93m    0.515549[0m
INFO -- Epoch: [95m210[0m - Loss: [93m    0.535993[0m
INFO -- Epoch: [95m211[0m - Loss: [93m    0.514894[0m
INFO -- Epoch: [95m212[0m - Loss: [93m    0.542016[0m
INFO -- Epoch: [95m213[0m - Loss: [93m    0.504141[0m
INFO -- Epoch: [95m214[0m - Loss: [93m    0.506720[0m
INFO -- Epoch: [95m215[0m - Loss: [93m    0.521283[0m
INFO -- Epoch: [95m216[0m - Loss: [93m    0.559064[0m
INFO -- Epoch: [95m217[0m - Loss: [93m    0.536892[0m
INFO -- Epoch: [95m218[0m - Loss: [93m    0.555610[0m
INFO -- Epoch: [95m219[0m - Loss: [93m    0.541780[0m
INFO -- Epoch: [95m220[0m - Loss: [93m    0.533233[0m
INFO -- Epoch: [95m221[0m - Loss: [93m    0.530424[0m
INFO -- Epoch: [95m222[0m - Loss: [93m    0.538415[0m
INFO -- Epoch: [95m223[0m - Loss: [93m    0.537547[0m
INFO -- Epoch: [95m224[0m - Loss: [93m    0.536090[0m
INFO -- Epoch: [95m225[0m - Loss: [93m    0.532803[0m
INFO -- Epoch: [95m226[0m - Loss: [93m    0.531729[0m
INFO -- Epoch: [95m227[0m - Loss: [93m    0.521121[0m
INFO -- Epoch: [95m228[0m - Loss: [93m    0.513988[0m
INFO -- Epoch: [95m229[0m - Loss: [93m    0.537803[0m
INFO -- Epoch: [95m230[0m - Loss: [93m    0.513301[0m
INFO -- Epoch: [95m231[0m - Loss: [93m    0.559293[0m
INFO -- Epoch: [95m232[0m - Loss: [93m    0.565543[0m
INFO -- Epoch: [95m233[0m - Loss: [93m    0.546373[0m
INFO -- Epoch: [95m234[0m - Loss: [93m    0.520367[0m
INFO -- Epoch: [95m235[0m - Loss: [93m    0.541727[0m
INFO -- Epoch: [95m236[0m - Loss: [93m    0.544635[0m
INFO -- Epoch: [95m237[0m - Loss: [93m    0.535961[0m
INFO -- Epoch: [95m238[0m - Loss: [93m    0.528273[0m
INFO -- Epoch: [95m239[0m - Loss: [93m    0.535074[0m
INFO -- Epoch: [95m240[0m - Loss: [93m    0.536651[0m
INFO -- Epoch: [95m241[0m - Loss: [93m    0.533024[0m
INFO -- Epoch: [95m242[0m - Loss: [93m    0.531254[0m
INFO -- Epoch: [95m243[0m - Loss: [93m    0.536869[0m
INFO -- Epoch: [95m244[0m - Loss: [93m    0.537418[0m
INFO -- Epoch: [95m245[0m - Loss: [93m    0.531406[0m
INFO -- Epoch: [95m246[0m - Loss: [93m    0.512383[0m
INFO -- Epoch: [95m247[0m - Loss: [93m    0.515553[0m
INFO -- Epoch: [95m248[0m - Loss: [93m    0.527313[0m
INFO -- Epoch: [95m249[0m - Loss: [93m    0.551420[0m
INFO -- Epoch: [95m250[0m - Loss: [93m    0.535153[0m
INFO -- Epoch: [95m251[0m - Loss: [93m    0.509369[0m
INFO -- Epoch: [95m252[0m - Loss: [93m    0.550626[0m
INFO -- Epoch: [95m253[0m - Loss: [93m    0.535871[0m
INFO -- Epoch: [95m254[0m - Loss: [93m    0.513708[0m
INFO -- Epoch: [95m255[0m - Loss: [93m    0.539085[0m
INFO -- Epoch: [95m256[0m - Loss: [93m    0.543614[0m
INFO -- Epoch: [95m257[0m - Loss: [93m    0.538239[0m
INFO -- Epoch: [95m258[0m - Loss: [93m    0.539825[0m
INFO -- Epoch: [95m259[0m - Loss: [93m    0.533482[0m
INFO -- Epoch: [95m260[0m - Loss: [93m    0.538066[0m
INFO -- Epoch: [95m261[0m - Loss: [93m    0.534994[0m
INFO -- Epoch: [95m262[0m - Loss: [93m    0.538374[0m
INFO -- Epoch: [95m263[0m - Loss: [93m    0.528076[0m
INFO -- Epoch: [95m264[0m - Loss: [93m    0.523961[0m
INFO -- Epoch: [95m265[0m - Loss: [93m    0.518682[0m
INFO -- Epoch: [95m266[0m - Loss: [93m    0.546238[0m
INFO -- Epoch: [95m267[0m - Loss: [93m    0.532168[0m
INFO -- Epoch: [95m268[0m - Loss: [93m    0.545953[0m
INFO -- Epoch: [95m269[0m - Loss: [93m    0.547345[0m
INFO -- Epoch: [95m270[0m - Loss: [93m    0.554884[0m
INFO -- Epoch: [95m271[0m - Loss: [93m    0.518349[0m
INFO -- Epoch: [95m272[0m - Loss: [93m    0.525396[0m
INFO -- Epoch: [95m273[0m - Loss: [93m    0.517812[0m
INFO -- Epoch: [95m274[0m - Loss: [93m    0.537934[0m
INFO -- Epoch: [95m275[0m - Loss: [93m    0.537050[0m
INFO -- Epoch: [95m276[0m - Loss: [93m    0.526008[0m
INFO -- Epoch: [95m277[0m - Loss: [93m    0.542452[0m
INFO -- Epoch: [95m278[0m - Loss: [93m    0.521458[0m
INFO -- Epoch: [95m279[0m - Loss: [93m    0.532864[0m
INFO -- Epoch: [95m280[0m - Loss: [93m    0.529245[0m
INFO -- Epoch: [95m281[0m - Loss: [93m    0.521292[0m
INFO -- Epoch: [95m282[0m - Loss: [93m    0.544014[0m
INFO -- Epoch: [95m283[0m - Loss: [93m    0.529796[0m
INFO -- Epoch: [95m284[0m - Loss: [93m    0.524705[0m
INFO -- Epoch: [95m285[0m - Loss: [93m    0.511595[0m
INFO -- Epoch: [95m286[0m - Loss: [93m    0.520267[0m
INFO -- Epoch: [95m287[0m - Loss: [93m    0.537519[0m
INFO -- Epoch: [95m288[0m - Loss: [93m    0.521218[0m
INFO -- Epoch: [95m289[0m - Loss: [93m    0.506425[0m
INFO -- Epoch: [95m290[0m - Loss: [93m    0.510636[0m
INFO -- Epoch: [95m291[0m - Loss: [93m    0.503561[0m
INFO -- Epoch: [95m292[0m - Loss: [93m    0.548106[0m
INFO -- Epoch: [95m293[0m - Loss: [93m    0.526265[0m
INFO -- Epoch: [95m294[0m - Loss: [93m    0.568878[0m
INFO -- Epoch: [95m295[0m - Loss: [93m    0.581658[0m
INFO -- Epoch: [95m296[0m - Loss: [93m    0.532944[0m
INFO -- Epoch: [95m297[0m - Loss: [93m    0.520475[0m
INFO -- Epoch: [95m298[0m - Loss: [93m    0.536303[0m
INFO -- Epoch: [95m299[0m - Loss: [93m    0.530303[0m
INFO -- Epoch: [95m300[0m - Loss: [93m    0.539748[0m
INFO -- Epoch: [95m301[0m - Loss: [93m    0.536612[0m
INFO -- Epoch: [95m302[0m - Loss: [93m    0.538464[0m
INFO -- Epoch: [95m303[0m - Loss: [93m    0.538293[0m
INFO -- Epoch: [95m304[0m - Loss: [93m    0.537550[0m
INFO -- Epoch: [95m305[0m - Loss: [93m    0.526977[0m
INFO -- Epoch: [95m306[0m - Loss: [93m    0.530450[0m
INFO -- Epoch: [95m307[0m - Loss: [93m    0.529929[0m
INFO -- Epoch: [95m308[0m - Loss: [93m    0.535817[0m
INFO -- Epoch: [95m309[0m - Loss: [93m    0.510066[0m
INFO -- Epoch: [95m310[0m - Loss: [93m    0.518155[0m
INFO -- Epoch: [95m311[0m - Loss: [93m    0.515593[0m
INFO -- Epoch: [95m312[0m - Loss: [93m    0.501340[0m
INFO -- Epoch: [95m313[0m - Loss: [93m    0.499697[0m
INFO -- Epoch: [95m314[0m - Loss: [93m    0.535708[0m
INFO -- Epoch: [95m315[0m - Loss: [93m    0.581814[0m
INFO -- Epoch: [95m316[0m - Loss: [93m    0.507599[0m
INFO -- Epoch: [95m317[0m - Loss: [93m    0.588033[0m
INFO -- Epoch: [95m318[0m - Loss: [93m    0.505933[0m
INFO -- Epoch: [95m319[0m - Loss: [93m    0.533408[0m
INFO -- Epoch: [95m320[0m - Loss: [93m    0.516496[0m
INFO -- Epoch: [95m321[0m - Loss: [93m    0.516677[0m
INFO -- Epoch: [95m322[0m - Loss: [93m    0.558898[0m
INFO -- Epoch: [95m323[0m - Loss: [93m    0.536883[0m
INFO -- Epoch: [95m324[0m - Loss: [93m    0.532654[0m
INFO -- Epoch: [95m325[0m - Loss: [93m    0.538460[0m
INFO -- Epoch: [95m326[0m - Loss: [93m    0.533809[0m
INFO -- Epoch: [95m327[0m - Loss: [93m    0.543645[0m
INFO -- Epoch: [95m328[0m - Loss: [93m    0.539117[0m
INFO -- Epoch: [95m329[0m - Loss: [93m    0.533264[0m
INFO -- Epoch: [95m330[0m - Loss: [93m    0.536745[0m
INFO -- Epoch: [95m331[0m - Loss: [93m    0.526370[0m
INFO -- Epoch: [95m332[0m - Loss: [93m    0.522247[0m
INFO -- Epoch: [95m333[0m - Loss: [93m    0.560807[0m
INFO -- Epoch: [95m334[0m - Loss: [93m    0.516600[0m
INFO -- Epoch: [95m335[0m - Loss: [93m    0.539198[0m
INFO -- Epoch: [95m336[0m - Loss: [93m    0.542671[0m
INFO -- Epoch: [95m337[0m - Loss: [93m    0.525980[0m
INFO -- Epoch: [95m338[0m - Loss: [93m    0.542698[0m
INFO -- Epoch: [95m339[0m - Loss: [93m    0.539308[0m
INFO -- Epoch: [95m340[0m - Loss: [93m    0.539549[0m
INFO -- Epoch: [95m341[0m - Loss: [93m    0.531228[0m
INFO -- Epoch: [95m342[0m - Loss: [93m    0.530042[0m
INFO -- Epoch: [95m343[0m - Loss: [93m    0.537526[0m
INFO -- Epoch: [95m344[0m - Loss: [93m    0.523904[0m
INFO -- Epoch: [95m345[0m - Loss: [93m    0.523985[0m
INFO -- Epoch: [95m346[0m - Loss: [93m    0.522104[0m
INFO -- Epoch: [95m347[0m - Loss: [93m    0.525086[0m
INFO -- Epoch: [95m348[0m - Loss: [93m    0.531600[0m
INFO -- Epoch: [95m349[0m - Loss: [93m    0.525696[0m
INFO -- Epoch: [95m350[0m - Loss: [93m    0.540594[0m
INFO -- Epoch: [95m351[0m - Loss: [93m    0.509154[0m
INFO -- Epoch: [95m352[0m - Loss: [93m    0.511062[0m
INFO -- Epoch: [95m353[0m - Loss: [93m    0.549604[0m
INFO -- Epoch: [95m354[0m - Loss: [93m    0.537145[0m
INFO -- Epoch: [95m355[0m - Loss: [93m    0.510882[0m
INFO -- Epoch: [95m356[0m - Loss: [93m    0.549756[0m
INFO -- Epoch: [95m357[0m - Loss: [93m    0.512939[0m
INFO -- Epoch: [95m358[0m - Loss: [93m    0.550139[0m
INFO -- Epoch: [95m359[0m - Loss: [93m    0.549364[0m
INFO -- Epoch: [95m360[0m - Loss: [93m    0.527044[0m
INFO -- Epoch: [95m361[0m - Loss: [93m    0.549217[0m
INFO -- Epoch: [95m362[0m - Loss: [93m    0.523917[0m
INFO -- Epoch: [95m363[0m - Loss: [93m    0.535507[0m
INFO -- Epoch: [95m364[0m - Loss: [93m    0.535313[0m
INFO -- Epoch: [95m365[0m - Loss: [93m    0.538558[0m
INFO -- Epoch: [95m366[0m - Loss: [93m    0.531396[0m
INFO -- Epoch: [95m367[0m - Loss: [93m    0.533049[0m
INFO -- Epoch: [95m368[0m - Loss: [93m    0.531013[0m
INFO -- Epoch: [95m369[0m - Loss: [93m    0.537332[0m
INFO -- Epoch: [95m370[0m - Loss: [93m    0.521640[0m
INFO -- Epoch: [95m371[0m - Loss: [93m    0.519064[0m
INFO -- Epoch: [95m372[0m - Loss: [93m    0.517697[0m
INFO -- Epoch: [95m373[0m - Loss: [93m    0.543095[0m
INFO -- Epoch: [95m374[0m - Loss: [93m    0.526326[0m
INFO -- Epoch: [95m375[0m - Loss: [93m    0.550860[0m
INFO -- Epoch: [95m376[0m - Loss: [93m    0.550841[0m
INFO -- Epoch: [95m377[0m - Loss: [93m    0.534213[0m
INFO -- Epoch: [95m378[0m - Loss: [93m    0.541407[0m
INFO -- Epoch: [95m379[0m - Loss: [93m    0.540964[0m
INFO -- Epoch: [95m380[0m - Loss: [93m    0.515711[0m
INFO -- Epoch: [95m381[0m - Loss: [93m    0.529980[0m
INFO -- Epoch: [95m382[0m - Loss: [93m    0.525474[0m
INFO -- Epoch: [95m383[0m - Loss: [93m    0.538584[0m
INFO -- Epoch: [95m384[0m - Loss: [93m    0.526323[0m
INFO -- Epoch: [95m385[0m - Loss: [93m    0.526612[0m
INFO -- Epoch: [95m386[0m - Loss: [93m    0.528634[0m
INFO -- Epoch: [95m387[0m - Loss: [93m    0.525034[0m
INFO -- Epoch: [95m388[0m - Loss: [93m    0.537302[0m
INFO -- Epoch: [95m389[0m - Loss: [93m    0.528838[0m
INFO -- Epoch: [95m390[0m - Loss: [93m    0.518349[0m
INFO -- Epoch: [95m391[0m - Loss: [93m    0.531114[0m
INFO -- Epoch: [95m392[0m - Loss: [93m    0.516545[0m
INFO -- Epoch: [95m393[0m - Loss: [93m    0.544477[0m
INFO -- Epoch: [95m394[0m - Loss: [93m    0.533343[0m
INFO -- Epoch: [95m395[0m - Loss: [93m    0.513389[0m
INFO -- Epoch: [95m396[0m - Loss: [93m    0.553176[0m
INFO -- Epoch: [95m397[0m - Loss: [93m    0.509030[0m
INFO -- Epoch: [95m398[0m - Loss: [93m    0.525363[0m
INFO -- Epoch: [95m399[0m - Loss: [93m    0.508288[0m
INFO -- Epoch: [95m400[0m - Loss: [93m    0.543290[0m
INFO -- Epoch: [95m401[0m - Loss: [93m    0.509868[0m
INFO -- Epoch: [95m402[0m - Loss: [93m    0.521697[0m
INFO -- Epoch: [95m403[0m - Loss: [93m    0.526084[0m
INFO -- Epoch: [95m404[0m - Loss: [93m    0.511216[0m
INFO -- Epoch: [95m405[0m - Loss: [93m    0.564918[0m
INFO -- Epoch: [95m406[0m - Loss: [93m    0.540023[0m
INFO -- Epoch: [95m407[0m - Loss: [93m    0.528653[0m
INFO -- Epoch: [95m408[0m - Loss: [93m    0.521197[0m
INFO -- Epoch: [95m409[0m - Loss: [93m    0.537422[0m
INFO -- Epoch: [95m410[0m - Loss: [93m    0.535980[0m
INFO -- Epoch: [95m411[0m - Loss: [93m    0.525866[0m
INFO -- Epoch: [95m412[0m - Loss: [93m    0.526598[0m
INFO -- Epoch: [95m413[0m - Loss: [93m    0.526327[0m
INFO -- Epoch: [95m414[0m - Loss: [93m    0.536702[0m
INFO -- Epoch: [95m415[0m - Loss: [93m    0.551115[0m
INFO -- Epoch: [95m416[0m - Loss: [93m    0.533055[0m
INFO -- Epoch: [95m417[0m - Loss: [93m    0.531223[0m
INFO -- Epoch: [95m418[0m - Loss: [93m    0.522382[0m
INFO -- Epoch: [95m419[0m - Loss: [93m    0.528595[0m
INFO -- Epoch: [95m420[0m - Loss: [93m    0.526761[0m
INFO -- Epoch: [95m421[0m - Loss: [93m    0.515727[0m
INFO -- Epoch: [95m422[0m - Loss: [93m    0.524578[0m
INFO -- Epoch: [95m423[0m - Loss: [93m    0.539317[0m
INFO -- Epoch: [95m424[0m - Loss: [93m    0.553473[0m
INFO -- Epoch: [95m425[0m - Loss: [93m    0.512204[0m
INFO -- Epoch: [95m426[0m - Loss: [93m    0.521016[0m
INFO -- Epoch: [95m427[0m - Loss: [93m    0.512007[0m
INFO -- Epoch: [95m428[0m - Loss: [93m    0.514124[0m
INFO -- Epoch: [95m429[0m - Loss: [93m    0.517852[0m
INFO -- Epoch: [95m430[0m - Loss: [93m    0.504603[0m
INFO -- Epoch: [95m431[0m - Loss: [93m    0.501984[0m
INFO -- Epoch: [95m432[0m - Loss: [93m    0.509449[0m
INFO -- Epoch: [95m433[0m - Loss: [93m    0.519838[0m
INFO -- Epoch: [95m434[0m - Loss: [93m    0.549733[0m
INFO -- Epoch: [95m435[0m - Loss: [93m    0.516375[0m
INFO -- Epoch: [95m436[0m - Loss: [93m    0.511384[0m
INFO -- Epoch: [95m437[0m - Loss: [93m    0.631102[0m
INFO -- Epoch: [95m438[0m - Loss: [93m    0.527786[0m
INFO -- Epoch: [95m439[0m - Loss: [93m    0.513515[0m
INFO -- Epoch: [95m440[0m - Loss: [93m    0.516217[0m
INFO -- Epoch: [95m441[0m - Loss: [93m    0.515549[0m
INFO -- Epoch: [95m442[0m - Loss: [93m    0.516393[0m
INFO -- Epoch: [95m443[0m - Loss: [93m    0.524970[0m
INFO -- Epoch: [95m444[0m - Loss: [93m    0.520854[0m
INFO -- Epoch: [95m445[0m - Loss: [93m    0.523060[0m
INFO -- Epoch: [95m446[0m - Loss: [93m    0.523685[0m
INFO -- Epoch: [95m447[0m - Loss: [93m    0.536458[0m
INFO -- Epoch: [95m448[0m - Loss: [93m    0.515345[0m
INFO -- Epoch: [95m449[0m - Loss: [93m    0.540795[0m
INFO -- Epoch: [95m450[0m - Loss: [93m    0.511200[0m
INFO -- Epoch: [95m451[0m - Loss: [93m    0.515085[0m
INFO -- Epoch: [95m452[0m - Loss: [93m    0.542423[0m
INFO -- Epoch: [95m453[0m - Loss: [93m    0.543509[0m
INFO -- Epoch: [95m454[0m - Loss: [93m    0.533249[0m
INFO -- Epoch: [95m455[0m - Loss: [93m    0.556499[0m
INFO -- Epoch: [95m456[0m - Loss: [93m    0.562028[0m
INFO -- Epoch: [95m457[0m - Loss: [93m    0.550598[0m
INFO -- Epoch: [95m458[0m - Loss: [93m    0.541119[0m
INFO -- Epoch: [95m459[0m - Loss: [93m    0.534513[0m
INFO -- Epoch: [95m460[0m - Loss: [93m    0.537090[0m
INFO -- Epoch: [95m461[0m - Loss: [93m    0.540960[0m
INFO -- Epoch: [95m462[0m - Loss: [93m    0.539331[0m
INFO -- Epoch: [95m463[0m - Loss: [93m    0.540780[0m
INFO -- Epoch: [95m464[0m - Loss: [93m    0.534998[0m
INFO -- Epoch: [95m465[0m - Loss: [93m    0.532291[0m
INFO -- Epoch: [95m466[0m - Loss: [93m    0.530461[0m
INFO -- Epoch: [95m467[0m - Loss: [93m    0.527311[0m
INFO -- Epoch: [95m468[0m - Loss: [93m    0.535949[0m
INFO -- Epoch: [95m469[0m - Loss: [93m    0.532017[0m
INFO -- Epoch: [95m470[0m - Loss: [93m    0.544844[0m
INFO -- Epoch: [95m471[0m - Loss: [93m    0.511038[0m
INFO -- Epoch: [95m472[0m - Loss: [93m    0.546926[0m
INFO -- Epoch: [95m473[0m - Loss: [93m    0.545696[0m
INFO -- Epoch: [95m474[0m - Loss: [93m    0.522065[0m
INFO -- Epoch: [95m475[0m - Loss: [93m    0.507760[0m
INFO -- Epoch: [95m476[0m - Loss: [93m    0.525594[0m
INFO -- Epoch: [95m477[0m - Loss: [93m    0.557730[0m
INFO -- Epoch: [95m478[0m - Loss: [93m    0.563369[0m
INFO -- Epoch: [95m479[0m - Loss: [93m    0.539450[0m
INFO -- Epoch: [95m480[0m - Loss: [93m    0.536846[0m
INFO -- Epoch: [95m481[0m - Loss: [93m    0.525944[0m
INFO -- Epoch: [95m482[0m - Loss: [93m    0.537620[0m
INFO -- Epoch: [95m483[0m - Loss: [93m    0.535462[0m
INFO -- Epoch: [95m484[0m - Loss: [93m    0.535289[0m
INFO -- Epoch: [95m485[0m - Loss: [93m    0.536185[0m
INFO -- Epoch: [95m486[0m - Loss: [93m    0.533388[0m
INFO -- Epoch: [95m487[0m - Loss: [93m    0.534952[0m
INFO -- Epoch: [95m488[0m - Loss: [93m    0.540252[0m
INFO -- Epoch: [95m489[0m - Loss: [93m    0.527755[0m
INFO -- Epoch: [95m490[0m - Loss: [93m    0.531716[0m
INFO -- Epoch: [95m491[0m - Loss: [93m    0.531779[0m
INFO -- Epoch: [95m492[0m - Loss: [93m    0.525527[0m
INFO -- Epoch: [95m493[0m - Loss: [93m    0.520595[0m
INFO -- Epoch: [95m494[0m - Loss: [93m    0.537968[0m
INFO -- Epoch: [95m495[0m - Loss: [93m    0.532417[0m
INFO -- Epoch: [95m496[0m - Loss: [93m    0.521046[0m
INFO -- Epoch: [95m497[0m - Loss: [93m    0.512197[0m
INFO -- Epoch: [95m498[0m - Loss: [93m    0.534231[0m
INFO -- Epoch: [95m499[0m - Loss: [93m    0.533371[0m
INFO -- Epoch: [95m500[0m - Loss: [93m    0.532127[0m
INFO -- Epoch: [95m501[0m - Loss: [93m    0.549333[0m
INFO -- Epoch: [95m502[0m - Loss: [93m    0.531670[0m
INFO -- Epoch: [95m503[0m - Loss: [93m    0.506906[0m
INFO -- Epoch: [95m504[0m - Loss: [93m    0.531601[0m
INFO -- Epoch: [95m505[0m - Loss: [93m    0.510717[0m
INFO -- Epoch: [95m506[0m - Loss: [93m    0.520330[0m
INFO -- Epoch: [95m507[0m - Loss: [93m    0.533071[0m
INFO -- Epoch: [95m508[0m - Loss: [93m    0.538634[0m
INFO -- Epoch: [95m509[0m - Loss: [93m    0.531630[0m
INFO -- Epoch: [95m510[0m - Loss: [93m    0.564977[0m
INFO -- Epoch: [95m511[0m - Loss: [93m    0.517996[0m
INFO -- Epoch: [95m512[0m - Loss: [93m    0.534851[0m
INFO -- Epoch: [95m513[0m - Loss: [93m    0.522433[0m
INFO -- Epoch: [95m514[0m - Loss: [93m    0.530301[0m
INFO -- Epoch: [95m515[0m - Loss: [93m    0.531572[0m
INFO -- Epoch: [95m516[0m - Loss: [93m    0.523157[0m
INFO -- Epoch: [95m517[0m - Loss: [93m    0.522597[0m
INFO -- Epoch: [95m518[0m - Loss: [93m    0.531446[0m
INFO -- Epoch: [95m519[0m - Loss: [93m    0.533663[0m
INFO -- Epoch: [95m520[0m - Loss: [93m    0.519447[0m
INFO -- Epoch: [95m521[0m - Loss: [93m    0.538801[0m
INFO -- Epoch: [95m522[0m - Loss: [93m    0.528588[0m
INFO -- Epoch: [95m523[0m - Loss: [93m    0.563083[0m
INFO -- Epoch: [95m524[0m - Loss: [93m    0.517862[0m
INFO -- Epoch: [95m525[0m - Loss: [93m    0.522976[0m
INFO -- Epoch: [95m526[0m - Loss: [93m    0.547021[0m
INFO -- Epoch: [95m527[0m - Loss: [93m    0.545916[0m
INFO -- Epoch: [95m528[0m - Loss: [93m    0.516150[0m
INFO -- Epoch: [95m529[0m - Loss: [93m    0.526963[0m
INFO -- Epoch: [95m530[0m - Loss: [93m    0.519944[0m
INFO -- Epoch: [95m531[0m - Loss: [93m    0.517964[0m
INFO -- Epoch: [95m532[0m - Loss: [93m    0.538439[0m
INFO -- Epoch: [95m533[0m - Loss: [93m    0.531106[0m
INFO -- Epoch: [95m534[0m - Loss: [93m    0.537086[0m
INFO -- Epoch: [95m535[0m - Loss: [93m    0.518104[0m
INFO -- Epoch: [95m536[0m - Loss: [93m    0.514704[0m
INFO -- Epoch: [95m537[0m - Loss: [93m    0.512317[0m
INFO -- Epoch: [95m538[0m - Loss: [93m    0.516865[0m
INFO -- Epoch: [95m539[0m - Loss: [93m    0.507661[0m
INFO -- Epoch: [95m540[0m - Loss: [93m    0.526437[0m
INFO -- Epoch: [95m541[0m - Loss: [93m    0.562410[0m
INFO -- Epoch: [95m542[0m - Loss: [93m    0.594322[0m
INFO -- Epoch: [95m543[0m - Loss: [93m    0.511244[0m
INFO -- Epoch: [95m544[0m - Loss: [93m    0.520236[0m
INFO -- Epoch: [95m545[0m - Loss: [93m    0.532543[0m
INFO -- Epoch: [95m546[0m - Loss: [93m    0.532995[0m
INFO -- Epoch: [95m547[0m - Loss: [93m    0.514063[0m
INFO -- Epoch: [95m548[0m - Loss: [93m    0.517484[0m
INFO -- Epoch: [95m549[0m - Loss: [93m    0.558804[0m
INFO -- Epoch: [95m550[0m - Loss: [93m    0.529600[0m
INFO -- Epoch: [95m551[0m - Loss: [93m    0.537465[0m
INFO -- Epoch: [95m552[0m - Loss: [93m    0.522737[0m
INFO -- Epoch: [95m553[0m - Loss: [93m    0.522480[0m
INFO -- Epoch: [95m554[0m - Loss: [93m    0.520484[0m
INFO -- Epoch: [95m555[0m - Loss: [93m    0.525530[0m
INFO -- Epoch: [95m556[0m - Loss: [93m    0.521185[0m
INFO -- Epoch: [95m557[0m - Loss: [93m    0.542359[0m
INFO -- Epoch: [95m558[0m - Loss: [93m    0.518046[0m
INFO -- Epoch: [95m559[0m - Loss: [93m    0.516068[0m
INFO -- Epoch: [95m560[0m - Loss: [93m    0.521423[0m
INFO -- Epoch: [95m561[0m - Loss: [93m    0.530739[0m
INFO -- Epoch: [95m562[0m - Loss: [93m    0.541789[0m
INFO -- Epoch: [95m563[0m - Loss: [93m    0.509241[0m
INFO -- Epoch: [95m564[0m - Loss: [93m    0.535568[0m
INFO -- Epoch: [95m565[0m - Loss: [93m    0.511751[0m
INFO -- Epoch: [95m566[0m - Loss: [93m    0.544316[0m
INFO -- Epoch: [95m567[0m - Loss: [93m    0.519926[0m
INFO -- Epoch: [95m568[0m - Loss: [93m    0.544836[0m
INFO -- Epoch: [95m569[0m - Loss: [93m    0.533781[0m
INFO -- Epoch: [95m570[0m - Loss: [93m    0.554069[0m
INFO -- Epoch: [95m571[0m - Loss: [93m    0.516462[0m
INFO -- Epoch: [95m572[0m - Loss: [93m    0.537310[0m
INFO -- Epoch: [95m573[0m - Loss: [93m    0.538209[0m
INFO -- Epoch: [95m574[0m - Loss: [93m    0.534488[0m
INFO -- Epoch: [95m575[0m - Loss: [93m    0.533082[0m
INFO -- Epoch: [95m576[0m - Loss: [93m    0.539314[0m
INFO -- Epoch: [95m577[0m - Loss: [93m    0.525658[0m
INFO -- Epoch: [95m578[0m - Loss: [93m    0.543726[0m
INFO -- Epoch: [95m579[0m - Loss: [93m    0.534730[0m
INFO -- Epoch: [95m580[0m - Loss: [93m    0.528373[0m
INFO -- Epoch: [95m581[0m - Loss: [93m    0.534622[0m
INFO -- Epoch: [95m582[0m - Loss: [93m    0.529242[0m
INFO -- Epoch: [95m583[0m - Loss: [93m    0.524308[0m
INFO -- Epoch: [95m584[0m - Loss: [93m    0.537715[0m
INFO -- Epoch: [95m585[0m - Loss: [93m    0.534520[0m
INFO -- Epoch: [95m586[0m - Loss: [93m    0.536925[0m
INFO -- Epoch: [95m587[0m - Loss: [93m    0.516411[0m
INFO -- Epoch: [95m588[0m - Loss: [93m    0.518207[0m
INFO -- Epoch: [95m589[0m - Loss: [93m    0.517064[0m
INFO -- Epoch: [95m590[0m - Loss: [93m    0.542312[0m
INFO -- Epoch: [95m591[0m - Loss: [93m    0.565315[0m
INFO -- Epoch: [95m592[0m - Loss: [93m    0.531215[0m
INFO -- Epoch: [95m593[0m - Loss: [93m    0.512211[0m
INFO -- Epoch: [95m594[0m - Loss: [93m    0.532661[0m
INFO -- Epoch: [95m595[0m - Loss: [93m    0.509583[0m
INFO -- Epoch: [95m596[0m - Loss: [93m    0.539645[0m
INFO -- Epoch: [95m597[0m - Loss: [93m    0.520403[0m
INFO -- Epoch: [95m598[0m - Loss: [93m    0.540283[0m
INFO -- Epoch: [95m599[0m - Loss: [93m    0.560318[0m
INFO -- Epoch: [95m600[0m - Loss: [93m    0.526602[0m
INFO -- Epoch: [95m601[0m - Loss: [93m    0.543360[0m
INFO -- Epoch: [95m602[0m - Loss: [93m    0.526632[0m
INFO -- Epoch: [95m603[0m - Loss: [93m    0.533378[0m
INFO -- Epoch: [95m604[0m - Loss: [93m    0.526486[0m
INFO -- Epoch: [95m605[0m - Loss: [93m    0.528731[0m
INFO -- Epoch: [95m606[0m - Loss: [93m    0.522878[0m
INFO -- Epoch: [95m607[0m - Loss: [93m    0.532018[0m
INFO -- Epoch: [95m608[0m - Loss: [93m    0.522007[0m
INFO -- Epoch: [95m609[0m - Loss: [93m    0.534961[0m
INFO -- Epoch: [95m610[0m - Loss: [93m    0.524889[0m
INFO -- Epoch: [95m611[0m - Loss: [93m    0.516931[0m
INFO -- Epoch: [95m612[0m - Loss: [93m    0.519663[0m
INFO -- Epoch: [95m613[0m - Loss: [93m    0.517297[0m
INFO -- Epoch: [95m614[0m - Loss: [93m    0.518583[0m
INFO -- Epoch: [95m615[0m - Loss: [93m    0.537704[0m
INFO -- Epoch: [95m616[0m - Loss: [93m    0.512539[0m
INFO -- Epoch: [95m617[0m - Loss: [93m    0.538872[0m
INFO -- Epoch: [95m618[0m - Loss: [93m    0.556119[0m
INFO -- Epoch: [95m619[0m - Loss: [93m    0.513468[0m
INFO -- Epoch: [95m620[0m - Loss: [93m    0.547577[0m
INFO -- Epoch: [95m621[0m - Loss: [93m    0.539311[0m
INFO -- Epoch: [95m622[0m - Loss: [93m    0.543262[0m
INFO -- Epoch: [95m623[0m - Loss: [93m    0.543676[0m
INFO -- Epoch: [95m624[0m - Loss: [93m    0.511657[0m
INFO -- Epoch: [95m625[0m - Loss: [93m    0.528663[0m
INFO -- Epoch: [95m626[0m - Loss: [93m    0.518907[0m
INFO -- Epoch: [95m627[0m - Loss: [93m    0.520012[0m
INFO -- Epoch: [95m628[0m - Loss: [93m    0.536311[0m
INFO -- Epoch: [95m629[0m - Loss: [93m    0.537750[0m
INFO -- Epoch: [95m630[0m - Loss: [93m    0.521512[0m
INFO -- Epoch: [95m631[0m - Loss: [93m    0.531208[0m
INFO -- Epoch: [95m632[0m - Loss: [93m    0.523498[0m
INFO -- Epoch: [95m633[0m - Loss: [93m    0.536567[0m
INFO -- Epoch: [95m634[0m - Loss: [93m    0.537481[0m
INFO -- Epoch: [95m635[0m - Loss: [93m    0.520275[0m
INFO -- Epoch: [95m636[0m - Loss: [93m    0.539987[0m
INFO -- Epoch: [95m637[0m - Loss: [93m    0.519485[0m
INFO -- Epoch: [95m638[0m - Loss: [93m    0.526356[0m
INFO -- Epoch: [95m639[0m - Loss: [93m    0.514389[0m
INFO -- Epoch: [95m640[0m - Loss: [93m    0.530391[0m
INFO -- Epoch: [95m641[0m - Loss: [93m    0.516768[0m
INFO -- Epoch: [95m642[0m - Loss: [93m    0.530901[0m
INFO -- Epoch: [95m643[0m - Loss: [93m    0.541541[0m
INFO -- Epoch: [95m644[0m - Loss: [93m    0.509825[0m
INFO -- Epoch: [95m645[0m - Loss: [93m    0.510079[0m
INFO -- Epoch: [95m646[0m - Loss: [93m    0.513092[0m
INFO -- Epoch: [95m647[0m - Loss: [93m    0.505116[0m
INFO -- Epoch: [95m648[0m - Loss: [93m    0.559187[0m
INFO -- Epoch: [95m649[0m - Loss: [93m    0.546886[0m
INFO -- Epoch: [95m650[0m - Loss: [93m    0.531928[0m
INFO -- Epoch: [95m651[0m - Loss: [93m    0.536612[0m
INFO -- Epoch: [95m652[0m - Loss: [93m    0.507693[0m
INFO -- Epoch: [95m653[0m - Loss: [93m    0.511586[0m
INFO -- Epoch: [95m654[0m - Loss: [93m    0.517780[0m
INFO -- Epoch: [95m655[0m - Loss: [93m    0.513240[0m
INFO -- Epoch: [95m656[0m - Loss: [93m    0.514065[0m
INFO -- Epoch: [95m657[0m - Loss: [93m    0.542611[0m
INFO -- Epoch: [95m658[0m - Loss: [93m    0.519531[0m
INFO -- Epoch: [95m659[0m - Loss: [93m    0.523040[0m
INFO -- Epoch: [95m660[0m - Loss: [93m    0.530844[0m
INFO -- Epoch: [95m661[0m - Loss: [93m    0.567876[0m
INFO -- Epoch: [95m662[0m - Loss: [93m    0.523067[0m
INFO -- Epoch: [95m663[0m - Loss: [93m    0.539820[0m
INFO -- Epoch: [95m664[0m - Loss: [93m    0.538486[0m
INFO -- Epoch: [95m665[0m - Loss: [93m    0.517445[0m
INFO -- Epoch: [95m666[0m - Loss: [93m    0.549008[0m
INFO -- Epoch: [95m667[0m - Loss: [93m    0.536514[0m
INFO -- Epoch: [95m668[0m - Loss: [93m    0.524815[0m
INFO -- Epoch: [95m669[0m - Loss: [93m    0.526040[0m
INFO -- Epoch: [95m670[0m - Loss: [93m    0.535327[0m
INFO -- Epoch: [95m671[0m - Loss: [93m    0.536811[0m
INFO -- Epoch: [95m672[0m - Loss: [93m    0.528912[0m
INFO -- Epoch: [95m673[0m - Loss: [93m    0.537734[0m
INFO -- Epoch: [95m674[0m - Loss: [93m    0.527036[0m
INFO -- Epoch: [95m675[0m - Loss: [93m    0.521842[0m
INFO -- Epoch: [95m676[0m - Loss: [93m    0.524195[0m
INFO -- Epoch: [95m677[0m - Loss: [93m    0.521224[0m
INFO -- Epoch: [95m678[0m - Loss: [93m    0.521889[0m
INFO -- Epoch: [95m679[0m - Loss: [93m    0.539922[0m
INFO -- Epoch: [95m680[0m - Loss: [93m    0.541494[0m
INFO -- Epoch: [95m681[0m - Loss: [93m    0.551874[0m
INFO -- Epoch: [95m682[0m - Loss: [93m    0.520005[0m
INFO -- Epoch: [95m683[0m - Loss: [93m    0.520508[0m
INFO -- Epoch: [95m684[0m - Loss: [93m    0.510476[0m
INFO -- Epoch: [95m685[0m - Loss: [93m    0.542525[0m
INFO -- Epoch: [95m686[0m - Loss: [93m    0.518702[0m
INFO -- Epoch: [95m687[0m - Loss: [93m    0.518475[0m
INFO -- Epoch: [95m688[0m - Loss: [93m    0.520173[0m
INFO -- Epoch: [95m689[0m - Loss: [93m    0.536428[0m
INFO -- Epoch: [95m690[0m - Loss: [93m    0.537005[0m
INFO -- Epoch: [95m691[0m - Loss: [93m    0.510239[0m
INFO -- Epoch: [95m692[0m - Loss: [93m    0.533070[0m
INFO -- Epoch: [95m693[0m - Loss: [93m    0.562830[0m
INFO -- Epoch: [95m694[0m - Loss: [93m    0.520674[0m
INFO -- Epoch: [95m695[0m - Loss: [93m    0.511583[0m
INFO -- Training interrupted by user at epoch [91m696[0m
INFO -- Creating plots and saving to files. Dimensions: 1
