INFO -- Device: cuda
INFO -- One dimentional problem
INFO -- 
INFO -- ================================================================================
INFO -- Learning parameters
INFO -- Length:                                           [92m1.0[0m
INFO -- Total time:                                       [92m1.0[0m
INFO -- Number of points in x:                            [92m150[0m
INFO -- Number of points in t:                            [92m150[0m
INFO -- Number of points in initial condition:            [92m300[0m
INFO -- Weight for interior loss:                         [92m0.5[0m
INFO -- Weight for initial condition loss:                [92m150.0[0m
INFO -- Weight for boundary loss:                         [92m1.0[0m
INFO -- Layers:                                           [92m4[0m
INFO -- Neurons per layer:                                [92m20[0m
INFO -- Epochs:                                           [92m50[0m
INFO -- Learning rate:                                    [92m0.1[0m
INFO -- ================================================================================
INFO -- 
INFO -- Creating PINN with [92m4[0m layers and [92m20[0m neurons per layer
INFO -- Computing initial condition loss
INFO -- Training PINN for [93m50[0m epochs using [93mloss_fn_weak_and_strong[0m loss function
INFO -- Epoch: [95m1[0m - Loss: [93m    0.897234[0m
INFO -- Epoch: [95m2[0m - Loss: [93m    4.725783[0m
INFO -- Epoch: [95m3[0m - Loss: [93m    3.525012[0m
INFO -- Epoch: [95m4[0m - Loss: [93m    1.492800[0m
INFO -- Epoch: [95m5[0m - Loss: [93m    2.151164[0m
INFO -- Epoch: [95m6[0m - Loss: [93m    0.543204[0m
INFO -- Epoch: [95m7[0m - Loss: [93m    2.131085[0m
INFO -- Epoch: [95m8[0m - Loss: [93m    0.695948[0m
INFO -- Epoch: [95m9[0m - Loss: [93m    0.667759[0m
INFO -- Epoch: [95m10[0m - Loss: [93m    0.841322[0m
INFO -- Epoch: [95m11[0m - Loss: [93m    0.635214[0m
INFO -- Epoch: [95m12[0m - Loss: [93m    0.571579[0m
INFO -- Epoch: [95m13[0m - Loss: [93m    0.704985[0m
INFO -- Epoch: [95m14[0m - Loss: [93m    0.711227[0m
INFO -- Epoch: [95m15[0m - Loss: [93m    0.589279[0m
INFO -- Epoch: [95m16[0m - Loss: [93m    0.577179[0m
INFO -- Epoch: [95m17[0m - Loss: [93m    0.660460[0m
INFO -- Epoch: [95m18[0m - Loss: [93m    0.649345[0m
INFO -- Epoch: [95m19[0m - Loss: [93m    0.569238[0m
INFO -- Epoch: [95m20[0m - Loss: [93m    0.570575[0m
INFO -- Epoch: [95m21[0m - Loss: [93m    0.626259[0m
INFO -- Epoch: [95m22[0m - Loss: [93m    0.612042[0m
INFO -- Epoch: [95m23[0m - Loss: [93m    0.560325[0m
INFO -- Epoch: [95m24[0m - Loss: [93m    0.571077[0m
INFO -- Epoch: [95m25[0m - Loss: [93m    0.606796[0m
INFO -- Epoch: [95m26[0m - Loss: [93m    0.587577[0m
INFO -- Epoch: [95m27[0m - Loss: [93m    0.555992[0m
INFO -- Epoch: [95m28[0m - Loss: [93m    0.572801[0m
INFO -- Epoch: [95m29[0m - Loss: [93m    0.591582[0m
INFO -- Epoch: [95m30[0m - Loss: [93m    0.569833[0m
INFO -- Epoch: [95m31[0m - Loss: [93m    0.555875[0m
INFO -- Epoch: [95m32[0m - Loss: [93m    0.574261[0m
INFO -- Epoch: [95m33[0m - Loss: [93m    0.577927[0m
INFO -- Epoch: [95m34[0m - Loss: [93m    0.558981[0m
INFO -- Epoch: [95m35[0m - Loss: [93m    0.559374[0m
INFO -- Epoch: [95m36[0m - Loss: [93m    0.572701[0m
INFO -- Epoch: [95m37[0m - Loss: [93m    0.565690[0m
INFO -- Epoch: [95m38[0m - Loss: [93m    0.555380[0m
INFO -- Epoch: [95m39[0m - Loss: [93m    0.563457[0m
INFO -- Epoch: [95m40[0m - Loss: [93m    0.567128[0m
INFO -- Epoch: [95m41[0m - Loss: [93m    0.557463[0m
INFO -- Epoch: [95m42[0m - Loss: [93m    0.557420[0m
INFO -- Epoch: [95m43[0m - Loss: [93m    0.564224[0m
INFO -- Epoch: [95m44[0m - Loss: [93m    0.559899[0m
INFO -- Epoch: [95m45[0m - Loss: [93m    0.555445[0m
INFO -- Epoch: [95m46[0m - Loss: [93m    0.560401[0m
INFO -- Epoch: [95m47[0m - Loss: [93m    0.560584[0m
INFO -- Epoch: [95m48[0m - Loss: [93m    0.555639[0m
INFO -- Epoch: [95m49[0m - Loss: [93m    0.557614[0m
INFO -- Epoch: [95m50[0m - Loss: [93m    0.559890[0m
INFO -- Creating plots and saving to files. Dimensions: 1
