INFO -- Device: cuda
INFO -- 
INFO -- ================================================================================
INFO -- Learning parameters
INFO -- Length:                                           [92m1.0[0m
INFO -- Total time:                                       [92m1.0[0m
INFO -- Number of points in x:                            [92m150[0m
INFO -- Number of points in initial condition:            [92m300[0m
INFO -- Weight for interior loss:                         [92m0.5[0m
INFO -- Weight for initial condition loss:                [92m150.0[0m
INFO -- Weight for boundary loss:                         [92m1.0[0m
INFO -- Layers:                                           [92m8[0m
INFO -- Neurons per layer:                                [92m60[0m
INFO -- Epochs:                                           [92m50000[0m
INFO -- Learning rate:                                    [92m0.0025[0m
INFO -- ================================================================================
INFO -- 
INFO -- Creating PINN with [92m8[0m layers and [92m60[0m neurons per layer
INFO -- Computing initial condition loss
INFO -- Training PINN for [93m50000[0m epochs using [93mloss_fn_strong[0m loss function
INFO -- Epoch: [95m1[0m - Loss: [93m    1.372691[0m
INFO -- Epoch: [95m2[0m - Loss: [93m    1.090193[0m
INFO -- Epoch: [95m3[0m - Loss: [93m    0.841859[0m
INFO -- Epoch: [95m4[0m - Loss: [93m    0.627878[0m
INFO -- Epoch: [95m5[0m - Loss: [93m    0.574178[0m
INFO -- Epoch: [95m6[0m - Loss: [93m    0.701059[0m
INFO -- Epoch: [95m7[0m - Loss: [93m    0.650917[0m
INFO -- Epoch: [95m8[0m - Loss: [93m    0.567169[0m
INFO -- Epoch: [95m9[0m - Loss: [93m    0.557742[0m
INFO -- Epoch: [95m10[0m - Loss: [93m    0.584705[0m
INFO -- Epoch: [95m11[0m - Loss: [93m    0.600639[0m
INFO -- Epoch: [95m12[0m - Loss: [93m    0.596398[0m
INFO -- Epoch: [95m13[0m - Loss: [93m    0.580762[0m
INFO -- Epoch: [95m14[0m - Loss: [93m    0.565052[0m
INFO -- Epoch: [95m15[0m - Loss: [93m    0.556621[0m
INFO -- Epoch: [95m16[0m - Loss: [93m    0.557573[0m
INFO -- Epoch: [95m17[0m - Loss: [93m    0.563736[0m
INFO -- Epoch: [95m18[0m - Loss: [93m    0.567828[0m
INFO -- Epoch: [95m19[0m - Loss: [93m    0.565697[0m
INFO -- Epoch: [95m20[0m - Loss: [93m    0.561838[0m
INFO -- Epoch: [95m21[0m - Loss: [93m    0.554282[0m
INFO -- Epoch: [95m22[0m - Loss: [93m    0.554269[0m
INFO -- Epoch: [95m23[0m - Loss: [93m    0.555318[0m
INFO -- Epoch: [95m24[0m - Loss: [93m    0.557988[0m
INFO -- Epoch: [95m25[0m - Loss: [93m    0.559561[0m
INFO -- Epoch: [95m26[0m - Loss: [93m    0.559413[0m
INFO -- Epoch: [95m27[0m - Loss: [93m    0.557348[0m
INFO -- Epoch: [95m28[0m - Loss: [93m    0.554895[0m
INFO -- Epoch: [95m29[0m - Loss: [93m    0.553233[0m
INFO -- Epoch: [95m30[0m - Loss: [93m    0.553749[0m
INFO -- Epoch: [95m31[0m - Loss: [93m    0.554172[0m
INFO -- Epoch: [95m32[0m - Loss: [93m    0.554681[0m
INFO -- Epoch: [95m33[0m - Loss: [93m    0.557215[0m
INFO -- Epoch: [95m34[0m - Loss: [93m    0.555875[0m
INFO -- Epoch: [95m35[0m - Loss: [93m    0.553886[0m
INFO -- Epoch: [95m36[0m - Loss: [93m    0.553184[0m
INFO -- Epoch: [95m37[0m - Loss: [93m    0.552645[0m
INFO -- Epoch: [95m38[0m - Loss: [93m    0.553419[0m
INFO -- Epoch: [95m39[0m - Loss: [93m    0.553847[0m
INFO -- Epoch: [95m40[0m - Loss: [93m    0.554151[0m
INFO -- Epoch: [95m41[0m - Loss: [93m    0.553731[0m
INFO -- Epoch: [95m42[0m - Loss: [93m    0.553626[0m
INFO -- Epoch: [95m43[0m - Loss: [93m    0.553386[0m
INFO -- Epoch: [95m44[0m - Loss: [93m    0.553029[0m
INFO -- Epoch: [95m45[0m - Loss: [93m    0.552790[0m
INFO -- Epoch: [95m46[0m - Loss: [93m    0.552691[0m
INFO -- Epoch: [95m47[0m - Loss: [93m    0.553488[0m
INFO -- Epoch: [95m48[0m - Loss: [93m    0.553420[0m
INFO -- Epoch: [95m49[0m - Loss: [93m    0.553743[0m
INFO -- Epoch: [95m50[0m - Loss: [93m    0.552938[0m
INFO -- Epoch: [95m51[0m - Loss: [93m    0.552734[0m
INFO -- Epoch: [95m52[0m - Loss: [93m    0.552702[0m
INFO -- Epoch: [95m53[0m - Loss: [93m    0.552809[0m
INFO -- Epoch: [95m54[0m - Loss: [93m    0.552365[0m
INFO -- Epoch: [95m55[0m - Loss: [93m    0.553632[0m
INFO -- Epoch: [95m56[0m - Loss: [93m    0.554200[0m
INFO -- Epoch: [95m57[0m - Loss: [93m    0.553399[0m
INFO -- Epoch: [95m58[0m - Loss: [93m    0.552587[0m
INFO -- Epoch: [95m59[0m - Loss: [93m    0.553001[0m
INFO -- Epoch: [95m60[0m - Loss: [93m    0.553337[0m
INFO -- Epoch: [95m61[0m - Loss: [93m    0.552869[0m
INFO -- Epoch: [95m62[0m - Loss: [93m    0.553386[0m
INFO -- Epoch: [95m63[0m - Loss: [93m    0.553223[0m
INFO -- Epoch: [95m64[0m - Loss: [93m    0.552907[0m
INFO -- Epoch: [95m65[0m - Loss: [93m    0.553139[0m
INFO -- Epoch: [95m66[0m - Loss: [93m    0.553140[0m
INFO -- Epoch: [95m67[0m - Loss: [93m    0.552858[0m
INFO -- Epoch: [95m68[0m - Loss: [93m    0.554003[0m
INFO -- Epoch: [95m69[0m - Loss: [93m    0.552990[0m
INFO -- Epoch: [95m70[0m - Loss: [93m    0.553263[0m
INFO -- Epoch: [95m71[0m - Loss: [93m    0.553142[0m
INFO -- Epoch: [95m72[0m - Loss: [93m    0.552877[0m
INFO -- Epoch: [95m73[0m - Loss: [93m    0.553671[0m
INFO -- Epoch: [95m74[0m - Loss: [93m    0.553765[0m
INFO -- Epoch: [95m75[0m - Loss: [93m    0.553069[0m
INFO -- Epoch: [95m76[0m - Loss: [93m    0.552959[0m
INFO -- Epoch: [95m77[0m - Loss: [93m    0.553059[0m
INFO -- Epoch: [95m78[0m - Loss: [93m    0.552742[0m
INFO -- Epoch: [95m79[0m - Loss: [93m    0.552489[0m
INFO -- Epoch: [95m80[0m - Loss: [93m    0.553078[0m
INFO -- Epoch: [95m81[0m - Loss: [93m    0.552453[0m
INFO -- Epoch: [95m82[0m - Loss: [93m    0.553603[0m
INFO -- Epoch: [95m83[0m - Loss: [93m    0.553124[0m
INFO -- Epoch: [95m84[0m - Loss: [93m    0.553472[0m
INFO -- Epoch: [95m85[0m - Loss: [93m    0.554353[0m
INFO -- Epoch: [95m86[0m - Loss: [93m    0.552977[0m
INFO -- Epoch: [95m87[0m - Loss: [93m    0.553287[0m
INFO -- Epoch: [95m88[0m - Loss: [93m    0.553544[0m
INFO -- Epoch: [95m89[0m - Loss: [93m    0.553108[0m
INFO -- Epoch: [95m90[0m - Loss: [93m    0.553171[0m
INFO -- Epoch: [95m91[0m - Loss: [93m    0.552847[0m
INFO -- Epoch: [95m92[0m - Loss: [93m    0.553253[0m
INFO -- Epoch: [95m93[0m - Loss: [93m    0.553289[0m
INFO -- Epoch: [95m94[0m - Loss: [93m    0.552734[0m
INFO -- Epoch: [95m95[0m - Loss: [93m    0.552869[0m
INFO -- Epoch: [95m96[0m - Loss: [93m    0.553070[0m
INFO -- Epoch: [95m97[0m - Loss: [93m    0.553738[0m
INFO -- Epoch: [95m98[0m - Loss: [93m    0.554639[0m
INFO -- Epoch: [95m99[0m - Loss: [93m    0.553624[0m
INFO -- Epoch: [95m100[0m - Loss: [93m    0.552869[0m
INFO -- Epoch: [95m101[0m - Loss: [93m    0.553614[0m
INFO -- Epoch: [95m102[0m - Loss: [93m    0.552696[0m
INFO -- Epoch: [95m103[0m - Loss: [93m    0.553189[0m
INFO -- Epoch: [95m104[0m - Loss: [93m    0.553293[0m
INFO -- Epoch: [95m105[0m - Loss: [93m    0.553126[0m
INFO -- Epoch: [95m106[0m - Loss: [93m    0.552898[0m
INFO -- Epoch: [95m107[0m - Loss: [93m    0.553166[0m
INFO -- Epoch: [95m108[0m - Loss: [93m    0.553047[0m
INFO -- Epoch: [95m109[0m - Loss: [93m    0.552828[0m
INFO -- Epoch: [95m110[0m - Loss: [93m    0.552680[0m
INFO -- Epoch: [95m111[0m - Loss: [93m    0.553136[0m
INFO -- Epoch: [95m112[0m - Loss: [93m    0.553329[0m
INFO -- Epoch: [95m113[0m - Loss: [93m    0.553623[0m
INFO -- Epoch: [95m114[0m - Loss: [93m    0.552775[0m
INFO -- Epoch: [95m115[0m - Loss: [93m    0.552564[0m
INFO -- Epoch: [95m116[0m - Loss: [93m    0.552301[0m
INFO -- Epoch: [95m117[0m - Loss: [93m    0.552920[0m
INFO -- Epoch: [95m118[0m - Loss: [93m    0.553377[0m
INFO -- Epoch: [95m119[0m - Loss: [93m    0.552966[0m
INFO -- Epoch: [95m120[0m - Loss: [93m    0.553058[0m
INFO -- Epoch: [95m121[0m - Loss: [93m    0.553178[0m
INFO -- Epoch: [95m122[0m - Loss: [93m    0.552230[0m
INFO -- Epoch: [95m123[0m - Loss: [93m    0.553141[0m
INFO -- Epoch: [95m124[0m - Loss: [93m    0.552679[0m
INFO -- Epoch: [95m125[0m - Loss: [93m    0.553946[0m
INFO -- Epoch: [95m126[0m - Loss: [93m    0.553108[0m
INFO -- Epoch: [95m127[0m - Loss: [93m    0.553407[0m
INFO -- Epoch: [95m128[0m - Loss: [93m    0.552872[0m
INFO -- Epoch: [95m129[0m - Loss: [93m    0.553302[0m
INFO -- Epoch: [95m130[0m - Loss: [93m    0.552942[0m
INFO -- Epoch: [95m131[0m - Loss: [93m    0.553761[0m
INFO -- Epoch: [95m132[0m - Loss: [93m    0.553069[0m
INFO -- Epoch: [95m133[0m - Loss: [93m    0.553336[0m
INFO -- Epoch: [95m134[0m - Loss: [93m    0.553236[0m
INFO -- Epoch: [95m135[0m - Loss: [93m    0.552891[0m
INFO -- Epoch: [95m136[0m - Loss: [93m    0.552972[0m
INFO -- Epoch: [95m137[0m - Loss: [93m    0.552360[0m
INFO -- Epoch: [95m138[0m - Loss: [93m    0.552825[0m
INFO -- Epoch: [95m139[0m - Loss: [93m    0.552315[0m
INFO -- Epoch: [95m140[0m - Loss: [93m    0.552114[0m
INFO -- Epoch: [95m141[0m - Loss: [93m    0.552784[0m
INFO -- Epoch: [95m142[0m - Loss: [93m    0.552967[0m
INFO -- Epoch: [95m143[0m - Loss: [93m    0.552815[0m
INFO -- Epoch: [95m144[0m - Loss: [93m    0.553332[0m
INFO -- Epoch: [95m145[0m - Loss: [93m    0.552741[0m
INFO -- Epoch: [95m146[0m - Loss: [93m    0.553224[0m
INFO -- Epoch: [95m147[0m - Loss: [93m    0.552970[0m
INFO -- Epoch: [95m148[0m - Loss: [93m    0.552630[0m
INFO -- Epoch: [95m149[0m - Loss: [93m    0.552507[0m
INFO -- Epoch: [95m150[0m - Loss: [93m    0.552749[0m
INFO -- Epoch: [95m151[0m - Loss: [93m    0.553315[0m
INFO -- Epoch: [95m152[0m - Loss: [93m    0.553508[0m
INFO -- Epoch: [95m153[0m - Loss: [93m    0.552944[0m
INFO -- Epoch: [95m154[0m - Loss: [93m    0.553001[0m
INFO -- Epoch: [95m155[0m - Loss: [93m    0.552265[0m
INFO -- Epoch: [95m156[0m - Loss: [93m    0.553555[0m
INFO -- Epoch: [95m157[0m - Loss: [93m    0.552992[0m
INFO -- Epoch: [95m158[0m - Loss: [93m    0.552906[0m
INFO -- Epoch: [95m159[0m - Loss: [93m    0.552668[0m
INFO -- Epoch: [95m160[0m - Loss: [93m    0.552912[0m
INFO -- Epoch: [95m161[0m - Loss: [93m    0.553200[0m
INFO -- Epoch: [95m162[0m - Loss: [93m    0.552595[0m
INFO -- Epoch: [95m163[0m - Loss: [93m    0.553562[0m
INFO -- Epoch: [95m164[0m - Loss: [93m    0.552889[0m
INFO -- Epoch: [95m165[0m - Loss: [93m    0.552829[0m
INFO -- Epoch: [95m166[0m - Loss: [93m    0.552552[0m
INFO -- Epoch: [95m167[0m - Loss: [93m    0.553600[0m
INFO -- Epoch: [95m168[0m - Loss: [93m    0.552454[0m
INFO -- Epoch: [95m169[0m - Loss: [93m    0.552706[0m
INFO -- Epoch: [95m170[0m - Loss: [93m    0.552851[0m
INFO -- Epoch: [95m171[0m - Loss: [93m    0.553123[0m
INFO -- Epoch: [95m172[0m - Loss: [93m    0.552634[0m
INFO -- Epoch: [95m173[0m - Loss: [93m    0.552827[0m
INFO -- Epoch: [95m174[0m - Loss: [93m    0.553485[0m
INFO -- Epoch: [95m175[0m - Loss: [93m    0.552382[0m
INFO -- Epoch: [95m176[0m - Loss: [93m    0.553081[0m
INFO -- Epoch: [95m177[0m - Loss: [93m    0.551998[0m
INFO -- Epoch: [95m178[0m - Loss: [93m    0.552843[0m
INFO -- Epoch: [95m179[0m - Loss: [93m    0.553751[0m
INFO -- Epoch: [95m180[0m - Loss: [93m    0.554092[0m
INFO -- Epoch: [95m181[0m - Loss: [93m    0.553255[0m
INFO -- Epoch: [95m182[0m - Loss: [93m    0.553355[0m
INFO -- Epoch: [95m183[0m - Loss: [93m    0.553225[0m
INFO -- Epoch: [95m184[0m - Loss: [93m    0.553085[0m
INFO -- Epoch: [95m185[0m - Loss: [93m    0.553281[0m
INFO -- Epoch: [95m186[0m - Loss: [93m    0.553276[0m
INFO -- Epoch: [95m187[0m - Loss: [93m    0.552981[0m
INFO -- Epoch: [95m188[0m - Loss: [93m    0.552953[0m
INFO -- Epoch: [95m189[0m - Loss: [93m    0.552914[0m
INFO -- Epoch: [95m190[0m - Loss: [93m    0.553327[0m
INFO -- Epoch: [95m191[0m - Loss: [93m    0.552859[0m
INFO -- Epoch: [95m192[0m - Loss: [93m    0.553150[0m
INFO -- Epoch: [95m193[0m - Loss: [93m    0.551783[0m
INFO -- Epoch: [95m194[0m - Loss: [93m    0.552575[0m
INFO -- Epoch: [95m195[0m - Loss: [93m    0.554005[0m
INFO -- Epoch: [95m196[0m - Loss: [93m    0.551630[0m
INFO -- Epoch: [95m197[0m - Loss: [93m    0.552766[0m
INFO -- Epoch: [95m198[0m - Loss: [93m    0.553836[0m
INFO -- Epoch: [95m199[0m - Loss: [93m    0.553079[0m
INFO -- Epoch: [95m200[0m - Loss: [93m    0.553411[0m
INFO -- Epoch: [95m201[0m - Loss: [93m    0.552865[0m
INFO -- Epoch: [95m202[0m - Loss: [93m    0.552736[0m
INFO -- Epoch: [95m203[0m - Loss: [93m    0.553066[0m
INFO -- Epoch: [95m204[0m - Loss: [93m    0.552868[0m
INFO -- Epoch: [95m205[0m - Loss: [93m    0.553460[0m
INFO -- Epoch: [95m206[0m - Loss: [93m    0.553131[0m
INFO -- Epoch: [95m207[0m - Loss: [93m    0.553304[0m
INFO -- Epoch: [95m208[0m - Loss: [93m    0.553172[0m
INFO -- Epoch: [95m209[0m - Loss: [93m    0.552907[0m
INFO -- Epoch: [95m210[0m - Loss: [93m    0.553369[0m
INFO -- Epoch: [95m211[0m - Loss: [93m    0.552506[0m
INFO -- Epoch: [95m212[0m - Loss: [93m    0.553385[0m
INFO -- Epoch: [95m213[0m - Loss: [93m    0.553933[0m
INFO -- Epoch: [95m214[0m - Loss: [93m    0.553317[0m
INFO -- Epoch: [95m215[0m - Loss: [93m    0.552787[0m
INFO -- Epoch: [95m216[0m - Loss: [93m    0.552725[0m
INFO -- Epoch: [95m217[0m - Loss: [93m    0.552874[0m
INFO -- Epoch: [95m218[0m - Loss: [93m    0.553634[0m
INFO -- Epoch: [95m219[0m - Loss: [93m    0.552867[0m
INFO -- Epoch: [95m220[0m - Loss: [93m    0.552947[0m
INFO -- Epoch: [95m221[0m - Loss: [93m    0.553410[0m
INFO -- Epoch: [95m222[0m - Loss: [93m    0.553689[0m
INFO -- Epoch: [95m223[0m - Loss: [93m    0.552927[0m
INFO -- Epoch: [95m224[0m - Loss: [93m    0.552582[0m
INFO -- Epoch: [95m225[0m - Loss: [93m    0.553489[0m
INFO -- Epoch: [95m226[0m - Loss: [93m    0.552782[0m
INFO -- Epoch: [95m227[0m - Loss: [93m    0.552655[0m
INFO -- Epoch: [95m228[0m - Loss: [93m    0.553344[0m
INFO -- Epoch: [95m229[0m - Loss: [93m    0.552944[0m
INFO -- Epoch: [95m230[0m - Loss: [93m    0.552541[0m
INFO -- Epoch: [95m231[0m - Loss: [93m    0.552633[0m
INFO -- Epoch: [95m232[0m - Loss: [93m    0.552935[0m
INFO -- Epoch: [95m233[0m - Loss: [93m    0.553080[0m
INFO -- Epoch: [95m234[0m - Loss: [93m    0.552700[0m
INFO -- Epoch: [95m235[0m - Loss: [93m    0.552700[0m
INFO -- Epoch: [95m236[0m - Loss: [93m    0.552532[0m
INFO -- Epoch: [95m237[0m - Loss: [93m    0.552645[0m
INFO -- Epoch: [95m238[0m - Loss: [93m    0.554221[0m
INFO -- Epoch: [95m239[0m - Loss: [93m    0.553030[0m
INFO -- Epoch: [95m240[0m - Loss: [93m    0.553250[0m
INFO -- Epoch: [95m241[0m - Loss: [93m    0.552488[0m
INFO -- Epoch: [95m242[0m - Loss: [93m    0.553679[0m
INFO -- Epoch: [95m243[0m - Loss: [93m    0.553003[0m
INFO -- Epoch: [95m244[0m - Loss: [93m    0.553140[0m
INFO -- Epoch: [95m245[0m - Loss: [93m    0.553075[0m
INFO -- Epoch: [95m246[0m - Loss: [93m    0.553577[0m
INFO -- Epoch: [95m247[0m - Loss: [93m    0.553001[0m
INFO -- Epoch: [95m248[0m - Loss: [93m    0.553519[0m
INFO -- Epoch: [95m249[0m - Loss: [93m    0.553188[0m
INFO -- Epoch: [95m250[0m - Loss: [93m    0.553273[0m
INFO -- Epoch: [95m251[0m - Loss: [93m    0.552543[0m
INFO -- Epoch: [95m252[0m - Loss: [93m    0.552650[0m
INFO -- Epoch: [95m253[0m - Loss: [93m    0.553070[0m
INFO -- Epoch: [95m254[0m - Loss: [93m    0.553092[0m
INFO -- Epoch: [95m255[0m - Loss: [93m    0.553021[0m
INFO -- Epoch: [95m256[0m - Loss: [93m    0.552782[0m
INFO -- Epoch: [95m257[0m - Loss: [93m    0.553312[0m
INFO -- Epoch: [95m258[0m - Loss: [93m    0.553249[0m
INFO -- Epoch: [95m259[0m - Loss: [93m    0.553416[0m
INFO -- Epoch: [95m260[0m - Loss: [93m    0.553640[0m
INFO -- Epoch: [95m261[0m - Loss: [93m    0.552906[0m
INFO -- Epoch: [95m262[0m - Loss: [93m    0.553142[0m
INFO -- Epoch: [95m263[0m - Loss: [93m    0.552845[0m
INFO -- Epoch: [95m264[0m - Loss: [93m    0.553045[0m
INFO -- Epoch: [95m265[0m - Loss: [93m    0.552895[0m
INFO -- Epoch: [95m266[0m - Loss: [93m    0.552749[0m
INFO -- Epoch: [95m267[0m - Loss: [93m    0.553047[0m
INFO -- Epoch: [95m268[0m - Loss: [93m    0.552440[0m
INFO -- Epoch: [95m269[0m - Loss: [93m    0.552488[0m
INFO -- Epoch: [95m270[0m - Loss: [93m    0.553480[0m
INFO -- Epoch: [95m271[0m - Loss: [93m    0.553402[0m
INFO -- Epoch: [95m272[0m - Loss: [93m    0.552273[0m
INFO -- Epoch: [95m273[0m - Loss: [93m    0.554273[0m
INFO -- Epoch: [95m274[0m - Loss: [93m    0.553273[0m
INFO -- Epoch: [95m275[0m - Loss: [93m    0.552529[0m
INFO -- Epoch: [95m276[0m - Loss: [93m    0.553159[0m
INFO -- Epoch: [95m277[0m - Loss: [93m    0.552812[0m
INFO -- Epoch: [95m278[0m - Loss: [93m    0.552658[0m
INFO -- Epoch: [95m279[0m - Loss: [93m    0.552822[0m
INFO -- Epoch: [95m280[0m - Loss: [93m    0.553269[0m
INFO -- Epoch: [95m281[0m - Loss: [93m    0.553417[0m
INFO -- Epoch: [95m282[0m - Loss: [93m    0.552814[0m
INFO -- Epoch: [95m283[0m - Loss: [93m    0.553188[0m
INFO -- Epoch: [95m284[0m - Loss: [93m    0.552456[0m
INFO -- Epoch: [95m285[0m - Loss: [93m    0.553318[0m
INFO -- Epoch: [95m286[0m - Loss: [93m    0.553333[0m
INFO -- Epoch: [95m287[0m - Loss: [93m    0.552935[0m
INFO -- Epoch: [95m288[0m - Loss: [93m    0.554051[0m
INFO -- Epoch: [95m289[0m - Loss: [93m    0.553320[0m
INFO -- Epoch: [95m290[0m - Loss: [93m    0.553049[0m
INFO -- Epoch: [95m291[0m - Loss: [93m    0.552766[0m
INFO -- Epoch: [95m292[0m - Loss: [93m    0.553025[0m
INFO -- Epoch: [95m293[0m - Loss: [93m    0.553085[0m
INFO -- Epoch: [95m294[0m - Loss: [93m    0.552900[0m
INFO -- Epoch: [95m295[0m - Loss: [93m    0.553113[0m
INFO -- Epoch: [95m296[0m - Loss: [93m    0.552852[0m
INFO -- Epoch: [95m297[0m - Loss: [93m    0.553313[0m
INFO -- Epoch: [95m298[0m - Loss: [93m    0.552835[0m
INFO -- Epoch: [95m299[0m - Loss: [93m    0.553714[0m
INFO -- Epoch: [95m300[0m - Loss: [93m    0.552211[0m
INFO -- Epoch: [95m301[0m - Loss: [93m    0.552280[0m
INFO -- Epoch: [95m302[0m - Loss: [93m    0.552983[0m
INFO -- Epoch: [95m303[0m - Loss: [93m    0.552428[0m
INFO -- Epoch: [95m304[0m - Loss: [93m    0.553314[0m
INFO -- Epoch: [95m305[0m - Loss: [93m    0.553869[0m
INFO -- Epoch: [95m306[0m - Loss: [93m    0.553567[0m
INFO -- Epoch: [95m307[0m - Loss: [93m    0.552412[0m
INFO -- Epoch: [95m308[0m - Loss: [93m    0.552665[0m
INFO -- Epoch: [95m309[0m - Loss: [93m    0.553165[0m
INFO -- Epoch: [95m310[0m - Loss: [93m    0.552720[0m
INFO -- Epoch: [95m311[0m - Loss: [93m    0.553043[0m
INFO -- Epoch: [95m312[0m - Loss: [93m    0.553194[0m
INFO -- Epoch: [95m313[0m - Loss: [93m    0.552977[0m
INFO -- Epoch: [95m314[0m - Loss: [93m    0.552924[0m
INFO -- Epoch: [95m315[0m - Loss: [93m    0.552759[0m
INFO -- Epoch: [95m316[0m - Loss: [93m    0.553050[0m
INFO -- Epoch: [95m317[0m - Loss: [93m    0.553571[0m
INFO -- Epoch: [95m318[0m - Loss: [93m    0.552566[0m
INFO -- Epoch: [95m319[0m - Loss: [93m    0.552592[0m
INFO -- Epoch: [95m320[0m - Loss: [93m    0.553321[0m
INFO -- Epoch: [95m321[0m - Loss: [93m    0.552559[0m
INFO -- Epoch: [95m322[0m - Loss: [93m    0.553105[0m
INFO -- Epoch: [95m323[0m - Loss: [93m    0.553529[0m
INFO -- Epoch: [95m324[0m - Loss: [93m    0.553503[0m
INFO -- Epoch: [95m325[0m - Loss: [93m    0.552945[0m
INFO -- Epoch: [95m326[0m - Loss: [93m    0.553103[0m
INFO -- Epoch: [95m327[0m - Loss: [93m    0.552640[0m
INFO -- Epoch: [95m328[0m - Loss: [93m    0.553456[0m
INFO -- Epoch: [95m329[0m - Loss: [93m    0.553228[0m
INFO -- Epoch: [95m330[0m - Loss: [93m    0.553002[0m
INFO -- Epoch: [95m331[0m - Loss: [93m    0.553021[0m
INFO -- Epoch: [95m332[0m - Loss: [93m    0.553232[0m
INFO -- Epoch: [95m333[0m - Loss: [93m    0.553837[0m
INFO -- Epoch: [95m334[0m - Loss: [93m    0.553459[0m
INFO -- Epoch: [95m335[0m - Loss: [93m    0.553058[0m
INFO -- Epoch: [95m336[0m - Loss: [93m    0.553267[0m
INFO -- Epoch: [95m337[0m - Loss: [93m    0.553135[0m
INFO -- Epoch: [95m338[0m - Loss: [93m    0.553101[0m
INFO -- Epoch: [95m339[0m - Loss: [93m    0.553415[0m
INFO -- Epoch: [95m340[0m - Loss: [93m    0.552694[0m
INFO -- Epoch: [95m341[0m - Loss: [93m    0.552390[0m
INFO -- Epoch: [95m342[0m - Loss: [93m    0.553296[0m
INFO -- Epoch: [95m343[0m - Loss: [93m    0.552472[0m
INFO -- Epoch: [95m344[0m - Loss: [93m    0.554199[0m
INFO -- Epoch: [95m345[0m - Loss: [93m    0.553345[0m
INFO -- Epoch: [95m346[0m - Loss: [93m    0.552496[0m
INFO -- Epoch: [95m347[0m - Loss: [93m    0.552245[0m
INFO -- Epoch: [95m348[0m - Loss: [93m    0.552171[0m
INFO -- Epoch: [95m349[0m - Loss: [93m    0.553186[0m
INFO -- Epoch: [95m350[0m - Loss: [93m    0.552990[0m
INFO -- Epoch: [95m351[0m - Loss: [93m    0.553847[0m
INFO -- Epoch: [95m352[0m - Loss: [93m    0.553468[0m
INFO -- Epoch: [95m353[0m - Loss: [93m    0.552365[0m
INFO -- Epoch: [95m354[0m - Loss: [93m    0.552996[0m
INFO -- Epoch: [95m355[0m - Loss: [93m    0.552532[0m
INFO -- Epoch: [95m356[0m - Loss: [93m    0.553197[0m
INFO -- Epoch: [95m357[0m - Loss: [93m    0.552586[0m
INFO -- Epoch: [95m358[0m - Loss: [93m    0.552485[0m
INFO -- Epoch: [95m359[0m - Loss: [93m    0.552397[0m
INFO -- Epoch: [95m360[0m - Loss: [93m    0.552905[0m
INFO -- Epoch: [95m361[0m - Loss: [93m    0.552253[0m
INFO -- Epoch: [95m362[0m - Loss: [93m    0.553509[0m
INFO -- Epoch: [95m363[0m - Loss: [93m    0.553963[0m
INFO -- Epoch: [95m364[0m - Loss: [93m    0.552325[0m
INFO -- Epoch: [95m365[0m - Loss: [93m    0.552981[0m
INFO -- Epoch: [95m366[0m - Loss: [93m    0.553062[0m
INFO -- Epoch: [95m367[0m - Loss: [93m    0.553255[0m
INFO -- Epoch: [95m368[0m - Loss: [93m    0.552775[0m
INFO -- Epoch: [95m369[0m - Loss: [93m    0.553229[0m
INFO -- Epoch: [95m370[0m - Loss: [93m    0.552757[0m
INFO -- Epoch: [95m371[0m - Loss: [93m    0.553640[0m
INFO -- Epoch: [95m372[0m - Loss: [93m    0.552700[0m
INFO -- Epoch: [95m373[0m - Loss: [93m    0.553499[0m
INFO -- Epoch: [95m374[0m - Loss: [93m    0.553342[0m
INFO -- Epoch: [95m375[0m - Loss: [93m    0.552972[0m
INFO -- Epoch: [95m376[0m - Loss: [93m    0.553238[0m
INFO -- Epoch: [95m377[0m - Loss: [93m    0.552890[0m
INFO -- Epoch: [95m378[0m - Loss: [93m    0.553389[0m
INFO -- Epoch: [95m379[0m - Loss: [93m    0.552791[0m
INFO -- Epoch: [95m380[0m - Loss: [93m    0.552830[0m
INFO -- Epoch: [95m381[0m - Loss: [93m    0.553215[0m
INFO -- Epoch: [95m382[0m - Loss: [93m    0.552386[0m
INFO -- Epoch: [95m383[0m - Loss: [93m    0.553353[0m
INFO -- Epoch: [95m384[0m - Loss: [93m    0.553917[0m
INFO -- Epoch: [95m385[0m - Loss: [93m    0.552432[0m
INFO -- Epoch: [95m386[0m - Loss: [93m    0.553120[0m
INFO -- Epoch: [95m387[0m - Loss: [93m    0.552716[0m
INFO -- Epoch: [95m388[0m - Loss: [93m    0.553906[0m
INFO -- Epoch: [95m389[0m - Loss: [93m    0.552744[0m
INFO -- Epoch: [95m390[0m - Loss: [93m    0.552866[0m
INFO -- Epoch: [95m391[0m - Loss: [93m    0.553057[0m
INFO -- Epoch: [95m392[0m - Loss: [93m    0.553579[0m
INFO -- Epoch: [95m393[0m - Loss: [93m    0.552996[0m
INFO -- Epoch: [95m394[0m - Loss: [93m    0.552782[0m
INFO -- Epoch: [95m395[0m - Loss: [93m    0.552837[0m
INFO -- Epoch: [95m396[0m - Loss: [93m    0.552498[0m
INFO -- Epoch: [95m397[0m - Loss: [93m    0.553151[0m
INFO -- Epoch: [95m398[0m - Loss: [93m    0.552352[0m
INFO -- Epoch: [95m399[0m - Loss: [93m    0.552241[0m
INFO -- Epoch: [95m400[0m - Loss: [93m    0.554223[0m
INFO -- Epoch: [95m401[0m - Loss: [93m    0.553263[0m
INFO -- Epoch: [95m402[0m - Loss: [93m    0.553828[0m
INFO -- Epoch: [95m403[0m - Loss: [93m    0.552840[0m
INFO -- Epoch: [95m404[0m - Loss: [93m    0.552807[0m
INFO -- Epoch: [95m405[0m - Loss: [93m    0.553025[0m
INFO -- Epoch: [95m406[0m - Loss: [93m    0.553352[0m
INFO -- Epoch: [95m407[0m - Loss: [93m    0.553198[0m
INFO -- Epoch: [95m408[0m - Loss: [93m    0.553077[0m
INFO -- Epoch: [95m409[0m - Loss: [93m    0.553078[0m
INFO -- Epoch: [95m410[0m - Loss: [93m    0.553825[0m
INFO -- Epoch: [95m411[0m - Loss: [93m    0.552744[0m
INFO -- Epoch: [95m412[0m - Loss: [93m    0.552973[0m
INFO -- Epoch: [95m413[0m - Loss: [93m    0.553184[0m
INFO -- Epoch: [95m414[0m - Loss: [93m    0.553003[0m
INFO -- Epoch: [95m415[0m - Loss: [93m    0.553076[0m
INFO -- Epoch: [95m416[0m - Loss: [93m    0.552854[0m
INFO -- Epoch: [95m417[0m - Loss: [93m    0.552606[0m
INFO -- Epoch: [95m418[0m - Loss: [93m    0.553056[0m
INFO -- Epoch: [95m419[0m - Loss: [93m    0.552545[0m
INFO -- Epoch: [95m420[0m - Loss: [93m    0.552734[0m
INFO -- Epoch: [95m421[0m - Loss: [93m    0.553812[0m
INFO -- Epoch: [95m422[0m - Loss: [93m    0.553077[0m
INFO -- Epoch: [95m423[0m - Loss: [93m    0.553524[0m
INFO -- Epoch: [95m424[0m - Loss: [93m    0.553208[0m
INFO -- Epoch: [95m425[0m - Loss: [93m    0.553166[0m
INFO -- Epoch: [95m426[0m - Loss: [93m    0.553013[0m
INFO -- Epoch: [95m427[0m - Loss: [93m    0.552763[0m
INFO -- Epoch: [95m428[0m - Loss: [93m    0.553055[0m
INFO -- Epoch: [95m429[0m - Loss: [93m    0.552622[0m
INFO -- Epoch: [95m430[0m - Loss: [93m    0.552508[0m
INFO -- Epoch: [95m431[0m - Loss: [93m    0.552441[0m
INFO -- Epoch: [95m432[0m - Loss: [93m    0.552528[0m
INFO -- Epoch: [95m433[0m - Loss: [93m    0.552823[0m
INFO -- Epoch: [95m434[0m - Loss: [93m    0.552800[0m
INFO -- Epoch: [95m435[0m - Loss: [93m    0.553639[0m
INFO -- Epoch: [95m436[0m - Loss: [93m    0.553916[0m
INFO -- Epoch: [95m437[0m - Loss: [93m    0.553309[0m
INFO -- Epoch: [95m438[0m - Loss: [93m    0.552616[0m
INFO -- Epoch: [95m439[0m - Loss: [93m    0.552789[0m
INFO -- Epoch: [95m440[0m - Loss: [93m    0.553093[0m
INFO -- Epoch: [95m441[0m - Loss: [93m    0.552948[0m
INFO -- Epoch: [95m442[0m - Loss: [93m    0.553414[0m
INFO -- Epoch: [95m443[0m - Loss: [93m    0.553246[0m
INFO -- Epoch: [95m444[0m - Loss: [93m    0.553182[0m
INFO -- Epoch: [95m445[0m - Loss: [93m    0.553016[0m
INFO -- Epoch: [95m446[0m - Loss: [93m    0.553338[0m
INFO -- Epoch: [95m447[0m - Loss: [93m    0.552488[0m
INFO -- Epoch: [95m448[0m - Loss: [93m    0.552965[0m
INFO -- Epoch: [95m449[0m - Loss: [93m    0.552881[0m
INFO -- Epoch: [95m450[0m - Loss: [93m    0.552772[0m
INFO -- Epoch: [95m451[0m - Loss: [93m    0.553429[0m
INFO -- Epoch: [95m452[0m - Loss: [93m    0.553271[0m
INFO -- Epoch: [95m453[0m - Loss: [93m    0.552414[0m
INFO -- Epoch: [95m454[0m - Loss: [93m    0.554033[0m
INFO -- Epoch: [95m455[0m - Loss: [93m    0.552434[0m
INFO -- Epoch: [95m456[0m - Loss: [93m    0.552804[0m
INFO -- Epoch: [95m457[0m - Loss: [93m    0.553032[0m
INFO -- Epoch: [95m458[0m - Loss: [93m    0.553274[0m
INFO -- Epoch: [95m459[0m - Loss: [93m    0.552625[0m
INFO -- Epoch: [95m460[0m - Loss: [93m    0.553039[0m
INFO -- Epoch: [95m461[0m - Loss: [93m    0.552587[0m
INFO -- Epoch: [95m462[0m - Loss: [93m    0.552853[0m
INFO -- Epoch: [95m463[0m - Loss: [93m    0.552920[0m
INFO -- Epoch: [95m464[0m - Loss: [93m    0.553114[0m
INFO -- Epoch: [95m465[0m - Loss: [93m    0.552640[0m
INFO -- Epoch: [95m466[0m - Loss: [93m    0.553264[0m
INFO -- Epoch: [95m467[0m - Loss: [93m    0.552948[0m
INFO -- Epoch: [95m468[0m - Loss: [93m    0.552741[0m
INFO -- Epoch: [95m469[0m - Loss: [93m    0.552598[0m
INFO -- Epoch: [95m470[0m - Loss: [93m    0.552347[0m
INFO -- Epoch: [95m471[0m - Loss: [93m    0.552245[0m
INFO -- Epoch: [95m472[0m - Loss: [93m    0.553241[0m
INFO -- Epoch: [95m473[0m - Loss: [93m    0.553265[0m
INFO -- Epoch: [95m474[0m - Loss: [93m    0.553244[0m
INFO -- Epoch: [95m475[0m - Loss: [93m    0.553269[0m
INFO -- Epoch: [95m476[0m - Loss: [93m    0.553313[0m
INFO -- Epoch: [95m477[0m - Loss: [93m    0.553288[0m
INFO -- Epoch: [95m478[0m - Loss: [93m    0.552695[0m
INFO -- Epoch: [95m479[0m - Loss: [93m    0.553254[0m
INFO -- Epoch: [95m480[0m - Loss: [93m    0.552890[0m
INFO -- Epoch: [95m481[0m - Loss: [93m    0.552715[0m
INFO -- Epoch: [95m482[0m - Loss: [93m    0.552658[0m
INFO -- Epoch: [95m483[0m - Loss: [93m    0.553382[0m
INFO -- Epoch: [95m484[0m - Loss: [93m    0.552888[0m
INFO -- Epoch: [95m485[0m - Loss: [93m    0.553224[0m
INFO -- Epoch: [95m486[0m - Loss: [93m    0.553213[0m
INFO -- Epoch: [95m487[0m - Loss: [93m    0.552445[0m
INFO -- Epoch: [95m488[0m - Loss: [93m    0.553558[0m
INFO -- Epoch: [95m489[0m - Loss: [93m    0.552593[0m
INFO -- Epoch: [95m490[0m - Loss: [93m    0.553376[0m
INFO -- Epoch: [95m491[0m - Loss: [93m    0.552453[0m
INFO -- Epoch: [95m492[0m - Loss: [93m    0.553463[0m
INFO -- Epoch: [95m493[0m - Loss: [93m    0.552930[0m
INFO -- Epoch: [95m494[0m - Loss: [93m    0.553521[0m
INFO -- Epoch: [95m495[0m - Loss: [93m    0.552891[0m
INFO -- Epoch: [95m496[0m - Loss: [93m    0.552455[0m
INFO -- Epoch: [95m497[0m - Loss: [93m    0.553131[0m
INFO -- Epoch: [95m498[0m - Loss: [93m    0.553246[0m
INFO -- Epoch: [95m499[0m - Loss: [93m    0.552880[0m
INFO -- Epoch: [95m500[0m - Loss: [93m    0.552271[0m
INFO -- Epoch: [95m501[0m - Loss: [93m    0.552777[0m
INFO -- Epoch: [95m502[0m - Loss: [93m    0.552635[0m
INFO -- Epoch: [95m503[0m - Loss: [93m    0.552836[0m
INFO -- Epoch: [95m504[0m - Loss: [93m    0.553387[0m
INFO -- Epoch: [95m505[0m - Loss: [93m    0.552270[0m
INFO -- Epoch: [95m506[0m - Loss: [93m    0.553535[0m
INFO -- Epoch: [95m507[0m - Loss: [93m    0.553936[0m
INFO -- Epoch: [95m508[0m - Loss: [93m    0.553100[0m
INFO -- Epoch: [95m509[0m - Loss: [93m    0.553086[0m
INFO -- Epoch: [95m510[0m - Loss: [93m    0.553151[0m
INFO -- Epoch: [95m511[0m - Loss: [93m    0.553278[0m
INFO -- Epoch: [95m512[0m - Loss: [93m    0.553238[0m
INFO -- Epoch: [95m513[0m - Loss: [93m    0.553554[0m
INFO -- Epoch: [95m514[0m - Loss: [93m    0.553254[0m
INFO -- Epoch: [95m515[0m - Loss: [93m    0.553184[0m
INFO -- Epoch: [95m516[0m - Loss: [93m    0.553443[0m
INFO -- Epoch: [95m517[0m - Loss: [93m    0.553011[0m
INFO -- Epoch: [95m518[0m - Loss: [93m    0.553052[0m
INFO -- Epoch: [95m519[0m - Loss: [93m    0.552538[0m
INFO -- Epoch: [95m520[0m - Loss: [93m    0.554100[0m
INFO -- Epoch: [95m521[0m - Loss: [93m    0.552917[0m
INFO -- Epoch: [95m522[0m - Loss: [93m    0.552975[0m
INFO -- Epoch: [95m523[0m - Loss: [93m    0.553649[0m
INFO -- Epoch: [95m524[0m - Loss: [93m    0.553520[0m
INFO -- Epoch: [95m525[0m - Loss: [93m    0.552339[0m
INFO -- Epoch: [95m526[0m - Loss: [93m    0.552455[0m
INFO -- Epoch: [95m527[0m - Loss: [93m    0.552939[0m
INFO -- Epoch: [95m528[0m - Loss: [93m    0.552976[0m
INFO -- Epoch: [95m529[0m - Loss: [93m    0.553294[0m
INFO -- Epoch: [95m530[0m - Loss: [93m    0.553466[0m
INFO -- Epoch: [95m531[0m - Loss: [93m    0.553187[0m
INFO -- Epoch: [95m532[0m - Loss: [93m    0.553108[0m
INFO -- Epoch: [95m533[0m - Loss: [93m    0.553036[0m
INFO -- Epoch: [95m534[0m - Loss: [93m    0.553120[0m
INFO -- Epoch: [95m535[0m - Loss: [93m    0.552917[0m
INFO -- Epoch: [95m536[0m - Loss: [93m    0.553112[0m
INFO -- Epoch: [95m537[0m - Loss: [93m    0.552941[0m
INFO -- Epoch: [95m538[0m - Loss: [93m    0.552916[0m
INFO -- Epoch: [95m539[0m - Loss: [93m    0.553461[0m
INFO -- Epoch: [95m540[0m - Loss: [93m    0.552844[0m
INFO -- Epoch: [95m541[0m - Loss: [93m    0.553790[0m
INFO -- Epoch: [95m542[0m - Loss: [93m    0.553145[0m
INFO -- Epoch: [95m543[0m - Loss: [93m    0.553261[0m
INFO -- Epoch: [95m544[0m - Loss: [93m    0.553273[0m
INFO -- Epoch: [95m545[0m - Loss: [93m    0.553522[0m
INFO -- Epoch: [95m546[0m - Loss: [93m    0.553521[0m
INFO -- Epoch: [95m547[0m - Loss: [93m    0.553185[0m
INFO -- Epoch: [95m548[0m - Loss: [93m    0.552623[0m
INFO -- Epoch: [95m549[0m - Loss: [93m    0.552820[0m
INFO -- Epoch: [95m550[0m - Loss: [93m    0.553240[0m
INFO -- Epoch: [95m551[0m - Loss: [93m    0.552901[0m
INFO -- Epoch: [95m552[0m - Loss: [93m    0.552538[0m
INFO -- Epoch: [95m553[0m - Loss: [93m    0.553214[0m
INFO -- Epoch: [95m554[0m - Loss: [93m    0.553518[0m
INFO -- Epoch: [95m555[0m - Loss: [93m    0.552795[0m
INFO -- Epoch: [95m556[0m - Loss: [93m    0.553635[0m
INFO -- Epoch: [95m557[0m - Loss: [93m    0.552250[0m
INFO -- Epoch: [95m558[0m - Loss: [93m    0.552695[0m
INFO -- Epoch: [95m559[0m - Loss: [93m    0.552931[0m
INFO -- Epoch: [95m560[0m - Loss: [93m    0.553628[0m
INFO -- Epoch: [95m561[0m - Loss: [93m    0.553230[0m
INFO -- Epoch: [95m562[0m - Loss: [93m    0.553063[0m
INFO -- Epoch: [95m563[0m - Loss: [93m    0.553649[0m
INFO -- Epoch: [95m564[0m - Loss: [93m    0.553288[0m
INFO -- Epoch: [95m565[0m - Loss: [93m    0.552661[0m
INFO -- Epoch: [95m566[0m - Loss: [93m    0.553168[0m
INFO -- Epoch: [95m567[0m - Loss: [93m    0.553140[0m
INFO -- Epoch: [95m568[0m - Loss: [93m    0.553032[0m
INFO -- Epoch: [95m569[0m - Loss: [93m    0.552664[0m
INFO -- Epoch: [95m570[0m - Loss: [93m    0.553237[0m
INFO -- Epoch: [95m571[0m - Loss: [93m    0.553636[0m
INFO -- Epoch: [95m572[0m - Loss: [93m    0.553041[0m
INFO -- Epoch: [95m573[0m - Loss: [93m    0.553709[0m
INFO -- Epoch: [95m574[0m - Loss: [93m    0.552702[0m
INFO -- Epoch: [95m575[0m - Loss: [93m    0.552514[0m
INFO -- Epoch: [95m576[0m - Loss: [93m    0.552667[0m
INFO -- Epoch: [95m577[0m - Loss: [93m    0.553610[0m
INFO -- Epoch: [95m578[0m - Loss: [93m    0.553518[0m
INFO -- Epoch: [95m579[0m - Loss: [93m    0.552559[0m
INFO -- Epoch: [95m580[0m - Loss: [93m    0.553058[0m
INFO -- Epoch: [95m581[0m - Loss: [93m    0.553392[0m
INFO -- Epoch: [95m582[0m - Loss: [93m    0.552764[0m
INFO -- Epoch: [95m583[0m - Loss: [93m    0.552766[0m
INFO -- Epoch: [95m584[0m - Loss: [93m    0.552830[0m
INFO -- Epoch: [95m585[0m - Loss: [93m    0.553126[0m
INFO -- Epoch: [95m586[0m - Loss: [93m    0.553428[0m
INFO -- Epoch: [95m587[0m - Loss: [93m    0.552793[0m
INFO -- Epoch: [95m588[0m - Loss: [93m    0.552645[0m
INFO -- Epoch: [95m589[0m - Loss: [93m    0.553268[0m
INFO -- Epoch: [95m590[0m - Loss: [93m    0.552732[0m
INFO -- Epoch: [95m591[0m - Loss: [93m    0.553086[0m
INFO -- Epoch: [95m592[0m - Loss: [93m    0.552882[0m
INFO -- Epoch: [95m593[0m - Loss: [93m    0.553211[0m
INFO -- Epoch: [95m594[0m - Loss: [93m    0.552989[0m
INFO -- Epoch: [95m595[0m - Loss: [93m    0.552369[0m
INFO -- Epoch: [95m596[0m - Loss: [93m    0.553345[0m
INFO -- Epoch: [95m597[0m - Loss: [93m    0.552916[0m
INFO -- Epoch: [95m598[0m - Loss: [93m    0.552301[0m
INFO -- Epoch: [95m599[0m - Loss: [93m    0.552664[0m
INFO -- Epoch: [95m600[0m - Loss: [93m    0.552940[0m
INFO -- Training interrupted by user at epoch [91m601[0m
INFO -- Creating plots and saving to files. Dimensions: 1
