INFO -- Device: cuda
INFO -- 
INFO -- ================================================================================
INFO -- Learning parameters
INFO -- Length:                                           [92m1.0[0m
INFO -- Total time:                                       [92m1.0[0m
INFO -- Number of points in x:                            [92m150[0m
INFO -- Number of points in initial condition:            [92m300[0m
INFO -- Weight for interior loss:                         [92m0.5[0m
INFO -- Weight for initial condition loss:                [92m150.0[0m
INFO -- Weight for boundary loss:                         [92m1.0[0m
INFO -- Layers:                                           [92m2[0m
INFO -- Neurons per layer:                                [92m60[0m
INFO -- Epochs:                                           [92m50000[0m
INFO -- Learning rate:                                    [92m0.0025[0m
INFO -- ================================================================================
INFO -- 
INFO -- Creating PINN with [92m2[0m layers and [92m60[0m neurons per layer
INFO -- Computing initial condition loss
INFO -- Training PINN for [93m50000[0m epochs using [93mloss_fn_weak_and_strong[0m loss function
INFO -- Epoch: [95m1[0m - Loss: [93m    0.887505[0m
INFO -- Epoch: [95m2[0m - Loss: [93m    1.480268[0m
INFO -- Epoch: [95m3[0m - Loss: [93m    0.614588[0m
INFO -- Epoch: [95m4[0m - Loss: [93m    0.842722[0m
INFO -- Epoch: [95m5[0m - Loss: [93m    1.853418[0m
INFO -- Epoch: [95m6[0m - Loss: [93m    0.795703[0m
INFO -- Epoch: [95m7[0m - Loss: [93m    0.652737[0m
INFO -- Epoch: [95m8[0m - Loss: [93m    0.733040[0m
INFO -- Epoch: [95m9[0m - Loss: [93m    1.010729[0m
INFO -- Epoch: [95m10[0m - Loss: [93m    0.886726[0m
INFO -- Epoch: [95m11[0m - Loss: [93m    1.564531[0m
INFO -- Epoch: [95m12[0m - Loss: [93m    0.814471[0m
INFO -- Epoch: [95m13[0m - Loss: [93m    0.782740[0m
INFO -- Epoch: [95m14[0m - Loss: [93m    0.573225[0m
INFO -- Epoch: [95m15[0m - Loss: [93m    0.592109[0m
INFO -- Epoch: [95m16[0m - Loss: [93m    0.808270[0m
INFO -- Epoch: [95m17[0m - Loss: [93m    1.065828[0m
INFO -- Epoch: [95m18[0m - Loss: [93m    0.640769[0m
INFO -- Epoch: [95m19[0m - Loss: [93m    0.616480[0m
INFO -- Epoch: [95m20[0m - Loss: [93m    0.571859[0m
INFO -- Epoch: [95m21[0m - Loss: [93m    0.573929[0m
INFO -- Epoch: [95m22[0m - Loss: [93m    0.578010[0m
INFO -- Epoch: [95m23[0m - Loss: [93m    0.578230[0m
INFO -- Epoch: [95m24[0m - Loss: [93m    0.748828[0m
INFO -- Epoch: [95m25[0m - Loss: [93m    0.686119[0m
INFO -- Epoch: [95m26[0m - Loss: [93m    0.605962[0m
INFO -- Epoch: [95m27[0m - Loss: [93m    0.562095[0m
INFO -- Epoch: [95m28[0m - Loss: [93m    0.570288[0m
INFO -- Epoch: [95m29[0m - Loss: [93m    0.594750[0m
INFO -- Epoch: [95m30[0m - Loss: [93m    0.592499[0m
INFO -- Epoch: [95m31[0m - Loss: [93m    0.616623[0m
INFO -- Epoch: [95m32[0m - Loss: [93m    0.588613[0m
INFO -- Epoch: [95m33[0m - Loss: [93m    0.578974[0m
INFO -- Epoch: [95m34[0m - Loss: [93m    0.561894[0m
INFO -- Epoch: [95m35[0m - Loss: [93m    0.555709[0m
INFO -- Epoch: [95m36[0m - Loss: [93m    0.561988[0m
INFO -- Epoch: [95m37[0m - Loss: [93m    0.593198[0m
INFO -- Epoch: [95m38[0m - Loss: [93m    0.556821[0m
INFO -- Epoch: [95m39[0m - Loss: [93m    0.579318[0m
INFO -- Epoch: [95m40[0m - Loss: [93m    0.581916[0m
INFO -- Epoch: [95m41[0m - Loss: [93m    0.570701[0m
INFO -- Epoch: [95m42[0m - Loss: [93m    0.557200[0m
INFO -- Epoch: [95m43[0m - Loss: [93m    0.567598[0m
INFO -- Epoch: [95m44[0m - Loss: [93m    0.573540[0m
INFO -- Epoch: [95m45[0m - Loss: [93m    0.578466[0m
INFO -- Epoch: [95m46[0m - Loss: [93m    0.585059[0m
INFO -- Epoch: [95m47[0m - Loss: [93m    0.569168[0m
INFO -- Epoch: [95m48[0m - Loss: [93m    0.563796[0m
INFO -- Epoch: [95m49[0m - Loss: [93m    0.553989[0m
INFO -- Epoch: [95m50[0m - Loss: [93m    0.559671[0m
INFO -- Epoch: [95m51[0m - Loss: [93m    0.590689[0m
INFO -- Epoch: [95m52[0m - Loss: [93m    0.628345[0m
INFO -- Epoch: [95m53[0m - Loss: [93m    0.556318[0m
INFO -- Epoch: [95m54[0m - Loss: [93m    0.556540[0m
INFO -- Epoch: [95m55[0m - Loss: [93m    0.565004[0m
INFO -- Epoch: [95m56[0m - Loss: [93m    0.600504[0m
INFO -- Epoch: [95m57[0m - Loss: [93m    0.569709[0m
INFO -- Epoch: [95m58[0m - Loss: [93m    0.563392[0m
INFO -- Epoch: [95m59[0m - Loss: [93m    0.553899[0m
INFO -- Epoch: [95m60[0m - Loss: [93m    0.564491[0m
INFO -- Epoch: [95m61[0m - Loss: [93m    0.581181[0m
INFO -- Epoch: [95m62[0m - Loss: [93m    0.571586[0m
INFO -- Epoch: [95m63[0m - Loss: [93m    0.554138[0m
INFO -- Epoch: [95m64[0m - Loss: [93m    0.554255[0m
INFO -- Epoch: [95m65[0m - Loss: [93m    0.558373[0m
INFO -- Epoch: [95m66[0m - Loss: [93m    0.566133[0m
INFO -- Epoch: [95m67[0m - Loss: [93m    0.555940[0m
INFO -- Epoch: [95m68[0m - Loss: [93m    0.553304[0m
INFO -- Epoch: [95m69[0m - Loss: [93m    0.556080[0m
INFO -- Epoch: [95m70[0m - Loss: [93m    0.576872[0m
INFO -- Epoch: [95m71[0m - Loss: [93m    0.555754[0m
INFO -- Epoch: [95m72[0m - Loss: [93m    0.554495[0m
INFO -- Epoch: [95m73[0m - Loss: [93m    0.557026[0m
INFO -- Epoch: [95m74[0m - Loss: [93m    0.562253[0m
INFO -- Epoch: [95m75[0m - Loss: [93m    0.555940[0m
INFO -- Epoch: [95m76[0m - Loss: [93m    0.553864[0m
INFO -- Epoch: [95m77[0m - Loss: [93m    0.560447[0m
INFO -- Epoch: [95m78[0m - Loss: [93m    0.563281[0m
INFO -- Epoch: [95m79[0m - Loss: [93m    0.554523[0m
INFO -- Epoch: [95m80[0m - Loss: [93m    0.555855[0m
INFO -- Epoch: [95m81[0m - Loss: [93m    0.559948[0m
INFO -- Epoch: [95m82[0m - Loss: [93m    0.556080[0m
INFO -- Epoch: [95m83[0m - Loss: [93m    0.554545[0m
INFO -- Epoch: [95m84[0m - Loss: [93m    0.553770[0m
INFO -- Epoch: [95m85[0m - Loss: [93m    0.563763[0m
INFO -- Epoch: [95m86[0m - Loss: [93m    0.554864[0m
INFO -- Epoch: [95m87[0m - Loss: [93m    0.553860[0m
INFO -- Epoch: [95m88[0m - Loss: [93m    0.555012[0m
INFO -- Epoch: [95m89[0m - Loss: [93m    0.555325[0m
INFO -- Epoch: [95m90[0m - Loss: [93m    0.555369[0m
INFO -- Epoch: [95m91[0m - Loss: [93m    0.554615[0m
INFO -- Epoch: [95m92[0m - Loss: [93m    0.553895[0m
INFO -- Epoch: [95m93[0m - Loss: [93m    0.556862[0m
INFO -- Epoch: [95m94[0m - Loss: [93m    0.553963[0m
INFO -- Epoch: [95m95[0m - Loss: [93m    0.556358[0m
INFO -- Epoch: [95m96[0m - Loss: [93m    0.554824[0m
INFO -- Epoch: [95m97[0m - Loss: [93m    0.555089[0m
INFO -- Epoch: [95m98[0m - Loss: [93m    0.555541[0m
INFO -- Epoch: [95m99[0m - Loss: [93m    0.555548[0m
INFO -- Epoch: [95m100[0m - Loss: [93m    0.554261[0m
INFO -- Epoch: [95m101[0m - Loss: [93m    0.553694[0m
INFO -- Epoch: [95m102[0m - Loss: [93m    0.570501[0m
INFO -- Epoch: [95m103[0m - Loss: [93m    0.555540[0m
INFO -- Epoch: [95m104[0m - Loss: [93m    0.560521[0m
INFO -- Epoch: [95m105[0m - Loss: [93m    0.565759[0m
INFO -- Epoch: [95m106[0m - Loss: [93m    0.562558[0m
INFO -- Epoch: [95m107[0m - Loss: [93m    0.559075[0m
INFO -- Epoch: [95m108[0m - Loss: [93m    0.553263[0m
INFO -- Epoch: [95m109[0m - Loss: [93m    0.566098[0m
INFO -- Epoch: [95m110[0m - Loss: [93m    0.570353[0m
INFO -- Epoch: [95m111[0m - Loss: [93m    0.594903[0m
INFO -- Epoch: [95m112[0m - Loss: [93m    0.578951[0m
INFO -- Epoch: [95m113[0m - Loss: [93m    0.585841[0m
INFO -- Epoch: [95m114[0m - Loss: [93m    0.733854[0m
INFO -- Epoch: [95m115[0m - Loss: [93m    0.572563[0m
INFO -- Epoch: [95m116[0m - Loss: [93m    0.645284[0m
INFO -- Epoch: [95m117[0m - Loss: [93m    0.565099[0m
INFO -- Epoch: [95m118[0m - Loss: [93m    0.587598[0m
INFO -- Epoch: [95m119[0m - Loss: [93m    0.569747[0m
INFO -- Epoch: [95m120[0m - Loss: [93m    0.554140[0m
INFO -- Epoch: [95m121[0m - Loss: [93m    0.561754[0m
INFO -- Epoch: [95m122[0m - Loss: [93m    0.572631[0m
INFO -- Epoch: [95m123[0m - Loss: [93m    0.586995[0m
INFO -- Epoch: [95m124[0m - Loss: [93m    0.571776[0m
INFO -- Epoch: [95m125[0m - Loss: [93m    0.562009[0m
INFO -- Epoch: [95m126[0m - Loss: [93m    0.556492[0m
INFO -- Epoch: [95m127[0m - Loss: [93m    0.565591[0m
INFO -- Epoch: [95m128[0m - Loss: [93m    0.578635[0m
INFO -- Epoch: [95m129[0m - Loss: [93m    0.556897[0m
INFO -- Epoch: [95m130[0m - Loss: [93m    0.558612[0m
INFO -- Epoch: [95m131[0m - Loss: [93m    0.571736[0m
INFO -- Epoch: [95m132[0m - Loss: [93m    0.570487[0m
INFO -- Epoch: [95m133[0m - Loss: [93m    0.580647[0m
INFO -- Epoch: [95m134[0m - Loss: [93m    0.554920[0m
INFO -- Epoch: [95m135[0m - Loss: [93m    0.561771[0m
INFO -- Epoch: [95m136[0m - Loss: [93m    0.585714[0m
INFO -- Epoch: [95m137[0m - Loss: [93m    0.558439[0m
INFO -- Epoch: [95m138[0m - Loss: [93m    0.556219[0m
INFO -- Epoch: [95m139[0m - Loss: [93m    0.553841[0m
INFO -- Epoch: [95m140[0m - Loss: [93m    0.554334[0m
INFO -- Epoch: [95m141[0m - Loss: [93m    0.556483[0m
INFO -- Epoch: [95m142[0m - Loss: [93m    0.561079[0m
INFO -- Epoch: [95m143[0m - Loss: [93m    0.556173[0m
INFO -- Epoch: [95m144[0m - Loss: [93m    0.554029[0m
INFO -- Epoch: [95m145[0m - Loss: [93m    0.553778[0m
INFO -- Epoch: [95m146[0m - Loss: [93m    0.551849[0m
INFO -- Epoch: [95m147[0m - Loss: [93m    0.564587[0m
INFO -- Epoch: [95m148[0m - Loss: [93m    0.561235[0m
INFO -- Epoch: [95m149[0m - Loss: [93m    0.554448[0m
INFO -- Epoch: [95m150[0m - Loss: [93m    0.553746[0m
INFO -- Epoch: [95m151[0m - Loss: [93m    0.555703[0m
INFO -- Epoch: [95m152[0m - Loss: [93m    0.556731[0m
INFO -- Epoch: [95m153[0m - Loss: [93m    0.557375[0m
INFO -- Epoch: [95m154[0m - Loss: [93m    0.555282[0m
INFO -- Epoch: [95m155[0m - Loss: [93m    0.554007[0m
INFO -- Epoch: [95m156[0m - Loss: [93m    0.553634[0m
INFO -- Epoch: [95m157[0m - Loss: [93m    0.553660[0m
INFO -- Epoch: [95m158[0m - Loss: [93m    0.557628[0m
INFO -- Epoch: [95m159[0m - Loss: [93m    0.557588[0m
INFO -- Epoch: [95m160[0m - Loss: [93m    0.563593[0m
INFO -- Epoch: [95m161[0m - Loss: [93m    0.555815[0m
INFO -- Epoch: [95m162[0m - Loss: [93m    0.571002[0m
INFO -- Epoch: [95m163[0m - Loss: [93m    0.567904[0m
INFO -- Epoch: [95m164[0m - Loss: [93m    0.554037[0m
INFO -- Epoch: [95m165[0m - Loss: [93m    0.601290[0m
INFO -- Epoch: [95m166[0m - Loss: [93m    0.556567[0m
INFO -- Epoch: [95m167[0m - Loss: [93m    0.556410[0m
INFO -- Epoch: [95m168[0m - Loss: [93m    0.569570[0m
INFO -- Epoch: [95m169[0m - Loss: [93m    0.564916[0m
INFO -- Epoch: [95m170[0m - Loss: [93m    0.555232[0m
INFO -- Epoch: [95m171[0m - Loss: [93m    0.553210[0m
INFO -- Epoch: [95m172[0m - Loss: [93m    0.556064[0m
INFO -- Epoch: [95m173[0m - Loss: [93m    0.558563[0m
INFO -- Epoch: [95m174[0m - Loss: [93m    0.584235[0m
INFO -- Epoch: [95m175[0m - Loss: [93m    0.561155[0m
INFO -- Epoch: [95m176[0m - Loss: [93m    0.554005[0m
INFO -- Epoch: [95m177[0m - Loss: [93m    0.563145[0m
INFO -- Epoch: [95m178[0m - Loss: [93m    0.573800[0m
INFO -- Epoch: [95m179[0m - Loss: [93m    0.555588[0m
INFO -- Epoch: [95m180[0m - Loss: [93m    0.556823[0m
INFO -- Epoch: [95m181[0m - Loss: [93m    0.562869[0m
INFO -- Epoch: [95m182[0m - Loss: [93m    0.561548[0m
INFO -- Epoch: [95m183[0m - Loss: [93m    0.562678[0m
INFO -- Epoch: [95m184[0m - Loss: [93m    0.553483[0m
INFO -- Epoch: [95m185[0m - Loss: [93m    0.556004[0m
INFO -- Epoch: [95m186[0m - Loss: [93m    0.559484[0m
INFO -- Epoch: [95m187[0m - Loss: [93m    0.561067[0m
INFO -- Epoch: [95m188[0m - Loss: [93m    0.555763[0m
INFO -- Epoch: [95m189[0m - Loss: [93m    0.554376[0m
INFO -- Epoch: [95m190[0m - Loss: [93m    0.551663[0m
INFO -- Epoch: [95m191[0m - Loss: [93m    0.554310[0m
INFO -- Epoch: [95m192[0m - Loss: [93m    0.553980[0m
INFO -- Epoch: [95m193[0m - Loss: [93m    0.583224[0m
INFO -- Epoch: [95m194[0m - Loss: [93m    0.554314[0m
INFO -- Epoch: [95m195[0m - Loss: [93m    0.554260[0m
INFO -- Epoch: [95m196[0m - Loss: [93m    0.557686[0m
INFO -- Epoch: [95m197[0m - Loss: [93m    0.567926[0m
INFO -- Epoch: [95m198[0m - Loss: [93m    0.558916[0m
INFO -- Epoch: [95m199[0m - Loss: [93m    0.555235[0m
INFO -- Epoch: [95m200[0m - Loss: [93m    0.554128[0m
INFO -- Epoch: [95m201[0m - Loss: [93m    0.554534[0m
INFO -- Epoch: [95m202[0m - Loss: [93m    0.565232[0m
INFO -- Epoch: [95m203[0m - Loss: [93m    0.569912[0m
INFO -- Epoch: [95m204[0m - Loss: [93m    0.554059[0m
INFO -- Epoch: [95m205[0m - Loss: [93m    0.566232[0m
INFO -- Epoch: [95m206[0m - Loss: [93m    0.560274[0m
INFO -- Epoch: [95m207[0m - Loss: [93m    0.554630[0m
INFO -- Epoch: [95m208[0m - Loss: [93m    0.555526[0m
INFO -- Epoch: [95m209[0m - Loss: [93m    0.572798[0m
INFO -- Epoch: [95m210[0m - Loss: [93m    0.554420[0m
INFO -- Epoch: [95m211[0m - Loss: [93m    0.555683[0m
INFO -- Epoch: [95m212[0m - Loss: [93m    0.558708[0m
INFO -- Epoch: [95m213[0m - Loss: [93m    0.561382[0m
INFO -- Epoch: [95m214[0m - Loss: [93m    0.557503[0m
INFO -- Epoch: [95m215[0m - Loss: [93m    0.554547[0m
INFO -- Epoch: [95m216[0m - Loss: [93m    0.554865[0m
INFO -- Epoch: [95m217[0m - Loss: [93m    0.555801[0m
INFO -- Epoch: [95m218[0m - Loss: [93m    0.573192[0m
INFO -- Epoch: [95m219[0m - Loss: [93m    0.556043[0m
INFO -- Epoch: [95m220[0m - Loss: [93m    0.562959[0m
INFO -- Epoch: [95m221[0m - Loss: [93m    0.567907[0m
INFO -- Epoch: [95m222[0m - Loss: [93m    0.559589[0m
INFO -- Epoch: [95m223[0m - Loss: [93m    0.554922[0m
INFO -- Epoch: [95m224[0m - Loss: [93m    0.554787[0m
INFO -- Epoch: [95m225[0m - Loss: [93m    0.565071[0m
INFO -- Epoch: [95m226[0m - Loss: [93m    0.552513[0m
INFO -- Epoch: [95m227[0m - Loss: [93m    0.552972[0m
INFO -- Epoch: [95m228[0m - Loss: [93m    0.554965[0m
INFO -- Epoch: [95m229[0m - Loss: [93m    0.553928[0m
INFO -- Epoch: [95m230[0m - Loss: [93m    0.554462[0m
INFO -- Epoch: [95m231[0m - Loss: [93m    0.555013[0m
INFO -- Epoch: [95m232[0m - Loss: [93m    0.555369[0m
INFO -- Epoch: [95m233[0m - Loss: [93m    0.554925[0m
INFO -- Epoch: [95m234[0m - Loss: [93m    0.554475[0m
INFO -- Epoch: [95m235[0m - Loss: [93m    0.553720[0m
INFO -- Epoch: [95m236[0m - Loss: [93m    0.556285[0m
INFO -- Epoch: [95m237[0m - Loss: [93m    0.554407[0m
INFO -- Epoch: [95m238[0m - Loss: [93m    0.554415[0m
INFO -- Epoch: [95m239[0m - Loss: [93m    0.554177[0m
INFO -- Epoch: [95m240[0m - Loss: [93m    0.555691[0m
INFO -- Epoch: [95m241[0m - Loss: [93m    0.554937[0m
INFO -- Epoch: [95m242[0m - Loss: [93m    0.554866[0m
INFO -- Epoch: [95m243[0m - Loss: [93m    0.555582[0m
INFO -- Epoch: [95m244[0m - Loss: [93m    0.554473[0m
INFO -- Epoch: [95m245[0m - Loss: [93m    0.554801[0m
INFO -- Epoch: [95m246[0m - Loss: [93m    0.553765[0m
INFO -- Epoch: [95m247[0m - Loss: [93m    0.554657[0m
INFO -- Epoch: [95m248[0m - Loss: [93m    0.553972[0m
INFO -- Epoch: [95m249[0m - Loss: [93m    0.553186[0m
INFO -- Epoch: [95m250[0m - Loss: [93m    0.552969[0m
INFO -- Epoch: [95m251[0m - Loss: [93m    0.558166[0m
INFO -- Epoch: [95m252[0m - Loss: [93m    0.553956[0m
INFO -- Epoch: [95m253[0m - Loss: [93m    0.554138[0m
INFO -- Epoch: [95m254[0m - Loss: [93m    0.554887[0m
INFO -- Epoch: [95m255[0m - Loss: [93m    0.554783[0m
INFO -- Epoch: [95m256[0m - Loss: [93m    0.554407[0m
INFO -- Epoch: [95m257[0m - Loss: [93m    0.553395[0m
INFO -- Epoch: [95m258[0m - Loss: [93m    0.556048[0m
INFO -- Epoch: [95m259[0m - Loss: [93m    0.556363[0m
INFO -- Epoch: [95m260[0m - Loss: [93m    0.555903[0m
INFO -- Epoch: [95m261[0m - Loss: [93m    0.554931[0m
INFO -- Epoch: [95m262[0m - Loss: [93m    0.556489[0m
INFO -- Epoch: [95m263[0m - Loss: [93m    0.556475[0m
INFO -- Epoch: [95m264[0m - Loss: [93m    0.554567[0m
INFO -- Epoch: [95m265[0m - Loss: [93m    0.554606[0m
INFO -- Epoch: [95m266[0m - Loss: [93m    0.560504[0m
INFO -- Epoch: [95m267[0m - Loss: [93m    0.553029[0m
INFO -- Epoch: [95m268[0m - Loss: [93m    0.554268[0m
INFO -- Epoch: [95m269[0m - Loss: [93m    0.554379[0m
INFO -- Epoch: [95m270[0m - Loss: [93m    0.554150[0m
INFO -- Epoch: [95m271[0m - Loss: [93m    0.553442[0m
INFO -- Epoch: [95m272[0m - Loss: [93m    0.553206[0m
INFO -- Epoch: [95m273[0m - Loss: [93m    0.552719[0m
INFO -- Epoch: [95m274[0m - Loss: [93m    0.586598[0m
INFO -- Epoch: [95m275[0m - Loss: [93m    0.562331[0m
INFO -- Epoch: [95m276[0m - Loss: [93m    0.573233[0m
INFO -- Epoch: [95m277[0m - Loss: [93m    0.578305[0m
INFO -- Epoch: [95m278[0m - Loss: [93m    0.569912[0m
INFO -- Epoch: [95m279[0m - Loss: [93m    0.554852[0m
INFO -- Epoch: [95m280[0m - Loss: [93m    0.554505[0m
INFO -- Epoch: [95m281[0m - Loss: [93m    0.717451[0m
INFO -- Epoch: [95m282[0m - Loss: [93m    0.556617[0m
INFO -- Epoch: [95m283[0m - Loss: [93m    0.627316[0m
INFO -- Epoch: [95m284[0m - Loss: [93m    0.627016[0m
INFO -- Epoch: [95m285[0m - Loss: [93m    0.608584[0m
INFO -- Epoch: [95m286[0m - Loss: [93m    0.557152[0m
INFO -- Epoch: [95m287[0m - Loss: [93m    0.555298[0m
INFO -- Epoch: [95m288[0m - Loss: [93m    0.899319[0m
INFO -- Epoch: [95m289[0m - Loss: [93m    0.563705[0m
INFO -- Epoch: [95m290[0m - Loss: [93m    0.597587[0m
INFO -- Epoch: [95m291[0m - Loss: [93m    0.747901[0m
INFO -- Epoch: [95m292[0m - Loss: [93m    0.766428[0m
INFO -- Epoch: [95m293[0m - Loss: [93m    0.590643[0m
INFO -- Epoch: [95m294[0m - Loss: [93m    0.557880[0m
INFO -- Epoch: [95m295[0m - Loss: [93m    0.581114[0m
INFO -- Epoch: [95m296[0m - Loss: [93m    0.623484[0m
INFO -- Epoch: [95m297[0m - Loss: [93m    0.607190[0m
INFO -- Epoch: [95m298[0m - Loss: [93m    0.557980[0m
INFO -- Epoch: [95m299[0m - Loss: [93m    0.565485[0m
INFO -- Epoch: [95m300[0m - Loss: [93m    0.556326[0m
INFO -- Epoch: [95m301[0m - Loss: [93m    0.581729[0m
INFO -- Epoch: [95m302[0m - Loss: [93m    0.575677[0m
INFO -- Epoch: [95m303[0m - Loss: [93m    0.562490[0m
INFO -- Epoch: [95m304[0m - Loss: [93m    0.554582[0m
INFO -- Epoch: [95m305[0m - Loss: [93m    0.551898[0m
INFO -- Epoch: [95m306[0m - Loss: [93m    0.598162[0m
INFO -- Epoch: [95m307[0m - Loss: [93m    0.569682[0m
INFO -- Epoch: [95m308[0m - Loss: [93m    0.561792[0m
INFO -- Epoch: [95m309[0m - Loss: [93m    0.556313[0m
INFO -- Epoch: [95m310[0m - Loss: [93m    0.577075[0m
INFO -- Epoch: [95m311[0m - Loss: [93m    0.563510[0m
INFO -- Epoch: [95m312[0m - Loss: [93m    0.559583[0m
INFO -- Epoch: [95m313[0m - Loss: [93m    0.556017[0m
INFO -- Epoch: [95m314[0m - Loss: [93m    0.553053[0m
INFO -- Epoch: [95m315[0m - Loss: [93m    0.557974[0m
INFO -- Epoch: [95m316[0m - Loss: [93m    0.552039[0m
INFO -- Epoch: [95m317[0m - Loss: [93m    0.566627[0m
INFO -- Epoch: [95m318[0m - Loss: [93m    0.554956[0m
INFO -- Epoch: [95m319[0m - Loss: [93m    0.552975[0m
INFO -- Epoch: [95m320[0m - Loss: [93m    0.553607[0m
INFO -- Epoch: [95m321[0m - Loss: [93m    0.557655[0m
INFO -- Epoch: [95m322[0m - Loss: [93m    0.555500[0m
INFO -- Epoch: [95m323[0m - Loss: [93m    0.559057[0m
INFO -- Epoch: [95m324[0m - Loss: [93m    0.559592[0m
INFO -- Epoch: [95m325[0m - Loss: [93m    0.559724[0m
INFO -- Epoch: [95m326[0m - Loss: [93m    0.554554[0m
INFO -- Epoch: [95m327[0m - Loss: [93m    0.553802[0m
INFO -- Epoch: [95m328[0m - Loss: [93m    0.566083[0m
INFO -- Epoch: [95m329[0m - Loss: [93m    0.560137[0m
INFO -- Epoch: [95m330[0m - Loss: [93m    0.553344[0m
INFO -- Epoch: [95m331[0m - Loss: [93m    0.554987[0m
INFO -- Epoch: [95m332[0m - Loss: [93m    0.556185[0m
INFO -- Epoch: [95m333[0m - Loss: [93m    0.557298[0m
INFO -- Epoch: [95m334[0m - Loss: [93m    0.557875[0m
INFO -- Epoch: [95m335[0m - Loss: [93m    0.555647[0m
INFO -- Epoch: [95m336[0m - Loss: [93m    0.554624[0m
INFO -- Epoch: [95m337[0m - Loss: [93m    0.553301[0m
INFO -- Epoch: [95m338[0m - Loss: [93m    0.563614[0m
INFO -- Epoch: [95m339[0m - Loss: [93m    0.555532[0m
INFO -- Epoch: [95m340[0m - Loss: [93m    0.555393[0m
INFO -- Epoch: [95m341[0m - Loss: [93m    0.557504[0m
INFO -- Epoch: [95m342[0m - Loss: [93m    0.557172[0m
INFO -- Epoch: [95m343[0m - Loss: [93m    0.556161[0m
INFO -- Epoch: [95m344[0m - Loss: [93m    0.554674[0m
INFO -- Epoch: [95m345[0m - Loss: [93m    0.556275[0m
INFO -- Epoch: [95m346[0m - Loss: [93m    0.553310[0m
INFO -- Epoch: [95m347[0m - Loss: [93m    0.553511[0m
INFO -- Epoch: [95m348[0m - Loss: [93m    0.552680[0m
INFO -- Epoch: [95m349[0m - Loss: [93m    0.561856[0m
INFO -- Epoch: [95m350[0m - Loss: [93m    0.553166[0m
INFO -- Epoch: [95m351[0m - Loss: [93m    0.554499[0m
INFO -- Epoch: [95m352[0m - Loss: [93m    0.555257[0m
INFO -- Epoch: [95m353[0m - Loss: [93m    0.555567[0m
INFO -- Epoch: [95m354[0m - Loss: [93m    0.554566[0m
INFO -- Epoch: [95m355[0m - Loss: [93m    0.553608[0m
INFO -- Epoch: [95m356[0m - Loss: [93m    0.554452[0m
INFO -- Epoch: [95m357[0m - Loss: [93m    0.569113[0m
INFO -- Epoch: [95m358[0m - Loss: [93m    0.554614[0m
INFO -- Epoch: [95m359[0m - Loss: [93m    0.558695[0m
INFO -- Epoch: [95m360[0m - Loss: [93m    0.561874[0m
INFO -- Epoch: [95m361[0m - Loss: [93m    0.558839[0m
INFO -- Epoch: [95m362[0m - Loss: [93m    0.556611[0m
INFO -- Epoch: [95m363[0m - Loss: [93m    0.554616[0m
INFO -- Epoch: [95m364[0m - Loss: [93m    0.553098[0m
INFO -- Epoch: [95m365[0m - Loss: [93m    0.553417[0m
INFO -- Epoch: [95m366[0m - Loss: [93m    0.569195[0m
INFO -- Epoch: [95m367[0m - Loss: [93m    0.554392[0m
INFO -- Epoch: [95m368[0m - Loss: [93m    0.554160[0m
INFO -- Epoch: [95m369[0m - Loss: [93m    0.554098[0m
INFO -- Epoch: [95m370[0m - Loss: [93m    0.555591[0m
INFO -- Epoch: [95m371[0m - Loss: [93m    0.556935[0m
INFO -- Epoch: [95m372[0m - Loss: [93m    0.554867[0m
INFO -- Epoch: [95m373[0m - Loss: [93m    0.556599[0m
INFO -- Epoch: [95m374[0m - Loss: [93m    0.554200[0m
INFO -- Epoch: [95m375[0m - Loss: [93m    0.553940[0m
INFO -- Epoch: [95m376[0m - Loss: [93m    0.554737[0m
INFO -- Epoch: [95m377[0m - Loss: [93m    0.553559[0m
INFO -- Epoch: [95m378[0m - Loss: [93m    0.554094[0m
INFO -- Epoch: [95m379[0m - Loss: [93m    0.553753[0m
INFO -- Epoch: [95m380[0m - Loss: [93m    0.556253[0m
INFO -- Epoch: [95m381[0m - Loss: [93m    0.554033[0m
INFO -- Epoch: [95m382[0m - Loss: [93m    0.555095[0m
INFO -- Epoch: [95m383[0m - Loss: [93m    0.554849[0m
INFO -- Epoch: [95m384[0m - Loss: [93m    0.554870[0m
INFO -- Epoch: [95m385[0m - Loss: [93m    0.554301[0m
INFO -- Epoch: [95m386[0m - Loss: [93m    0.553858[0m
INFO -- Epoch: [95m387[0m - Loss: [93m    0.554244[0m
INFO -- Epoch: [95m388[0m - Loss: [93m    0.555206[0m
INFO -- Epoch: [95m389[0m - Loss: [93m    0.552498[0m
INFO -- Epoch: [95m390[0m - Loss: [93m    0.552938[0m
INFO -- Epoch: [95m391[0m - Loss: [93m    0.568516[0m
INFO -- Epoch: [95m392[0m - Loss: [93m    0.555317[0m
INFO -- Epoch: [95m393[0m - Loss: [93m    0.560045[0m
INFO -- Epoch: [95m394[0m - Loss: [93m    0.568294[0m
INFO -- Epoch: [95m395[0m - Loss: [93m    0.562527[0m
INFO -- Epoch: [95m396[0m - Loss: [93m    0.557304[0m
INFO -- Epoch: [95m397[0m - Loss: [93m    0.554319[0m
INFO -- Epoch: [95m398[0m - Loss: [93m    0.559203[0m
INFO -- Epoch: [95m399[0m - Loss: [93m    0.557714[0m
INFO -- Epoch: [95m400[0m - Loss: [93m    0.552169[0m
INFO -- Epoch: [95m401[0m - Loss: [93m    0.553347[0m
INFO -- Epoch: [95m402[0m - Loss: [93m    0.558468[0m
INFO -- Epoch: [95m403[0m - Loss: [93m    0.553683[0m
INFO -- Epoch: [95m404[0m - Loss: [93m    0.554893[0m
INFO -- Epoch: [95m405[0m - Loss: [93m    0.555909[0m
INFO -- Epoch: [95m406[0m - Loss: [93m    0.555749[0m
INFO -- Epoch: [95m407[0m - Loss: [93m    0.555232[0m
INFO -- Epoch: [95m408[0m - Loss: [93m    0.553815[0m
INFO -- Epoch: [95m409[0m - Loss: [93m    0.552610[0m
INFO -- Epoch: [95m410[0m - Loss: [93m    0.558529[0m
INFO -- Epoch: [95m411[0m - Loss: [93m    0.558215[0m
INFO -- Epoch: [95m412[0m - Loss: [93m    0.556218[0m
INFO -- Epoch: [95m413[0m - Loss: [93m    0.555277[0m
INFO -- Epoch: [95m414[0m - Loss: [93m    0.558697[0m
INFO -- Epoch: [95m415[0m - Loss: [93m    0.558595[0m
INFO -- Epoch: [95m416[0m - Loss: [93m    0.554485[0m
INFO -- Epoch: [95m417[0m - Loss: [93m    0.554588[0m
INFO -- Epoch: [95m418[0m - Loss: [93m    0.554646[0m
INFO -- Epoch: [95m419[0m - Loss: [93m    0.554980[0m
INFO -- Epoch: [95m420[0m - Loss: [93m    0.560732[0m
INFO -- Epoch: [95m421[0m - Loss: [93m    0.557000[0m
INFO -- Epoch: [95m422[0m - Loss: [93m    0.553813[0m
INFO -- Epoch: [95m423[0m - Loss: [93m    0.555455[0m
INFO -- Epoch: [95m424[0m - Loss: [93m    0.556683[0m
INFO -- Epoch: [95m425[0m - Loss: [93m    0.557159[0m
INFO -- Epoch: [95m426[0m - Loss: [93m    0.556721[0m
INFO -- Epoch: [95m427[0m - Loss: [93m    0.554916[0m
INFO -- Epoch: [95m428[0m - Loss: [93m    0.559138[0m
INFO -- Epoch: [95m429[0m - Loss: [93m    0.555011[0m
INFO -- Epoch: [95m430[0m - Loss: [93m    0.555225[0m
INFO -- Epoch: [95m431[0m - Loss: [93m    0.555598[0m
INFO -- Epoch: [95m432[0m - Loss: [93m    0.555193[0m
INFO -- Epoch: [95m433[0m - Loss: [93m    0.554501[0m
INFO -- Epoch: [95m434[0m - Loss: [93m    0.556000[0m
INFO -- Epoch: [95m435[0m - Loss: [93m    0.553502[0m
INFO -- Epoch: [95m436[0m - Loss: [93m    0.554003[0m
INFO -- Epoch: [95m437[0m - Loss: [93m    0.557657[0m
INFO -- Epoch: [95m438[0m - Loss: [93m    0.554448[0m
INFO -- Epoch: [95m439[0m - Loss: [93m    0.555376[0m
INFO -- Epoch: [95m440[0m - Loss: [93m    0.555656[0m
INFO -- Epoch: [95m441[0m - Loss: [93m    0.555159[0m
INFO -- Epoch: [95m442[0m - Loss: [93m    0.554350[0m
INFO -- Epoch: [95m443[0m - Loss: [93m    0.553421[0m
INFO -- Epoch: [95m444[0m - Loss: [93m    0.557355[0m
INFO -- Epoch: [95m445[0m - Loss: [93m    0.557838[0m
INFO -- Epoch: [95m446[0m - Loss: [93m    0.554855[0m
INFO -- Epoch: [95m447[0m - Loss: [93m    0.555401[0m
INFO -- Epoch: [95m448[0m - Loss: [93m    0.556871[0m
INFO -- Epoch: [95m449[0m - Loss: [93m    0.556357[0m
INFO -- Epoch: [95m450[0m - Loss: [93m    0.555038[0m
INFO -- Epoch: [95m451[0m - Loss: [93m    0.553869[0m
INFO -- Epoch: [95m452[0m - Loss: [93m    0.555668[0m
INFO -- Epoch: [95m453[0m - Loss: [93m    0.552955[0m
INFO -- Epoch: [95m454[0m - Loss: [93m    0.562617[0m
INFO -- Epoch: [95m455[0m - Loss: [93m    0.553998[0m
INFO -- Epoch: [95m456[0m - Loss: [93m    0.554825[0m
INFO -- Epoch: [95m457[0m - Loss: [93m    0.556512[0m
INFO -- Epoch: [95m458[0m - Loss: [93m    0.556724[0m
INFO -- Epoch: [95m459[0m - Loss: [93m    0.555604[0m
INFO -- Epoch: [95m460[0m - Loss: [93m    0.553896[0m
INFO -- Epoch: [95m461[0m - Loss: [93m    0.557943[0m
INFO -- Epoch: [95m462[0m - Loss: [93m    0.552353[0m
INFO -- Epoch: [95m463[0m - Loss: [93m    0.553440[0m
INFO -- Epoch: [95m464[0m - Loss: [93m    0.553612[0m
INFO -- Epoch: [95m465[0m - Loss: [93m    0.563056[0m
INFO -- Epoch: [95m466[0m - Loss: [93m    0.554629[0m
INFO -- Epoch: [95m467[0m - Loss: [93m    0.557854[0m
INFO -- Epoch: [95m468[0m - Loss: [93m    0.560635[0m
INFO -- Epoch: [95m469[0m - Loss: [93m    0.558850[0m
INFO -- Epoch: [95m470[0m - Loss: [93m    0.554569[0m
INFO -- Epoch: [95m471[0m - Loss: [93m    0.554032[0m
INFO -- Epoch: [95m472[0m - Loss: [93m    0.556561[0m
INFO -- Epoch: [95m473[0m - Loss: [93m    0.597658[0m
INFO -- Epoch: [95m474[0m - Loss: [93m    0.557513[0m
INFO -- Epoch: [95m475[0m - Loss: [93m    0.574962[0m
INFO -- Epoch: [95m476[0m - Loss: [93m    0.573813[0m
INFO -- Epoch: [95m477[0m - Loss: [93m    0.600744[0m
INFO -- Epoch: [95m478[0m - Loss: [93m    0.559843[0m
INFO -- Epoch: [95m479[0m - Loss: [93m    0.551856[0m
INFO -- Epoch: [95m480[0m - Loss: [93m    0.559432[0m
INFO -- Epoch: [95m481[0m - Loss: [93m    0.754756[0m
INFO -- Epoch: [95m482[0m - Loss: [93m    0.553178[0m
INFO -- Epoch: [95m483[0m - Loss: [93m    0.563570[0m
INFO -- Epoch: [95m484[0m - Loss: [93m    0.604674[0m
INFO -- Epoch: [95m485[0m - Loss: [93m    0.596014[0m
INFO -- Epoch: [95m486[0m - Loss: [93m    0.590823[0m
INFO -- Epoch: [95m487[0m - Loss: [93m    0.577287[0m
INFO -- Epoch: [95m488[0m - Loss: [93m    0.577207[0m
INFO -- Epoch: [95m489[0m - Loss: [93m    0.554454[0m
INFO -- Epoch: [95m490[0m - Loss: [93m    0.567918[0m
INFO -- Epoch: [95m491[0m - Loss: [93m    0.556165[0m
INFO -- Epoch: [95m492[0m - Loss: [93m    0.633126[0m
INFO -- Epoch: [95m493[0m - Loss: [93m    0.554296[0m
INFO -- Epoch: [95m494[0m - Loss: [93m    0.552533[0m
INFO -- Epoch: [95m495[0m - Loss: [93m    0.555320[0m
INFO -- Epoch: [95m496[0m - Loss: [93m    0.562274[0m
INFO -- Epoch: [95m497[0m - Loss: [93m    0.565425[0m
INFO -- Epoch: [95m498[0m - Loss: [93m    0.560030[0m
INFO -- Epoch: [95m499[0m - Loss: [93m    0.556988[0m
INFO -- Epoch: [95m500[0m - Loss: [93m    0.554060[0m
INFO -- Epoch: [95m501[0m - Loss: [93m    0.552339[0m
INFO -- Epoch: [95m502[0m - Loss: [93m    0.563797[0m
INFO -- Epoch: [95m503[0m - Loss: [93m    0.582515[0m
INFO -- Epoch: [95m504[0m - Loss: [93m    0.553488[0m
INFO -- Epoch: [95m505[0m - Loss: [93m    0.557948[0m
INFO -- Epoch: [95m506[0m - Loss: [93m    0.566458[0m
INFO -- Epoch: [95m507[0m - Loss: [93m    0.566391[0m
INFO -- Epoch: [95m508[0m - Loss: [93m    0.566734[0m
INFO -- Epoch: [95m509[0m - Loss: [93m    0.557363[0m
INFO -- Epoch: [95m510[0m - Loss: [93m    0.555104[0m
INFO -- Epoch: [95m511[0m - Loss: [93m    0.555070[0m
INFO -- Epoch: [95m512[0m - Loss: [93m    0.575330[0m
INFO -- Epoch: [95m513[0m - Loss: [93m    0.555553[0m
INFO -- Epoch: [95m514[0m - Loss: [93m    0.552732[0m
INFO -- Epoch: [95m515[0m - Loss: [93m    0.552727[0m
INFO -- Epoch: [95m516[0m - Loss: [93m    0.553957[0m
INFO -- Epoch: [95m517[0m - Loss: [93m    0.554581[0m
INFO -- Epoch: [95m518[0m - Loss: [93m    0.554845[0m
INFO -- Epoch: [95m519[0m - Loss: [93m    0.554719[0m
INFO -- Epoch: [95m520[0m - Loss: [93m    0.555084[0m
INFO -- Epoch: [95m521[0m - Loss: [93m    0.553759[0m
INFO -- Epoch: [95m522[0m - Loss: [93m    0.554907[0m
INFO -- Epoch: [95m523[0m - Loss: [93m    0.553215[0m
INFO -- Epoch: [95m524[0m - Loss: [93m    0.555158[0m
INFO -- Epoch: [95m525[0m - Loss: [93m    0.555169[0m
INFO -- Epoch: [95m526[0m - Loss: [93m    0.553687[0m
INFO -- Epoch: [95m527[0m - Loss: [93m    0.554021[0m
INFO -- Epoch: [95m528[0m - Loss: [93m    0.553947[0m
INFO -- Epoch: [95m529[0m - Loss: [93m    0.553628[0m
INFO -- Epoch: [95m530[0m - Loss: [93m    0.556861[0m
INFO -- Epoch: [95m531[0m - Loss: [93m    0.554004[0m
INFO -- Epoch: [95m532[0m - Loss: [93m    0.553926[0m
INFO -- Epoch: [95m533[0m - Loss: [93m    0.554939[0m
INFO -- Epoch: [95m534[0m - Loss: [93m    0.553967[0m
INFO -- Epoch: [95m535[0m - Loss: [93m    0.554294[0m
INFO -- Epoch: [95m536[0m - Loss: [93m    0.554682[0m
INFO -- Epoch: [95m537[0m - Loss: [93m    0.553887[0m
INFO -- Epoch: [95m538[0m - Loss: [93m    0.556472[0m
INFO -- Epoch: [95m539[0m - Loss: [93m    0.554305[0m
INFO -- Epoch: [95m540[0m - Loss: [93m    0.554483[0m
INFO -- Epoch: [95m541[0m - Loss: [93m    0.554482[0m
INFO -- Epoch: [95m542[0m - Loss: [93m    0.554396[0m
INFO -- Epoch: [95m543[0m - Loss: [93m    0.553288[0m
INFO -- Epoch: [95m544[0m - Loss: [93m    0.553378[0m
INFO -- Epoch: [95m545[0m - Loss: [93m    0.562954[0m
INFO -- Epoch: [95m546[0m - Loss: [93m    0.553128[0m
INFO -- Epoch: [95m547[0m - Loss: [93m    0.554189[0m
INFO -- Epoch: [95m548[0m - Loss: [93m    0.554801[0m
INFO -- Epoch: [95m549[0m - Loss: [93m    0.554881[0m
INFO -- Epoch: [95m550[0m - Loss: [93m    0.554183[0m
INFO -- Epoch: [95m551[0m - Loss: [93m    0.553220[0m
INFO -- Epoch: [95m552[0m - Loss: [93m    0.552467[0m
INFO -- Epoch: [95m553[0m - Loss: [93m    0.562036[0m
INFO -- Epoch: [95m554[0m - Loss: [93m    0.552868[0m
INFO -- Epoch: [95m555[0m - Loss: [93m    0.556930[0m
INFO -- Epoch: [95m556[0m - Loss: [93m    0.554448[0m
INFO -- Epoch: [95m557[0m - Loss: [93m    0.555439[0m
INFO -- Epoch: [95m558[0m - Loss: [93m    0.556552[0m
INFO -- Epoch: [95m559[0m - Loss: [93m    0.556798[0m
INFO -- Epoch: [95m560[0m - Loss: [93m    0.555457[0m
INFO -- Epoch: [95m561[0m - Loss: [93m    0.553492[0m
INFO -- Epoch: [95m562[0m - Loss: [93m    0.555310[0m
INFO -- Epoch: [95m563[0m - Loss: [93m    0.554026[0m
INFO -- Epoch: [95m564[0m - Loss: [93m    0.557159[0m
INFO -- Epoch: [95m565[0m - Loss: [93m    0.553863[0m
INFO -- Epoch: [95m566[0m - Loss: [93m    0.553235[0m
INFO -- Epoch: [95m567[0m - Loss: [93m    0.555689[0m
INFO -- Epoch: [95m568[0m - Loss: [93m    0.554358[0m
INFO -- Epoch: [95m569[0m - Loss: [93m    0.555217[0m
INFO -- Epoch: [95m570[0m - Loss: [93m    0.555283[0m
INFO -- Epoch: [95m571[0m - Loss: [93m    0.554744[0m
INFO -- Epoch: [95m572[0m - Loss: [93m    0.553876[0m
INFO -- Epoch: [95m573[0m - Loss: [93m    0.554217[0m
INFO -- Epoch: [95m574[0m - Loss: [93m    0.553934[0m
INFO -- Epoch: [95m575[0m - Loss: [93m    0.554419[0m
INFO -- Epoch: [95m576[0m - Loss: [93m    0.553430[0m
INFO -- Epoch: [95m577[0m - Loss: [93m    0.558124[0m
INFO -- Epoch: [95m578[0m - Loss: [93m    0.553695[0m
INFO -- Epoch: [95m579[0m - Loss: [93m    0.554700[0m
INFO -- Epoch: [95m580[0m - Loss: [93m    0.555228[0m
INFO -- Epoch: [95m581[0m - Loss: [93m    0.555923[0m
INFO -- Epoch: [95m582[0m - Loss: [93m    0.555269[0m
INFO -- Epoch: [95m583[0m - Loss: [93m    0.554648[0m
INFO -- Epoch: [95m584[0m - Loss: [93m    0.555102[0m
INFO -- Epoch: [95m585[0m - Loss: [93m    0.553630[0m
INFO -- Epoch: [95m586[0m - Loss: [93m    0.553630[0m
INFO -- Epoch: [95m587[0m - Loss: [93m    0.552440[0m
INFO -- Epoch: [95m588[0m - Loss: [93m    0.561301[0m
INFO -- Epoch: [95m589[0m - Loss: [93m    0.554959[0m
INFO -- Epoch: [95m590[0m - Loss: [93m    0.555070[0m
INFO -- Epoch: [95m591[0m - Loss: [93m    0.558249[0m
INFO -- Epoch: [95m592[0m - Loss: [93m    0.556424[0m
INFO -- Epoch: [95m593[0m - Loss: [93m    0.553789[0m
INFO -- Epoch: [95m594[0m - Loss: [93m    0.552197[0m
INFO -- Epoch: [95m595[0m - Loss: [93m    0.552994[0m
INFO -- Epoch: [95m596[0m - Loss: [93m    0.562489[0m
INFO -- Epoch: [95m597[0m - Loss: [93m    0.556368[0m
INFO -- Epoch: [95m598[0m - Loss: [93m    0.555887[0m
INFO -- Epoch: [95m599[0m - Loss: [93m    0.556142[0m
INFO -- Epoch: [95m600[0m - Loss: [93m    0.553308[0m
INFO -- Epoch: [95m601[0m - Loss: [93m    0.555071[0m
INFO -- Epoch: [95m602[0m - Loss: [93m    0.556832[0m
INFO -- Epoch: [95m603[0m - Loss: [93m    0.555683[0m
INFO -- Epoch: [95m604[0m - Loss: [93m    0.554484[0m
INFO -- Epoch: [95m605[0m - Loss: [93m    0.553864[0m
INFO -- Epoch: [95m606[0m - Loss: [93m    0.565775[0m
INFO -- Epoch: [95m607[0m - Loss: [93m    0.554358[0m
INFO -- Epoch: [95m608[0m - Loss: [93m    0.556592[0m
INFO -- Epoch: [95m609[0m - Loss: [93m    0.559271[0m
INFO -- Epoch: [95m610[0m - Loss: [93m    0.556977[0m
INFO -- Epoch: [95m611[0m - Loss: [93m    0.554323[0m
INFO -- Epoch: [95m612[0m - Loss: [93m    0.559299[0m
INFO -- Epoch: [95m613[0m - Loss: [93m    0.554738[0m
INFO -- Epoch: [95m614[0m - Loss: [93m    0.553494[0m
INFO -- Epoch: [95m615[0m - Loss: [93m    0.553434[0m
INFO -- Epoch: [95m616[0m - Loss: [93m    0.553851[0m
INFO -- Epoch: [95m617[0m - Loss: [93m    0.556843[0m
INFO -- Epoch: [95m618[0m - Loss: [93m    0.554432[0m
INFO -- Epoch: [95m619[0m - Loss: [93m    0.555350[0m
INFO -- Epoch: [95m620[0m - Loss: [93m    0.555356[0m
INFO -- Epoch: [95m621[0m - Loss: [93m    0.554468[0m
INFO -- Epoch: [95m622[0m - Loss: [93m    0.554233[0m
INFO -- Epoch: [95m623[0m - Loss: [93m    0.552975[0m
INFO -- Epoch: [95m624[0m - Loss: [93m    0.555760[0m
INFO -- Epoch: [95m625[0m - Loss: [93m    0.552409[0m
INFO -- Epoch: [95m626[0m - Loss: [93m    0.565769[0m
INFO -- Epoch: [95m627[0m - Loss: [93m    0.554471[0m
INFO -- Epoch: [95m628[0m - Loss: [93m    0.558012[0m
INFO -- Epoch: [95m629[0m - Loss: [93m    0.562027[0m
INFO -- Epoch: [95m630[0m - Loss: [93m    0.556109[0m
INFO -- Epoch: [95m631[0m - Loss: [93m    0.555313[0m
INFO -- Epoch: [95m632[0m - Loss: [93m    0.558819[0m
INFO -- Epoch: [95m633[0m - Loss: [93m    0.557126[0m
INFO -- Epoch: [95m634[0m - Loss: [93m    0.553659[0m
INFO -- Epoch: [95m635[0m - Loss: [93m    0.554648[0m
INFO -- Epoch: [95m636[0m - Loss: [93m    0.555071[0m
INFO -- Epoch: [95m637[0m - Loss: [93m    0.554796[0m
INFO -- Epoch: [95m638[0m - Loss: [93m    0.554271[0m
INFO -- Epoch: [95m639[0m - Loss: [93m    0.554959[0m
INFO -- Epoch: [95m640[0m - Loss: [93m    0.555286[0m
INFO -- Epoch: [95m641[0m - Loss: [93m    0.553393[0m
INFO -- Epoch: [95m642[0m - Loss: [93m    0.558152[0m
INFO -- Epoch: [95m643[0m - Loss: [93m    0.555068[0m
INFO -- Epoch: [95m644[0m - Loss: [93m    0.557124[0m
INFO -- Epoch: [95m645[0m - Loss: [93m    0.556410[0m
INFO -- Epoch: [95m646[0m - Loss: [93m    0.555539[0m
INFO -- Epoch: [95m647[0m - Loss: [93m    0.554919[0m
INFO -- Epoch: [95m648[0m - Loss: [93m    0.557363[0m
INFO -- Epoch: [95m649[0m - Loss: [93m    0.553307[0m
INFO -- Epoch: [95m650[0m - Loss: [93m    0.554615[0m
INFO -- Epoch: [95m651[0m - Loss: [93m    0.554036[0m
INFO -- Epoch: [95m652[0m - Loss: [93m    0.554258[0m
INFO -- Epoch: [95m653[0m - Loss: [93m    0.553744[0m
INFO -- Epoch: [95m654[0m - Loss: [93m    0.555667[0m
INFO -- Epoch: [95m655[0m - Loss: [93m    0.554272[0m
INFO -- Epoch: [95m656[0m - Loss: [93m    0.553938[0m
INFO -- Epoch: [95m657[0m - Loss: [93m    0.553889[0m
INFO -- Epoch: [95m658[0m - Loss: [93m    0.554880[0m
INFO -- Epoch: [95m659[0m - Loss: [93m    0.553399[0m
INFO -- Epoch: [95m660[0m - Loss: [93m    0.558819[0m
INFO -- Epoch: [95m661[0m - Loss: [93m    0.554786[0m
INFO -- Epoch: [95m662[0m - Loss: [93m    0.556487[0m
INFO -- Epoch: [95m663[0m - Loss: [93m    0.556328[0m
INFO -- Epoch: [95m664[0m - Loss: [93m    0.555012[0m
INFO -- Epoch: [95m665[0m - Loss: [93m    0.553912[0m
INFO -- Epoch: [95m666[0m - Loss: [93m    0.554560[0m
INFO -- Epoch: [95m667[0m - Loss: [93m    0.558398[0m
INFO -- Epoch: [95m668[0m - Loss: [93m    0.560209[0m
INFO -- Epoch: [95m669[0m - Loss: [93m    0.554437[0m
INFO -- Epoch: [95m670[0m - Loss: [93m    0.557132[0m
INFO -- Epoch: [95m671[0m - Loss: [93m    0.559747[0m
INFO -- Epoch: [95m672[0m - Loss: [93m    0.557326[0m
INFO -- Epoch: [95m673[0m - Loss: [93m    0.554315[0m
INFO -- Epoch: [95m674[0m - Loss: [93m    0.554870[0m
INFO -- Epoch: [95m675[0m - Loss: [93m    0.551574[0m
INFO -- Epoch: [95m676[0m - Loss: [93m    0.552491[0m
INFO -- Epoch: [95m677[0m - Loss: [93m    0.569737[0m
INFO -- Epoch: [95m678[0m - Loss: [93m    0.563305[0m
INFO -- Epoch: [95m679[0m - Loss: [93m    0.553574[0m
INFO -- Epoch: [95m680[0m - Loss: [93m    0.556914[0m
INFO -- Epoch: [95m681[0m - Loss: [93m    0.561751[0m
INFO -- Epoch: [95m682[0m - Loss: [93m    0.570606[0m
INFO -- Epoch: [95m683[0m - Loss: [93m    0.554119[0m
INFO -- Epoch: [95m684[0m - Loss: [93m    0.559757[0m
INFO -- Epoch: [95m685[0m - Loss: [93m    0.551550[0m
INFO -- Epoch: [95m686[0m - Loss: [93m    0.565226[0m
INFO -- Epoch: [95m687[0m - Loss: [93m    0.594124[0m
INFO -- Epoch: [95m688[0m - Loss: [93m    0.556938[0m
INFO -- Epoch: [95m689[0m - Loss: [93m    0.557669[0m
INFO -- Epoch: [95m690[0m - Loss: [93m    0.565948[0m
INFO -- Epoch: [95m691[0m - Loss: [93m    0.603035[0m
INFO -- Epoch: [95m692[0m - Loss: [93m    0.566939[0m
INFO -- Epoch: [95m693[0m - Loss: [93m    0.555448[0m
INFO -- Epoch: [95m694[0m - Loss: [93m    0.555084[0m
INFO -- Epoch: [95m695[0m - Loss: [93m    0.570956[0m
INFO -- Epoch: [95m696[0m - Loss: [93m    0.557872[0m
INFO -- Epoch: [95m697[0m - Loss: [93m    0.614476[0m
INFO -- Epoch: [95m698[0m - Loss: [93m    0.554787[0m
INFO -- Epoch: [95m699[0m - Loss: [93m    0.562553[0m
INFO -- Epoch: [95m700[0m - Loss: [93m    0.574047[0m
INFO -- Epoch: [95m701[0m - Loss: [93m    0.644638[0m
INFO -- Epoch: [95m702[0m - Loss: [93m    0.569358[0m
INFO -- Epoch: [95m703[0m - Loss: [93m    0.553481[0m
INFO -- Epoch: [95m704[0m - Loss: [93m    0.562965[0m
INFO -- Epoch: [95m705[0m - Loss: [93m    0.656978[0m
INFO -- Epoch: [95m706[0m - Loss: [93m    0.565690[0m
INFO -- Epoch: [95m707[0m - Loss: [93m    0.568617[0m
INFO -- Epoch: [95m708[0m - Loss: [93m    0.564344[0m
INFO -- Epoch: [95m709[0m - Loss: [93m    0.609868[0m
INFO -- Epoch: [95m710[0m - Loss: [93m    0.621581[0m
INFO -- Epoch: [95m711[0m - Loss: [93m    0.666514[0m
INFO -- Epoch: [95m712[0m - Loss: [93m    0.554971[0m
INFO -- Epoch: [95m713[0m - Loss: [93m    0.553642[0m
INFO -- Epoch: [95m714[0m - Loss: [93m    0.642502[0m
INFO -- Epoch: [95m715[0m - Loss: [93m    0.782535[0m
INFO -- Epoch: [95m716[0m - Loss: [93m    0.590383[0m
INFO -- Epoch: [95m717[0m - Loss: [93m    0.586410[0m
INFO -- Epoch: [95m718[0m - Loss: [93m    0.569273[0m
INFO -- Epoch: [95m719[0m - Loss: [93m    0.581499[0m
INFO -- Epoch: [95m720[0m - Loss: [93m    0.608621[0m
INFO -- Epoch: [95m721[0m - Loss: [93m    0.614494[0m
INFO -- Epoch: [95m722[0m - Loss: [93m    0.693520[0m
INFO -- Epoch: [95m723[0m - Loss: [93m    0.610833[0m
INFO -- Epoch: [95m724[0m - Loss: [93m    0.555655[0m
INFO -- Epoch: [95m725[0m - Loss: [93m    0.570112[0m
INFO -- Epoch: [95m726[0m - Loss: [93m    0.580345[0m
INFO -- Epoch: [95m727[0m - Loss: [93m    0.680388[0m
INFO -- Epoch: [95m728[0m - Loss: [93m    0.907672[0m
INFO -- Epoch: [95m729[0m - Loss: [93m    0.555193[0m
INFO -- Epoch: [95m730[0m - Loss: [93m    0.588429[0m
INFO -- Epoch: [95m731[0m - Loss: [93m    0.667563[0m
INFO -- Epoch: [95m732[0m - Loss: [93m    0.695177[0m
INFO -- Epoch: [95m733[0m - Loss: [93m    0.887145[0m
INFO -- Epoch: [95m734[0m - Loss: [93m    0.775994[0m
INFO -- Epoch: [95m735[0m - Loss: [93m    0.835129[0m
INFO -- Epoch: [95m736[0m - Loss: [93m    0.559553[0m
INFO -- Epoch: [95m737[0m - Loss: [93m    0.562205[0m
INFO -- Epoch: [95m738[0m - Loss: [93m    0.809737[0m
INFO -- Epoch: [95m739[0m - Loss: [93m    0.882042[0m
INFO -- Epoch: [95m740[0m - Loss: [93m    0.611808[0m
INFO -- Epoch: [95m741[0m - Loss: [93m    0.754704[0m
INFO -- Epoch: [95m742[0m - Loss: [93m    0.620361[0m
INFO -- Epoch: [95m743[0m - Loss: [93m    0.641648[0m
INFO -- Epoch: [95m744[0m - Loss: [93m    0.555172[0m
INFO -- Epoch: [95m745[0m - Loss: [93m    0.572132[0m
INFO -- Epoch: [95m746[0m - Loss: [93m    0.615234[0m
INFO -- Epoch: [95m747[0m - Loss: [93m    0.614588[0m
INFO -- Epoch: [95m748[0m - Loss: [93m    0.597355[0m
INFO -- Epoch: [95m749[0m - Loss: [93m    0.572770[0m
INFO -- Epoch: [95m750[0m - Loss: [93m    0.566517[0m
INFO -- Epoch: [95m751[0m - Loss: [93m    0.556550[0m
INFO -- Epoch: [95m752[0m - Loss: [93m    0.555626[0m
INFO -- Epoch: [95m753[0m - Loss: [93m    0.596113[0m
INFO -- Epoch: [95m754[0m - Loss: [93m    0.576763[0m
INFO -- Epoch: [95m755[0m - Loss: [93m    0.559302[0m
INFO -- Epoch: [95m756[0m - Loss: [93m    0.553780[0m
INFO -- Epoch: [95m757[0m - Loss: [93m    0.556569[0m
INFO -- Epoch: [95m758[0m - Loss: [93m    0.560093[0m
INFO -- Epoch: [95m759[0m - Loss: [93m    0.569572[0m
INFO -- Epoch: [95m760[0m - Loss: [93m    0.567518[0m
INFO -- Epoch: [95m761[0m - Loss: [93m    0.559949[0m
INFO -- Epoch: [95m762[0m - Loss: [93m    0.555028[0m
INFO -- Epoch: [95m763[0m - Loss: [93m    0.557510[0m
INFO -- Epoch: [95m764[0m - Loss: [93m    0.568247[0m
INFO -- Training interrupted by user at epoch [91m765[0m
INFO -- Creating plots and saving to files. Dimensions: 1
