INFO -- Device: cuda
INFO -- [92mOne dimentional problem[0m
INFO -- 
INFO -- ================================================================================
INFO -- Learning parameters
INFO -- Length:                                           [92m1.0[0m
INFO -- Total time:                                       [92m1.0[0m
INFO -- Number of points in x:                            [92m40[0m
INFO -- Number of points in initial condition:            [92m300[0m
INFO -- Weight for interior loss:                         [92m50.0[0m
INFO -- Weight for initial condition loss:                [92m0.5[0m
INFO -- Weight for boundary loss:                         [92m1.0[0m
INFO -- Layers:                                           [92m4[0m
INFO -- Neurons per layer:                                [92m20[0m
INFO -- Epochs:                                           [92m1[0m
INFO -- Learning rate:                                    [92m0.01[0m
INFO -- ================================================================================
INFO -- 
INFO -- Creating PINN with [92m4[0m layers and [92m20[0m neurons per layer
INFO -- Computing initial condition loss
INFO -- Training PINN for [93m1[0m epochs using [93mloss_fn_weak_and_strong[0m loss function
DEBUG -- loss_weak components:
DEBUG -- dfdx(pinn, x, order=1).cuda() * v
DEBUG -- tensor([[-0.0530,  0.0035,  0.0010,  ...,  0.0061,  0.0013,  0.0014],
        [-0.2768,  0.0180,  0.0054,  ...,  0.0321,  0.0067,  0.0075],
        [ 0.2452, -0.0160, -0.0048,  ..., -0.0284, -0.0060, -0.0067],
        ...,
        [ 0.2954, -0.0193, -0.0058,  ..., -0.0342, -0.0072, -0.0080],
        [-0.1825,  0.0119,  0.0036,  ...,  0.0211,  0.0044,  0.0050],
        [ 0.5514, -0.0360, -0.0108,  ..., -0.0639, -0.0134, -0.0150]],
       device='cuda:0', grad_fn=<MulBackward0>)
DEBUG -- eps_interior*dfdx(pinn, x, order=2) * v_deriv_x
DEBUG -- tensor([[-2.2809],
        [-0.4271],
        [ 0.7607],
        [-0.0813],
        [-0.0953],
        [-0.6675],
        [ 0.1388],
        [ 0.1940],
        [ 0.0772],
        [-0.1089],
        [ 1.1247],
        [-0.0324],
        [ 0.0090],
        [ 0.1305],
        [ 0.0161],
        [ 0.1125],
        [ 0.4138],
        [ 0.2427],
        [ 0.5433],
        [-0.2937],
        [ 0.0521],
        [ 0.2984],
        [ 0.4216],
        [-0.1897],
        [-0.3393],
        [-0.4051],
        [ 0.1204],
        [-0.0102],
        [ 0.4792],
        [ 0.3410],
        [-0.2593],
        [ 0.1804],
        [-0.0175],
        [-0.2257],
        [ 0.1332],
        [-0.0331],
        [ 0.0130],
        [ 0.0249],
        [-0.3040],
        [-0.0000]], device='cuda:0', grad_fn=<MulBackward0>)
DEBUG -- ++++++++++++++++++++++++++++++++++++++++++++++++++++++++++++++++++++++++++++++++++++++++++++++++++++
DEBUG -- eps_interior
DEBUG -- 0.1
DEBUG -- dfdx(pinn, x, order=2)
DEBUG -- tensor([[-0.0092],
        [-0.0086],
        [ 0.0211],
        [-0.0156],
        [-0.0022],
        [ 0.0080],
        [ 0.0128],
        [-0.0089],
        [-0.0022],
        [ 0.0021],
        [ 0.0187],
        [ 0.0006],
        [-0.0010],
        [-0.0078],
        [ 0.0014],
        [ 0.0043],
        [-0.0168],
        [-0.0067],
        [ 0.0205],
        [ 0.0177],
        [-0.0079],
        [ 0.0237],
        [ 0.0056],
        [ 0.0107],
        [ 0.0186],
        [ 0.0083],
        [-0.0033],
        [ 0.0019],
        [ 0.0108],
        [-0.0075],
        [ 0.0057],
        [-0.0136],
        [-0.0059],
        [ 0.0055],
        [ 0.0027],
        [-0.0053],
        [ 0.0004],
        [-0.0027],
        [ 0.0042],
        [ 0.0061]], device='cuda:0', grad_fn=<TransposeBackward0>)
DEBUG -- v_deriv_x
DEBUG -- tensor([[2484.9521],
        [ 495.6837],
        [ 360.3385],
        [  52.1229],
        [ 424.0485],
        [-835.4779],
        [ 108.6361],
        [-218.4349],
        [-344.7766],
        [-523.3742],
        [ 600.2662],
        [-559.5374],
        [ -92.1573],
        [-167.4975],
        [ 116.7481],
        [ 259.4949],
        [-245.6565],
        [-363.8096],
        [ 264.9670],
        [-165.8618],
        [ -66.3561],
        [ 126.0676],
        [ 751.0883],
        [-176.4924],
        [-182.3582],
        [-490.6642],
        [-368.3538],
        [ -53.6606],
        [ 445.3817],
        [-451.7332],
        [-454.7982],
        [-132.7015],
        [  29.7386],
        [-412.1286],
        [ 489.0822],
        [  62.9820],
        [ 328.8466],
        [ -91.8059],
        [-722.7552],
        [  -0.0000]], device='cuda:0')
DEBUG -- ++++++++++++++++++++++++++++++++++++++++++++++++++++++++++++++++++++++++++++++++++++++++++++++++++++
DEBUG -- final: torch.trapezoid(dfdx(pinn, x, order=1).cuda() * v + eps_interior*dfdx(pinn, x, order=2) * v_deriv_x, dx=1/n)
DEBUG -- tensor([-2.2206e+00, -3.9931e-01,  7.2650e-01, -7.9021e-02, -7.2613e-02,
        -6.3554e-01,  1.3546e-01,  1.6643e-01,  6.3100e-02, -1.1558e-01,
         1.0617e+00, -2.5476e-02, -4.6033e-03,  1.5372e-01,  3.5184e-02,
         1.0669e-01,  4.2943e-01,  2.4532e-01,  5.2257e-01, -2.9860e-01,
         6.6735e-02,  2.9507e-01,  4.1499e-01, -1.8921e-01, -3.1902e-01,
        -3.9704e-01,  1.1098e-01, -2.5524e-02,  4.7260e-01,  3.2059e-01,
        -2.3412e-01,  2.1071e-01, -2.2779e-02, -2.0022e-01,  1.1475e-01,
        -2.2721e-02,  2.2200e-03,  6.0432e-03, -2.8507e-01, -3.4102e-02],
       device='cuda:0', grad_fn=<MulBackward1>)
DEBUG -- loss_strong components:
DEBUG -- eps_interior*dfdx(pinn, x, order=2)
DEBUG -- tensor([[-9.1790e-04],
        [-8.6166e-04],
        [ 2.1110e-03],
        [-1.5598e-03],
        [-2.2472e-04],
        [ 7.9895e-04],
        [ 1.2781e-03],
        [-8.8825e-04],
        [-2.2377e-04],
        [ 2.0808e-04],
        [ 1.8737e-03],
        [ 5.7950e-05],
        [-9.7834e-05],
        [-7.7933e-04],
        [ 1.3831e-04],
        [ 4.3337e-04],
        [-1.6845e-03],
        [-6.6700e-04],
        [ 2.0505e-03],
        [ 1.7708e-03],
        [-7.8590e-04],
        [ 2.3667e-03],
        [ 5.6130e-04],
        [ 1.0748e-03],
        [ 1.8606e-03],
        [ 8.2569e-04],
        [-3.2690e-04],
        [ 1.9068e-04],
        [ 1.0759e-03],
        [-7.5496e-04],
        [ 5.7007e-04],
        [-1.3598e-03],
        [-5.8770e-04],
        [ 5.4771e-04],
        [ 2.7231e-04],
        [-5.2578e-04],
        [ 3.9615e-05],
        [-2.7162e-04],
        [ 4.2055e-04],
        [ 6.1263e-04]], device='cuda:0', grad_fn=<MulBackward0>)
DEBUG -- dfdx(pinn, x, order=1)
DEBUG -- tensor([[ 0.0080],
        [ 0.0418],
        [-0.0370],
        [ 0.0006],
        [ 0.0495],
        [ 0.0373],
        [ 0.0002],
        [-0.0555],
        [-0.0296],
        [-0.0229],
        [-0.0851],
        [ 0.0150],
        [-0.0327],
        [ 0.0645],
        [ 0.0474],
        [-0.0072],
        [ 0.0633],
        [ 0.0213],
        [-0.0175],
        [-0.0298],
        [ 0.0388],
        [ 0.0102],
        [ 0.0096],
        [-0.0104],
        [ 0.0288],
        [-0.0049],
        [-0.0157],
        [-0.0379],
        [ 0.0131],
        [-0.0291],
        [ 0.0455],
        [ 0.0848],
        [-0.0140],
        [ 0.0484],
        [-0.0368],
        [ 0.0233],
        [-0.0256],
        [-0.0446],
        [ 0.0275],
        [-0.0832]], device='cuda:0', grad_fn=<TransposeBackward0>)
DEBUG -- final: torch.trapezoid((- eps_interior*dfdx(pinn, x, order=2) + dfdx(pinn, x, order=1)) * v, dx=1/n)
DEBUG -- tensor([ 0.0037,  0.0175, -0.0160,  0.0009,  0.0204,  0.0149, -0.0004, -0.0224,
        -0.0120, -0.0095, -0.0357,  0.0061, -0.0134,  0.0268,  0.0194, -0.0031,
         0.0267,  0.0090, -0.0080, -0.0130,  0.0162,  0.0032,  0.0037, -0.0047,
         0.0110, -0.0024, -0.0063, -0.0156,  0.0049, -0.0116,  0.0184,  0.0353,
        -0.0055,  0.0196, -0.0152,  0.0098, -0.0105, -0.0182,  0.0111, -0.0344],
       device='cuda:0', grad_fn=<MulBackward1>)
INFO -- Training took [92m1.91[0m seconds
INFO -- Creating plots and saving to files. Dimensions: 1
