INFO -- Device: cuda
INFO -- 
INFO -- ================================================================================
INFO -- Learning parameters
INFO -- Length:                                           [92m1.0[0m
INFO -- Total time:                                       [92m1.0[0m
INFO -- Number of points in x:                            [92m150[0m
INFO -- Number of points in initial condition:            [92m300[0m
INFO -- Weight for interior loss:                         [92m0.5[0m
INFO -- Weight for initial condition loss:                [92m150.0[0m
INFO -- Weight for boundary loss:                         [92m1.0[0m
INFO -- Layers:                                           [92m4[0m
INFO -- Neurons per layer:                                [92m20[0m
INFO -- Epochs:                                           [92m50000[0m
INFO -- Learning rate:                                    [92m0.0025[0m
INFO -- ================================================================================
INFO -- 
INFO -- Creating PINN with [92m4[0m layers and [92m20[0m neurons per layer
INFO -- Computing initial condition loss
INFO -- Training PINN for [93m50000[0m epochs using [93mloss_fn_strong[0m loss function
INFO -- Epoch: [95m1[0m - Loss: [93m    1.936278[0m
INFO -- Epoch: [95m2[0m - Loss: [93m    2.517542[0m
INFO -- Epoch: [95m3[0m - Loss: [93m    1.768450[0m
INFO -- Epoch: [95m4[0m - Loss: [93m    1.380070[0m
INFO -- Epoch: [95m5[0m - Loss: [93m    1.657290[0m
INFO -- Epoch: [95m6[0m - Loss: [93m    1.694789[0m
INFO -- Epoch: [95m7[0m - Loss: [93m    1.417028[0m
INFO -- Epoch: [95m8[0m - Loss: [93m    1.200131[0m
INFO -- Epoch: [95m9[0m - Loss: [93m    1.205298[0m
INFO -- Epoch: [95m10[0m - Loss: [93m    1.291779[0m
INFO -- Epoch: [95m11[0m - Loss: [93m    1.264121[0m
INFO -- Epoch: [95m12[0m - Loss: [93m    1.123369[0m
INFO -- Epoch: [95m13[0m - Loss: [93m    1.000673[0m
INFO -- Epoch: [95m14[0m - Loss: [93m    0.979205[0m
INFO -- Epoch: [95m15[0m - Loss: [93m    1.018260[0m
INFO -- Epoch: [95m16[0m - Loss: [93m    1.017066[0m
INFO -- Epoch: [95m17[0m - Loss: [93m    0.942778[0m
INFO -- Epoch: [95m18[0m - Loss: [93m    0.851916[0m
INFO -- Epoch: [95m19[0m - Loss: [93m    0.810045[0m
INFO -- Epoch: [95m20[0m - Loss: [93m    0.821170[0m
INFO -- Epoch: [95m21[0m - Loss: [93m    0.828849[0m
INFO -- Epoch: [95m22[0m - Loss: [93m    0.790456[0m
INFO -- Epoch: [95m23[0m - Loss: [93m    0.728251[0m
INFO -- Epoch: [95m24[0m - Loss: [93m    0.691727[0m
INFO -- Epoch: [95m25[0m - Loss: [93m    0.694079[0m
INFO -- Epoch: [95m26[0m - Loss: [93m    0.699925[0m
INFO -- Epoch: [95m27[0m - Loss: [93m    0.676313[0m
INFO -- Epoch: [95m28[0m - Loss: [93m    0.635425[0m
INFO -- Epoch: [95m29[0m - Loss: [93m    0.612765[0m
INFO -- Epoch: [95m30[0m - Loss: [93m    0.617520[0m
INFO -- Epoch: [95m31[0m - Loss: [93m    0.621045[0m
INFO -- Epoch: [95m32[0m - Loss: [93m    0.602055[0m
INFO -- Epoch: [95m33[0m - Loss: [93m    0.577873[0m
INFO -- Epoch: [95m34[0m - Loss: [93m    0.573110[0m
INFO -- Epoch: [95m35[0m - Loss: [93m    0.581558[0m
INFO -- Epoch: [95m36[0m - Loss: [93m    0.579583[0m
INFO -- Epoch: [95m37[0m - Loss: [93m    0.564968[0m
INFO -- Epoch: [95m38[0m - Loss: [93m    0.557218[0m
INFO -- Epoch: [95m39[0m - Loss: [93m    0.563707[0m
INFO -- Epoch: [95m40[0m - Loss: [93m    0.568602[0m
INFO -- Epoch: [95m41[0m - Loss: [93m    0.562076[0m
INFO -- Epoch: [95m42[0m - Loss: [93m    0.556033[0m
INFO -- Epoch: [95m43[0m - Loss: [93m    0.560239[0m
INFO -- Epoch: [95m44[0m - Loss: [93m    0.565918[0m
INFO -- Epoch: [95m45[0m - Loss: [93m    0.563611[0m
INFO -- Epoch: [95m46[0m - Loss: [93m    0.559298[0m
INFO -- Epoch: [95m47[0m - Loss: [93m    0.561481[0m
INFO -- Epoch: [95m48[0m - Loss: [93m    0.565852[0m
INFO -- Epoch: [95m49[0m - Loss: [93m    0.564792[0m
INFO -- Epoch: [95m50[0m - Loss: [93m    0.561469[0m
INFO -- Epoch: [95m51[0m - Loss: [93m    0.562236[0m
INFO -- Epoch: [95m52[0m - Loss: [93m    0.564792[0m
INFO -- Epoch: [95m53[0m - Loss: [93m    0.563891[0m
INFO -- Epoch: [95m54[0m - Loss: [93m    0.561147[0m
INFO -- Epoch: [95m55[0m - Loss: [93m    0.560947[0m
INFO -- Epoch: [95m56[0m - Loss: [93m    0.562228[0m
INFO -- Epoch: [95m57[0m - Loss: [93m    0.561385[0m
INFO -- Epoch: [95m58[0m - Loss: [93m    0.559216[0m
INFO -- Epoch: [95m59[0m - Loss: [93m    0.558692[0m
INFO -- Epoch: [95m60[0m - Loss: [93m    0.559319[0m
INFO -- Epoch: [95m61[0m - Loss: [93m    0.558733[0m
INFO -- Epoch: [95m62[0m - Loss: [93m    0.557231[0m
INFO -- Epoch: [95m63[0m - Loss: [93m    0.556750[0m
INFO -- Epoch: [95m64[0m - Loss: [93m    0.557176[0m
INFO -- Epoch: [95m65[0m - Loss: [93m    0.556937[0m
INFO -- Epoch: [95m66[0m - Loss: [93m    0.556040[0m
INFO -- Epoch: [95m67[0m - Loss: [93m    0.555750[0m
INFO -- Epoch: [95m68[0m - Loss: [93m    0.556126[0m
INFO -- Epoch: [95m69[0m - Loss: [93m    0.556147[0m
INFO -- Epoch: [95m70[0m - Loss: [93m    0.555683[0m
INFO -- Epoch: [95m71[0m - Loss: [93m    0.555540[0m
INFO -- Epoch: [95m72[0m - Loss: [93m    0.555864[0m
INFO -- Epoch: [95m73[0m - Loss: [93m    0.555995[0m
INFO -- Epoch: [95m74[0m - Loss: [93m    0.555760[0m
INFO -- Epoch: [95m75[0m - Loss: [93m    0.555678[0m
INFO -- Epoch: [95m76[0m - Loss: [93m    0.555909[0m
INFO -- Epoch: [95m77[0m - Loss: [93m    0.556030[0m
INFO -- Epoch: [95m78[0m - Loss: [93m    0.555883[0m
INFO -- Epoch: [95m79[0m - Loss: [93m    0.555805[0m
INFO -- Epoch: [95m80[0m - Loss: [93m    0.555936[0m
INFO -- Epoch: [95m81[0m - Loss: [93m    0.556000[0m
INFO -- Epoch: [95m82[0m - Loss: [93m    0.555876[0m
INFO -- Epoch: [95m83[0m - Loss: [93m    0.555793[0m
INFO -- Epoch: [95m84[0m - Loss: [93m    0.555852[0m
INFO -- Epoch: [95m85[0m - Loss: [93m    0.555867[0m
INFO -- Epoch: [95m86[0m - Loss: [93m    0.555758[0m
INFO -- Epoch: [95m87[0m - Loss: [93m    0.555686[0m
INFO -- Epoch: [95m88[0m - Loss: [93m    0.555712[0m
INFO -- Epoch: [95m89[0m - Loss: [93m    0.555705[0m
INFO -- Epoch: [95m90[0m - Loss: [93m    0.555621[0m
INFO -- Epoch: [95m91[0m - Loss: [93m    0.555576[0m
INFO -- Epoch: [95m92[0m - Loss: [93m    0.555598[0m
INFO -- Epoch: [95m93[0m - Loss: [93m    0.555587[0m
INFO -- Epoch: [95m94[0m - Loss: [93m    0.555533[0m
INFO -- Epoch: [95m95[0m - Loss: [93m    0.555519[0m
INFO -- Epoch: [95m96[0m - Loss: [93m    0.555542[0m
INFO -- Epoch: [95m97[0m - Loss: [93m    0.555534[0m
INFO -- Epoch: [95m98[0m - Loss: [93m    0.555505[0m
INFO -- Epoch: [95m99[0m - Loss: [93m    0.555511[0m
INFO -- Epoch: [95m100[0m - Loss: [93m    0.555531[0m
INFO -- Epoch: [95m101[0m - Loss: [93m    0.555522[0m
INFO -- Epoch: [95m102[0m - Loss: [93m    0.555510[0m
INFO -- Epoch: [95m103[0m - Loss: [93m    0.555522[0m
INFO -- Epoch: [95m104[0m - Loss: [93m    0.555533[0m
INFO -- Epoch: [95m105[0m - Loss: [93m    0.555522[0m
INFO -- Epoch: [95m106[0m - Loss: [93m    0.555518[0m
INFO -- Epoch: [95m107[0m - Loss: [93m    0.555528[0m
INFO -- Epoch: [95m108[0m - Loss: [93m    0.555528[0m
INFO -- Epoch: [95m109[0m - Loss: [93m    0.555517[0m
INFO -- Epoch: [95m110[0m - Loss: [93m    0.555516[0m
INFO -- Epoch: [95m111[0m - Loss: [93m    0.555520[0m
INFO -- Epoch: [95m112[0m - Loss: [93m    0.555515[0m
INFO -- Epoch: [95m113[0m - Loss: [93m    0.555507[0m
INFO -- Epoch: [95m114[0m - Loss: [93m    0.555508[0m
INFO -- Epoch: [95m115[0m - Loss: [93m    0.555508[0m
INFO -- Epoch: [95m116[0m - Loss: [93m    0.555501[0m
INFO -- Epoch: [95m117[0m - Loss: [93m    0.555498[0m
INFO -- Epoch: [95m118[0m - Loss: [93m    0.555499[0m
INFO -- Epoch: [95m119[0m - Loss: [93m    0.555497[0m
INFO -- Epoch: [95m120[0m - Loss: [93m    0.555492[0m
INFO -- Epoch: [95m121[0m - Loss: [93m    0.555493[0m
INFO -- Epoch: [95m122[0m - Loss: [93m    0.555493[0m
INFO -- Epoch: [95m123[0m - Loss: [93m    0.555491[0m
INFO -- Epoch: [95m124[0m - Loss: [93m    0.555490[0m
INFO -- Epoch: [95m125[0m - Loss: [93m    0.555491[0m
INFO -- Epoch: [95m126[0m - Loss: [93m    0.555490[0m
INFO -- Epoch: [95m127[0m - Loss: [93m    0.555489[0m
INFO -- Epoch: [95m128[0m - Loss: [93m    0.555489[0m
INFO -- Epoch: [95m129[0m - Loss: [93m    0.555489[0m
INFO -- Epoch: [95m130[0m - Loss: [93m    0.555488[0m
INFO -- Epoch: [95m131[0m - Loss: [93m    0.555487[0m
INFO -- Epoch: [95m132[0m - Loss: [93m    0.555487[0m
INFO -- Epoch: [95m133[0m - Loss: [93m    0.555487[0m
INFO -- Epoch: [95m134[0m - Loss: [93m    0.555485[0m
INFO -- Epoch: [95m135[0m - Loss: [93m    0.555485[0m
INFO -- Epoch: [95m136[0m - Loss: [93m    0.555485[0m
INFO -- Epoch: [95m137[0m - Loss: [93m    0.555484[0m
INFO -- Epoch: [95m138[0m - Loss: [93m    0.555483[0m
INFO -- Epoch: [95m139[0m - Loss: [93m    0.555482[0m
INFO -- Epoch: [95m140[0m - Loss: [93m    0.555481[0m
INFO -- Epoch: [95m141[0m - Loss: [93m    0.555480[0m
INFO -- Epoch: [95m142[0m - Loss: [93m    0.555480[0m
INFO -- Epoch: [95m143[0m - Loss: [93m    0.555479[0m
INFO -- Epoch: [95m144[0m - Loss: [93m    0.555479[0m
INFO -- Epoch: [95m145[0m - Loss: [93m    0.555478[0m
INFO -- Epoch: [95m146[0m - Loss: [93m    0.555477[0m
INFO -- Epoch: [95m147[0m - Loss: [93m    0.555477[0m
INFO -- Epoch: [95m148[0m - Loss: [93m    0.555476[0m
INFO -- Epoch: [95m149[0m - Loss: [93m    0.555476[0m
INFO -- Epoch: [95m150[0m - Loss: [93m    0.555475[0m
INFO -- Epoch: [95m151[0m - Loss: [93m    0.555474[0m
INFO -- Epoch: [95m152[0m - Loss: [93m    0.555474[0m
INFO -- Epoch: [95m153[0m - Loss: [93m    0.555473[0m
INFO -- Epoch: [95m154[0m - Loss: [93m    0.555473[0m
INFO -- Epoch: [95m155[0m - Loss: [93m    0.555472[0m
INFO -- Epoch: [95m156[0m - Loss: [93m    0.555472[0m
INFO -- Epoch: [95m157[0m - Loss: [93m    0.555471[0m
INFO -- Epoch: [95m158[0m - Loss: [93m    0.555470[0m
INFO -- Epoch: [95m159[0m - Loss: [93m    0.555470[0m
INFO -- Epoch: [95m160[0m - Loss: [93m    0.555469[0m
INFO -- Epoch: [95m161[0m - Loss: [93m    0.555468[0m
INFO -- Epoch: [95m162[0m - Loss: [93m    0.555468[0m
INFO -- Epoch: [95m163[0m - Loss: [93m    0.555467[0m
INFO -- Epoch: [95m164[0m - Loss: [93m    0.555467[0m
INFO -- Epoch: [95m165[0m - Loss: [93m    0.555466[0m
INFO -- Epoch: [95m166[0m - Loss: [93m    0.555465[0m
INFO -- Epoch: [95m167[0m - Loss: [93m    0.555465[0m
INFO -- Epoch: [95m168[0m - Loss: [93m    0.555464[0m
INFO -- Epoch: [95m169[0m - Loss: [93m    0.555464[0m
INFO -- Epoch: [95m170[0m - Loss: [93m    0.555463[0m
INFO -- Epoch: [95m171[0m - Loss: [93m    0.555462[0m
INFO -- Epoch: [95m172[0m - Loss: [93m    0.555462[0m
INFO -- Epoch: [95m173[0m - Loss: [93m    0.555461[0m
INFO -- Epoch: [95m174[0m - Loss: [93m    0.555460[0m
INFO -- Epoch: [95m175[0m - Loss: [93m    0.555460[0m
INFO -- Epoch: [95m176[0m - Loss: [93m    0.555459[0m
INFO -- Epoch: [95m177[0m - Loss: [93m    0.555458[0m
INFO -- Epoch: [95m178[0m - Loss: [93m    0.555458[0m
INFO -- Epoch: [95m179[0m - Loss: [93m    0.555457[0m
INFO -- Epoch: [95m180[0m - Loss: [93m    0.555457[0m
INFO -- Epoch: [95m181[0m - Loss: [93m    0.555456[0m
INFO -- Epoch: [95m182[0m - Loss: [93m    0.555455[0m
INFO -- Epoch: [95m183[0m - Loss: [93m    0.555455[0m
INFO -- Epoch: [95m184[0m - Loss: [93m    0.555454[0m
INFO -- Epoch: [95m185[0m - Loss: [93m    0.555453[0m
INFO -- Epoch: [95m186[0m - Loss: [93m    0.555453[0m
INFO -- Epoch: [95m187[0m - Loss: [93m    0.555452[0m
INFO -- Epoch: [95m188[0m - Loss: [93m    0.555451[0m
INFO -- Epoch: [95m189[0m - Loss: [93m    0.555451[0m
INFO -- Epoch: [95m190[0m - Loss: [93m    0.555450[0m
INFO -- Epoch: [95m191[0m - Loss: [93m    0.555449[0m
INFO -- Epoch: [95m192[0m - Loss: [93m    0.555449[0m
INFO -- Epoch: [95m193[0m - Loss: [93m    0.555448[0m
INFO -- Epoch: [95m194[0m - Loss: [93m    0.555447[0m
INFO -- Epoch: [95m195[0m - Loss: [93m    0.555447[0m
INFO -- Epoch: [95m196[0m - Loss: [93m    0.555446[0m
INFO -- Epoch: [95m197[0m - Loss: [93m    0.555445[0m
INFO -- Epoch: [95m198[0m - Loss: [93m    0.555445[0m
INFO -- Epoch: [95m199[0m - Loss: [93m    0.555444[0m
INFO -- Epoch: [95m200[0m - Loss: [93m    0.555443[0m
INFO -- Epoch: [95m201[0m - Loss: [93m    0.555442[0m
INFO -- Epoch: [95m202[0m - Loss: [93m    0.555442[0m
INFO -- Epoch: [95m203[0m - Loss: [93m    0.555441[0m
INFO -- Epoch: [95m204[0m - Loss: [93m    0.555440[0m
INFO -- Epoch: [95m205[0m - Loss: [93m    0.555440[0m
INFO -- Epoch: [95m206[0m - Loss: [93m    0.555439[0m
INFO -- Epoch: [95m207[0m - Loss: [93m    0.555438[0m
INFO -- Epoch: [95m208[0m - Loss: [93m    0.555438[0m
INFO -- Epoch: [95m209[0m - Loss: [93m    0.555437[0m
INFO -- Epoch: [95m210[0m - Loss: [93m    0.555436[0m
INFO -- Epoch: [95m211[0m - Loss: [93m    0.555435[0m
INFO -- Epoch: [95m212[0m - Loss: [93m    0.555435[0m
INFO -- Epoch: [95m213[0m - Loss: [93m    0.555434[0m
INFO -- Epoch: [95m214[0m - Loss: [93m    0.555433[0m
INFO -- Epoch: [95m215[0m - Loss: [93m    0.555432[0m
INFO -- Epoch: [95m216[0m - Loss: [93m    0.555432[0m
INFO -- Epoch: [95m217[0m - Loss: [93m    0.555431[0m
INFO -- Epoch: [95m218[0m - Loss: [93m    0.555430[0m
INFO -- Epoch: [95m219[0m - Loss: [93m    0.555430[0m
INFO -- Epoch: [95m220[0m - Loss: [93m    0.555429[0m
INFO -- Epoch: [95m221[0m - Loss: [93m    0.555428[0m
INFO -- Epoch: [95m222[0m - Loss: [93m    0.555428[0m
INFO -- Epoch: [95m223[0m - Loss: [93m    0.555427[0m
INFO -- Epoch: [95m224[0m - Loss: [93m    0.555426[0m
INFO -- Epoch: [95m225[0m - Loss: [93m    0.555425[0m
INFO -- Epoch: [95m226[0m - Loss: [93m    0.555425[0m
INFO -- Epoch: [95m227[0m - Loss: [93m    0.555424[0m
INFO -- Epoch: [95m228[0m - Loss: [93m    0.555423[0m
INFO -- Epoch: [95m229[0m - Loss: [93m    0.555422[0m
INFO -- Epoch: [95m230[0m - Loss: [93m    0.555422[0m
INFO -- Epoch: [95m231[0m - Loss: [93m    0.555421[0m
INFO -- Epoch: [95m232[0m - Loss: [93m    0.555420[0m
INFO -- Epoch: [95m233[0m - Loss: [93m    0.555419[0m
INFO -- Epoch: [95m234[0m - Loss: [93m    0.555419[0m
INFO -- Epoch: [95m235[0m - Loss: [93m    0.555418[0m
INFO -- Epoch: [95m236[0m - Loss: [93m    0.555417[0m
INFO -- Epoch: [95m237[0m - Loss: [93m    0.555416[0m
INFO -- Epoch: [95m238[0m - Loss: [93m    0.555416[0m
INFO -- Epoch: [95m239[0m - Loss: [93m    0.555415[0m
INFO -- Epoch: [95m240[0m - Loss: [93m    0.555414[0m
INFO -- Epoch: [95m241[0m - Loss: [93m    0.555413[0m
INFO -- Epoch: [95m242[0m - Loss: [93m    0.555412[0m
INFO -- Epoch: [95m243[0m - Loss: [93m    0.555412[0m
INFO -- Epoch: [95m244[0m - Loss: [93m    0.555411[0m
INFO -- Epoch: [95m245[0m - Loss: [93m    0.555410[0m
INFO -- Epoch: [95m246[0m - Loss: [93m    0.555409[0m
INFO -- Epoch: [95m247[0m - Loss: [93m    0.555408[0m
INFO -- Epoch: [95m248[0m - Loss: [93m    0.555408[0m
INFO -- Epoch: [95m249[0m - Loss: [93m    0.555407[0m
INFO -- Epoch: [95m250[0m - Loss: [93m    0.555406[0m
INFO -- Epoch: [95m251[0m - Loss: [93m    0.555405[0m
INFO -- Epoch: [95m252[0m - Loss: [93m    0.555405[0m
INFO -- Epoch: [95m253[0m - Loss: [93m    0.555404[0m
INFO -- Epoch: [95m254[0m - Loss: [93m    0.555403[0m
INFO -- Epoch: [95m255[0m - Loss: [93m    0.555402[0m
INFO -- Epoch: [95m256[0m - Loss: [93m    0.555401[0m
INFO -- Epoch: [95m257[0m - Loss: [93m    0.555401[0m
INFO -- Epoch: [95m258[0m - Loss: [93m    0.555400[0m
INFO -- Epoch: [95m259[0m - Loss: [93m    0.555399[0m
INFO -- Epoch: [95m260[0m - Loss: [93m    0.555398[0m
INFO -- Epoch: [95m261[0m - Loss: [93m    0.555397[0m
INFO -- Epoch: [95m262[0m - Loss: [93m    0.555396[0m
INFO -- Epoch: [95m263[0m - Loss: [93m    0.555396[0m
INFO -- Epoch: [95m264[0m - Loss: [93m    0.555395[0m
INFO -- Epoch: [95m265[0m - Loss: [93m    0.555394[0m
INFO -- Epoch: [95m266[0m - Loss: [93m    0.555393[0m
INFO -- Epoch: [95m267[0m - Loss: [93m    0.555392[0m
INFO -- Epoch: [95m268[0m - Loss: [93m    0.555392[0m
INFO -- Epoch: [95m269[0m - Loss: [93m    0.555391[0m
INFO -- Epoch: [95m270[0m - Loss: [93m    0.555390[0m
INFO -- Epoch: [95m271[0m - Loss: [93m    0.555389[0m
INFO -- Epoch: [95m272[0m - Loss: [93m    0.555388[0m
INFO -- Epoch: [95m273[0m - Loss: [93m    0.555387[0m
INFO -- Epoch: [95m274[0m - Loss: [93m    0.555387[0m
INFO -- Epoch: [95m275[0m - Loss: [93m    0.555386[0m
INFO -- Epoch: [95m276[0m - Loss: [93m    0.555385[0m
INFO -- Epoch: [95m277[0m - Loss: [93m    0.555384[0m
INFO -- Epoch: [95m278[0m - Loss: [93m    0.555383[0m
INFO -- Epoch: [95m279[0m - Loss: [93m    0.555382[0m
INFO -- Epoch: [95m280[0m - Loss: [93m    0.555381[0m
INFO -- Epoch: [95m281[0m - Loss: [93m    0.555381[0m
INFO -- Epoch: [95m282[0m - Loss: [93m    0.555380[0m
INFO -- Epoch: [95m283[0m - Loss: [93m    0.555379[0m
INFO -- Epoch: [95m284[0m - Loss: [93m    0.555378[0m
INFO -- Epoch: [95m285[0m - Loss: [93m    0.555377[0m
INFO -- Epoch: [95m286[0m - Loss: [93m    0.555376[0m
INFO -- Epoch: [95m287[0m - Loss: [93m    0.555375[0m
INFO -- Epoch: [95m288[0m - Loss: [93m    0.555374[0m
INFO -- Epoch: [95m289[0m - Loss: [93m    0.555374[0m
INFO -- Epoch: [95m290[0m - Loss: [93m    0.555373[0m
INFO -- Epoch: [95m291[0m - Loss: [93m    0.555372[0m
INFO -- Epoch: [95m292[0m - Loss: [93m    0.555371[0m
INFO -- Epoch: [95m293[0m - Loss: [93m    0.555370[0m
INFO -- Epoch: [95m294[0m - Loss: [93m    0.555369[0m
INFO -- Epoch: [95m295[0m - Loss: [93m    0.555368[0m
INFO -- Epoch: [95m296[0m - Loss: [93m    0.555367[0m
INFO -- Epoch: [95m297[0m - Loss: [93m    0.555366[0m
INFO -- Epoch: [95m298[0m - Loss: [93m    0.555366[0m
INFO -- Epoch: [95m299[0m - Loss: [93m    0.555365[0m
INFO -- Epoch: [95m300[0m - Loss: [93m    0.555364[0m
INFO -- Epoch: [95m301[0m - Loss: [93m    0.555363[0m
INFO -- Epoch: [95m302[0m - Loss: [93m    0.555362[0m
INFO -- Epoch: [95m303[0m - Loss: [93m    0.555361[0m
INFO -- Epoch: [95m304[0m - Loss: [93m    0.555360[0m
INFO -- Epoch: [95m305[0m - Loss: [93m    0.555359[0m
INFO -- Epoch: [95m306[0m - Loss: [93m    0.555358[0m
INFO -- Epoch: [95m307[0m - Loss: [93m    0.555358[0m
INFO -- Epoch: [95m308[0m - Loss: [93m    0.555357[0m
INFO -- Epoch: [95m309[0m - Loss: [93m    0.555356[0m
INFO -- Epoch: [95m310[0m - Loss: [93m    0.555355[0m
INFO -- Epoch: [95m311[0m - Loss: [93m    0.555354[0m
INFO -- Epoch: [95m312[0m - Loss: [93m    0.555353[0m
INFO -- Epoch: [95m313[0m - Loss: [93m    0.555352[0m
INFO -- Epoch: [95m314[0m - Loss: [93m    0.555351[0m
INFO -- Epoch: [95m315[0m - Loss: [93m    0.555350[0m
INFO -- Epoch: [95m316[0m - Loss: [93m    0.555349[0m
INFO -- Epoch: [95m317[0m - Loss: [93m    0.555348[0m
INFO -- Epoch: [95m318[0m - Loss: [93m    0.555347[0m
INFO -- Epoch: [95m319[0m - Loss: [93m    0.555346[0m
INFO -- Epoch: [95m320[0m - Loss: [93m    0.555345[0m
INFO -- Epoch: [95m321[0m - Loss: [93m    0.555344[0m
INFO -- Epoch: [95m322[0m - Loss: [93m    0.555343[0m
INFO -- Epoch: [95m323[0m - Loss: [93m    0.555342[0m
INFO -- Epoch: [95m324[0m - Loss: [93m    0.555341[0m
INFO -- Epoch: [95m325[0m - Loss: [93m    0.555341[0m
INFO -- Epoch: [95m326[0m - Loss: [93m    0.555340[0m
INFO -- Epoch: [95m327[0m - Loss: [93m    0.555339[0m
INFO -- Epoch: [95m328[0m - Loss: [93m    0.555338[0m
INFO -- Epoch: [95m329[0m - Loss: [93m    0.555337[0m
INFO -- Epoch: [95m330[0m - Loss: [93m    0.555336[0m
INFO -- Epoch: [95m331[0m - Loss: [93m    0.555335[0m
INFO -- Epoch: [95m332[0m - Loss: [93m    0.555334[0m
INFO -- Epoch: [95m333[0m - Loss: [93m    0.555333[0m
INFO -- Epoch: [95m334[0m - Loss: [93m    0.555332[0m
INFO -- Epoch: [95m335[0m - Loss: [93m    0.555331[0m
INFO -- Epoch: [95m336[0m - Loss: [93m    0.555330[0m
INFO -- Epoch: [95m337[0m - Loss: [93m    0.555329[0m
INFO -- Epoch: [95m338[0m - Loss: [93m    0.555328[0m
INFO -- Epoch: [95m339[0m - Loss: [93m    0.555327[0m
INFO -- Epoch: [95m340[0m - Loss: [93m    0.555326[0m
INFO -- Epoch: [95m341[0m - Loss: [93m    0.555325[0m
INFO -- Epoch: [95m342[0m - Loss: [93m    0.555324[0m
INFO -- Epoch: [95m343[0m - Loss: [93m    0.555323[0m
INFO -- Epoch: [95m344[0m - Loss: [93m    0.555322[0m
INFO -- Epoch: [95m345[0m - Loss: [93m    0.555321[0m
INFO -- Epoch: [95m346[0m - Loss: [93m    0.555320[0m
INFO -- Epoch: [95m347[0m - Loss: [93m    0.555319[0m
INFO -- Epoch: [95m348[0m - Loss: [93m    0.555318[0m
INFO -- Epoch: [95m349[0m - Loss: [93m    0.555317[0m
INFO -- Epoch: [95m350[0m - Loss: [93m    0.555316[0m
INFO -- Epoch: [95m351[0m - Loss: [93m    0.555315[0m
INFO -- Epoch: [95m352[0m - Loss: [93m    0.555314[0m
INFO -- Epoch: [95m353[0m - Loss: [93m    0.555313[0m
INFO -- Epoch: [95m354[0m - Loss: [93m    0.555312[0m
INFO -- Epoch: [95m355[0m - Loss: [93m    0.555311[0m
INFO -- Epoch: [95m356[0m - Loss: [93m    0.555310[0m
INFO -- Epoch: [95m357[0m - Loss: [93m    0.555309[0m
INFO -- Epoch: [95m358[0m - Loss: [93m    0.555308[0m
INFO -- Epoch: [95m359[0m - Loss: [93m    0.555307[0m
INFO -- Epoch: [95m360[0m - Loss: [93m    0.555305[0m
INFO -- Epoch: [95m361[0m - Loss: [93m    0.555304[0m
INFO -- Epoch: [95m362[0m - Loss: [93m    0.555303[0m
INFO -- Epoch: [95m363[0m - Loss: [93m    0.555302[0m
INFO -- Epoch: [95m364[0m - Loss: [93m    0.555301[0m
INFO -- Epoch: [95m365[0m - Loss: [93m    0.555300[0m
INFO -- Epoch: [95m366[0m - Loss: [93m    0.555299[0m
INFO -- Epoch: [95m367[0m - Loss: [93m    0.555298[0m
INFO -- Epoch: [95m368[0m - Loss: [93m    0.555297[0m
INFO -- Epoch: [95m369[0m - Loss: [93m    0.555296[0m
INFO -- Epoch: [95m370[0m - Loss: [93m    0.555295[0m
INFO -- Epoch: [95m371[0m - Loss: [93m    0.555294[0m
INFO -- Epoch: [95m372[0m - Loss: [93m    0.555293[0m
INFO -- Epoch: [95m373[0m - Loss: [93m    0.555292[0m
INFO -- Epoch: [95m374[0m - Loss: [93m    0.555291[0m
INFO -- Epoch: [95m375[0m - Loss: [93m    0.555289[0m
INFO -- Epoch: [95m376[0m - Loss: [93m    0.555288[0m
INFO -- Epoch: [95m377[0m - Loss: [93m    0.555287[0m
INFO -- Epoch: [95m378[0m - Loss: [93m    0.555286[0m
INFO -- Epoch: [95m379[0m - Loss: [93m    0.555285[0m
INFO -- Epoch: [95m380[0m - Loss: [93m    0.555284[0m
INFO -- Epoch: [95m381[0m - Loss: [93m    0.555283[0m
INFO -- Epoch: [95m382[0m - Loss: [93m    0.555282[0m
INFO -- Epoch: [95m383[0m - Loss: [93m    0.555281[0m
INFO -- Epoch: [95m384[0m - Loss: [93m    0.555280[0m
INFO -- Epoch: [95m385[0m - Loss: [93m    0.555278[0m
INFO -- Epoch: [95m386[0m - Loss: [93m    0.555277[0m
INFO -- Epoch: [95m387[0m - Loss: [93m    0.555276[0m
INFO -- Epoch: [95m388[0m - Loss: [93m    0.555275[0m
INFO -- Epoch: [95m389[0m - Loss: [93m    0.555274[0m
INFO -- Epoch: [95m390[0m - Loss: [93m    0.555273[0m
INFO -- Epoch: [95m391[0m - Loss: [93m    0.555272[0m
INFO -- Epoch: [95m392[0m - Loss: [93m    0.555271[0m
INFO -- Epoch: [95m393[0m - Loss: [93m    0.555269[0m
INFO -- Epoch: [95m394[0m - Loss: [93m    0.555268[0m
INFO -- Epoch: [95m395[0m - Loss: [93m    0.555267[0m
INFO -- Epoch: [95m396[0m - Loss: [93m    0.555266[0m
INFO -- Epoch: [95m397[0m - Loss: [93m    0.555265[0m
INFO -- Epoch: [95m398[0m - Loss: [93m    0.555264[0m
INFO -- Epoch: [95m399[0m - Loss: [93m    0.555263[0m
INFO -- Epoch: [95m400[0m - Loss: [93m    0.555261[0m
INFO -- Epoch: [95m401[0m - Loss: [93m    0.555260[0m
INFO -- Epoch: [95m402[0m - Loss: [93m    0.555259[0m
INFO -- Epoch: [95m403[0m - Loss: [93m    0.555258[0m
INFO -- Epoch: [95m404[0m - Loss: [93m    0.555257[0m
INFO -- Epoch: [95m405[0m - Loss: [93m    0.555256[0m
INFO -- Epoch: [95m406[0m - Loss: [93m    0.555254[0m
INFO -- Epoch: [95m407[0m - Loss: [93m    0.555253[0m
INFO -- Epoch: [95m408[0m - Loss: [93m    0.555252[0m
INFO -- Epoch: [95m409[0m - Loss: [93m    0.555251[0m
INFO -- Epoch: [95m410[0m - Loss: [93m    0.555250[0m
INFO -- Epoch: [95m411[0m - Loss: [93m    0.555249[0m
INFO -- Epoch: [95m412[0m - Loss: [93m    0.555247[0m
INFO -- Epoch: [95m413[0m - Loss: [93m    0.555246[0m
INFO -- Epoch: [95m414[0m - Loss: [93m    0.555245[0m
INFO -- Epoch: [95m415[0m - Loss: [93m    0.555244[0m
INFO -- Epoch: [95m416[0m - Loss: [93m    0.555242[0m
INFO -- Epoch: [95m417[0m - Loss: [93m    0.555241[0m
INFO -- Epoch: [95m418[0m - Loss: [93m    0.555240[0m
INFO -- Epoch: [95m419[0m - Loss: [93m    0.555239[0m
INFO -- Epoch: [95m420[0m - Loss: [93m    0.555238[0m
INFO -- Epoch: [95m421[0m - Loss: [93m    0.555236[0m
INFO -- Epoch: [95m422[0m - Loss: [93m    0.555235[0m
INFO -- Epoch: [95m423[0m - Loss: [93m    0.555234[0m
INFO -- Epoch: [95m424[0m - Loss: [93m    0.555233[0m
INFO -- Epoch: [95m425[0m - Loss: [93m    0.555232[0m
INFO -- Epoch: [95m426[0m - Loss: [93m    0.555230[0m
INFO -- Epoch: [95m427[0m - Loss: [93m    0.555229[0m
INFO -- Epoch: [95m428[0m - Loss: [93m    0.555228[0m
INFO -- Epoch: [95m429[0m - Loss: [93m    0.555227[0m
INFO -- Epoch: [95m430[0m - Loss: [93m    0.555225[0m
INFO -- Epoch: [95m431[0m - Loss: [93m    0.555224[0m
INFO -- Epoch: [95m432[0m - Loss: [93m    0.555223[0m
INFO -- Epoch: [95m433[0m - Loss: [93m    0.555221[0m
INFO -- Epoch: [95m434[0m - Loss: [93m    0.555220[0m
INFO -- Epoch: [95m435[0m - Loss: [93m    0.555219[0m
INFO -- Epoch: [95m436[0m - Loss: [93m    0.555218[0m
INFO -- Epoch: [95m437[0m - Loss: [93m    0.555216[0m
INFO -- Epoch: [95m438[0m - Loss: [93m    0.555215[0m
INFO -- Epoch: [95m439[0m - Loss: [93m    0.555214[0m
INFO -- Epoch: [95m440[0m - Loss: [93m    0.555213[0m
INFO -- Epoch: [95m441[0m - Loss: [93m    0.555211[0m
INFO -- Epoch: [95m442[0m - Loss: [93m    0.555210[0m
INFO -- Epoch: [95m443[0m - Loss: [93m    0.555209[0m
INFO -- Epoch: [95m444[0m - Loss: [93m    0.555207[0m
INFO -- Epoch: [95m445[0m - Loss: [93m    0.555206[0m
INFO -- Epoch: [95m446[0m - Loss: [93m    0.555205[0m
INFO -- Epoch: [95m447[0m - Loss: [93m    0.555203[0m
INFO -- Epoch: [95m448[0m - Loss: [93m    0.555202[0m
INFO -- Epoch: [95m449[0m - Loss: [93m    0.555201[0m
INFO -- Epoch: [95m450[0m - Loss: [93m    0.555200[0m
INFO -- Epoch: [95m451[0m - Loss: [93m    0.555198[0m
INFO -- Epoch: [95m452[0m - Loss: [93m    0.555197[0m
INFO -- Epoch: [95m453[0m - Loss: [93m    0.555196[0m
INFO -- Epoch: [95m454[0m - Loss: [93m    0.555194[0m
INFO -- Epoch: [95m455[0m - Loss: [93m    0.555193[0m
INFO -- Epoch: [95m456[0m - Loss: [93m    0.555192[0m
INFO -- Epoch: [95m457[0m - Loss: [93m    0.555190[0m
INFO -- Epoch: [95m458[0m - Loss: [93m    0.555189[0m
INFO -- Epoch: [95m459[0m - Loss: [93m    0.555188[0m
INFO -- Epoch: [95m460[0m - Loss: [93m    0.555186[0m
INFO -- Epoch: [95m461[0m - Loss: [93m    0.555185[0m
INFO -- Epoch: [95m462[0m - Loss: [93m    0.555183[0m
INFO -- Epoch: [95m463[0m - Loss: [93m    0.555182[0m
INFO -- Epoch: [95m464[0m - Loss: [93m    0.555181[0m
INFO -- Epoch: [95m465[0m - Loss: [93m    0.555179[0m
INFO -- Epoch: [95m466[0m - Loss: [93m    0.555178[0m
INFO -- Epoch: [95m467[0m - Loss: [93m    0.555177[0m
INFO -- Epoch: [95m468[0m - Loss: [93m    0.555175[0m
INFO -- Epoch: [95m469[0m - Loss: [93m    0.555174[0m
INFO -- Epoch: [95m470[0m - Loss: [93m    0.555172[0m
INFO -- Epoch: [95m471[0m - Loss: [93m    0.555171[0m
INFO -- Epoch: [95m472[0m - Loss: [93m    0.555170[0m
INFO -- Epoch: [95m473[0m - Loss: [93m    0.555168[0m
INFO -- Epoch: [95m474[0m - Loss: [93m    0.555167[0m
INFO -- Epoch: [95m475[0m - Loss: [93m    0.555165[0m
INFO -- Epoch: [95m476[0m - Loss: [93m    0.555164[0m
INFO -- Epoch: [95m477[0m - Loss: [93m    0.555162[0m
INFO -- Epoch: [95m478[0m - Loss: [93m    0.555161[0m
INFO -- Epoch: [95m479[0m - Loss: [93m    0.555160[0m
INFO -- Epoch: [95m480[0m - Loss: [93m    0.555158[0m
INFO -- Epoch: [95m481[0m - Loss: [93m    0.555157[0m
INFO -- Epoch: [95m482[0m - Loss: [93m    0.555155[0m
INFO -- Epoch: [95m483[0m - Loss: [93m    0.555154[0m
INFO -- Epoch: [95m484[0m - Loss: [93m    0.555152[0m
INFO -- Epoch: [95m485[0m - Loss: [93m    0.555151[0m
INFO -- Epoch: [95m486[0m - Loss: [93m    0.555150[0m
INFO -- Epoch: [95m487[0m - Loss: [93m    0.555148[0m
INFO -- Epoch: [95m488[0m - Loss: [93m    0.555147[0m
INFO -- Epoch: [95m489[0m - Loss: [93m    0.555145[0m
INFO -- Epoch: [95m490[0m - Loss: [93m    0.555144[0m
INFO -- Epoch: [95m491[0m - Loss: [93m    0.555142[0m
INFO -- Epoch: [95m492[0m - Loss: [93m    0.555141[0m
INFO -- Epoch: [95m493[0m - Loss: [93m    0.555139[0m
INFO -- Epoch: [95m494[0m - Loss: [93m    0.555138[0m
INFO -- Epoch: [95m495[0m - Loss: [93m    0.555136[0m
INFO -- Epoch: [95m496[0m - Loss: [93m    0.555135[0m
INFO -- Epoch: [95m497[0m - Loss: [93m    0.555133[0m
INFO -- Epoch: [95m498[0m - Loss: [93m    0.555132[0m
INFO -- Epoch: [95m499[0m - Loss: [93m    0.555130[0m
INFO -- Epoch: [95m500[0m - Loss: [93m    0.555129[0m
INFO -- Epoch: [95m501[0m - Loss: [93m    0.555127[0m
INFO -- Epoch: [95m502[0m - Loss: [93m    0.555126[0m
INFO -- Epoch: [95m503[0m - Loss: [93m    0.555124[0m
INFO -- Epoch: [95m504[0m - Loss: [93m    0.555123[0m
INFO -- Epoch: [95m505[0m - Loss: [93m    0.555121[0m
INFO -- Epoch: [95m506[0m - Loss: [93m    0.555120[0m
INFO -- Epoch: [95m507[0m - Loss: [93m    0.555118[0m
INFO -- Epoch: [95m508[0m - Loss: [93m    0.555116[0m
INFO -- Epoch: [95m509[0m - Loss: [93m    0.555115[0m
INFO -- Epoch: [95m510[0m - Loss: [93m    0.555113[0m
INFO -- Epoch: [95m511[0m - Loss: [93m    0.555112[0m
INFO -- Epoch: [95m512[0m - Loss: [93m    0.555110[0m
INFO -- Epoch: [95m513[0m - Loss: [93m    0.555108[0m
INFO -- Epoch: [95m514[0m - Loss: [93m    0.555107[0m
INFO -- Epoch: [95m515[0m - Loss: [93m    0.555105[0m
INFO -- Epoch: [95m516[0m - Loss: [93m    0.555104[0m
INFO -- Epoch: [95m517[0m - Loss: [93m    0.555102[0m
INFO -- Epoch: [95m518[0m - Loss: [93m    0.555100[0m
INFO -- Epoch: [95m519[0m - Loss: [93m    0.555099[0m
INFO -- Epoch: [95m520[0m - Loss: [93m    0.555097[0m
INFO -- Epoch: [95m521[0m - Loss: [93m    0.555096[0m
INFO -- Epoch: [95m522[0m - Loss: [93m    0.555094[0m
INFO -- Epoch: [95m523[0m - Loss: [93m    0.555092[0m
INFO -- Epoch: [95m524[0m - Loss: [93m    0.555091[0m
INFO -- Epoch: [95m525[0m - Loss: [93m    0.555089[0m
INFO -- Epoch: [95m526[0m - Loss: [93m    0.555088[0m
INFO -- Epoch: [95m527[0m - Loss: [93m    0.555086[0m
INFO -- Epoch: [95m528[0m - Loss: [93m    0.555084[0m
INFO -- Epoch: [95m529[0m - Loss: [93m    0.555082[0m
INFO -- Epoch: [95m530[0m - Loss: [93m    0.555081[0m
INFO -- Epoch: [95m531[0m - Loss: [93m    0.555079[0m
INFO -- Epoch: [95m532[0m - Loss: [93m    0.555078[0m
INFO -- Epoch: [95m533[0m - Loss: [93m    0.555076[0m
INFO -- Epoch: [95m534[0m - Loss: [93m    0.555074[0m
INFO -- Epoch: [95m535[0m - Loss: [93m    0.555072[0m
INFO -- Epoch: [95m536[0m - Loss: [93m    0.555071[0m
INFO -- Epoch: [95m537[0m - Loss: [93m    0.555069[0m
INFO -- Epoch: [95m538[0m - Loss: [93m    0.555067[0m
INFO -- Epoch: [95m539[0m - Loss: [93m    0.555066[0m
INFO -- Epoch: [95m540[0m - Loss: [93m    0.555064[0m
INFO -- Epoch: [95m541[0m - Loss: [93m    0.555062[0m
INFO -- Epoch: [95m542[0m - Loss: [93m    0.555060[0m
INFO -- Epoch: [95m543[0m - Loss: [93m    0.555059[0m
INFO -- Epoch: [95m544[0m - Loss: [93m    0.555057[0m
INFO -- Epoch: [95m545[0m - Loss: [93m    0.555055[0m
INFO -- Epoch: [95m546[0m - Loss: [93m    0.555053[0m
INFO -- Epoch: [95m547[0m - Loss: [93m    0.555052[0m
INFO -- Epoch: [95m548[0m - Loss: [93m    0.555050[0m
INFO -- Epoch: [95m549[0m - Loss: [93m    0.555048[0m
INFO -- Epoch: [95m550[0m - Loss: [93m    0.555046[0m
INFO -- Epoch: [95m551[0m - Loss: [93m    0.555045[0m
INFO -- Epoch: [95m552[0m - Loss: [93m    0.555043[0m
INFO -- Epoch: [95m553[0m - Loss: [93m    0.555041[0m
INFO -- Epoch: [95m554[0m - Loss: [93m    0.555039[0m
INFO -- Epoch: [95m555[0m - Loss: [93m    0.555037[0m
INFO -- Epoch: [95m556[0m - Loss: [93m    0.555036[0m
INFO -- Epoch: [95m557[0m - Loss: [93m    0.555034[0m
INFO -- Epoch: [95m558[0m - Loss: [93m    0.555032[0m
INFO -- Epoch: [95m559[0m - Loss: [93m    0.555030[0m
INFO -- Epoch: [95m560[0m - Loss: [93m    0.555028[0m
INFO -- Epoch: [95m561[0m - Loss: [93m    0.555027[0m
INFO -- Epoch: [95m562[0m - Loss: [93m    0.555025[0m
INFO -- Epoch: [95m563[0m - Loss: [93m    0.555023[0m
INFO -- Epoch: [95m564[0m - Loss: [93m    0.555021[0m
INFO -- Epoch: [95m565[0m - Loss: [93m    0.555019[0m
INFO -- Epoch: [95m566[0m - Loss: [93m    0.555017[0m
INFO -- Epoch: [95m567[0m - Loss: [93m    0.555015[0m
INFO -- Epoch: [95m568[0m - Loss: [93m    0.555013[0m
INFO -- Epoch: [95m569[0m - Loss: [93m    0.555012[0m
INFO -- Epoch: [95m570[0m - Loss: [93m    0.555010[0m
INFO -- Epoch: [95m571[0m - Loss: [93m    0.555008[0m
INFO -- Epoch: [95m572[0m - Loss: [93m    0.555006[0m
INFO -- Epoch: [95m573[0m - Loss: [93m    0.555004[0m
INFO -- Epoch: [95m574[0m - Loss: [93m    0.555002[0m
INFO -- Epoch: [95m575[0m - Loss: [93m    0.555000[0m
INFO -- Epoch: [95m576[0m - Loss: [93m    0.554998[0m
INFO -- Epoch: [95m577[0m - Loss: [93m    0.554996[0m
INFO -- Epoch: [95m578[0m - Loss: [93m    0.554994[0m
INFO -- Epoch: [95m579[0m - Loss: [93m    0.554992[0m
INFO -- Epoch: [95m580[0m - Loss: [93m    0.554990[0m
INFO -- Epoch: [95m581[0m - Loss: [93m    0.554988[0m
INFO -- Epoch: [95m582[0m - Loss: [93m    0.554986[0m
INFO -- Epoch: [95m583[0m - Loss: [93m    0.554984[0m
INFO -- Epoch: [95m584[0m - Loss: [93m    0.554982[0m
INFO -- Epoch: [95m585[0m - Loss: [93m    0.554980[0m
INFO -- Epoch: [95m586[0m - Loss: [93m    0.554978[0m
INFO -- Epoch: [95m587[0m - Loss: [93m    0.554976[0m
INFO -- Epoch: [95m588[0m - Loss: [93m    0.554974[0m
INFO -- Epoch: [95m589[0m - Loss: [93m    0.554972[0m
INFO -- Epoch: [95m590[0m - Loss: [93m    0.554970[0m
INFO -- Epoch: [95m591[0m - Loss: [93m    0.554968[0m
INFO -- Epoch: [95m592[0m - Loss: [93m    0.554966[0m
INFO -- Epoch: [95m593[0m - Loss: [93m    0.554964[0m
INFO -- Epoch: [95m594[0m - Loss: [93m    0.554962[0m
INFO -- Epoch: [95m595[0m - Loss: [93m    0.554960[0m
INFO -- Epoch: [95m596[0m - Loss: [93m    0.554958[0m
INFO -- Epoch: [95m597[0m - Loss: [93m    0.554956[0m
INFO -- Epoch: [95m598[0m - Loss: [93m    0.554954[0m
INFO -- Epoch: [95m599[0m - Loss: [93m    0.554952[0m
INFO -- Epoch: [95m600[0m - Loss: [93m    0.554950[0m
INFO -- Epoch: [95m601[0m - Loss: [93m    0.554947[0m
INFO -- Epoch: [95m602[0m - Loss: [93m    0.554945[0m
INFO -- Epoch: [95m603[0m - Loss: [93m    0.554943[0m
INFO -- Epoch: [95m604[0m - Loss: [93m    0.554941[0m
INFO -- Epoch: [95m605[0m - Loss: [93m    0.554939[0m
INFO -- Epoch: [95m606[0m - Loss: [93m    0.554937[0m
INFO -- Epoch: [95m607[0m - Loss: [93m    0.554935[0m
INFO -- Epoch: [95m608[0m - Loss: [93m    0.554932[0m
INFO -- Epoch: [95m609[0m - Loss: [93m    0.554930[0m
INFO -- Epoch: [95m610[0m - Loss: [93m    0.554928[0m
INFO -- Epoch: [95m611[0m - Loss: [93m    0.554926[0m
INFO -- Epoch: [95m612[0m - Loss: [93m    0.554924[0m
INFO -- Epoch: [95m613[0m - Loss: [93m    0.554921[0m
INFO -- Epoch: [95m614[0m - Loss: [93m    0.554919[0m
INFO -- Epoch: [95m615[0m - Loss: [93m    0.554917[0m
INFO -- Epoch: [95m616[0m - Loss: [93m    0.554915[0m
INFO -- Epoch: [95m617[0m - Loss: [93m    0.554912[0m
INFO -- Epoch: [95m618[0m - Loss: [93m    0.554910[0m
INFO -- Epoch: [95m619[0m - Loss: [93m    0.554908[0m
INFO -- Epoch: [95m620[0m - Loss: [93m    0.554906[0m
INFO -- Epoch: [95m621[0m - Loss: [93m    0.554903[0m
INFO -- Epoch: [95m622[0m - Loss: [93m    0.554901[0m
INFO -- Epoch: [95m623[0m - Loss: [93m    0.554899[0m
INFO -- Epoch: [95m624[0m - Loss: [93m    0.554896[0m
INFO -- Epoch: [95m625[0m - Loss: [93m    0.554894[0m
INFO -- Epoch: [95m626[0m - Loss: [93m    0.554892[0m
INFO -- Epoch: [95m627[0m - Loss: [93m    0.554889[0m
INFO -- Epoch: [95m628[0m - Loss: [93m    0.554887[0m
INFO -- Epoch: [95m629[0m - Loss: [93m    0.554885[0m
INFO -- Epoch: [95m630[0m - Loss: [93m    0.554882[0m
INFO -- Epoch: [95m631[0m - Loss: [93m    0.554880[0m
INFO -- Epoch: [95m632[0m - Loss: [93m    0.554878[0m
INFO -- Epoch: [95m633[0m - Loss: [93m    0.554875[0m
INFO -- Epoch: [95m634[0m - Loss: [93m    0.554873[0m
INFO -- Epoch: [95m635[0m - Loss: [93m    0.554870[0m
INFO -- Epoch: [95m636[0m - Loss: [93m    0.554868[0m
INFO -- Epoch: [95m637[0m - Loss: [93m    0.554865[0m
INFO -- Epoch: [95m638[0m - Loss: [93m    0.554863[0m
INFO -- Epoch: [95m639[0m - Loss: [93m    0.554861[0m
INFO -- Epoch: [95m640[0m - Loss: [93m    0.554858[0m
INFO -- Training interrupted by user at epoch [91m641[0m
INFO -- Creating plots and saving to files. Dimensions: 1
