INFO -- Device: cuda
INFO -- One dimentional problem
INFO -- 
INFO -- ================================================================================
INFO -- Learning parameters
INFO -- Length:                                           [92m1.0[0m
INFO -- Total time:                                       [92m1.0[0m
INFO -- Number of points in x:                            [92m150[0m
INFO -- Number of points in t:                            [92m150[0m
INFO -- Number of points in initial condition:            [92m300[0m
INFO -- Weight for interior loss:                         [92m0.5[0m
INFO -- Weight for initial condition loss:                [92m150.0[0m
INFO -- Weight for boundary loss:                         [92m1.0[0m
INFO -- Layers:                                           [92m4[0m
INFO -- Neurons per layer:                                [92m20[0m
INFO -- Epochs:                                           [92m1000[0m
INFO -- Learning rate:                                    [92m0.001[0m
INFO -- ================================================================================
INFO -- 
INFO -- Creating PINN with [92m4[0m layers and [92m20[0m neurons per layer
INFO -- Computing initial condition loss
INFO -- Training PINN for [93m1000[0m epochs using [93mloss_fn_weak_and_strong[0m loss function
INFO -- Epoch: [95m1[0m - Loss: [93m    1.350776[0m
INFO -- Epoch: [95m2[0m - Loss: [93m    1.293321[0m
INFO -- Epoch: [95m3[0m - Loss: [93m    1.238146[0m
INFO -- Epoch: [95m4[0m - Loss: [93m    1.185088[0m
INFO -- Epoch: [95m5[0m - Loss: [93m    1.134009[0m
INFO -- Epoch: [95m6[0m - Loss: [93m    1.084827[0m
INFO -- Epoch: [95m7[0m - Loss: [93m    1.037520[0m
INFO -- Epoch: [95m8[0m - Loss: [93m    0.992088[0m
INFO -- Epoch: [95m9[0m - Loss: [93m    0.948531[0m
INFO -- Epoch: [95m10[0m - Loss: [93m    0.906847[0m
INFO -- Epoch: [95m11[0m - Loss: [93m    0.867042[0m
INFO -- Epoch: [95m12[0m - Loss: [93m    0.829134[0m
INFO -- Epoch: [95m13[0m - Loss: [93m    0.793156[0m
INFO -- Epoch: [95m14[0m - Loss: [93m    0.759164[0m
INFO -- Epoch: [95m15[0m - Loss: [93m    0.727232[0m
INFO -- Epoch: [95m16[0m - Loss: [93m    0.697454[0m
INFO -- Epoch: [95m17[0m - Loss: [93m    0.669937[0m
INFO -- Epoch: [95m18[0m - Loss: [93m    0.644802[0m
INFO -- Epoch: [95m19[0m - Loss: [93m    0.622171[0m
INFO -- Epoch: [95m20[0m - Loss: [93m    0.602164[0m
INFO -- Epoch: [95m21[0m - Loss: [93m    0.584885[0m
INFO -- Epoch: [95m22[0m - Loss: [93m    0.570409[0m
INFO -- Epoch: [95m23[0m - Loss: [93m    0.558770[0m
INFO -- Epoch: [95m24[0m - Loss: [93m    0.549943[0m
INFO -- Epoch: [95m25[0m - Loss: [93m    0.543833[0m
INFO -- Epoch: [95m26[0m - Loss: [93m    0.540256[0m
INFO -- Epoch: [95m27[0m - Loss: [93m    0.538934[0m
INFO -- Epoch: [95m28[0m - Loss: [93m    0.539497[0m
INFO -- Epoch: [95m29[0m - Loss: [93m    0.541492[0m
INFO -- Epoch: [95m30[0m - Loss: [93m    0.544411[0m
INFO -- Epoch: [95m31[0m - Loss: [93m    0.547735[0m
INFO -- Epoch: [95m32[0m - Loss: [93m    0.550982[0m
INFO -- Epoch: [95m33[0m - Loss: [93m    0.553755[0m
INFO -- Epoch: [95m34[0m - Loss: [93m    0.555772[0m
INFO -- Epoch: [95m35[0m - Loss: [93m    0.556885[0m
INFO -- Epoch: [95m36[0m - Loss: [93m    0.557066[0m
INFO -- Epoch: [95m37[0m - Loss: [93m    0.556391[0m
INFO -- Epoch: [95m38[0m - Loss: [93m    0.555008[0m
INFO -- Epoch: [95m39[0m - Loss: [93m    0.553109[0m
INFO -- Epoch: [95m40[0m - Loss: [93m    0.550898[0m
INFO -- Epoch: [95m41[0m - Loss: [93m    0.548572[0m
INFO -- Epoch: [95m42[0m - Loss: [93m    0.546300[0m
INFO -- Epoch: [95m43[0m - Loss: [93m    0.544217[0m
INFO -- Epoch: [95m44[0m - Loss: [93m    0.542417[0m
INFO -- Epoch: [95m45[0m - Loss: [93m    0.540955[0m
INFO -- Epoch: [95m46[0m - Loss: [93m    0.539850[0m
INFO -- Epoch: [95m47[0m - Loss: [93m    0.539089[0m
INFO -- Epoch: [95m48[0m - Loss: [93m    0.538640[0m
INFO -- Epoch: [95m49[0m - Loss: [93m    0.538453[0m
INFO -- Epoch: [95m50[0m - Loss: [93m    0.538470[0m
INFO -- Epoch: [95m51[0m - Loss: [93m    0.538632[0m
INFO -- Epoch: [95m52[0m - Loss: [93m    0.538882[0m
INFO -- Epoch: [95m53[0m - Loss: [93m    0.539170[0m
INFO -- Epoch: [95m54[0m - Loss: [93m    0.539453[0m
INFO -- Epoch: [95m55[0m - Loss: [93m    0.539698[0m
INFO -- Epoch: [95m56[0m - Loss: [93m    0.539882[0m
INFO -- Epoch: [95m57[0m - Loss: [93m    0.539992[0m
INFO -- Epoch: [95m58[0m - Loss: [93m    0.540023[0m
INFO -- Epoch: [95m59[0m - Loss: [93m    0.539978[0m
INFO -- Epoch: [95m60[0m - Loss: [93m    0.539864[0m
INFO -- Epoch: [95m61[0m - Loss: [93m    0.539696[0m
INFO -- Epoch: [95m62[0m - Loss: [93m    0.539487[0m
INFO -- Epoch: [95m63[0m - Loss: [93m    0.539254[0m
INFO -- Epoch: [95m64[0m - Loss: [93m    0.539013[0m
INFO -- Epoch: [95m65[0m - Loss: [93m    0.538778[0m
INFO -- Epoch: [95m66[0m - Loss: [93m    0.538562[0m
INFO -- Epoch: [95m67[0m - Loss: [93m    0.538373[0m
INFO -- Epoch: [95m68[0m - Loss: [93m    0.538217[0m
INFO -- Epoch: [95m69[0m - Loss: [93m    0.538098[0m
INFO -- Epoch: [95m70[0m - Loss: [93m    0.538013[0m
INFO -- Epoch: [95m71[0m - Loss: [93m    0.537961[0m
INFO -- Epoch: [95m72[0m - Loss: [93m    0.537936[0m
INFO -- Epoch: [95m73[0m - Loss: [93m    0.537932[0m
INFO -- Epoch: [95m74[0m - Loss: [93m    0.537941[0m
INFO -- Epoch: [95m75[0m - Loss: [93m    0.537956[0m
INFO -- Epoch: [95m76[0m - Loss: [93m    0.537973[0m
INFO -- Epoch: [95m77[0m - Loss: [93m    0.537984[0m
INFO -- Epoch: [95m78[0m - Loss: [93m    0.537987[0m
INFO -- Epoch: [95m79[0m - Loss: [93m    0.537980[0m
INFO -- Epoch: [95m80[0m - Loss: [93m    0.537961[0m
INFO -- Epoch: [95m81[0m - Loss: [93m    0.537933[0m
INFO -- Epoch: [95m82[0m - Loss: [93m    0.537895[0m
INFO -- Epoch: [95m83[0m - Loss: [93m    0.537851[0m
INFO -- Epoch: [95m84[0m - Loss: [93m    0.537803[0m
INFO -- Epoch: [95m85[0m - Loss: [93m    0.537754[0m
INFO -- Epoch: [95m86[0m - Loss: [93m    0.537706[0m
INFO -- Epoch: [95m87[0m - Loss: [93m    0.537661[0m
INFO -- Epoch: [95m88[0m - Loss: [93m    0.537620[0m
INFO -- Epoch: [95m89[0m - Loss: [93m    0.537584[0m
INFO -- Epoch: [95m90[0m - Loss: [93m    0.537554[0m
INFO -- Epoch: [95m91[0m - Loss: [93m    0.537528[0m
INFO -- Epoch: [95m92[0m - Loss: [93m    0.537506[0m
INFO -- Epoch: [95m93[0m - Loss: [93m    0.537487[0m
INFO -- Epoch: [95m94[0m - Loss: [93m    0.537470[0m
INFO -- Epoch: [95m95[0m - Loss: [93m    0.537454[0m
INFO -- Epoch: [95m96[0m - Loss: [93m    0.537438[0m
INFO -- Epoch: [95m97[0m - Loss: [93m    0.537422[0m
INFO -- Epoch: [95m98[0m - Loss: [93m    0.537403[0m
INFO -- Epoch: [95m99[0m - Loss: [93m    0.537384[0m
INFO -- Epoch: [95m100[0m - Loss: [93m    0.537363[0m
INFO -- Epoch: [95m101[0m - Loss: [93m    0.537340[0m
INFO -- Epoch: [95m102[0m - Loss: [93m    0.537316[0m
INFO -- Epoch: [95m103[0m - Loss: [93m    0.537291[0m
INFO -- Epoch: [95m104[0m - Loss: [93m    0.537266[0m
INFO -- Epoch: [95m105[0m - Loss: [93m    0.537241[0m
INFO -- Epoch: [95m106[0m - Loss: [93m    0.537216[0m
INFO -- Epoch: [95m107[0m - Loss: [93m    0.537192[0m
INFO -- Epoch: [95m108[0m - Loss: [93m    0.537168[0m
INFO -- Epoch: [95m109[0m - Loss: [93m    0.537146[0m
INFO -- Epoch: [95m110[0m - Loss: [93m    0.537124[0m
INFO -- Epoch: [95m111[0m - Loss: [93m    0.537102[0m
INFO -- Epoch: [95m112[0m - Loss: [93m    0.537081[0m
INFO -- Epoch: [95m113[0m - Loss: [93m    0.537060[0m
INFO -- Epoch: [95m114[0m - Loss: [93m    0.537040[0m
INFO -- Epoch: [95m115[0m - Loss: [93m    0.537019[0m
INFO -- Epoch: [95m116[0m - Loss: [93m    0.536998[0m
INFO -- Epoch: [95m117[0m - Loss: [93m    0.536977[0m
INFO -- Epoch: [95m118[0m - Loss: [93m    0.536956[0m
INFO -- Epoch: [95m119[0m - Loss: [93m    0.536934[0m
INFO -- Epoch: [95m120[0m - Loss: [93m    0.536912[0m
INFO -- Epoch: [95m121[0m - Loss: [93m    0.536890[0m
INFO -- Epoch: [95m122[0m - Loss: [93m    0.536868[0m
INFO -- Epoch: [95m123[0m - Loss: [93m    0.536846[0m
INFO -- Epoch: [95m124[0m - Loss: [93m    0.536824[0m
INFO -- Epoch: [95m125[0m - Loss: [93m    0.536802[0m
INFO -- Epoch: [95m126[0m - Loss: [93m    0.536780[0m
INFO -- Epoch: [95m127[0m - Loss: [93m    0.536758[0m
INFO -- Epoch: [95m128[0m - Loss: [93m    0.536736[0m
INFO -- Epoch: [95m129[0m - Loss: [93m    0.536714[0m
INFO -- Epoch: [95m130[0m - Loss: [93m    0.536692[0m
INFO -- Epoch: [95m131[0m - Loss: [93m    0.536671[0m
INFO -- Epoch: [95m132[0m - Loss: [93m    0.536649[0m
INFO -- Epoch: [95m133[0m - Loss: [93m    0.536627[0m
INFO -- Epoch: [95m134[0m - Loss: [93m    0.536605[0m
INFO -- Epoch: [95m135[0m - Loss: [93m    0.536584[0m
INFO -- Epoch: [95m136[0m - Loss: [93m    0.536562[0m
INFO -- Epoch: [95m137[0m - Loss: [93m    0.536540[0m
INFO -- Epoch: [95m138[0m - Loss: [93m    0.536517[0m
INFO -- Epoch: [95m139[0m - Loss: [93m    0.536495[0m
INFO -- Epoch: [95m140[0m - Loss: [93m    0.536473[0m
INFO -- Epoch: [95m141[0m - Loss: [93m    0.536451[0m
INFO -- Epoch: [95m142[0m - Loss: [93m    0.536428[0m
INFO -- Epoch: [95m143[0m - Loss: [93m    0.536406[0m
INFO -- Epoch: [95m144[0m - Loss: [93m    0.536384[0m
INFO -- Epoch: [95m145[0m - Loss: [93m    0.536361[0m
INFO -- Epoch: [95m146[0m - Loss: [93m    0.536339[0m
INFO -- Epoch: [95m147[0m - Loss: [93m    0.536316[0m
INFO -- Epoch: [95m148[0m - Loss: [93m    0.536294[0m
INFO -- Epoch: [95m149[0m - Loss: [93m    0.536271[0m
INFO -- Epoch: [95m150[0m - Loss: [93m    0.536249[0m
INFO -- Epoch: [95m151[0m - Loss: [93m    0.536226[0m
INFO -- Epoch: [95m152[0m - Loss: [93m    0.536203[0m
INFO -- Epoch: [95m153[0m - Loss: [93m    0.536180[0m
INFO -- Epoch: [95m154[0m - Loss: [93m    0.536157[0m
INFO -- Epoch: [95m155[0m - Loss: [93m    0.536134[0m
INFO -- Epoch: [95m156[0m - Loss: [93m    0.536111[0m
INFO -- Epoch: [95m157[0m - Loss: [93m    0.536088[0m
INFO -- Epoch: [95m158[0m - Loss: [93m    0.536065[0m
INFO -- Epoch: [95m159[0m - Loss: [93m    0.536042[0m
INFO -- Epoch: [95m160[0m - Loss: [93m    0.536019[0m
INFO -- Epoch: [95m161[0m - Loss: [93m    0.535995[0m
INFO -- Epoch: [95m162[0m - Loss: [93m    0.535972[0m
INFO -- Epoch: [95m163[0m - Loss: [93m    0.535949[0m
INFO -- Epoch: [95m164[0m - Loss: [93m    0.535925[0m
INFO -- Epoch: [95m165[0m - Loss: [93m    0.535902[0m
INFO -- Epoch: [95m166[0m - Loss: [93m    0.535878[0m
INFO -- Epoch: [95m167[0m - Loss: [93m    0.535855[0m
INFO -- Epoch: [95m168[0m - Loss: [93m    0.535831[0m
INFO -- Epoch: [95m169[0m - Loss: [93m    0.535807[0m
INFO -- Epoch: [95m170[0m - Loss: [93m    0.535783[0m
INFO -- Epoch: [95m171[0m - Loss: [93m    0.535759[0m
INFO -- Epoch: [95m172[0m - Loss: [93m    0.535735[0m
INFO -- Epoch: [95m173[0m - Loss: [93m    0.535711[0m
INFO -- Epoch: [95m174[0m - Loss: [93m    0.535687[0m
INFO -- Epoch: [95m175[0m - Loss: [93m    0.535662[0m
INFO -- Epoch: [95m176[0m - Loss: [93m    0.535638[0m
INFO -- Epoch: [95m177[0m - Loss: [93m    0.535613[0m
INFO -- Epoch: [95m178[0m - Loss: [93m    0.535589[0m
INFO -- Epoch: [95m179[0m - Loss: [93m    0.535564[0m
INFO -- Epoch: [95m180[0m - Loss: [93m    0.535540[0m
INFO -- Epoch: [95m181[0m - Loss: [93m    0.535515[0m
INFO -- Epoch: [95m182[0m - Loss: [93m    0.535490[0m
INFO -- Epoch: [95m183[0m - Loss: [93m    0.535465[0m
INFO -- Epoch: [95m184[0m - Loss: [93m    0.535440[0m
INFO -- Epoch: [95m185[0m - Loss: [93m    0.535415[0m
INFO -- Epoch: [95m186[0m - Loss: [93m    0.535390[0m
INFO -- Epoch: [95m187[0m - Loss: [93m    0.535365[0m
INFO -- Epoch: [95m188[0m - Loss: [93m    0.535339[0m
INFO -- Epoch: [95m189[0m - Loss: [93m    0.535314[0m
INFO -- Epoch: [95m190[0m - Loss: [93m    0.535288[0m
INFO -- Epoch: [95m191[0m - Loss: [93m    0.535263[0m
INFO -- Epoch: [95m192[0m - Loss: [93m    0.535237[0m
INFO -- Epoch: [95m193[0m - Loss: [93m    0.535211[0m
INFO -- Epoch: [95m194[0m - Loss: [93m    0.535185[0m
INFO -- Epoch: [95m195[0m - Loss: [93m    0.535159[0m
INFO -- Epoch: [95m196[0m - Loss: [93m    0.535133[0m
INFO -- Epoch: [95m197[0m - Loss: [93m    0.535107[0m
INFO -- Epoch: [95m198[0m - Loss: [93m    0.535081[0m
INFO -- Epoch: [95m199[0m - Loss: [93m    0.535054[0m
INFO -- Epoch: [95m200[0m - Loss: [93m    0.535028[0m
INFO -- Epoch: [95m201[0m - Loss: [93m    0.535001[0m
INFO -- Epoch: [95m202[0m - Loss: [93m    0.534975[0m
INFO -- Epoch: [95m203[0m - Loss: [93m    0.534948[0m
INFO -- Epoch: [95m204[0m - Loss: [93m    0.534921[0m
INFO -- Epoch: [95m205[0m - Loss: [93m    0.534894[0m
INFO -- Epoch: [95m206[0m - Loss: [93m    0.534867[0m
INFO -- Epoch: [95m207[0m - Loss: [93m    0.534840[0m
INFO -- Epoch: [95m208[0m - Loss: [93m    0.534813[0m
INFO -- Epoch: [95m209[0m - Loss: [93m    0.534785[0m
INFO -- Epoch: [95m210[0m - Loss: [93m    0.534758[0m
INFO -- Epoch: [95m211[0m - Loss: [93m    0.534730[0m
INFO -- Epoch: [95m212[0m - Loss: [93m    0.534703[0m
INFO -- Epoch: [95m213[0m - Loss: [93m    0.534675[0m
INFO -- Epoch: [95m214[0m - Loss: [93m    0.534647[0m
INFO -- Epoch: [95m215[0m - Loss: [93m    0.534619[0m
INFO -- Epoch: [95m216[0m - Loss: [93m    0.534591[0m
INFO -- Epoch: [95m217[0m - Loss: [93m    0.534563[0m
INFO -- Epoch: [95m218[0m - Loss: [93m    0.534535[0m
INFO -- Epoch: [95m219[0m - Loss: [93m    0.534507[0m
INFO -- Epoch: [95m220[0m - Loss: [93m    0.534478[0m
INFO -- Epoch: [95m221[0m - Loss: [93m    0.534450[0m
INFO -- Epoch: [95m222[0m - Loss: [93m    0.534421[0m
INFO -- Epoch: [95m223[0m - Loss: [93m    0.534392[0m
INFO -- Epoch: [95m224[0m - Loss: [93m    0.534364[0m
INFO -- Epoch: [95m225[0m - Loss: [93m    0.534335[0m
INFO -- Epoch: [95m226[0m - Loss: [93m    0.534306[0m
INFO -- Epoch: [95m227[0m - Loss: [93m    0.534277[0m
INFO -- Epoch: [95m228[0m - Loss: [93m    0.534247[0m
INFO -- Epoch: [95m229[0m - Loss: [93m    0.534218[0m
INFO -- Epoch: [95m230[0m - Loss: [93m    0.534189[0m
INFO -- Epoch: [95m231[0m - Loss: [93m    0.534159[0m
INFO -- Epoch: [95m232[0m - Loss: [93m    0.534130[0m
INFO -- Epoch: [95m233[0m - Loss: [93m    0.534100[0m
INFO -- Epoch: [95m234[0m - Loss: [93m    0.534070[0m
INFO -- Epoch: [95m235[0m - Loss: [93m    0.534040[0m
INFO -- Epoch: [95m236[0m - Loss: [93m    0.534011[0m
INFO -- Epoch: [95m237[0m - Loss: [93m    0.533981[0m
INFO -- Epoch: [95m238[0m - Loss: [93m    0.533950[0m
INFO -- Epoch: [95m239[0m - Loss: [93m    0.533920[0m
INFO -- Epoch: [95m240[0m - Loss: [93m    0.533890[0m
INFO -- Epoch: [95m241[0m - Loss: [93m    0.533860[0m
INFO -- Epoch: [95m242[0m - Loss: [93m    0.533829[0m
INFO -- Epoch: [95m243[0m - Loss: [93m    0.533799[0m
INFO -- Epoch: [95m244[0m - Loss: [93m    0.533768[0m
INFO -- Epoch: [95m245[0m - Loss: [93m    0.533737[0m
INFO -- Epoch: [95m246[0m - Loss: [93m    0.533707[0m
INFO -- Epoch: [95m247[0m - Loss: [93m    0.533676[0m
INFO -- Epoch: [95m248[0m - Loss: [93m    0.533645[0m
INFO -- Epoch: [95m249[0m - Loss: [93m    0.533614[0m
INFO -- Epoch: [95m250[0m - Loss: [93m    0.533583[0m
INFO -- Epoch: [95m251[0m - Loss: [93m    0.533552[0m
INFO -- Epoch: [95m252[0m - Loss: [93m    0.533521[0m
INFO -- Epoch: [95m253[0m - Loss: [93m    0.533490[0m
INFO -- Epoch: [95m254[0m - Loss: [93m    0.533458[0m
INFO -- Epoch: [95m255[0m - Loss: [93m    0.533427[0m
INFO -- Epoch: [95m256[0m - Loss: [93m    0.533396[0m
INFO -- Epoch: [95m257[0m - Loss: [93m    0.533364[0m
INFO -- Epoch: [95m258[0m - Loss: [93m    0.533333[0m
INFO -- Epoch: [95m259[0m - Loss: [93m    0.533301[0m
INFO -- Epoch: [95m260[0m - Loss: [93m    0.533269[0m
INFO -- Epoch: [95m261[0m - Loss: [93m    0.533238[0m
INFO -- Epoch: [95m262[0m - Loss: [93m    0.533206[0m
INFO -- Epoch: [95m263[0m - Loss: [93m    0.533174[0m
INFO -- Epoch: [95m264[0m - Loss: [93m    0.533143[0m
INFO -- Epoch: [95m265[0m - Loss: [93m    0.533111[0m
INFO -- Epoch: [95m266[0m - Loss: [93m    0.533079[0m
INFO -- Epoch: [95m267[0m - Loss: [93m    0.533047[0m
INFO -- Epoch: [95m268[0m - Loss: [93m    0.533015[0m
INFO -- Epoch: [95m269[0m - Loss: [93m    0.532984[0m
INFO -- Epoch: [95m270[0m - Loss: [93m    0.532952[0m
INFO -- Epoch: [95m271[0m - Loss: [93m    0.532920[0m
INFO -- Epoch: [95m272[0m - Loss: [93m    0.532888[0m
INFO -- Epoch: [95m273[0m - Loss: [93m    0.532856[0m
INFO -- Epoch: [95m274[0m - Loss: [93m    0.532824[0m
INFO -- Epoch: [95m275[0m - Loss: [93m    0.532792[0m
INFO -- Epoch: [95m276[0m - Loss: [93m    0.532761[0m
INFO -- Epoch: [95m277[0m - Loss: [93m    0.532729[0m
INFO -- Epoch: [95m278[0m - Loss: [93m    0.532697[0m
INFO -- Epoch: [95m279[0m - Loss: [93m    0.532665[0m
INFO -- Epoch: [95m280[0m - Loss: [93m    0.532633[0m
INFO -- Epoch: [95m281[0m - Loss: [93m    0.532601[0m
INFO -- Epoch: [95m282[0m - Loss: [93m    0.532570[0m
INFO -- Epoch: [95m283[0m - Loss: [93m    0.532538[0m
INFO -- Epoch: [95m284[0m - Loss: [93m    0.532507[0m
INFO -- Epoch: [95m285[0m - Loss: [93m    0.532475[0m
INFO -- Epoch: [95m286[0m - Loss: [93m    0.532444[0m
INFO -- Epoch: [95m287[0m - Loss: [93m    0.532412[0m
INFO -- Epoch: [95m288[0m - Loss: [93m    0.532381[0m
INFO -- Epoch: [95m289[0m - Loss: [93m    0.532349[0m
INFO -- Epoch: [95m290[0m - Loss: [93m    0.532318[0m
INFO -- Epoch: [95m291[0m - Loss: [93m    0.532287[0m
INFO -- Epoch: [95m292[0m - Loss: [93m    0.532256[0m
INFO -- Epoch: [95m293[0m - Loss: [93m    0.532225[0m
INFO -- Epoch: [95m294[0m - Loss: [93m    0.532194[0m
INFO -- Epoch: [95m295[0m - Loss: [93m    0.532164[0m
INFO -- Epoch: [95m296[0m - Loss: [93m    0.532133[0m
INFO -- Epoch: [95m297[0m - Loss: [93m    0.532103[0m
INFO -- Epoch: [95m298[0m - Loss: [93m    0.532072[0m
INFO -- Epoch: [95m299[0m - Loss: [93m    0.532042[0m
INFO -- Epoch: [95m300[0m - Loss: [93m    0.532012[0m
INFO -- Epoch: [95m301[0m - Loss: [93m    0.531982[0m
INFO -- Epoch: [95m302[0m - Loss: [93m    0.531953[0m
INFO -- Epoch: [95m303[0m - Loss: [93m    0.531923[0m
INFO -- Epoch: [95m304[0m - Loss: [93m    0.531894[0m
INFO -- Epoch: [95m305[0m - Loss: [93m    0.531864[0m
INFO -- Epoch: [95m306[0m - Loss: [93m    0.531835[0m
INFO -- Epoch: [95m307[0m - Loss: [93m    0.531806[0m
INFO -- Epoch: [95m308[0m - Loss: [93m    0.531778[0m
INFO -- Epoch: [95m309[0m - Loss: [93m    0.531749[0m
INFO -- Epoch: [95m310[0m - Loss: [93m    0.531721[0m
INFO -- Epoch: [95m311[0m - Loss: [93m    0.531693[0m
INFO -- Epoch: [95m312[0m - Loss: [93m    0.531665[0m
INFO -- Epoch: [95m313[0m - Loss: [93m    0.531638[0m
INFO -- Epoch: [95m314[0m - Loss: [93m    0.531610[0m
INFO -- Epoch: [95m315[0m - Loss: [93m    0.531583[0m
INFO -- Epoch: [95m316[0m - Loss: [93m    0.531556[0m
INFO -- Epoch: [95m317[0m - Loss: [93m    0.531530[0m
INFO -- Epoch: [95m318[0m - Loss: [93m    0.531503[0m
INFO -- Epoch: [95m319[0m - Loss: [93m    0.531477[0m
INFO -- Epoch: [95m320[0m - Loss: [93m    0.531451[0m
INFO -- Epoch: [95m321[0m - Loss: [93m    0.531426[0m
INFO -- Epoch: [95m322[0m - Loss: [93m    0.531401[0m
INFO -- Epoch: [95m323[0m - Loss: [93m    0.531376[0m
INFO -- Epoch: [95m324[0m - Loss: [93m    0.531351[0m
INFO -- Epoch: [95m325[0m - Loss: [93m    0.531327[0m
INFO -- Epoch: [95m326[0m - Loss: [93m    0.531303[0m
INFO -- Epoch: [95m327[0m - Loss: [93m    0.531279[0m
INFO -- Epoch: [95m328[0m - Loss: [93m    0.531255[0m
INFO -- Epoch: [95m329[0m - Loss: [93m    0.531232[0m
INFO -- Epoch: [95m330[0m - Loss: [93m    0.531210[0m
INFO -- Epoch: [95m331[0m - Loss: [93m    0.531187[0m
INFO -- Epoch: [95m332[0m - Loss: [93m    0.531165[0m
INFO -- Epoch: [95m333[0m - Loss: [93m    0.531143[0m
INFO -- Epoch: [95m334[0m - Loss: [93m    0.531122[0m
INFO -- Epoch: [95m335[0m - Loss: [93m    0.531101[0m
INFO -- Epoch: [95m336[0m - Loss: [93m    0.531080[0m
INFO -- Epoch: [95m337[0m - Loss: [93m    0.531060[0m
INFO -- Epoch: [95m338[0m - Loss: [93m    0.531040[0m
INFO -- Epoch: [95m339[0m - Loss: [93m    0.531020[0m
INFO -- Epoch: [95m340[0m - Loss: [93m    0.531001[0m
INFO -- Epoch: [95m341[0m - Loss: [93m    0.530982[0m
INFO -- Epoch: [95m342[0m - Loss: [93m    0.530964[0m
INFO -- Epoch: [95m343[0m - Loss: [93m    0.530946[0m
INFO -- Epoch: [95m344[0m - Loss: [93m    0.530928[0m
INFO -- Epoch: [95m345[0m - Loss: [93m    0.530911[0m
INFO -- Epoch: [95m346[0m - Loss: [93m    0.530894[0m
INFO -- Epoch: [95m347[0m - Loss: [93m    0.530877[0m
INFO -- Epoch: [95m348[0m - Loss: [93m    0.530861[0m
INFO -- Epoch: [95m349[0m - Loss: [93m    0.530845[0m
INFO -- Epoch: [95m350[0m - Loss: [93m    0.530829[0m
INFO -- Epoch: [95m351[0m - Loss: [93m    0.530814[0m
INFO -- Epoch: [95m352[0m - Loss: [93m    0.530800[0m
INFO -- Epoch: [95m353[0m - Loss: [93m    0.530785[0m
INFO -- Epoch: [95m354[0m - Loss: [93m    0.530771[0m
INFO -- Epoch: [95m355[0m - Loss: [93m    0.530758[0m
INFO -- Epoch: [95m356[0m - Loss: [93m    0.530744[0m
INFO -- Epoch: [95m357[0m - Loss: [93m    0.530732[0m
INFO -- Epoch: [95m358[0m - Loss: [93m    0.530719[0m
INFO -- Epoch: [95m359[0m - Loss: [93m    0.530707[0m
INFO -- Epoch: [95m360[0m - Loss: [93m    0.530695[0m
INFO -- Epoch: [95m361[0m - Loss: [93m    0.530684[0m
INFO -- Epoch: [95m362[0m - Loss: [93m    0.530673[0m
INFO -- Epoch: [95m363[0m - Loss: [93m    0.530662[0m
INFO -- Epoch: [95m364[0m - Loss: [93m    0.530652[0m
INFO -- Epoch: [95m365[0m - Loss: [93m    0.530642[0m
INFO -- Epoch: [95m366[0m - Loss: [93m    0.530632[0m
INFO -- Epoch: [95m367[0m - Loss: [93m    0.530623[0m
INFO -- Epoch: [95m368[0m - Loss: [93m    0.530614[0m
INFO -- Epoch: [95m369[0m - Loss: [93m    0.530605[0m
INFO -- Epoch: [95m370[0m - Loss: [93m    0.530597[0m
INFO -- Epoch: [95m371[0m - Loss: [93m    0.530589[0m
INFO -- Epoch: [95m372[0m - Loss: [93m    0.530581[0m
INFO -- Epoch: [95m373[0m - Loss: [93m    0.530574[0m
INFO -- Epoch: [95m374[0m - Loss: [93m    0.530566[0m
INFO -- Epoch: [95m375[0m - Loss: [93m    0.530560[0m
INFO -- Epoch: [95m376[0m - Loss: [93m    0.530553[0m
INFO -- Epoch: [95m377[0m - Loss: [93m    0.530547[0m
INFO -- Epoch: [95m378[0m - Loss: [93m    0.530541[0m
INFO -- Epoch: [95m379[0m - Loss: [93m    0.530535[0m
INFO -- Epoch: [95m380[0m - Loss: [93m    0.530529[0m
INFO -- Epoch: [95m381[0m - Loss: [93m    0.530524[0m
INFO -- Epoch: [95m382[0m - Loss: [93m    0.530519[0m
INFO -- Epoch: [95m383[0m - Loss: [93m    0.530514[0m
INFO -- Epoch: [95m384[0m - Loss: [93m    0.530509[0m
INFO -- Epoch: [95m385[0m - Loss: [93m    0.530505[0m
INFO -- Epoch: [95m386[0m - Loss: [93m    0.530501[0m
INFO -- Epoch: [95m387[0m - Loss: [93m    0.530497[0m
INFO -- Epoch: [95m388[0m - Loss: [93m    0.530493[0m
INFO -- Epoch: [95m389[0m - Loss: [93m    0.530489[0m
INFO -- Epoch: [95m390[0m - Loss: [93m    0.530486[0m
INFO -- Epoch: [95m391[0m - Loss: [93m    0.530483[0m
INFO -- Epoch: [95m392[0m - Loss: [93m    0.530480[0m
INFO -- Epoch: [95m393[0m - Loss: [93m    0.530477[0m
INFO -- Epoch: [95m394[0m - Loss: [93m    0.530474[0m
INFO -- Epoch: [95m395[0m - Loss: [93m    0.530472[0m
INFO -- Epoch: [95m396[0m - Loss: [93m    0.530469[0m
INFO -- Epoch: [95m397[0m - Loss: [93m    0.530467[0m
INFO -- Epoch: [95m398[0m - Loss: [93m    0.530465[0m
INFO -- Epoch: [95m399[0m - Loss: [93m    0.530463[0m
INFO -- Epoch: [95m400[0m - Loss: [93m    0.530461[0m
INFO -- Epoch: [95m401[0m - Loss: [93m    0.530459[0m
INFO -- Epoch: [95m402[0m - Loss: [93m    0.530457[0m
INFO -- Epoch: [95m403[0m - Loss: [93m    0.530456[0m
INFO -- Epoch: [95m404[0m - Loss: [93m    0.530454[0m
INFO -- Epoch: [95m405[0m - Loss: [93m    0.530452[0m
INFO -- Epoch: [95m406[0m - Loss: [93m    0.530451[0m
INFO -- Epoch: [95m407[0m - Loss: [93m    0.530450[0m
INFO -- Epoch: [95m408[0m - Loss: [93m    0.530449[0m
INFO -- Epoch: [95m409[0m - Loss: [93m    0.530448[0m
INFO -- Epoch: [95m410[0m - Loss: [93m    0.530447[0m
INFO -- Epoch: [95m411[0m - Loss: [93m    0.530446[0m
INFO -- Epoch: [95m412[0m - Loss: [93m    0.530445[0m
INFO -- Epoch: [95m413[0m - Loss: [93m    0.530444[0m
INFO -- Epoch: [95m414[0m - Loss: [93m    0.530443[0m
INFO -- Epoch: [95m415[0m - Loss: [93m    0.530443[0m
INFO -- Epoch: [95m416[0m - Loss: [93m    0.530442[0m
INFO -- Epoch: [95m417[0m - Loss: [93m    0.530441[0m
INFO -- Epoch: [95m418[0m - Loss: [93m    0.530441[0m
INFO -- Epoch: [95m419[0m - Loss: [93m    0.530440[0m
INFO -- Epoch: [95m420[0m - Loss: [93m    0.530440[0m
INFO -- Epoch: [95m421[0m - Loss: [93m    0.530439[0m
INFO -- Epoch: [95m422[0m - Loss: [93m    0.530439[0m
INFO -- Epoch: [95m423[0m - Loss: [93m    0.530438[0m
INFO -- Epoch: [95m424[0m - Loss: [93m    0.530438[0m
INFO -- Epoch: [95m425[0m - Loss: [93m    0.530438[0m
INFO -- Epoch: [95m426[0m - Loss: [93m    0.530437[0m
INFO -- Epoch: [95m427[0m - Loss: [93m    0.530437[0m
INFO -- Epoch: [95m428[0m - Loss: [93m    0.530437[0m
INFO -- Epoch: [95m429[0m - Loss: [93m    0.530437[0m
INFO -- Epoch: [95m430[0m - Loss: [93m    0.530436[0m
INFO -- Epoch: [95m431[0m - Loss: [93m    0.530436[0m
INFO -- Epoch: [95m432[0m - Loss: [93m    0.530436[0m
INFO -- Epoch: [95m433[0m - Loss: [93m    0.530436[0m
INFO -- Epoch: [95m434[0m - Loss: [93m    0.530436[0m
INFO -- Epoch: [95m435[0m - Loss: [93m    0.530436[0m
INFO -- Epoch: [95m436[0m - Loss: [93m    0.530435[0m
INFO -- Epoch: [95m437[0m - Loss: [93m    0.530435[0m
INFO -- Epoch: [95m438[0m - Loss: [93m    0.530435[0m
INFO -- Epoch: [95m439[0m - Loss: [93m    0.530435[0m
INFO -- Epoch: [95m440[0m - Loss: [93m    0.530435[0m
INFO -- Epoch: [95m441[0m - Loss: [93m    0.530435[0m
INFO -- Epoch: [95m442[0m - Loss: [93m    0.530435[0m
INFO -- Epoch: [95m443[0m - Loss: [93m    0.530435[0m
INFO -- Epoch: [95m444[0m - Loss: [93m    0.530435[0m
INFO -- Epoch: [95m445[0m - Loss: [93m    0.530435[0m
INFO -- Epoch: [95m446[0m - Loss: [93m    0.530435[0m
INFO -- Epoch: [95m447[0m - Loss: [93m    0.530434[0m
INFO -- Epoch: [95m448[0m - Loss: [93m    0.530434[0m
INFO -- Epoch: [95m449[0m - Loss: [93m    0.530434[0m
INFO -- Epoch: [95m450[0m - Loss: [93m    0.530434[0m
INFO -- Epoch: [95m451[0m - Loss: [93m    0.530434[0m
INFO -- Epoch: [95m452[0m - Loss: [93m    0.530434[0m
INFO -- Epoch: [95m453[0m - Loss: [93m    0.530434[0m
INFO -- Epoch: [95m454[0m - Loss: [93m    0.530434[0m
INFO -- Epoch: [95m455[0m - Loss: [93m    0.530434[0m
INFO -- Epoch: [95m456[0m - Loss: [93m    0.530434[0m
INFO -- Epoch: [95m457[0m - Loss: [93m    0.530434[0m
INFO -- Epoch: [95m458[0m - Loss: [93m    0.530434[0m
INFO -- Epoch: [95m459[0m - Loss: [93m    0.530434[0m
INFO -- Epoch: [95m460[0m - Loss: [93m    0.530434[0m
INFO -- Epoch: [95m461[0m - Loss: [93m    0.530434[0m
INFO -- Epoch: [95m462[0m - Loss: [93m    0.530434[0m
INFO -- Epoch: [95m463[0m - Loss: [93m    0.530434[0m
INFO -- Epoch: [95m464[0m - Loss: [93m    0.530434[0m
INFO -- Epoch: [95m465[0m - Loss: [93m    0.530434[0m
INFO -- Epoch: [95m466[0m - Loss: [93m    0.530434[0m
INFO -- Epoch: [95m467[0m - Loss: [93m    0.530434[0m
INFO -- Epoch: [95m468[0m - Loss: [93m    0.530434[0m
INFO -- Epoch: [95m469[0m - Loss: [93m    0.530434[0m
INFO -- Epoch: [95m470[0m - Loss: [93m    0.530434[0m
INFO -- Epoch: [95m471[0m - Loss: [93m    0.530434[0m
INFO -- Epoch: [95m472[0m - Loss: [93m    0.530434[0m
INFO -- Epoch: [95m473[0m - Loss: [93m    0.530434[0m
INFO -- Epoch: [95m474[0m - Loss: [93m    0.530434[0m
INFO -- Epoch: [95m475[0m - Loss: [93m    0.530434[0m
INFO -- Epoch: [95m476[0m - Loss: [93m    0.530434[0m
INFO -- Epoch: [95m477[0m - Loss: [93m    0.530434[0m
INFO -- Epoch: [95m478[0m - Loss: [93m    0.530434[0m
INFO -- Epoch: [95m479[0m - Loss: [93m    0.530434[0m
INFO -- Epoch: [95m480[0m - Loss: [93m    0.530434[0m
INFO -- Epoch: [95m481[0m - Loss: [93m    0.530434[0m
INFO -- Epoch: [95m482[0m - Loss: [93m    0.530434[0m
INFO -- Epoch: [95m483[0m - Loss: [93m    0.530434[0m
INFO -- Epoch: [95m484[0m - Loss: [93m    0.530434[0m
INFO -- Epoch: [95m485[0m - Loss: [93m    0.530434[0m
INFO -- Epoch: [95m486[0m - Loss: [93m    0.530433[0m
INFO -- Epoch: [95m487[0m - Loss: [93m    0.530434[0m
INFO -- Epoch: [95m488[0m - Loss: [93m    0.530434[0m
INFO -- Epoch: [95m489[0m - Loss: [93m    0.530434[0m
INFO -- Epoch: [95m490[0m - Loss: [93m    0.530433[0m
INFO -- Epoch: [95m491[0m - Loss: [93m    0.530433[0m
INFO -- Epoch: [95m492[0m - Loss: [93m    0.530433[0m
INFO -- Epoch: [95m493[0m - Loss: [93m    0.530433[0m
INFO -- Epoch: [95m494[0m - Loss: [93m    0.530433[0m
INFO -- Epoch: [95m495[0m - Loss: [93m    0.530433[0m
INFO -- Epoch: [95m496[0m - Loss: [93m    0.530433[0m
INFO -- Epoch: [95m497[0m - Loss: [93m    0.530433[0m
INFO -- Epoch: [95m498[0m - Loss: [93m    0.530433[0m
INFO -- Epoch: [95m499[0m - Loss: [93m    0.530433[0m
INFO -- Epoch: [95m500[0m - Loss: [93m    0.530433[0m
INFO -- Epoch: [95m501[0m - Loss: [93m    0.530433[0m
INFO -- Epoch: [95m502[0m - Loss: [93m    0.530433[0m
INFO -- Epoch: [95m503[0m - Loss: [93m    0.530433[0m
INFO -- Epoch: [95m504[0m - Loss: [93m    0.530433[0m
INFO -- Epoch: [95m505[0m - Loss: [93m    0.530433[0m
INFO -- Epoch: [95m506[0m - Loss: [93m    0.530433[0m
INFO -- Epoch: [95m507[0m - Loss: [93m    0.530433[0m
INFO -- Epoch: [95m508[0m - Loss: [93m    0.530433[0m
INFO -- Epoch: [95m509[0m - Loss: [93m    0.530433[0m
INFO -- Epoch: [95m510[0m - Loss: [93m    0.530433[0m
INFO -- Epoch: [95m511[0m - Loss: [93m    0.530433[0m
INFO -- Epoch: [95m512[0m - Loss: [93m    0.530433[0m
INFO -- Epoch: [95m513[0m - Loss: [93m    0.530433[0m
INFO -- Epoch: [95m514[0m - Loss: [93m    0.530433[0m
INFO -- Epoch: [95m515[0m - Loss: [93m    0.530433[0m
INFO -- Epoch: [95m516[0m - Loss: [93m    0.530433[0m
INFO -- Epoch: [95m517[0m - Loss: [93m    0.530433[0m
INFO -- Epoch: [95m518[0m - Loss: [93m    0.530433[0m
INFO -- Epoch: [95m519[0m - Loss: [93m    0.530433[0m
INFO -- Epoch: [95m520[0m - Loss: [93m    0.530433[0m
INFO -- Epoch: [95m521[0m - Loss: [93m    0.530433[0m
INFO -- Epoch: [95m522[0m - Loss: [93m    0.530433[0m
INFO -- Epoch: [95m523[0m - Loss: [93m    0.530433[0m
INFO -- Epoch: [95m524[0m - Loss: [93m    0.530433[0m
INFO -- Epoch: [95m525[0m - Loss: [93m    0.530433[0m
INFO -- Epoch: [95m526[0m - Loss: [93m    0.530433[0m
INFO -- Epoch: [95m527[0m - Loss: [93m    0.530433[0m
INFO -- Epoch: [95m528[0m - Loss: [93m    0.530433[0m
INFO -- Epoch: [95m529[0m - Loss: [93m    0.530433[0m
INFO -- Epoch: [95m530[0m - Loss: [93m    0.530433[0m
INFO -- Epoch: [95m531[0m - Loss: [93m    0.530433[0m
INFO -- Epoch: [95m532[0m - Loss: [93m    0.530433[0m
INFO -- Epoch: [95m533[0m - Loss: [93m    0.530433[0m
INFO -- Epoch: [95m534[0m - Loss: [93m    0.530433[0m
INFO -- Epoch: [95m535[0m - Loss: [93m    0.530433[0m
INFO -- Epoch: [95m536[0m - Loss: [93m    0.530433[0m
INFO -- Epoch: [95m537[0m - Loss: [93m    0.530433[0m
INFO -- Epoch: [95m538[0m - Loss: [93m    0.530433[0m
INFO -- Epoch: [95m539[0m - Loss: [93m    0.530433[0m
INFO -- Epoch: [95m540[0m - Loss: [93m    0.530433[0m
INFO -- Epoch: [95m541[0m - Loss: [93m    0.530433[0m
INFO -- Epoch: [95m542[0m - Loss: [93m    0.530433[0m
INFO -- Epoch: [95m543[0m - Loss: [93m    0.530433[0m
INFO -- Epoch: [95m544[0m - Loss: [93m    0.530433[0m
INFO -- Epoch: [95m545[0m - Loss: [93m    0.530433[0m
INFO -- Epoch: [95m546[0m - Loss: [93m    0.530433[0m
INFO -- Epoch: [95m547[0m - Loss: [93m    0.530433[0m
INFO -- Epoch: [95m548[0m - Loss: [93m    0.530433[0m
INFO -- Epoch: [95m549[0m - Loss: [93m    0.530433[0m
INFO -- Epoch: [95m550[0m - Loss: [93m    0.530433[0m
INFO -- Epoch: [95m551[0m - Loss: [93m    0.530433[0m
INFO -- Epoch: [95m552[0m - Loss: [93m    0.530433[0m
INFO -- Epoch: [95m553[0m - Loss: [93m    0.530433[0m
INFO -- Epoch: [95m554[0m - Loss: [93m    0.530433[0m
INFO -- Epoch: [95m555[0m - Loss: [93m    0.530433[0m
INFO -- Epoch: [95m556[0m - Loss: [93m    0.530433[0m
INFO -- Epoch: [95m557[0m - Loss: [93m    0.530433[0m
INFO -- Epoch: [95m558[0m - Loss: [93m    0.530433[0m
INFO -- Epoch: [95m559[0m - Loss: [93m    0.530432[0m
INFO -- Epoch: [95m560[0m - Loss: [93m    0.530432[0m
INFO -- Epoch: [95m561[0m - Loss: [93m    0.530432[0m
INFO -- Epoch: [95m562[0m - Loss: [93m    0.530432[0m
INFO -- Epoch: [95m563[0m - Loss: [93m    0.530432[0m
INFO -- Epoch: [95m564[0m - Loss: [93m    0.530432[0m
INFO -- Epoch: [95m565[0m - Loss: [93m    0.530432[0m
INFO -- Epoch: [95m566[0m - Loss: [93m    0.530432[0m
INFO -- Epoch: [95m567[0m - Loss: [93m    0.530432[0m
INFO -- Epoch: [95m568[0m - Loss: [93m    0.530432[0m
INFO -- Epoch: [95m569[0m - Loss: [93m    0.530432[0m
INFO -- Epoch: [95m570[0m - Loss: [93m    0.530432[0m
INFO -- Epoch: [95m571[0m - Loss: [93m    0.530432[0m
INFO -- Epoch: [95m572[0m - Loss: [93m    0.530432[0m
INFO -- Epoch: [95m573[0m - Loss: [93m    0.530432[0m
INFO -- Epoch: [95m574[0m - Loss: [93m    0.530432[0m
INFO -- Epoch: [95m575[0m - Loss: [93m    0.530432[0m
INFO -- Epoch: [95m576[0m - Loss: [93m    0.530432[0m
INFO -- Epoch: [95m577[0m - Loss: [93m    0.530432[0m
INFO -- Epoch: [95m578[0m - Loss: [93m    0.530432[0m
INFO -- Epoch: [95m579[0m - Loss: [93m    0.530432[0m
INFO -- Epoch: [95m580[0m - Loss: [93m    0.530432[0m
INFO -- Epoch: [95m581[0m - Loss: [93m    0.530432[0m
INFO -- Epoch: [95m582[0m - Loss: [93m    0.530432[0m
INFO -- Epoch: [95m583[0m - Loss: [93m    0.530432[0m
INFO -- Epoch: [95m584[0m - Loss: [93m    0.530432[0m
INFO -- Epoch: [95m585[0m - Loss: [93m    0.530432[0m
INFO -- Epoch: [95m586[0m - Loss: [93m    0.530432[0m
INFO -- Epoch: [95m587[0m - Loss: [93m    0.530432[0m
INFO -- Epoch: [95m588[0m - Loss: [93m    0.530432[0m
INFO -- Epoch: [95m589[0m - Loss: [93m    0.530432[0m
INFO -- Epoch: [95m590[0m - Loss: [93m    0.530432[0m
INFO -- Epoch: [95m591[0m - Loss: [93m    0.530432[0m
INFO -- Epoch: [95m592[0m - Loss: [93m    0.530432[0m
INFO -- Epoch: [95m593[0m - Loss: [93m    0.530432[0m
INFO -- Epoch: [95m594[0m - Loss: [93m    0.530432[0m
INFO -- Epoch: [95m595[0m - Loss: [93m    0.530432[0m
INFO -- Epoch: [95m596[0m - Loss: [93m    0.530432[0m
INFO -- Epoch: [95m597[0m - Loss: [93m    0.530432[0m
INFO -- Epoch: [95m598[0m - Loss: [93m    0.530432[0m
INFO -- Epoch: [95m599[0m - Loss: [93m    0.530432[0m
INFO -- Epoch: [95m600[0m - Loss: [93m    0.530432[0m
INFO -- Epoch: [95m601[0m - Loss: [93m    0.530432[0m
INFO -- Epoch: [95m602[0m - Loss: [93m    0.530432[0m
INFO -- Epoch: [95m603[0m - Loss: [93m    0.530432[0m
INFO -- Epoch: [95m604[0m - Loss: [93m    0.530432[0m
INFO -- Epoch: [95m605[0m - Loss: [93m    0.530432[0m
INFO -- Epoch: [95m606[0m - Loss: [93m    0.530432[0m
INFO -- Epoch: [95m607[0m - Loss: [93m    0.530432[0m
INFO -- Epoch: [95m608[0m - Loss: [93m    0.530432[0m
INFO -- Epoch: [95m609[0m - Loss: [93m    0.530432[0m
INFO -- Epoch: [95m610[0m - Loss: [93m    0.530432[0m
INFO -- Epoch: [95m611[0m - Loss: [93m    0.530432[0m
INFO -- Epoch: [95m612[0m - Loss: [93m    0.530432[0m
INFO -- Epoch: [95m613[0m - Loss: [93m    0.530432[0m
INFO -- Epoch: [95m614[0m - Loss: [93m    0.530432[0m
INFO -- Epoch: [95m615[0m - Loss: [93m    0.530432[0m
INFO -- Epoch: [95m616[0m - Loss: [93m    0.530432[0m
INFO -- Epoch: [95m617[0m - Loss: [93m    0.530432[0m
INFO -- Epoch: [95m618[0m - Loss: [93m    0.530432[0m
INFO -- Epoch: [95m619[0m - Loss: [93m    0.530432[0m
INFO -- Epoch: [95m620[0m - Loss: [93m    0.530432[0m
INFO -- Epoch: [95m621[0m - Loss: [93m    0.530432[0m
INFO -- Epoch: [95m622[0m - Loss: [93m    0.530432[0m
INFO -- Epoch: [95m623[0m - Loss: [93m    0.530432[0m
INFO -- Epoch: [95m624[0m - Loss: [93m    0.530432[0m
INFO -- Epoch: [95m625[0m - Loss: [93m    0.530431[0m
INFO -- Epoch: [95m626[0m - Loss: [93m    0.530431[0m
INFO -- Epoch: [95m627[0m - Loss: [93m    0.530431[0m
INFO -- Epoch: [95m628[0m - Loss: [93m    0.530432[0m
INFO -- Epoch: [95m629[0m - Loss: [93m    0.530432[0m
INFO -- Epoch: [95m630[0m - Loss: [93m    0.530431[0m
INFO -- Epoch: [95m631[0m - Loss: [93m    0.530431[0m
INFO -- Epoch: [95m632[0m - Loss: [93m    0.530431[0m
INFO -- Epoch: [95m633[0m - Loss: [93m    0.530431[0m
INFO -- Epoch: [95m634[0m - Loss: [93m    0.530431[0m
INFO -- Epoch: [95m635[0m - Loss: [93m    0.530431[0m
INFO -- Epoch: [95m636[0m - Loss: [93m    0.530431[0m
INFO -- Epoch: [95m637[0m - Loss: [93m    0.530431[0m
INFO -- Epoch: [95m638[0m - Loss: [93m    0.530431[0m
INFO -- Epoch: [95m639[0m - Loss: [93m    0.530431[0m
INFO -- Epoch: [95m640[0m - Loss: [93m    0.530431[0m
INFO -- Epoch: [95m641[0m - Loss: [93m    0.530431[0m
INFO -- Epoch: [95m642[0m - Loss: [93m    0.530431[0m
INFO -- Epoch: [95m643[0m - Loss: [93m    0.530431[0m
INFO -- Epoch: [95m644[0m - Loss: [93m    0.530431[0m
INFO -- Epoch: [95m645[0m - Loss: [93m    0.530431[0m
INFO -- Epoch: [95m646[0m - Loss: [93m    0.530431[0m
INFO -- Epoch: [95m647[0m - Loss: [93m    0.530431[0m
INFO -- Epoch: [95m648[0m - Loss: [93m    0.530431[0m
INFO -- Epoch: [95m649[0m - Loss: [93m    0.530431[0m
INFO -- Epoch: [95m650[0m - Loss: [93m    0.530431[0m
INFO -- Epoch: [95m651[0m - Loss: [93m    0.530431[0m
INFO -- Epoch: [95m652[0m - Loss: [93m    0.530431[0m
INFO -- Epoch: [95m653[0m - Loss: [93m    0.530431[0m
INFO -- Epoch: [95m654[0m - Loss: [93m    0.530431[0m
INFO -- Epoch: [95m655[0m - Loss: [93m    0.530431[0m
INFO -- Epoch: [95m656[0m - Loss: [93m    0.530431[0m
INFO -- Epoch: [95m657[0m - Loss: [93m    0.530431[0m
INFO -- Epoch: [95m658[0m - Loss: [93m    0.530431[0m
INFO -- Epoch: [95m659[0m - Loss: [93m    0.530431[0m
INFO -- Epoch: [95m660[0m - Loss: [93m    0.530431[0m
INFO -- Epoch: [95m661[0m - Loss: [93m    0.530431[0m
INFO -- Epoch: [95m662[0m - Loss: [93m    0.530431[0m
INFO -- Epoch: [95m663[0m - Loss: [93m    0.530431[0m
INFO -- Epoch: [95m664[0m - Loss: [93m    0.530431[0m
INFO -- Epoch: [95m665[0m - Loss: [93m    0.530431[0m
INFO -- Epoch: [95m666[0m - Loss: [93m    0.530431[0m
INFO -- Epoch: [95m667[0m - Loss: [93m    0.530431[0m
INFO -- Epoch: [95m668[0m - Loss: [93m    0.530431[0m
INFO -- Epoch: [95m669[0m - Loss: [93m    0.530431[0m
INFO -- Epoch: [95m670[0m - Loss: [93m    0.530431[0m
INFO -- Epoch: [95m671[0m - Loss: [93m    0.530431[0m
INFO -- Epoch: [95m672[0m - Loss: [93m    0.530431[0m
INFO -- Epoch: [95m673[0m - Loss: [93m    0.530431[0m
INFO -- Epoch: [95m674[0m - Loss: [93m    0.530431[0m
INFO -- Epoch: [95m675[0m - Loss: [93m    0.530431[0m
INFO -- Epoch: [95m676[0m - Loss: [93m    0.530431[0m
INFO -- Epoch: [95m677[0m - Loss: [93m    0.530431[0m
INFO -- Epoch: [95m678[0m - Loss: [93m    0.530431[0m
INFO -- Epoch: [95m679[0m - Loss: [93m    0.530431[0m
INFO -- Epoch: [95m680[0m - Loss: [93m    0.530431[0m
INFO -- Epoch: [95m681[0m - Loss: [93m    0.530431[0m
INFO -- Epoch: [95m682[0m - Loss: [93m    0.530431[0m
INFO -- Epoch: [95m683[0m - Loss: [93m    0.530431[0m
INFO -- Epoch: [95m684[0m - Loss: [93m    0.530431[0m
INFO -- Epoch: [95m685[0m - Loss: [93m    0.530431[0m
INFO -- Epoch: [95m686[0m - Loss: [93m    0.530431[0m
INFO -- Epoch: [95m687[0m - Loss: [93m    0.530431[0m
INFO -- Epoch: [95m688[0m - Loss: [93m    0.530431[0m
INFO -- Epoch: [95m689[0m - Loss: [93m    0.530431[0m
INFO -- Epoch: [95m690[0m - Loss: [93m    0.530431[0m
INFO -- Epoch: [95m691[0m - Loss: [93m    0.530431[0m
INFO -- Epoch: [95m692[0m - Loss: [93m    0.530431[0m
INFO -- Epoch: [95m693[0m - Loss: [93m    0.530431[0m
INFO -- Epoch: [95m694[0m - Loss: [93m    0.530430[0m
INFO -- Epoch: [95m695[0m - Loss: [93m    0.530430[0m
INFO -- Epoch: [95m696[0m - Loss: [93m    0.530430[0m
INFO -- Epoch: [95m697[0m - Loss: [93m    0.530430[0m
INFO -- Epoch: [95m698[0m - Loss: [93m    0.530430[0m
INFO -- Epoch: [95m699[0m - Loss: [93m    0.530430[0m
INFO -- Epoch: [95m700[0m - Loss: [93m    0.530430[0m
INFO -- Epoch: [95m701[0m - Loss: [93m    0.530430[0m
INFO -- Epoch: [95m702[0m - Loss: [93m    0.530430[0m
INFO -- Epoch: [95m703[0m - Loss: [93m    0.530430[0m
INFO -- Epoch: [95m704[0m - Loss: [93m    0.530430[0m
INFO -- Epoch: [95m705[0m - Loss: [93m    0.530430[0m
INFO -- Epoch: [95m706[0m - Loss: [93m    0.530430[0m
INFO -- Epoch: [95m707[0m - Loss: [93m    0.530430[0m
INFO -- Epoch: [95m708[0m - Loss: [93m    0.530430[0m
INFO -- Epoch: [95m709[0m - Loss: [93m    0.530430[0m
INFO -- Epoch: [95m710[0m - Loss: [93m    0.530430[0m
INFO -- Epoch: [95m711[0m - Loss: [93m    0.530430[0m
INFO -- Epoch: [95m712[0m - Loss: [93m    0.530430[0m
INFO -- Epoch: [95m713[0m - Loss: [93m    0.530430[0m
INFO -- Epoch: [95m714[0m - Loss: [93m    0.530430[0m
INFO -- Epoch: [95m715[0m - Loss: [93m    0.530430[0m
INFO -- Epoch: [95m716[0m - Loss: [93m    0.530430[0m
INFO -- Epoch: [95m717[0m - Loss: [93m    0.530430[0m
INFO -- Epoch: [95m718[0m - Loss: [93m    0.530430[0m
INFO -- Epoch: [95m719[0m - Loss: [93m    0.530430[0m
INFO -- Epoch: [95m720[0m - Loss: [93m    0.530430[0m
INFO -- Epoch: [95m721[0m - Loss: [93m    0.530430[0m
INFO -- Epoch: [95m722[0m - Loss: [93m    0.530430[0m
INFO -- Epoch: [95m723[0m - Loss: [93m    0.530430[0m
INFO -- Epoch: [95m724[0m - Loss: [93m    0.530430[0m
INFO -- Epoch: [95m725[0m - Loss: [93m    0.530430[0m
INFO -- Epoch: [95m726[0m - Loss: [93m    0.530430[0m
INFO -- Epoch: [95m727[0m - Loss: [93m    0.530430[0m
INFO -- Epoch: [95m728[0m - Loss: [93m    0.530430[0m
INFO -- Epoch: [95m729[0m - Loss: [93m    0.530430[0m
INFO -- Epoch: [95m730[0m - Loss: [93m    0.530430[0m
INFO -- Epoch: [95m731[0m - Loss: [93m    0.530430[0m
INFO -- Epoch: [95m732[0m - Loss: [93m    0.530430[0m
INFO -- Epoch: [95m733[0m - Loss: [93m    0.530430[0m
INFO -- Epoch: [95m734[0m - Loss: [93m    0.530430[0m
INFO -- Epoch: [95m735[0m - Loss: [93m    0.530430[0m
INFO -- Epoch: [95m736[0m - Loss: [93m    0.530430[0m
INFO -- Epoch: [95m737[0m - Loss: [93m    0.530430[0m
INFO -- Epoch: [95m738[0m - Loss: [93m    0.530430[0m
INFO -- Epoch: [95m739[0m - Loss: [93m    0.530430[0m
INFO -- Epoch: [95m740[0m - Loss: [93m    0.530430[0m
INFO -- Epoch: [95m741[0m - Loss: [93m    0.530430[0m
INFO -- Epoch: [95m742[0m - Loss: [93m    0.530430[0m
INFO -- Epoch: [95m743[0m - Loss: [93m    0.530430[0m
INFO -- Epoch: [95m744[0m - Loss: [93m    0.530430[0m
INFO -- Epoch: [95m745[0m - Loss: [93m    0.530430[0m
INFO -- Epoch: [95m746[0m - Loss: [93m    0.530430[0m
INFO -- Epoch: [95m747[0m - Loss: [93m    0.530430[0m
INFO -- Epoch: [95m748[0m - Loss: [93m    0.530430[0m
INFO -- Epoch: [95m749[0m - Loss: [93m    0.530430[0m
INFO -- Epoch: [95m750[0m - Loss: [93m    0.530430[0m
INFO -- Epoch: [95m751[0m - Loss: [93m    0.530430[0m
INFO -- Epoch: [95m752[0m - Loss: [93m    0.530430[0m
INFO -- Epoch: [95m753[0m - Loss: [93m    0.530430[0m
INFO -- Epoch: [95m754[0m - Loss: [93m    0.530430[0m
INFO -- Epoch: [95m755[0m - Loss: [93m    0.530430[0m
INFO -- Epoch: [95m756[0m - Loss: [93m    0.530430[0m
INFO -- Epoch: [95m757[0m - Loss: [93m    0.530430[0m
INFO -- Epoch: [95m758[0m - Loss: [93m    0.530430[0m
INFO -- Epoch: [95m759[0m - Loss: [93m    0.530430[0m
INFO -- Epoch: [95m760[0m - Loss: [93m    0.530430[0m
INFO -- Epoch: [95m761[0m - Loss: [93m    0.530430[0m
INFO -- Epoch: [95m762[0m - Loss: [93m    0.530430[0m
INFO -- Epoch: [95m763[0m - Loss: [93m    0.530430[0m
INFO -- Epoch: [95m764[0m - Loss: [93m    0.530430[0m
INFO -- Epoch: [95m765[0m - Loss: [93m    0.530430[0m
INFO -- Epoch: [95m766[0m - Loss: [93m    0.530430[0m
INFO -- Epoch: [95m767[0m - Loss: [93m    0.530429[0m
INFO -- Epoch: [95m768[0m - Loss: [93m    0.530429[0m
INFO -- Epoch: [95m769[0m - Loss: [93m    0.530429[0m
INFO -- Epoch: [95m770[0m - Loss: [93m    0.530429[0m
INFO -- Epoch: [95m771[0m - Loss: [93m    0.530429[0m
INFO -- Epoch: [95m772[0m - Loss: [93m    0.530429[0m
INFO -- Epoch: [95m773[0m - Loss: [93m    0.530429[0m
INFO -- Epoch: [95m774[0m - Loss: [93m    0.530429[0m
INFO -- Epoch: [95m775[0m - Loss: [93m    0.530429[0m
INFO -- Epoch: [95m776[0m - Loss: [93m    0.530429[0m
INFO -- Epoch: [95m777[0m - Loss: [93m    0.530429[0m
INFO -- Epoch: [95m778[0m - Loss: [93m    0.530429[0m
INFO -- Epoch: [95m779[0m - Loss: [93m    0.530429[0m
INFO -- Epoch: [95m780[0m - Loss: [93m    0.530429[0m
INFO -- Epoch: [95m781[0m - Loss: [93m    0.530429[0m
INFO -- Epoch: [95m782[0m - Loss: [93m    0.530429[0m
INFO -- Epoch: [95m783[0m - Loss: [93m    0.530429[0m
INFO -- Epoch: [95m784[0m - Loss: [93m    0.530429[0m
INFO -- Epoch: [95m785[0m - Loss: [93m    0.530429[0m
INFO -- Epoch: [95m786[0m - Loss: [93m    0.530429[0m
INFO -- Epoch: [95m787[0m - Loss: [93m    0.530429[0m
INFO -- Epoch: [95m788[0m - Loss: [93m    0.530429[0m
INFO -- Epoch: [95m789[0m - Loss: [93m    0.530429[0m
INFO -- Epoch: [95m790[0m - Loss: [93m    0.530429[0m
INFO -- Epoch: [95m791[0m - Loss: [93m    0.530429[0m
INFO -- Epoch: [95m792[0m - Loss: [93m    0.530429[0m
INFO -- Epoch: [95m793[0m - Loss: [93m    0.530429[0m
INFO -- Epoch: [95m794[0m - Loss: [93m    0.530429[0m
INFO -- Epoch: [95m795[0m - Loss: [93m    0.530429[0m
INFO -- Epoch: [95m796[0m - Loss: [93m    0.530429[0m
INFO -- Epoch: [95m797[0m - Loss: [93m    0.530429[0m
INFO -- Epoch: [95m798[0m - Loss: [93m    0.530429[0m
INFO -- Epoch: [95m799[0m - Loss: [93m    0.530429[0m
INFO -- Epoch: [95m800[0m - Loss: [93m    0.530429[0m
INFO -- Epoch: [95m801[0m - Loss: [93m    0.530429[0m
INFO -- Epoch: [95m802[0m - Loss: [93m    0.530429[0m
INFO -- Epoch: [95m803[0m - Loss: [93m    0.530429[0m
INFO -- Epoch: [95m804[0m - Loss: [93m    0.530429[0m
INFO -- Epoch: [95m805[0m - Loss: [93m    0.530429[0m
INFO -- Epoch: [95m806[0m - Loss: [93m    0.530429[0m
INFO -- Epoch: [95m807[0m - Loss: [93m    0.530429[0m
INFO -- Epoch: [95m808[0m - Loss: [93m    0.530429[0m
INFO -- Epoch: [95m809[0m - Loss: [93m    0.530429[0m
INFO -- Epoch: [95m810[0m - Loss: [93m    0.530429[0m
INFO -- Epoch: [95m811[0m - Loss: [93m    0.530429[0m
INFO -- Epoch: [95m812[0m - Loss: [93m    0.530429[0m
INFO -- Epoch: [95m813[0m - Loss: [93m    0.530429[0m
INFO -- Epoch: [95m814[0m - Loss: [93m    0.530429[0m
INFO -- Epoch: [95m815[0m - Loss: [93m    0.530429[0m
INFO -- Epoch: [95m816[0m - Loss: [93m    0.530429[0m
INFO -- Epoch: [95m817[0m - Loss: [93m    0.530429[0m
INFO -- Epoch: [95m818[0m - Loss: [93m    0.530429[0m
INFO -- Epoch: [95m819[0m - Loss: [93m    0.530429[0m
INFO -- Epoch: [95m820[0m - Loss: [93m    0.530429[0m
INFO -- Epoch: [95m821[0m - Loss: [93m    0.530429[0m
INFO -- Epoch: [95m822[0m - Loss: [93m    0.530429[0m
INFO -- Epoch: [95m823[0m - Loss: [93m    0.530429[0m
INFO -- Epoch: [95m824[0m - Loss: [93m    0.530429[0m
INFO -- Epoch: [95m825[0m - Loss: [93m    0.530429[0m
INFO -- Epoch: [95m826[0m - Loss: [93m    0.530429[0m
INFO -- Epoch: [95m827[0m - Loss: [93m    0.530429[0m
INFO -- Epoch: [95m828[0m - Loss: [93m    0.530429[0m
INFO -- Epoch: [95m829[0m - Loss: [93m    0.530429[0m
INFO -- Epoch: [95m830[0m - Loss: [93m    0.530429[0m
INFO -- Epoch: [95m831[0m - Loss: [93m    0.530429[0m
INFO -- Epoch: [95m832[0m - Loss: [93m    0.530429[0m
INFO -- Epoch: [95m833[0m - Loss: [93m    0.530429[0m
INFO -- Epoch: [95m834[0m - Loss: [93m    0.530429[0m
INFO -- Epoch: [95m835[0m - Loss: [93m    0.530429[0m
INFO -- Epoch: [95m836[0m - Loss: [93m    0.530429[0m
INFO -- Epoch: [95m837[0m - Loss: [93m    0.530429[0m
INFO -- Epoch: [95m838[0m - Loss: [93m    0.530429[0m
INFO -- Epoch: [95m839[0m - Loss: [93m    0.530429[0m
INFO -- Epoch: [95m840[0m - Loss: [93m    0.530429[0m
INFO -- Epoch: [95m841[0m - Loss: [93m    0.530429[0m
INFO -- Epoch: [95m842[0m - Loss: [93m    0.530429[0m
INFO -- Epoch: [95m843[0m - Loss: [93m    0.530429[0m
INFO -- Epoch: [95m844[0m - Loss: [93m    0.530428[0m
INFO -- Epoch: [95m845[0m - Loss: [93m    0.530429[0m
INFO -- Epoch: [95m846[0m - Loss: [93m    0.530429[0m
INFO -- Epoch: [95m847[0m - Loss: [93m    0.530428[0m
INFO -- Epoch: [95m848[0m - Loss: [93m    0.530428[0m
INFO -- Epoch: [95m849[0m - Loss: [93m    0.530428[0m
INFO -- Epoch: [95m850[0m - Loss: [93m    0.530428[0m
INFO -- Epoch: [95m851[0m - Loss: [93m    0.530428[0m
INFO -- Epoch: [95m852[0m - Loss: [93m    0.530428[0m
INFO -- Epoch: [95m853[0m - Loss: [93m    0.530428[0m
INFO -- Epoch: [95m854[0m - Loss: [93m    0.530428[0m
INFO -- Epoch: [95m855[0m - Loss: [93m    0.530428[0m
INFO -- Epoch: [95m856[0m - Loss: [93m    0.530428[0m
INFO -- Epoch: [95m857[0m - Loss: [93m    0.530428[0m
INFO -- Epoch: [95m858[0m - Loss: [93m    0.530428[0m
INFO -- Epoch: [95m859[0m - Loss: [93m    0.530428[0m
INFO -- Epoch: [95m860[0m - Loss: [93m    0.530428[0m
INFO -- Epoch: [95m861[0m - Loss: [93m    0.530428[0m
INFO -- Epoch: [95m862[0m - Loss: [93m    0.530428[0m
INFO -- Epoch: [95m863[0m - Loss: [93m    0.530428[0m
INFO -- Epoch: [95m864[0m - Loss: [93m    0.530428[0m
INFO -- Epoch: [95m865[0m - Loss: [93m    0.530428[0m
INFO -- Epoch: [95m866[0m - Loss: [93m    0.530428[0m
INFO -- Epoch: [95m867[0m - Loss: [93m    0.530428[0m
INFO -- Epoch: [95m868[0m - Loss: [93m    0.530428[0m
INFO -- Epoch: [95m869[0m - Loss: [93m    0.530428[0m
INFO -- Epoch: [95m870[0m - Loss: [93m    0.530428[0m
INFO -- Epoch: [95m871[0m - Loss: [93m    0.530428[0m
INFO -- Epoch: [95m872[0m - Loss: [93m    0.530428[0m
INFO -- Epoch: [95m873[0m - Loss: [93m    0.530428[0m
INFO -- Epoch: [95m874[0m - Loss: [93m    0.530428[0m
INFO -- Epoch: [95m875[0m - Loss: [93m    0.530428[0m
INFO -- Epoch: [95m876[0m - Loss: [93m    0.530428[0m
INFO -- Epoch: [95m877[0m - Loss: [93m    0.530428[0m
INFO -- Epoch: [95m878[0m - Loss: [93m    0.530428[0m
INFO -- Epoch: [95m879[0m - Loss: [93m    0.530428[0m
INFO -- Epoch: [95m880[0m - Loss: [93m    0.530428[0m
INFO -- Epoch: [95m881[0m - Loss: [93m    0.530428[0m
INFO -- Epoch: [95m882[0m - Loss: [93m    0.530428[0m
INFO -- Epoch: [95m883[0m - Loss: [93m    0.530428[0m
INFO -- Epoch: [95m884[0m - Loss: [93m    0.530428[0m
INFO -- Epoch: [95m885[0m - Loss: [93m    0.530428[0m
INFO -- Epoch: [95m886[0m - Loss: [93m    0.530428[0m
INFO -- Epoch: [95m887[0m - Loss: [93m    0.530428[0m
INFO -- Epoch: [95m888[0m - Loss: [93m    0.530428[0m
INFO -- Epoch: [95m889[0m - Loss: [93m    0.530428[0m
INFO -- Epoch: [95m890[0m - Loss: [93m    0.530428[0m
INFO -- Epoch: [95m891[0m - Loss: [93m    0.530428[0m
INFO -- Epoch: [95m892[0m - Loss: [93m    0.530428[0m
INFO -- Epoch: [95m893[0m - Loss: [93m    0.530428[0m
INFO -- Epoch: [95m894[0m - Loss: [93m    0.530428[0m
INFO -- Epoch: [95m895[0m - Loss: [93m    0.530428[0m
INFO -- Epoch: [95m896[0m - Loss: [93m    0.530428[0m
INFO -- Epoch: [95m897[0m - Loss: [93m    0.530428[0m
INFO -- Epoch: [95m898[0m - Loss: [93m    0.530428[0m
INFO -- Epoch: [95m899[0m - Loss: [93m    0.530428[0m
INFO -- Epoch: [95m900[0m - Loss: [93m    0.530428[0m
INFO -- Epoch: [95m901[0m - Loss: [93m    0.530428[0m
INFO -- Epoch: [95m902[0m - Loss: [93m    0.530428[0m
INFO -- Epoch: [95m903[0m - Loss: [93m    0.530428[0m
INFO -- Epoch: [95m904[0m - Loss: [93m    0.530428[0m
INFO -- Epoch: [95m905[0m - Loss: [93m    0.530428[0m
INFO -- Epoch: [95m906[0m - Loss: [93m    0.530428[0m
INFO -- Epoch: [95m907[0m - Loss: [93m    0.530428[0m
INFO -- Epoch: [95m908[0m - Loss: [93m    0.530428[0m
INFO -- Epoch: [95m909[0m - Loss: [93m    0.530428[0m
INFO -- Epoch: [95m910[0m - Loss: [93m    0.530428[0m
INFO -- Epoch: [95m911[0m - Loss: [93m    0.530428[0m
INFO -- Epoch: [95m912[0m - Loss: [93m    0.530428[0m
INFO -- Epoch: [95m913[0m - Loss: [93m    0.530428[0m
INFO -- Epoch: [95m914[0m - Loss: [93m    0.530428[0m
INFO -- Epoch: [95m915[0m - Loss: [93m    0.530428[0m
INFO -- Epoch: [95m916[0m - Loss: [93m    0.530428[0m
INFO -- Epoch: [95m917[0m - Loss: [93m    0.530428[0m
INFO -- Epoch: [95m918[0m - Loss: [93m    0.530428[0m
INFO -- Epoch: [95m919[0m - Loss: [93m    0.530428[0m
INFO -- Epoch: [95m920[0m - Loss: [93m    0.530428[0m
INFO -- Epoch: [95m921[0m - Loss: [93m    0.530428[0m
INFO -- Epoch: [95m922[0m - Loss: [93m    0.530428[0m
INFO -- Epoch: [95m923[0m - Loss: [93m    0.530427[0m
INFO -- Epoch: [95m924[0m - Loss: [93m    0.530428[0m
INFO -- Epoch: [95m925[0m - Loss: [93m    0.530427[0m
INFO -- Epoch: [95m926[0m - Loss: [93m    0.530427[0m
INFO -- Epoch: [95m927[0m - Loss: [93m    0.530427[0m
INFO -- Epoch: [95m928[0m - Loss: [93m    0.530427[0m
INFO -- Epoch: [95m929[0m - Loss: [93m    0.530428[0m
INFO -- Epoch: [95m930[0m - Loss: [93m    0.530427[0m
INFO -- Epoch: [95m931[0m - Loss: [93m    0.530427[0m
INFO -- Epoch: [95m932[0m - Loss: [93m    0.530427[0m
INFO -- Epoch: [95m933[0m - Loss: [93m    0.530427[0m
INFO -- Epoch: [95m934[0m - Loss: [93m    0.530427[0m
INFO -- Epoch: [95m935[0m - Loss: [93m    0.530427[0m
INFO -- Epoch: [95m936[0m - Loss: [93m    0.530427[0m
INFO -- Epoch: [95m937[0m - Loss: [93m    0.530427[0m
INFO -- Epoch: [95m938[0m - Loss: [93m    0.530427[0m
INFO -- Epoch: [95m939[0m - Loss: [93m    0.530427[0m
INFO -- Epoch: [95m940[0m - Loss: [93m    0.530427[0m
INFO -- Epoch: [95m941[0m - Loss: [93m    0.530427[0m
INFO -- Epoch: [95m942[0m - Loss: [93m    0.530427[0m
INFO -- Epoch: [95m943[0m - Loss: [93m    0.530427[0m
INFO -- Epoch: [95m944[0m - Loss: [93m    0.530427[0m
INFO -- Epoch: [95m945[0m - Loss: [93m    0.530427[0m
INFO -- Epoch: [95m946[0m - Loss: [93m    0.530427[0m
INFO -- Epoch: [95m947[0m - Loss: [93m    0.530427[0m
INFO -- Epoch: [95m948[0m - Loss: [93m    0.530427[0m
INFO -- Epoch: [95m949[0m - Loss: [93m    0.530427[0m
INFO -- Epoch: [95m950[0m - Loss: [93m    0.530427[0m
INFO -- Epoch: [95m951[0m - Loss: [93m    0.530427[0m
INFO -- Epoch: [95m952[0m - Loss: [93m    0.530427[0m
INFO -- Epoch: [95m953[0m - Loss: [93m    0.530427[0m
INFO -- Epoch: [95m954[0m - Loss: [93m    0.530427[0m
INFO -- Epoch: [95m955[0m - Loss: [93m    0.530427[0m
INFO -- Epoch: [95m956[0m - Loss: [93m    0.530427[0m
INFO -- Epoch: [95m957[0m - Loss: [93m    0.530427[0m
INFO -- Epoch: [95m958[0m - Loss: [93m    0.530427[0m
INFO -- Epoch: [95m959[0m - Loss: [93m    0.530427[0m
INFO -- Epoch: [95m960[0m - Loss: [93m    0.530427[0m
INFO -- Epoch: [95m961[0m - Loss: [93m    0.530427[0m
INFO -- Epoch: [95m962[0m - Loss: [93m    0.530427[0m
INFO -- Epoch: [95m963[0m - Loss: [93m    0.530427[0m
INFO -- Epoch: [95m964[0m - Loss: [93m    0.530427[0m
INFO -- Epoch: [95m965[0m - Loss: [93m    0.530427[0m
INFO -- Epoch: [95m966[0m - Loss: [93m    0.530427[0m
INFO -- Epoch: [95m967[0m - Loss: [93m    0.530427[0m
INFO -- Epoch: [95m968[0m - Loss: [93m    0.530427[0m
INFO -- Epoch: [95m969[0m - Loss: [93m    0.530427[0m
INFO -- Epoch: [95m970[0m - Loss: [93m    0.530427[0m
INFO -- Epoch: [95m971[0m - Loss: [93m    0.530427[0m
INFO -- Epoch: [95m972[0m - Loss: [93m    0.530427[0m
INFO -- Epoch: [95m973[0m - Loss: [93m    0.530427[0m
INFO -- Epoch: [95m974[0m - Loss: [93m    0.530427[0m
INFO -- Epoch: [95m975[0m - Loss: [93m    0.530427[0m
INFO -- Epoch: [95m976[0m - Loss: [93m    0.530427[0m
INFO -- Epoch: [95m977[0m - Loss: [93m    0.530427[0m
INFO -- Epoch: [95m978[0m - Loss: [93m    0.530427[0m
INFO -- Epoch: [95m979[0m - Loss: [93m    0.530427[0m
INFO -- Epoch: [95m980[0m - Loss: [93m    0.530427[0m
INFO -- Epoch: [95m981[0m - Loss: [93m    0.530427[0m
INFO -- Epoch: [95m982[0m - Loss: [93m    0.530427[0m
INFO -- Epoch: [95m983[0m - Loss: [93m    0.530427[0m
INFO -- Epoch: [95m984[0m - Loss: [93m    0.530427[0m
INFO -- Epoch: [95m985[0m - Loss: [93m    0.530427[0m
INFO -- Epoch: [95m986[0m - Loss: [93m    0.530427[0m
INFO -- Epoch: [95m987[0m - Loss: [93m    0.530427[0m
INFO -- Epoch: [95m988[0m - Loss: [93m    0.530427[0m
INFO -- Epoch: [95m989[0m - Loss: [93m    0.530427[0m
INFO -- Epoch: [95m990[0m - Loss: [93m    0.530427[0m
INFO -- Epoch: [95m991[0m - Loss: [93m    0.530427[0m
INFO -- Epoch: [95m992[0m - Loss: [93m    0.530427[0m
INFO -- Epoch: [95m993[0m - Loss: [93m    0.530427[0m
INFO -- Epoch: [95m994[0m - Loss: [93m    0.530427[0m
INFO -- Epoch: [95m995[0m - Loss: [93m    0.530427[0m
INFO -- Epoch: [95m996[0m - Loss: [93m    0.530427[0m
INFO -- Epoch: [95m997[0m - Loss: [93m    0.530427[0m
INFO -- Epoch: [95m998[0m - Loss: [93m    0.530427[0m
INFO -- Epoch: [95m999[0m - Loss: [93m    0.530427[0m
INFO -- Epoch: [95m1000[0m - Loss: [93m    0.530427[0m
INFO -- Creating plots and saving to files. Dimensions: 1
