INFO -- Device: cuda
INFO -- One dimentional problem
INFO -- 
INFO -- ================================================================================
INFO -- Learning parameters
INFO -- Length:                                           [92m1.0[0m
INFO -- Total time:                                       [92m1.0[0m
INFO -- Number of points in x:                            [92m150[0m
INFO -- Number of points in t:                            [92m150[0m
INFO -- Number of points in initial condition:            [92m300[0m
INFO -- Weight for interior loss:                         [92m0.5[0m
INFO -- Weight for initial condition loss:                [92m150.0[0m
INFO -- Weight for boundary loss:                         [92m1.0[0m
INFO -- Layers:                                           [92m4[0m
INFO -- Neurons per layer:                                [92m20[0m
INFO -- Epochs:                                           [92m50[0m
INFO -- Learning rate:                                    [92m0.1[0m
INFO -- ================================================================================
INFO -- 
INFO -- Creating PINN with [92m4[0m layers and [92m20[0m neurons per layer
INFO -- Computing initial condition loss
INFO -- Training PINN for [93m50[0m epochs using [93mloss_fn_weak_and_strong[0m loss function
INFO -- Epoch: [95m1[0m - Loss: [93m    0.979149[0m
INFO -- Epoch: [95m2[0m - Loss: [93m    1.385324[0m
INFO -- Epoch: [95m3[0m - Loss: [93m    2.217056[0m
INFO -- Epoch: [95m4[0m - Loss: [93m    3.067306[0m
INFO -- Epoch: [95m5[0m - Loss: [93m    2.354464[0m
INFO -- Epoch: [95m6[0m - Loss: [93m    0.581588[0m
INFO -- Epoch: [95m7[0m - Loss: [93m    1.437422[0m
INFO -- Epoch: [95m8[0m - Loss: [93m    1.882860[0m
INFO -- Epoch: [95m9[0m - Loss: [93m    0.948646[0m
INFO -- Epoch: [95m10[0m - Loss: [93m    0.607135[0m
INFO -- Epoch: [95m11[0m - Loss: [93m    1.026161[0m
INFO -- Epoch: [95m12[0m - Loss: [93m    1.091251[0m
INFO -- Epoch: [95m13[0m - Loss: [93m    0.701265[0m
INFO -- Epoch: [95m14[0m - Loss: [93m    0.568075[0m
INFO -- Epoch: [95m15[0m - Loss: [93m    0.777984[0m
INFO -- Epoch: [95m16[0m - Loss: [93m    0.827422[0m
INFO -- Epoch: [95m17[0m - Loss: [93m    0.643672[0m
INFO -- Epoch: [95m18[0m - Loss: [93m    0.558138[0m
INFO -- Epoch: [95m19[0m - Loss: [93m    0.670519[0m
INFO -- Epoch: [95m20[0m - Loss: [93m    0.730734[0m
INFO -- Epoch: [95m21[0m - Loss: [93m    0.627621[0m
INFO -- Epoch: [95m22[0m - Loss: [93m    0.555494[0m
INFO -- Epoch: [95m23[0m - Loss: [93m    0.621020[0m
INFO -- Epoch: [95m24[0m - Loss: [93m    0.672823[0m
INFO -- Epoch: [95m25[0m - Loss: [93m    0.612368[0m
INFO -- Epoch: [95m26[0m - Loss: [93m    0.555683[0m
INFO -- Epoch: [95m27[0m - Loss: [93m    0.593251[0m
INFO -- Epoch: [95m28[0m - Loss: [93m    0.633880[0m
INFO -- Epoch: [95m29[0m - Loss: [93m    0.596933[0m
INFO -- Epoch: [95m30[0m - Loss: [93m    0.555898[0m
INFO -- Epoch: [95m31[0m - Loss: [93m    0.579340[0m
INFO -- Epoch: [95m32[0m - Loss: [93m    0.607175[0m
INFO -- Epoch: [95m33[0m - Loss: [93m    0.581989[0m
INFO -- Epoch: [95m34[0m - Loss: [93m    0.555489[0m
INFO -- Epoch: [95m35[0m - Loss: [93m    0.574239[0m
INFO -- Epoch: [95m36[0m - Loss: [93m    0.591016[0m
INFO -- Epoch: [95m37[0m - Loss: [93m    0.570082[0m
INFO -- Epoch: [95m38[0m - Loss: [93m    0.555616[0m
INFO -- Epoch: [95m39[0m - Loss: [93m    0.572035[0m
INFO -- Epoch: [95m40[0m - Loss: [93m    0.578677[0m
INFO -- Epoch: [95m41[0m - Loss: [93m    0.561456[0m
INFO -- Epoch: [95m42[0m - Loss: [93m    0.557011[0m
INFO -- Epoch: [95m43[0m - Loss: [93m    0.570162[0m
INFO -- Epoch: [95m44[0m - Loss: [93m    0.568832[0m
INFO -- Epoch: [95m45[0m - Loss: [93m    0.556569[0m
INFO -- Epoch: [95m46[0m - Loss: [93m    0.559360[0m
INFO -- Epoch: [95m47[0m - Loss: [93m    0.567219[0m
INFO -- Epoch: [95m48[0m - Loss: [93m    0.561279[0m
INFO -- Epoch: [95m49[0m - Loss: [93m    0.555430[0m
INFO -- Epoch: [95m50[0m - Loss: [93m    0.561142[0m
INFO -- Creating plots and saving to files. Dimensions: 1
