INFO -- Device: cuda
INFO -- 
INFO -- ================================================================================
INFO -- Learning parameters
INFO -- Length:                                           [92m1.0[0m
INFO -- Total time:                                       [92m1.0[0m
INFO -- Number of points in x:                            [92m150[0m
INFO -- Number of points in initial condition:            [92m300[0m
INFO -- Weight for interior loss:                         [92m0.5[0m
INFO -- Weight for initial condition loss:                [92m150.0[0m
INFO -- Weight for boundary loss:                         [92m1.0[0m
INFO -- Layers:                                           [92m8[0m
INFO -- Neurons per layer:                                [92m60[0m
INFO -- Epochs:                                           [92m50000[0m
INFO -- Learning rate:                                    [92m0.0025[0m
INFO -- ================================================================================
INFO -- 
INFO -- Creating PINN with [92m8[0m layers and [92m60[0m neurons per layer
INFO -- Computing initial condition loss
INFO -- Training PINN for [93m50000[0m epochs using [93mloss_fn_strong[0m loss function
INFO -- Epoch: [95m1[0m - Loss: [93m    1.716456[0m
INFO -- Epoch: [95m2[0m - Loss: [93m    1.260746[0m
INFO -- Epoch: [95m3[0m - Loss: [93m    0.898080[0m
INFO -- Epoch: [95m4[0m - Loss: [93m    0.629776[0m
INFO -- Epoch: [95m5[0m - Loss: [93m    0.601812[0m
INFO -- Epoch: [95m6[0m - Loss: [93m    0.720645[0m
INFO -- Epoch: [95m7[0m - Loss: [93m    0.648450[0m
INFO -- Epoch: [95m8[0m - Loss: [93m    0.571167[0m
INFO -- Epoch: [95m9[0m - Loss: [93m    0.575990[0m
INFO -- Epoch: [95m10[0m - Loss: [93m    0.609486[0m
INFO -- Epoch: [95m11[0m - Loss: [93m    0.617230[0m
INFO -- Epoch: [95m12[0m - Loss: [93m    0.596759[0m
INFO -- Epoch: [95m13[0m - Loss: [93m    0.569520[0m
INFO -- Epoch: [95m14[0m - Loss: [93m    0.556115[0m
INFO -- Epoch: [95m15[0m - Loss: [93m    0.560419[0m
INFO -- Epoch: [95m16[0m - Loss: [93m    0.575255[0m
INFO -- Epoch: [95m17[0m - Loss: [93m    0.580940[0m
INFO -- Epoch: [95m18[0m - Loss: [93m    0.569448[0m
INFO -- Epoch: [95m19[0m - Loss: [93m    0.558890[0m
INFO -- Epoch: [95m20[0m - Loss: [93m    0.554956[0m
INFO -- Epoch: [95m21[0m - Loss: [93m    0.558092[0m
INFO -- Epoch: [95m22[0m - Loss: [93m    0.563147[0m
INFO -- Epoch: [95m23[0m - Loss: [93m    0.565614[0m
INFO -- Epoch: [95m24[0m - Loss: [93m    0.564087[0m
INFO -- Epoch: [95m25[0m - Loss: [93m    0.560207[0m
INFO -- Epoch: [95m26[0m - Loss: [93m    0.556421[0m
INFO -- Epoch: [95m27[0m - Loss: [93m    0.554636[0m
INFO -- Epoch: [95m28[0m - Loss: [93m    0.555809[0m
INFO -- Epoch: [95m29[0m - Loss: [93m    0.558016[0m
INFO -- Epoch: [95m30[0m - Loss: [93m    0.559134[0m
INFO -- Epoch: [95m31[0m - Loss: [93m    0.557296[0m
INFO -- Epoch: [95m32[0m - Loss: [93m    0.555891[0m
INFO -- Epoch: [95m33[0m - Loss: [93m    0.554633[0m
INFO -- Epoch: [95m34[0m - Loss: [93m    0.553857[0m
INFO -- Epoch: [95m35[0m - Loss: [93m    0.554092[0m
INFO -- Epoch: [95m36[0m - Loss: [93m    0.554601[0m
INFO -- Epoch: [95m37[0m - Loss: [93m    0.555419[0m
INFO -- Epoch: [95m38[0m - Loss: [93m    0.555568[0m
INFO -- Epoch: [95m39[0m - Loss: [93m    0.555193[0m
INFO -- Epoch: [95m40[0m - Loss: [93m    0.554377[0m
INFO -- Epoch: [95m41[0m - Loss: [93m    0.553824[0m
INFO -- Epoch: [95m42[0m - Loss: [93m    0.553822[0m
INFO -- Epoch: [95m43[0m - Loss: [93m    0.553133[0m
INFO -- Epoch: [95m44[0m - Loss: [93m    0.553975[0m
INFO -- Epoch: [95m45[0m - Loss: [93m    0.554442[0m
INFO -- Epoch: [95m46[0m - Loss: [93m    0.553949[0m
INFO -- Epoch: [95m47[0m - Loss: [93m    0.553421[0m
INFO -- Epoch: [95m48[0m - Loss: [93m    0.553464[0m
INFO -- Epoch: [95m49[0m - Loss: [93m    0.553478[0m
INFO -- Epoch: [95m50[0m - Loss: [93m    0.552997[0m
INFO -- Epoch: [95m51[0m - Loss: [93m    0.553836[0m
INFO -- Epoch: [95m52[0m - Loss: [93m    0.553698[0m
INFO -- Epoch: [95m53[0m - Loss: [93m    0.553891[0m
INFO -- Epoch: [95m54[0m - Loss: [93m    0.553778[0m
INFO -- Epoch: [95m55[0m - Loss: [93m    0.553377[0m
INFO -- Epoch: [95m56[0m - Loss: [93m    0.552995[0m
INFO -- Epoch: [95m57[0m - Loss: [93m    0.553694[0m
INFO -- Epoch: [95m58[0m - Loss: [93m    0.553252[0m
INFO -- Epoch: [95m59[0m - Loss: [93m    0.553630[0m
INFO -- Epoch: [95m60[0m - Loss: [93m    0.553149[0m
INFO -- Epoch: [95m61[0m - Loss: [93m    0.553809[0m
INFO -- Epoch: [95m62[0m - Loss: [93m    0.553493[0m
INFO -- Epoch: [95m63[0m - Loss: [93m    0.553456[0m
INFO -- Epoch: [95m64[0m - Loss: [93m    0.553598[0m
INFO -- Epoch: [95m65[0m - Loss: [93m    0.553364[0m
INFO -- Epoch: [95m66[0m - Loss: [93m    0.552863[0m
INFO -- Epoch: [95m67[0m - Loss: [93m    0.553470[0m
INFO -- Epoch: [95m68[0m - Loss: [93m    0.553861[0m
INFO -- Epoch: [95m69[0m - Loss: [93m    0.553238[0m
INFO -- Epoch: [95m70[0m - Loss: [93m    0.552998[0m
INFO -- Epoch: [95m71[0m - Loss: [93m    0.552859[0m
INFO -- Epoch: [95m72[0m - Loss: [93m    0.553674[0m
INFO -- Epoch: [95m73[0m - Loss: [93m    0.554006[0m
INFO -- Epoch: [95m74[0m - Loss: [93m    0.552805[0m
INFO -- Epoch: [95m75[0m - Loss: [93m    0.552959[0m
INFO -- Epoch: [95m76[0m - Loss: [93m    0.553035[0m
INFO -- Epoch: [95m77[0m - Loss: [93m    0.553394[0m
INFO -- Epoch: [95m78[0m - Loss: [93m    0.553235[0m
INFO -- Epoch: [95m79[0m - Loss: [93m    0.553545[0m
INFO -- Epoch: [95m80[0m - Loss: [93m    0.553284[0m
INFO -- Epoch: [95m81[0m - Loss: [93m    0.553339[0m
INFO -- Epoch: [95m82[0m - Loss: [93m    0.553151[0m
INFO -- Epoch: [95m83[0m - Loss: [93m    0.552615[0m
INFO -- Epoch: [95m84[0m - Loss: [93m    0.553088[0m
INFO -- Epoch: [95m85[0m - Loss: [93m    0.552720[0m
INFO -- Epoch: [95m86[0m - Loss: [93m    0.552157[0m
INFO -- Epoch: [95m87[0m - Loss: [93m    0.552037[0m
INFO -- Epoch: [95m88[0m - Loss: [93m    0.553695[0m
INFO -- Epoch: [95m89[0m - Loss: [93m    0.552712[0m
INFO -- Epoch: [95m90[0m - Loss: [93m    0.553366[0m
INFO -- Epoch: [95m91[0m - Loss: [93m    0.553716[0m
INFO -- Epoch: [95m92[0m - Loss: [93m    0.552511[0m
INFO -- Epoch: [95m93[0m - Loss: [93m    0.553183[0m
INFO -- Epoch: [95m94[0m - Loss: [93m    0.552616[0m
INFO -- Epoch: [95m95[0m - Loss: [93m    0.552889[0m
INFO -- Epoch: [95m96[0m - Loss: [93m    0.553069[0m
INFO -- Epoch: [95m97[0m - Loss: [93m    0.553673[0m
INFO -- Epoch: [95m98[0m - Loss: [93m    0.552943[0m
INFO -- Epoch: [95m99[0m - Loss: [93m    0.553076[0m
INFO -- Epoch: [95m100[0m - Loss: [93m    0.552836[0m
INFO -- Epoch: [95m101[0m - Loss: [93m    0.552453[0m
INFO -- Epoch: [95m102[0m - Loss: [93m    0.552261[0m
INFO -- Epoch: [95m103[0m - Loss: [93m    0.553189[0m
INFO -- Epoch: [95m104[0m - Loss: [93m    0.552564[0m
INFO -- Epoch: [95m105[0m - Loss: [93m    0.553874[0m
INFO -- Epoch: [95m106[0m - Loss: [93m    0.553245[0m
INFO -- Epoch: [95m107[0m - Loss: [93m    0.553279[0m
INFO -- Epoch: [95m108[0m - Loss: [93m    0.552729[0m
INFO -- Epoch: [95m109[0m - Loss: [93m    0.552851[0m
INFO -- Epoch: [95m110[0m - Loss: [93m    0.553604[0m
INFO -- Epoch: [95m111[0m - Loss: [93m    0.553326[0m
INFO -- Epoch: [95m112[0m - Loss: [93m    0.553200[0m
INFO -- Epoch: [95m113[0m - Loss: [93m    0.553250[0m
INFO -- Epoch: [95m114[0m - Loss: [93m    0.553141[0m
INFO -- Epoch: [95m115[0m - Loss: [93m    0.552883[0m
INFO -- Epoch: [95m116[0m - Loss: [93m    0.554042[0m
INFO -- Epoch: [95m117[0m - Loss: [93m    0.552721[0m
INFO -- Epoch: [95m118[0m - Loss: [93m    0.553501[0m
INFO -- Epoch: [95m119[0m - Loss: [93m    0.552234[0m
INFO -- Epoch: [95m120[0m - Loss: [93m    0.553530[0m
INFO -- Epoch: [95m121[0m - Loss: [93m    0.552152[0m
INFO -- Epoch: [95m122[0m - Loss: [93m    0.552450[0m
INFO -- Epoch: [95m123[0m - Loss: [93m    0.553190[0m
INFO -- Epoch: [95m124[0m - Loss: [93m    0.552441[0m
INFO -- Epoch: [95m125[0m - Loss: [93m    0.552616[0m
INFO -- Epoch: [95m126[0m - Loss: [93m    0.552980[0m
INFO -- Epoch: [95m127[0m - Loss: [93m    0.553646[0m
INFO -- Epoch: [95m128[0m - Loss: [93m    0.554284[0m
INFO -- Epoch: [95m129[0m - Loss: [93m    0.553588[0m
INFO -- Epoch: [95m130[0m - Loss: [93m    0.553279[0m
INFO -- Epoch: [95m131[0m - Loss: [93m    0.553475[0m
INFO -- Epoch: [95m132[0m - Loss: [93m    0.553481[0m
INFO -- Epoch: [95m133[0m - Loss: [93m    0.553574[0m
INFO -- Epoch: [95m134[0m - Loss: [93m    0.553600[0m
INFO -- Epoch: [95m135[0m - Loss: [93m    0.553819[0m
INFO -- Epoch: [95m136[0m - Loss: [93m    0.553122[0m
INFO -- Epoch: [95m137[0m - Loss: [93m    0.553250[0m
INFO -- Epoch: [95m138[0m - Loss: [93m    0.552940[0m
INFO -- Epoch: [95m139[0m - Loss: [93m    0.552996[0m
INFO -- Epoch: [95m140[0m - Loss: [93m    0.553205[0m
INFO -- Epoch: [95m141[0m - Loss: [93m    0.553540[0m
INFO -- Epoch: [95m142[0m - Loss: [93m    0.553222[0m
INFO -- Epoch: [95m143[0m - Loss: [93m    0.552999[0m
INFO -- Epoch: [95m144[0m - Loss: [93m    0.552423[0m
INFO -- Epoch: [95m145[0m - Loss: [93m    0.553638[0m
INFO -- Epoch: [95m146[0m - Loss: [93m    0.552881[0m
INFO -- Epoch: [95m147[0m - Loss: [93m    0.553177[0m
INFO -- Epoch: [95m148[0m - Loss: [93m    0.552742[0m
INFO -- Epoch: [95m149[0m - Loss: [93m    0.552686[0m
INFO -- Epoch: [95m150[0m - Loss: [93m    0.553133[0m
INFO -- Epoch: [95m151[0m - Loss: [93m    0.553020[0m
INFO -- Epoch: [95m152[0m - Loss: [93m    0.553182[0m
INFO -- Epoch: [95m153[0m - Loss: [93m    0.553360[0m
INFO -- Epoch: [95m154[0m - Loss: [93m    0.553330[0m
INFO -- Epoch: [95m155[0m - Loss: [93m    0.552676[0m
INFO -- Epoch: [95m156[0m - Loss: [93m    0.552636[0m
INFO -- Epoch: [95m157[0m - Loss: [93m    0.552889[0m
INFO -- Epoch: [95m158[0m - Loss: [93m    0.552715[0m
INFO -- Epoch: [95m159[0m - Loss: [93m    0.552940[0m
INFO -- Epoch: [95m160[0m - Loss: [93m    0.553345[0m
INFO -- Epoch: [95m161[0m - Loss: [93m    0.553240[0m
INFO -- Epoch: [95m162[0m - Loss: [93m    0.553110[0m
INFO -- Epoch: [95m163[0m - Loss: [93m    0.552748[0m
INFO -- Epoch: [95m164[0m - Loss: [93m    0.553024[0m
INFO -- Epoch: [95m165[0m - Loss: [93m    0.552803[0m
INFO -- Epoch: [95m166[0m - Loss: [93m    0.553140[0m
INFO -- Epoch: [95m167[0m - Loss: [93m    0.552936[0m
INFO -- Epoch: [95m168[0m - Loss: [93m    0.553456[0m
INFO -- Epoch: [95m169[0m - Loss: [93m    0.552545[0m
INFO -- Epoch: [95m170[0m - Loss: [93m    0.553274[0m
INFO -- Epoch: [95m171[0m - Loss: [93m    0.553092[0m
INFO -- Epoch: [95m172[0m - Loss: [93m    0.552579[0m
INFO -- Epoch: [95m173[0m - Loss: [93m    0.552356[0m
INFO -- Epoch: [95m174[0m - Loss: [93m    0.553217[0m
INFO -- Epoch: [95m175[0m - Loss: [93m    0.552335[0m
INFO -- Epoch: [95m176[0m - Loss: [93m    0.553063[0m
INFO -- Epoch: [95m177[0m - Loss: [93m    0.553186[0m
INFO -- Epoch: [95m178[0m - Loss: [93m    0.552240[0m
INFO -- Epoch: [95m179[0m - Loss: [93m    0.552953[0m
INFO -- Epoch: [95m180[0m - Loss: [93m    0.553366[0m
INFO -- Epoch: [95m181[0m - Loss: [93m    0.553216[0m
INFO -- Epoch: [95m182[0m - Loss: [93m    0.553114[0m
INFO -- Epoch: [95m183[0m - Loss: [93m    0.553604[0m
INFO -- Epoch: [95m184[0m - Loss: [93m    0.553003[0m
INFO -- Epoch: [95m185[0m - Loss: [93m    0.552924[0m
INFO -- Epoch: [95m186[0m - Loss: [93m    0.553415[0m
INFO -- Epoch: [95m187[0m - Loss: [93m    0.553427[0m
INFO -- Epoch: [95m188[0m - Loss: [93m    0.552988[0m
INFO -- Epoch: [95m189[0m - Loss: [93m    0.552728[0m
INFO -- Epoch: [95m190[0m - Loss: [93m    0.552847[0m
INFO -- Epoch: [95m191[0m - Loss: [93m    0.552093[0m
INFO -- Epoch: [95m192[0m - Loss: [93m    0.553130[0m
INFO -- Epoch: [95m193[0m - Loss: [93m    0.552568[0m
INFO -- Epoch: [95m194[0m - Loss: [93m    0.552993[0m
INFO -- Epoch: [95m195[0m - Loss: [93m    0.553186[0m
INFO -- Epoch: [95m196[0m - Loss: [93m    0.554229[0m
INFO -- Epoch: [95m197[0m - Loss: [93m    0.552939[0m
INFO -- Epoch: [95m198[0m - Loss: [93m    0.553539[0m
INFO -- Epoch: [95m199[0m - Loss: [93m    0.553698[0m
INFO -- Epoch: [95m200[0m - Loss: [93m    0.552995[0m
INFO -- Epoch: [95m201[0m - Loss: [93m    0.553422[0m
INFO -- Epoch: [95m202[0m - Loss: [93m    0.553521[0m
INFO -- Epoch: [95m203[0m - Loss: [93m    0.553585[0m
INFO -- Epoch: [95m204[0m - Loss: [93m    0.553172[0m
INFO -- Epoch: [95m205[0m - Loss: [93m    0.553236[0m
INFO -- Epoch: [95m206[0m - Loss: [93m    0.553080[0m
INFO -- Epoch: [95m207[0m - Loss: [93m    0.553263[0m
INFO -- Epoch: [95m208[0m - Loss: [93m    0.552876[0m
INFO -- Epoch: [95m209[0m - Loss: [93m    0.552597[0m
INFO -- Epoch: [95m210[0m - Loss: [93m    0.552676[0m
INFO -- Epoch: [95m211[0m - Loss: [93m    0.551959[0m
INFO -- Epoch: [95m212[0m - Loss: [93m    0.554087[0m
INFO -- Epoch: [95m213[0m - Loss: [93m    0.552602[0m
INFO -- Epoch: [95m214[0m - Loss: [93m    0.552461[0m
INFO -- Epoch: [95m215[0m - Loss: [93m    0.552737[0m
INFO -- Epoch: [95m216[0m - Loss: [93m    0.553234[0m
INFO -- Epoch: [95m217[0m - Loss: [93m    0.552947[0m
INFO -- Epoch: [95m218[0m - Loss: [93m    0.553106[0m
INFO -- Epoch: [95m219[0m - Loss: [93m    0.553507[0m
INFO -- Epoch: [95m220[0m - Loss: [93m    0.553365[0m
INFO -- Epoch: [95m221[0m - Loss: [93m    0.553109[0m
INFO -- Epoch: [95m222[0m - Loss: [93m    0.553162[0m
INFO -- Epoch: [95m223[0m - Loss: [93m    0.553137[0m
INFO -- Epoch: [95m224[0m - Loss: [93m    0.553065[0m
INFO -- Epoch: [95m225[0m - Loss: [93m    0.552900[0m
INFO -- Epoch: [95m226[0m - Loss: [93m    0.553170[0m
INFO -- Epoch: [95m227[0m - Loss: [93m    0.552794[0m
INFO -- Epoch: [95m228[0m - Loss: [93m    0.553298[0m
INFO -- Epoch: [95m229[0m - Loss: [93m    0.552894[0m
INFO -- Epoch: [95m230[0m - Loss: [93m    0.552933[0m
INFO -- Epoch: [95m231[0m - Loss: [93m    0.553658[0m
INFO -- Epoch: [95m232[0m - Loss: [93m    0.552740[0m
INFO -- Epoch: [95m233[0m - Loss: [93m    0.553596[0m
INFO -- Epoch: [95m234[0m - Loss: [93m    0.553370[0m
INFO -- Epoch: [95m235[0m - Loss: [93m    0.553346[0m
INFO -- Epoch: [95m236[0m - Loss: [93m    0.553383[0m
INFO -- Epoch: [95m237[0m - Loss: [93m    0.553043[0m
INFO -- Epoch: [95m238[0m - Loss: [93m    0.552874[0m
INFO -- Epoch: [95m239[0m - Loss: [93m    0.553486[0m
INFO -- Epoch: [95m240[0m - Loss: [93m    0.552965[0m
INFO -- Epoch: [95m241[0m - Loss: [93m    0.552951[0m
INFO -- Epoch: [95m242[0m - Loss: [93m    0.552615[0m
INFO -- Epoch: [95m243[0m - Loss: [93m    0.552642[0m
INFO -- Epoch: [95m244[0m - Loss: [93m    0.553000[0m
INFO -- Epoch: [95m245[0m - Loss: [93m    0.553038[0m
INFO -- Epoch: [95m246[0m - Loss: [93m    0.553958[0m
INFO -- Epoch: [95m247[0m - Loss: [93m    0.552692[0m
INFO -- Epoch: [95m248[0m - Loss: [93m    0.554060[0m
INFO -- Epoch: [95m249[0m - Loss: [93m    0.553476[0m
INFO -- Epoch: [95m250[0m - Loss: [93m    0.553384[0m
INFO -- Epoch: [95m251[0m - Loss: [93m    0.552617[0m
INFO -- Epoch: [95m252[0m - Loss: [93m    0.553154[0m
INFO -- Epoch: [95m253[0m - Loss: [93m    0.553026[0m
INFO -- Epoch: [95m254[0m - Loss: [93m    0.553341[0m
INFO -- Epoch: [95m255[0m - Loss: [93m    0.552846[0m
INFO -- Epoch: [95m256[0m - Loss: [93m    0.553083[0m
INFO -- Epoch: [95m257[0m - Loss: [93m    0.552837[0m
INFO -- Epoch: [95m258[0m - Loss: [93m    0.552794[0m
INFO -- Epoch: [95m259[0m - Loss: [93m    0.553360[0m
INFO -- Epoch: [95m260[0m - Loss: [93m    0.553718[0m
INFO -- Epoch: [95m261[0m - Loss: [93m    0.552838[0m
INFO -- Epoch: [95m262[0m - Loss: [93m    0.553302[0m
INFO -- Epoch: [95m263[0m - Loss: [93m    0.552804[0m
INFO -- Epoch: [95m264[0m - Loss: [93m    0.552855[0m
INFO -- Epoch: [95m265[0m - Loss: [93m    0.552616[0m
INFO -- Epoch: [95m266[0m - Loss: [93m    0.552730[0m
INFO -- Epoch: [95m267[0m - Loss: [93m    0.552670[0m
INFO -- Epoch: [95m268[0m - Loss: [93m    0.551804[0m
INFO -- Epoch: [95m269[0m - Loss: [93m    0.552187[0m
INFO -- Epoch: [95m270[0m - Loss: [93m    0.553612[0m
INFO -- Epoch: [95m271[0m - Loss: [93m    0.553655[0m
INFO -- Epoch: [95m272[0m - Loss: [93m    0.552733[0m
INFO -- Epoch: [95m273[0m - Loss: [93m    0.552978[0m
INFO -- Epoch: [95m274[0m - Loss: [93m    0.554156[0m
INFO -- Epoch: [95m275[0m - Loss: [93m    0.553146[0m
INFO -- Epoch: [95m276[0m - Loss: [93m    0.552867[0m
INFO -- Epoch: [95m277[0m - Loss: [93m    0.552851[0m
INFO -- Epoch: [95m278[0m - Loss: [93m    0.553363[0m
INFO -- Epoch: [95m279[0m - Loss: [93m    0.552670[0m
INFO -- Epoch: [95m280[0m - Loss: [93m    0.553189[0m
INFO -- Epoch: [95m281[0m - Loss: [93m    0.553216[0m
INFO -- Epoch: [95m282[0m - Loss: [93m    0.553165[0m
INFO -- Epoch: [95m283[0m - Loss: [93m    0.552469[0m
INFO -- Epoch: [95m284[0m - Loss: [93m    0.552560[0m
INFO -- Epoch: [95m285[0m - Loss: [93m    0.552863[0m
INFO -- Epoch: [95m286[0m - Loss: [93m    0.553078[0m
INFO -- Epoch: [95m287[0m - Loss: [93m    0.552836[0m
INFO -- Epoch: [95m288[0m - Loss: [93m    0.553205[0m
INFO -- Epoch: [95m289[0m - Loss: [93m    0.552296[0m
INFO -- Epoch: [95m290[0m - Loss: [93m    0.552238[0m
INFO -- Epoch: [95m291[0m - Loss: [93m    0.554251[0m
INFO -- Epoch: [95m292[0m - Loss: [93m    0.552709[0m
INFO -- Epoch: [95m293[0m - Loss: [93m    0.552409[0m
INFO -- Epoch: [95m294[0m - Loss: [93m    0.552962[0m
INFO -- Epoch: [95m295[0m - Loss: [93m    0.552937[0m
INFO -- Epoch: [95m296[0m - Loss: [93m    0.553262[0m
INFO -- Epoch: [95m297[0m - Loss: [93m    0.552768[0m
INFO -- Epoch: [95m298[0m - Loss: [93m    0.553687[0m
INFO -- Epoch: [95m299[0m - Loss: [93m    0.553175[0m
INFO -- Epoch: [95m300[0m - Loss: [93m    0.552665[0m
INFO -- Epoch: [95m301[0m - Loss: [93m    0.553140[0m
INFO -- Epoch: [95m302[0m - Loss: [93m    0.552977[0m
INFO -- Epoch: [95m303[0m - Loss: [93m    0.553075[0m
INFO -- Epoch: [95m304[0m - Loss: [93m    0.553311[0m
INFO -- Epoch: [95m305[0m - Loss: [93m    0.552535[0m
INFO -- Epoch: [95m306[0m - Loss: [93m    0.552776[0m
INFO -- Epoch: [95m307[0m - Loss: [93m    0.552899[0m
INFO -- Epoch: [95m308[0m - Loss: [93m    0.553050[0m
INFO -- Epoch: [95m309[0m - Loss: [93m    0.553118[0m
INFO -- Epoch: [95m310[0m - Loss: [93m    0.553399[0m
INFO -- Epoch: [95m311[0m - Loss: [93m    0.553172[0m
INFO -- Epoch: [95m312[0m - Loss: [93m    0.553321[0m
INFO -- Epoch: [95m313[0m - Loss: [93m    0.552664[0m
INFO -- Epoch: [95m314[0m - Loss: [93m    0.553034[0m
INFO -- Epoch: [95m315[0m - Loss: [93m    0.553038[0m
INFO -- Epoch: [95m316[0m - Loss: [93m    0.552784[0m
INFO -- Epoch: [95m317[0m - Loss: [93m    0.553338[0m
INFO -- Epoch: [95m318[0m - Loss: [93m    0.552989[0m
INFO -- Epoch: [95m319[0m - Loss: [93m    0.553492[0m
INFO -- Epoch: [95m320[0m - Loss: [93m    0.553050[0m
INFO -- Epoch: [95m321[0m - Loss: [93m    0.553184[0m
INFO -- Epoch: [95m322[0m - Loss: [93m    0.552963[0m
INFO -- Epoch: [95m323[0m - Loss: [93m    0.553044[0m
INFO -- Epoch: [95m324[0m - Loss: [93m    0.553553[0m
INFO -- Epoch: [95m325[0m - Loss: [93m    0.552829[0m
INFO -- Epoch: [95m326[0m - Loss: [93m    0.553115[0m
INFO -- Epoch: [95m327[0m - Loss: [93m    0.551972[0m
INFO -- Epoch: [95m328[0m - Loss: [93m    0.553366[0m
INFO -- Epoch: [95m329[0m - Loss: [93m    0.552567[0m
INFO -- Epoch: [95m330[0m - Loss: [93m    0.553193[0m
INFO -- Epoch: [95m331[0m - Loss: [93m    0.553420[0m
INFO -- Epoch: [95m332[0m - Loss: [93m    0.552943[0m
INFO -- Epoch: [95m333[0m - Loss: [93m    0.552763[0m
INFO -- Epoch: [95m334[0m - Loss: [93m    0.553109[0m
INFO -- Epoch: [95m335[0m - Loss: [93m    0.553542[0m
INFO -- Epoch: [95m336[0m - Loss: [93m    0.552425[0m
INFO -- Epoch: [95m337[0m - Loss: [93m    0.552685[0m
INFO -- Epoch: [95m338[0m - Loss: [93m    0.553007[0m
INFO -- Epoch: [95m339[0m - Loss: [93m    0.553876[0m
INFO -- Epoch: [95m340[0m - Loss: [93m    0.552837[0m
INFO -- Epoch: [95m341[0m - Loss: [93m    0.553619[0m
INFO -- Epoch: [95m342[0m - Loss: [93m    0.553049[0m
INFO -- Epoch: [95m343[0m - Loss: [93m    0.553182[0m
INFO -- Epoch: [95m344[0m - Loss: [93m    0.552925[0m
INFO -- Epoch: [95m345[0m - Loss: [93m    0.553016[0m
INFO -- Epoch: [95m346[0m - Loss: [93m    0.553053[0m
INFO -- Epoch: [95m347[0m - Loss: [93m    0.553024[0m
INFO -- Epoch: [95m348[0m - Loss: [93m    0.553055[0m
INFO -- Epoch: [95m349[0m - Loss: [93m    0.553415[0m
INFO -- Epoch: [95m350[0m - Loss: [93m    0.552976[0m
INFO -- Epoch: [95m351[0m - Loss: [93m    0.552296[0m
INFO -- Epoch: [95m352[0m - Loss: [93m    0.552367[0m
INFO -- Epoch: [95m353[0m - Loss: [93m    0.553087[0m
INFO -- Epoch: [95m354[0m - Loss: [93m    0.553268[0m
INFO -- Epoch: [95m355[0m - Loss: [93m    0.553770[0m
INFO -- Epoch: [95m356[0m - Loss: [93m    0.552758[0m
INFO -- Epoch: [95m357[0m - Loss: [93m    0.552391[0m
INFO -- Epoch: [95m358[0m - Loss: [93m    0.553352[0m
INFO -- Epoch: [95m359[0m - Loss: [93m    0.553888[0m
INFO -- Epoch: [95m360[0m - Loss: [93m    0.552746[0m
INFO -- Epoch: [95m361[0m - Loss: [93m    0.553623[0m
INFO -- Epoch: [95m362[0m - Loss: [93m    0.553166[0m
INFO -- Epoch: [95m363[0m - Loss: [93m    0.552785[0m
INFO -- Epoch: [95m364[0m - Loss: [93m    0.553272[0m
INFO -- Epoch: [95m365[0m - Loss: [93m    0.552863[0m
INFO -- Epoch: [95m366[0m - Loss: [93m    0.553049[0m
INFO -- Epoch: [95m367[0m - Loss: [93m    0.553322[0m
INFO -- Epoch: [95m368[0m - Loss: [93m    0.552576[0m
INFO -- Epoch: [95m369[0m - Loss: [93m    0.552710[0m
INFO -- Epoch: [95m370[0m - Loss: [93m    0.553199[0m
INFO -- Epoch: [95m371[0m - Loss: [93m    0.553415[0m
INFO -- Epoch: [95m372[0m - Loss: [93m    0.553075[0m
INFO -- Epoch: [95m373[0m - Loss: [93m    0.553501[0m
INFO -- Epoch: [95m374[0m - Loss: [93m    0.553572[0m
INFO -- Epoch: [95m375[0m - Loss: [93m    0.552793[0m
INFO -- Epoch: [95m376[0m - Loss: [93m    0.552391[0m
INFO -- Epoch: [95m377[0m - Loss: [93m    0.553168[0m
INFO -- Training interrupted by user at epoch [91m378[0m
INFO -- Creating plots and saving to files. Dimensions: 1
