INFO -- Device: cuda
INFO -- 
INFO -- ================================================================================
INFO -- Learning parameters
INFO -- Length:                                           [92m1.0[0m
INFO -- Total time:                                       [92m1.0[0m
INFO -- Number of points in x:                            [92m150[0m
INFO -- Number of points in initial condition:            [92m300[0m
INFO -- Weight for interior loss:                         [92m0.5[0m
INFO -- Weight for initial condition loss:                [92m150.0[0m
INFO -- Weight for boundary loss:                         [92m1.0[0m
INFO -- Layers:                                           [92m2[0m
INFO -- Neurons per layer:                                [92m60[0m
INFO -- Epochs:                                           [92m50000[0m
INFO -- Learning rate:                                    [92m0.0025[0m
INFO -- ================================================================================
INFO -- 
INFO -- Creating PINN with [92m2[0m layers and [92m60[0m neurons per layer
INFO -- Computing initial condition loss
INFO -- Training PINN for [93m50000[0m epochs using [93mloss_fn_weak_and_strong[0m loss function
INFO -- Epoch: [95m1[0m - Loss: [93m    2.920270[0m
INFO -- Epoch: [95m2[0m - Loss: [93m    1.271843[0m
INFO -- Epoch: [95m3[0m - Loss: [93m    1.311158[0m
INFO -- Epoch: [95m4[0m - Loss: [93m    3.629916[0m
INFO -- Epoch: [95m5[0m - Loss: [93m    1.914750[0m
INFO -- Epoch: [95m6[0m - Loss: [93m    0.738712[0m
INFO -- Epoch: [95m7[0m - Loss: [93m    0.714709[0m
INFO -- Epoch: [95m8[0m - Loss: [93m    1.999842[0m
INFO -- Epoch: [95m9[0m - Loss: [93m    2.217155[0m
INFO -- Epoch: [95m10[0m - Loss: [93m    1.202996[0m
INFO -- Epoch: [95m11[0m - Loss: [93m    0.918630[0m
INFO -- Epoch: [95m12[0m - Loss: [93m    0.708830[0m
INFO -- Epoch: [95m13[0m - Loss: [93m    0.605528[0m
INFO -- Epoch: [95m14[0m - Loss: [93m    0.603033[0m
INFO -- Epoch: [95m15[0m - Loss: [93m    0.835024[0m
INFO -- Epoch: [95m16[0m - Loss: [93m    0.783321[0m
INFO -- Epoch: [95m17[0m - Loss: [93m    1.027391[0m
INFO -- Epoch: [95m18[0m - Loss: [93m    0.925990[0m
INFO -- Epoch: [95m19[0m - Loss: [93m    0.694135[0m
INFO -- Epoch: [95m20[0m - Loss: [93m    0.618964[0m
INFO -- Epoch: [95m21[0m - Loss: [93m    0.603236[0m
INFO -- Epoch: [95m22[0m - Loss: [93m    0.583822[0m
INFO -- Epoch: [95m23[0m - Loss: [93m    0.702427[0m
INFO -- Epoch: [95m24[0m - Loss: [93m    0.882479[0m
INFO -- Epoch: [95m25[0m - Loss: [93m    0.612779[0m
INFO -- Epoch: [95m26[0m - Loss: [93m    0.924797[0m
INFO -- Epoch: [95m27[0m - Loss: [93m    0.589671[0m
INFO -- Epoch: [95m28[0m - Loss: [93m    0.563039[0m
INFO -- Epoch: [95m29[0m - Loss: [93m    0.579259[0m
INFO -- Epoch: [95m30[0m - Loss: [93m    0.655410[0m
INFO -- Epoch: [95m31[0m - Loss: [93m    0.688998[0m
INFO -- Epoch: [95m32[0m - Loss: [93m    0.706460[0m
INFO -- Epoch: [95m33[0m - Loss: [93m    0.733580[0m
INFO -- Epoch: [95m34[0m - Loss: [93m    0.597679[0m
INFO -- Epoch: [95m35[0m - Loss: [93m    0.571669[0m
INFO -- Epoch: [95m36[0m - Loss: [93m    0.567912[0m
INFO -- Epoch: [95m37[0m - Loss: [93m    0.595451[0m
INFO -- Epoch: [95m38[0m - Loss: [93m    0.574772[0m
INFO -- Epoch: [95m39[0m - Loss: [93m    0.620025[0m
INFO -- Epoch: [95m40[0m - Loss: [93m    0.619498[0m
INFO -- Epoch: [95m41[0m - Loss: [93m    0.580829[0m
INFO -- Epoch: [95m42[0m - Loss: [93m    0.701446[0m
INFO -- Epoch: [95m43[0m - Loss: [93m    0.565868[0m
INFO -- Epoch: [95m44[0m - Loss: [93m    0.561765[0m
INFO -- Epoch: [95m45[0m - Loss: [93m    0.555772[0m
INFO -- Epoch: [95m46[0m - Loss: [93m    0.559246[0m
INFO -- Epoch: [95m47[0m - Loss: [93m    0.566499[0m
INFO -- Epoch: [95m48[0m - Loss: [93m    0.572576[0m
INFO -- Epoch: [95m49[0m - Loss: [93m    0.611709[0m
INFO -- Epoch: [95m50[0m - Loss: [93m    0.619327[0m
INFO -- Epoch: [95m51[0m - Loss: [93m    0.570734[0m
INFO -- Epoch: [95m52[0m - Loss: [93m    0.562168[0m
INFO -- Epoch: [95m53[0m - Loss: [93m    0.555941[0m
INFO -- Epoch: [95m54[0m - Loss: [93m    0.567439[0m
INFO -- Epoch: [95m55[0m - Loss: [93m    0.553601[0m
INFO -- Epoch: [95m56[0m - Loss: [93m    0.572311[0m
INFO -- Epoch: [95m57[0m - Loss: [93m    0.569824[0m
INFO -- Epoch: [95m58[0m - Loss: [93m    0.617474[0m
INFO -- Epoch: [95m59[0m - Loss: [93m    0.602082[0m
INFO -- Epoch: [95m60[0m - Loss: [93m    0.556446[0m
INFO -- Epoch: [95m61[0m - Loss: [93m    0.561739[0m
INFO -- Epoch: [95m62[0m - Loss: [93m    0.576640[0m
INFO -- Epoch: [95m63[0m - Loss: [93m    0.591552[0m
INFO -- Epoch: [95m64[0m - Loss: [93m    0.589952[0m
INFO -- Epoch: [95m65[0m - Loss: [93m    0.581277[0m
INFO -- Epoch: [95m66[0m - Loss: [93m    0.573046[0m
INFO -- Epoch: [95m67[0m - Loss: [93m    0.580353[0m
INFO -- Epoch: [95m68[0m - Loss: [93m    0.566444[0m
INFO -- Epoch: [95m69[0m - Loss: [93m    0.558432[0m
INFO -- Epoch: [95m70[0m - Loss: [93m    0.555100[0m
INFO -- Epoch: [95m71[0m - Loss: [93m    0.557254[0m
INFO -- Epoch: [95m72[0m - Loss: [93m    0.575181[0m
INFO -- Epoch: [95m73[0m - Loss: [93m    0.563731[0m
INFO -- Epoch: [95m74[0m - Loss: [93m    0.569294[0m
INFO -- Epoch: [95m75[0m - Loss: [93m    0.575225[0m
INFO -- Epoch: [95m76[0m - Loss: [93m    0.563205[0m
INFO -- Epoch: [95m77[0m - Loss: [93m    0.553494[0m
INFO -- Epoch: [95m78[0m - Loss: [93m    0.556215[0m
INFO -- Epoch: [95m79[0m - Loss: [93m    0.561515[0m
INFO -- Epoch: [95m80[0m - Loss: [93m    0.566118[0m
INFO -- Epoch: [95m81[0m - Loss: [93m    0.561976[0m
INFO -- Epoch: [95m82[0m - Loss: [93m    0.561328[0m
INFO -- Epoch: [95m83[0m - Loss: [93m    0.559287[0m
INFO -- Epoch: [95m84[0m - Loss: [93m    0.555483[0m
INFO -- Epoch: [95m85[0m - Loss: [93m    0.554179[0m
INFO -- Epoch: [95m86[0m - Loss: [93m    0.556996[0m
INFO -- Epoch: [95m87[0m - Loss: [93m    0.562587[0m
INFO -- Epoch: [95m88[0m - Loss: [93m    0.560046[0m
INFO -- Epoch: [95m89[0m - Loss: [93m    0.561407[0m
INFO -- Epoch: [95m90[0m - Loss: [93m    0.552924[0m
INFO -- Epoch: [95m91[0m - Loss: [93m    0.553866[0m
INFO -- Epoch: [95m92[0m - Loss: [93m    0.555105[0m
INFO -- Epoch: [95m93[0m - Loss: [93m    0.555672[0m
INFO -- Epoch: [95m94[0m - Loss: [93m    0.556279[0m
INFO -- Epoch: [95m95[0m - Loss: [93m    0.556134[0m
INFO -- Epoch: [95m96[0m - Loss: [93m    0.555121[0m
INFO -- Epoch: [95m97[0m - Loss: [93m    0.554399[0m
INFO -- Epoch: [95m98[0m - Loss: [93m    0.554781[0m
INFO -- Epoch: [95m99[0m - Loss: [93m    0.556423[0m
INFO -- Epoch: [95m100[0m - Loss: [93m    0.552986[0m
INFO -- Epoch: [95m101[0m - Loss: [93m    0.553512[0m
INFO -- Epoch: [95m102[0m - Loss: [93m    0.556008[0m
INFO -- Epoch: [95m103[0m - Loss: [93m    0.553025[0m
INFO -- Epoch: [95m104[0m - Loss: [93m    0.553176[0m
INFO -- Epoch: [95m105[0m - Loss: [93m    0.559304[0m
INFO -- Epoch: [95m106[0m - Loss: [93m    0.554041[0m
INFO -- Epoch: [95m107[0m - Loss: [93m    0.554089[0m
INFO -- Epoch: [95m108[0m - Loss: [93m    0.554790[0m
INFO -- Epoch: [95m109[0m - Loss: [93m    0.554988[0m
INFO -- Epoch: [95m110[0m - Loss: [93m    0.555045[0m
INFO -- Epoch: [95m111[0m - Loss: [93m    0.554569[0m
INFO -- Epoch: [95m112[0m - Loss: [93m    0.554340[0m
INFO -- Epoch: [95m113[0m - Loss: [93m    0.554720[0m
INFO -- Epoch: [95m114[0m - Loss: [93m    0.553080[0m
INFO -- Epoch: [95m115[0m - Loss: [93m    0.554148[0m
INFO -- Epoch: [95m116[0m - Loss: [93m    0.552876[0m
INFO -- Epoch: [95m117[0m - Loss: [93m    0.556587[0m
INFO -- Epoch: [95m118[0m - Loss: [93m    0.557791[0m
INFO -- Epoch: [95m119[0m - Loss: [93m    0.557074[0m
INFO -- Epoch: [95m120[0m - Loss: [93m    0.554554[0m
INFO -- Epoch: [95m121[0m - Loss: [93m    0.555311[0m
INFO -- Epoch: [95m122[0m - Loss: [93m    0.556152[0m
INFO -- Epoch: [95m123[0m - Loss: [93m    0.557870[0m
INFO -- Epoch: [95m124[0m - Loss: [93m    0.556151[0m
INFO -- Epoch: [95m125[0m - Loss: [93m    0.554628[0m
INFO -- Epoch: [95m126[0m - Loss: [93m    0.554057[0m
INFO -- Epoch: [95m127[0m - Loss: [93m    0.552529[0m
INFO -- Epoch: [95m128[0m - Loss: [93m    0.555424[0m
INFO -- Epoch: [95m129[0m - Loss: [93m    0.562025[0m
INFO -- Epoch: [95m130[0m - Loss: [93m    0.558653[0m
INFO -- Epoch: [95m131[0m - Loss: [93m    0.553112[0m
INFO -- Epoch: [95m132[0m - Loss: [93m    0.553541[0m
INFO -- Epoch: [95m133[0m - Loss: [93m    0.554303[0m
INFO -- Epoch: [95m134[0m - Loss: [93m    0.554684[0m
INFO -- Epoch: [95m135[0m - Loss: [93m    0.555379[0m
INFO -- Epoch: [95m136[0m - Loss: [93m    0.555084[0m
INFO -- Epoch: [95m137[0m - Loss: [93m    0.554758[0m
INFO -- Epoch: [95m138[0m - Loss: [93m    0.554624[0m
INFO -- Epoch: [95m139[0m - Loss: [93m    0.553971[0m
INFO -- Epoch: [95m140[0m - Loss: [93m    0.555043[0m
INFO -- Epoch: [95m141[0m - Loss: [93m    0.553924[0m
INFO -- Epoch: [95m142[0m - Loss: [93m    0.554733[0m
INFO -- Epoch: [95m143[0m - Loss: [93m    0.552785[0m
INFO -- Epoch: [95m144[0m - Loss: [93m    0.553913[0m
INFO -- Epoch: [95m145[0m - Loss: [93m    0.557837[0m
INFO -- Epoch: [95m146[0m - Loss: [93m    0.554089[0m
INFO -- Epoch: [95m147[0m - Loss: [93m    0.554793[0m
INFO -- Epoch: [95m148[0m - Loss: [93m    0.554519[0m
INFO -- Epoch: [95m149[0m - Loss: [93m    0.554856[0m
INFO -- Epoch: [95m150[0m - Loss: [93m    0.554836[0m
INFO -- Epoch: [95m151[0m - Loss: [93m    0.554570[0m
INFO -- Epoch: [95m152[0m - Loss: [93m    0.555028[0m
INFO -- Epoch: [95m153[0m - Loss: [93m    0.553524[0m
INFO -- Epoch: [95m154[0m - Loss: [93m    0.553049[0m
INFO -- Epoch: [95m155[0m - Loss: [93m    0.555451[0m
INFO -- Epoch: [95m156[0m - Loss: [93m    0.555071[0m
INFO -- Epoch: [95m157[0m - Loss: [93m    0.553656[0m
INFO -- Epoch: [95m158[0m - Loss: [93m    0.552718[0m
INFO -- Epoch: [95m159[0m - Loss: [93m    0.553857[0m
INFO -- Epoch: [95m160[0m - Loss: [93m    0.557817[0m
INFO -- Epoch: [95m161[0m - Loss: [93m    0.553605[0m
INFO -- Epoch: [95m162[0m - Loss: [93m    0.554022[0m
INFO -- Epoch: [95m163[0m - Loss: [93m    0.554786[0m
INFO -- Epoch: [95m164[0m - Loss: [93m    0.555129[0m
INFO -- Epoch: [95m165[0m - Loss: [93m    0.554646[0m
INFO -- Epoch: [95m166[0m - Loss: [93m    0.554344[0m
INFO -- Epoch: [95m167[0m - Loss: [93m    0.554504[0m
INFO -- Epoch: [95m168[0m - Loss: [93m    0.553338[0m
INFO -- Epoch: [95m169[0m - Loss: [93m    0.553217[0m
INFO -- Epoch: [95m170[0m - Loss: [93m    0.556371[0m
INFO -- Epoch: [95m171[0m - Loss: [93m    0.555694[0m
INFO -- Epoch: [95m172[0m - Loss: [93m    0.556700[0m
INFO -- Epoch: [95m173[0m - Loss: [93m    0.553825[0m
INFO -- Epoch: [95m174[0m - Loss: [93m    0.554737[0m
INFO -- Epoch: [95m175[0m - Loss: [93m    0.554844[0m
INFO -- Epoch: [95m176[0m - Loss: [93m    0.555266[0m
INFO -- Epoch: [95m177[0m - Loss: [93m    0.554941[0m
INFO -- Epoch: [95m178[0m - Loss: [93m    0.554518[0m
INFO -- Epoch: [95m179[0m - Loss: [93m    0.553995[0m
INFO -- Epoch: [95m180[0m - Loss: [93m    0.556402[0m
INFO -- Epoch: [95m181[0m - Loss: [93m    0.558133[0m
INFO -- Epoch: [95m182[0m - Loss: [93m    0.555129[0m
INFO -- Epoch: [95m183[0m - Loss: [93m    0.554669[0m
INFO -- Epoch: [95m184[0m - Loss: [93m    0.555698[0m
INFO -- Epoch: [95m185[0m - Loss: [93m    0.556078[0m
INFO -- Epoch: [95m186[0m - Loss: [93m    0.554933[0m
INFO -- Epoch: [95m187[0m - Loss: [93m    0.553898[0m
INFO -- Epoch: [95m188[0m - Loss: [93m    0.553296[0m
INFO -- Epoch: [95m189[0m - Loss: [93m    0.553251[0m
INFO -- Epoch: [95m190[0m - Loss: [93m    0.551613[0m
INFO -- Epoch: [95m191[0m - Loss: [93m    0.556370[0m
INFO -- Epoch: [95m192[0m - Loss: [93m    0.560027[0m
INFO -- Epoch: [95m193[0m - Loss: [93m    0.553248[0m
INFO -- Epoch: [95m194[0m - Loss: [93m    0.556185[0m
INFO -- Epoch: [95m195[0m - Loss: [93m    0.555249[0m
INFO -- Epoch: [95m196[0m - Loss: [93m    0.553670[0m
INFO -- Epoch: [95m197[0m - Loss: [93m    0.554739[0m
INFO -- Epoch: [95m198[0m - Loss: [93m    0.555833[0m
INFO -- Epoch: [95m199[0m - Loss: [93m    0.556056[0m
INFO -- Epoch: [95m200[0m - Loss: [93m    0.555132[0m
INFO -- Epoch: [95m201[0m - Loss: [93m    0.554590[0m
INFO -- Epoch: [95m202[0m - Loss: [93m    0.553882[0m
INFO -- Epoch: [95m203[0m - Loss: [93m    0.553881[0m
INFO -- Epoch: [95m204[0m - Loss: [93m    0.558069[0m
INFO -- Epoch: [95m205[0m - Loss: [93m    0.553586[0m
INFO -- Epoch: [95m206[0m - Loss: [93m    0.553150[0m
INFO -- Epoch: [95m207[0m - Loss: [93m    0.554854[0m
INFO -- Epoch: [95m208[0m - Loss: [93m    0.554130[0m
INFO -- Epoch: [95m209[0m - Loss: [93m    0.554151[0m
INFO -- Epoch: [95m210[0m - Loss: [93m    0.554411[0m
INFO -- Epoch: [95m211[0m - Loss: [93m    0.554093[0m
INFO -- Epoch: [95m212[0m - Loss: [93m    0.554590[0m
INFO -- Epoch: [95m213[0m - Loss: [93m    0.553700[0m
INFO -- Epoch: [95m214[0m - Loss: [93m    0.554214[0m
INFO -- Epoch: [95m215[0m - Loss: [93m    0.553139[0m
INFO -- Epoch: [95m216[0m - Loss: [93m    0.556601[0m
INFO -- Epoch: [95m217[0m - Loss: [93m    0.553830[0m
INFO -- Epoch: [95m218[0m - Loss: [93m    0.561158[0m
INFO -- Epoch: [95m219[0m - Loss: [93m    0.555344[0m
INFO -- Epoch: [95m220[0m - Loss: [93m    0.557243[0m
INFO -- Epoch: [95m221[0m - Loss: [93m    0.560684[0m
INFO -- Epoch: [95m222[0m - Loss: [93m    0.561909[0m
INFO -- Epoch: [95m223[0m - Loss: [93m    0.555191[0m
INFO -- Epoch: [95m224[0m - Loss: [93m    0.553698[0m
INFO -- Epoch: [95m225[0m - Loss: [93m    0.551831[0m
INFO -- Epoch: [95m226[0m - Loss: [93m    0.570658[0m
INFO -- Epoch: [95m227[0m - Loss: [93m    0.568638[0m
INFO -- Epoch: [95m228[0m - Loss: [93m    0.563060[0m
INFO -- Epoch: [95m229[0m - Loss: [93m    0.555702[0m
INFO -- Epoch: [95m230[0m - Loss: [93m    0.562073[0m
INFO -- Epoch: [95m231[0m - Loss: [93m    0.567738[0m
INFO -- Epoch: [95m232[0m - Loss: [93m    0.574031[0m
INFO -- Epoch: [95m233[0m - Loss: [93m    0.560896[0m
INFO -- Epoch: [95m234[0m - Loss: [93m    0.555504[0m
INFO -- Epoch: [95m235[0m - Loss: [93m    0.564121[0m
INFO -- Epoch: [95m236[0m - Loss: [93m    0.552945[0m
INFO -- Epoch: [95m237[0m - Loss: [93m    0.556935[0m
INFO -- Epoch: [95m238[0m - Loss: [93m    0.556318[0m
INFO -- Epoch: [95m239[0m - Loss: [93m    0.553854[0m
INFO -- Epoch: [95m240[0m - Loss: [93m    0.554921[0m
INFO -- Epoch: [95m241[0m - Loss: [93m    0.555199[0m
INFO -- Epoch: [95m242[0m - Loss: [93m    0.555656[0m
INFO -- Epoch: [95m243[0m - Loss: [93m    0.555614[0m
INFO -- Epoch: [95m244[0m - Loss: [93m    0.554688[0m
INFO -- Epoch: [95m245[0m - Loss: [93m    0.554220[0m
INFO -- Epoch: [95m246[0m - Loss: [93m    0.553469[0m
INFO -- Epoch: [95m247[0m - Loss: [93m    0.553584[0m
INFO -- Epoch: [95m248[0m - Loss: [93m    0.558972[0m
INFO -- Epoch: [95m249[0m - Loss: [93m    0.552532[0m
INFO -- Epoch: [95m250[0m - Loss: [93m    0.554521[0m
INFO -- Epoch: [95m251[0m - Loss: [93m    0.556260[0m
INFO -- Epoch: [95m252[0m - Loss: [93m    0.553834[0m
INFO -- Epoch: [95m253[0m - Loss: [93m    0.554583[0m
INFO -- Epoch: [95m254[0m - Loss: [93m    0.555126[0m
INFO -- Epoch: [95m255[0m - Loss: [93m    0.554960[0m
INFO -- Epoch: [95m256[0m - Loss: [93m    0.554596[0m
INFO -- Epoch: [95m257[0m - Loss: [93m    0.555450[0m
INFO -- Epoch: [95m258[0m - Loss: [93m    0.554998[0m
INFO -- Epoch: [95m259[0m - Loss: [93m    0.554323[0m
INFO -- Epoch: [95m260[0m - Loss: [93m    0.554191[0m
INFO -- Epoch: [95m261[0m - Loss: [93m    0.555469[0m
INFO -- Epoch: [95m262[0m - Loss: [93m    0.554097[0m
INFO -- Epoch: [95m263[0m - Loss: [93m    0.554417[0m
INFO -- Epoch: [95m264[0m - Loss: [93m    0.554122[0m
INFO -- Epoch: [95m265[0m - Loss: [93m    0.554067[0m
INFO -- Epoch: [95m266[0m - Loss: [93m    0.553637[0m
INFO -- Epoch: [95m267[0m - Loss: [93m    0.555109[0m
INFO -- Epoch: [95m268[0m - Loss: [93m    0.555185[0m
INFO -- Epoch: [95m269[0m - Loss: [93m    0.555476[0m
INFO -- Epoch: [95m270[0m - Loss: [93m    0.554390[0m
INFO -- Epoch: [95m271[0m - Loss: [93m    0.554772[0m
INFO -- Epoch: [95m272[0m - Loss: [93m    0.554953[0m
INFO -- Epoch: [95m273[0m - Loss: [93m    0.555023[0m
INFO -- Epoch: [95m274[0m - Loss: [93m    0.554925[0m
INFO -- Epoch: [95m275[0m - Loss: [93m    0.554311[0m
INFO -- Epoch: [95m276[0m - Loss: [93m    0.554186[0m
INFO -- Epoch: [95m277[0m - Loss: [93m    0.553657[0m
INFO -- Epoch: [95m278[0m - Loss: [93m    0.554361[0m
INFO -- Epoch: [95m279[0m - Loss: [93m    0.552726[0m
INFO -- Epoch: [95m280[0m - Loss: [93m    0.555725[0m
INFO -- Epoch: [95m281[0m - Loss: [93m    0.552582[0m
INFO -- Epoch: [95m282[0m - Loss: [93m    0.556423[0m
INFO -- Epoch: [95m283[0m - Loss: [93m    0.553500[0m
INFO -- Epoch: [95m284[0m - Loss: [93m    0.554480[0m
INFO -- Epoch: [95m285[0m - Loss: [93m    0.554811[0m
INFO -- Epoch: [95m286[0m - Loss: [93m    0.554708[0m
INFO -- Epoch: [95m287[0m - Loss: [93m    0.555519[0m
INFO -- Epoch: [95m288[0m - Loss: [93m    0.554517[0m
INFO -- Epoch: [95m289[0m - Loss: [93m    0.554413[0m
INFO -- Epoch: [95m290[0m - Loss: [93m    0.554164[0m
INFO -- Epoch: [95m291[0m - Loss: [93m    0.555695[0m
INFO -- Epoch: [95m292[0m - Loss: [93m    0.555258[0m
INFO -- Epoch: [95m293[0m - Loss: [93m    0.553947[0m
INFO -- Epoch: [95m294[0m - Loss: [93m    0.553590[0m
INFO -- Epoch: [95m295[0m - Loss: [93m    0.553987[0m
INFO -- Epoch: [95m296[0m - Loss: [93m    0.553421[0m
INFO -- Epoch: [95m297[0m - Loss: [93m    0.554282[0m
INFO -- Epoch: [95m298[0m - Loss: [93m    0.559730[0m
INFO -- Epoch: [95m299[0m - Loss: [93m    0.554465[0m
INFO -- Epoch: [95m300[0m - Loss: [93m    0.555434[0m
INFO -- Epoch: [95m301[0m - Loss: [93m    0.556038[0m
INFO -- Epoch: [95m302[0m - Loss: [93m    0.556353[0m
INFO -- Epoch: [95m303[0m - Loss: [93m    0.554912[0m
INFO -- Epoch: [95m304[0m - Loss: [93m    0.553984[0m
INFO -- Epoch: [95m305[0m - Loss: [93m    0.554306[0m
INFO -- Epoch: [95m306[0m - Loss: [93m    0.554268[0m
INFO -- Epoch: [95m307[0m - Loss: [93m    0.553312[0m
INFO -- Epoch: [95m308[0m - Loss: [93m    0.556727[0m
INFO -- Epoch: [95m309[0m - Loss: [93m    0.571338[0m
INFO -- Epoch: [95m310[0m - Loss: [93m    0.556148[0m
INFO -- Epoch: [95m311[0m - Loss: [93m    0.563058[0m
INFO -- Epoch: [95m312[0m - Loss: [93m    0.577230[0m
INFO -- Epoch: [95m313[0m - Loss: [93m    0.568796[0m
INFO -- Epoch: [95m314[0m - Loss: [93m    0.555193[0m
INFO -- Epoch: [95m315[0m - Loss: [93m    0.556894[0m
INFO -- Epoch: [95m316[0m - Loss: [93m    0.556916[0m
INFO -- Epoch: [95m317[0m - Loss: [93m    0.580276[0m
INFO -- Epoch: [95m318[0m - Loss: [93m    0.559183[0m
INFO -- Epoch: [95m319[0m - Loss: [93m    0.562129[0m
INFO -- Epoch: [95m320[0m - Loss: [93m    0.555523[0m
INFO -- Epoch: [95m321[0m - Loss: [93m    0.561663[0m
INFO -- Epoch: [95m322[0m - Loss: [93m    0.567082[0m
INFO -- Epoch: [95m323[0m - Loss: [93m    0.569748[0m
INFO -- Epoch: [95m324[0m - Loss: [93m    0.567959[0m
INFO -- Epoch: [95m325[0m - Loss: [93m    0.570570[0m
INFO -- Epoch: [95m326[0m - Loss: [93m    0.553827[0m
INFO -- Epoch: [95m327[0m - Loss: [93m    0.554203[0m
INFO -- Epoch: [95m328[0m - Loss: [93m    0.613024[0m
INFO -- Epoch: [95m329[0m - Loss: [93m    0.556141[0m
INFO -- Epoch: [95m330[0m - Loss: [93m    0.565561[0m
INFO -- Epoch: [95m331[0m - Loss: [93m    0.553401[0m
INFO -- Epoch: [95m332[0m - Loss: [93m    0.554982[0m
INFO -- Epoch: [95m333[0m - Loss: [93m    0.560132[0m
INFO -- Epoch: [95m334[0m - Loss: [93m    0.561633[0m
INFO -- Epoch: [95m335[0m - Loss: [93m    0.561004[0m
INFO -- Epoch: [95m336[0m - Loss: [93m    0.558868[0m
INFO -- Epoch: [95m337[0m - Loss: [93m    0.554365[0m
INFO -- Epoch: [95m338[0m - Loss: [93m    0.552949[0m
INFO -- Epoch: [95m339[0m - Loss: [93m    0.570079[0m
INFO -- Epoch: [95m340[0m - Loss: [93m    0.558031[0m
INFO -- Epoch: [95m341[0m - Loss: [93m    0.552586[0m
INFO -- Epoch: [95m342[0m - Loss: [93m    0.552968[0m
INFO -- Epoch: [95m343[0m - Loss: [93m    0.554186[0m
INFO -- Epoch: [95m344[0m - Loss: [93m    0.554301[0m
INFO -- Epoch: [95m345[0m - Loss: [93m    0.554966[0m
INFO -- Epoch: [95m346[0m - Loss: [93m    0.554848[0m
INFO -- Epoch: [95m347[0m - Loss: [93m    0.554291[0m
INFO -- Epoch: [95m348[0m - Loss: [93m    0.553547[0m
INFO -- Epoch: [95m349[0m - Loss: [93m    0.554029[0m
INFO -- Epoch: [95m350[0m - Loss: [93m    0.552614[0m
INFO -- Epoch: [95m351[0m - Loss: [93m    0.564352[0m
INFO -- Epoch: [95m352[0m - Loss: [93m    0.556826[0m
INFO -- Epoch: [95m353[0m - Loss: [93m    0.554800[0m
INFO -- Epoch: [95m354[0m - Loss: [93m    0.557019[0m
INFO -- Epoch: [95m355[0m - Loss: [93m    0.558883[0m
INFO -- Epoch: [95m356[0m - Loss: [93m    0.559990[0m
INFO -- Epoch: [95m357[0m - Loss: [93m    0.555495[0m
INFO -- Epoch: [95m358[0m - Loss: [93m    0.555961[0m
INFO -- Epoch: [95m359[0m - Loss: [93m    0.553294[0m
INFO -- Epoch: [95m360[0m - Loss: [93m    0.554272[0m
INFO -- Epoch: [95m361[0m - Loss: [93m    0.554309[0m
INFO -- Epoch: [95m362[0m - Loss: [93m    0.551761[0m
INFO -- Epoch: [95m363[0m - Loss: [93m    0.562063[0m
INFO -- Epoch: [95m364[0m - Loss: [93m    0.563997[0m
INFO -- Epoch: [95m365[0m - Loss: [93m    0.555662[0m
INFO -- Epoch: [95m366[0m - Loss: [93m    0.561680[0m
INFO -- Epoch: [95m367[0m - Loss: [93m    0.564790[0m
INFO -- Epoch: [95m368[0m - Loss: [93m    0.563626[0m
INFO -- Epoch: [95m369[0m - Loss: [93m    0.561496[0m
INFO -- Epoch: [95m370[0m - Loss: [93m    0.556938[0m
INFO -- Epoch: [95m371[0m - Loss: [93m    0.554658[0m
INFO -- Epoch: [95m372[0m - Loss: [93m    0.556094[0m
INFO -- Epoch: [95m373[0m - Loss: [93m    0.556606[0m
INFO -- Epoch: [95m374[0m - Loss: [93m    0.558558[0m
INFO -- Epoch: [95m375[0m - Loss: [93m    0.571659[0m
INFO -- Epoch: [95m376[0m - Loss: [93m    0.555127[0m
INFO -- Epoch: [95m377[0m - Loss: [93m    0.554870[0m
INFO -- Epoch: [95m378[0m - Loss: [93m    0.561547[0m
INFO -- Epoch: [95m379[0m - Loss: [93m    0.558949[0m
INFO -- Epoch: [95m380[0m - Loss: [93m    0.558719[0m
INFO -- Epoch: [95m381[0m - Loss: [93m    0.555924[0m
INFO -- Epoch: [95m382[0m - Loss: [93m    0.553870[0m
INFO -- Epoch: [95m383[0m - Loss: [93m    0.554034[0m
INFO -- Epoch: [95m384[0m - Loss: [93m    0.568496[0m
INFO -- Epoch: [95m385[0m - Loss: [93m    0.555159[0m
INFO -- Epoch: [95m386[0m - Loss: [93m    0.553764[0m
INFO -- Epoch: [95m387[0m - Loss: [93m    0.554109[0m
INFO -- Epoch: [95m388[0m - Loss: [93m    0.555211[0m
INFO -- Epoch: [95m389[0m - Loss: [93m    0.555817[0m
INFO -- Epoch: [95m390[0m - Loss: [93m    0.555290[0m
INFO -- Epoch: [95m391[0m - Loss: [93m    0.554284[0m
INFO -- Epoch: [95m392[0m - Loss: [93m    0.555227[0m
INFO -- Epoch: [95m393[0m - Loss: [93m    0.552758[0m
INFO -- Epoch: [95m394[0m - Loss: [93m    0.555020[0m
INFO -- Epoch: [95m395[0m - Loss: [93m    0.556922[0m
INFO -- Epoch: [95m396[0m - Loss: [93m    0.558698[0m
INFO -- Epoch: [95m397[0m - Loss: [93m    0.554504[0m
INFO -- Epoch: [95m398[0m - Loss: [93m    0.556457[0m
INFO -- Epoch: [95m399[0m - Loss: [93m    0.559234[0m
INFO -- Epoch: [95m400[0m - Loss: [93m    0.556937[0m
INFO -- Epoch: [95m401[0m - Loss: [93m    0.554171[0m
INFO -- Epoch: [95m402[0m - Loss: [93m    0.554907[0m
INFO -- Epoch: [95m403[0m - Loss: [93m    0.553530[0m
INFO -- Epoch: [95m404[0m - Loss: [93m    0.551670[0m
INFO -- Epoch: [95m405[0m - Loss: [93m    0.561759[0m
INFO -- Epoch: [95m406[0m - Loss: [93m    0.553656[0m
INFO -- Epoch: [95m407[0m - Loss: [93m    0.552095[0m
INFO -- Epoch: [95m408[0m - Loss: [93m    0.551962[0m
INFO -- Epoch: [95m409[0m - Loss: [93m    0.556748[0m
INFO -- Epoch: [95m410[0m - Loss: [93m    0.554399[0m
INFO -- Epoch: [95m411[0m - Loss: [93m    0.554835[0m
INFO -- Epoch: [95m412[0m - Loss: [93m    0.556295[0m
INFO -- Epoch: [95m413[0m - Loss: [93m    0.555662[0m
INFO -- Epoch: [95m414[0m - Loss: [93m    0.555223[0m
INFO -- Epoch: [95m415[0m - Loss: [93m    0.553938[0m
INFO -- Epoch: [95m416[0m - Loss: [93m    0.553157[0m
INFO -- Epoch: [95m417[0m - Loss: [93m    0.554445[0m
INFO -- Epoch: [95m418[0m - Loss: [93m    0.558588[0m
INFO -- Epoch: [95m419[0m - Loss: [93m    0.557337[0m
INFO -- Epoch: [95m420[0m - Loss: [93m    0.558448[0m
INFO -- Epoch: [95m421[0m - Loss: [93m    0.556148[0m
INFO -- Epoch: [95m422[0m - Loss: [93m    0.564254[0m
INFO -- Epoch: [95m423[0m - Loss: [93m    0.558889[0m
INFO -- Epoch: [95m424[0m - Loss: [93m    0.556760[0m
INFO -- Epoch: [95m425[0m - Loss: [93m    0.555395[0m
INFO -- Epoch: [95m426[0m - Loss: [93m    0.554213[0m
INFO -- Epoch: [95m427[0m - Loss: [93m    0.554254[0m
INFO -- Epoch: [95m428[0m - Loss: [93m    0.564271[0m
INFO -- Epoch: [95m429[0m - Loss: [93m    0.554200[0m
INFO -- Epoch: [95m430[0m - Loss: [93m    0.554693[0m
INFO -- Epoch: [95m431[0m - Loss: [93m    0.556252[0m
INFO -- Epoch: [95m432[0m - Loss: [93m    0.557024[0m
INFO -- Epoch: [95m433[0m - Loss: [93m    0.556608[0m
INFO -- Epoch: [95m434[0m - Loss: [93m    0.555105[0m
INFO -- Epoch: [95m435[0m - Loss: [93m    0.553517[0m
INFO -- Epoch: [95m436[0m - Loss: [93m    0.552560[0m
INFO -- Epoch: [95m437[0m - Loss: [93m    0.568641[0m
INFO -- Epoch: [95m438[0m - Loss: [93m    0.562039[0m
INFO -- Epoch: [95m439[0m - Loss: [93m    0.555326[0m
INFO -- Epoch: [95m440[0m - Loss: [93m    0.560828[0m
INFO -- Epoch: [95m441[0m - Loss: [93m    0.563050[0m
INFO -- Epoch: [95m442[0m - Loss: [93m    0.560362[0m
INFO -- Epoch: [95m443[0m - Loss: [93m    0.558216[0m
INFO -- Epoch: [95m444[0m - Loss: [93m    0.554994[0m
INFO -- Epoch: [95m445[0m - Loss: [93m    0.559275[0m
INFO -- Epoch: [95m446[0m - Loss: [93m    0.556401[0m
INFO -- Epoch: [95m447[0m - Loss: [93m    0.555048[0m
INFO -- Epoch: [95m448[0m - Loss: [93m    0.553956[0m
INFO -- Epoch: [95m449[0m - Loss: [93m    0.554724[0m
INFO -- Epoch: [95m450[0m - Loss: [93m    0.554771[0m
INFO -- Epoch: [95m451[0m - Loss: [93m    0.554512[0m
INFO -- Epoch: [95m452[0m - Loss: [93m    0.554650[0m
INFO -- Epoch: [95m453[0m - Loss: [93m    0.554402[0m
INFO -- Epoch: [95m454[0m - Loss: [93m    0.556354[0m
INFO -- Epoch: [95m455[0m - Loss: [93m    0.554804[0m
INFO -- Epoch: [95m456[0m - Loss: [93m    0.554892[0m
INFO -- Epoch: [95m457[0m - Loss: [93m    0.555322[0m
INFO -- Epoch: [95m458[0m - Loss: [93m    0.555141[0m
INFO -- Epoch: [95m459[0m - Loss: [93m    0.554506[0m
INFO -- Epoch: [95m460[0m - Loss: [93m    0.554258[0m
INFO -- Epoch: [95m461[0m - Loss: [93m    0.553247[0m
INFO -- Epoch: [95m462[0m - Loss: [93m    0.552280[0m
INFO -- Epoch: [95m463[0m - Loss: [93m    0.561329[0m
INFO -- Epoch: [95m464[0m - Loss: [93m    0.554252[0m
INFO -- Epoch: [95m465[0m - Loss: [93m    0.553350[0m
INFO -- Epoch: [95m466[0m - Loss: [93m    0.556654[0m
INFO -- Epoch: [95m467[0m - Loss: [93m    0.556142[0m
INFO -- Epoch: [95m468[0m - Loss: [93m    0.557888[0m
INFO -- Epoch: [95m469[0m - Loss: [93m    0.559212[0m
INFO -- Epoch: [95m470[0m - Loss: [93m    0.556695[0m
INFO -- Epoch: [95m471[0m - Loss: [93m    0.554442[0m
INFO -- Epoch: [95m472[0m - Loss: [93m    0.554138[0m
INFO -- Epoch: [95m473[0m - Loss: [93m    0.559564[0m
INFO -- Epoch: [95m474[0m - Loss: [93m    0.553637[0m
INFO -- Epoch: [95m475[0m - Loss: [93m    0.554873[0m
INFO -- Epoch: [95m476[0m - Loss: [93m    0.562825[0m
INFO -- Epoch: [95m477[0m - Loss: [93m    0.555965[0m
INFO -- Epoch: [95m478[0m - Loss: [93m    0.562440[0m
INFO -- Epoch: [95m479[0m - Loss: [93m    0.563311[0m
INFO -- Epoch: [95m480[0m - Loss: [93m    0.557230[0m
INFO -- Epoch: [95m481[0m - Loss: [93m    0.555170[0m
INFO -- Epoch: [95m482[0m - Loss: [93m    0.554370[0m
INFO -- Epoch: [95m483[0m - Loss: [93m    0.577440[0m
INFO -- Epoch: [95m484[0m - Loss: [93m    0.555541[0m
INFO -- Epoch: [95m485[0m - Loss: [93m    0.557065[0m
INFO -- Epoch: [95m486[0m - Loss: [93m    0.559048[0m
INFO -- Epoch: [95m487[0m - Loss: [93m    0.562703[0m
INFO -- Epoch: [95m488[0m - Loss: [93m    0.559812[0m
INFO -- Epoch: [95m489[0m - Loss: [93m    0.554984[0m
INFO -- Epoch: [95m490[0m - Loss: [93m    0.553204[0m
INFO -- Epoch: [95m491[0m - Loss: [93m    0.563752[0m
INFO -- Epoch: [95m492[0m - Loss: [93m    0.556978[0m
INFO -- Epoch: [95m493[0m - Loss: [93m    0.566960[0m
INFO -- Epoch: [95m494[0m - Loss: [93m    0.554429[0m
INFO -- Epoch: [95m495[0m - Loss: [93m    0.560321[0m
INFO -- Epoch: [95m496[0m - Loss: [93m    0.567251[0m
INFO -- Epoch: [95m497[0m - Loss: [93m    0.558928[0m
INFO -- Epoch: [95m498[0m - Loss: [93m    0.553833[0m
INFO -- Epoch: [95m499[0m - Loss: [93m    0.552197[0m
INFO -- Epoch: [95m500[0m - Loss: [93m    0.558201[0m
INFO -- Epoch: [95m501[0m - Loss: [93m    0.599252[0m
INFO -- Epoch: [95m502[0m - Loss: [93m    0.572129[0m
INFO -- Epoch: [95m503[0m - Loss: [93m    0.559216[0m
INFO -- Epoch: [95m504[0m - Loss: [93m    0.573431[0m
INFO -- Epoch: [95m505[0m - Loss: [93m    0.615774[0m
INFO -- Epoch: [95m506[0m - Loss: [93m    0.722708[0m
INFO -- Epoch: [95m507[0m - Loss: [93m    0.563054[0m
INFO -- Epoch: [95m508[0m - Loss: [93m    0.897689[0m
INFO -- Epoch: [95m509[0m - Loss: [93m    1.091522[0m
INFO -- Epoch: [95m510[0m - Loss: [93m    0.557902[0m
INFO -- Epoch: [95m511[0m - Loss: [93m    0.629672[0m
INFO -- Epoch: [95m512[0m - Loss: [93m    0.940995[0m
INFO -- Epoch: [95m513[0m - Loss: [93m    0.803730[0m
INFO -- Epoch: [95m514[0m - Loss: [93m    0.810077[0m
INFO -- Epoch: [95m515[0m - Loss: [93m    0.932828[0m
INFO -- Epoch: [95m516[0m - Loss: [93m    0.748052[0m
INFO -- Epoch: [95m517[0m - Loss: [93m    0.577339[0m
INFO -- Epoch: [95m518[0m - Loss: [93m    0.557679[0m
INFO -- Epoch: [95m519[0m - Loss: [93m    0.745450[0m
INFO -- Epoch: [95m520[0m - Loss: [93m    0.864715[0m
INFO -- Epoch: [95m521[0m - Loss: [93m    0.619229[0m
INFO -- Epoch: [95m522[0m - Loss: [93m    0.629109[0m
INFO -- Epoch: [95m523[0m - Loss: [93m    0.554274[0m
INFO -- Epoch: [95m524[0m - Loss: [93m    0.558820[0m
INFO -- Epoch: [95m525[0m - Loss: [93m    0.583369[0m
INFO -- Epoch: [95m526[0m - Loss: [93m    0.621311[0m
INFO -- Epoch: [95m527[0m - Loss: [93m    0.619063[0m
INFO -- Epoch: [95m528[0m - Loss: [93m    0.634559[0m
INFO -- Epoch: [95m529[0m - Loss: [93m    0.558745[0m
INFO -- Epoch: [95m530[0m - Loss: [93m    0.552208[0m
INFO -- Epoch: [95m531[0m - Loss: [93m    0.595384[0m
INFO -- Epoch: [95m532[0m - Loss: [93m    0.615474[0m
INFO -- Epoch: [95m533[0m - Loss: [93m    0.817833[0m
INFO -- Epoch: [95m534[0m - Loss: [93m    0.594598[0m
INFO -- Epoch: [95m535[0m - Loss: [93m    0.555837[0m
INFO -- Epoch: [95m536[0m - Loss: [93m    0.574187[0m
INFO -- Epoch: [95m537[0m - Loss: [93m    0.602361[0m
INFO -- Epoch: [95m538[0m - Loss: [93m    0.610029[0m
INFO -- Epoch: [95m539[0m - Loss: [93m    0.635257[0m
INFO -- Epoch: [95m540[0m - Loss: [93m    0.595960[0m
INFO -- Epoch: [95m541[0m - Loss: [93m    0.590917[0m
INFO -- Epoch: [95m542[0m - Loss: [93m    0.555730[0m
INFO -- Epoch: [95m543[0m - Loss: [93m    0.563119[0m
INFO -- Epoch: [95m544[0m - Loss: [93m    0.564431[0m
INFO -- Epoch: [95m545[0m - Loss: [93m    0.634290[0m
INFO -- Epoch: [95m546[0m - Loss: [93m    0.686078[0m
INFO -- Epoch: [95m547[0m - Loss: [93m    0.572896[0m
INFO -- Epoch: [95m548[0m - Loss: [93m    0.555729[0m
INFO -- Epoch: [95m549[0m - Loss: [93m    0.565754[0m
INFO -- Epoch: [95m550[0m - Loss: [93m    0.633219[0m
INFO -- Epoch: [95m551[0m - Loss: [93m    0.595876[0m
INFO -- Epoch: [95m552[0m - Loss: [93m    0.574359[0m
INFO -- Epoch: [95m553[0m - Loss: [93m    0.568530[0m
INFO -- Epoch: [95m554[0m - Loss: [93m    0.554954[0m
INFO -- Epoch: [95m555[0m - Loss: [93m    0.563092[0m
INFO -- Epoch: [95m556[0m - Loss: [93m    0.578993[0m
INFO -- Epoch: [95m557[0m - Loss: [93m    0.572787[0m
INFO -- Epoch: [95m558[0m - Loss: [93m    0.553097[0m
INFO -- Epoch: [95m559[0m - Loss: [93m    0.559053[0m
INFO -- Epoch: [95m560[0m - Loss: [93m    0.554089[0m
INFO -- Epoch: [95m561[0m - Loss: [93m    0.555004[0m
INFO -- Epoch: [95m562[0m - Loss: [93m    0.554148[0m
INFO -- Epoch: [95m563[0m - Loss: [93m    0.555036[0m
INFO -- Epoch: [95m564[0m - Loss: [93m    0.555956[0m
INFO -- Epoch: [95m565[0m - Loss: [93m    0.556450[0m
INFO -- Epoch: [95m566[0m - Loss: [93m    0.556662[0m
INFO -- Epoch: [95m567[0m - Loss: [93m    0.556057[0m
INFO -- Epoch: [95m568[0m - Loss: [93m    0.555313[0m
INFO -- Epoch: [95m569[0m - Loss: [93m    0.554497[0m
INFO -- Epoch: [95m570[0m - Loss: [93m    0.554866[0m
INFO -- Epoch: [95m571[0m - Loss: [93m    0.554395[0m
INFO -- Epoch: [95m572[0m - Loss: [93m    0.552864[0m
INFO -- Epoch: [95m573[0m - Loss: [93m    0.553123[0m
INFO -- Epoch: [95m574[0m - Loss: [93m    0.552614[0m
INFO -- Epoch: [95m575[0m - Loss: [93m    0.555664[0m
INFO -- Epoch: [95m576[0m - Loss: [93m    0.561766[0m
INFO -- Epoch: [95m577[0m - Loss: [93m    0.552873[0m
INFO -- Epoch: [95m578[0m - Loss: [93m    0.556063[0m
INFO -- Epoch: [95m579[0m - Loss: [93m    0.553207[0m
INFO -- Epoch: [95m580[0m - Loss: [93m    0.553966[0m
INFO -- Epoch: [95m581[0m - Loss: [93m    0.553949[0m
INFO -- Epoch: [95m582[0m - Loss: [93m    0.554091[0m
INFO -- Epoch: [95m583[0m - Loss: [93m    0.554476[0m
INFO -- Epoch: [95m584[0m - Loss: [93m    0.554263[0m
INFO -- Epoch: [95m585[0m - Loss: [93m    0.554427[0m
INFO -- Epoch: [95m586[0m - Loss: [93m    0.555113[0m
INFO -- Epoch: [95m587[0m - Loss: [93m    0.555597[0m
INFO -- Epoch: [95m588[0m - Loss: [93m    0.554509[0m
INFO -- Epoch: [95m589[0m - Loss: [93m    0.555468[0m
INFO -- Epoch: [95m590[0m - Loss: [93m    0.554763[0m
INFO -- Epoch: [95m591[0m - Loss: [93m    0.554890[0m
INFO -- Epoch: [95m592[0m - Loss: [93m    0.554835[0m
INFO -- Epoch: [95m593[0m - Loss: [93m    0.554747[0m
INFO -- Epoch: [95m594[0m - Loss: [93m    0.554767[0m
INFO -- Epoch: [95m595[0m - Loss: [93m    0.555048[0m
INFO -- Epoch: [95m596[0m - Loss: [93m    0.553976[0m
INFO -- Epoch: [95m597[0m - Loss: [93m    0.554267[0m
INFO -- Epoch: [95m598[0m - Loss: [93m    0.554058[0m
INFO -- Epoch: [95m599[0m - Loss: [93m    0.553982[0m
INFO -- Epoch: [95m600[0m - Loss: [93m    0.554341[0m
INFO -- Epoch: [95m601[0m - Loss: [93m    0.555216[0m
INFO -- Epoch: [95m602[0m - Loss: [93m    0.554094[0m
INFO -- Epoch: [95m603[0m - Loss: [93m    0.553258[0m
INFO -- Epoch: [95m604[0m - Loss: [93m    0.553199[0m
INFO -- Epoch: [95m605[0m - Loss: [93m    0.552801[0m
INFO -- Epoch: [95m606[0m - Loss: [93m    0.552907[0m
INFO -- Epoch: [95m607[0m - Loss: [93m    0.553656[0m
INFO -- Epoch: [95m608[0m - Loss: [93m    0.557043[0m
INFO -- Epoch: [95m609[0m - Loss: [93m    0.559194[0m
INFO -- Epoch: [95m610[0m - Loss: [93m    0.553663[0m
INFO -- Epoch: [95m611[0m - Loss: [93m    0.553726[0m
INFO -- Epoch: [95m612[0m - Loss: [93m    0.555240[0m
INFO -- Epoch: [95m613[0m - Loss: [93m    0.554897[0m
INFO -- Epoch: [95m614[0m - Loss: [93m    0.555152[0m
INFO -- Epoch: [95m615[0m - Loss: [93m    0.555303[0m
INFO -- Epoch: [95m616[0m - Loss: [93m    0.555051[0m
INFO -- Epoch: [95m617[0m - Loss: [93m    0.554984[0m
INFO -- Epoch: [95m618[0m - Loss: [93m    0.554213[0m
INFO -- Epoch: [95m619[0m - Loss: [93m    0.554778[0m
INFO -- Epoch: [95m620[0m - Loss: [93m    0.553753[0m
INFO -- Epoch: [95m621[0m - Loss: [93m    0.557771[0m
INFO -- Epoch: [95m622[0m - Loss: [93m    0.554309[0m
INFO -- Epoch: [95m623[0m - Loss: [93m    0.553358[0m
INFO -- Epoch: [95m624[0m - Loss: [93m    0.553912[0m
INFO -- Epoch: [95m625[0m - Loss: [93m    0.553564[0m
INFO -- Epoch: [95m626[0m - Loss: [93m    0.553848[0m
INFO -- Epoch: [95m627[0m - Loss: [93m    0.554859[0m
INFO -- Epoch: [95m628[0m - Loss: [93m    0.554248[0m
INFO -- Epoch: [95m629[0m - Loss: [93m    0.554314[0m
INFO -- Epoch: [95m630[0m - Loss: [93m    0.553306[0m
INFO -- Epoch: [95m631[0m - Loss: [93m    0.553464[0m
INFO -- Epoch: [95m632[0m - Loss: [93m    0.554188[0m
INFO -- Epoch: [95m633[0m - Loss: [93m    0.553635[0m
INFO -- Epoch: [95m634[0m - Loss: [93m    0.556886[0m
INFO -- Epoch: [95m635[0m - Loss: [93m    0.553723[0m
INFO -- Epoch: [95m636[0m - Loss: [93m    0.553720[0m
INFO -- Epoch: [95m637[0m - Loss: [93m    0.554277[0m
INFO -- Epoch: [95m638[0m - Loss: [93m    0.555578[0m
INFO -- Epoch: [95m639[0m - Loss: [93m    0.554319[0m
INFO -- Epoch: [95m640[0m - Loss: [93m    0.554204[0m
INFO -- Epoch: [95m641[0m - Loss: [93m    0.555512[0m
INFO -- Epoch: [95m642[0m - Loss: [93m    0.554472[0m
INFO -- Epoch: [95m643[0m - Loss: [93m    0.554447[0m
INFO -- Epoch: [95m644[0m - Loss: [93m    0.554824[0m
INFO -- Epoch: [95m645[0m - Loss: [93m    0.554656[0m
INFO -- Epoch: [95m646[0m - Loss: [93m    0.554334[0m
INFO -- Epoch: [95m647[0m - Loss: [93m    0.554353[0m
INFO -- Epoch: [95m648[0m - Loss: [93m    0.553675[0m
INFO -- Epoch: [95m649[0m - Loss: [93m    0.554272[0m
INFO -- Epoch: [95m650[0m - Loss: [93m    0.556223[0m
INFO -- Epoch: [95m651[0m - Loss: [93m    0.553630[0m
INFO -- Epoch: [95m652[0m - Loss: [93m    0.555465[0m
INFO -- Epoch: [95m653[0m - Loss: [93m    0.554622[0m
INFO -- Epoch: [95m654[0m - Loss: [93m    0.554384[0m
INFO -- Epoch: [95m655[0m - Loss: [93m    0.554285[0m
INFO -- Epoch: [95m656[0m - Loss: [93m    0.554522[0m
INFO -- Epoch: [95m657[0m - Loss: [93m    0.554721[0m
INFO -- Epoch: [95m658[0m - Loss: [93m    0.554342[0m
INFO -- Epoch: [95m659[0m - Loss: [93m    0.554104[0m
INFO -- Epoch: [95m660[0m - Loss: [93m    0.553995[0m
INFO -- Epoch: [95m661[0m - Loss: [93m    0.553505[0m
INFO -- Epoch: [95m662[0m - Loss: [93m    0.554212[0m
INFO -- Epoch: [95m663[0m - Loss: [93m    0.555560[0m
INFO -- Epoch: [95m664[0m - Loss: [93m    0.555039[0m
INFO -- Epoch: [95m665[0m - Loss: [93m    0.554175[0m
INFO -- Epoch: [95m666[0m - Loss: [93m    0.554547[0m
INFO -- Epoch: [95m667[0m - Loss: [93m    0.558122[0m
INFO -- Epoch: [95m668[0m - Loss: [93m    0.553837[0m
INFO -- Epoch: [95m669[0m - Loss: [93m    0.554434[0m
INFO -- Epoch: [95m670[0m - Loss: [93m    0.555091[0m
INFO -- Epoch: [95m671[0m - Loss: [93m    0.555138[0m
INFO -- Epoch: [95m672[0m - Loss: [93m    0.555063[0m
INFO -- Epoch: [95m673[0m - Loss: [93m    0.554888[0m
INFO -- Epoch: [95m674[0m - Loss: [93m    0.554373[0m
INFO -- Epoch: [95m675[0m - Loss: [93m    0.554148[0m
INFO -- Epoch: [95m676[0m - Loss: [93m    0.554503[0m
INFO -- Epoch: [95m677[0m - Loss: [93m    0.557221[0m
INFO -- Epoch: [95m678[0m - Loss: [93m    0.556016[0m
INFO -- Epoch: [95m679[0m - Loss: [93m    0.553750[0m
INFO -- Epoch: [95m680[0m - Loss: [93m    0.554214[0m
INFO -- Epoch: [95m681[0m - Loss: [93m    0.554173[0m
INFO -- Epoch: [95m682[0m - Loss: [93m    0.554009[0m
INFO -- Epoch: [95m683[0m - Loss: [93m    0.554159[0m
INFO -- Epoch: [95m684[0m - Loss: [93m    0.555135[0m
INFO -- Epoch: [95m685[0m - Loss: [93m    0.554836[0m
INFO -- Epoch: [95m686[0m - Loss: [93m    0.555341[0m
INFO -- Epoch: [95m687[0m - Loss: [93m    0.554175[0m
INFO -- Epoch: [95m688[0m - Loss: [93m    0.554856[0m
INFO -- Epoch: [95m689[0m - Loss: [93m    0.554495[0m
INFO -- Epoch: [95m690[0m - Loss: [93m    0.554279[0m
INFO -- Epoch: [95m691[0m - Loss: [93m    0.555380[0m
INFO -- Epoch: [95m692[0m - Loss: [93m    0.554114[0m
INFO -- Epoch: [95m693[0m - Loss: [93m    0.553998[0m
INFO -- Epoch: [95m694[0m - Loss: [93m    0.553687[0m
INFO -- Epoch: [95m695[0m - Loss: [93m    0.554476[0m
INFO -- Epoch: [95m696[0m - Loss: [93m    0.555004[0m
INFO -- Epoch: [95m697[0m - Loss: [93m    0.555787[0m
INFO -- Epoch: [95m698[0m - Loss: [93m    0.555872[0m
INFO -- Epoch: [95m699[0m - Loss: [93m    0.554991[0m
INFO -- Epoch: [95m700[0m - Loss: [93m    0.555268[0m
INFO -- Epoch: [95m701[0m - Loss: [93m    0.554984[0m
INFO -- Epoch: [95m702[0m - Loss: [93m    0.555413[0m
INFO -- Epoch: [95m703[0m - Loss: [93m    0.555590[0m
INFO -- Epoch: [95m704[0m - Loss: [93m    0.555454[0m
INFO -- Epoch: [95m705[0m - Loss: [93m    0.555124[0m
INFO -- Epoch: [95m706[0m - Loss: [93m    0.554869[0m
INFO -- Epoch: [95m707[0m - Loss: [93m    0.553936[0m
INFO -- Epoch: [95m708[0m - Loss: [93m    0.555187[0m
INFO -- Epoch: [95m709[0m - Loss: [93m    0.553108[0m
INFO -- Epoch: [95m710[0m - Loss: [93m    0.553468[0m
INFO -- Epoch: [95m711[0m - Loss: [93m    0.561200[0m
INFO -- Epoch: [95m712[0m - Loss: [93m    0.554134[0m
INFO -- Epoch: [95m713[0m - Loss: [93m    0.553235[0m
INFO -- Epoch: [95m714[0m - Loss: [93m    0.553500[0m
INFO -- Epoch: [95m715[0m - Loss: [93m    0.553941[0m
INFO -- Epoch: [95m716[0m - Loss: [93m    0.555549[0m
INFO -- Epoch: [95m717[0m - Loss: [93m    0.554457[0m
INFO -- Epoch: [95m718[0m - Loss: [93m    0.554223[0m
INFO -- Epoch: [95m719[0m - Loss: [93m    0.554362[0m
INFO -- Epoch: [95m720[0m - Loss: [93m    0.555139[0m
INFO -- Epoch: [95m721[0m - Loss: [93m    0.554326[0m
INFO -- Epoch: [95m722[0m - Loss: [93m    0.554617[0m
INFO -- Epoch: [95m723[0m - Loss: [93m    0.554919[0m
INFO -- Epoch: [95m724[0m - Loss: [93m    0.553838[0m
INFO -- Epoch: [95m725[0m - Loss: [93m    0.554860[0m
INFO -- Epoch: [95m726[0m - Loss: [93m    0.553942[0m
INFO -- Epoch: [95m727[0m - Loss: [93m    0.554639[0m
INFO -- Epoch: [95m728[0m - Loss: [93m    0.553716[0m
INFO -- Epoch: [95m729[0m - Loss: [93m    0.554444[0m
INFO -- Epoch: [95m730[0m - Loss: [93m    0.553243[0m
INFO -- Epoch: [95m731[0m - Loss: [93m    0.554447[0m
INFO -- Epoch: [95m732[0m - Loss: [93m    0.557743[0m
INFO -- Epoch: [95m733[0m - Loss: [93m    0.553716[0m
INFO -- Epoch: [95m734[0m - Loss: [93m    0.553923[0m
INFO -- Epoch: [95m735[0m - Loss: [93m    0.553899[0m
INFO -- Epoch: [95m736[0m - Loss: [93m    0.554270[0m
INFO -- Epoch: [95m737[0m - Loss: [93m    0.554583[0m
INFO -- Epoch: [95m738[0m - Loss: [93m    0.554147[0m
INFO -- Epoch: [95m739[0m - Loss: [93m    0.554494[0m
INFO -- Epoch: [95m740[0m - Loss: [93m    0.553636[0m
INFO -- Epoch: [95m741[0m - Loss: [93m    0.553644[0m
INFO -- Epoch: [95m742[0m - Loss: [93m    0.554099[0m
INFO -- Epoch: [95m743[0m - Loss: [93m    0.555513[0m
INFO -- Epoch: [95m744[0m - Loss: [93m    0.553113[0m
INFO -- Epoch: [95m745[0m - Loss: [93m    0.555695[0m
INFO -- Epoch: [95m746[0m - Loss: [93m    0.553462[0m
INFO -- Epoch: [95m747[0m - Loss: [93m    0.554249[0m
INFO -- Epoch: [95m748[0m - Loss: [93m    0.554732[0m
INFO -- Epoch: [95m749[0m - Loss: [93m    0.553904[0m
INFO -- Epoch: [95m750[0m - Loss: [93m    0.554733[0m
INFO -- Epoch: [95m751[0m - Loss: [93m    0.554635[0m
INFO -- Epoch: [95m752[0m - Loss: [93m    0.554556[0m
INFO -- Epoch: [95m753[0m - Loss: [93m    0.554614[0m
INFO -- Epoch: [95m754[0m - Loss: [93m    0.554222[0m
INFO -- Epoch: [95m755[0m - Loss: [93m    0.554549[0m
INFO -- Epoch: [95m756[0m - Loss: [93m    0.553990[0m
INFO -- Epoch: [95m757[0m - Loss: [93m    0.553789[0m
INFO -- Epoch: [95m758[0m - Loss: [93m    0.557101[0m
INFO -- Epoch: [95m759[0m - Loss: [93m    0.553412[0m
INFO -- Epoch: [95m760[0m - Loss: [93m    0.553913[0m
INFO -- Epoch: [95m761[0m - Loss: [93m    0.555040[0m
INFO -- Epoch: [95m762[0m - Loss: [93m    0.554392[0m
INFO -- Epoch: [95m763[0m - Loss: [93m    0.553654[0m
INFO -- Epoch: [95m764[0m - Loss: [93m    0.553727[0m
INFO -- Epoch: [95m765[0m - Loss: [93m    0.553492[0m
INFO -- Epoch: [95m766[0m - Loss: [93m    0.553982[0m
INFO -- Epoch: [95m767[0m - Loss: [93m    0.553951[0m
INFO -- Epoch: [95m768[0m - Loss: [93m    0.553904[0m
INFO -- Epoch: [95m769[0m - Loss: [93m    0.557202[0m
INFO -- Epoch: [95m770[0m - Loss: [93m    0.554003[0m
INFO -- Epoch: [95m771[0m - Loss: [93m    0.553322[0m
INFO -- Epoch: [95m772[0m - Loss: [93m    0.554436[0m
INFO -- Epoch: [95m773[0m - Loss: [93m    0.554141[0m
INFO -- Epoch: [95m774[0m - Loss: [93m    0.554659[0m
INFO -- Epoch: [95m775[0m - Loss: [93m    0.554657[0m
INFO -- Epoch: [95m776[0m - Loss: [93m    0.554082[0m
INFO -- Epoch: [95m777[0m - Loss: [93m    0.554129[0m
INFO -- Epoch: [95m778[0m - Loss: [93m    0.554810[0m
INFO -- Epoch: [95m779[0m - Loss: [93m    0.553919[0m
INFO -- Epoch: [95m780[0m - Loss: [93m    0.554262[0m
INFO -- Epoch: [95m781[0m - Loss: [93m    0.556699[0m
INFO -- Epoch: [95m782[0m - Loss: [93m    0.556959[0m
INFO -- Epoch: [95m783[0m - Loss: [93m    0.554594[0m
INFO -- Epoch: [95m784[0m - Loss: [93m    0.555254[0m
INFO -- Epoch: [95m785[0m - Loss: [93m    0.555669[0m
INFO -- Epoch: [95m786[0m - Loss: [93m    0.555621[0m
INFO -- Epoch: [95m787[0m - Loss: [93m    0.555104[0m
INFO -- Epoch: [95m788[0m - Loss: [93m    0.554607[0m
INFO -- Epoch: [95m789[0m - Loss: [93m    0.554540[0m
INFO -- Epoch: [95m790[0m - Loss: [93m    0.555082[0m
INFO -- Epoch: [95m791[0m - Loss: [93m    0.557817[0m
INFO -- Epoch: [95m792[0m - Loss: [93m    0.553630[0m
INFO -- Epoch: [95m793[0m - Loss: [93m    0.556407[0m
INFO -- Epoch: [95m794[0m - Loss: [93m    0.554478[0m
INFO -- Epoch: [95m795[0m - Loss: [93m    0.554858[0m
INFO -- Epoch: [95m796[0m - Loss: [93m    0.555072[0m
INFO -- Epoch: [95m797[0m - Loss: [93m    0.555137[0m
INFO -- Epoch: [95m798[0m - Loss: [93m    0.554859[0m
INFO -- Epoch: [95m799[0m - Loss: [93m    0.554719[0m
INFO -- Epoch: [95m800[0m - Loss: [93m    0.554680[0m
INFO -- Epoch: [95m801[0m - Loss: [93m    0.554517[0m
INFO -- Epoch: [95m802[0m - Loss: [93m    0.554315[0m
INFO -- Epoch: [95m803[0m - Loss: [93m    0.554165[0m
INFO -- Epoch: [95m804[0m - Loss: [93m    0.556214[0m
INFO -- Epoch: [95m805[0m - Loss: [93m    0.556953[0m
INFO -- Epoch: [95m806[0m - Loss: [93m    0.554279[0m
INFO -- Epoch: [95m807[0m - Loss: [93m    0.554873[0m
INFO -- Epoch: [95m808[0m - Loss: [93m    0.555142[0m
INFO -- Epoch: [95m809[0m - Loss: [93m    0.555366[0m
INFO -- Epoch: [95m810[0m - Loss: [93m    0.555220[0m
INFO -- Epoch: [95m811[0m - Loss: [93m    0.554859[0m
INFO -- Epoch: [95m812[0m - Loss: [93m    0.554300[0m
INFO -- Epoch: [95m813[0m - Loss: [93m    0.554254[0m
INFO -- Epoch: [95m814[0m - Loss: [93m    0.554367[0m
INFO -- Epoch: [95m815[0m - Loss: [93m    0.555043[0m
INFO -- Epoch: [95m816[0m - Loss: [93m    0.557497[0m
INFO -- Epoch: [95m817[0m - Loss: [93m    0.554419[0m
INFO -- Epoch: [95m818[0m - Loss: [93m    0.553211[0m
INFO -- Epoch: [95m819[0m - Loss: [93m    0.553463[0m
INFO -- Epoch: [95m820[0m - Loss: [93m    0.554842[0m
INFO -- Epoch: [95m821[0m - Loss: [93m    0.553971[0m
INFO -- Epoch: [95m822[0m - Loss: [93m    0.553659[0m
INFO -- Epoch: [95m823[0m - Loss: [93m    0.553664[0m
INFO -- Epoch: [95m824[0m - Loss: [93m    0.553872[0m
INFO -- Epoch: [95m825[0m - Loss: [93m    0.553437[0m
INFO -- Epoch: [95m826[0m - Loss: [93m    0.556389[0m
INFO -- Epoch: [95m827[0m - Loss: [93m    0.555436[0m
INFO -- Epoch: [95m828[0m - Loss: [93m    0.553866[0m
INFO -- Epoch: [95m829[0m - Loss: [93m    0.553355[0m
INFO -- Epoch: [95m830[0m - Loss: [93m    0.554732[0m
INFO -- Epoch: [95m831[0m - Loss: [93m    0.553968[0m
INFO -- Epoch: [95m832[0m - Loss: [93m    0.554816[0m
INFO -- Epoch: [95m833[0m - Loss: [93m    0.553893[0m
INFO -- Epoch: [95m834[0m - Loss: [93m    0.554121[0m
INFO -- Epoch: [95m835[0m - Loss: [93m    0.555380[0m
INFO -- Epoch: [95m836[0m - Loss: [93m    0.554398[0m
INFO -- Epoch: [95m837[0m - Loss: [93m    0.553890[0m
INFO -- Epoch: [95m838[0m - Loss: [93m    0.553677[0m
INFO -- Epoch: [95m839[0m - Loss: [93m    0.555137[0m
INFO -- Epoch: [95m840[0m - Loss: [93m    0.556734[0m
INFO -- Epoch: [95m841[0m - Loss: [93m    0.553934[0m
INFO -- Epoch: [95m842[0m - Loss: [93m    0.554801[0m
INFO -- Epoch: [95m843[0m - Loss: [93m    0.554358[0m
INFO -- Epoch: [95m844[0m - Loss: [93m    0.554395[0m
INFO -- Epoch: [95m845[0m - Loss: [93m    0.554357[0m
INFO -- Epoch: [95m846[0m - Loss: [93m    0.554236[0m
INFO -- Epoch: [95m847[0m - Loss: [93m    0.555164[0m
INFO -- Epoch: [95m848[0m - Loss: [93m    0.553476[0m
INFO -- Epoch: [95m849[0m - Loss: [93m    0.554231[0m
INFO -- Epoch: [95m850[0m - Loss: [93m    0.553447[0m
INFO -- Epoch: [95m851[0m - Loss: [93m    0.555675[0m
INFO -- Epoch: [95m852[0m - Loss: [93m    0.552909[0m
INFO -- Epoch: [95m853[0m - Loss: [93m    0.554370[0m
INFO -- Epoch: [95m854[0m - Loss: [93m    0.552966[0m
INFO -- Epoch: [95m855[0m - Loss: [93m    0.556090[0m
INFO -- Epoch: [95m856[0m - Loss: [93m    0.554753[0m
INFO -- Epoch: [95m857[0m - Loss: [93m    0.555495[0m
INFO -- Epoch: [95m858[0m - Loss: [93m    0.554535[0m
INFO -- Epoch: [95m859[0m - Loss: [93m    0.554991[0m
INFO -- Epoch: [95m860[0m - Loss: [93m    0.555370[0m
INFO -- Epoch: [95m861[0m - Loss: [93m    0.555282[0m
INFO -- Epoch: [95m862[0m - Loss: [93m    0.555159[0m
INFO -- Epoch: [95m863[0m - Loss: [93m    0.554632[0m
INFO -- Epoch: [95m864[0m - Loss: [93m    0.555071[0m
INFO -- Epoch: [95m865[0m - Loss: [93m    0.553802[0m
INFO -- Epoch: [95m866[0m - Loss: [93m    0.555458[0m
INFO -- Epoch: [95m867[0m - Loss: [93m    0.554177[0m
INFO -- Epoch: [95m868[0m - Loss: [93m    0.553315[0m
INFO -- Epoch: [95m869[0m - Loss: [93m    0.554908[0m
INFO -- Epoch: [95m870[0m - Loss: [93m    0.553189[0m
INFO -- Epoch: [95m871[0m - Loss: [93m    0.554462[0m
INFO -- Epoch: [95m872[0m - Loss: [93m    0.554225[0m
INFO -- Epoch: [95m873[0m - Loss: [93m    0.555092[0m
INFO -- Epoch: [95m874[0m - Loss: [93m    0.554844[0m
INFO -- Epoch: [95m875[0m - Loss: [93m    0.554321[0m
INFO -- Epoch: [95m876[0m - Loss: [93m    0.554094[0m
INFO -- Epoch: [95m877[0m - Loss: [93m    0.554184[0m
INFO -- Epoch: [95m878[0m - Loss: [93m    0.554105[0m
INFO -- Epoch: [95m879[0m - Loss: [93m    0.555289[0m
INFO -- Epoch: [95m880[0m - Loss: [93m    0.553910[0m
INFO -- Epoch: [95m881[0m - Loss: [93m    0.554757[0m
INFO -- Epoch: [95m882[0m - Loss: [93m    0.554961[0m
INFO -- Epoch: [95m883[0m - Loss: [93m    0.554898[0m
INFO -- Epoch: [95m884[0m - Loss: [93m    0.554563[0m
INFO -- Epoch: [95m885[0m - Loss: [93m    0.554209[0m
INFO -- Epoch: [95m886[0m - Loss: [93m    0.555266[0m
INFO -- Epoch: [95m887[0m - Loss: [93m    0.554862[0m
INFO -- Epoch: [95m888[0m - Loss: [93m    0.554686[0m
INFO -- Epoch: [95m889[0m - Loss: [93m    0.554707[0m
INFO -- Epoch: [95m890[0m - Loss: [93m    0.554783[0m
INFO -- Epoch: [95m891[0m - Loss: [93m    0.554158[0m
INFO -- Epoch: [95m892[0m - Loss: [93m    0.553885[0m
INFO -- Epoch: [95m893[0m - Loss: [93m    0.554020[0m
INFO -- Epoch: [95m894[0m - Loss: [93m    0.554073[0m
INFO -- Epoch: [95m895[0m - Loss: [93m    0.559318[0m
INFO -- Epoch: [95m896[0m - Loss: [93m    0.553629[0m
INFO -- Epoch: [95m897[0m - Loss: [93m    0.553437[0m
INFO -- Epoch: [95m898[0m - Loss: [93m    0.554639[0m
INFO -- Epoch: [95m899[0m - Loss: [93m    0.554297[0m
INFO -- Epoch: [95m900[0m - Loss: [93m    0.554472[0m
INFO -- Epoch: [95m901[0m - Loss: [93m    0.554127[0m
INFO -- Epoch: [95m902[0m - Loss: [93m    0.554440[0m
INFO -- Epoch: [95m903[0m - Loss: [93m    0.554543[0m
INFO -- Epoch: [95m904[0m - Loss: [93m    0.554066[0m
INFO -- Epoch: [95m905[0m - Loss: [93m    0.556791[0m
INFO -- Epoch: [95m906[0m - Loss: [93m    0.554287[0m
INFO -- Epoch: [95m907[0m - Loss: [93m    0.554342[0m
INFO -- Epoch: [95m908[0m - Loss: [93m    0.554610[0m
INFO -- Epoch: [95m909[0m - Loss: [93m    0.554508[0m
INFO -- Epoch: [95m910[0m - Loss: [93m    0.554712[0m
INFO -- Epoch: [95m911[0m - Loss: [93m    0.554598[0m
INFO -- Epoch: [95m912[0m - Loss: [93m    0.554963[0m
INFO -- Epoch: [95m913[0m - Loss: [93m    0.555484[0m
INFO -- Epoch: [95m914[0m - Loss: [93m    0.554170[0m
INFO -- Epoch: [95m915[0m - Loss: [93m    0.554345[0m
INFO -- Epoch: [95m916[0m - Loss: [93m    0.554300[0m
INFO -- Epoch: [95m917[0m - Loss: [93m    0.554659[0m
INFO -- Epoch: [95m918[0m - Loss: [93m    0.553600[0m
INFO -- Epoch: [95m919[0m - Loss: [93m    0.555730[0m
INFO -- Epoch: [95m920[0m - Loss: [93m    0.555346[0m
INFO -- Epoch: [95m921[0m - Loss: [93m    0.555146[0m
INFO -- Epoch: [95m922[0m - Loss: [93m    0.554186[0m
INFO -- Epoch: [95m923[0m - Loss: [93m    0.555171[0m
INFO -- Epoch: [95m924[0m - Loss: [93m    0.554701[0m
INFO -- Epoch: [95m925[0m - Loss: [93m    0.554767[0m
INFO -- Epoch: [95m926[0m - Loss: [93m    0.554681[0m
INFO -- Epoch: [95m927[0m - Loss: [93m    0.554529[0m
INFO -- Epoch: [95m928[0m - Loss: [93m    0.553803[0m
INFO -- Epoch: [95m929[0m - Loss: [93m    0.554839[0m
INFO -- Epoch: [95m930[0m - Loss: [93m    0.552904[0m
INFO -- Epoch: [95m931[0m - Loss: [93m    0.552912[0m
INFO -- Epoch: [95m932[0m - Loss: [93m    0.557769[0m
INFO -- Epoch: [95m933[0m - Loss: [93m    0.555263[0m
INFO -- Epoch: [95m934[0m - Loss: [93m    0.553927[0m
INFO -- Epoch: [95m935[0m - Loss: [93m    0.554986[0m
INFO -- Training interrupted by user at epoch [91m936[0m
INFO -- Creating plots and saving to files. Dimensions: 1
