INFO -- Device: cuda
INFO -- [92mOne dimentional problem[0m
INFO -- 
INFO -- ================================================================================
INFO -- Learning parameters
INFO -- Length:                                           [92m1.0[0m
INFO -- Total time:                                       [92m1.0[0m
INFO -- Number of points in x:                            [92m150[0m
INFO -- Number of points in t:                            [92m150[0m
INFO -- Number of points in initial condition:            [92m300[0m
INFO -- Weight for interior loss:                         [92m0.5[0m
INFO -- Weight for initial condition loss:                [92m150.0[0m
INFO -- Weight for boundary loss:                         [92m1.0[0m
INFO -- Layers:                                           [92m4[0m
INFO -- Neurons per layer:                                [92m20[0m
INFO -- Epochs:                                           [92m50000[0m
INFO -- Learning rate:                                    [92m0.0025[0m
INFO -- ================================================================================
INFO -- 
INFO -- Creating PINN with [92m4[0m layers and [92m20[0m neurons per layer
INFO -- Computing initial condition loss
INFO -- Training PINN for [93m50000[0m epochs using [93mloss_fn_weak_and_strong[0m loss function
INFO -- Epoch: [95m1[0m - Loss: [93m    0.835680[0m
INFO -- Epoch: [95m2[0m - Loss: [93m    0.757871[0m
INFO -- Epoch: [95m3[0m - Loss: [93m    0.692590[0m
INFO -- Epoch: [95m4[0m - Loss: [93m    0.638961[0m
INFO -- Epoch: [95m5[0m - Loss: [93m    0.596644[0m
INFO -- Epoch: [95m6[0m - Loss: [93m    0.565741[0m
INFO -- Epoch: [95m7[0m - Loss: [93m    0.546457[0m
INFO -- Epoch: [95m8[0m - Loss: [93m    0.538373[0m
INFO -- Epoch: [95m9[0m - Loss: [93m    0.539386[0m
INFO -- Epoch: [95m10[0m - Loss: [93m    0.545166[0m
INFO -- Epoch: [95m11[0m - Loss: [93m    0.550527[0m
INFO -- Epoch: [95m12[0m - Loss: [93m    0.551986[0m
INFO -- Epoch: [95m13[0m - Loss: [93m    0.548905[0m
INFO -- Epoch: [95m14[0m - Loss: [93m    0.542768[0m
INFO -- Epoch: [95m15[0m - Loss: [93m    0.535863[0m
INFO -- Epoch: [95m16[0m - Loss: [93m    0.530220[0m
INFO -- Epoch: [95m17[0m - Loss: [93m    0.527013[0m
INFO -- Epoch: [95m18[0m - Loss: [93m    0.526378[0m
INFO -- Epoch: [95m19[0m - Loss: [93m    0.527583[0m
INFO -- Epoch: [95m20[0m - Loss: [93m    0.529468[0m
INFO -- Epoch: [95m21[0m - Loss: [93m    0.530958[0m
INFO -- Epoch: [95m22[0m - Loss: [93m    0.531422[0m
INFO -- Epoch: [95m23[0m - Loss: [93m    0.530755[0m
INFO -- Epoch: [95m24[0m - Loss: [93m    0.529238[0m
INFO -- Epoch: [95m25[0m - Loss: [93m    0.527337[0m
INFO -- Epoch: [95m26[0m - Loss: [93m    0.525522[0m
INFO -- Epoch: [95m27[0m - Loss: [93m    0.524151[0m
INFO -- Epoch: [95m28[0m - Loss: [93m    0.523407[0m
INFO -- Epoch: [95m29[0m - Loss: [93m    0.523295[0m
INFO -- Epoch: [95m30[0m - Loss: [93m    0.523669[0m
INFO -- Epoch: [95m31[0m - Loss: [93m    0.524291[0m
INFO -- Epoch: [95m32[0m - Loss: [93m    0.524900[0m
INFO -- Epoch: [95m33[0m - Loss: [93m    0.525274[0m
INFO -- Epoch: [95m34[0m - Loss: [93m    0.525284[0m
INFO -- Epoch: [95m35[0m - Loss: [93m    0.524916[0m
INFO -- Epoch: [95m36[0m - Loss: [93m    0.524255[0m
INFO -- Epoch: [95m37[0m - Loss: [93m    0.523459[0m
INFO -- Epoch: [95m38[0m - Loss: [93m    0.522702[0m
INFO -- Epoch: [95m39[0m - Loss: [93m    0.522133[0m
INFO -- Epoch: [95m40[0m - Loss: [93m    0.521835[0m
INFO -- Epoch: [95m41[0m - Loss: [93m    0.521811[0m
INFO -- Epoch: [95m42[0m - Loss: [93m    0.521991[0m
INFO -- Epoch: [95m43[0m - Loss: [93m    0.522261[0m
INFO -- Epoch: [95m44[0m - Loss: [93m    0.522495[0m
INFO -- Epoch: [95m45[0m - Loss: [93m    0.522599[0m
INFO -- Epoch: [95m46[0m - Loss: [93m    0.522532[0m
INFO -- Epoch: [95m47[0m - Loss: [93m    0.522313[0m
INFO -- Epoch: [95m48[0m - Loss: [93m    0.522002[0m
INFO -- Epoch: [95m49[0m - Loss: [93m    0.521681[0m
INFO -- Epoch: [95m50[0m - Loss: [93m    0.521418[0m
INFO -- Epoch: [95m51[0m - Loss: [93m    0.521255[0m
INFO -- Epoch: [95m52[0m - Loss: [93m    0.521195[0m
INFO -- Epoch: [95m53[0m - Loss: [93m    0.521208[0m
INFO -- Epoch: [95m54[0m - Loss: [93m    0.521250[0m
INFO -- Epoch: [95m55[0m - Loss: [93m    0.521272[0m
INFO -- Epoch: [95m56[0m - Loss: [93m    0.521245[0m
INFO -- Epoch: [95m57[0m - Loss: [93m    0.521159[0m
INFO -- Epoch: [95m58[0m - Loss: [93m    0.521026[0m
INFO -- Epoch: [95m59[0m - Loss: [93m    0.520875[0m
INFO -- Epoch: [95m60[0m - Loss: [93m    0.520732[0m
INFO -- Epoch: [95m61[0m - Loss: [93m    0.520619[0m
INFO -- Epoch: [95m62[0m - Loss: [93m    0.520542[0m
INFO -- Epoch: [95m63[0m - Loss: [93m    0.520494[0m
INFO -- Epoch: [95m64[0m - Loss: [93m    0.520456[0m
INFO -- Epoch: [95m65[0m - Loss: [93m    0.520410[0m
INFO -- Epoch: [95m66[0m - Loss: [93m    0.520343[0m
INFO -- Epoch: [95m67[0m - Loss: [93m    0.520253[0m
INFO -- Epoch: [95m68[0m - Loss: [93m    0.520146[0m
INFO -- Epoch: [95m69[0m - Loss: [93m    0.520036[0m
INFO -- Epoch: [95m70[0m - Loss: [93m    0.519936[0m
INFO -- Epoch: [95m71[0m - Loss: [93m    0.519852[0m
INFO -- Epoch: [95m72[0m - Loss: [93m    0.519782[0m
INFO -- Epoch: [95m73[0m - Loss: [93m    0.519720[0m
INFO -- Epoch: [95m74[0m - Loss: [93m    0.519654[0m
INFO -- Epoch: [95m75[0m - Loss: [93m    0.519578[0m
INFO -- Epoch: [95m76[0m - Loss: [93m    0.519488[0m
INFO -- Epoch: [95m77[0m - Loss: [93m    0.519390[0m
INFO -- Epoch: [95m78[0m - Loss: [93m    0.519291[0m
INFO -- Epoch: [95m79[0m - Loss: [93m    0.519197[0m
INFO -- Epoch: [95m80[0m - Loss: [93m    0.519113[0m
INFO -- Epoch: [95m81[0m - Loss: [93m    0.519037[0m
INFO -- Epoch: [95m82[0m - Loss: [93m    0.518963[0m
INFO -- Epoch: [95m83[0m - Loss: [93m    0.518886[0m
INFO -- Epoch: [95m84[0m - Loss: [93m    0.518803[0m
INFO -- Epoch: [95m85[0m - Loss: [93m    0.518712[0m
INFO -- Epoch: [95m86[0m - Loss: [93m    0.518619[0m
INFO -- Epoch: [95m87[0m - Loss: [93m    0.518528[0m
INFO -- Epoch: [95m88[0m - Loss: [93m    0.518442[0m
INFO -- Epoch: [95m89[0m - Loss: [93m    0.518360[0m
INFO -- Epoch: [95m90[0m - Loss: [93m    0.518281[0m
INFO -- Epoch: [95m91[0m - Loss: [93m    0.518201[0m
INFO -- Epoch: [95m92[0m - Loss: [93m    0.518119[0m
INFO -- Epoch: [95m93[0m - Loss: [93m    0.518035[0m
INFO -- Epoch: [95m94[0m - Loss: [93m    0.517952[0m
INFO -- Epoch: [95m95[0m - Loss: [93m    0.517871[0m
INFO -- Epoch: [95m96[0m - Loss: [93m    0.517793[0m
INFO -- Epoch: [95m97[0m - Loss: [93m    0.517718[0m
INFO -- Epoch: [95m98[0m - Loss: [93m    0.517645[0m
INFO -- Epoch: [95m99[0m - Loss: [93m    0.517573[0m
INFO -- Epoch: [95m100[0m - Loss: [93m    0.517501[0m
INFO -- Epoch: [95m101[0m - Loss: [93m    0.517432[0m
INFO -- Epoch: [95m102[0m - Loss: [93m    0.517366[0m
INFO -- Epoch: [95m103[0m - Loss: [93m    0.517303[0m
INFO -- Epoch: [95m104[0m - Loss: [93m    0.517243[0m
INFO -- Epoch: [95m105[0m - Loss: [93m    0.517185[0m
INFO -- Epoch: [95m106[0m - Loss: [93m    0.517129[0m
INFO -- Epoch: [95m107[0m - Loss: [93m    0.517076[0m
INFO -- Epoch: [95m108[0m - Loss: [93m    0.517026[0m
INFO -- Epoch: [95m109[0m - Loss: [93m    0.516980[0m
INFO -- Epoch: [95m110[0m - Loss: [93m    0.516939[0m
INFO -- Epoch: [95m111[0m - Loss: [93m    0.516900[0m
INFO -- Epoch: [95m112[0m - Loss: [93m    0.516864[0m
INFO -- Epoch: [95m113[0m - Loss: [93m    0.516831[0m
INFO -- Epoch: [95m114[0m - Loss: [93m    0.516801[0m
INFO -- Epoch: [95m115[0m - Loss: [93m    0.516775[0m
INFO -- Epoch: [95m116[0m - Loss: [93m    0.516753[0m
INFO -- Epoch: [95m117[0m - Loss: [93m    0.516734[0m
INFO -- Epoch: [95m118[0m - Loss: [93m    0.516717[0m
INFO -- Epoch: [95m119[0m - Loss: [93m    0.516702[0m
INFO -- Epoch: [95m120[0m - Loss: [93m    0.516690[0m
INFO -- Epoch: [95m121[0m - Loss: [93m    0.516680[0m
INFO -- Epoch: [95m122[0m - Loss: [93m    0.516673[0m
INFO -- Epoch: [95m123[0m - Loss: [93m    0.516667[0m
INFO -- Epoch: [95m124[0m - Loss: [93m    0.516663[0m
INFO -- Epoch: [95m125[0m - Loss: [93m    0.516660[0m
INFO -- Epoch: [95m126[0m - Loss: [93m    0.516658[0m
INFO -- Epoch: [95m127[0m - Loss: [93m    0.516658[0m
INFO -- Epoch: [95m128[0m - Loss: [93m    0.516658[0m
INFO -- Epoch: [95m129[0m - Loss: [93m    0.516658[0m
INFO -- Epoch: [95m130[0m - Loss: [93m    0.516659[0m
INFO -- Epoch: [95m131[0m - Loss: [93m    0.516660[0m
INFO -- Epoch: [95m132[0m - Loss: [93m    0.516662[0m
INFO -- Epoch: [95m133[0m - Loss: [93m    0.516663[0m
INFO -- Epoch: [95m134[0m - Loss: [93m    0.516664[0m
INFO -- Epoch: [95m135[0m - Loss: [93m    0.516665[0m
INFO -- Epoch: [95m136[0m - Loss: [93m    0.516666[0m
INFO -- Epoch: [95m137[0m - Loss: [93m    0.516666[0m
INFO -- Epoch: [95m138[0m - Loss: [93m    0.516667[0m
INFO -- Epoch: [95m139[0m - Loss: [93m    0.516667[0m
INFO -- Epoch: [95m140[0m - Loss: [93m    0.516667[0m
INFO -- Epoch: [95m141[0m - Loss: [93m    0.516667[0m
INFO -- Epoch: [95m142[0m - Loss: [93m    0.516666[0m
INFO -- Epoch: [95m143[0m - Loss: [93m    0.516666[0m
INFO -- Epoch: [95m144[0m - Loss: [93m    0.516665[0m
INFO -- Epoch: [95m145[0m - Loss: [93m    0.516664[0m
INFO -- Epoch: [95m146[0m - Loss: [93m    0.516663[0m
INFO -- Epoch: [95m147[0m - Loss: [93m    0.516662[0m
INFO -- Epoch: [95m148[0m - Loss: [93m    0.516662[0m
INFO -- Epoch: [95m149[0m - Loss: [93m    0.516661[0m
INFO -- Epoch: [95m150[0m - Loss: [93m    0.516660[0m
INFO -- Epoch: [95m151[0m - Loss: [93m    0.516659[0m
INFO -- Epoch: [95m152[0m - Loss: [93m    0.516659[0m
INFO -- Epoch: [95m153[0m - Loss: [93m    0.516658[0m
INFO -- Epoch: [95m154[0m - Loss: [93m    0.516657[0m
INFO -- Epoch: [95m155[0m - Loss: [93m    0.516657[0m
INFO -- Epoch: [95m156[0m - Loss: [93m    0.516656[0m
INFO -- Epoch: [95m157[0m - Loss: [93m    0.516656[0m
INFO -- Epoch: [95m158[0m - Loss: [93m    0.516656[0m
INFO -- Epoch: [95m159[0m - Loss: [93m    0.516656[0m
INFO -- Epoch: [95m160[0m - Loss: [93m    0.516655[0m
INFO -- Epoch: [95m161[0m - Loss: [93m    0.516655[0m
INFO -- Epoch: [95m162[0m - Loss: [93m    0.516655[0m
INFO -- Epoch: [95m163[0m - Loss: [93m    0.516655[0m
INFO -- Epoch: [95m164[0m - Loss: [93m    0.516655[0m
INFO -- Epoch: [95m165[0m - Loss: [93m    0.516655[0m
INFO -- Epoch: [95m166[0m - Loss: [93m    0.516655[0m
INFO -- Epoch: [95m167[0m - Loss: [93m    0.516655[0m
INFO -- Epoch: [95m168[0m - Loss: [93m    0.516655[0m
INFO -- Epoch: [95m169[0m - Loss: [93m    0.516655[0m
INFO -- Epoch: [95m170[0m - Loss: [93m    0.516655[0m
INFO -- Epoch: [95m171[0m - Loss: [93m    0.516654[0m
INFO -- Epoch: [95m172[0m - Loss: [93m    0.516654[0m
INFO -- Epoch: [95m173[0m - Loss: [93m    0.516654[0m
INFO -- Epoch: [95m174[0m - Loss: [93m    0.516654[0m
INFO -- Epoch: [95m175[0m - Loss: [93m    0.516654[0m
INFO -- Epoch: [95m176[0m - Loss: [93m    0.516654[0m
INFO -- Epoch: [95m177[0m - Loss: [93m    0.516654[0m
INFO -- Epoch: [95m178[0m - Loss: [93m    0.516654[0m
INFO -- Epoch: [95m179[0m - Loss: [93m    0.516654[0m
INFO -- Epoch: [95m180[0m - Loss: [93m    0.516654[0m
INFO -- Epoch: [95m181[0m - Loss: [93m    0.516654[0m
INFO -- Epoch: [95m182[0m - Loss: [93m    0.516654[0m
INFO -- Epoch: [95m183[0m - Loss: [93m    0.516654[0m
INFO -- Epoch: [95m184[0m - Loss: [93m    0.516654[0m
INFO -- Epoch: [95m185[0m - Loss: [93m    0.516654[0m
INFO -- Epoch: [95m186[0m - Loss: [93m    0.516654[0m
INFO -- Epoch: [95m187[0m - Loss: [93m    0.516653[0m
INFO -- Epoch: [95m188[0m - Loss: [93m    0.516653[0m
INFO -- Epoch: [95m189[0m - Loss: [93m    0.516653[0m
INFO -- Epoch: [95m190[0m - Loss: [93m    0.516653[0m
INFO -- Epoch: [95m191[0m - Loss: [93m    0.516653[0m
INFO -- Epoch: [95m192[0m - Loss: [93m    0.516653[0m
INFO -- Epoch: [95m193[0m - Loss: [93m    0.516653[0m
INFO -- Epoch: [95m194[0m - Loss: [93m    0.516653[0m
INFO -- Epoch: [95m195[0m - Loss: [93m    0.516653[0m
INFO -- Epoch: [95m196[0m - Loss: [93m    0.516653[0m
INFO -- Epoch: [95m197[0m - Loss: [93m    0.516653[0m
INFO -- Epoch: [95m198[0m - Loss: [93m    0.516653[0m
INFO -- Epoch: [95m199[0m - Loss: [93m    0.516653[0m
INFO -- Epoch: [95m200[0m - Loss: [93m    0.516653[0m
INFO -- Training interrupted by user at epoch [91m201[0m
INFO -- Creating plots and saving to files. Dimensions: 1
