INFO -- Device: cuda
INFO -- One dimentional problem
INFO -- 
INFO -- ================================================================================
INFO -- Learning parameters
INFO -- Length:                                           [92m1.0[0m
INFO -- Total time:                                       [92m1.0[0m
INFO -- Number of points in x:                            [92m150[0m
INFO -- Number of points in t:                            [92m150[0m
INFO -- Number of points in initial condition:            [92m300[0m
INFO -- Weight for interior loss:                         [92m0.5[0m
INFO -- Weight for initial condition loss:                [92m150.0[0m
INFO -- Weight for boundary loss:                         [92m1.0[0m
INFO -- Layers:                                           [92m4[0m
INFO -- Neurons per layer:                                [92m20[0m
INFO -- Epochs:                                           [92m50000[0m
INFO -- Learning rate:                                    [92m0.0025[0m
INFO -- ================================================================================
INFO -- 
INFO -- Creating PINN with [92m4[0m layers and [92m20[0m neurons per layer
INFO -- Computing initial condition loss
INFO -- Training PINN for [93m50000[0m epochs using [93mloss_fn_weak_and_strong[0m loss function
INFO -- Epoch: [95m1[0m - Loss: [93m    1.591318[0m
INFO -- Epoch: [95m2[0m - Loss: [93m    1.444929[0m
INFO -- Epoch: [95m3[0m - Loss: [93m    1.303500[0m
INFO -- Epoch: [95m4[0m - Loss: [93m    1.165257[0m
INFO -- Epoch: [95m5[0m - Loss: [93m    1.031449[0m
INFO -- Epoch: [95m6[0m - Loss: [93m    0.905071[0m
INFO -- Epoch: [95m7[0m - Loss: [93m    0.790207[0m
INFO -- Epoch: [95m8[0m - Loss: [93m    0.691818[0m
INFO -- Epoch: [95m9[0m - Loss: [93m    0.615403[0m
INFO -- Epoch: [95m10[0m - Loss: [93m    0.566149[0m
INFO -- Epoch: [95m11[0m - Loss: [93m    0.547218[0m
INFO -- Epoch: [95m12[0m - Loss: [93m    0.556962[0m
INFO -- Epoch: [95m13[0m - Loss: [93m    0.586113[0m
INFO -- Epoch: [95m14[0m - Loss: [93m    0.619116[0m
INFO -- Epoch: [95m15[0m - Loss: [93m    0.641770[0m
INFO -- Epoch: [95m16[0m - Loss: [93m    0.647647[0m
INFO -- Epoch: [95m17[0m - Loss: [93m    0.637889[0m
INFO -- Epoch: [95m18[0m - Loss: [93m    0.617788[0m
INFO -- Epoch: [95m19[0m - Loss: [93m    0.593725[0m
INFO -- Epoch: [95m20[0m - Loss: [93m    0.571266[0m
INFO -- Epoch: [95m21[0m - Loss: [93m    0.554218[0m
INFO -- Epoch: [95m22[0m - Loss: [93m    0.544329[0m
INFO -- Epoch: [95m23[0m - Loss: [93m    0.541460[0m
INFO -- Epoch: [95m24[0m - Loss: [93m    0.544060[0m
INFO -- Epoch: [95m25[0m - Loss: [93m    0.549820[0m
INFO -- Epoch: [95m26[0m - Loss: [93m    0.556330[0m
INFO -- Epoch: [95m27[0m - Loss: [93m    0.561626[0m
INFO -- Epoch: [95m28[0m - Loss: [93m    0.564500[0m
INFO -- Epoch: [95m29[0m - Loss: [93m    0.564555[0m
INFO -- Training interrupted by user at epoch [91m30[0m
INFO -- Creating plots and saving to files. Dimensions: 1
