INFO -- Device: cuda
INFO -- 
INFO -- ================================================================================
INFO -- Learning parameters
INFO -- Length:                                           [92m1.0[0m
INFO -- Total time:                                       [92m1.0[0m
INFO -- Number of points in x:                            [92m150[0m
INFO -- Number of points in initial condition:            [92m300[0m
INFO -- Weight for interior loss:                         [92m0.5[0m
INFO -- Weight for initial condition loss:                [92m150.0[0m
INFO -- Weight for boundary loss:                         [92m1.0[0m
INFO -- Layers:                                           [92m8[0m
INFO -- Neurons per layer:                                [92m60[0m
INFO -- Epochs:                                           [92m50000[0m
INFO -- Learning rate:                                    [92m0.0025[0m
INFO -- ================================================================================
INFO -- 
INFO -- Creating PINN with [92m8[0m layers and [92m60[0m neurons per layer
INFO -- Computing initial condition loss
INFO -- Training PINN for [93m50000[0m epochs using [93mloss_fn_strong[0m loss function
INFO -- Epoch: [95m1[0m - Loss: [93m    1.171640[0m
INFO -- Epoch: [95m2[0m - Loss: [93m    0.848531[0m
INFO -- Epoch: [95m3[0m - Loss: [93m    0.611127[0m
INFO -- Epoch: [95m4[0m - Loss: [93m    0.589481[0m
INFO -- Epoch: [95m5[0m - Loss: [93m    0.675495[0m
INFO -- Epoch: [95m6[0m - Loss: [93m    0.608165[0m
INFO -- Epoch: [95m7[0m - Loss: [93m    0.557839[0m
INFO -- Epoch: [95m8[0m - Loss: [93m    0.563736[0m
INFO -- Epoch: [95m9[0m - Loss: [93m    0.582088[0m
INFO -- Epoch: [95m10[0m - Loss: [93m    0.585843[0m
INFO -- Epoch: [95m11[0m - Loss: [93m    0.576637[0m
INFO -- Epoch: [95m12[0m - Loss: [93m    0.562125[0m
INFO -- Epoch: [95m13[0m - Loss: [93m    0.554969[0m
INFO -- Epoch: [95m14[0m - Loss: [93m    0.555083[0m
INFO -- Epoch: [95m15[0m - Loss: [93m    0.561522[0m
INFO -- Epoch: [95m16[0m - Loss: [93m    0.565014[0m
INFO -- Epoch: [95m17[0m - Loss: [93m    0.561909[0m
INFO -- Epoch: [95m18[0m - Loss: [93m    0.556433[0m
INFO -- Epoch: [95m19[0m - Loss: [93m    0.554715[0m
INFO -- Epoch: [95m20[0m - Loss: [93m    0.554918[0m
INFO -- Epoch: [95m21[0m - Loss: [93m    0.557351[0m
INFO -- Epoch: [95m22[0m - Loss: [93m    0.559378[0m
INFO -- Epoch: [95m23[0m - Loss: [93m    0.558827[0m
INFO -- Epoch: [95m24[0m - Loss: [93m    0.555925[0m
INFO -- Epoch: [95m25[0m - Loss: [93m    0.553895[0m
INFO -- Epoch: [95m26[0m - Loss: [93m    0.552626[0m
INFO -- Epoch: [95m27[0m - Loss: [93m    0.554639[0m
INFO -- Epoch: [95m28[0m - Loss: [93m    0.556355[0m
INFO -- Epoch: [95m29[0m - Loss: [93m    0.555860[0m
INFO -- Epoch: [95m30[0m - Loss: [93m    0.554898[0m
INFO -- Epoch: [95m31[0m - Loss: [93m    0.554620[0m
INFO -- Epoch: [95m32[0m - Loss: [93m    0.553516[0m
INFO -- Epoch: [95m33[0m - Loss: [93m    0.553448[0m
INFO -- Epoch: [95m34[0m - Loss: [93m    0.554220[0m
INFO -- Epoch: [95m35[0m - Loss: [93m    0.554672[0m
INFO -- Epoch: [95m36[0m - Loss: [93m    0.554612[0m
INFO -- Epoch: [95m37[0m - Loss: [93m    0.554058[0m
INFO -- Epoch: [95m38[0m - Loss: [93m    0.554160[0m
INFO -- Epoch: [95m39[0m - Loss: [93m    0.554224[0m
INFO -- Epoch: [95m40[0m - Loss: [93m    0.554072[0m
INFO -- Epoch: [95m41[0m - Loss: [93m    0.553153[0m
INFO -- Epoch: [95m42[0m - Loss: [93m    0.553699[0m
INFO -- Epoch: [95m43[0m - Loss: [93m    0.553866[0m
INFO -- Epoch: [95m44[0m - Loss: [93m    0.553867[0m
INFO -- Epoch: [95m45[0m - Loss: [93m    0.553362[0m
INFO -- Epoch: [95m46[0m - Loss: [93m    0.553260[0m
INFO -- Epoch: [95m47[0m - Loss: [93m    0.553368[0m
INFO -- Epoch: [95m48[0m - Loss: [93m    0.553596[0m
INFO -- Epoch: [95m49[0m - Loss: [93m    0.553489[0m
INFO -- Epoch: [95m50[0m - Loss: [93m    0.553141[0m
INFO -- Epoch: [95m51[0m - Loss: [93m    0.553412[0m
INFO -- Epoch: [95m52[0m - Loss: [93m    0.552897[0m
INFO -- Epoch: [95m53[0m - Loss: [93m    0.553809[0m
INFO -- Epoch: [95m54[0m - Loss: [93m    0.552545[0m
INFO -- Epoch: [95m55[0m - Loss: [93m    0.553402[0m
INFO -- Epoch: [95m56[0m - Loss: [93m    0.552755[0m
INFO -- Epoch: [95m57[0m - Loss: [93m    0.553328[0m
INFO -- Epoch: [95m58[0m - Loss: [93m    0.552864[0m
INFO -- Epoch: [95m59[0m - Loss: [93m    0.552811[0m
INFO -- Epoch: [95m60[0m - Loss: [93m    0.553281[0m
INFO -- Epoch: [95m61[0m - Loss: [93m    0.552788[0m
INFO -- Epoch: [95m62[0m - Loss: [93m    0.552890[0m
INFO -- Epoch: [95m63[0m - Loss: [93m    0.552874[0m
INFO -- Epoch: [95m64[0m - Loss: [93m    0.552483[0m
INFO -- Epoch: [95m65[0m - Loss: [93m    0.554171[0m
INFO -- Epoch: [95m66[0m - Loss: [93m    0.553211[0m
INFO -- Epoch: [95m67[0m - Loss: [93m    0.553061[0m
INFO -- Epoch: [95m68[0m - Loss: [93m    0.553168[0m
INFO -- Epoch: [95m69[0m - Loss: [93m    0.553587[0m
INFO -- Epoch: [95m70[0m - Loss: [93m    0.553019[0m
INFO -- Epoch: [95m71[0m - Loss: [93m    0.553134[0m
INFO -- Epoch: [95m72[0m - Loss: [93m    0.553204[0m
INFO -- Epoch: [95m73[0m - Loss: [93m    0.552776[0m
INFO -- Epoch: [95m74[0m - Loss: [93m    0.553427[0m
INFO -- Epoch: [95m75[0m - Loss: [93m    0.553601[0m
INFO -- Epoch: [95m76[0m - Loss: [93m    0.552450[0m
INFO -- Epoch: [95m77[0m - Loss: [93m    0.552774[0m
INFO -- Epoch: [95m78[0m - Loss: [93m    0.552956[0m
INFO -- Epoch: [95m79[0m - Loss: [93m    0.553629[0m
INFO -- Epoch: [95m80[0m - Loss: [93m    0.553378[0m
INFO -- Epoch: [95m81[0m - Loss: [93m    0.553487[0m
INFO -- Epoch: [95m82[0m - Loss: [93m    0.553321[0m
INFO -- Epoch: [95m83[0m - Loss: [93m    0.553280[0m
INFO -- Epoch: [95m84[0m - Loss: [93m    0.553169[0m
INFO -- Epoch: [95m85[0m - Loss: [93m    0.552728[0m
INFO -- Epoch: [95m86[0m - Loss: [93m    0.553568[0m
INFO -- Epoch: [95m87[0m - Loss: [93m    0.552500[0m
INFO -- Epoch: [95m88[0m - Loss: [93m    0.553896[0m
INFO -- Epoch: [95m89[0m - Loss: [93m    0.553958[0m
INFO -- Epoch: [95m90[0m - Loss: [93m    0.553092[0m
INFO -- Epoch: [95m91[0m - Loss: [93m    0.553170[0m
INFO -- Epoch: [95m92[0m - Loss: [93m    0.553343[0m
INFO -- Epoch: [95m93[0m - Loss: [93m    0.552965[0m
INFO -- Epoch: [95m94[0m - Loss: [93m    0.553632[0m
INFO -- Epoch: [95m95[0m - Loss: [93m    0.553237[0m
INFO -- Epoch: [95m96[0m - Loss: [93m    0.553064[0m
INFO -- Epoch: [95m97[0m - Loss: [93m    0.552038[0m
INFO -- Epoch: [95m98[0m - Loss: [93m    0.553363[0m
INFO -- Epoch: [95m99[0m - Loss: [93m    0.553437[0m
INFO -- Epoch: [95m100[0m - Loss: [93m    0.552768[0m
INFO -- Epoch: [95m101[0m - Loss: [93m    0.553537[0m
INFO -- Epoch: [95m102[0m - Loss: [93m    0.553312[0m
INFO -- Epoch: [95m103[0m - Loss: [93m    0.553339[0m
INFO -- Epoch: [95m104[0m - Loss: [93m    0.553049[0m
INFO -- Epoch: [95m105[0m - Loss: [93m    0.553390[0m
INFO -- Epoch: [95m106[0m - Loss: [93m    0.553432[0m
INFO -- Epoch: [95m107[0m - Loss: [93m    0.552730[0m
INFO -- Epoch: [95m108[0m - Loss: [93m    0.553866[0m
INFO -- Epoch: [95m109[0m - Loss: [93m    0.552934[0m
INFO -- Epoch: [95m110[0m - Loss: [93m    0.552856[0m
INFO -- Epoch: [95m111[0m - Loss: [93m    0.553304[0m
INFO -- Epoch: [95m112[0m - Loss: [93m    0.552848[0m
INFO -- Epoch: [95m113[0m - Loss: [93m    0.553055[0m
INFO -- Epoch: [95m114[0m - Loss: [93m    0.552626[0m
INFO -- Epoch: [95m115[0m - Loss: [93m    0.553197[0m
INFO -- Epoch: [95m116[0m - Loss: [93m    0.552729[0m
INFO -- Epoch: [95m117[0m - Loss: [93m    0.552711[0m
INFO -- Epoch: [95m118[0m - Loss: [93m    0.553309[0m
INFO -- Epoch: [95m119[0m - Loss: [93m    0.552966[0m
INFO -- Epoch: [95m120[0m - Loss: [93m    0.552743[0m
INFO -- Epoch: [95m121[0m - Loss: [93m    0.553222[0m
INFO -- Epoch: [95m122[0m - Loss: [93m    0.553331[0m
INFO -- Epoch: [95m123[0m - Loss: [93m    0.552840[0m
INFO -- Epoch: [95m124[0m - Loss: [93m    0.552626[0m
INFO -- Epoch: [95m125[0m - Loss: [93m    0.553237[0m
INFO -- Epoch: [95m126[0m - Loss: [93m    0.552832[0m
INFO -- Epoch: [95m127[0m - Loss: [93m    0.552462[0m
INFO -- Epoch: [95m128[0m - Loss: [93m    0.553266[0m
INFO -- Epoch: [95m129[0m - Loss: [93m    0.553298[0m
INFO -- Epoch: [95m130[0m - Loss: [93m    0.553798[0m
INFO -- Epoch: [95m131[0m - Loss: [93m    0.553283[0m
INFO -- Epoch: [95m132[0m - Loss: [93m    0.553489[0m
INFO -- Epoch: [95m133[0m - Loss: [93m    0.553498[0m
INFO -- Epoch: [95m134[0m - Loss: [93m    0.553238[0m
INFO -- Epoch: [95m135[0m - Loss: [93m    0.553169[0m
INFO -- Epoch: [95m136[0m - Loss: [93m    0.552929[0m
INFO -- Epoch: [95m137[0m - Loss: [93m    0.552758[0m
INFO -- Epoch: [95m138[0m - Loss: [93m    0.554506[0m
INFO -- Epoch: [95m139[0m - Loss: [93m    0.553145[0m
INFO -- Epoch: [95m140[0m - Loss: [93m    0.553039[0m
INFO -- Epoch: [95m141[0m - Loss: [93m    0.553290[0m
INFO -- Epoch: [95m142[0m - Loss: [93m    0.552715[0m
INFO -- Epoch: [95m143[0m - Loss: [93m    0.553286[0m
INFO -- Epoch: [95m144[0m - Loss: [93m    0.553169[0m
INFO -- Epoch: [95m145[0m - Loss: [93m    0.553311[0m
INFO -- Epoch: [95m146[0m - Loss: [93m    0.552965[0m
INFO -- Epoch: [95m147[0m - Loss: [93m    0.553251[0m
INFO -- Epoch: [95m148[0m - Loss: [93m    0.552648[0m
INFO -- Epoch: [95m149[0m - Loss: [93m    0.552950[0m
INFO -- Epoch: [95m150[0m - Loss: [93m    0.553612[0m
INFO -- Epoch: [95m151[0m - Loss: [93m    0.553545[0m
INFO -- Training interrupted by user at epoch [91m152[0m
INFO -- Creating plots and saving to files. Dimensions: 1
