INFO -- Device: cuda
INFO -- [92mOne dimentional problem[0m
INFO -- 
INFO -- ================================================================================
INFO -- Learning parameters
INFO -- Length:                                           [92m1.0[0m
INFO -- Total time:                                       [92m1.0[0m
INFO -- Number of points in x:                            [92m500[0m
INFO -- Number of points in initial condition:            [92m300[0m
INFO -- Weight for interior loss:                         [92m50.0[0m
INFO -- Weight for initial condition loss:                [92m0.5[0m
INFO -- Weight for boundary loss:                         [92m5.0[0m
INFO -- Layers:                                           [92m4[0m
INFO -- Neurons per layer:                                [92m20[0m
INFO -- Epochs:                                           [92m1000[0m
INFO -- Learning rate:                                    [92m0.0025[0m
INFO -- ================================================================================
INFO -- 
INFO -- Creating PINN to learn spline coefficients with [92m4[0m layers and [92m20[0m neurons per layer
INFO -- Training PINN to coefficients estimation for [93m1000[0m epochs using [93mfunctools.partial(<function compute_loss_PINN_learns_coeff at 0x00000258729270A0>, x=tensor([[0.0000],
        [0.0020],
        [0.0040],
        [0.0060],
        [0.0080],
        [0.0100],
        [0.0120],
        [0.0140],
        [0.0160],
        [0.0180],
        [0.0200],
        [0.0220],
        [0.0240],
        [0.0261],
        [0.0281],
        [0.0301],
        [0.0321],
        [0.0341],
        [0.0361],
        [0.0381],
        [0.0401],
        [0.0421],
        [0.0441],
        [0.0461],
        [0.0481],
        [0.0501],
        [0.0521],
        [0.0541],
        [0.0561],
        [0.0581],
        [0.0601],
        [0.0621],
        [0.0641],
        [0.0661],
        [0.0681],
        [0.0701],
        [0.0721],
        [0.0741],
        [0.0762],
        [0.0782],
        [0.0802],
        [0.0822],
        [0.0842],
        [0.0862],
        [0.0882],
        [0.0902],
        [0.0922],
        [0.0942],
        [0.0962],
        [0.0982],
        [0.1002],
        [0.1022],
        [0.1042],
        [0.1062],
        [0.1082],
        [0.1102],
        [0.1122],
        [0.1142],
        [0.1162],
        [0.1182],
        [0.1202],
        [0.1222],
        [0.1242],
        [0.1263],
        [0.1283],
        [0.1303],
        [0.1323],
        [0.1343],
        [0.1363],
        [0.1383],
        [0.1403],
        [0.1423],
        [0.1443],
        [0.1463],
        [0.1483],
        [0.1503],
        [0.1523],
        [0.1543],
        [0.1563],
        [0.1583],
        [0.1603],
        [0.1623],
        [0.1643],
        [0.1663],
        [0.1683],
        [0.1703],
        [0.1723],
        [0.1743],
        [0.1764],
        [0.1784],
        [0.1804],
        [0.1824],
        [0.1844],
        [0.1864],
        [0.1884],
        [0.1904],
        [0.1924],
        [0.1944],
        [0.1964],
        [0.1984],
        [0.2004],
        [0.2024],
        [0.2044],
        [0.2064],
        [0.2084],
        [0.2104],
        [0.2124],
        [0.2144],
        [0.2164],
        [0.2184],
        [0.2204],
        [0.2224],
        [0.2244],
        [0.2265],
        [0.2285],
        [0.2305],
        [0.2325],
        [0.2345],
        [0.2365],
        [0.2385],
        [0.2405],
        [0.2425],
        [0.2445],
        [0.2465],
        [0.2485],
        [0.2505],
        [0.2525],
        [0.2545],
        [0.2565],
        [0.2585],
        [0.2605],
        [0.2625],
        [0.2645],
        [0.2665],
        [0.2685],
        [0.2705],
        [0.2725],
        [0.2745],
        [0.2766],
        [0.2786],
        [0.2806],
        [0.2826],
        [0.2846],
        [0.2866],
        [0.2886],
        [0.2906],
        [0.2926],
        [0.2946],
        [0.2966],
        [0.2986],
        [0.3006],
        [0.3026],
        [0.3046],
        [0.3066],
        [0.3086],
        [0.3106],
        [0.3126],
        [0.3146],
        [0.3166],
        [0.3186],
        [0.3206],
        [0.3226],
        [0.3246],
        [0.3267],
        [0.3287],
        [0.3307],
        [0.3327],
        [0.3347],
        [0.3367],
        [0.3387],
        [0.3407],
        [0.3427],
        [0.3447],
        [0.3467],
        [0.3487],
        [0.3507],
        [0.3527],
        [0.3547],
        [0.3567],
        [0.3587],
        [0.3607],
        [0.3627],
        [0.3647],
        [0.3667],
        [0.3687],
        [0.3707],
        [0.3727],
        [0.3747],
        [0.3768],
        [0.3788],
        [0.3808],
        [0.3828],
        [0.3848],
        [0.3868],
        [0.3888],
        [0.3908],
        [0.3928],
        [0.3948],
        [0.3968],
        [0.3988],
        [0.4008],
        [0.4028],
        [0.4048],
        [0.4068],
        [0.4088],
        [0.4108],
        [0.4128],
        [0.4148],
        [0.4168],
        [0.4188],
        [0.4208],
        [0.4228],
        [0.4248],
        [0.4269],
        [0.4289],
        [0.4309],
        [0.4329],
        [0.4349],
        [0.4369],
        [0.4389],
        [0.4409],
        [0.4429],
        [0.4449],
        [0.4469],
        [0.4489],
        [0.4509],
        [0.4529],
        [0.4549],
        [0.4569],
        [0.4589],
        [0.4609],
        [0.4629],
        [0.4649],
        [0.4669],
        [0.4689],
        [0.4709],
        [0.4729],
        [0.4749],
        [0.4770],
        [0.4790],
        [0.4810],
        [0.4830],
        [0.4850],
        [0.4870],
        [0.4890],
        [0.4910],
        [0.4930],
        [0.4950],
        [0.4970],
        [0.4990],
        [0.5010],
        [0.5030],
        [0.5050],
        [0.5070],
        [0.5090],
        [0.5110],
        [0.5130],
        [0.5150],
        [0.5170],
        [0.5190],
        [0.5210],
        [0.5230],
        [0.5251],
        [0.5271],
        [0.5291],
        [0.5311],
        [0.5331],
        [0.5351],
        [0.5371],
        [0.5391],
        [0.5411],
        [0.5431],
        [0.5451],
        [0.5471],
        [0.5491],
        [0.5511],
        [0.5531],
        [0.5551],
        [0.5571],
        [0.5591],
        [0.5611],
        [0.5631],
        [0.5651],
        [0.5671],
        [0.5691],
        [0.5711],
        [0.5731],
        [0.5752],
        [0.5772],
        [0.5792],
        [0.5812],
        [0.5832],
        [0.5852],
        [0.5872],
        [0.5892],
        [0.5912],
        [0.5932],
        [0.5952],
        [0.5972],
        [0.5992],
        [0.6012],
        [0.6032],
        [0.6052],
        [0.6072],
        [0.6092],
        [0.6112],
        [0.6132],
        [0.6152],
        [0.6172],
        [0.6192],
        [0.6212],
        [0.6232],
        [0.6253],
        [0.6273],
        [0.6293],
        [0.6313],
        [0.6333],
        [0.6353],
        [0.6373],
        [0.6393],
        [0.6413],
        [0.6433],
        [0.6453],
        [0.6473],
        [0.6493],
        [0.6513],
        [0.6533],
        [0.6553],
        [0.6573],
        [0.6593],
        [0.6613],
        [0.6633],
        [0.6653],
        [0.6673],
        [0.6693],
        [0.6713],
        [0.6733],
        [0.6754],
        [0.6774],
        [0.6794],
        [0.6814],
        [0.6834],
        [0.6854],
        [0.6874],
        [0.6894],
        [0.6914],
        [0.6934],
        [0.6954],
        [0.6974],
        [0.6994],
        [0.7014],
        [0.7034],
        [0.7054],
        [0.7074],
        [0.7094],
        [0.7114],
        [0.7134],
        [0.7154],
        [0.7174],
        [0.7194],
        [0.7214],
        [0.7234],
        [0.7255],
        [0.7275],
        [0.7295],
        [0.7315],
        [0.7335],
        [0.7355],
        [0.7375],
        [0.7395],
        [0.7415],
        [0.7435],
        [0.7455],
        [0.7475],
        [0.7495],
        [0.7515],
        [0.7535],
        [0.7555],
        [0.7575],
        [0.7595],
        [0.7615],
        [0.7635],
        [0.7655],
        [0.7675],
        [0.7695],
        [0.7715],
        [0.7735],
        [0.7756],
        [0.7776],
        [0.7796],
        [0.7816],
        [0.7836],
        [0.7856],
        [0.7876],
        [0.7896],
        [0.7916],
        [0.7936],
        [0.7956],
        [0.7976],
        [0.7996],
        [0.8016],
        [0.8036],
        [0.8056],
        [0.8076],
        [0.8096],
        [0.8116],
        [0.8136],
        [0.8156],
        [0.8176],
        [0.8196],
        [0.8216],
        [0.8236],
        [0.8257],
        [0.8277],
        [0.8297],
        [0.8317],
        [0.8337],
        [0.8357],
        [0.8377],
        [0.8397],
        [0.8417],
        [0.8437],
        [0.8457],
        [0.8477],
        [0.8497],
        [0.8517],
        [0.8537],
        [0.8557],
        [0.8577],
        [0.8597],
        [0.8617],
        [0.8637],
        [0.8657],
        [0.8677],
        [0.8697],
        [0.8717],
        [0.8737],
        [0.8758],
        [0.8778],
        [0.8798],
        [0.8818],
        [0.8838],
        [0.8858],
        [0.8878],
        [0.8898],
        [0.8918],
        [0.8938],
        [0.8958],
        [0.8978],
        [0.8998],
        [0.9018],
        [0.9038],
        [0.9058],
        [0.9078],
        [0.9098],
        [0.9118],
        [0.9138],
        [0.9158],
        [0.9178],
        [0.9198],
        [0.9218],
        [0.9238],
        [0.9259],
        [0.9279],
        [0.9299],
        [0.9319],
        [0.9339],
        [0.9359],
        [0.9379],
        [0.9399],
        [0.9419],
        [0.9439],
        [0.9459],
        [0.9479],
        [0.9499],
        [0.9519],
        [0.9539],
        [0.9559],
        [0.9579],
        [0.9599],
        [0.9619],
        [0.9639],
        [0.9659],
        [0.9679],
        [0.9699],
        [0.9719],
        [0.9739],
        [0.9760],
        [0.9780],
        [0.9800],
        [0.9820],
        [0.9840],
        [0.9860],
        [0.9880],
        [0.9900],
        [0.9920],
        [0.9940],
        [0.9960],
        [0.9980],
        [1.0000]], device='cuda:0', grad_fn=<ToCopyBackward0>), spline=B_Splines(), weight_f=50.0, weight_b=5.0, dims=1)[0m loss function
INFO -- Training took [92m840.05[0m seconds
INFO -- Creating plots and saving to files. Dimensions: 1
