INFO -- Device: cuda
INFO -- 
INFO -- ================================================================================
INFO -- Learning parameters
INFO -- Length:                                           [92m1.0[0m
INFO -- Total time:                                       [92m1.0[0m
INFO -- Number of points in x:                            [92m150[0m
INFO -- Number of points in initial condition:            [92m300[0m
INFO -- Weight for interior loss:                         [92m0.5[0m
INFO -- Weight for initial condition loss:                [92m150.0[0m
INFO -- Weight for boundary loss:                         [92m1.0[0m
INFO -- Layers:                                           [92m8[0m
INFO -- Neurons per layer:                                [92m60[0m
INFO -- Epochs:                                           [92m50000[0m
INFO -- Learning rate:                                    [92m0.0025[0m
INFO -- ================================================================================
INFO -- 
INFO -- Creating PINN with [92m8[0m layers and [92m60[0m neurons per layer
INFO -- Computing initial condition loss
INFO -- Training PINN for [93m50000[0m epochs using [93mloss_fn_strong[0m loss function
INFO -- Epoch: [95m1[0m - Loss: [93m    1.764394[0m
INFO -- Epoch: [95m2[0m - Loss: [93m    1.447950[0m
INFO -- Epoch: [95m3[0m - Loss: [93m    1.194239[0m
INFO -- Epoch: [95m4[0m - Loss: [93m    0.902764[0m
INFO -- Epoch: [95m5[0m - Loss: [93m    0.597313[0m
INFO -- Epoch: [95m6[0m - Loss: [93m    0.493472[0m
INFO -- Epoch: [95m7[0m - Loss: [93m    0.615255[0m
INFO -- Epoch: [95m8[0m - Loss: [93m    0.666196[0m
INFO -- Epoch: [95m9[0m - Loss: [93m    0.592969[0m
INFO -- Epoch: [95m10[0m - Loss: [93m    0.523381[0m
INFO -- Epoch: [95m11[0m - Loss: [93m    0.500748[0m
INFO -- Epoch: [95m12[0m - Loss: [93m    0.516653[0m
INFO -- Epoch: [95m13[0m - Loss: [93m    0.525947[0m
INFO -- Epoch: [95m14[0m - Loss: [93m    0.544999[0m
INFO -- Epoch: [95m15[0m - Loss: [93m    0.554095[0m
INFO -- Epoch: [95m16[0m - Loss: [93m    0.538693[0m
INFO -- Epoch: [95m17[0m - Loss: [93m    0.506655[0m
INFO -- Epoch: [95m18[0m - Loss: [93m    0.489441[0m
INFO -- Epoch: [95m19[0m - Loss: [93m    0.488576[0m
INFO -- Epoch: [95m20[0m - Loss: [93m    0.490323[0m
INFO -- Epoch: [95m21[0m - Loss: [93m    0.504739[0m
INFO -- Epoch: [95m22[0m - Loss: [93m    0.512684[0m
INFO -- Epoch: [95m23[0m - Loss: [93m    0.507025[0m
INFO -- Epoch: [95m24[0m - Loss: [93m    0.491584[0m
INFO -- Epoch: [95m25[0m - Loss: [93m    0.486822[0m
INFO -- Epoch: [95m26[0m - Loss: [93m    0.481494[0m
INFO -- Epoch: [95m27[0m - Loss: [93m    0.487489[0m
INFO -- Epoch: [95m28[0m - Loss: [93m    0.494938[0m
INFO -- Epoch: [95m29[0m - Loss: [93m    0.490449[0m
INFO -- Epoch: [95m30[0m - Loss: [93m    0.490907[0m
INFO -- Epoch: [95m31[0m - Loss: [93m    0.483721[0m
INFO -- Epoch: [95m32[0m - Loss: [93m    0.482412[0m
INFO -- Epoch: [95m33[0m - Loss: [93m    0.482121[0m
INFO -- Epoch: [95m34[0m - Loss: [93m    0.486182[0m
INFO -- Epoch: [95m35[0m - Loss: [93m    0.483751[0m
INFO -- Epoch: [95m36[0m - Loss: [93m    0.481783[0m
INFO -- Epoch: [95m37[0m - Loss: [93m    0.485447[0m
INFO -- Epoch: [95m38[0m - Loss: [93m    0.487334[0m
INFO -- Epoch: [95m39[0m - Loss: [93m    0.482436[0m
INFO -- Epoch: [95m40[0m - Loss: [93m    0.481404[0m
INFO -- Epoch: [95m41[0m - Loss: [93m    0.480844[0m
INFO -- Epoch: [95m42[0m - Loss: [93m    0.480936[0m
INFO -- Epoch: [95m43[0m - Loss: [93m    0.480427[0m
INFO -- Epoch: [95m44[0m - Loss: [93m    0.478723[0m
INFO -- Epoch: [95m45[0m - Loss: [93m    0.478888[0m
INFO -- Epoch: [95m46[0m - Loss: [93m    0.483703[0m
INFO -- Epoch: [95m47[0m - Loss: [93m    0.484708[0m
INFO -- Epoch: [95m48[0m - Loss: [93m    0.487685[0m
INFO -- Epoch: [95m49[0m - Loss: [93m    0.487617[0m
INFO -- Epoch: [95m50[0m - Loss: [93m    0.480021[0m
INFO -- Epoch: [95m51[0m - Loss: [93m    0.480956[0m
INFO -- Epoch: [95m52[0m - Loss: [93m    0.482708[0m
INFO -- Epoch: [95m53[0m - Loss: [93m    0.481983[0m
INFO -- Epoch: [95m54[0m - Loss: [93m    0.482130[0m
INFO -- Epoch: [95m55[0m - Loss: [93m    0.480342[0m
INFO -- Epoch: [95m56[0m - Loss: [93m    0.481570[0m
INFO -- Epoch: [95m57[0m - Loss: [93m    0.482178[0m
INFO -- Epoch: [95m58[0m - Loss: [93m    0.478106[0m
INFO -- Epoch: [95m59[0m - Loss: [93m    0.480449[0m
INFO -- Epoch: [95m60[0m - Loss: [93m    0.481293[0m
INFO -- Epoch: [95m61[0m - Loss: [93m    0.481906[0m
INFO -- Epoch: [95m62[0m - Loss: [93m    0.481198[0m
INFO -- Epoch: [95m63[0m - Loss: [93m    0.479247[0m
INFO -- Epoch: [95m64[0m - Loss: [93m    0.479802[0m
INFO -- Epoch: [95m65[0m - Loss: [93m    0.479526[0m
INFO -- Epoch: [95m66[0m - Loss: [93m    0.482416[0m
INFO -- Epoch: [95m67[0m - Loss: [93m    0.478984[0m
INFO -- Epoch: [95m68[0m - Loss: [93m    0.481712[0m
INFO -- Epoch: [95m69[0m - Loss: [93m    0.479505[0m
INFO -- Epoch: [95m70[0m - Loss: [93m    0.482268[0m
INFO -- Epoch: [95m71[0m - Loss: [93m    0.477841[0m
INFO -- Epoch: [95m72[0m - Loss: [93m    0.481490[0m
INFO -- Epoch: [95m73[0m - Loss: [93m    0.478397[0m
INFO -- Epoch: [95m74[0m - Loss: [93m    0.477916[0m
INFO -- Epoch: [95m75[0m - Loss: [93m    0.487238[0m
INFO -- Epoch: [95m76[0m - Loss: [93m    0.479418[0m
INFO -- Epoch: [95m77[0m - Loss: [93m    0.479591[0m
INFO -- Epoch: [95m78[0m - Loss: [93m    0.480159[0m
INFO -- Epoch: [95m79[0m - Loss: [93m    0.476689[0m
INFO -- Epoch: [95m80[0m - Loss: [93m    0.480632[0m
INFO -- Epoch: [95m81[0m - Loss: [93m    0.484152[0m
INFO -- Epoch: [95m82[0m - Loss: [93m    0.481504[0m
INFO -- Epoch: [95m83[0m - Loss: [93m    0.477638[0m
INFO -- Epoch: [95m84[0m - Loss: [93m    0.479349[0m
INFO -- Epoch: [95m85[0m - Loss: [93m    0.478005[0m
INFO -- Epoch: [95m86[0m - Loss: [93m    0.479631[0m
INFO -- Epoch: [95m87[0m - Loss: [93m    0.480193[0m
INFO -- Epoch: [95m88[0m - Loss: [93m    0.481139[0m
INFO -- Epoch: [95m89[0m - Loss: [93m    0.482483[0m
INFO -- Epoch: [95m90[0m - Loss: [93m    0.478258[0m
INFO -- Epoch: [95m91[0m - Loss: [93m    0.478707[0m
INFO -- Epoch: [95m92[0m - Loss: [93m    0.480469[0m
INFO -- Epoch: [95m93[0m - Loss: [93m    0.477901[0m
INFO -- Epoch: [95m94[0m - Loss: [93m    0.484988[0m
INFO -- Epoch: [95m95[0m - Loss: [93m    0.478229[0m
INFO -- Epoch: [95m96[0m - Loss: [93m    0.480068[0m
INFO -- Epoch: [95m97[0m - Loss: [93m    0.479470[0m
INFO -- Epoch: [95m98[0m - Loss: [93m    0.482198[0m
INFO -- Epoch: [95m99[0m - Loss: [93m    0.482247[0m
INFO -- Epoch: [95m100[0m - Loss: [93m    0.480105[0m
INFO -- Epoch: [95m101[0m - Loss: [93m    0.481242[0m
INFO -- Epoch: [95m102[0m - Loss: [93m    0.479788[0m
INFO -- Epoch: [95m103[0m - Loss: [93m    0.480491[0m
INFO -- Epoch: [95m104[0m - Loss: [93m    0.480343[0m
INFO -- Epoch: [95m105[0m - Loss: [93m    0.479116[0m
INFO -- Epoch: [95m106[0m - Loss: [93m    0.480511[0m
INFO -- Epoch: [95m107[0m - Loss: [93m    0.479972[0m
INFO -- Epoch: [95m108[0m - Loss: [93m    0.479808[0m
INFO -- Epoch: [95m109[0m - Loss: [93m    0.478961[0m
INFO -- Epoch: [95m110[0m - Loss: [93m    0.482853[0m
INFO -- Epoch: [95m111[0m - Loss: [93m    0.482555[0m
INFO -- Epoch: [95m112[0m - Loss: [93m    0.478915[0m
INFO -- Epoch: [95m113[0m - Loss: [93m    0.477873[0m
INFO -- Epoch: [95m114[0m - Loss: [93m    0.484184[0m
INFO -- Epoch: [95m115[0m - Loss: [93m    0.481952[0m
INFO -- Epoch: [95m116[0m - Loss: [93m    0.478002[0m
INFO -- Epoch: [95m117[0m - Loss: [93m    0.480879[0m
INFO -- Epoch: [95m118[0m - Loss: [93m    0.479485[0m
INFO -- Epoch: [95m119[0m - Loss: [93m    0.482094[0m
INFO -- Epoch: [95m120[0m - Loss: [93m    0.476154[0m
INFO -- Epoch: [95m121[0m - Loss: [93m    0.482078[0m
INFO -- Epoch: [95m122[0m - Loss: [93m    0.479284[0m
INFO -- Epoch: [95m123[0m - Loss: [93m    0.480832[0m
INFO -- Epoch: [95m124[0m - Loss: [93m    0.481854[0m
INFO -- Epoch: [95m125[0m - Loss: [93m    0.478889[0m
INFO -- Epoch: [95m126[0m - Loss: [93m    0.479229[0m
INFO -- Epoch: [95m127[0m - Loss: [93m    0.479029[0m
INFO -- Epoch: [95m128[0m - Loss: [93m    0.478197[0m
INFO -- Epoch: [95m129[0m - Loss: [93m    0.486058[0m
INFO -- Epoch: [95m130[0m - Loss: [93m    0.478305[0m
INFO -- Epoch: [95m131[0m - Loss: [93m    0.479144[0m
INFO -- Epoch: [95m132[0m - Loss: [93m    0.477107[0m
INFO -- Epoch: [95m133[0m - Loss: [93m    0.482861[0m
INFO -- Epoch: [95m134[0m - Loss: [93m    0.484299[0m
INFO -- Epoch: [95m135[0m - Loss: [93m    0.479084[0m
INFO -- Epoch: [95m136[0m - Loss: [93m    0.480360[0m
INFO -- Epoch: [95m137[0m - Loss: [93m    0.477417[0m
INFO -- Epoch: [95m138[0m - Loss: [93m    0.477430[0m
INFO -- Epoch: [95m139[0m - Loss: [93m    0.478576[0m
INFO -- Epoch: [95m140[0m - Loss: [93m    0.477501[0m
INFO -- Epoch: [95m141[0m - Loss: [93m    0.479746[0m
INFO -- Epoch: [95m142[0m - Loss: [93m    0.484388[0m
INFO -- Epoch: [95m143[0m - Loss: [93m    0.476004[0m
INFO -- Epoch: [95m144[0m - Loss: [93m    0.481779[0m
INFO -- Epoch: [95m145[0m - Loss: [93m    0.478662[0m
INFO -- Epoch: [95m146[0m - Loss: [93m    0.478529[0m
INFO -- Epoch: [95m147[0m - Loss: [93m    0.481658[0m
INFO -- Epoch: [95m148[0m - Loss: [93m    0.479426[0m
INFO -- Epoch: [95m149[0m - Loss: [93m    0.479541[0m
INFO -- Epoch: [95m150[0m - Loss: [93m    0.479184[0m
INFO -- Epoch: [95m151[0m - Loss: [93m    0.479658[0m
INFO -- Epoch: [95m152[0m - Loss: [93m    0.481313[0m
INFO -- Epoch: [95m153[0m - Loss: [93m    0.482147[0m
INFO -- Epoch: [95m154[0m - Loss: [93m    0.481704[0m
INFO -- Epoch: [95m155[0m - Loss: [93m    0.482492[0m
INFO -- Epoch: [95m156[0m - Loss: [93m    0.483160[0m
INFO -- Epoch: [95m157[0m - Loss: [93m    0.480578[0m
INFO -- Epoch: [95m158[0m - Loss: [93m    0.478082[0m
INFO -- Epoch: [95m159[0m - Loss: [93m    0.476711[0m
INFO -- Epoch: [95m160[0m - Loss: [93m    0.479634[0m
INFO -- Epoch: [95m161[0m - Loss: [93m    0.477076[0m
INFO -- Epoch: [95m162[0m - Loss: [93m    0.478038[0m
INFO -- Epoch: [95m163[0m - Loss: [93m    0.480039[0m
INFO -- Epoch: [95m164[0m - Loss: [93m    0.484121[0m
INFO -- Epoch: [95m165[0m - Loss: [93m    0.480819[0m
INFO -- Epoch: [95m166[0m - Loss: [93m    0.477256[0m
INFO -- Epoch: [95m167[0m - Loss: [93m    0.478462[0m
INFO -- Epoch: [95m168[0m - Loss: [93m    0.478235[0m
INFO -- Epoch: [95m169[0m - Loss: [93m    0.480580[0m
INFO -- Epoch: [95m170[0m - Loss: [93m    0.482893[0m
INFO -- Epoch: [95m171[0m - Loss: [93m    0.479267[0m
INFO -- Epoch: [95m172[0m - Loss: [93m    0.480923[0m
INFO -- Epoch: [95m173[0m - Loss: [93m    0.481139[0m
INFO -- Epoch: [95m174[0m - Loss: [93m    0.477800[0m
INFO -- Epoch: [95m175[0m - Loss: [93m    0.477869[0m
INFO -- Epoch: [95m176[0m - Loss: [93m    0.477185[0m
INFO -- Epoch: [95m177[0m - Loss: [93m    0.478673[0m
INFO -- Epoch: [95m178[0m - Loss: [93m    0.482709[0m
INFO -- Epoch: [95m179[0m - Loss: [93m    0.476520[0m
INFO -- Epoch: [95m180[0m - Loss: [93m    0.484945[0m
INFO -- Epoch: [95m181[0m - Loss: [93m    0.478772[0m
INFO -- Epoch: [95m182[0m - Loss: [93m    0.480678[0m
INFO -- Epoch: [95m183[0m - Loss: [93m    0.478952[0m
INFO -- Epoch: [95m184[0m - Loss: [93m    0.478574[0m
INFO -- Epoch: [95m185[0m - Loss: [93m    0.476385[0m
INFO -- Epoch: [95m186[0m - Loss: [93m    0.478718[0m
INFO -- Epoch: [95m187[0m - Loss: [93m    0.479961[0m
INFO -- Epoch: [95m188[0m - Loss: [93m    0.478682[0m
INFO -- Epoch: [95m189[0m - Loss: [93m    0.480852[0m
INFO -- Epoch: [95m190[0m - Loss: [93m    0.477363[0m
INFO -- Epoch: [95m191[0m - Loss: [93m    0.479536[0m
INFO -- Epoch: [95m192[0m - Loss: [93m    0.479633[0m
INFO -- Epoch: [95m193[0m - Loss: [93m    0.479883[0m
INFO -- Epoch: [95m194[0m - Loss: [93m    0.485393[0m
INFO -- Epoch: [95m195[0m - Loss: [93m    0.477893[0m
INFO -- Epoch: [95m196[0m - Loss: [93m    0.479777[0m
INFO -- Epoch: [95m197[0m - Loss: [93m    0.479539[0m
INFO -- Epoch: [95m198[0m - Loss: [93m    0.476726[0m
INFO -- Epoch: [95m199[0m - Loss: [93m    0.478968[0m
INFO -- Epoch: [95m200[0m - Loss: [93m    0.484537[0m
INFO -- Epoch: [95m201[0m - Loss: [93m    0.478635[0m
INFO -- Epoch: [95m202[0m - Loss: [93m    0.478329[0m
INFO -- Epoch: [95m203[0m - Loss: [93m    0.476893[0m
INFO -- Epoch: [95m204[0m - Loss: [93m    0.478868[0m
INFO -- Epoch: [95m205[0m - Loss: [93m    0.477830[0m
INFO -- Epoch: [95m206[0m - Loss: [93m    0.480824[0m
INFO -- Epoch: [95m207[0m - Loss: [93m    0.476927[0m
INFO -- Epoch: [95m208[0m - Loss: [93m    0.478982[0m
INFO -- Epoch: [95m209[0m - Loss: [93m    0.478598[0m
INFO -- Epoch: [95m210[0m - Loss: [93m    0.483003[0m
INFO -- Epoch: [95m211[0m - Loss: [93m    0.489431[0m
INFO -- Epoch: [95m212[0m - Loss: [93m    0.480755[0m
INFO -- Epoch: [95m213[0m - Loss: [93m    0.479637[0m
INFO -- Epoch: [95m214[0m - Loss: [93m    0.481857[0m
INFO -- Epoch: [95m215[0m - Loss: [93m    0.478607[0m
INFO -- Epoch: [95m216[0m - Loss: [93m    0.477040[0m
INFO -- Epoch: [95m217[0m - Loss: [93m    0.481215[0m
INFO -- Epoch: [95m218[0m - Loss: [93m    0.479805[0m
INFO -- Epoch: [95m219[0m - Loss: [93m    0.478251[0m
INFO -- Epoch: [95m220[0m - Loss: [93m    0.479821[0m
INFO -- Epoch: [95m221[0m - Loss: [93m    0.477043[0m
INFO -- Epoch: [95m222[0m - Loss: [93m    0.477786[0m
INFO -- Epoch: [95m223[0m - Loss: [93m    0.478219[0m
INFO -- Epoch: [95m224[0m - Loss: [93m    0.478427[0m
INFO -- Epoch: [95m225[0m - Loss: [93m    0.479801[0m
INFO -- Epoch: [95m226[0m - Loss: [93m    0.476264[0m
INFO -- Epoch: [95m227[0m - Loss: [93m    0.478799[0m
INFO -- Epoch: [95m228[0m - Loss: [93m    0.480277[0m
INFO -- Epoch: [95m229[0m - Loss: [93m    0.479521[0m
INFO -- Epoch: [95m230[0m - Loss: [93m    0.476215[0m
INFO -- Epoch: [95m231[0m - Loss: [93m    0.476631[0m
INFO -- Epoch: [95m232[0m - Loss: [93m    0.477466[0m
INFO -- Epoch: [95m233[0m - Loss: [93m    0.478213[0m
INFO -- Epoch: [95m234[0m - Loss: [93m    0.480090[0m
INFO -- Epoch: [95m235[0m - Loss: [93m    0.480540[0m
INFO -- Epoch: [95m236[0m - Loss: [93m    0.479077[0m
INFO -- Epoch: [95m237[0m - Loss: [93m    0.476380[0m
INFO -- Epoch: [95m238[0m - Loss: [93m    0.480009[0m
INFO -- Epoch: [95m239[0m - Loss: [93m    0.477247[0m
INFO -- Epoch: [95m240[0m - Loss: [93m    0.478556[0m
INFO -- Epoch: [95m241[0m - Loss: [93m    0.480539[0m
INFO -- Epoch: [95m242[0m - Loss: [93m    0.478446[0m
INFO -- Epoch: [95m243[0m - Loss: [93m    0.478738[0m
INFO -- Epoch: [95m244[0m - Loss: [93m    0.480128[0m
INFO -- Epoch: [95m245[0m - Loss: [93m    0.477859[0m
INFO -- Epoch: [95m246[0m - Loss: [93m    0.479470[0m
INFO -- Epoch: [95m247[0m - Loss: [93m    0.478864[0m
INFO -- Epoch: [95m248[0m - Loss: [93m    0.480357[0m
INFO -- Epoch: [95m249[0m - Loss: [93m    0.478854[0m
INFO -- Epoch: [95m250[0m - Loss: [93m    0.476125[0m
INFO -- Epoch: [95m251[0m - Loss: [93m    0.480288[0m
INFO -- Epoch: [95m252[0m - Loss: [93m    0.479234[0m
INFO -- Epoch: [95m253[0m - Loss: [93m    0.482615[0m
INFO -- Epoch: [95m254[0m - Loss: [93m    0.477651[0m
INFO -- Epoch: [95m255[0m - Loss: [93m    0.481374[0m
INFO -- Epoch: [95m256[0m - Loss: [93m    0.480330[0m
INFO -- Epoch: [95m257[0m - Loss: [93m    0.477717[0m
INFO -- Epoch: [95m258[0m - Loss: [93m    0.477649[0m
INFO -- Epoch: [95m259[0m - Loss: [93m    0.478252[0m
INFO -- Epoch: [95m260[0m - Loss: [93m    0.478210[0m
INFO -- Epoch: [95m261[0m - Loss: [93m    0.477018[0m
INFO -- Epoch: [95m262[0m - Loss: [93m    0.477367[0m
INFO -- Epoch: [95m263[0m - Loss: [93m    0.478096[0m
INFO -- Epoch: [95m264[0m - Loss: [93m    0.476896[0m
INFO -- Epoch: [95m265[0m - Loss: [93m    0.479594[0m
INFO -- Epoch: [95m266[0m - Loss: [93m    0.477456[0m
INFO -- Epoch: [95m267[0m - Loss: [93m    0.476157[0m
INFO -- Epoch: [95m268[0m - Loss: [93m    0.477487[0m
INFO -- Epoch: [95m269[0m - Loss: [93m    0.480246[0m
INFO -- Epoch: [95m270[0m - Loss: [93m    0.481681[0m
INFO -- Epoch: [95m271[0m - Loss: [93m    0.478661[0m
INFO -- Epoch: [95m272[0m - Loss: [93m    0.477244[0m
INFO -- Epoch: [95m273[0m - Loss: [93m    0.479066[0m
INFO -- Epoch: [95m274[0m - Loss: [93m    0.476928[0m
INFO -- Epoch: [95m275[0m - Loss: [93m    0.478566[0m
INFO -- Epoch: [95m276[0m - Loss: [93m    0.477901[0m
INFO -- Epoch: [95m277[0m - Loss: [93m    0.476444[0m
INFO -- Epoch: [95m278[0m - Loss: [93m    0.477366[0m
INFO -- Epoch: [95m279[0m - Loss: [93m    0.479769[0m
INFO -- Epoch: [95m280[0m - Loss: [93m    0.476930[0m
INFO -- Epoch: [95m281[0m - Loss: [93m    0.478485[0m
INFO -- Epoch: [95m282[0m - Loss: [93m    0.477791[0m
INFO -- Epoch: [95m283[0m - Loss: [93m    0.478272[0m
INFO -- Epoch: [95m284[0m - Loss: [93m    0.475546[0m
INFO -- Epoch: [95m285[0m - Loss: [93m    0.479238[0m
INFO -- Epoch: [95m286[0m - Loss: [93m    0.482735[0m
INFO -- Epoch: [95m287[0m - Loss: [93m    0.479639[0m
INFO -- Epoch: [95m288[0m - Loss: [93m    0.479000[0m
INFO -- Epoch: [95m289[0m - Loss: [93m    0.478020[0m
INFO -- Epoch: [95m290[0m - Loss: [93m    0.479777[0m
INFO -- Epoch: [95m291[0m - Loss: [93m    0.478554[0m
INFO -- Epoch: [95m292[0m - Loss: [93m    0.484617[0m
INFO -- Epoch: [95m293[0m - Loss: [93m    0.480468[0m
INFO -- Epoch: [95m294[0m - Loss: [93m    0.476603[0m
INFO -- Epoch: [95m295[0m - Loss: [93m    0.478114[0m
INFO -- Epoch: [95m296[0m - Loss: [93m    0.476954[0m
INFO -- Epoch: [95m297[0m - Loss: [93m    0.478614[0m
INFO -- Epoch: [95m298[0m - Loss: [93m    0.481814[0m
INFO -- Epoch: [95m299[0m - Loss: [93m    0.480824[0m
INFO -- Epoch: [95m300[0m - Loss: [93m    0.477701[0m
INFO -- Epoch: [95m301[0m - Loss: [93m    0.481002[0m
INFO -- Epoch: [95m302[0m - Loss: [93m    0.480034[0m
INFO -- Epoch: [95m303[0m - Loss: [93m    0.478909[0m
INFO -- Epoch: [95m304[0m - Loss: [93m    0.479118[0m
INFO -- Epoch: [95m305[0m - Loss: [93m    0.482062[0m
INFO -- Epoch: [95m306[0m - Loss: [93m    0.480335[0m
INFO -- Epoch: [95m307[0m - Loss: [93m    0.481113[0m
INFO -- Epoch: [95m308[0m - Loss: [93m    0.481527[0m
INFO -- Epoch: [95m309[0m - Loss: [93m    0.478348[0m
INFO -- Epoch: [95m310[0m - Loss: [93m    0.478292[0m
INFO -- Epoch: [95m311[0m - Loss: [93m    0.477645[0m
INFO -- Epoch: [95m312[0m - Loss: [93m    0.475828[0m
INFO -- Epoch: [95m313[0m - Loss: [93m    0.482952[0m
INFO -- Epoch: [95m314[0m - Loss: [93m    0.479399[0m
INFO -- Epoch: [95m315[0m - Loss: [93m    0.479481[0m
INFO -- Epoch: [95m316[0m - Loss: [93m    0.478184[0m
INFO -- Epoch: [95m317[0m - Loss: [93m    0.479560[0m
INFO -- Epoch: [95m318[0m - Loss: [93m    0.478314[0m
INFO -- Epoch: [95m319[0m - Loss: [93m    0.477078[0m
INFO -- Epoch: [95m320[0m - Loss: [93m    0.479356[0m
INFO -- Epoch: [95m321[0m - Loss: [93m    0.478276[0m
INFO -- Epoch: [95m322[0m - Loss: [93m    0.477406[0m
INFO -- Epoch: [95m323[0m - Loss: [93m    0.477921[0m
INFO -- Epoch: [95m324[0m - Loss: [93m    0.480109[0m
INFO -- Epoch: [95m325[0m - Loss: [93m    0.479903[0m
INFO -- Epoch: [95m326[0m - Loss: [93m    0.479391[0m
INFO -- Epoch: [95m327[0m - Loss: [93m    0.483430[0m
INFO -- Epoch: [95m328[0m - Loss: [93m    0.481520[0m
INFO -- Epoch: [95m329[0m - Loss: [93m    0.482584[0m
INFO -- Epoch: [95m330[0m - Loss: [93m    0.480869[0m
INFO -- Epoch: [95m331[0m - Loss: [93m    0.476078[0m
INFO -- Epoch: [95m332[0m - Loss: [93m    0.478383[0m
INFO -- Epoch: [95m333[0m - Loss: [93m    0.478269[0m
INFO -- Epoch: [95m334[0m - Loss: [93m    0.478609[0m
INFO -- Epoch: [95m335[0m - Loss: [93m    0.485568[0m
INFO -- Epoch: [95m336[0m - Loss: [93m    0.477761[0m
INFO -- Epoch: [95m337[0m - Loss: [93m    0.478281[0m
INFO -- Epoch: [95m338[0m - Loss: [93m    0.482542[0m
INFO -- Epoch: [95m339[0m - Loss: [93m    0.477626[0m
INFO -- Epoch: [95m340[0m - Loss: [93m    0.481745[0m
INFO -- Epoch: [95m341[0m - Loss: [93m    0.478440[0m
INFO -- Epoch: [95m342[0m - Loss: [93m    0.479082[0m
INFO -- Epoch: [95m343[0m - Loss: [93m    0.479632[0m
INFO -- Epoch: [95m344[0m - Loss: [93m    0.477480[0m
INFO -- Epoch: [95m345[0m - Loss: [93m    0.476581[0m
INFO -- Epoch: [95m346[0m - Loss: [93m    0.477168[0m
INFO -- Epoch: [95m347[0m - Loss: [93m    0.477801[0m
INFO -- Epoch: [95m348[0m - Loss: [93m    0.481404[0m
INFO -- Epoch: [95m349[0m - Loss: [93m    0.482833[0m
INFO -- Epoch: [95m350[0m - Loss: [93m    0.478324[0m
INFO -- Epoch: [95m351[0m - Loss: [93m    0.479086[0m
INFO -- Epoch: [95m352[0m - Loss: [93m    0.479922[0m
INFO -- Epoch: [95m353[0m - Loss: [93m    0.479489[0m
INFO -- Epoch: [95m354[0m - Loss: [93m    0.475627[0m
INFO -- Epoch: [95m355[0m - Loss: [93m    0.479801[0m
INFO -- Epoch: [95m356[0m - Loss: [93m    0.478858[0m
INFO -- Epoch: [95m357[0m - Loss: [93m    0.476088[0m
INFO -- Epoch: [95m358[0m - Loss: [93m    0.479769[0m
INFO -- Epoch: [95m359[0m - Loss: [93m    0.477669[0m
INFO -- Epoch: [95m360[0m - Loss: [93m    0.479771[0m
INFO -- Epoch: [95m361[0m - Loss: [93m    0.477063[0m
INFO -- Epoch: [95m362[0m - Loss: [93m    0.477177[0m
INFO -- Epoch: [95m363[0m - Loss: [93m    0.476070[0m
INFO -- Epoch: [95m364[0m - Loss: [93m    0.484720[0m
INFO -- Epoch: [95m365[0m - Loss: [93m    0.479224[0m
INFO -- Epoch: [95m366[0m - Loss: [93m    0.479387[0m
INFO -- Epoch: [95m367[0m - Loss: [93m    0.477972[0m
INFO -- Epoch: [95m368[0m - Loss: [93m    0.477136[0m
INFO -- Epoch: [95m369[0m - Loss: [93m    0.479569[0m
INFO -- Epoch: [95m370[0m - Loss: [93m    0.477104[0m
INFO -- Epoch: [95m371[0m - Loss: [93m    0.480816[0m
INFO -- Epoch: [95m372[0m - Loss: [93m    0.478564[0m
INFO -- Epoch: [95m373[0m - Loss: [93m    0.480000[0m
INFO -- Epoch: [95m374[0m - Loss: [93m    0.477722[0m
INFO -- Epoch: [95m375[0m - Loss: [93m    0.484711[0m
INFO -- Epoch: [95m376[0m - Loss: [93m    0.477294[0m
INFO -- Epoch: [95m377[0m - Loss: [93m    0.475852[0m
INFO -- Epoch: [95m378[0m - Loss: [93m    0.477515[0m
INFO -- Epoch: [95m379[0m - Loss: [93m    0.486137[0m
INFO -- Epoch: [95m380[0m - Loss: [93m    0.478307[0m
INFO -- Epoch: [95m381[0m - Loss: [93m    0.478067[0m
INFO -- Epoch: [95m382[0m - Loss: [93m    0.484331[0m
INFO -- Epoch: [95m383[0m - Loss: [93m    0.478272[0m
INFO -- Epoch: [95m384[0m - Loss: [93m    0.476427[0m
INFO -- Epoch: [95m385[0m - Loss: [93m    0.479660[0m
INFO -- Epoch: [95m386[0m - Loss: [93m    0.477647[0m
INFO -- Epoch: [95m387[0m - Loss: [93m    0.475955[0m
INFO -- Epoch: [95m388[0m - Loss: [93m    0.479259[0m
INFO -- Epoch: [95m389[0m - Loss: [93m    0.477982[0m
INFO -- Epoch: [95m390[0m - Loss: [93m    0.478981[0m
INFO -- Epoch: [95m391[0m - Loss: [93m    0.479359[0m
INFO -- Epoch: [95m392[0m - Loss: [93m    0.477819[0m
INFO -- Epoch: [95m393[0m - Loss: [93m    0.476599[0m
INFO -- Epoch: [95m394[0m - Loss: [93m    0.477243[0m
INFO -- Epoch: [95m395[0m - Loss: [93m    0.477325[0m
INFO -- Epoch: [95m396[0m - Loss: [93m    0.475036[0m
INFO -- Epoch: [95m397[0m - Loss: [93m    0.479846[0m
INFO -- Epoch: [95m398[0m - Loss: [93m    0.477443[0m
INFO -- Epoch: [95m399[0m - Loss: [93m    0.477793[0m
INFO -- Epoch: [95m400[0m - Loss: [93m    0.478689[0m
INFO -- Epoch: [95m401[0m - Loss: [93m    0.479445[0m
INFO -- Epoch: [95m402[0m - Loss: [93m    0.480416[0m
INFO -- Epoch: [95m403[0m - Loss: [93m    0.477334[0m
INFO -- Epoch: [95m404[0m - Loss: [93m    0.480230[0m
INFO -- Epoch: [95m405[0m - Loss: [93m    0.478254[0m
INFO -- Epoch: [95m406[0m - Loss: [93m    0.478358[0m
INFO -- Epoch: [95m407[0m - Loss: [93m    0.480978[0m
INFO -- Epoch: [95m408[0m - Loss: [93m    0.477118[0m
INFO -- Epoch: [95m409[0m - Loss: [93m    0.477366[0m
INFO -- Epoch: [95m410[0m - Loss: [93m    0.478995[0m
INFO -- Epoch: [95m411[0m - Loss: [93m    0.478014[0m
INFO -- Epoch: [95m412[0m - Loss: [93m    0.481688[0m
INFO -- Epoch: [95m413[0m - Loss: [93m    0.476316[0m
INFO -- Epoch: [95m414[0m - Loss: [93m    0.482938[0m
INFO -- Epoch: [95m415[0m - Loss: [93m    0.477062[0m
INFO -- Epoch: [95m416[0m - Loss: [93m    0.476944[0m
INFO -- Epoch: [95m417[0m - Loss: [93m    0.477541[0m
INFO -- Epoch: [95m418[0m - Loss: [93m    0.476850[0m
INFO -- Epoch: [95m419[0m - Loss: [93m    0.482733[0m
INFO -- Epoch: [95m420[0m - Loss: [93m    0.477389[0m
INFO -- Epoch: [95m421[0m - Loss: [93m    0.480982[0m
INFO -- Epoch: [95m422[0m - Loss: [93m    0.477995[0m
INFO -- Epoch: [95m423[0m - Loss: [93m    0.476705[0m
INFO -- Epoch: [95m424[0m - Loss: [93m    0.479999[0m
INFO -- Epoch: [95m425[0m - Loss: [93m    0.480527[0m
INFO -- Epoch: [95m426[0m - Loss: [93m    0.475066[0m
INFO -- Epoch: [95m427[0m - Loss: [93m    0.478092[0m
INFO -- Epoch: [95m428[0m - Loss: [93m    0.479424[0m
INFO -- Epoch: [95m429[0m - Loss: [93m    0.477287[0m
INFO -- Epoch: [95m430[0m - Loss: [93m    0.477940[0m
INFO -- Epoch: [95m431[0m - Loss: [93m    0.476618[0m
INFO -- Epoch: [95m432[0m - Loss: [93m    0.485066[0m
INFO -- Epoch: [95m433[0m - Loss: [93m    0.477285[0m
INFO -- Epoch: [95m434[0m - Loss: [93m    0.478480[0m
INFO -- Epoch: [95m435[0m - Loss: [93m    0.480803[0m
INFO -- Epoch: [95m436[0m - Loss: [93m    0.478944[0m
INFO -- Epoch: [95m437[0m - Loss: [93m    0.477412[0m
INFO -- Epoch: [95m438[0m - Loss: [93m    0.478985[0m
INFO -- Epoch: [95m439[0m - Loss: [93m    0.480056[0m
INFO -- Epoch: [95m440[0m - Loss: [93m    0.478419[0m
INFO -- Epoch: [95m441[0m - Loss: [93m    0.481414[0m
INFO -- Epoch: [95m442[0m - Loss: [93m    0.479695[0m
INFO -- Epoch: [95m443[0m - Loss: [93m    0.478308[0m
INFO -- Epoch: [95m444[0m - Loss: [93m    0.478773[0m
INFO -- Epoch: [95m445[0m - Loss: [93m    0.477847[0m
INFO -- Epoch: [95m446[0m - Loss: [93m    0.479083[0m
INFO -- Epoch: [95m447[0m - Loss: [93m    0.478238[0m
INFO -- Epoch: [95m448[0m - Loss: [93m    0.476641[0m
INFO -- Epoch: [95m449[0m - Loss: [93m    0.476906[0m
INFO -- Epoch: [95m450[0m - Loss: [93m    0.479902[0m
INFO -- Epoch: [95m451[0m - Loss: [93m    0.476766[0m
INFO -- Epoch: [95m452[0m - Loss: [93m    0.478419[0m
INFO -- Epoch: [95m453[0m - Loss: [93m    0.481251[0m
INFO -- Epoch: [95m454[0m - Loss: [93m    0.476374[0m
INFO -- Epoch: [95m455[0m - Loss: [93m    0.478494[0m
INFO -- Epoch: [95m456[0m - Loss: [93m    0.476932[0m
INFO -- Epoch: [95m457[0m - Loss: [93m    0.476848[0m
INFO -- Epoch: [95m458[0m - Loss: [93m    0.481576[0m
INFO -- Epoch: [95m459[0m - Loss: [93m    0.477013[0m
INFO -- Epoch: [95m460[0m - Loss: [93m    0.476973[0m
INFO -- Epoch: [95m461[0m - Loss: [93m    0.477797[0m
INFO -- Epoch: [95m462[0m - Loss: [93m    0.478817[0m
INFO -- Epoch: [95m463[0m - Loss: [93m    0.477354[0m
INFO -- Epoch: [95m464[0m - Loss: [93m    0.481147[0m
INFO -- Epoch: [95m465[0m - Loss: [93m    0.476797[0m
INFO -- Epoch: [95m466[0m - Loss: [93m    0.481933[0m
INFO -- Epoch: [95m467[0m - Loss: [93m    0.476088[0m
INFO -- Epoch: [95m468[0m - Loss: [93m    0.478980[0m
INFO -- Epoch: [95m469[0m - Loss: [93m    0.482357[0m
INFO -- Epoch: [95m470[0m - Loss: [93m    0.477637[0m
INFO -- Epoch: [95m471[0m - Loss: [93m    0.481571[0m
INFO -- Epoch: [95m472[0m - Loss: [93m    0.477169[0m
INFO -- Epoch: [95m473[0m - Loss: [93m    0.476498[0m
INFO -- Epoch: [95m474[0m - Loss: [93m    0.476339[0m
INFO -- Epoch: [95m475[0m - Loss: [93m    0.483635[0m
INFO -- Epoch: [95m476[0m - Loss: [93m    0.477376[0m
INFO -- Epoch: [95m477[0m - Loss: [93m    0.476529[0m
INFO -- Epoch: [95m478[0m - Loss: [93m    0.480406[0m
INFO -- Epoch: [95m479[0m - Loss: [93m    0.485886[0m
INFO -- Epoch: [95m480[0m - Loss: [93m    0.483131[0m
INFO -- Epoch: [95m481[0m - Loss: [93m    0.481067[0m
INFO -- Epoch: [95m482[0m - Loss: [93m    0.479715[0m
INFO -- Epoch: [95m483[0m - Loss: [93m    0.477979[0m
INFO -- Epoch: [95m484[0m - Loss: [93m    0.479528[0m
INFO -- Epoch: [95m485[0m - Loss: [93m    0.478579[0m
INFO -- Epoch: [95m486[0m - Loss: [93m    0.481505[0m
INFO -- Epoch: [95m487[0m - Loss: [93m    0.478633[0m
INFO -- Epoch: [95m488[0m - Loss: [93m    0.482788[0m
INFO -- Epoch: [95m489[0m - Loss: [93m    0.478903[0m
INFO -- Epoch: [95m490[0m - Loss: [93m    0.482866[0m
INFO -- Epoch: [95m491[0m - Loss: [93m    0.480542[0m
INFO -- Epoch: [95m492[0m - Loss: [93m    0.482412[0m
INFO -- Epoch: [95m493[0m - Loss: [93m    0.479125[0m
INFO -- Epoch: [95m494[0m - Loss: [93m    0.479168[0m
INFO -- Epoch: [95m495[0m - Loss: [93m    0.477198[0m
INFO -- Epoch: [95m496[0m - Loss: [93m    0.484604[0m
INFO -- Epoch: [95m497[0m - Loss: [93m    0.480326[0m
INFO -- Epoch: [95m498[0m - Loss: [93m    0.479794[0m
INFO -- Epoch: [95m499[0m - Loss: [93m    0.481973[0m
INFO -- Epoch: [95m500[0m - Loss: [93m    0.476458[0m
INFO -- Epoch: [95m501[0m - Loss: [93m    0.477071[0m
INFO -- Epoch: [95m502[0m - Loss: [93m    0.478898[0m
INFO -- Epoch: [95m503[0m - Loss: [93m    0.476072[0m
INFO -- Epoch: [95m504[0m - Loss: [93m    0.479871[0m
INFO -- Epoch: [95m505[0m - Loss: [93m    0.476095[0m
INFO -- Epoch: [95m506[0m - Loss: [93m    0.480565[0m
INFO -- Epoch: [95m507[0m - Loss: [93m    0.477203[0m
INFO -- Epoch: [95m508[0m - Loss: [93m    0.482268[0m
INFO -- Epoch: [95m509[0m - Loss: [93m    0.477623[0m
INFO -- Epoch: [95m510[0m - Loss: [93m    0.480364[0m
INFO -- Epoch: [95m511[0m - Loss: [93m    0.479275[0m
INFO -- Epoch: [95m512[0m - Loss: [93m    0.479820[0m
INFO -- Epoch: [95m513[0m - Loss: [93m    0.477058[0m
INFO -- Epoch: [95m514[0m - Loss: [93m    0.480081[0m
INFO -- Epoch: [95m515[0m - Loss: [93m    0.478266[0m
INFO -- Epoch: [95m516[0m - Loss: [93m    0.478919[0m
INFO -- Epoch: [95m517[0m - Loss: [93m    0.478628[0m
INFO -- Epoch: [95m518[0m - Loss: [93m    0.475322[0m
INFO -- Epoch: [95m519[0m - Loss: [93m    0.475975[0m
INFO -- Epoch: [95m520[0m - Loss: [93m    0.479035[0m
INFO -- Epoch: [95m521[0m - Loss: [93m    0.475580[0m
INFO -- Epoch: [95m522[0m - Loss: [93m    0.478307[0m
INFO -- Epoch: [95m523[0m - Loss: [93m    0.479886[0m
INFO -- Epoch: [95m524[0m - Loss: [93m    0.477412[0m
INFO -- Epoch: [95m525[0m - Loss: [93m    0.478420[0m
INFO -- Epoch: [95m526[0m - Loss: [93m    0.477856[0m
INFO -- Epoch: [95m527[0m - Loss: [93m    0.476083[0m
INFO -- Epoch: [95m528[0m - Loss: [93m    0.480994[0m
INFO -- Epoch: [95m529[0m - Loss: [93m    0.481619[0m
INFO -- Epoch: [95m530[0m - Loss: [93m    0.477759[0m
INFO -- Epoch: [95m531[0m - Loss: [93m    0.478500[0m
INFO -- Epoch: [95m532[0m - Loss: [93m    0.485975[0m
INFO -- Epoch: [95m533[0m - Loss: [93m    0.478383[0m
INFO -- Epoch: [95m534[0m - Loss: [93m    0.477973[0m
INFO -- Epoch: [95m535[0m - Loss: [93m    0.482498[0m
INFO -- Epoch: [95m536[0m - Loss: [93m    0.476845[0m
INFO -- Epoch: [95m537[0m - Loss: [93m    0.476640[0m
INFO -- Epoch: [95m538[0m - Loss: [93m    0.476761[0m
INFO -- Epoch: [95m539[0m - Loss: [93m    0.479222[0m
INFO -- Epoch: [95m540[0m - Loss: [93m    0.476412[0m
INFO -- Epoch: [95m541[0m - Loss: [93m    0.481338[0m
INFO -- Epoch: [95m542[0m - Loss: [93m    0.476935[0m
INFO -- Epoch: [95m543[0m - Loss: [93m    0.478709[0m
INFO -- Epoch: [95m544[0m - Loss: [93m    0.481646[0m
INFO -- Epoch: [95m545[0m - Loss: [93m    0.479525[0m
INFO -- Epoch: [95m546[0m - Loss: [93m    0.478865[0m
INFO -- Epoch: [95m547[0m - Loss: [93m    0.477361[0m
INFO -- Epoch: [95m548[0m - Loss: [93m    0.476052[0m
INFO -- Epoch: [95m549[0m - Loss: [93m    0.480646[0m
INFO -- Epoch: [95m550[0m - Loss: [93m    0.479746[0m
INFO -- Epoch: [95m551[0m - Loss: [93m    0.477199[0m
INFO -- Epoch: [95m552[0m - Loss: [93m    0.479323[0m
INFO -- Epoch: [95m553[0m - Loss: [93m    0.477576[0m
INFO -- Epoch: [95m554[0m - Loss: [93m    0.477443[0m
INFO -- Epoch: [95m555[0m - Loss: [93m    0.477588[0m
INFO -- Epoch: [95m556[0m - Loss: [93m    0.481432[0m
INFO -- Epoch: [95m557[0m - Loss: [93m    0.476777[0m
INFO -- Epoch: [95m558[0m - Loss: [93m    0.479778[0m
INFO -- Epoch: [95m559[0m - Loss: [93m    0.477823[0m
INFO -- Epoch: [95m560[0m - Loss: [93m    0.478812[0m
INFO -- Epoch: [95m561[0m - Loss: [93m    0.476533[0m
INFO -- Epoch: [95m562[0m - Loss: [93m    0.478790[0m
INFO -- Epoch: [95m563[0m - Loss: [93m    0.477238[0m
INFO -- Epoch: [95m564[0m - Loss: [93m    0.480793[0m
INFO -- Epoch: [95m565[0m - Loss: [93m    0.478485[0m
INFO -- Epoch: [95m566[0m - Loss: [93m    0.476825[0m
INFO -- Epoch: [95m567[0m - Loss: [93m    0.481007[0m
INFO -- Epoch: [95m568[0m - Loss: [93m    0.476090[0m
INFO -- Epoch: [95m569[0m - Loss: [93m    0.474294[0m
INFO -- Epoch: [95m570[0m - Loss: [93m    0.478902[0m
INFO -- Epoch: [95m571[0m - Loss: [93m    0.479355[0m
INFO -- Epoch: [95m572[0m - Loss: [93m    0.475622[0m
INFO -- Epoch: [95m573[0m - Loss: [93m    0.478539[0m
INFO -- Epoch: [95m574[0m - Loss: [93m    0.478327[0m
INFO -- Epoch: [95m575[0m - Loss: [93m    0.478972[0m
INFO -- Epoch: [95m576[0m - Loss: [93m    0.478274[0m
INFO -- Epoch: [95m577[0m - Loss: [93m    0.475221[0m
INFO -- Epoch: [95m578[0m - Loss: [93m    0.483749[0m
INFO -- Epoch: [95m579[0m - Loss: [93m    0.478371[0m
INFO -- Epoch: [95m580[0m - Loss: [93m    0.478786[0m
INFO -- Epoch: [95m581[0m - Loss: [93m    0.476679[0m
INFO -- Epoch: [95m582[0m - Loss: [93m    0.478191[0m
INFO -- Epoch: [95m583[0m - Loss: [93m    0.474770[0m
INFO -- Epoch: [95m584[0m - Loss: [93m    0.479633[0m
INFO -- Epoch: [95m585[0m - Loss: [93m    0.477235[0m
INFO -- Epoch: [95m586[0m - Loss: [93m    0.479252[0m
INFO -- Epoch: [95m587[0m - Loss: [93m    0.480070[0m
INFO -- Epoch: [95m588[0m - Loss: [93m    0.478315[0m
INFO -- Epoch: [95m589[0m - Loss: [93m    0.478667[0m
INFO -- Epoch: [95m590[0m - Loss: [93m    0.478124[0m
INFO -- Epoch: [95m591[0m - Loss: [93m    0.480231[0m
INFO -- Epoch: [95m592[0m - Loss: [93m    0.479357[0m
INFO -- Epoch: [95m593[0m - Loss: [93m    0.484081[0m
INFO -- Epoch: [95m594[0m - Loss: [93m    0.477594[0m
INFO -- Epoch: [95m595[0m - Loss: [93m    0.479381[0m
INFO -- Epoch: [95m596[0m - Loss: [93m    0.477027[0m
INFO -- Epoch: [95m597[0m - Loss: [93m    0.475453[0m
INFO -- Epoch: [95m598[0m - Loss: [93m    0.478116[0m
INFO -- Epoch: [95m599[0m - Loss: [93m    0.476837[0m
INFO -- Epoch: [95m600[0m - Loss: [93m    0.479860[0m
INFO -- Epoch: [95m601[0m - Loss: [93m    0.480264[0m
INFO -- Epoch: [95m602[0m - Loss: [93m    0.480681[0m
INFO -- Epoch: [95m603[0m - Loss: [93m    0.482629[0m
INFO -- Epoch: [95m604[0m - Loss: [93m    0.477999[0m
INFO -- Epoch: [95m605[0m - Loss: [93m    0.476565[0m
INFO -- Epoch: [95m606[0m - Loss: [93m    0.476315[0m
INFO -- Epoch: [95m607[0m - Loss: [93m    0.480447[0m
INFO -- Epoch: [95m608[0m - Loss: [93m    0.478236[0m
INFO -- Epoch: [95m609[0m - Loss: [93m    0.480667[0m
INFO -- Training interrupted by user at epoch [91m610[0m
INFO -- Creating plots and saving to files. Dimensions: 1
