INFO -- Device: cuda
INFO -- [92mOne dimentional problem[0m
INFO -- 
INFO -- ================================================================================
INFO -- Learning parameters
INFO -- Length:                                           [92m1.0[0m
INFO -- Total time:                                       [92m1.0[0m
INFO -- Number of points in x:                            [92m150[0m
INFO -- Number of points in initial condition:            [92m300[0m
INFO -- Weight for interior loss:                         [92m50.0[0m
INFO -- Weight for initial condition loss:                [92m0.5[0m
INFO -- Weight for boundary loss:                         [92m5.0[0m
INFO -- Layers:                                           [92m4[0m
INFO -- Neurons per layer:                                [92m20[0m
INFO -- Epochs:                                           [92m10000[0m
INFO -- Learning rate:                                    [92m0.0025[0m
INFO -- ================================================================================
INFO -- 
INFO -- Creating PINN to learn spline coefficients with [92m4[0m layers and [92m20[0m neurons per layer
INFO -- Training PINN to coefficients estimation for [93m10000[0m epochs using [93mfunctools.partial(<function compute_loss_PINN_learns_coeff at 0x000001D09FAE3370>, x=tensor([[0.0000],
        [0.0067],
        [0.0134],
        [0.0201],
        [0.0268],
        [0.0336],
        [0.0403],
        [0.0470],
        [0.0537],
        [0.0604],
        [0.0671],
        [0.0738],
        [0.0805],
        [0.0872],
        [0.0940],
        [0.1007],
        [0.1074],
        [0.1141],
        [0.1208],
        [0.1275],
        [0.1342],
        [0.1409],
        [0.1477],
        [0.1544],
        [0.1611],
        [0.1678],
        [0.1745],
        [0.1812],
        [0.1879],
        [0.1946],
        [0.2013],
        [0.2081],
        [0.2148],
        [0.2215],
        [0.2282],
        [0.2349],
        [0.2416],
        [0.2483],
        [0.2550],
        [0.2617],
        [0.2685],
        [0.2752],
        [0.2819],
        [0.2886],
        [0.2953],
        [0.3020],
        [0.3087],
        [0.3154],
        [0.3221],
        [0.3289],
        [0.3356],
        [0.3423],
        [0.3490],
        [0.3557],
        [0.3624],
        [0.3691],
        [0.3758],
        [0.3826],
        [0.3893],
        [0.3960],
        [0.4027],
        [0.4094],
        [0.4161],
        [0.4228],
        [0.4295],
        [0.4362],
        [0.4430],
        [0.4497],
        [0.4564],
        [0.4631],
        [0.4698],
        [0.4765],
        [0.4832],
        [0.4899],
        [0.4966],
        [0.5034],
        [0.5101],
        [0.5168],
        [0.5235],
        [0.5302],
        [0.5369],
        [0.5436],
        [0.5503],
        [0.5570],
        [0.5638],
        [0.5705],
        [0.5772],
        [0.5839],
        [0.5906],
        [0.5973],
        [0.6040],
        [0.6107],
        [0.6174],
        [0.6242],
        [0.6309],
        [0.6376],
        [0.6443],
        [0.6510],
        [0.6577],
        [0.6644],
        [0.6711],
        [0.6779],
        [0.6846],
        [0.6913],
        [0.6980],
        [0.7047],
        [0.7114],
        [0.7181],
        [0.7248],
        [0.7315],
        [0.7383],
        [0.7450],
        [0.7517],
        [0.7584],
        [0.7651],
        [0.7718],
        [0.7785],
        [0.7852],
        [0.7919],
        [0.7987],
        [0.8054],
        [0.8121],
        [0.8188],
        [0.8255],
        [0.8322],
        [0.8389],
        [0.8456],
        [0.8523],
        [0.8591],
        [0.8658],
        [0.8725],
        [0.8792],
        [0.8859],
        [0.8926],
        [0.8993],
        [0.9060],
        [0.9128],
        [0.9195],
        [0.9262],
        [0.9329],
        [0.9396],
        [0.9463],
        [0.9530],
        [0.9597],
        [0.9664],
        [0.9732],
        [0.9799],
        [0.9866],
        [0.9933],
        [1.0000]], device='cuda:0', grad_fn=<ToCopyBackward0>), spline=B_Splines(), weight_f=50.0, weight_b=5.0, dims=1, test_function=None)[0m loss function
INFO -- Training interrupted by user at epoch [91m24[0m
INFO -- Training took [92m6.50[0m seconds
INFO -- Creating plots and saving to files. Dimensions: 1
