INFO -- Device: cuda
INFO -- 
INFO -- ================================================================================
INFO -- Learning parameters
INFO -- Length:                                           [92m1.0[0m
INFO -- Total time:                                       [92m1.0[0m
INFO -- Number of points in x:                            [92m150[0m
INFO -- Number of points in initial condition:            [92m300[0m
INFO -- Weight for interior loss:                         [92m0.5[0m
INFO -- Weight for initial condition loss:                [92m150.0[0m
INFO -- Weight for boundary loss:                         [92m1.0[0m
INFO -- Layers:                                           [92m8[0m
INFO -- Neurons per layer:                                [92m20[0m
INFO -- Epochs:                                           [92m50000[0m
INFO -- Learning rate:                                    [92m0.0025[0m
INFO -- ================================================================================
INFO -- 
INFO -- Creating PINN with [92m8[0m layers and [92m20[0m neurons per layer
INFO -- Computing initial condition loss
INFO -- Training PINN for [93m50000[0m epochs using [93mloss_fn_weak[0m loss function
INFO -- Epoch: [95m1[0m - Loss: [93m    2.172602[0m
INFO -- Epoch: [95m2[0m - Loss: [93m    1.963151[0m
INFO -- Epoch: [95m3[0m - Loss: [93m    1.775372[0m
INFO -- Epoch: [95m4[0m - Loss: [93m    1.605280[0m
INFO -- Epoch: [95m5[0m - Loss: [93m    1.449221[0m
INFO -- Epoch: [95m6[0m - Loss: [93m    1.304102[0m
INFO -- Epoch: [95m7[0m - Loss: [93m    1.167632[0m
INFO -- Epoch: [95m8[0m - Loss: [93m    1.038658[0m
INFO -- Epoch: [95m9[0m - Loss: [93m    0.917405[0m
INFO -- Epoch: [95m10[0m - Loss: [93m    0.805772[0m
INFO -- Epoch: [95m11[0m - Loss: [93m    0.707557[0m
INFO -- Epoch: [95m12[0m - Loss: [93m    0.628362[0m
INFO -- Epoch: [95m13[0m - Loss: [93m    0.574781[0m
INFO -- Epoch: [95m14[0m - Loss: [93m    0.552287[0m
INFO -- Epoch: [95m15[0m - Loss: [93m    0.561279[0m
INFO -- Epoch: [95m16[0m - Loss: [93m    0.592485[0m
INFO -- Epoch: [95m17[0m - Loss: [93m    0.627729[0m
INFO -- Epoch: [95m18[0m - Loss: [93m    0.650173[0m
INFO -- Epoch: [95m19[0m - Loss: [93m    0.652971[0m
INFO -- Epoch: [95m20[0m - Loss: [93m    0.638566[0m
INFO -- Epoch: [95m21[0m - Loss: [93m    0.614055[0m
INFO -- Epoch: [95m22[0m - Loss: [93m    0.587302[0m
INFO -- Epoch: [95m23[0m - Loss: [93m    0.564615[0m
INFO -- Epoch: [95m24[0m - Loss: [93m    0.549671[0m
INFO -- Epoch: [95m25[0m - Loss: [93m    0.543366[0m
INFO -- Epoch: [95m26[0m - Loss: [93m    0.544340[0m
INFO -- Epoch: [95m27[0m - Loss: [93m    0.549879[0m
INFO -- Epoch: [95m28[0m - Loss: [93m    0.556912[0m
INFO -- Epoch: [95m29[0m - Loss: [93m    0.562835[0m
INFO -- Epoch: [95m30[0m - Loss: [93m    0.565989[0m
INFO -- Epoch: [95m31[0m - Loss: [93m    0.565766[0m
INFO -- Epoch: [95m32[0m - Loss: [93m    0.562435[0m
INFO -- Epoch: [95m33[0m - Loss: [93m    0.556854[0m
INFO -- Epoch: [95m34[0m - Loss: [93m    0.550166[0m
INFO -- Epoch: [95m35[0m - Loss: [93m    0.543550[0m
INFO -- Epoch: [95m36[0m - Loss: [93m    0.538016[0m
INFO -- Epoch: [95m37[0m - Loss: [93m    0.534252[0m
INFO -- Epoch: [95m38[0m - Loss: [93m    0.532531[0m
INFO -- Epoch: [95m39[0m - Loss: [93m    0.532666[0m
INFO -- Epoch: [95m40[0m - Loss: [93m    0.534068[0m
INFO -- Epoch: [95m41[0m - Loss: [93m    0.535905[0m
INFO -- Epoch: [95m42[0m - Loss: [93m    0.537347[0m
INFO -- Epoch: [95m43[0m - Loss: [93m    0.537809[0m
INFO -- Epoch: [95m44[0m - Loss: [93m    0.537100[0m
INFO -- Epoch: [95m45[0m - Loss: [93m    0.535406[0m
INFO -- Epoch: [95m46[0m - Loss: [93m    0.533159[0m
INFO -- Epoch: [95m47[0m - Loss: [93m    0.530857[0m
INFO -- Epoch: [95m48[0m - Loss: [93m    0.528912[0m
INFO -- Epoch: [95m49[0m - Loss: [93m    0.527562[0m
INFO -- Epoch: [95m50[0m - Loss: [93m    0.526854[0m
INFO -- Epoch: [95m51[0m - Loss: [93m    0.526681[0m
INFO -- Epoch: [95m52[0m - Loss: [93m    0.526843[0m
INFO -- Epoch: [95m53[0m - Loss: [93m    0.527115[0m
INFO -- Epoch: [95m54[0m - Loss: [93m    0.527303[0m
INFO -- Epoch: [95m55[0m - Loss: [93m    0.527279[0m
INFO -- Epoch: [95m56[0m - Loss: [93m    0.526993[0m
INFO -- Epoch: [95m57[0m - Loss: [93m    0.526470[0m
INFO -- Epoch: [95m58[0m - Loss: [93m    0.525785[0m
INFO -- Epoch: [95m59[0m - Loss: [93m    0.525039[0m
INFO -- Epoch: [95m60[0m - Loss: [93m    0.524328[0m
INFO -- Epoch: [95m61[0m - Loss: [93m    0.523722[0m
INFO -- Epoch: [95m62[0m - Loss: [93m    0.523249[0m
INFO -- Epoch: [95m63[0m - Loss: [93m    0.522902[0m
INFO -- Epoch: [95m64[0m - Loss: [93m    0.522642[0m
INFO -- Epoch: [95m65[0m - Loss: [93m    0.522427[0m
INFO -- Epoch: [95m66[0m - Loss: [93m    0.522219[0m
INFO -- Epoch: [95m67[0m - Loss: [93m    0.522003[0m
INFO -- Epoch: [95m68[0m - Loss: [93m    0.521782[0m
INFO -- Epoch: [95m69[0m - Loss: [93m    0.521567[0m
INFO -- Epoch: [95m70[0m - Loss: [93m    0.521370[0m
INFO -- Epoch: [95m71[0m - Loss: [93m    0.521189[0m
INFO -- Epoch: [95m72[0m - Loss: [93m    0.521011[0m
INFO -- Epoch: [95m73[0m - Loss: [93m    0.520824[0m
INFO -- Epoch: [95m74[0m - Loss: [93m    0.520623[0m
INFO -- Epoch: [95m75[0m - Loss: [93m    0.520416[0m
INFO -- Epoch: [95m76[0m - Loss: [93m    0.520223[0m
INFO -- Epoch: [95m77[0m - Loss: [93m    0.520065[0m
INFO -- Epoch: [95m78[0m - Loss: [93m    0.519953[0m
INFO -- Epoch: [95m79[0m - Loss: [93m    0.519887[0m
INFO -- Epoch: [95m80[0m - Loss: [93m    0.519850[0m
INFO -- Epoch: [95m81[0m - Loss: [93m    0.519819[0m
INFO -- Epoch: [95m82[0m - Loss: [93m    0.519775[0m
INFO -- Epoch: [95m83[0m - Loss: [93m    0.519706[0m
INFO -- Epoch: [95m84[0m - Loss: [93m    0.519615[0m
INFO -- Epoch: [95m85[0m - Loss: [93m    0.519518[0m
INFO -- Epoch: [95m86[0m - Loss: [93m    0.519431[0m
INFO -- Epoch: [95m87[0m - Loss: [93m    0.519369[0m
INFO -- Epoch: [95m88[0m - Loss: [93m    0.519334[0m
INFO -- Epoch: [95m89[0m - Loss: [93m    0.519320[0m
INFO -- Epoch: [95m90[0m - Loss: [93m    0.519314[0m
INFO -- Epoch: [95m91[0m - Loss: [93m    0.519304[0m
INFO -- Epoch: [95m92[0m - Loss: [93m    0.519286[0m
INFO -- Epoch: [95m93[0m - Loss: [93m    0.519263[0m
INFO -- Epoch: [95m94[0m - Loss: [93m    0.519243[0m
INFO -- Epoch: [95m95[0m - Loss: [93m    0.519229[0m
INFO -- Epoch: [95m96[0m - Loss: [93m    0.519222[0m
INFO -- Epoch: [95m97[0m - Loss: [93m    0.519217[0m
INFO -- Epoch: [95m98[0m - Loss: [93m    0.519211[0m
INFO -- Epoch: [95m99[0m - Loss: [93m    0.519202[0m
INFO -- Epoch: [95m100[0m - Loss: [93m    0.519192[0m
INFO -- Epoch: [95m101[0m - Loss: [93m    0.519187[0m
INFO -- Epoch: [95m102[0m - Loss: [93m    0.519188[0m
INFO -- Epoch: [95m103[0m - Loss: [93m    0.519193[0m
INFO -- Epoch: [95m104[0m - Loss: [93m    0.519200[0m
INFO -- Epoch: [95m105[0m - Loss: [93m    0.519203[0m
INFO -- Epoch: [95m106[0m - Loss: [93m    0.519202[0m
INFO -- Epoch: [95m107[0m - Loss: [93m    0.519197[0m
INFO -- Epoch: [95m108[0m - Loss: [93m    0.519192[0m
INFO -- Epoch: [95m109[0m - Loss: [93m    0.519189[0m
INFO -- Epoch: [95m110[0m - Loss: [93m    0.519190[0m
INFO -- Epoch: [95m111[0m - Loss: [93m    0.519193[0m
INFO -- Epoch: [95m112[0m - Loss: [93m    0.519195[0m
INFO -- Epoch: [95m113[0m - Loss: [93m    0.519196[0m
INFO -- Epoch: [95m114[0m - Loss: [93m    0.519196[0m
INFO -- Epoch: [95m115[0m - Loss: [93m    0.519195[0m
INFO -- Epoch: [95m116[0m - Loss: [93m    0.519194[0m
INFO -- Epoch: [95m117[0m - Loss: [93m    0.519193[0m
INFO -- Epoch: [95m118[0m - Loss: [93m    0.519193[0m
INFO -- Epoch: [95m119[0m - Loss: [93m    0.519192[0m
INFO -- Epoch: [95m120[0m - Loss: [93m    0.519191[0m
INFO -- Epoch: [95m121[0m - Loss: [93m    0.519190[0m
INFO -- Epoch: [95m122[0m - Loss: [93m    0.519189[0m
INFO -- Epoch: [95m123[0m - Loss: [93m    0.519188[0m
INFO -- Epoch: [95m124[0m - Loss: [93m    0.519188[0m
INFO -- Epoch: [95m125[0m - Loss: [93m    0.519189[0m
INFO -- Epoch: [95m126[0m - Loss: [93m    0.519188[0m
INFO -- Epoch: [95m127[0m - Loss: [93m    0.519187[0m
INFO -- Epoch: [95m128[0m - Loss: [93m    0.519186[0m
INFO -- Epoch: [95m129[0m - Loss: [93m    0.519184[0m
INFO -- Epoch: [95m130[0m - Loss: [93m    0.519184[0m
INFO -- Epoch: [95m131[0m - Loss: [93m    0.519183[0m
INFO -- Epoch: [95m132[0m - Loss: [93m    0.519183[0m
INFO -- Epoch: [95m133[0m - Loss: [93m    0.519183[0m
INFO -- Epoch: [95m134[0m - Loss: [93m    0.519183[0m
INFO -- Epoch: [95m135[0m - Loss: [93m    0.519182[0m
INFO -- Epoch: [95m136[0m - Loss: [93m    0.519182[0m
INFO -- Epoch: [95m137[0m - Loss: [93m    0.519181[0m
INFO -- Epoch: [95m138[0m - Loss: [93m    0.519181[0m
INFO -- Epoch: [95m139[0m - Loss: [93m    0.519181[0m
INFO -- Epoch: [95m140[0m - Loss: [93m    0.519181[0m
INFO -- Epoch: [95m141[0m - Loss: [93m    0.519180[0m
INFO -- Epoch: [95m142[0m - Loss: [93m    0.519180[0m
INFO -- Epoch: [95m143[0m - Loss: [93m    0.519180[0m
INFO -- Epoch: [95m144[0m - Loss: [93m    0.519180[0m
INFO -- Epoch: [95m145[0m - Loss: [93m    0.519180[0m
INFO -- Epoch: [95m146[0m - Loss: [93m    0.519180[0m
INFO -- Epoch: [95m147[0m - Loss: [93m    0.519180[0m
INFO -- Epoch: [95m148[0m - Loss: [93m    0.519180[0m
INFO -- Epoch: [95m149[0m - Loss: [93m    0.519180[0m
INFO -- Epoch: [95m150[0m - Loss: [93m    0.519180[0m
INFO -- Epoch: [95m151[0m - Loss: [93m    0.519180[0m
INFO -- Epoch: [95m152[0m - Loss: [93m    0.519180[0m
INFO -- Epoch: [95m153[0m - Loss: [93m    0.519180[0m
INFO -- Epoch: [95m154[0m - Loss: [93m    0.519179[0m
INFO -- Epoch: [95m155[0m - Loss: [93m    0.519179[0m
INFO -- Epoch: [95m156[0m - Loss: [93m    0.519179[0m
INFO -- Epoch: [95m157[0m - Loss: [93m    0.519179[0m
INFO -- Epoch: [95m158[0m - Loss: [93m    0.519179[0m
INFO -- Epoch: [95m159[0m - Loss: [93m    0.519179[0m
INFO -- Epoch: [95m160[0m - Loss: [93m    0.519179[0m
INFO -- Epoch: [95m161[0m - Loss: [93m    0.519179[0m
INFO -- Epoch: [95m162[0m - Loss: [93m    0.519179[0m
INFO -- Epoch: [95m163[0m - Loss: [93m    0.519179[0m
INFO -- Epoch: [95m164[0m - Loss: [93m    0.519179[0m
INFO -- Epoch: [95m165[0m - Loss: [93m    0.519179[0m
INFO -- Epoch: [95m166[0m - Loss: [93m    0.519179[0m
INFO -- Epoch: [95m167[0m - Loss: [93m    0.519179[0m
INFO -- Epoch: [95m168[0m - Loss: [93m    0.519178[0m
INFO -- Epoch: [95m169[0m - Loss: [93m    0.519178[0m
INFO -- Epoch: [95m170[0m - Loss: [93m    0.519178[0m
INFO -- Epoch: [95m171[0m - Loss: [93m    0.519178[0m
INFO -- Epoch: [95m172[0m - Loss: [93m    0.519178[0m
INFO -- Epoch: [95m173[0m - Loss: [93m    0.519178[0m
INFO -- Epoch: [95m174[0m - Loss: [93m    0.519178[0m
INFO -- Epoch: [95m175[0m - Loss: [93m    0.519178[0m
INFO -- Epoch: [95m176[0m - Loss: [93m    0.519178[0m
INFO -- Epoch: [95m177[0m - Loss: [93m    0.519178[0m
INFO -- Epoch: [95m178[0m - Loss: [93m    0.519178[0m
INFO -- Epoch: [95m179[0m - Loss: [93m    0.519178[0m
INFO -- Epoch: [95m180[0m - Loss: [93m    0.519178[0m
INFO -- Epoch: [95m181[0m - Loss: [93m    0.519177[0m
INFO -- Epoch: [95m182[0m - Loss: [93m    0.519177[0m
INFO -- Epoch: [95m183[0m - Loss: [93m    0.519177[0m
INFO -- Epoch: [95m184[0m - Loss: [93m    0.519177[0m
INFO -- Epoch: [95m185[0m - Loss: [93m    0.519177[0m
INFO -- Epoch: [95m186[0m - Loss: [93m    0.519177[0m
INFO -- Epoch: [95m187[0m - Loss: [93m    0.519177[0m
INFO -- Epoch: [95m188[0m - Loss: [93m    0.519177[0m
INFO -- Epoch: [95m189[0m - Loss: [93m    0.519177[0m
INFO -- Epoch: [95m190[0m - Loss: [93m    0.519177[0m
INFO -- Epoch: [95m191[0m - Loss: [93m    0.519177[0m
INFO -- Epoch: [95m192[0m - Loss: [93m    0.519177[0m
INFO -- Epoch: [95m193[0m - Loss: [93m    0.519177[0m
INFO -- Epoch: [95m194[0m - Loss: [93m    0.519177[0m
INFO -- Epoch: [95m195[0m - Loss: [93m    0.519177[0m
INFO -- Epoch: [95m196[0m - Loss: [93m    0.519176[0m
INFO -- Epoch: [95m197[0m - Loss: [93m    0.519176[0m
INFO -- Epoch: [95m198[0m - Loss: [93m    0.519176[0m
INFO -- Epoch: [95m199[0m - Loss: [93m    0.519176[0m
INFO -- Epoch: [95m200[0m - Loss: [93m    0.519176[0m
INFO -- Epoch: [95m201[0m - Loss: [93m    0.519176[0m
INFO -- Epoch: [95m202[0m - Loss: [93m    0.519176[0m
INFO -- Epoch: [95m203[0m - Loss: [93m    0.519176[0m
INFO -- Epoch: [95m204[0m - Loss: [93m    0.519176[0m
INFO -- Epoch: [95m205[0m - Loss: [93m    0.519176[0m
INFO -- Epoch: [95m206[0m - Loss: [93m    0.519176[0m
INFO -- Epoch: [95m207[0m - Loss: [93m    0.519176[0m
INFO -- Epoch: [95m208[0m - Loss: [93m    0.519176[0m
INFO -- Epoch: [95m209[0m - Loss: [93m    0.519176[0m
INFO -- Epoch: [95m210[0m - Loss: [93m    0.519175[0m
INFO -- Epoch: [95m211[0m - Loss: [93m    0.519175[0m
INFO -- Epoch: [95m212[0m - Loss: [93m    0.519175[0m
INFO -- Epoch: [95m213[0m - Loss: [93m    0.519175[0m
INFO -- Epoch: [95m214[0m - Loss: [93m    0.519175[0m
INFO -- Epoch: [95m215[0m - Loss: [93m    0.519175[0m
INFO -- Epoch: [95m216[0m - Loss: [93m    0.519175[0m
INFO -- Epoch: [95m217[0m - Loss: [93m    0.519175[0m
INFO -- Epoch: [95m218[0m - Loss: [93m    0.519175[0m
INFO -- Epoch: [95m219[0m - Loss: [93m    0.519175[0m
INFO -- Epoch: [95m220[0m - Loss: [93m    0.519175[0m
INFO -- Epoch: [95m221[0m - Loss: [93m    0.519175[0m
INFO -- Epoch: [95m222[0m - Loss: [93m    0.519175[0m
INFO -- Epoch: [95m223[0m - Loss: [93m    0.519175[0m
INFO -- Epoch: [95m224[0m - Loss: [93m    0.519174[0m
INFO -- Epoch: [95m225[0m - Loss: [93m    0.519174[0m
INFO -- Epoch: [95m226[0m - Loss: [93m    0.519174[0m
INFO -- Epoch: [95m227[0m - Loss: [93m    0.519174[0m
INFO -- Epoch: [95m228[0m - Loss: [93m    0.519174[0m
INFO -- Epoch: [95m229[0m - Loss: [93m    0.519174[0m
INFO -- Epoch: [95m230[0m - Loss: [93m    0.519174[0m
INFO -- Epoch: [95m231[0m - Loss: [93m    0.519174[0m
INFO -- Epoch: [95m232[0m - Loss: [93m    0.519174[0m
INFO -- Epoch: [95m233[0m - Loss: [93m    0.519174[0m
INFO -- Epoch: [95m234[0m - Loss: [93m    0.519174[0m
INFO -- Epoch: [95m235[0m - Loss: [93m    0.519174[0m
INFO -- Epoch: [95m236[0m - Loss: [93m    0.519174[0m
INFO -- Epoch: [95m237[0m - Loss: [93m    0.519174[0m
INFO -- Epoch: [95m238[0m - Loss: [93m    0.519173[0m
INFO -- Epoch: [95m239[0m - Loss: [93m    0.519173[0m
INFO -- Epoch: [95m240[0m - Loss: [93m    0.519173[0m
INFO -- Epoch: [95m241[0m - Loss: [93m    0.519173[0m
INFO -- Epoch: [95m242[0m - Loss: [93m    0.519173[0m
INFO -- Epoch: [95m243[0m - Loss: [93m    0.519173[0m
INFO -- Epoch: [95m244[0m - Loss: [93m    0.519173[0m
INFO -- Epoch: [95m245[0m - Loss: [93m    0.519173[0m
INFO -- Epoch: [95m246[0m - Loss: [93m    0.519173[0m
INFO -- Epoch: [95m247[0m - Loss: [93m    0.519173[0m
INFO -- Epoch: [95m248[0m - Loss: [93m    0.519173[0m
INFO -- Epoch: [95m249[0m - Loss: [93m    0.519173[0m
INFO -- Epoch: [95m250[0m - Loss: [93m    0.519172[0m
INFO -- Epoch: [95m251[0m - Loss: [93m    0.519172[0m
INFO -- Epoch: [95m252[0m - Loss: [93m    0.519172[0m
INFO -- Epoch: [95m253[0m - Loss: [93m    0.519172[0m
INFO -- Epoch: [95m254[0m - Loss: [93m    0.519172[0m
INFO -- Epoch: [95m255[0m - Loss: [93m    0.519172[0m
INFO -- Epoch: [95m256[0m - Loss: [93m    0.519172[0m
INFO -- Epoch: [95m257[0m - Loss: [93m    0.519172[0m
INFO -- Epoch: [95m258[0m - Loss: [93m    0.519172[0m
INFO -- Epoch: [95m259[0m - Loss: [93m    0.519172[0m
INFO -- Epoch: [95m260[0m - Loss: [93m    0.519172[0m
INFO -- Epoch: [95m261[0m - Loss: [93m    0.519172[0m
INFO -- Epoch: [95m262[0m - Loss: [93m    0.519172[0m
INFO -- Epoch: [95m263[0m - Loss: [93m    0.519171[0m
INFO -- Epoch: [95m264[0m - Loss: [93m    0.519171[0m
INFO -- Epoch: [95m265[0m - Loss: [93m    0.519171[0m
INFO -- Epoch: [95m266[0m - Loss: [93m    0.519171[0m
INFO -- Epoch: [95m267[0m - Loss: [93m    0.519171[0m
INFO -- Epoch: [95m268[0m - Loss: [93m    0.519171[0m
INFO -- Epoch: [95m269[0m - Loss: [93m    0.519171[0m
INFO -- Epoch: [95m270[0m - Loss: [93m    0.519171[0m
INFO -- Epoch: [95m271[0m - Loss: [93m    0.519171[0m
INFO -- Epoch: [95m272[0m - Loss: [93m    0.519171[0m
INFO -- Epoch: [95m273[0m - Loss: [93m    0.519171[0m
INFO -- Epoch: [95m274[0m - Loss: [93m    0.519171[0m
INFO -- Epoch: [95m275[0m - Loss: [93m    0.519171[0m
INFO -- Epoch: [95m276[0m - Loss: [93m    0.519171[0m
INFO -- Epoch: [95m277[0m - Loss: [93m    0.519170[0m
INFO -- Epoch: [95m278[0m - Loss: [93m    0.519170[0m
INFO -- Epoch: [95m279[0m - Loss: [93m    0.519170[0m
INFO -- Epoch: [95m280[0m - Loss: [93m    0.519170[0m
INFO -- Epoch: [95m281[0m - Loss: [93m    0.519170[0m
INFO -- Epoch: [95m282[0m - Loss: [93m    0.519170[0m
INFO -- Epoch: [95m283[0m - Loss: [93m    0.519170[0m
INFO -- Epoch: [95m284[0m - Loss: [93m    0.519170[0m
INFO -- Epoch: [95m285[0m - Loss: [93m    0.519170[0m
INFO -- Epoch: [95m286[0m - Loss: [93m    0.519170[0m
INFO -- Epoch: [95m287[0m - Loss: [93m    0.519170[0m
INFO -- Epoch: [95m288[0m - Loss: [93m    0.519170[0m
INFO -- Epoch: [95m289[0m - Loss: [93m    0.519169[0m
INFO -- Epoch: [95m290[0m - Loss: [93m    0.519169[0m
INFO -- Epoch: [95m291[0m - Loss: [93m    0.519169[0m
INFO -- Epoch: [95m292[0m - Loss: [93m    0.519169[0m
INFO -- Epoch: [95m293[0m - Loss: [93m    0.519169[0m
INFO -- Epoch: [95m294[0m - Loss: [93m    0.519169[0m
INFO -- Epoch: [95m295[0m - Loss: [93m    0.519169[0m
INFO -- Epoch: [95m296[0m - Loss: [93m    0.519169[0m
INFO -- Epoch: [95m297[0m - Loss: [93m    0.519169[0m
INFO -- Epoch: [95m298[0m - Loss: [93m    0.519169[0m
INFO -- Epoch: [95m299[0m - Loss: [93m    0.519169[0m
INFO -- Epoch: [95m300[0m - Loss: [93m    0.519169[0m
INFO -- Epoch: [95m301[0m - Loss: [93m    0.519168[0m
INFO -- Epoch: [95m302[0m - Loss: [93m    0.519168[0m
INFO -- Epoch: [95m303[0m - Loss: [93m    0.519168[0m
INFO -- Epoch: [95m304[0m - Loss: [93m    0.519168[0m
INFO -- Epoch: [95m305[0m - Loss: [93m    0.519168[0m
INFO -- Epoch: [95m306[0m - Loss: [93m    0.519168[0m
INFO -- Epoch: [95m307[0m - Loss: [93m    0.519168[0m
INFO -- Epoch: [95m308[0m - Loss: [93m    0.519168[0m
INFO -- Epoch: [95m309[0m - Loss: [93m    0.519168[0m
INFO -- Epoch: [95m310[0m - Loss: [93m    0.519168[0m
INFO -- Epoch: [95m311[0m - Loss: [93m    0.519168[0m
INFO -- Epoch: [95m312[0m - Loss: [93m    0.519168[0m
INFO -- Epoch: [95m313[0m - Loss: [93m    0.519167[0m
INFO -- Epoch: [95m314[0m - Loss: [93m    0.519167[0m
INFO -- Epoch: [95m315[0m - Loss: [93m    0.519167[0m
INFO -- Epoch: [95m316[0m - Loss: [93m    0.519167[0m
INFO -- Epoch: [95m317[0m - Loss: [93m    0.519167[0m
INFO -- Epoch: [95m318[0m - Loss: [93m    0.519167[0m
INFO -- Epoch: [95m319[0m - Loss: [93m    0.519167[0m
INFO -- Epoch: [95m320[0m - Loss: [93m    0.519167[0m
INFO -- Epoch: [95m321[0m - Loss: [93m    0.519167[0m
INFO -- Training interrupted by user at epoch [91m322[0m
INFO -- Creating plots and saving to files. Dimensions: 1
