INFO -- Device: cuda
INFO -- [92mOne dimentional problem[0m
INFO -- 
INFO -- ================================================================================
INFO -- Learning parameters
INFO -- Length:                                           [92m1.0[0m
INFO -- Total time:                                       [92m1.0[0m
INFO -- Number of points in x:                            [92m40[0m
INFO -- Number of points in initial condition:            [92m300[0m
INFO -- Weight for interior loss:                         [92m50.0[0m
INFO -- Weight for initial condition loss:                [92m0.5[0m
INFO -- Weight for boundary loss:                         [92m1.0[0m
INFO -- Layers:                                           [92m4[0m
INFO -- Neurons per layer:                                [92m20[0m
INFO -- Epochs:                                           [92m1[0m
INFO -- Learning rate:                                    [92m0.01[0m
INFO -- ================================================================================
INFO -- 
INFO -- Creating PINN with [92m4[0m layers and [92m20[0m neurons per layer
INFO -- Computing initial condition loss
INFO -- Training PINN for [93m1[0m epochs using [93mloss_fn_weak[0m loss function
DEBUG -- Loss weak components:
DEBUG -- dfdx(pinn, x, t, order=1).cuda(): tensor([[ 0.0909],
        [ 0.0013],
        [-0.0791],
        [-0.0288],
        [-0.0218],
        [-0.0455],
        [-0.0504],
        [-0.0002],
        [-0.0435],
        [-0.0421],
        [-0.0023],
        [-0.0384],
        [-0.1009],
        [ 0.0174],
        [ 0.0685],
        [ 0.0440],
        [ 0.0147],
        [-0.0433],
        [ 0.0052],
        [ 0.0167],
        [-0.0397],
        [-0.0260],
        [-0.0107],
        [-0.0975],
        [ 0.0341],
        [-0.0259],
        [-0.0592],
        [-0.0671],
        [ 0.0416],
        [ 0.0302],
        [ 0.0064],
        [-0.0087],
        [ 0.0042],
        [ 0.0361],
        [ 0.0431],
        [ 0.0437],
        [-0.0423],
        [-0.0605],
        [-0.0073],
        [ 0.0319]], device='cuda:0', grad_fn=<TransposeBackward0>)
DEBUG -- v: tensor([ -7.7791,   0.3615,   0.2679,   0.4523,   0.4332,   0.6716,   0.4332,
          0.8073,   0.7079,   0.6098,   0.7419,   0.6184,   0.2200,   0.4340,
          0.0590,   0.1614,   0.2965,   0.7518,   0.4157,   0.3580,   0.4362,
          0.1734,   0.8330,   0.2484,   0.4331,   0.4364,   0.4822,   0.6336,
          0.7019,   0.6761,   0.1774,   0.4349,   0.7687,   0.9131,   0.4487,
          0.7840,   0.2584,   0.7551,   0.4059, -10.6801], device='cuda:0')
DEBUG -- dfdx(pinn, x, t, order=1).cuda() * v: tensor([[-7.0698e-01,  3.2858e-02,  2.4343e-02,  ...,  6.8628e-02,
          3.6886e-02, -9.7064e-01],
        [-1.0254e-02,  4.7656e-04,  3.5306e-04,  ...,  9.9533e-04,
          5.3496e-04, -1.4077e-02],
        [ 6.1527e-01, -2.8596e-02, -2.1185e-02,  ..., -5.9725e-02,
         -3.2101e-02,  8.4472e-01],
        ...,
        [ 4.7042e-01, -2.1864e-02, -1.6198e-02,  ..., -4.5664e-02,
         -2.4543e-02,  6.4585e-01],
        [ 5.6767e-02, -2.6383e-03, -1.9546e-03,  ..., -5.5104e-03,
         -2.9617e-03,  7.7936e-02],
        [-2.4799e-01,  1.1526e-02,  8.5391e-03,  ...,  2.4073e-02,
          1.2939e-02, -3.4048e-01]], device='cuda:0', grad_fn=<MulBackward0>)
DEBUG -- eps_interior*dfdx(pinn, x, t, order=1): tensor([[ 9.0883e-03],
        [ 1.3181e-04],
        [-7.9093e-03],
        [-2.8793e-03],
        [-2.1759e-03],
        [-4.5535e-03],
        [-5.0373e-03],
        [-2.3908e-05],
        [-4.3471e-03],
        [-4.2135e-03],
        [-2.3037e-04],
        [-3.8366e-03],
        [-1.0089e-02],
        [ 1.7393e-03],
        [ 6.8470e-03],
        [ 4.4020e-03],
        [ 1.4724e-03],
        [-4.3282e-03],
        [ 5.1987e-04],
        [ 1.6667e-03],
        [-3.9710e-03],
        [-2.6046e-03],
        [-1.0688e-03],
        [-9.7464e-03],
        [ 3.4126e-03],
        [-2.5916e-03],
        [-5.9216e-03],
        [-6.7073e-03],
        [ 4.1594e-03],
        [ 3.0174e-03],
        [ 6.4164e-04],
        [-8.6996e-04],
        [ 4.1787e-04],
        [ 3.6057e-03],
        [ 4.3122e-03],
        [ 4.3693e-03],
        [-4.2312e-03],
        [-6.0472e-03],
        [-7.2973e-04],
        [ 3.1880e-03]], device='cuda:0', grad_fn=<MulBackward0>)
DEBUG -- v_deriv_x: tensor([[2753.8525],
        [ 249.1233],
        [ 360.8515],
        [ -78.7486],
        [ -30.7610],
        [ 283.9227],
        [  43.5377],
        [-168.1514],
        [ -65.5305],
        [ -46.9243],
        [ 120.2629],
        [ 499.2178],
        [ 246.6614],
        [ 585.4992],
        [ 526.7071],
        [-515.2468],
        [ 420.6008],
        [-143.0977],
        [ 541.6456],
        [ 444.9785],
        [ 246.5162],
        [-192.9414],
        [  97.9116],
        [ -22.9105],
        [ 455.5936],
        [-562.5556],
        [ -59.5412],
        [-156.8897],
        [-809.4132],
        [-180.7068],
        [-424.5859],
        [ -81.8910],
        [ 432.2845],
        [-601.3831],
        [ 208.0933],
        [-514.6634],
        [ 306.5095],
        [-548.9988],
        [  50.4676],
        [   0.0000]], device='cuda:0')
DEBUG -- eps_interior*dfdx(pinn, x, t, order=1) * v_deriv_x: tensor([[ 2.5028e+01],
        [ 3.2837e-02],
        [-2.8541e+00],
        [ 2.2674e-01],
        [ 6.6932e-02],
        [-1.2929e+00],
        [-2.1931e-01],
        [ 4.0201e-03],
        [ 2.8487e-01],
        [ 1.9772e-01],
        [-2.7705e-02],
        [-1.9153e+00],
        [-2.4885e+00],
        [ 1.0184e+00],
        [ 3.6064e+00],
        [-2.2681e+00],
        [ 6.1929e-01],
        [ 6.1935e-01],
        [ 2.8159e-01],
        [ 7.4166e-01],
        [-9.7891e-01],
        [ 5.0254e-01],
        [-1.0465e-01],
        [ 2.2330e-01],
        [ 1.5548e+00],
        [ 1.4579e+00],
        [ 3.5258e-01],
        [ 1.0523e+00],
        [-3.3667e+00],
        [-5.4526e-01],
        [-2.7243e-01],
        [ 7.1242e-02],
        [ 1.8064e-01],
        [-2.1684e+00],
        [ 8.9734e-01],
        [-2.2487e+00],
        [-1.2969e+00],
        [ 3.3199e+00],
        [-3.6828e-02],
        [ 0.0000e+00]], device='cuda:0', grad_fn=<MulBackward0>)
DEBUG -- Loss weak: tensor([ 2.4424e+01,  3.2331e-02, -2.8016e+00,  2.1418e-01,  6.0051e-02,
        -1.2714e+00, -2.2588e-01,  3.8624e-03,  2.6734e-01,  1.8269e-01,
        -2.7563e-02, -1.8766e+00, -2.4504e+00,  9.9706e-01,  3.5326e+00,
        -2.2009e+00,  6.0733e-01,  5.9351e-01,  2.7579e-01,  7.2711e-01,
        -9.6394e-01,  4.8374e-01, -1.0459e-01,  1.9439e-01,  1.5241e+00,
         1.4152e+00,  3.2959e-01,  1.0100e+00, -3.2725e+00, -5.2441e-01,
        -2.6409e-01,  6.7379e-02,  1.7712e-01, -2.1056e+00,  8.8523e-01,
        -2.1821e+00, -1.2746e+00,  3.2224e+00, -3.7654e-02,  7.6293e-03],
       device='cuda:0', grad_fn=<MulBackward1>)
INFO -- Training took [92m1.66[0m seconds
INFO -- Creating plots and saving to files. Dimensions: 1
