INFO -- Device: cuda
INFO -- [92mOne dimentional problem[0m
INFO -- 
INFO -- ================================================================================
INFO -- Learning parameters
INFO -- Length:                                           [92m1.0[0m
INFO -- Total time:                                       [92m1.0[0m
INFO -- Number of points in x:                            [92m10[0m
INFO -- Number of points in initial condition:            [92m300[0m
INFO -- Weight for interior loss:                         [92m1.0[0m
INFO -- Weight for initial condition loss:                [92m1.0[0m
INFO -- Weight for boundary loss:                         [92m1.0[0m
INFO -- Layers:                                           [92m5[0m
INFO -- Neurons per layer:                                [92m20[0m
INFO -- Epochs:                                           [92m100[0m
INFO -- Learning rate:                                    [92m0.01[0m
INFO -- ================================================================================
INFO -- 
INFO -- Creating PINN with [92m5[0m layers and [92m20[0m neurons per layer
INFO -- Training PINN for [93m100[0m epochs using [93mloss_fn_strong[0m loss function
INFO -- Training took [92m3.84[0m seconds
INFO -- Creating plots and saving to files. Dimensions: 1
