INFO -- Device: cuda
INFO -- 
INFO -- ================================================================================
INFO -- Learning parameters
INFO -- Length:                                           [92m1.0[0m
INFO -- Total time:                                       [92m1.0[0m
INFO -- Number of points in x:                            [92m150[0m
INFO -- Number of points in initial condition:            [92m300[0m
INFO -- Weight for interior loss:                         [92m0.5[0m
INFO -- Weight for initial condition loss:                [92m150.0[0m
INFO -- Weight for boundary loss:                         [92m1.0[0m
INFO -- Layers:                                           [92m8[0m
INFO -- Neurons per layer:                                [92m60[0m
INFO -- Epochs:                                           [92m50000[0m
INFO -- Learning rate:                                    [92m0.0025[0m
INFO -- ================================================================================
INFO -- 
INFO -- Creating PINN with [92m8[0m layers and [92m60[0m neurons per layer
INFO -- Computing initial condition loss
INFO -- Training PINN for [93m50000[0m epochs using [93mloss_fn_weak_and_strong[0m loss function
INFO -- Epoch: [95m1[0m - Loss: [93m    2.452915[0m
INFO -- Epoch: [95m2[0m - Loss: [93m    2.575708[0m
INFO -- Epoch: [95m3[0m - Loss: [93m    1.577684[0m
INFO -- Epoch: [95m4[0m - Loss: [93m    1.852205[0m
INFO -- Epoch: [95m5[0m - Loss: [93m    1.422755[0m
INFO -- Epoch: [95m6[0m - Loss: [93m    1.346918[0m
INFO -- Epoch: [95m7[0m - Loss: [93m    1.378139[0m
INFO -- Epoch: [95m8[0m - Loss: [93m    1.245644[0m
INFO -- Epoch: [95m9[0m - Loss: [93m    1.108552[0m
INFO -- Epoch: [95m10[0m - Loss: [93m    1.076667[0m
INFO -- Epoch: [95m11[0m - Loss: [93m    1.063205[0m
INFO -- Epoch: [95m12[0m - Loss: [93m    0.964017[0m
INFO -- Epoch: [95m13[0m - Loss: [93m    0.852195[0m
INFO -- Epoch: [95m14[0m - Loss: [93m    0.800355[0m
INFO -- Epoch: [95m15[0m - Loss: [93m    0.787805[0m
INFO -- Epoch: [95m16[0m - Loss: [93m    0.747044[0m
INFO -- Epoch: [95m17[0m - Loss: [93m    0.671158[0m
INFO -- Epoch: [95m18[0m - Loss: [93m    0.616793[0m
INFO -- Epoch: [95m19[0m - Loss: [93m    0.613904[0m
INFO -- Epoch: [95m20[0m - Loss: [93m    0.620701[0m
INFO -- Epoch: [95m21[0m - Loss: [93m    0.592871[0m
INFO -- Epoch: [95m22[0m - Loss: [93m    0.566005[0m
INFO -- Epoch: [95m23[0m - Loss: [93m    0.575341[0m
INFO -- Epoch: [95m24[0m - Loss: [93m    0.597054[0m
INFO -- Epoch: [95m25[0m - Loss: [93m    0.597463[0m
INFO -- Epoch: [95m26[0m - Loss: [93m    0.583205[0m
INFO -- Epoch: [95m27[0m - Loss: [93m    0.576473[0m
INFO -- Epoch: [95m28[0m - Loss: [93m    0.580765[0m
INFO -- Epoch: [95m29[0m - Loss: [93m    0.583442[0m
INFO -- Epoch: [95m30[0m - Loss: [93m    0.576698[0m
INFO -- Epoch: [95m31[0m - Loss: [93m    0.566270[0m
INFO -- Epoch: [95m32[0m - Loss: [93m    0.560466[0m
INFO -- Epoch: [95m33[0m - Loss: [93m    0.561111[0m
INFO -- Epoch: [95m34[0m - Loss: [93m    0.564455[0m
INFO -- Epoch: [95m35[0m - Loss: [93m    0.566062[0m
INFO -- Epoch: [95m36[0m - Loss: [93m    0.564801[0m
INFO -- Epoch: [95m37[0m - Loss: [93m    0.562642[0m
INFO -- Epoch: [95m38[0m - Loss: [93m    0.561560[0m
INFO -- Epoch: [95m39[0m - Loss: [93m    0.561735[0m
INFO -- Epoch: [95m40[0m - Loss: [93m    0.562072[0m
INFO -- Epoch: [95m41[0m - Loss: [93m    0.561542[0m
INFO -- Epoch: [95m42[0m - Loss: [93m    0.559993[0m
INFO -- Epoch: [95m43[0m - Loss: [93m    0.558030[0m
INFO -- Epoch: [95m44[0m - Loss: [93m    0.556403[0m
INFO -- Epoch: [95m45[0m - Loss: [93m    0.555545[0m
INFO -- Epoch: [95m46[0m - Loss: [93m    0.555481[0m
INFO -- Epoch: [95m47[0m - Loss: [93m    0.555971[0m
INFO -- Epoch: [95m48[0m - Loss: [93m    0.556679[0m
INFO -- Epoch: [95m49[0m - Loss: [93m    0.557305[0m
INFO -- Epoch: [95m50[0m - Loss: [93m    0.557655[0m
INFO -- Epoch: [95m51[0m - Loss: [93m    0.557666[0m
INFO -- Epoch: [95m52[0m - Loss: [93m    0.557393[0m
INFO -- Epoch: [95m53[0m - Loss: [93m    0.556963[0m
INFO -- Epoch: [95m54[0m - Loss: [93m    0.556520[0m
INFO -- Epoch: [95m55[0m - Loss: [93m    0.556178[0m
INFO -- Epoch: [95m56[0m - Loss: [93m    0.555991[0m
INFO -- Epoch: [95m57[0m - Loss: [93m    0.555953[0m
INFO -- Epoch: [95m58[0m - Loss: [93m    0.556010[0m
INFO -- Epoch: [95m59[0m - Loss: [93m    0.556094[0m
INFO -- Epoch: [95m60[0m - Loss: [93m    0.556150[0m
INFO -- Epoch: [95m61[0m - Loss: [93m    0.556147[0m
INFO -- Epoch: [95m62[0m - Loss: [93m    0.556086[0m
INFO -- Epoch: [95m63[0m - Loss: [93m    0.555983[0m
INFO -- Epoch: [95m64[0m - Loss: [93m    0.555863[0m
INFO -- Epoch: [95m65[0m - Loss: [93m    0.555750[0m
INFO -- Epoch: [95m66[0m - Loss: [93m    0.555658[0m
INFO -- Epoch: [95m67[0m - Loss: [93m    0.555594[0m
INFO -- Epoch: [95m68[0m - Loss: [93m    0.555559[0m
INFO -- Epoch: [95m69[0m - Loss: [93m    0.555545[0m
INFO -- Epoch: [95m70[0m - Loss: [93m    0.555545[0m
INFO -- Epoch: [95m71[0m - Loss: [93m    0.555548[0m
INFO -- Epoch: [95m72[0m - Loss: [93m    0.555548[0m
INFO -- Epoch: [95m73[0m - Loss: [93m    0.555538[0m
INFO -- Epoch: [95m74[0m - Loss: [93m    0.555520[0m
INFO -- Epoch: [95m75[0m - Loss: [93m    0.555495[0m
INFO -- Epoch: [95m76[0m - Loss: [93m    0.555470[0m
INFO -- Epoch: [95m77[0m - Loss: [93m    0.555449[0m
INFO -- Epoch: [95m78[0m - Loss: [93m    0.555437[0m
INFO -- Epoch: [95m79[0m - Loss: [93m    0.555434[0m
INFO -- Epoch: [95m80[0m - Loss: [93m    0.555439[0m
INFO -- Epoch: [95m81[0m - Loss: [93m    0.555448[0m
INFO -- Epoch: [95m82[0m - Loss: [93m    0.555456[0m
INFO -- Epoch: [95m83[0m - Loss: [93m    0.555460[0m
INFO -- Epoch: [95m84[0m - Loss: [93m    0.555459[0m
INFO -- Epoch: [95m85[0m - Loss: [93m    0.555452[0m
INFO -- Epoch: [95m86[0m - Loss: [93m    0.555443[0m
INFO -- Epoch: [95m87[0m - Loss: [93m    0.555433[0m
INFO -- Epoch: [95m88[0m - Loss: [93m    0.555425[0m
INFO -- Epoch: [95m89[0m - Loss: [93m    0.555420[0m
INFO -- Epoch: [95m90[0m - Loss: [93m    0.555419[0m
INFO -- Epoch: [95m91[0m - Loss: [93m    0.555420[0m
INFO -- Epoch: [95m92[0m - Loss: [93m    0.555422[0m
INFO -- Epoch: [95m93[0m - Loss: [93m    0.555424[0m
INFO -- Epoch: [95m94[0m - Loss: [93m    0.555425[0m
INFO -- Epoch: [95m95[0m - Loss: [93m    0.555423[0m
INFO -- Epoch: [95m96[0m - Loss: [93m    0.555419[0m
INFO -- Epoch: [95m97[0m - Loss: [93m    0.555414[0m
INFO -- Epoch: [95m98[0m - Loss: [93m    0.555409[0m
INFO -- Epoch: [95m99[0m - Loss: [93m    0.555405[0m
INFO -- Epoch: [95m100[0m - Loss: [93m    0.555402[0m
INFO -- Epoch: [95m101[0m - Loss: [93m    0.555402[0m
INFO -- Epoch: [95m102[0m - Loss: [93m    0.555402[0m
INFO -- Epoch: [95m103[0m - Loss: [93m    0.555403[0m
INFO -- Epoch: [95m104[0m - Loss: [93m    0.555405[0m
INFO -- Epoch: [95m105[0m - Loss: [93m    0.555405[0m
INFO -- Epoch: [95m106[0m - Loss: [93m    0.555405[0m
INFO -- Epoch: [95m107[0m - Loss: [93m    0.555404[0m
INFO -- Epoch: [95m108[0m - Loss: [93m    0.555403[0m
INFO -- Epoch: [95m109[0m - Loss: [93m    0.555401[0m
INFO -- Epoch: [95m110[0m - Loss: [93m    0.555400[0m
INFO -- Epoch: [95m111[0m - Loss: [93m    0.555400[0m
INFO -- Epoch: [95m112[0m - Loss: [93m    0.555400[0m
INFO -- Epoch: [95m113[0m - Loss: [93m    0.555400[0m
INFO -- Epoch: [95m114[0m - Loss: [93m    0.555401[0m
INFO -- Epoch: [95m115[0m - Loss: [93m    0.555402[0m
INFO -- Epoch: [95m116[0m - Loss: [93m    0.555402[0m
INFO -- Epoch: [95m117[0m - Loss: [93m    0.555402[0m
INFO -- Epoch: [95m118[0m - Loss: [93m    0.555402[0m
INFO -- Epoch: [95m119[0m - Loss: [93m    0.555401[0m
INFO -- Epoch: [95m120[0m - Loss: [93m    0.555400[0m
INFO -- Epoch: [95m121[0m - Loss: [93m    0.555400[0m
INFO -- Epoch: [95m122[0m - Loss: [93m    0.555400[0m
INFO -- Epoch: [95m123[0m - Loss: [93m    0.555400[0m
INFO -- Epoch: [95m124[0m - Loss: [93m    0.555400[0m
INFO -- Epoch: [95m125[0m - Loss: [93m    0.555400[0m
INFO -- Epoch: [95m126[0m - Loss: [93m    0.555400[0m
INFO -- Epoch: [95m127[0m - Loss: [93m    0.555400[0m
INFO -- Epoch: [95m128[0m - Loss: [93m    0.555400[0m
INFO -- Epoch: [95m129[0m - Loss: [93m    0.555400[0m
INFO -- Epoch: [95m130[0m - Loss: [93m    0.555400[0m
INFO -- Epoch: [95m131[0m - Loss: [93m    0.555399[0m
INFO -- Epoch: [95m132[0m - Loss: [93m    0.555399[0m
INFO -- Epoch: [95m133[0m - Loss: [93m    0.555399[0m
INFO -- Epoch: [95m134[0m - Loss: [93m    0.555399[0m
INFO -- Epoch: [95m135[0m - Loss: [93m    0.555399[0m
INFO -- Epoch: [95m136[0m - Loss: [93m    0.555399[0m
INFO -- Epoch: [95m137[0m - Loss: [93m    0.555399[0m
INFO -- Epoch: [95m138[0m - Loss: [93m    0.555399[0m
INFO -- Epoch: [95m139[0m - Loss: [93m    0.555399[0m
INFO -- Epoch: [95m140[0m - Loss: [93m    0.555399[0m
INFO -- Epoch: [95m141[0m - Loss: [93m    0.555399[0m
INFO -- Epoch: [95m142[0m - Loss: [93m    0.555399[0m
INFO -- Epoch: [95m143[0m - Loss: [93m    0.555399[0m
INFO -- Epoch: [95m144[0m - Loss: [93m    0.555399[0m
INFO -- Epoch: [95m145[0m - Loss: [93m    0.555399[0m
INFO -- Epoch: [95m146[0m - Loss: [93m    0.555399[0m
INFO -- Epoch: [95m147[0m - Loss: [93m    0.555399[0m
INFO -- Epoch: [95m148[0m - Loss: [93m    0.555399[0m
INFO -- Epoch: [95m149[0m - Loss: [93m    0.555399[0m
INFO -- Epoch: [95m150[0m - Loss: [93m    0.555399[0m
INFO -- Epoch: [95m151[0m - Loss: [93m    0.555399[0m
INFO -- Epoch: [95m152[0m - Loss: [93m    0.555399[0m
INFO -- Epoch: [95m153[0m - Loss: [93m    0.555399[0m
INFO -- Epoch: [95m154[0m - Loss: [93m    0.555399[0m
INFO -- Epoch: [95m155[0m - Loss: [93m    0.555399[0m
INFO -- Epoch: [95m156[0m - Loss: [93m    0.555399[0m
INFO -- Epoch: [95m157[0m - Loss: [93m    0.555399[0m
INFO -- Epoch: [95m158[0m - Loss: [93m    0.555399[0m
INFO -- Epoch: [95m159[0m - Loss: [93m    0.555399[0m
INFO -- Epoch: [95m160[0m - Loss: [93m    0.555399[0m
INFO -- Epoch: [95m161[0m - Loss: [93m    0.555399[0m
INFO -- Epoch: [95m162[0m - Loss: [93m    0.555399[0m
INFO -- Epoch: [95m163[0m - Loss: [93m    0.555399[0m
INFO -- Epoch: [95m164[0m - Loss: [93m    0.555399[0m
INFO -- Epoch: [95m165[0m - Loss: [93m    0.555399[0m
INFO -- Epoch: [95m166[0m - Loss: [93m    0.555399[0m
INFO -- Epoch: [95m167[0m - Loss: [93m    0.555399[0m
INFO -- Epoch: [95m168[0m - Loss: [93m    0.555399[0m
INFO -- Epoch: [95m169[0m - Loss: [93m    0.555399[0m
INFO -- Epoch: [95m170[0m - Loss: [93m    0.555399[0m
INFO -- Epoch: [95m171[0m - Loss: [93m    0.555399[0m
INFO -- Epoch: [95m172[0m - Loss: [93m    0.555399[0m
INFO -- Epoch: [95m173[0m - Loss: [93m    0.555399[0m
INFO -- Epoch: [95m174[0m - Loss: [93m    0.555399[0m
INFO -- Epoch: [95m175[0m - Loss: [93m    0.555399[0m
INFO -- Epoch: [95m176[0m - Loss: [93m    0.555399[0m
INFO -- Epoch: [95m177[0m - Loss: [93m    0.555399[0m
INFO -- Epoch: [95m178[0m - Loss: [93m    0.555399[0m
INFO -- Epoch: [95m179[0m - Loss: [93m    0.555399[0m
INFO -- Epoch: [95m180[0m - Loss: [93m    0.555399[0m
INFO -- Epoch: [95m181[0m - Loss: [93m    0.555399[0m
INFO -- Epoch: [95m182[0m - Loss: [93m    0.555399[0m
INFO -- Epoch: [95m183[0m - Loss: [93m    0.555399[0m
INFO -- Epoch: [95m184[0m - Loss: [93m    0.555399[0m
INFO -- Epoch: [95m185[0m - Loss: [93m    0.555399[0m
INFO -- Epoch: [95m186[0m - Loss: [93m    0.555399[0m
INFO -- Epoch: [95m187[0m - Loss: [93m    0.555399[0m
INFO -- Epoch: [95m188[0m - Loss: [93m    0.555399[0m
INFO -- Epoch: [95m189[0m - Loss: [93m    0.555399[0m
INFO -- Epoch: [95m190[0m - Loss: [93m    0.555399[0m
INFO -- Epoch: [95m191[0m - Loss: [93m    0.555399[0m
INFO -- Epoch: [95m192[0m - Loss: [93m    0.555399[0m
INFO -- Epoch: [95m193[0m - Loss: [93m    0.555399[0m
INFO -- Epoch: [95m194[0m - Loss: [93m    0.555399[0m
INFO -- Epoch: [95m195[0m - Loss: [93m    0.555399[0m
INFO -- Epoch: [95m196[0m - Loss: [93m    0.555399[0m
INFO -- Epoch: [95m197[0m - Loss: [93m    0.555399[0m
INFO -- Epoch: [95m198[0m - Loss: [93m    0.555399[0m
INFO -- Epoch: [95m199[0m - Loss: [93m    0.555399[0m
INFO -- Epoch: [95m200[0m - Loss: [93m    0.555399[0m
INFO -- Epoch: [95m201[0m - Loss: [93m    0.555399[0m
INFO -- Epoch: [95m202[0m - Loss: [93m    0.555399[0m
INFO -- Epoch: [95m203[0m - Loss: [93m    0.555399[0m
INFO -- Epoch: [95m204[0m - Loss: [93m    0.555399[0m
INFO -- Epoch: [95m205[0m - Loss: [93m    0.555399[0m
INFO -- Epoch: [95m206[0m - Loss: [93m    0.555399[0m
INFO -- Epoch: [95m207[0m - Loss: [93m    0.555399[0m
INFO -- Epoch: [95m208[0m - Loss: [93m    0.555399[0m
INFO -- Epoch: [95m209[0m - Loss: [93m    0.555399[0m
INFO -- Epoch: [95m210[0m - Loss: [93m    0.555399[0m
INFO -- Epoch: [95m211[0m - Loss: [93m    0.555399[0m
INFO -- Epoch: [95m212[0m - Loss: [93m    0.555399[0m
INFO -- Epoch: [95m213[0m - Loss: [93m    0.555399[0m
INFO -- Epoch: [95m214[0m - Loss: [93m    0.555399[0m
INFO -- Epoch: [95m215[0m - Loss: [93m    0.555399[0m
INFO -- Epoch: [95m216[0m - Loss: [93m    0.555399[0m
INFO -- Epoch: [95m217[0m - Loss: [93m    0.555399[0m
INFO -- Epoch: [95m218[0m - Loss: [93m    0.555399[0m
INFO -- Epoch: [95m219[0m - Loss: [93m    0.555399[0m
INFO -- Epoch: [95m220[0m - Loss: [93m    0.555399[0m
INFO -- Epoch: [95m221[0m - Loss: [93m    0.555399[0m
INFO -- Epoch: [95m222[0m - Loss: [93m    0.555399[0m
INFO -- Epoch: [95m223[0m - Loss: [93m    0.555399[0m
INFO -- Epoch: [95m224[0m - Loss: [93m    0.555399[0m
INFO -- Epoch: [95m225[0m - Loss: [93m    0.555399[0m
INFO -- Epoch: [95m226[0m - Loss: [93m    0.555399[0m
INFO -- Epoch: [95m227[0m - Loss: [93m    0.555399[0m
INFO -- Epoch: [95m228[0m - Loss: [93m    0.555399[0m
INFO -- Epoch: [95m229[0m - Loss: [93m    0.555399[0m
INFO -- Epoch: [95m230[0m - Loss: [93m    0.555399[0m
INFO -- Epoch: [95m231[0m - Loss: [93m    0.555399[0m
INFO -- Epoch: [95m232[0m - Loss: [93m    0.555399[0m
INFO -- Epoch: [95m233[0m - Loss: [93m    0.555399[0m
INFO -- Epoch: [95m234[0m - Loss: [93m    0.555399[0m
INFO -- Epoch: [95m235[0m - Loss: [93m    0.555399[0m
INFO -- Epoch: [95m236[0m - Loss: [93m    0.555399[0m
INFO -- Epoch: [95m237[0m - Loss: [93m    0.555399[0m
INFO -- Epoch: [95m238[0m - Loss: [93m    0.555399[0m
INFO -- Epoch: [95m239[0m - Loss: [93m    0.555399[0m
INFO -- Epoch: [95m240[0m - Loss: [93m    0.555399[0m
INFO -- Epoch: [95m241[0m - Loss: [93m    0.555399[0m
INFO -- Epoch: [95m242[0m - Loss: [93m    0.555399[0m
INFO -- Epoch: [95m243[0m - Loss: [93m    0.555399[0m
INFO -- Epoch: [95m244[0m - Loss: [93m    0.555399[0m
INFO -- Epoch: [95m245[0m - Loss: [93m    0.555399[0m
INFO -- Epoch: [95m246[0m - Loss: [93m    0.555399[0m
INFO -- Epoch: [95m247[0m - Loss: [93m    0.555399[0m
INFO -- Epoch: [95m248[0m - Loss: [93m    0.555399[0m
INFO -- Epoch: [95m249[0m - Loss: [93m    0.555399[0m
INFO -- Epoch: [95m250[0m - Loss: [93m    0.555399[0m
INFO -- Epoch: [95m251[0m - Loss: [93m    0.555399[0m
INFO -- Epoch: [95m252[0m - Loss: [93m    0.555399[0m
INFO -- Epoch: [95m253[0m - Loss: [93m    0.555399[0m
INFO -- Epoch: [95m254[0m - Loss: [93m    0.555399[0m
INFO -- Epoch: [95m255[0m - Loss: [93m    0.555399[0m
INFO -- Epoch: [95m256[0m - Loss: [93m    0.555399[0m
INFO -- Epoch: [95m257[0m - Loss: [93m    0.555399[0m
INFO -- Epoch: [95m258[0m - Loss: [93m    0.555399[0m
INFO -- Epoch: [95m259[0m - Loss: [93m    0.555399[0m
INFO -- Epoch: [95m260[0m - Loss: [93m    0.555399[0m
INFO -- Epoch: [95m261[0m - Loss: [93m    0.555399[0m
INFO -- Epoch: [95m262[0m - Loss: [93m    0.555399[0m
INFO -- Epoch: [95m263[0m - Loss: [93m    0.555399[0m
INFO -- Epoch: [95m264[0m - Loss: [93m    0.555399[0m
INFO -- Epoch: [95m265[0m - Loss: [93m    0.555399[0m
INFO -- Epoch: [95m266[0m - Loss: [93m    0.555399[0m
INFO -- Epoch: [95m267[0m - Loss: [93m    0.555399[0m
INFO -- Epoch: [95m268[0m - Loss: [93m    0.555399[0m
INFO -- Epoch: [95m269[0m - Loss: [93m    0.555399[0m
INFO -- Epoch: [95m270[0m - Loss: [93m    0.555399[0m
INFO -- Epoch: [95m271[0m - Loss: [93m    0.555399[0m
INFO -- Epoch: [95m272[0m - Loss: [93m    0.555399[0m
INFO -- Epoch: [95m273[0m - Loss: [93m    0.555399[0m
INFO -- Epoch: [95m274[0m - Loss: [93m    0.555399[0m
INFO -- Epoch: [95m275[0m - Loss: [93m    0.555399[0m
INFO -- Epoch: [95m276[0m - Loss: [93m    0.555399[0m
INFO -- Epoch: [95m277[0m - Loss: [93m    0.555399[0m
INFO -- Epoch: [95m278[0m - Loss: [93m    0.555399[0m
INFO -- Epoch: [95m279[0m - Loss: [93m    0.555399[0m
INFO -- Epoch: [95m280[0m - Loss: [93m    0.555399[0m
INFO -- Epoch: [95m281[0m - Loss: [93m    0.555399[0m
INFO -- Epoch: [95m282[0m - Loss: [93m    0.555399[0m
INFO -- Epoch: [95m283[0m - Loss: [93m    0.555399[0m
INFO -- Epoch: [95m284[0m - Loss: [93m    0.555399[0m
INFO -- Epoch: [95m285[0m - Loss: [93m    0.555399[0m
INFO -- Epoch: [95m286[0m - Loss: [93m    0.555399[0m
INFO -- Epoch: [95m287[0m - Loss: [93m    0.555399[0m
INFO -- Epoch: [95m288[0m - Loss: [93m    0.555399[0m
INFO -- Epoch: [95m289[0m - Loss: [93m    0.555399[0m
INFO -- Epoch: [95m290[0m - Loss: [93m    0.555399[0m
INFO -- Epoch: [95m291[0m - Loss: [93m    0.555399[0m
INFO -- Epoch: [95m292[0m - Loss: [93m    0.555399[0m
INFO -- Epoch: [95m293[0m - Loss: [93m    0.555399[0m
INFO -- Epoch: [95m294[0m - Loss: [93m    0.555399[0m
INFO -- Epoch: [95m295[0m - Loss: [93m    0.555399[0m
INFO -- Epoch: [95m296[0m - Loss: [93m    0.555399[0m
INFO -- Epoch: [95m297[0m - Loss: [93m    0.555399[0m
INFO -- Epoch: [95m298[0m - Loss: [93m    0.555399[0m
INFO -- Epoch: [95m299[0m - Loss: [93m    0.555399[0m
INFO -- Epoch: [95m300[0m - Loss: [93m    0.555399[0m
INFO -- Epoch: [95m301[0m - Loss: [93m    0.555399[0m
INFO -- Epoch: [95m302[0m - Loss: [93m    0.555399[0m
INFO -- Epoch: [95m303[0m - Loss: [93m    0.555399[0m
INFO -- Epoch: [95m304[0m - Loss: [93m    0.555399[0m
INFO -- Epoch: [95m305[0m - Loss: [93m    0.555399[0m
INFO -- Epoch: [95m306[0m - Loss: [93m    0.555399[0m
INFO -- Epoch: [95m307[0m - Loss: [93m    0.555399[0m
INFO -- Epoch: [95m308[0m - Loss: [93m    0.555399[0m
INFO -- Epoch: [95m309[0m - Loss: [93m    0.555399[0m
INFO -- Epoch: [95m310[0m - Loss: [93m    0.555399[0m
INFO -- Epoch: [95m311[0m - Loss: [93m    0.555399[0m
INFO -- Epoch: [95m312[0m - Loss: [93m    0.555399[0m
INFO -- Epoch: [95m313[0m - Loss: [93m    0.555399[0m
INFO -- Epoch: [95m314[0m - Loss: [93m    0.555399[0m
INFO -- Epoch: [95m315[0m - Loss: [93m    0.555399[0m
INFO -- Epoch: [95m316[0m - Loss: [93m    0.555399[0m
INFO -- Epoch: [95m317[0m - Loss: [93m    0.555399[0m
INFO -- Epoch: [95m318[0m - Loss: [93m    0.555399[0m
INFO -- Epoch: [95m319[0m - Loss: [93m    0.555399[0m
INFO -- Epoch: [95m320[0m - Loss: [93m    0.555399[0m
INFO -- Epoch: [95m321[0m - Loss: [93m    0.555399[0m
INFO -- Epoch: [95m322[0m - Loss: [93m    0.555399[0m
INFO -- Epoch: [95m323[0m - Loss: [93m    0.555399[0m
INFO -- Epoch: [95m324[0m - Loss: [93m    0.555399[0m
INFO -- Epoch: [95m325[0m - Loss: [93m    0.555399[0m
INFO -- Epoch: [95m326[0m - Loss: [93m    0.555399[0m
INFO -- Epoch: [95m327[0m - Loss: [93m    0.555399[0m
INFO -- Epoch: [95m328[0m - Loss: [93m    0.555399[0m
INFO -- Epoch: [95m329[0m - Loss: [93m    0.555399[0m
INFO -- Epoch: [95m330[0m - Loss: [93m    0.555399[0m
INFO -- Epoch: [95m331[0m - Loss: [93m    0.555399[0m
INFO -- Epoch: [95m332[0m - Loss: [93m    0.555399[0m
INFO -- Epoch: [95m333[0m - Loss: [93m    0.555399[0m
INFO -- Epoch: [95m334[0m - Loss: [93m    0.555399[0m
INFO -- Epoch: [95m335[0m - Loss: [93m    0.555399[0m
INFO -- Epoch: [95m336[0m - Loss: [93m    0.555399[0m
INFO -- Epoch: [95m337[0m - Loss: [93m    0.555399[0m
INFO -- Epoch: [95m338[0m - Loss: [93m    0.555399[0m
INFO -- Epoch: [95m339[0m - Loss: [93m    0.555399[0m
INFO -- Epoch: [95m340[0m - Loss: [93m    0.555399[0m
INFO -- Epoch: [95m341[0m - Loss: [93m    0.555399[0m
INFO -- Epoch: [95m342[0m - Loss: [93m    0.555399[0m
INFO -- Epoch: [95m343[0m - Loss: [93m    0.555399[0m
INFO -- Epoch: [95m344[0m - Loss: [93m    0.555399[0m
INFO -- Epoch: [95m345[0m - Loss: [93m    0.555399[0m
INFO -- Epoch: [95m346[0m - Loss: [93m    0.555399[0m
INFO -- Epoch: [95m347[0m - Loss: [93m    0.555399[0m
INFO -- Epoch: [95m348[0m - Loss: [93m    0.555399[0m
INFO -- Epoch: [95m349[0m - Loss: [93m    0.555399[0m
INFO -- Epoch: [95m350[0m - Loss: [93m    0.555399[0m
INFO -- Epoch: [95m351[0m - Loss: [93m    0.555399[0m
INFO -- Epoch: [95m352[0m - Loss: [93m    0.555399[0m
INFO -- Epoch: [95m353[0m - Loss: [93m    0.555399[0m
INFO -- Epoch: [95m354[0m - Loss: [93m    0.555399[0m
INFO -- Epoch: [95m355[0m - Loss: [93m    0.555399[0m
INFO -- Epoch: [95m356[0m - Loss: [93m    0.555399[0m
INFO -- Epoch: [95m357[0m - Loss: [93m    0.555399[0m
INFO -- Epoch: [95m358[0m - Loss: [93m    0.555399[0m
INFO -- Epoch: [95m359[0m - Loss: [93m    0.555399[0m
INFO -- Epoch: [95m360[0m - Loss: [93m    0.555399[0m
INFO -- Epoch: [95m361[0m - Loss: [93m    0.555399[0m
INFO -- Epoch: [95m362[0m - Loss: [93m    0.555399[0m
INFO -- Epoch: [95m363[0m - Loss: [93m    0.555399[0m
INFO -- Epoch: [95m364[0m - Loss: [93m    0.555399[0m
INFO -- Epoch: [95m365[0m - Loss: [93m    0.555399[0m
INFO -- Epoch: [95m366[0m - Loss: [93m    0.555399[0m
INFO -- Epoch: [95m367[0m - Loss: [93m    0.555399[0m
INFO -- Epoch: [95m368[0m - Loss: [93m    0.555399[0m
INFO -- Epoch: [95m369[0m - Loss: [93m    0.555399[0m
INFO -- Epoch: [95m370[0m - Loss: [93m    0.555399[0m
INFO -- Epoch: [95m371[0m - Loss: [93m    0.555399[0m
INFO -- Epoch: [95m372[0m - Loss: [93m    0.555399[0m
INFO -- Epoch: [95m373[0m - Loss: [93m    0.555399[0m
INFO -- Epoch: [95m374[0m - Loss: [93m    0.555399[0m
INFO -- Epoch: [95m375[0m - Loss: [93m    0.555399[0m
INFO -- Epoch: [95m376[0m - Loss: [93m    0.555399[0m
INFO -- Epoch: [95m377[0m - Loss: [93m    0.555399[0m
INFO -- Epoch: [95m378[0m - Loss: [93m    0.555399[0m
INFO -- Epoch: [95m379[0m - Loss: [93m    0.555399[0m
INFO -- Epoch: [95m380[0m - Loss: [93m    0.555399[0m
INFO -- Epoch: [95m381[0m - Loss: [93m    0.555399[0m
INFO -- Epoch: [95m382[0m - Loss: [93m    0.555399[0m
INFO -- Epoch: [95m383[0m - Loss: [93m    0.555399[0m
INFO -- Epoch: [95m384[0m - Loss: [93m    0.555399[0m
INFO -- Epoch: [95m385[0m - Loss: [93m    0.555399[0m
INFO -- Epoch: [95m386[0m - Loss: [93m    0.555399[0m
INFO -- Epoch: [95m387[0m - Loss: [93m    0.555399[0m
INFO -- Epoch: [95m388[0m - Loss: [93m    0.555399[0m
INFO -- Epoch: [95m389[0m - Loss: [93m    0.555399[0m
INFO -- Epoch: [95m390[0m - Loss: [93m    0.555399[0m
INFO -- Epoch: [95m391[0m - Loss: [93m    0.555399[0m
INFO -- Epoch: [95m392[0m - Loss: [93m    0.555399[0m
INFO -- Epoch: [95m393[0m - Loss: [93m    0.555399[0m
INFO -- Epoch: [95m394[0m - Loss: [93m    0.555399[0m
INFO -- Epoch: [95m395[0m - Loss: [93m    0.555399[0m
INFO -- Epoch: [95m396[0m - Loss: [93m    0.555399[0m
INFO -- Epoch: [95m397[0m - Loss: [93m    0.555399[0m
INFO -- Epoch: [95m398[0m - Loss: [93m    0.555399[0m
INFO -- Epoch: [95m399[0m - Loss: [93m    0.555399[0m
INFO -- Epoch: [95m400[0m - Loss: [93m    0.555399[0m
INFO -- Epoch: [95m401[0m - Loss: [93m    0.555399[0m
INFO -- Epoch: [95m402[0m - Loss: [93m    0.555399[0m
INFO -- Epoch: [95m403[0m - Loss: [93m    0.555399[0m
INFO -- Epoch: [95m404[0m - Loss: [93m    0.555399[0m
INFO -- Epoch: [95m405[0m - Loss: [93m    0.555399[0m
INFO -- Epoch: [95m406[0m - Loss: [93m    0.555399[0m
INFO -- Epoch: [95m407[0m - Loss: [93m    0.555399[0m
INFO -- Epoch: [95m408[0m - Loss: [93m    0.555399[0m
INFO -- Epoch: [95m409[0m - Loss: [93m    0.555399[0m
INFO -- Epoch: [95m410[0m - Loss: [93m    0.555399[0m
INFO -- Epoch: [95m411[0m - Loss: [93m    0.555399[0m
INFO -- Epoch: [95m412[0m - Loss: [93m    0.555399[0m
INFO -- Epoch: [95m413[0m - Loss: [93m    0.555399[0m
INFO -- Epoch: [95m414[0m - Loss: [93m    0.555399[0m
INFO -- Epoch: [95m415[0m - Loss: [93m    0.555399[0m
INFO -- Epoch: [95m416[0m - Loss: [93m    0.555399[0m
INFO -- Epoch: [95m417[0m - Loss: [93m    0.555399[0m
INFO -- Epoch: [95m418[0m - Loss: [93m    0.555399[0m
INFO -- Epoch: [95m419[0m - Loss: [93m    0.555399[0m
INFO -- Epoch: [95m420[0m - Loss: [93m    0.555399[0m
INFO -- Epoch: [95m421[0m - Loss: [93m    0.555399[0m
INFO -- Epoch: [95m422[0m - Loss: [93m    0.555399[0m
INFO -- Epoch: [95m423[0m - Loss: [93m    0.555399[0m
INFO -- Epoch: [95m424[0m - Loss: [93m    0.555399[0m
INFO -- Epoch: [95m425[0m - Loss: [93m    0.555399[0m
INFO -- Epoch: [95m426[0m - Loss: [93m    0.555399[0m
INFO -- Epoch: [95m427[0m - Loss: [93m    0.555399[0m
INFO -- Epoch: [95m428[0m - Loss: [93m    0.555399[0m
INFO -- Epoch: [95m429[0m - Loss: [93m    0.555399[0m
INFO -- Epoch: [95m430[0m - Loss: [93m    0.555399[0m
INFO -- Epoch: [95m431[0m - Loss: [93m    0.555399[0m
INFO -- Epoch: [95m432[0m - Loss: [93m    0.555399[0m
INFO -- Epoch: [95m433[0m - Loss: [93m    0.555399[0m
INFO -- Epoch: [95m434[0m - Loss: [93m    0.555399[0m
INFO -- Epoch: [95m435[0m - Loss: [93m    0.555399[0m
INFO -- Epoch: [95m436[0m - Loss: [93m    0.555399[0m
INFO -- Epoch: [95m437[0m - Loss: [93m    0.555399[0m
INFO -- Epoch: [95m438[0m - Loss: [93m    0.555399[0m
INFO -- Epoch: [95m439[0m - Loss: [93m    0.555399[0m
INFO -- Epoch: [95m440[0m - Loss: [93m    0.555399[0m
INFO -- Epoch: [95m441[0m - Loss: [93m    0.555399[0m
INFO -- Epoch: [95m442[0m - Loss: [93m    0.555399[0m
INFO -- Epoch: [95m443[0m - Loss: [93m    0.555399[0m
INFO -- Epoch: [95m444[0m - Loss: [93m    0.555399[0m
INFO -- Epoch: [95m445[0m - Loss: [93m    0.555399[0m
INFO -- Epoch: [95m446[0m - Loss: [93m    0.555399[0m
INFO -- Epoch: [95m447[0m - Loss: [93m    0.555399[0m
INFO -- Epoch: [95m448[0m - Loss: [93m    0.555399[0m
INFO -- Epoch: [95m449[0m - Loss: [93m    0.555399[0m
INFO -- Epoch: [95m450[0m - Loss: [93m    0.555399[0m
INFO -- Epoch: [95m451[0m - Loss: [93m    0.555399[0m
INFO -- Epoch: [95m452[0m - Loss: [93m    0.555399[0m
INFO -- Epoch: [95m453[0m - Loss: [93m    0.555399[0m
INFO -- Epoch: [95m454[0m - Loss: [93m    0.555399[0m
INFO -- Epoch: [95m455[0m - Loss: [93m    0.555399[0m
INFO -- Epoch: [95m456[0m - Loss: [93m    0.555399[0m
INFO -- Epoch: [95m457[0m - Loss: [93m    0.555399[0m
INFO -- Epoch: [95m458[0m - Loss: [93m    0.555399[0m
INFO -- Epoch: [95m459[0m - Loss: [93m    0.555399[0m
INFO -- Epoch: [95m460[0m - Loss: [93m    0.555399[0m
INFO -- Epoch: [95m461[0m - Loss: [93m    0.555399[0m
INFO -- Epoch: [95m462[0m - Loss: [93m    0.555399[0m
INFO -- Epoch: [95m463[0m - Loss: [93m    0.555399[0m
INFO -- Epoch: [95m464[0m - Loss: [93m    0.555399[0m
INFO -- Epoch: [95m465[0m - Loss: [93m    0.555399[0m
INFO -- Epoch: [95m466[0m - Loss: [93m    0.555399[0m
INFO -- Epoch: [95m467[0m - Loss: [93m    0.555399[0m
INFO -- Epoch: [95m468[0m - Loss: [93m    0.555399[0m
INFO -- Epoch: [95m469[0m - Loss: [93m    0.555399[0m
INFO -- Epoch: [95m470[0m - Loss: [93m    0.555399[0m
INFO -- Epoch: [95m471[0m - Loss: [93m    0.555399[0m
INFO -- Epoch: [95m472[0m - Loss: [93m    0.555399[0m
INFO -- Epoch: [95m473[0m - Loss: [93m    0.555399[0m
INFO -- Epoch: [95m474[0m - Loss: [93m    0.555399[0m
INFO -- Epoch: [95m475[0m - Loss: [93m    0.555399[0m
INFO -- Epoch: [95m476[0m - Loss: [93m    0.555399[0m
INFO -- Epoch: [95m477[0m - Loss: [93m    0.555399[0m
INFO -- Epoch: [95m478[0m - Loss: [93m    0.555399[0m
INFO -- Epoch: [95m479[0m - Loss: [93m    0.555399[0m
INFO -- Epoch: [95m480[0m - Loss: [93m    0.555399[0m
INFO -- Epoch: [95m481[0m - Loss: [93m    0.555399[0m
INFO -- Epoch: [95m482[0m - Loss: [93m    0.555399[0m
INFO -- Epoch: [95m483[0m - Loss: [93m    0.555399[0m
INFO -- Epoch: [95m484[0m - Loss: [93m    0.555399[0m
INFO -- Epoch: [95m485[0m - Loss: [93m    0.555399[0m
INFO -- Epoch: [95m486[0m - Loss: [93m    0.555399[0m
INFO -- Epoch: [95m487[0m - Loss: [93m    0.555399[0m
INFO -- Epoch: [95m488[0m - Loss: [93m    0.555399[0m
INFO -- Epoch: [95m489[0m - Loss: [93m    0.555399[0m
INFO -- Epoch: [95m490[0m - Loss: [93m    0.555399[0m
INFO -- Epoch: [95m491[0m - Loss: [93m    0.555399[0m
INFO -- Epoch: [95m492[0m - Loss: [93m    0.555399[0m
INFO -- Epoch: [95m493[0m - Loss: [93m    0.555399[0m
INFO -- Epoch: [95m494[0m - Loss: [93m    0.555399[0m
INFO -- Epoch: [95m495[0m - Loss: [93m    0.555399[0m
INFO -- Epoch: [95m496[0m - Loss: [93m    0.555399[0m
INFO -- Epoch: [95m497[0m - Loss: [93m    0.555399[0m
INFO -- Epoch: [95m498[0m - Loss: [93m    0.555399[0m
INFO -- Epoch: [95m499[0m - Loss: [93m    0.555399[0m
INFO -- Epoch: [95m500[0m - Loss: [93m    0.555399[0m
INFO -- Epoch: [95m501[0m - Loss: [93m    0.555399[0m
INFO -- Epoch: [95m502[0m - Loss: [93m    0.555399[0m
INFO -- Epoch: [95m503[0m - Loss: [93m    0.555399[0m
INFO -- Epoch: [95m504[0m - Loss: [93m    0.555399[0m
INFO -- Epoch: [95m505[0m - Loss: [93m    0.555399[0m
INFO -- Epoch: [95m506[0m - Loss: [93m    0.555399[0m
INFO -- Epoch: [95m507[0m - Loss: [93m    0.555399[0m
INFO -- Epoch: [95m508[0m - Loss: [93m    0.555399[0m
INFO -- Epoch: [95m509[0m - Loss: [93m    0.555399[0m
INFO -- Epoch: [95m510[0m - Loss: [93m    0.555399[0m
INFO -- Epoch: [95m511[0m - Loss: [93m    0.555399[0m
INFO -- Epoch: [95m512[0m - Loss: [93m    0.555399[0m
INFO -- Epoch: [95m513[0m - Loss: [93m    0.555399[0m
INFO -- Epoch: [95m514[0m - Loss: [93m    0.555399[0m
INFO -- Epoch: [95m515[0m - Loss: [93m    0.555399[0m
INFO -- Epoch: [95m516[0m - Loss: [93m    0.555399[0m
INFO -- Epoch: [95m517[0m - Loss: [93m    0.555399[0m
INFO -- Epoch: [95m518[0m - Loss: [93m    0.555399[0m
INFO -- Epoch: [95m519[0m - Loss: [93m    0.555399[0m
INFO -- Epoch: [95m520[0m - Loss: [93m    0.555399[0m
INFO -- Epoch: [95m521[0m - Loss: [93m    0.555399[0m
INFO -- Epoch: [95m522[0m - Loss: [93m    0.555399[0m
INFO -- Epoch: [95m523[0m - Loss: [93m    0.555399[0m
INFO -- Epoch: [95m524[0m - Loss: [93m    0.555399[0m
INFO -- Epoch: [95m525[0m - Loss: [93m    0.555399[0m
INFO -- Epoch: [95m526[0m - Loss: [93m    0.555399[0m
INFO -- Epoch: [95m527[0m - Loss: [93m    0.555399[0m
INFO -- Epoch: [95m528[0m - Loss: [93m    0.555399[0m
INFO -- Epoch: [95m529[0m - Loss: [93m    0.555399[0m
INFO -- Epoch: [95m530[0m - Loss: [93m    0.555399[0m
INFO -- Epoch: [95m531[0m - Loss: [93m    0.555399[0m
INFO -- Epoch: [95m532[0m - Loss: [93m    0.555399[0m
INFO -- Epoch: [95m533[0m - Loss: [93m    0.555399[0m
INFO -- Epoch: [95m534[0m - Loss: [93m    0.555399[0m
INFO -- Epoch: [95m535[0m - Loss: [93m    0.555399[0m
INFO -- Epoch: [95m536[0m - Loss: [93m    0.555399[0m
INFO -- Epoch: [95m537[0m - Loss: [93m    0.555399[0m
INFO -- Epoch: [95m538[0m - Loss: [93m    0.555399[0m
INFO -- Epoch: [95m539[0m - Loss: [93m    0.555399[0m
INFO -- Epoch: [95m540[0m - Loss: [93m    0.555399[0m
INFO -- Epoch: [95m541[0m - Loss: [93m    0.555399[0m
INFO -- Epoch: [95m542[0m - Loss: [93m    0.555399[0m
INFO -- Epoch: [95m543[0m - Loss: [93m    0.555399[0m
INFO -- Epoch: [95m544[0m - Loss: [93m    0.555399[0m
INFO -- Epoch: [95m545[0m - Loss: [93m    0.555399[0m
INFO -- Epoch: [95m546[0m - Loss: [93m    0.555399[0m
INFO -- Epoch: [95m547[0m - Loss: [93m    0.555399[0m
INFO -- Epoch: [95m548[0m - Loss: [93m    0.555399[0m
INFO -- Epoch: [95m549[0m - Loss: [93m    0.555399[0m
INFO -- Epoch: [95m550[0m - Loss: [93m    0.555399[0m
INFO -- Epoch: [95m551[0m - Loss: [93m    0.555399[0m
INFO -- Epoch: [95m552[0m - Loss: [93m    0.555399[0m
INFO -- Epoch: [95m553[0m - Loss: [93m    0.555399[0m
INFO -- Epoch: [95m554[0m - Loss: [93m    0.555399[0m
INFO -- Epoch: [95m555[0m - Loss: [93m    0.555399[0m
INFO -- Epoch: [95m556[0m - Loss: [93m    0.555399[0m
INFO -- Epoch: [95m557[0m - Loss: [93m    0.555399[0m
INFO -- Epoch: [95m558[0m - Loss: [93m    0.555399[0m
INFO -- Epoch: [95m559[0m - Loss: [93m    0.555399[0m
INFO -- Epoch: [95m560[0m - Loss: [93m    0.555399[0m
INFO -- Epoch: [95m561[0m - Loss: [93m    0.555399[0m
INFO -- Epoch: [95m562[0m - Loss: [93m    0.555399[0m
INFO -- Epoch: [95m563[0m - Loss: [93m    0.555399[0m
INFO -- Epoch: [95m564[0m - Loss: [93m    0.555399[0m
INFO -- Epoch: [95m565[0m - Loss: [93m    0.555399[0m
INFO -- Epoch: [95m566[0m - Loss: [93m    0.555399[0m
INFO -- Epoch: [95m567[0m - Loss: [93m    0.555399[0m
INFO -- Epoch: [95m568[0m - Loss: [93m    0.555399[0m
INFO -- Epoch: [95m569[0m - Loss: [93m    0.555399[0m
INFO -- Epoch: [95m570[0m - Loss: [93m    0.555399[0m
INFO -- Epoch: [95m571[0m - Loss: [93m    0.555399[0m
INFO -- Epoch: [95m572[0m - Loss: [93m    0.555399[0m
INFO -- Epoch: [95m573[0m - Loss: [93m    0.555399[0m
INFO -- Epoch: [95m574[0m - Loss: [93m    0.555399[0m
INFO -- Epoch: [95m575[0m - Loss: [93m    0.555399[0m
INFO -- Epoch: [95m576[0m - Loss: [93m    0.555399[0m
INFO -- Epoch: [95m577[0m - Loss: [93m    0.555399[0m
INFO -- Epoch: [95m578[0m - Loss: [93m    0.555399[0m
INFO -- Epoch: [95m579[0m - Loss: [93m    0.555399[0m
INFO -- Epoch: [95m580[0m - Loss: [93m    0.555399[0m
INFO -- Epoch: [95m581[0m - Loss: [93m    0.555399[0m
INFO -- Epoch: [95m582[0m - Loss: [93m    0.555399[0m
INFO -- Epoch: [95m583[0m - Loss: [93m    0.555399[0m
INFO -- Epoch: [95m584[0m - Loss: [93m    0.555399[0m
INFO -- Epoch: [95m585[0m - Loss: [93m    0.555399[0m
INFO -- Epoch: [95m586[0m - Loss: [93m    0.555399[0m
INFO -- Epoch: [95m587[0m - Loss: [93m    0.555399[0m
INFO -- Epoch: [95m588[0m - Loss: [93m    0.555399[0m
INFO -- Epoch: [95m589[0m - Loss: [93m    0.555399[0m
INFO -- Epoch: [95m590[0m - Loss: [93m    0.555399[0m
INFO -- Epoch: [95m591[0m - Loss: [93m    0.555399[0m
INFO -- Epoch: [95m592[0m - Loss: [93m    0.555399[0m
INFO -- Epoch: [95m593[0m - Loss: [93m    0.555399[0m
INFO -- Epoch: [95m594[0m - Loss: [93m    0.555399[0m
INFO -- Epoch: [95m595[0m - Loss: [93m    0.555399[0m
INFO -- Epoch: [95m596[0m - Loss: [93m    0.555399[0m
INFO -- Epoch: [95m597[0m - Loss: [93m    0.555399[0m
INFO -- Epoch: [95m598[0m - Loss: [93m    0.555399[0m
INFO -- Epoch: [95m599[0m - Loss: [93m    0.555399[0m
INFO -- Epoch: [95m600[0m - Loss: [93m    0.555399[0m
INFO -- Epoch: [95m601[0m - Loss: [93m    0.555399[0m
INFO -- Epoch: [95m602[0m - Loss: [93m    0.555399[0m
INFO -- Epoch: [95m603[0m - Loss: [93m    0.555399[0m
INFO -- Epoch: [95m604[0m - Loss: [93m    0.555399[0m
INFO -- Epoch: [95m605[0m - Loss: [93m    0.555399[0m
INFO -- Epoch: [95m606[0m - Loss: [93m    0.555399[0m
INFO -- Epoch: [95m607[0m - Loss: [93m    0.555399[0m
INFO -- Epoch: [95m608[0m - Loss: [93m    0.555399[0m
INFO -- Epoch: [95m609[0m - Loss: [93m    0.555399[0m
INFO -- Epoch: [95m610[0m - Loss: [93m    0.555399[0m
INFO -- Epoch: [95m611[0m - Loss: [93m    0.555399[0m
INFO -- Epoch: [95m612[0m - Loss: [93m    0.555399[0m
INFO -- Epoch: [95m613[0m - Loss: [93m    0.555399[0m
INFO -- Epoch: [95m614[0m - Loss: [93m    0.555399[0m
INFO -- Epoch: [95m615[0m - Loss: [93m    0.555399[0m
INFO -- Epoch: [95m616[0m - Loss: [93m    0.555399[0m
INFO -- Epoch: [95m617[0m - Loss: [93m    0.555399[0m
INFO -- Epoch: [95m618[0m - Loss: [93m    0.555399[0m
INFO -- Epoch: [95m619[0m - Loss: [93m    0.555399[0m
INFO -- Epoch: [95m620[0m - Loss: [93m    0.555399[0m
INFO -- Epoch: [95m621[0m - Loss: [93m    0.555399[0m
INFO -- Epoch: [95m622[0m - Loss: [93m    0.555399[0m
INFO -- Epoch: [95m623[0m - Loss: [93m    0.555399[0m
INFO -- Epoch: [95m624[0m - Loss: [93m    0.555399[0m
INFO -- Epoch: [95m625[0m - Loss: [93m    0.555399[0m
INFO -- Epoch: [95m626[0m - Loss: [93m    0.555399[0m
INFO -- Epoch: [95m627[0m - Loss: [93m    0.555399[0m
INFO -- Epoch: [95m628[0m - Loss: [93m    0.555399[0m
INFO -- Epoch: [95m629[0m - Loss: [93m    0.555399[0m
INFO -- Epoch: [95m630[0m - Loss: [93m    0.555399[0m
INFO -- Epoch: [95m631[0m - Loss: [93m    0.555399[0m
INFO -- Epoch: [95m632[0m - Loss: [93m    0.555399[0m
INFO -- Epoch: [95m633[0m - Loss: [93m    0.555399[0m
INFO -- Epoch: [95m634[0m - Loss: [93m    0.555399[0m
INFO -- Epoch: [95m635[0m - Loss: [93m    0.555399[0m
INFO -- Epoch: [95m636[0m - Loss: [93m    0.555399[0m
INFO -- Epoch: [95m637[0m - Loss: [93m    0.555399[0m
INFO -- Epoch: [95m638[0m - Loss: [93m    0.555399[0m
INFO -- Epoch: [95m639[0m - Loss: [93m    0.555399[0m
INFO -- Epoch: [95m640[0m - Loss: [93m    0.555399[0m
INFO -- Epoch: [95m641[0m - Loss: [93m    0.555399[0m
INFO -- Epoch: [95m642[0m - Loss: [93m    0.555399[0m
INFO -- Epoch: [95m643[0m - Loss: [93m    0.555399[0m
INFO -- Epoch: [95m644[0m - Loss: [93m    0.555399[0m
INFO -- Epoch: [95m645[0m - Loss: [93m    0.555399[0m
INFO -- Epoch: [95m646[0m - Loss: [93m    0.555399[0m
INFO -- Epoch: [95m647[0m - Loss: [93m    0.555399[0m
INFO -- Epoch: [95m648[0m - Loss: [93m    0.555399[0m
INFO -- Epoch: [95m649[0m - Loss: [93m    0.555399[0m
INFO -- Epoch: [95m650[0m - Loss: [93m    0.555399[0m
INFO -- Epoch: [95m651[0m - Loss: [93m    0.555399[0m
INFO -- Epoch: [95m652[0m - Loss: [93m    0.555399[0m
INFO -- Epoch: [95m653[0m - Loss: [93m    0.555399[0m
INFO -- Epoch: [95m654[0m - Loss: [93m    0.555399[0m
INFO -- Epoch: [95m655[0m - Loss: [93m    0.555399[0m
INFO -- Epoch: [95m656[0m - Loss: [93m    0.555399[0m
INFO -- Epoch: [95m657[0m - Loss: [93m    0.555399[0m
INFO -- Epoch: [95m658[0m - Loss: [93m    0.555399[0m
INFO -- Epoch: [95m659[0m - Loss: [93m    0.555399[0m
INFO -- Epoch: [95m660[0m - Loss: [93m    0.555399[0m
INFO -- Epoch: [95m661[0m - Loss: [93m    0.555399[0m
INFO -- Epoch: [95m662[0m - Loss: [93m    0.555399[0m
INFO -- Epoch: [95m663[0m - Loss: [93m    0.555399[0m
INFO -- Epoch: [95m664[0m - Loss: [93m    0.555399[0m
INFO -- Epoch: [95m665[0m - Loss: [93m    0.555399[0m
INFO -- Epoch: [95m666[0m - Loss: [93m    0.555399[0m
INFO -- Epoch: [95m667[0m - Loss: [93m    0.555399[0m
INFO -- Epoch: [95m668[0m - Loss: [93m    0.555399[0m
INFO -- Epoch: [95m669[0m - Loss: [93m    0.555399[0m
INFO -- Epoch: [95m670[0m - Loss: [93m    0.555399[0m
INFO -- Epoch: [95m671[0m - Loss: [93m    0.555399[0m
INFO -- Epoch: [95m672[0m - Loss: [93m    0.555399[0m
INFO -- Epoch: [95m673[0m - Loss: [93m    0.555399[0m
INFO -- Epoch: [95m674[0m - Loss: [93m    0.555399[0m
INFO -- Epoch: [95m675[0m - Loss: [93m    0.555399[0m
INFO -- Epoch: [95m676[0m - Loss: [93m    0.555399[0m
INFO -- Epoch: [95m677[0m - Loss: [93m    0.555399[0m
INFO -- Epoch: [95m678[0m - Loss: [93m    0.555399[0m
INFO -- Epoch: [95m679[0m - Loss: [93m    0.555399[0m
INFO -- Epoch: [95m680[0m - Loss: [93m    0.555399[0m
INFO -- Epoch: [95m681[0m - Loss: [93m    0.555399[0m
INFO -- Epoch: [95m682[0m - Loss: [93m    0.555399[0m
INFO -- Epoch: [95m683[0m - Loss: [93m    0.555399[0m
INFO -- Epoch: [95m684[0m - Loss: [93m    0.555399[0m
INFO -- Epoch: [95m685[0m - Loss: [93m    0.555399[0m
INFO -- Epoch: [95m686[0m - Loss: [93m    0.555399[0m
INFO -- Epoch: [95m687[0m - Loss: [93m    0.555399[0m
INFO -- Epoch: [95m688[0m - Loss: [93m    0.555399[0m
INFO -- Epoch: [95m689[0m - Loss: [93m    0.555399[0m
INFO -- Epoch: [95m690[0m - Loss: [93m    0.555399[0m
INFO -- Epoch: [95m691[0m - Loss: [93m    0.555399[0m
INFO -- Epoch: [95m692[0m - Loss: [93m    0.555399[0m
INFO -- Epoch: [95m693[0m - Loss: [93m    0.555399[0m
INFO -- Epoch: [95m694[0m - Loss: [93m    0.555399[0m
INFO -- Epoch: [95m695[0m - Loss: [93m    0.555399[0m
INFO -- Epoch: [95m696[0m - Loss: [93m    0.555399[0m
INFO -- Epoch: [95m697[0m - Loss: [93m    0.555399[0m
INFO -- Epoch: [95m698[0m - Loss: [93m    0.555399[0m
INFO -- Epoch: [95m699[0m - Loss: [93m    0.555399[0m
INFO -- Epoch: [95m700[0m - Loss: [93m    0.555399[0m
INFO -- Epoch: [95m701[0m - Loss: [93m    0.555399[0m
INFO -- Epoch: [95m702[0m - Loss: [93m    0.555399[0m
INFO -- Epoch: [95m703[0m - Loss: [93m    0.555399[0m
INFO -- Epoch: [95m704[0m - Loss: [93m    0.555399[0m
INFO -- Epoch: [95m705[0m - Loss: [93m    0.555399[0m
INFO -- Epoch: [95m706[0m - Loss: [93m    0.555399[0m
INFO -- Epoch: [95m707[0m - Loss: [93m    0.555399[0m
INFO -- Epoch: [95m708[0m - Loss: [93m    0.555399[0m
INFO -- Epoch: [95m709[0m - Loss: [93m    0.555399[0m
INFO -- Epoch: [95m710[0m - Loss: [93m    0.555399[0m
INFO -- Epoch: [95m711[0m - Loss: [93m    0.555399[0m
INFO -- Epoch: [95m712[0m - Loss: [93m    0.555399[0m
INFO -- Epoch: [95m713[0m - Loss: [93m    0.555399[0m
INFO -- Epoch: [95m714[0m - Loss: [93m    0.555399[0m
INFO -- Epoch: [95m715[0m - Loss: [93m    0.555399[0m
INFO -- Epoch: [95m716[0m - Loss: [93m    0.555399[0m
INFO -- Epoch: [95m717[0m - Loss: [93m    0.555399[0m
INFO -- Epoch: [95m718[0m - Loss: [93m    0.555399[0m
INFO -- Epoch: [95m719[0m - Loss: [93m    0.555399[0m
INFO -- Epoch: [95m720[0m - Loss: [93m    0.555399[0m
INFO -- Epoch: [95m721[0m - Loss: [93m    0.555399[0m
INFO -- Training interrupted by user at epoch [91m722[0m
INFO -- Creating plots and saving to files. Dimensions: 1
