INFO -- Device: cuda
INFO -- 
INFO -- ================================================================================
INFO -- Learning parameters
INFO -- Length:                                           [92m1.0[0m
INFO -- Total time:                                       [92m1.0[0m
INFO -- Number of points in x:                            [92m150[0m
INFO -- Number of points in initial condition:            [92m300[0m
INFO -- Weight for interior loss:                         [92m0.5[0m
INFO -- Weight for initial condition loss:                [92m150.0[0m
INFO -- Weight for boundary loss:                         [92m1.0[0m
INFO -- Layers:                                           [92m2[0m
INFO -- Neurons per layer:                                [92m60[0m
INFO -- Epochs:                                           [92m50000[0m
INFO -- Learning rate:                                    [92m0.0025[0m
INFO -- ================================================================================
INFO -- 
INFO -- Creating PINN with [92m2[0m layers and [92m60[0m neurons per layer
INFO -- Computing initial condition loss
INFO -- Training PINN for [93m50000[0m epochs using [93mloss_fn_weak[0m loss function
INFO -- Epoch: [95m1[0m - Loss: [93m   46.004711[0m
INFO -- Epoch: [95m2[0m - Loss: [93m    8.210182[0m
INFO -- Epoch: [95m3[0m - Loss: [93m  135.281143[0m
INFO -- Epoch: [95m4[0m - Loss: [93m  218.963226[0m
INFO -- Epoch: [95m5[0m - Loss: [93m    5.877631[0m
INFO -- Epoch: [95m6[0m - Loss: [93m   85.811127[0m
INFO -- Epoch: [95m7[0m - Loss: [93m   15.482861[0m
INFO -- Epoch: [95m8[0m - Loss: [93m    6.078717[0m
INFO -- Epoch: [95m9[0m - Loss: [93m  176.773392[0m
INFO -- Epoch: [95m10[0m - Loss: [93m   18.749046[0m
INFO -- Epoch: [95m11[0m - Loss: [93m    2.437941[0m
INFO -- Epoch: [95m12[0m - Loss: [93m    1.717776[0m
INFO -- Epoch: [95m13[0m - Loss: [93m   22.671543[0m
INFO -- Epoch: [95m14[0m - Loss: [93m   20.327227[0m
INFO -- Epoch: [95m15[0m - Loss: [93m    7.930211[0m
INFO -- Epoch: [95m16[0m - Loss: [93m   78.394753[0m
INFO -- Epoch: [95m17[0m - Loss: [93m   58.312695[0m
INFO -- Epoch: [95m18[0m - Loss: [93m   20.314363[0m
INFO -- Epoch: [95m19[0m - Loss: [93m    1.723285[0m
INFO -- Epoch: [95m20[0m - Loss: [93m    1.037545[0m
INFO -- Epoch: [95m21[0m - Loss: [93m    3.660630[0m
INFO -- Epoch: [95m22[0m - Loss: [93m    4.720533[0m
INFO -- Epoch: [95m23[0m - Loss: [93m   19.814087[0m
INFO -- Epoch: [95m24[0m - Loss: [93m   26.499758[0m
INFO -- Epoch: [95m25[0m - Loss: [93m   11.594265[0m
INFO -- Epoch: [95m26[0m - Loss: [93m    5.329737[0m
INFO -- Epoch: [95m27[0m - Loss: [93m   15.814544[0m
INFO -- Epoch: [95m28[0m - Loss: [93m    0.968361[0m
INFO -- Epoch: [95m29[0m - Loss: [93m    1.567635[0m
INFO -- Epoch: [95m30[0m - Loss: [93m    1.032135[0m
INFO -- Epoch: [95m31[0m - Loss: [93m    2.390531[0m
INFO -- Epoch: [95m32[0m - Loss: [93m    3.925174[0m
INFO -- Epoch: [95m33[0m - Loss: [93m    9.270731[0m
INFO -- Epoch: [95m34[0m - Loss: [93m   11.993244[0m
INFO -- Epoch: [95m35[0m - Loss: [93m   23.221586[0m
INFO -- Epoch: [95m36[0m - Loss: [93m    1.723888[0m
INFO -- Epoch: [95m37[0m - Loss: [93m    6.305159[0m
INFO -- Epoch: [95m38[0m - Loss: [93m    4.935333[0m
INFO -- Epoch: [95m39[0m - Loss: [93m    1.649862[0m
INFO -- Epoch: [95m40[0m - Loss: [93m    2.771455[0m
INFO -- Epoch: [95m41[0m - Loss: [93m    2.009255[0m
INFO -- Epoch: [95m42[0m - Loss: [93m    2.465225[0m
INFO -- Epoch: [95m43[0m - Loss: [93m    0.914882[0m
INFO -- Epoch: [95m44[0m - Loss: [93m    3.803021[0m
INFO -- Epoch: [95m45[0m - Loss: [93m    1.196732[0m
INFO -- Epoch: [95m46[0m - Loss: [93m    7.201876[0m
INFO -- Epoch: [95m47[0m - Loss: [93m    0.877459[0m
INFO -- Epoch: [95m48[0m - Loss: [93m    3.797798[0m
INFO -- Epoch: [95m49[0m - Loss: [93m    1.557173[0m
INFO -- Epoch: [95m50[0m - Loss: [93m    1.336764[0m
INFO -- Epoch: [95m51[0m - Loss: [93m    5.268271[0m
INFO -- Epoch: [95m52[0m - Loss: [93m    3.191830[0m
INFO -- Epoch: [95m53[0m - Loss: [93m    8.486589[0m
INFO -- Epoch: [95m54[0m - Loss: [93m    6.551726[0m
INFO -- Epoch: [95m55[0m - Loss: [93m    0.718504[0m
INFO -- Epoch: [95m56[0m - Loss: [93m    2.205021[0m
INFO -- Epoch: [95m57[0m - Loss: [93m    2.526872[0m
INFO -- Epoch: [95m58[0m - Loss: [93m    1.437935[0m
INFO -- Epoch: [95m59[0m - Loss: [93m    0.977714[0m
INFO -- Epoch: [95m60[0m - Loss: [93m    1.042055[0m
INFO -- Epoch: [95m61[0m - Loss: [93m    2.214056[0m
INFO -- Epoch: [95m62[0m - Loss: [93m    6.611909[0m
INFO -- Epoch: [95m63[0m - Loss: [93m    1.031927[0m
INFO -- Epoch: [95m64[0m - Loss: [93m    0.783627[0m
INFO -- Epoch: [95m65[0m - Loss: [93m    1.302773[0m
INFO -- Epoch: [95m66[0m - Loss: [93m    1.432419[0m
INFO -- Epoch: [95m67[0m - Loss: [93m    1.160529[0m
INFO -- Epoch: [95m68[0m - Loss: [93m    1.289657[0m
INFO -- Epoch: [95m69[0m - Loss: [93m    6.003977[0m
INFO -- Epoch: [95m70[0m - Loss: [93m    7.023788[0m
INFO -- Epoch: [95m71[0m - Loss: [93m    0.962761[0m
INFO -- Epoch: [95m72[0m - Loss: [93m    1.259118[0m
INFO -- Epoch: [95m73[0m - Loss: [93m    1.659690[0m
INFO -- Epoch: [95m74[0m - Loss: [93m    0.697846[0m
INFO -- Epoch: [95m75[0m - Loss: [93m    0.771695[0m
INFO -- Epoch: [95m76[0m - Loss: [93m    0.876075[0m
INFO -- Epoch: [95m77[0m - Loss: [93m    1.144651[0m
INFO -- Epoch: [95m78[0m - Loss: [93m    1.195769[0m
INFO -- Epoch: [95m79[0m - Loss: [93m    1.445902[0m
INFO -- Epoch: [95m80[0m - Loss: [93m    1.382470[0m
INFO -- Epoch: [95m81[0m - Loss: [93m    2.216481[0m
INFO -- Epoch: [95m82[0m - Loss: [93m    0.765060[0m
INFO -- Epoch: [95m83[0m - Loss: [93m    0.815624[0m
INFO -- Epoch: [95m84[0m - Loss: [93m    1.511516[0m
INFO -- Epoch: [95m85[0m - Loss: [93m    1.323800[0m
INFO -- Epoch: [95m86[0m - Loss: [93m    2.007632[0m
INFO -- Epoch: [95m87[0m - Loss: [93m    0.820845[0m
INFO -- Epoch: [95m88[0m - Loss: [93m    0.860456[0m
INFO -- Epoch: [95m89[0m - Loss: [93m    2.068242[0m
INFO -- Epoch: [95m90[0m - Loss: [93m    3.893812[0m
INFO -- Epoch: [95m91[0m - Loss: [93m    1.628786[0m
INFO -- Epoch: [95m92[0m - Loss: [93m    4.297463[0m
INFO -- Epoch: [95m93[0m - Loss: [93m    0.655219[0m
INFO -- Epoch: [95m94[0m - Loss: [93m    1.754448[0m
INFO -- Epoch: [95m95[0m - Loss: [93m    2.668738[0m
INFO -- Epoch: [95m96[0m - Loss: [93m    2.871480[0m
INFO -- Epoch: [95m97[0m - Loss: [93m    3.548594[0m
INFO -- Epoch: [95m98[0m - Loss: [93m    4.109042[0m
INFO -- Epoch: [95m99[0m - Loss: [93m    4.463151[0m
INFO -- Epoch: [95m100[0m - Loss: [93m    0.631314[0m
INFO -- Epoch: [95m101[0m - Loss: [93m    1.548826[0m
INFO -- Epoch: [95m102[0m - Loss: [93m   13.896425[0m
INFO -- Epoch: [95m103[0m - Loss: [93m    1.381021[0m
INFO -- Epoch: [95m104[0m - Loss: [93m    0.884063[0m
INFO -- Epoch: [95m105[0m - Loss: [93m    5.376314[0m
INFO -- Epoch: [95m106[0m - Loss: [93m    1.252071[0m
INFO -- Epoch: [95m107[0m - Loss: [93m    0.883263[0m
INFO -- Epoch: [95m108[0m - Loss: [93m    0.701846[0m
INFO -- Epoch: [95m109[0m - Loss: [93m    1.312725[0m
INFO -- Epoch: [95m110[0m - Loss: [93m   16.892731[0m
INFO -- Epoch: [95m111[0m - Loss: [93m    0.893262[0m
INFO -- Epoch: [95m112[0m - Loss: [93m    1.781229[0m
INFO -- Epoch: [95m113[0m - Loss: [93m    2.792907[0m
INFO -- Epoch: [95m114[0m - Loss: [93m    0.595007[0m
INFO -- Epoch: [95m115[0m - Loss: [93m    0.700372[0m
INFO -- Epoch: [95m116[0m - Loss: [93m    2.118045[0m
INFO -- Epoch: [95m117[0m - Loss: [93m    5.249406[0m
INFO -- Epoch: [95m118[0m - Loss: [93m    0.843576[0m
INFO -- Epoch: [95m119[0m - Loss: [93m    9.228258[0m
INFO -- Epoch: [95m120[0m - Loss: [93m    1.655951[0m
INFO -- Epoch: [95m121[0m - Loss: [93m    0.645497[0m
INFO -- Epoch: [95m122[0m - Loss: [93m    1.186144[0m
INFO -- Epoch: [95m123[0m - Loss: [93m    0.602089[0m
INFO -- Epoch: [95m124[0m - Loss: [93m    0.638520[0m
INFO -- Epoch: [95m125[0m - Loss: [93m    0.914025[0m
INFO -- Epoch: [95m126[0m - Loss: [93m    2.447608[0m
INFO -- Epoch: [95m127[0m - Loss: [93m    1.427689[0m
INFO -- Epoch: [95m128[0m - Loss: [93m    2.711052[0m
INFO -- Epoch: [95m129[0m - Loss: [93m    0.975348[0m
INFO -- Epoch: [95m130[0m - Loss: [93m    1.165702[0m
INFO -- Epoch: [95m131[0m - Loss: [93m    5.432408[0m
INFO -- Epoch: [95m132[0m - Loss: [93m    0.860166[0m
INFO -- Epoch: [95m133[0m - Loss: [93m    0.597810[0m
INFO -- Epoch: [95m134[0m - Loss: [93m    1.196626[0m
INFO -- Epoch: [95m135[0m - Loss: [93m    2.961357[0m
INFO -- Epoch: [95m136[0m - Loss: [93m    2.475833[0m
INFO -- Epoch: [95m137[0m - Loss: [93m    1.653491[0m
INFO -- Epoch: [95m138[0m - Loss: [93m    2.355392[0m
INFO -- Epoch: [95m139[0m - Loss: [93m    1.159070[0m
INFO -- Epoch: [95m140[0m - Loss: [93m    1.027647[0m
INFO -- Epoch: [95m141[0m - Loss: [93m    1.499023[0m
INFO -- Epoch: [95m142[0m - Loss: [93m    0.836780[0m
INFO -- Epoch: [95m143[0m - Loss: [93m    5.198913[0m
INFO -- Epoch: [95m144[0m - Loss: [93m    1.916730[0m
INFO -- Epoch: [95m145[0m - Loss: [93m    0.693963[0m
INFO -- Epoch: [95m146[0m - Loss: [93m    0.564128[0m
INFO -- Epoch: [95m147[0m - Loss: [93m    0.615321[0m
INFO -- Epoch: [95m148[0m - Loss: [93m    0.765933[0m
INFO -- Epoch: [95m149[0m - Loss: [93m    0.877758[0m
INFO -- Epoch: [95m150[0m - Loss: [93m    2.877873[0m
INFO -- Epoch: [95m151[0m - Loss: [93m    0.625555[0m
INFO -- Epoch: [95m152[0m - Loss: [93m    1.084694[0m
INFO -- Epoch: [95m153[0m - Loss: [93m    0.628270[0m
INFO -- Epoch: [95m154[0m - Loss: [93m    0.590004[0m
INFO -- Epoch: [95m155[0m - Loss: [93m    0.800113[0m
INFO -- Epoch: [95m156[0m - Loss: [93m    0.732245[0m
INFO -- Epoch: [95m157[0m - Loss: [93m    0.808688[0m
INFO -- Epoch: [95m158[0m - Loss: [93m    0.576902[0m
INFO -- Epoch: [95m159[0m - Loss: [93m    0.569973[0m
INFO -- Epoch: [95m160[0m - Loss: [93m    0.612996[0m
INFO -- Epoch: [95m161[0m - Loss: [93m    0.567831[0m
INFO -- Epoch: [95m162[0m - Loss: [93m    0.653564[0m
INFO -- Epoch: [95m163[0m - Loss: [93m    0.810974[0m
INFO -- Epoch: [95m164[0m - Loss: [93m    0.597843[0m
INFO -- Epoch: [95m165[0m - Loss: [93m    0.570636[0m
INFO -- Epoch: [95m166[0m - Loss: [93m    1.942348[0m
INFO -- Epoch: [95m167[0m - Loss: [93m    0.606931[0m
INFO -- Epoch: [95m168[0m - Loss: [93m    0.591790[0m
INFO -- Epoch: [95m169[0m - Loss: [93m    0.658463[0m
INFO -- Epoch: [95m170[0m - Loss: [93m    2.512816[0m
INFO -- Epoch: [95m171[0m - Loss: [93m    0.779476[0m
INFO -- Epoch: [95m172[0m - Loss: [93m    1.007208[0m
INFO -- Epoch: [95m173[0m - Loss: [93m    0.646227[0m
INFO -- Epoch: [95m174[0m - Loss: [93m    0.565643[0m
INFO -- Epoch: [95m175[0m - Loss: [93m    0.892781[0m
INFO -- Epoch: [95m176[0m - Loss: [93m    0.647910[0m
INFO -- Epoch: [95m177[0m - Loss: [93m    0.569751[0m
INFO -- Epoch: [95m178[0m - Loss: [93m    0.766014[0m
INFO -- Epoch: [95m179[0m - Loss: [93m    0.832147[0m
INFO -- Epoch: [95m180[0m - Loss: [93m    0.899351[0m
INFO -- Epoch: [95m181[0m - Loss: [93m    0.701233[0m
INFO -- Epoch: [95m182[0m - Loss: [93m    0.602475[0m
INFO -- Epoch: [95m183[0m - Loss: [93m    0.863631[0m
INFO -- Epoch: [95m184[0m - Loss: [93m    0.760961[0m
INFO -- Epoch: [95m185[0m - Loss: [93m    0.599885[0m
INFO -- Epoch: [95m186[0m - Loss: [93m    0.789322[0m
INFO -- Epoch: [95m187[0m - Loss: [93m    0.579343[0m
INFO -- Epoch: [95m188[0m - Loss: [93m    0.678824[0m
INFO -- Epoch: [95m189[0m - Loss: [93m    0.585398[0m
INFO -- Epoch: [95m190[0m - Loss: [93m    0.585598[0m
INFO -- Epoch: [95m191[0m - Loss: [93m    0.557372[0m
INFO -- Epoch: [95m192[0m - Loss: [93m    0.590167[0m
INFO -- Epoch: [95m193[0m - Loss: [93m    0.592474[0m
INFO -- Epoch: [95m194[0m - Loss: [93m    0.802071[0m
INFO -- Epoch: [95m195[0m - Loss: [93m    0.591024[0m
INFO -- Epoch: [95m196[0m - Loss: [93m    0.589255[0m
INFO -- Epoch: [95m197[0m - Loss: [93m    0.561166[0m
INFO -- Epoch: [95m198[0m - Loss: [93m    0.592804[0m
INFO -- Epoch: [95m199[0m - Loss: [93m    0.695171[0m
INFO -- Epoch: [95m200[0m - Loss: [93m    0.579330[0m
INFO -- Epoch: [95m201[0m - Loss: [93m    0.564181[0m
INFO -- Epoch: [95m202[0m - Loss: [93m    0.567429[0m
INFO -- Epoch: [95m203[0m - Loss: [93m    0.560475[0m
INFO -- Epoch: [95m204[0m - Loss: [93m    0.556873[0m
INFO -- Epoch: [95m205[0m - Loss: [93m    0.556584[0m
INFO -- Epoch: [95m206[0m - Loss: [93m    0.563327[0m
INFO -- Epoch: [95m207[0m - Loss: [93m    0.650717[0m
INFO -- Epoch: [95m208[0m - Loss: [93m    0.574629[0m
INFO -- Epoch: [95m209[0m - Loss: [93m    0.555856[0m
INFO -- Epoch: [95m210[0m - Loss: [93m    0.555910[0m
INFO -- Epoch: [95m211[0m - Loss: [93m    0.578781[0m
INFO -- Epoch: [95m212[0m - Loss: [93m    0.566448[0m
INFO -- Epoch: [95m213[0m - Loss: [93m    0.578352[0m
INFO -- Epoch: [95m214[0m - Loss: [93m    0.561371[0m
INFO -- Epoch: [95m215[0m - Loss: [93m    0.557903[0m
INFO -- Epoch: [95m216[0m - Loss: [93m    0.565546[0m
INFO -- Epoch: [95m217[0m - Loss: [93m    0.564505[0m
INFO -- Epoch: [95m218[0m - Loss: [93m    0.588419[0m
INFO -- Epoch: [95m219[0m - Loss: [93m    0.556640[0m
INFO -- Epoch: [95m220[0m - Loss: [93m    0.556272[0m
INFO -- Epoch: [95m221[0m - Loss: [93m    0.568283[0m
INFO -- Epoch: [95m222[0m - Loss: [93m    0.564001[0m
INFO -- Epoch: [95m223[0m - Loss: [93m    0.556733[0m
INFO -- Epoch: [95m224[0m - Loss: [93m    0.557039[0m
INFO -- Epoch: [95m225[0m - Loss: [93m    0.555127[0m
INFO -- Epoch: [95m226[0m - Loss: [93m    0.555676[0m
INFO -- Epoch: [95m227[0m - Loss: [93m    0.559374[0m
INFO -- Epoch: [95m228[0m - Loss: [93m    0.556024[0m
INFO -- Epoch: [95m229[0m - Loss: [93m    0.555802[0m
INFO -- Epoch: [95m230[0m - Loss: [93m    0.555287[0m
INFO -- Epoch: [95m231[0m - Loss: [93m    0.554792[0m
INFO -- Epoch: [95m232[0m - Loss: [93m    0.555261[0m
INFO -- Epoch: [95m233[0m - Loss: [93m    0.555520[0m
INFO -- Epoch: [95m234[0m - Loss: [93m    0.554760[0m
INFO -- Epoch: [95m235[0m - Loss: [93m    0.556409[0m
INFO -- Epoch: [95m236[0m - Loss: [93m    0.556354[0m
INFO -- Epoch: [95m237[0m - Loss: [93m    0.556455[0m
INFO -- Epoch: [95m238[0m - Loss: [93m    0.555485[0m
INFO -- Epoch: [95m239[0m - Loss: [93m    0.554907[0m
INFO -- Epoch: [95m240[0m - Loss: [93m    0.554649[0m
INFO -- Epoch: [95m241[0m - Loss: [93m    0.555306[0m
INFO -- Epoch: [95m242[0m - Loss: [93m    0.556156[0m
INFO -- Epoch: [95m243[0m - Loss: [93m    0.559774[0m
INFO -- Epoch: [95m244[0m - Loss: [93m    0.554512[0m
INFO -- Epoch: [95m245[0m - Loss: [93m    0.554963[0m
INFO -- Epoch: [95m246[0m - Loss: [93m    0.555420[0m
INFO -- Epoch: [95m247[0m - Loss: [93m    0.559574[0m
INFO -- Epoch: [95m248[0m - Loss: [93m    0.555986[0m
INFO -- Epoch: [95m249[0m - Loss: [93m    0.562736[0m
INFO -- Epoch: [95m250[0m - Loss: [93m    0.556809[0m
INFO -- Epoch: [95m251[0m - Loss: [93m    0.559680[0m
INFO -- Epoch: [95m252[0m - Loss: [93m    0.556913[0m
INFO -- Epoch: [95m253[0m - Loss: [93m    0.555007[0m
INFO -- Epoch: [95m254[0m - Loss: [93m    0.562740[0m
INFO -- Epoch: [95m255[0m - Loss: [93m    0.567425[0m
INFO -- Epoch: [95m256[0m - Loss: [93m    0.554945[0m
INFO -- Epoch: [95m257[0m - Loss: [93m    0.555225[0m
INFO -- Epoch: [95m258[0m - Loss: [93m    0.556134[0m
INFO -- Epoch: [95m259[0m - Loss: [93m    0.555472[0m
INFO -- Epoch: [95m260[0m - Loss: [93m    0.556538[0m
INFO -- Epoch: [95m261[0m - Loss: [93m    0.558449[0m
INFO -- Epoch: [95m262[0m - Loss: [93m    0.556034[0m
INFO -- Epoch: [95m263[0m - Loss: [93m    0.564639[0m
INFO -- Epoch: [95m264[0m - Loss: [93m    0.556056[0m
INFO -- Epoch: [95m265[0m - Loss: [93m    0.556204[0m
INFO -- Epoch: [95m266[0m - Loss: [93m    0.554161[0m
INFO -- Epoch: [95m267[0m - Loss: [93m    0.556297[0m
INFO -- Epoch: [95m268[0m - Loss: [93m    0.556217[0m
INFO -- Epoch: [95m269[0m - Loss: [93m    0.557895[0m
INFO -- Epoch: [95m270[0m - Loss: [93m    0.556097[0m
INFO -- Epoch: [95m271[0m - Loss: [93m    0.560348[0m
INFO -- Epoch: [95m272[0m - Loss: [93m    0.554824[0m
INFO -- Epoch: [95m273[0m - Loss: [93m    0.557315[0m
INFO -- Epoch: [95m274[0m - Loss: [93m    0.558360[0m
INFO -- Epoch: [95m275[0m - Loss: [93m    0.557319[0m
INFO -- Epoch: [95m276[0m - Loss: [93m    0.559290[0m
INFO -- Epoch: [95m277[0m - Loss: [93m    0.555068[0m
INFO -- Epoch: [95m278[0m - Loss: [93m    0.554345[0m
INFO -- Epoch: [95m279[0m - Loss: [93m    0.553879[0m
INFO -- Epoch: [95m280[0m - Loss: [93m    0.557216[0m
INFO -- Epoch: [95m281[0m - Loss: [93m    0.555496[0m
INFO -- Epoch: [95m282[0m - Loss: [93m    0.563758[0m
INFO -- Epoch: [95m283[0m - Loss: [93m    0.555846[0m
INFO -- Epoch: [95m284[0m - Loss: [93m    0.557813[0m
INFO -- Epoch: [95m285[0m - Loss: [93m    0.565446[0m
INFO -- Epoch: [95m286[0m - Loss: [93m    0.557676[0m
INFO -- Epoch: [95m287[0m - Loss: [93m    0.556536[0m
INFO -- Epoch: [95m288[0m - Loss: [93m    0.572955[0m
INFO -- Epoch: [95m289[0m - Loss: [93m    0.557435[0m
INFO -- Epoch: [95m290[0m - Loss: [93m    0.560109[0m
INFO -- Epoch: [95m291[0m - Loss: [93m    0.559501[0m
INFO -- Epoch: [95m292[0m - Loss: [93m    0.579472[0m
INFO -- Epoch: [95m293[0m - Loss: [93m    0.574699[0m
INFO -- Epoch: [95m294[0m - Loss: [93m    0.556679[0m
INFO -- Epoch: [95m295[0m - Loss: [93m    0.567782[0m
INFO -- Epoch: [95m296[0m - Loss: [93m    0.556832[0m
INFO -- Epoch: [95m297[0m - Loss: [93m    0.555032[0m
INFO -- Epoch: [95m298[0m - Loss: [93m    0.559124[0m
INFO -- Epoch: [95m299[0m - Loss: [93m    0.554576[0m
INFO -- Epoch: [95m300[0m - Loss: [93m    0.555807[0m
INFO -- Epoch: [95m301[0m - Loss: [93m    0.561340[0m
INFO -- Epoch: [95m302[0m - Loss: [93m    0.590471[0m
INFO -- Epoch: [95m303[0m - Loss: [93m    0.592478[0m
INFO -- Epoch: [95m304[0m - Loss: [93m    0.554081[0m
INFO -- Epoch: [95m305[0m - Loss: [93m    0.563021[0m
INFO -- Epoch: [95m306[0m - Loss: [93m    0.560993[0m
INFO -- Epoch: [95m307[0m - Loss: [93m    0.567290[0m
INFO -- Epoch: [95m308[0m - Loss: [93m    0.600906[0m
INFO -- Epoch: [95m309[0m - Loss: [93m    0.643014[0m
INFO -- Epoch: [95m310[0m - Loss: [93m    0.583929[0m
INFO -- Epoch: [95m311[0m - Loss: [93m    0.593914[0m
INFO -- Epoch: [95m312[0m - Loss: [93m    0.635473[0m
INFO -- Epoch: [95m313[0m - Loss: [93m    0.664438[0m
INFO -- Epoch: [95m314[0m - Loss: [93m    0.636869[0m
INFO -- Epoch: [95m315[0m - Loss: [93m    0.670672[0m
INFO -- Epoch: [95m316[0m - Loss: [93m    0.581029[0m
INFO -- Epoch: [95m317[0m - Loss: [93m    0.565547[0m
INFO -- Epoch: [95m318[0m - Loss: [93m    0.720833[0m
INFO -- Epoch: [95m319[0m - Loss: [93m    0.662629[0m
INFO -- Epoch: [95m320[0m - Loss: [93m    0.730953[0m
INFO -- Epoch: [95m321[0m - Loss: [93m    1.101265[0m
INFO -- Epoch: [95m322[0m - Loss: [93m    0.560152[0m
INFO -- Epoch: [95m323[0m - Loss: [93m    0.640056[0m
INFO -- Epoch: [95m324[0m - Loss: [93m    0.623856[0m
INFO -- Epoch: [95m325[0m - Loss: [93m    0.555256[0m
INFO -- Epoch: [95m326[0m - Loss: [93m    0.559067[0m
INFO -- Epoch: [95m327[0m - Loss: [93m    0.771297[0m
INFO -- Epoch: [95m328[0m - Loss: [93m    0.693285[0m
INFO -- Epoch: [95m329[0m - Loss: [93m    0.666901[0m
INFO -- Epoch: [95m330[0m - Loss: [93m    0.573033[0m
INFO -- Epoch: [95m331[0m - Loss: [93m    0.579504[0m
INFO -- Epoch: [95m332[0m - Loss: [93m    0.731603[0m
INFO -- Epoch: [95m333[0m - Loss: [93m    0.669267[0m
INFO -- Epoch: [95m334[0m - Loss: [93m    0.556347[0m
INFO -- Epoch: [95m335[0m - Loss: [93m    0.561099[0m
INFO -- Epoch: [95m336[0m - Loss: [93m    0.610173[0m
INFO -- Epoch: [95m337[0m - Loss: [93m    0.572131[0m
INFO -- Epoch: [95m338[0m - Loss: [93m    0.837158[0m
INFO -- Epoch: [95m339[0m - Loss: [93m    0.706379[0m
INFO -- Epoch: [95m340[0m - Loss: [93m    0.623852[0m
INFO -- Epoch: [95m341[0m - Loss: [93m    0.567762[0m
INFO -- Epoch: [95m342[0m - Loss: [93m    0.566742[0m
INFO -- Epoch: [95m343[0m - Loss: [93m    0.555454[0m
INFO -- Epoch: [95m344[0m - Loss: [93m    0.722085[0m
INFO -- Epoch: [95m345[0m - Loss: [93m    0.557068[0m
INFO -- Epoch: [95m346[0m - Loss: [93m    0.613657[0m
INFO -- Epoch: [95m347[0m - Loss: [93m    0.555904[0m
INFO -- Epoch: [95m348[0m - Loss: [93m    0.563560[0m
INFO -- Epoch: [95m349[0m - Loss: [93m    0.557103[0m
INFO -- Epoch: [95m350[0m - Loss: [93m    0.578495[0m
INFO -- Epoch: [95m351[0m - Loss: [93m    0.554787[0m
INFO -- Epoch: [95m352[0m - Loss: [93m    0.553906[0m
INFO -- Epoch: [95m353[0m - Loss: [93m    0.584800[0m
INFO -- Epoch: [95m354[0m - Loss: [93m    0.561841[0m
INFO -- Epoch: [95m355[0m - Loss: [93m    0.553414[0m
INFO -- Epoch: [95m356[0m - Loss: [93m    0.560820[0m
INFO -- Epoch: [95m357[0m - Loss: [93m    0.557121[0m
INFO -- Epoch: [95m358[0m - Loss: [93m    0.564207[0m
INFO -- Epoch: [95m359[0m - Loss: [93m    0.558204[0m
INFO -- Epoch: [95m360[0m - Loss: [93m    0.554555[0m
INFO -- Epoch: [95m361[0m - Loss: [93m    0.554598[0m
INFO -- Epoch: [95m362[0m - Loss: [93m    0.560166[0m
INFO -- Epoch: [95m363[0m - Loss: [93m    0.554640[0m
INFO -- Epoch: [95m364[0m - Loss: [93m    0.555223[0m
INFO -- Epoch: [95m365[0m - Loss: [93m    0.559455[0m
INFO -- Epoch: [95m366[0m - Loss: [93m    0.589910[0m
INFO -- Epoch: [95m367[0m - Loss: [93m    0.559938[0m
INFO -- Epoch: [95m368[0m - Loss: [93m    0.567846[0m
INFO -- Epoch: [95m369[0m - Loss: [93m    0.572616[0m
INFO -- Epoch: [95m370[0m - Loss: [93m    0.556832[0m
INFO -- Epoch: [95m371[0m - Loss: [93m    0.562081[0m
INFO -- Epoch: [95m372[0m - Loss: [93m    0.648049[0m
INFO -- Epoch: [95m373[0m - Loss: [93m    0.571054[0m
INFO -- Epoch: [95m374[0m - Loss: [93m    0.587630[0m
INFO -- Epoch: [95m375[0m - Loss: [93m    0.562513[0m
INFO -- Epoch: [95m376[0m - Loss: [93m    0.554133[0m
INFO -- Epoch: [95m377[0m - Loss: [93m    0.563015[0m
INFO -- Epoch: [95m378[0m - Loss: [93m    0.559262[0m
INFO -- Epoch: [95m379[0m - Loss: [93m    0.630683[0m
INFO -- Epoch: [95m380[0m - Loss: [93m    0.565323[0m
INFO -- Epoch: [95m381[0m - Loss: [93m    0.555460[0m
INFO -- Epoch: [95m382[0m - Loss: [93m    0.553958[0m
INFO -- Epoch: [95m383[0m - Loss: [93m    0.555320[0m
INFO -- Epoch: [95m384[0m - Loss: [93m    0.558511[0m
INFO -- Epoch: [95m385[0m - Loss: [93m    0.561494[0m
INFO -- Epoch: [95m386[0m - Loss: [93m    0.565564[0m
INFO -- Epoch: [95m387[0m - Loss: [93m    0.602789[0m
INFO -- Epoch: [95m388[0m - Loss: [93m    0.556610[0m
INFO -- Epoch: [95m389[0m - Loss: [93m    0.556010[0m
INFO -- Epoch: [95m390[0m - Loss: [93m    0.596821[0m
INFO -- Epoch: [95m391[0m - Loss: [93m    0.555361[0m
INFO -- Epoch: [95m392[0m - Loss: [93m    0.561719[0m
INFO -- Epoch: [95m393[0m - Loss: [93m    0.555121[0m
INFO -- Epoch: [95m394[0m - Loss: [93m    0.554368[0m
INFO -- Epoch: [95m395[0m - Loss: [93m    0.555421[0m
INFO -- Epoch: [95m396[0m - Loss: [93m    0.562955[0m
INFO -- Epoch: [95m397[0m - Loss: [93m    0.558136[0m
INFO -- Epoch: [95m398[0m - Loss: [93m    0.555006[0m
INFO -- Epoch: [95m399[0m - Loss: [93m    0.556745[0m
INFO -- Epoch: [95m400[0m - Loss: [93m    0.556894[0m
INFO -- Epoch: [95m401[0m - Loss: [93m    0.560373[0m
INFO -- Epoch: [95m402[0m - Loss: [93m    0.554379[0m
INFO -- Epoch: [95m403[0m - Loss: [93m    0.554028[0m
INFO -- Epoch: [95m404[0m - Loss: [93m    0.556441[0m
INFO -- Epoch: [95m405[0m - Loss: [93m    0.565784[0m
INFO -- Epoch: [95m406[0m - Loss: [93m    0.554609[0m
INFO -- Epoch: [95m407[0m - Loss: [93m    0.554286[0m
INFO -- Epoch: [95m408[0m - Loss: [93m    0.555329[0m
INFO -- Epoch: [95m409[0m - Loss: [93m    0.556522[0m
INFO -- Epoch: [95m410[0m - Loss: [93m    0.567026[0m
INFO -- Epoch: [95m411[0m - Loss: [93m    0.557031[0m
INFO -- Epoch: [95m412[0m - Loss: [93m    0.554496[0m
INFO -- Epoch: [95m413[0m - Loss: [93m    0.553435[0m
INFO -- Epoch: [95m414[0m - Loss: [93m    0.558169[0m
INFO -- Epoch: [95m415[0m - Loss: [93m    0.556594[0m
INFO -- Epoch: [95m416[0m - Loss: [93m    0.558581[0m
INFO -- Epoch: [95m417[0m - Loss: [93m    0.555750[0m
INFO -- Epoch: [95m418[0m - Loss: [93m    0.558445[0m
INFO -- Epoch: [95m419[0m - Loss: [93m    0.553536[0m
INFO -- Epoch: [95m420[0m - Loss: [93m    0.569008[0m
INFO -- Epoch: [95m421[0m - Loss: [93m    0.562420[0m
INFO -- Epoch: [95m422[0m - Loss: [93m    0.561059[0m
INFO -- Epoch: [95m423[0m - Loss: [93m    0.553986[0m
INFO -- Epoch: [95m424[0m - Loss: [93m    0.571129[0m
INFO -- Epoch: [95m425[0m - Loss: [93m    0.556416[0m
INFO -- Epoch: [95m426[0m - Loss: [93m    0.556759[0m
INFO -- Epoch: [95m427[0m - Loss: [93m    0.562740[0m
INFO -- Epoch: [95m428[0m - Loss: [93m    0.555537[0m
INFO -- Epoch: [95m429[0m - Loss: [93m    0.585121[0m
INFO -- Epoch: [95m430[0m - Loss: [93m    0.554555[0m
INFO -- Epoch: [95m431[0m - Loss: [93m    0.555822[0m
INFO -- Epoch: [95m432[0m - Loss: [93m    0.554246[0m
INFO -- Epoch: [95m433[0m - Loss: [93m    0.561508[0m
INFO -- Epoch: [95m434[0m - Loss: [93m    0.555614[0m
INFO -- Epoch: [95m435[0m - Loss: [93m    0.594455[0m
INFO -- Epoch: [95m436[0m - Loss: [93m    0.556135[0m
INFO -- Epoch: [95m437[0m - Loss: [93m    0.555875[0m
INFO -- Epoch: [95m438[0m - Loss: [93m    0.555283[0m
INFO -- Epoch: [95m439[0m - Loss: [93m    0.554582[0m
INFO -- Epoch: [95m440[0m - Loss: [93m    0.555219[0m
INFO -- Epoch: [95m441[0m - Loss: [93m    0.554781[0m
INFO -- Epoch: [95m442[0m - Loss: [93m    0.555393[0m
INFO -- Epoch: [95m443[0m - Loss: [93m    0.556826[0m
INFO -- Epoch: [95m444[0m - Loss: [93m    0.591238[0m
INFO -- Epoch: [95m445[0m - Loss: [93m    0.569811[0m
INFO -- Epoch: [95m446[0m - Loss: [93m    0.555895[0m
INFO -- Epoch: [95m447[0m - Loss: [93m    0.563819[0m
INFO -- Epoch: [95m448[0m - Loss: [93m    0.562451[0m
INFO -- Epoch: [95m449[0m - Loss: [93m    0.556095[0m
INFO -- Epoch: [95m450[0m - Loss: [93m    0.558469[0m
INFO -- Epoch: [95m451[0m - Loss: [93m    0.568801[0m
INFO -- Epoch: [95m452[0m - Loss: [93m    0.585392[0m
INFO -- Epoch: [95m453[0m - Loss: [93m    0.572199[0m
INFO -- Epoch: [95m454[0m - Loss: [93m    0.556650[0m
INFO -- Epoch: [95m455[0m - Loss: [93m    0.554754[0m
INFO -- Epoch: [95m456[0m - Loss: [93m    0.558297[0m
INFO -- Epoch: [95m457[0m - Loss: [93m    0.568208[0m
INFO -- Epoch: [95m458[0m - Loss: [93m    0.576945[0m
INFO -- Epoch: [95m459[0m - Loss: [93m    0.581366[0m
INFO -- Epoch: [95m460[0m - Loss: [93m    0.639427[0m
INFO -- Epoch: [95m461[0m - Loss: [93m    0.556583[0m
INFO -- Epoch: [95m462[0m - Loss: [93m    0.557648[0m
INFO -- Epoch: [95m463[0m - Loss: [93m    0.566677[0m
INFO -- Epoch: [95m464[0m - Loss: [93m    0.568080[0m
INFO -- Epoch: [95m465[0m - Loss: [93m    0.634617[0m
INFO -- Epoch: [95m466[0m - Loss: [93m    0.606213[0m
INFO -- Epoch: [95m467[0m - Loss: [93m    0.567386[0m
INFO -- Epoch: [95m468[0m - Loss: [93m    0.581226[0m
INFO -- Epoch: [95m469[0m - Loss: [93m    0.658261[0m
INFO -- Epoch: [95m470[0m - Loss: [93m    0.681004[0m
INFO -- Epoch: [95m471[0m - Loss: [93m    0.604564[0m
INFO -- Epoch: [95m472[0m - Loss: [93m    0.568796[0m
INFO -- Epoch: [95m473[0m - Loss: [93m    0.553496[0m
INFO -- Epoch: [95m474[0m - Loss: [93m    0.555733[0m
INFO -- Epoch: [95m475[0m - Loss: [93m    0.559491[0m
INFO -- Epoch: [95m476[0m - Loss: [93m    0.811971[0m
INFO -- Epoch: [95m477[0m - Loss: [93m    0.891281[0m
INFO -- Epoch: [95m478[0m - Loss: [93m    0.554961[0m
INFO -- Epoch: [95m479[0m - Loss: [93m    0.579412[0m
INFO -- Epoch: [95m480[0m - Loss: [93m    0.577658[0m
INFO -- Epoch: [95m481[0m - Loss: [93m    0.820481[0m
INFO -- Epoch: [95m482[0m - Loss: [93m    0.971076[0m
INFO -- Epoch: [95m483[0m - Loss: [93m    0.678862[0m
INFO -- Epoch: [95m484[0m - Loss: [93m    1.456590[0m
INFO -- Epoch: [95m485[0m - Loss: [93m    0.610267[0m
INFO -- Epoch: [95m486[0m - Loss: [93m    0.557867[0m
INFO -- Epoch: [95m487[0m - Loss: [93m    0.574373[0m
INFO -- Epoch: [95m488[0m - Loss: [93m    0.716659[0m
INFO -- Epoch: [95m489[0m - Loss: [93m    1.430367[0m
INFO -- Epoch: [95m490[0m - Loss: [93m    0.869204[0m
INFO -- Epoch: [95m491[0m - Loss: [93m    0.784683[0m
INFO -- Epoch: [95m492[0m - Loss: [93m    0.739056[0m
INFO -- Epoch: [95m493[0m - Loss: [93m    0.585747[0m
INFO -- Epoch: [95m494[0m - Loss: [93m    1.375769[0m
INFO -- Epoch: [95m495[0m - Loss: [93m    0.583833[0m
INFO -- Epoch: [95m496[0m - Loss: [93m    0.750387[0m
INFO -- Epoch: [95m497[0m - Loss: [93m    0.561899[0m
INFO -- Epoch: [95m498[0m - Loss: [93m    0.570498[0m
INFO -- Epoch: [95m499[0m - Loss: [93m    0.611684[0m
INFO -- Epoch: [95m500[0m - Loss: [93m    0.582437[0m
INFO -- Epoch: [95m501[0m - Loss: [93m    0.752203[0m
INFO -- Epoch: [95m502[0m - Loss: [93m    0.689915[0m
INFO -- Epoch: [95m503[0m - Loss: [93m    0.577892[0m
INFO -- Epoch: [95m504[0m - Loss: [93m    0.570088[0m
INFO -- Epoch: [95m505[0m - Loss: [93m    0.582345[0m
INFO -- Epoch: [95m506[0m - Loss: [93m    0.829528[0m
INFO -- Epoch: [95m507[0m - Loss: [93m    0.582095[0m
INFO -- Epoch: [95m508[0m - Loss: [93m    0.564873[0m
INFO -- Epoch: [95m509[0m - Loss: [93m    0.616457[0m
INFO -- Epoch: [95m510[0m - Loss: [93m    0.562318[0m
INFO -- Epoch: [95m511[0m - Loss: [93m    0.562303[0m
INFO -- Epoch: [95m512[0m - Loss: [93m    0.575428[0m
INFO -- Epoch: [95m513[0m - Loss: [93m    0.664974[0m
INFO -- Epoch: [95m514[0m - Loss: [93m    1.685249[0m
INFO -- Epoch: [95m515[0m - Loss: [93m    0.664220[0m
INFO -- Epoch: [95m516[0m - Loss: [93m    0.557248[0m
INFO -- Epoch: [95m517[0m - Loss: [93m    1.184859[0m
INFO -- Epoch: [95m518[0m - Loss: [93m    1.055415[0m
INFO -- Epoch: [95m519[0m - Loss: [93m    1.011079[0m
INFO -- Epoch: [95m520[0m - Loss: [93m    0.596299[0m
INFO -- Epoch: [95m521[0m - Loss: [93m    0.683964[0m
INFO -- Epoch: [95m522[0m - Loss: [93m    0.616035[0m
INFO -- Epoch: [95m523[0m - Loss: [93m    0.697606[0m
INFO -- Epoch: [95m524[0m - Loss: [93m    0.952222[0m
INFO -- Epoch: [95m525[0m - Loss: [93m    0.762625[0m
INFO -- Epoch: [95m526[0m - Loss: [93m    0.579376[0m
INFO -- Epoch: [95m527[0m - Loss: [93m    0.656812[0m
INFO -- Epoch: [95m528[0m - Loss: [93m    0.855313[0m
INFO -- Epoch: [95m529[0m - Loss: [93m    0.998188[0m
INFO -- Epoch: [95m530[0m - Loss: [93m    2.435276[0m
INFO -- Epoch: [95m531[0m - Loss: [93m    0.682275[0m
INFO -- Epoch: [95m532[0m - Loss: [93m    0.574244[0m
INFO -- Epoch: [95m533[0m - Loss: [93m    0.556912[0m
INFO -- Epoch: [95m534[0m - Loss: [93m    0.560292[0m
INFO -- Epoch: [95m535[0m - Loss: [93m    0.627843[0m
INFO -- Epoch: [95m536[0m - Loss: [93m    0.702588[0m
INFO -- Epoch: [95m537[0m - Loss: [93m    2.122423[0m
INFO -- Epoch: [95m538[0m - Loss: [93m    0.597160[0m
INFO -- Epoch: [95m539[0m - Loss: [93m    0.587272[0m
INFO -- Epoch: [95m540[0m - Loss: [93m    0.730018[0m
INFO -- Epoch: [95m541[0m - Loss: [93m    0.840788[0m
INFO -- Epoch: [95m542[0m - Loss: [93m    0.701534[0m
INFO -- Epoch: [95m543[0m - Loss: [93m    1.325789[0m
INFO -- Epoch: [95m544[0m - Loss: [93m    0.871195[0m
INFO -- Epoch: [95m545[0m - Loss: [93m    0.735652[0m
INFO -- Epoch: [95m546[0m - Loss: [93m    2.201544[0m
INFO -- Epoch: [95m547[0m - Loss: [93m    0.725565[0m
INFO -- Epoch: [95m548[0m - Loss: [93m    0.716368[0m
INFO -- Epoch: [95m549[0m - Loss: [93m    1.035556[0m
INFO -- Epoch: [95m550[0m - Loss: [93m    0.729658[0m
INFO -- Epoch: [95m551[0m - Loss: [93m    0.724746[0m
INFO -- Epoch: [95m552[0m - Loss: [93m    1.437886[0m
INFO -- Epoch: [95m553[0m - Loss: [93m    4.254309[0m
INFO -- Epoch: [95m554[0m - Loss: [93m    2.377118[0m
INFO -- Epoch: [95m555[0m - Loss: [93m    0.786451[0m
INFO -- Epoch: [95m556[0m - Loss: [93m    0.672305[0m
INFO -- Epoch: [95m557[0m - Loss: [93m    5.354145[0m
INFO -- Epoch: [95m558[0m - Loss: [93m    0.712373[0m
INFO -- Epoch: [95m559[0m - Loss: [93m    0.981031[0m
INFO -- Epoch: [95m560[0m - Loss: [93m    0.588599[0m
INFO -- Epoch: [95m561[0m - Loss: [93m    0.567953[0m
INFO -- Epoch: [95m562[0m - Loss: [93m    0.713371[0m
INFO -- Epoch: [95m563[0m - Loss: [93m    1.488896[0m
INFO -- Epoch: [95m564[0m - Loss: [93m    1.684498[0m
INFO -- Epoch: [95m565[0m - Loss: [93m    1.062812[0m
INFO -- Epoch: [95m566[0m - Loss: [93m    1.826370[0m
INFO -- Epoch: [95m567[0m - Loss: [93m    0.558494[0m
INFO -- Epoch: [95m568[0m - Loss: [93m    0.720145[0m
INFO -- Epoch: [95m569[0m - Loss: [93m    0.754009[0m
INFO -- Epoch: [95m570[0m - Loss: [93m    2.320569[0m
INFO -- Epoch: [95m571[0m - Loss: [93m    2.030447[0m
INFO -- Epoch: [95m572[0m - Loss: [93m    6.043208[0m
INFO -- Epoch: [95m573[0m - Loss: [93m    1.471851[0m
INFO -- Epoch: [95m574[0m - Loss: [93m    0.575831[0m
INFO -- Epoch: [95m575[0m - Loss: [93m    0.576409[0m
INFO -- Epoch: [95m576[0m - Loss: [93m    1.396274[0m
INFO -- Epoch: [95m577[0m - Loss: [93m    3.879346[0m
INFO -- Epoch: [95m578[0m - Loss: [93m    2.184789[0m
INFO -- Epoch: [95m579[0m - Loss: [93m    0.650599[0m
INFO -- Epoch: [95m580[0m - Loss: [93m    0.567546[0m
INFO -- Epoch: [95m581[0m - Loss: [93m    1.129553[0m
INFO -- Epoch: [95m582[0m - Loss: [93m    0.914334[0m
INFO -- Epoch: [95m583[0m - Loss: [93m    0.858248[0m
INFO -- Epoch: [95m584[0m - Loss: [93m    6.233294[0m
INFO -- Epoch: [95m585[0m - Loss: [93m    0.577502[0m
INFO -- Epoch: [95m586[0m - Loss: [93m    0.868275[0m
INFO -- Epoch: [95m587[0m - Loss: [93m    1.548822[0m
INFO -- Epoch: [95m588[0m - Loss: [93m    1.150341[0m
INFO -- Epoch: [95m589[0m - Loss: [93m    2.788025[0m
INFO -- Epoch: [95m590[0m - Loss: [93m    2.680646[0m
INFO -- Epoch: [95m591[0m - Loss: [93m    2.162668[0m
INFO -- Epoch: [95m592[0m - Loss: [93m    1.249722[0m
INFO -- Epoch: [95m593[0m - Loss: [93m    0.869534[0m
INFO -- Epoch: [95m594[0m - Loss: [93m    0.704175[0m
INFO -- Epoch: [95m595[0m - Loss: [93m    0.594418[0m
INFO -- Epoch: [95m596[0m - Loss: [93m    0.575161[0m
INFO -- Epoch: [95m597[0m - Loss: [93m    0.601644[0m
INFO -- Epoch: [95m598[0m - Loss: [93m    0.725499[0m
INFO -- Epoch: [95m599[0m - Loss: [93m    1.096903[0m
INFO -- Epoch: [95m600[0m - Loss: [93m    0.615368[0m
INFO -- Epoch: [95m601[0m - Loss: [93m    1.272812[0m
INFO -- Epoch: [95m602[0m - Loss: [93m    1.104281[0m
INFO -- Epoch: [95m603[0m - Loss: [93m    0.558726[0m
INFO -- Epoch: [95m604[0m - Loss: [93m    0.792621[0m
INFO -- Epoch: [95m605[0m - Loss: [93m    0.653983[0m
INFO -- Epoch: [95m606[0m - Loss: [93m    0.685529[0m
INFO -- Epoch: [95m607[0m - Loss: [93m    0.683450[0m
INFO -- Epoch: [95m608[0m - Loss: [93m    0.851867[0m
INFO -- Epoch: [95m609[0m - Loss: [93m    0.712720[0m
INFO -- Training interrupted by user at epoch [91m610[0m
INFO -- Creating plots and saving to files. Dimensions: 1
