INFO -- Device: cuda
INFO -- One dimentional problem
INFO -- 
INFO -- ================================================================================
INFO -- Learning parameters
INFO -- Length:                                           [92m1.0[0m
INFO -- Total time:                                       [92m1.0[0m
INFO -- Number of points in x:                            [92m150[0m
INFO -- Number of points in t:                            [92m150[0m
INFO -- Number of points in initial condition:            [92m300[0m
INFO -- Weight for interior loss:                         [92m0.5[0m
INFO -- Weight for initial condition loss:                [92m150.0[0m
INFO -- Weight for boundary loss:                         [92m1.0[0m
INFO -- Layers:                                           [92m4[0m
INFO -- Neurons per layer:                                [92m20[0m
INFO -- Epochs:                                           [92m50[0m
INFO -- Learning rate:                                    [92m0.1[0m
INFO -- ================================================================================
INFO -- 
INFO -- Creating PINN with [92m4[0m layers and [92m20[0m neurons per layer
INFO -- Computing initial condition loss
INFO -- Training PINN for [93m50[0m epochs using [93mloss_fn_weak_and_strong[0m loss function
INFO -- Epoch: [95m1[0m - Loss: [93m    0.947887[0m
INFO -- Epoch: [95m2[0m - Loss: [93m    3.534374[0m
INFO -- Epoch: [95m3[0m - Loss: [93m    5.998124[0m
INFO -- Epoch: [95m4[0m - Loss: [93m    0.555601[0m
INFO -- Epoch: [95m5[0m - Loss: [93m    4.262722[0m
INFO -- Epoch: [95m6[0m - Loss: [93m    4.475945[0m
INFO -- Epoch: [95m7[0m - Loss: [93m    1.428715[0m
INFO -- Epoch: [95m8[0m - Loss: [93m    0.625668[0m
INFO -- Epoch: [95m9[0m - Loss: [93m    0.724781[0m
INFO -- Epoch: [95m10[0m - Loss: [93m    0.547646[0m
INFO -- Epoch: [95m11[0m - Loss: [93m    0.696056[0m
INFO -- Epoch: [95m12[0m - Loss: [93m    0.748504[0m
INFO -- Epoch: [95m13[0m - Loss: [93m    0.654344[0m
INFO -- Epoch: [95m14[0m - Loss: [93m    0.564200[0m
INFO -- Epoch: [95m15[0m - Loss: [93m    0.584151[0m
INFO -- Epoch: [95m16[0m - Loss: [93m    0.627830[0m
INFO -- Epoch: [95m17[0m - Loss: [93m    0.584871[0m
INFO -- Epoch: [95m18[0m - Loss: [93m    0.557347[0m
INFO -- Epoch: [95m19[0m - Loss: [93m    0.582573[0m
INFO -- Epoch: [95m20[0m - Loss: [93m    0.592536[0m
INFO -- Epoch: [95m21[0m - Loss: [93m    0.569943[0m
INFO -- Epoch: [95m22[0m - Loss: [93m    0.555690[0m
INFO -- Epoch: [95m23[0m - Loss: [93m    0.569534[0m
INFO -- Epoch: [95m24[0m - Loss: [93m    0.581595[0m
INFO -- Epoch: [95m25[0m - Loss: [93m    0.570141[0m
INFO -- Epoch: [95m26[0m - Loss: [93m    0.556117[0m
INFO -- Epoch: [95m27[0m - Loss: [93m    0.560801[0m
INFO -- Epoch: [95m28[0m - Loss: [93m    0.571103[0m
INFO -- Epoch: [95m29[0m - Loss: [93m    0.567243[0m
INFO -- Epoch: [95m30[0m - Loss: [93m    0.556857[0m
INFO -- Epoch: [95m31[0m - Loss: [93m    0.557585[0m
INFO -- Epoch: [95m32[0m - Loss: [93m    0.565232[0m
INFO -- Epoch: [95m33[0m - Loss: [93m    0.564357[0m
INFO -- Epoch: [95m34[0m - Loss: [93m    0.557004[0m
INFO -- Epoch: [95m35[0m - Loss: [93m    0.556407[0m
INFO -- Epoch: [95m36[0m - Loss: [93m    0.561681[0m
INFO -- Epoch: [95m37[0m - Loss: [93m    0.561587[0m
INFO -- Epoch: [95m38[0m - Loss: [93m    0.556561[0m
INFO -- Epoch: [95m39[0m - Loss: [93m    0.556089[0m
INFO -- Epoch: [95m40[0m - Loss: [93m    0.559723[0m
INFO -- Epoch: [95m41[0m - Loss: [93m    0.559455[0m
INFO -- Epoch: [95m42[0m - Loss: [93m    0.556004[0m
INFO -- Epoch: [95m43[0m - Loss: [93m    0.556073[0m
INFO -- Epoch: [95m44[0m - Loss: [93m    0.558537[0m
INFO -- Epoch: [95m45[0m - Loss: [93m    0.557853[0m
INFO -- Epoch: [95m46[0m - Loss: [93m    0.555584[0m
INFO -- Epoch: [95m47[0m - Loss: [93m    0.556186[0m
INFO -- Epoch: [95m48[0m - Loss: [93m    0.557696[0m
INFO -- Epoch: [95m49[0m - Loss: [93m    0.556686[0m
INFO -- Epoch: [95m50[0m - Loss: [93m    0.555412[0m
INFO -- Creating plots and saving to files. Dimensions: 1
