INFO -- Device: cuda
INFO -- 
INFO -- ================================================================================
INFO -- Learning parameters
INFO -- Length:                                           [92m1.0[0m
INFO -- Total time:                                       [92m1.0[0m
INFO -- Number of points in x:                            [92m150[0m
INFO -- Number of points in initial condition:            [92m300[0m
INFO -- Weight for interior loss:                         [92m0.5[0m
INFO -- Weight for initial condition loss:                [92m150.0[0m
INFO -- Weight for boundary loss:                         [92m1.0[0m
INFO -- Layers:                                           [92m4[0m
INFO -- Neurons per layer:                                [92m20[0m
INFO -- Epochs:                                           [92m50000[0m
INFO -- Learning rate:                                    [92m0.0025[0m
INFO -- ================================================================================
INFO -- 
INFO -- Creating PINN with [92m4[0m layers and [92m20[0m neurons per layer
INFO -- Computing initial condition loss
INFO -- Training PINN for [93m50000[0m epochs using [93mloss_fn_weak_and_strong[0m loss function
INFO -- Epoch: [95m1[0m - Loss: [93m   21.203917[0m
INFO -- Epoch: [95m2[0m - Loss: [93m    5.350939[0m
INFO -- Epoch: [95m3[0m - Loss: [93m    1.671087[0m
INFO -- Epoch: [95m4[0m - Loss: [93m    4.366433[0m
INFO -- Epoch: [95m5[0m - Loss: [93m    6.563501[0m
INFO -- Epoch: [95m6[0m - Loss: [93m    6.220536[0m
INFO -- Epoch: [95m7[0m - Loss: [93m    4.599612[0m
INFO -- Epoch: [95m8[0m - Loss: [93m    2.978924[0m
INFO -- Epoch: [95m9[0m - Loss: [93m    1.938225[0m
INFO -- Epoch: [95m10[0m - Loss: [93m    1.535232[0m
INFO -- Epoch: [95m11[0m - Loss: [93m    1.586149[0m
INFO -- Epoch: [95m12[0m - Loss: [93m    1.852476[0m
INFO -- Epoch: [95m13[0m - Loss: [93m    2.133848[0m
INFO -- Epoch: [95m14[0m - Loss: [93m    2.305133[0m
INFO -- Epoch: [95m15[0m - Loss: [93m    2.319806[0m
INFO -- Epoch: [95m16[0m - Loss: [93m    2.192534[0m
INFO -- Epoch: [95m17[0m - Loss: [93m    1.974040[0m
INFO -- Epoch: [95m18[0m - Loss: [93m    1.727647[0m
INFO -- Epoch: [95m19[0m - Loss: [93m    1.511759[0m
INFO -- Epoch: [95m20[0m - Loss: [93m    1.368493[0m
INFO -- Epoch: [95m21[0m - Loss: [93m    1.316545[0m
INFO -- Epoch: [95m22[0m - Loss: [93m    1.346967[0m
INFO -- Epoch: [95m23[0m - Loss: [93m    1.424114[0m
INFO -- Epoch: [95m24[0m - Loss: [93m    1.497955[0m
INFO -- Epoch: [95m25[0m - Loss: [93m    1.527185[0m
INFO -- Epoch: [95m26[0m - Loss: [93m    1.497196[0m
INFO -- Epoch: [95m27[0m - Loss: [93m    1.420502[0m
INFO -- Epoch: [95m28[0m - Loss: [93m    1.324082[0m
INFO -- Epoch: [95m29[0m - Loss: [93m    1.234644[0m
INFO -- Epoch: [95m30[0m - Loss: [93m    1.169231[0m
INFO -- Epoch: [95m31[0m - Loss: [93m    1.132861[0m
INFO -- Epoch: [95m32[0m - Loss: [93m    1.121131[0m
INFO -- Epoch: [95m33[0m - Loss: [93m    1.124688[0m
INFO -- Epoch: [95m34[0m - Loss: [93m    1.133293[0m
INFO -- Epoch: [95m35[0m - Loss: [93m    1.138513[0m
INFO -- Epoch: [95m36[0m - Loss: [93m    1.135033[0m
INFO -- Epoch: [95m37[0m - Loss: [93m    1.120901[0m
INFO -- Epoch: [95m38[0m - Loss: [93m    1.097086[0m
INFO -- Epoch: [95m39[0m - Loss: [93m    1.066624[0m
INFO -- Epoch: [95m40[0m - Loss: [93m    1.033596[0m
INFO -- Epoch: [95m41[0m - Loss: [93m    1.002105[0m
INFO -- Epoch: [95m42[0m - Loss: [93m    0.975409[0m
INFO -- Epoch: [95m43[0m - Loss: [93m    0.955311[0m
INFO -- Epoch: [95m44[0m - Loss: [93m    0.941906[0m
INFO -- Epoch: [95m45[0m - Loss: [93m    0.933731[0m
INFO -- Epoch: [95m46[0m - Loss: [93m    0.928283[0m
INFO -- Epoch: [95m47[0m - Loss: [93m    0.922796[0m
INFO -- Epoch: [95m48[0m - Loss: [93m    0.915041[0m
INFO -- Epoch: [95m49[0m - Loss: [93m    0.903899[0m
INFO -- Epoch: [95m50[0m - Loss: [93m    0.889527[0m
INFO -- Epoch: [95m51[0m - Loss: [93m    0.873105[0m
INFO -- Epoch: [95m52[0m - Loss: [93m    0.856301[0m
INFO -- Epoch: [95m53[0m - Loss: [93m    0.840687[0m
INFO -- Epoch: [95m54[0m - Loss: [93m    0.827296[0m
INFO -- Epoch: [95m55[0m - Loss: [93m    0.816438[0m
INFO -- Epoch: [95m56[0m - Loss: [93m    0.807750[0m
INFO -- Epoch: [95m57[0m - Loss: [93m    0.800431[0m
INFO -- Epoch: [95m58[0m - Loss: [93m    0.793536[0m
INFO -- Epoch: [95m59[0m - Loss: [93m    0.786253[0m
INFO -- Epoch: [95m60[0m - Loss: [93m    0.778096[0m
INFO -- Epoch: [95m61[0m - Loss: [93m    0.768981[0m
INFO -- Epoch: [95m62[0m - Loss: [93m    0.759183[0m
INFO -- Epoch: [95m63[0m - Loss: [93m    0.749206[0m
INFO -- Epoch: [95m64[0m - Loss: [93m    0.739612[0m
INFO -- Epoch: [95m65[0m - Loss: [93m    0.730843[0m
INFO -- Epoch: [95m66[0m - Loss: [93m    0.723110[0m
INFO -- Epoch: [95m67[0m - Loss: [93m    0.716348[0m
INFO -- Epoch: [95m68[0m - Loss: [93m    0.710269[0m
INFO -- Epoch: [95m69[0m - Loss: [93m    0.704482[0m
INFO -- Epoch: [95m70[0m - Loss: [93m    0.698632[0m
INFO -- Epoch: [95m71[0m - Loss: [93m    0.692513[0m
INFO -- Epoch: [95m72[0m - Loss: [93m    0.686120[0m
INFO -- Epoch: [95m73[0m - Loss: [93m    0.679618[0m
INFO -- Epoch: [95m74[0m - Loss: [93m    0.673260[0m
INFO -- Epoch: [95m75[0m - Loss: [93m    0.667279[0m
INFO -- Epoch: [95m76[0m - Loss: [93m    0.661810[0m
INFO -- Epoch: [95m77[0m - Loss: [93m    0.656851[0m
INFO -- Epoch: [95m78[0m - Loss: [93m    0.652289[0m
INFO -- Epoch: [95m79[0m - Loss: [93m    0.647950[0m
INFO -- Epoch: [95m80[0m - Loss: [93m    0.643676[0m
INFO -- Epoch: [95m81[0m - Loss: [93m    0.639373[0m
INFO -- Epoch: [95m82[0m - Loss: [93m    0.635039[0m
INFO -- Epoch: [95m83[0m - Loss: [93m    0.630749[0m
INFO -- Epoch: [95m84[0m - Loss: [93m    0.626613[0m
INFO -- Epoch: [95m85[0m - Loss: [93m    0.622727[0m
INFO -- Epoch: [95m86[0m - Loss: [93m    0.619137[0m
INFO -- Epoch: [95m87[0m - Loss: [93m    0.615823[0m
INFO -- Epoch: [95m88[0m - Loss: [93m    0.612716[0m
INFO -- Epoch: [95m89[0m - Loss: [93m    0.609731[0m
INFO -- Epoch: [95m90[0m - Loss: [93m    0.606803[0m
INFO -- Epoch: [95m91[0m - Loss: [93m    0.603912[0m
INFO -- Epoch: [95m92[0m - Loss: [93m    0.601081[0m
INFO -- Epoch: [95m93[0m - Loss: [93m    0.598361[0m
INFO -- Epoch: [95m94[0m - Loss: [93m    0.595798[0m
INFO -- Epoch: [95m95[0m - Loss: [93m    0.593417[0m
INFO -- Epoch: [95m96[0m - Loss: [93m    0.591206[0m
INFO -- Epoch: [95m97[0m - Loss: [93m    0.589131[0m
INFO -- Epoch: [95m98[0m - Loss: [93m    0.587149[0m
INFO -- Epoch: [95m99[0m - Loss: [93m    0.585230[0m
INFO -- Epoch: [95m100[0m - Loss: [93m    0.583366[0m
INFO -- Epoch: [95m101[0m - Loss: [93m    0.581570[0m
INFO -- Epoch: [95m102[0m - Loss: [93m    0.579867[0m
INFO -- Epoch: [95m103[0m - Loss: [93m    0.578274[0m
INFO -- Epoch: [95m104[0m - Loss: [93m    0.576796[0m
INFO -- Epoch: [95m105[0m - Loss: [93m    0.575419[0m
INFO -- Epoch: [95m106[0m - Loss: [93m    0.574124[0m
INFO -- Epoch: [95m107[0m - Loss: [93m    0.572888[0m
INFO -- Epoch: [95m108[0m - Loss: [93m    0.571702[0m
INFO -- Epoch: [95m109[0m - Loss: [93m    0.570568[0m
INFO -- Epoch: [95m110[0m - Loss: [93m    0.569495[0m
INFO -- Training interrupted by user at epoch [91m111[0m
INFO -- Creating plots and saving to files. Dimensions: 1
