INFO -- Device: cuda
INFO -- [92mOne dimentional problem[0m
INFO -- 
INFO -- ================================================================================
INFO -- Learning parameters
INFO -- Length:                                           [92m1.0[0m
INFO -- Total time:                                       [92m1.0[0m
INFO -- Number of points in x:                            [92m40[0m
INFO -- Number of points in initial condition:            [92m300[0m
INFO -- Weight for interior loss:                         [92m50.0[0m
INFO -- Weight for initial condition loss:                [92m0.5[0m
INFO -- Weight for boundary loss:                         [92m1.0[0m
INFO -- Layers:                                           [92m4[0m
INFO -- Neurons per layer:                                [92m20[0m
INFO -- Epochs:                                           [92m1[0m
INFO -- Learning rate:                                    [92m0.01[0m
INFO -- ================================================================================
INFO -- 
INFO -- Creating PINN with [92m4[0m layers and [92m20[0m neurons per layer
INFO -- Computing initial condition loss
INFO -- Training PINN for [93m1[0m epochs using [93mloss_fn_weak_and_strong[0m loss function
DEBUG -- loss_weak components:
DEBUG -- dfdx(pinn, x, order=1).cuda() * v
DEBUG -- tensor([[ 2.3125e-01, -3.4816e-02, -8.8808e-03,  ..., -3.5088e-02,
         -3.3553e-03, -6.8279e-01],
        [ 3.3666e-01, -5.0687e-02, -1.2929e-02,  ..., -5.1082e-02,
         -4.8849e-03, -9.9404e-01],
        [ 5.3918e-02, -8.1177e-03, -2.0706e-03,  ..., -8.1810e-03,
         -7.8233e-04, -1.5920e-01],
        ...,
        [-1.5564e-01,  2.3433e-02,  5.9772e-03,  ...,  2.3616e-02,
          2.2583e-03,  4.5955e-01],
        [-4.7702e-01,  7.1819e-02,  1.8319e-02,  ...,  7.2379e-02,
          6.9215e-03,  1.4085e+00],
        [-2.5898e-01,  3.8991e-02,  9.9457e-03,  ...,  3.9295e-02,
          3.7577e-03,  7.6467e-01]], device='cuda:0', grad_fn=<MulBackward0>)
DEBUG -- eps_interior*dfdx(pinn, x, order=2) * v_deriv_x
DEBUG -- tensor([[-3.5510],
        [ 2.2583],
        [-0.0267],
        [ 0.4794],
        [-0.7134],
        [-0.7625],
        [ 2.8669],
        [ 0.1516],
        [ 0.1262],
        [-0.4913],
        [ 1.7348],
        [-0.2905],
        [-0.4578],
        [-1.8958],
        [ 0.9440],
        [-0.4032],
        [ 0.0168],
        [ 0.3108],
        [-1.1023],
        [-0.0097],
        [-1.9682],
        [ 0.7404],
        [ 2.7985],
        [-0.4426],
        [ 0.8233],
        [-1.2359],
        [-1.0053],
        [-0.9718],
        [-0.2652],
        [-0.1018],
        [-0.0056],
        [-0.1298],
        [-0.8782],
        [ 0.1160],
        [-0.3697],
        [-0.4557],
        [ 0.6338],
        [-2.1966],
        [ 1.2811],
        [-0.0000]], device='cuda:0', grad_fn=<MulBackward0>)
DEBUG -- ++++++++++++++++++++++++++++++++++++++++++++++++++++++++++++++++++++++++++++++++++++++++++++++++++++
DEBUG -- eps_interior
DEBUG -- 0.1
DEBUG -- dfdx(pinn, x, order=2)
DEBUG -- tensor([[-0.0171],
        [ 0.0457],
        [-0.0016],
        [ 0.0226],
        [-0.0153],
        [-0.0368],
        [ 0.0402],
        [-0.0132],
        [ 0.0033],
        [ 0.0248],
        [ 0.0212],
        [ 0.0105],
        [-0.0173],
        [-0.0414],
        [-0.0365],
        [-0.0205],
        [-0.0104],
        [-0.0367],
        [-0.0252],
        [ 0.0001],
        [-0.0404],
        [ 0.0160],
        [-0.0368],
        [ 0.0331],
        [-0.0206],
        [-0.0385],
        [-0.0407],
        [ 0.0257],
        [ 0.0210],
        [ 0.0098],
        [ 0.0089],
        [-0.0063],
        [ 0.0303],
        [-0.0140],
        [-0.0074],
        [-0.0410],
        [-0.0115],
        [-0.0448],
        [-0.0422],
        [-0.0337]], device='cuda:0', grad_fn=<TransposeBackward0>)
DEBUG -- v_deriv_x
DEBUG -- tensor([[2075.0183],
        [ 494.0019],
        [ 167.0108],
        [ 212.3146],
        [ 467.5550],
        [ 207.2988],
        [ 712.5450],
        [-114.9817],
        [ 379.0856],
        [-198.2425],
        [ 819.5234],
        [-276.7136],
        [ 264.0466],
        [ 457.9318],
        [-258.4642],
        [ 196.6122],
        [ -16.1861],
        [ -84.7237],
        [ 438.0462],
        [-663.9142],
        [ 486.6027],
        [ 462.8416],
        [-759.5746],
        [-133.6315],
        [-398.8040],
        [ 320.9871],
        [ 246.8701],
        [-377.4936],
        [-126.2858],
        [-104.0468],
        [  -6.2682],
        [ 204.5723],
        [-289.5119],
        [ -82.8547],
        [ 496.5752],
        [ 111.2024],
        [-550.6141],
        [ 490.7925],
        [-303.2876],
        [   0.0000]], device='cuda:0')
DEBUG -- ++++++++++++++++++++++++++++++++++++++++++++++++++++++++++++++++++++++++++++++++++++++++++++++++++++
DEBUG -- final: torch.trapezoid(dfdx(pinn, x, order=1).cuda() * v + eps_interior*dfdx(pinn, x, order=2) * v_deriv_x, dx=1/n)
DEBUG -- tensor([-3.4937,  2.1560, -0.0334,  0.4521, -0.6698, -0.7609,  2.6969,  0.1575,
         0.0802, -0.5061,  1.6984, -0.3852, -0.4325, -1.8394,  0.9487, -0.4316,
         0.0553,  0.3290, -1.0941, -0.0414, -1.8359,  0.7360,  2.7956, -0.4654,
         0.8082, -1.1690, -0.9441, -0.9321, -0.2931, -0.1019,  0.0094, -0.1058,
        -0.8676,  0.0704, -0.4017, -0.3859,  0.6481, -2.1205,  1.3140,  0.0353],
       device='cuda:0', grad_fn=<MulBackward1>)
DEBUG -- loss_strong components:
DEBUG -- eps_interior*dfdx(pinn, x, order=2)
DEBUG -- tensor([[-1.7113e-03],
        [ 4.5713e-03],
        [-1.5990e-04],
        [ 2.2579e-03],
        [-1.5258e-03],
        [-3.6782e-03],
        [ 4.0234e-03],
        [-1.3188e-03],
        [ 3.3279e-04],
        [ 2.4783e-03],
        [ 2.1169e-03],
        [ 1.0497e-03],
        [-1.7336e-03],
        [-4.1398e-03],
        [-3.6525e-03],
        [-2.0509e-03],
        [-1.0364e-03],
        [-3.6690e-03],
        [-2.5165e-03],
        [ 1.4638e-05],
        [-4.0447e-03],
        [ 1.5996e-03],
        [-3.6843e-03],
        [ 3.3121e-03],
        [-2.0643e-03],
        [-3.8504e-03],
        [-4.0720e-03],
        [ 2.5742e-03],
        [ 2.1004e-03],
        [ 9.7819e-04],
        [ 8.9381e-04],
        [-6.3463e-04],
        [ 3.0334e-03],
        [-1.4006e-03],
        [-7.4457e-04],
        [-4.0980e-03],
        [-1.1511e-03],
        [-4.4755e-03],
        [-4.2240e-03],
        [-3.3727e-03]], device='cuda:0', grad_fn=<MulBackward0>)
DEBUG -- dfdx(pinn, x, order=1)
DEBUG -- tensor([[-0.0496],
        [-0.0722],
        [-0.0116],
        [-0.0241],
        [ 0.0407],
        [-0.0275],
        [-0.1549],
        [ 0.0153],
        [-0.0674],
        [-0.0427],
        [ 0.0110],
        [-0.1608],
        [ 0.0218],
        [ 0.0142],
        [ 0.0445],
        [-0.0606],
        [ 0.0613],
        [ 0.0408],
        [-0.0304],
        [-0.0502],
        [ 0.1308],
        [ 0.0223],
        [ 0.1057],
        [-0.0534],
        [ 0.0087],
        [ 0.0568],
        [ 0.0567],
        [ 0.0241],
        [-0.0543],
        [-0.0041],
        [ 0.0233],
        [ 0.0327],
        [-0.0178],
        [-0.0673],
        [-0.0650],
        [ 0.0920],
        [ 0.0475],
        [ 0.0334],
        [ 0.1023],
        [ 0.0556]], device='cuda:0', grad_fn=<TransposeBackward0>)
DEBUG -- final: torch.trapezoid((- eps_interior*dfdx(pinn, x, order=2) + dfdx(pinn, x, order=1)) * v, dx=1/n)
DEBUG -- tensor([-0.0304, -0.0487, -0.0072, -0.0168,  0.0268, -0.0151, -0.1009,  0.0105,
        -0.0430, -0.0287,  0.0057, -0.1027,  0.0149,  0.0116,  0.0306, -0.0371,
         0.0396,  0.0282, -0.0177, -0.0319,  0.0856,  0.0131,  0.0694, -0.0360,
         0.0069,  0.0385,  0.0386,  0.0137, -0.0358, -0.0032,  0.0143,  0.0212,
        -0.0132, -0.0418, -0.0408,  0.0610,  0.0309,  0.0240,  0.0676,  0.0374],
       device='cuda:0', grad_fn=<MulBackward1>)
INFO -- Training took [92m1.82[0m seconds
INFO -- Creating plots and saving to files. Dimensions: 1
