INFO -- Device: cuda
INFO -- 
INFO -- ================================================================================
INFO -- Learning parameters
INFO -- Length:                                           [92m1.0[0m
INFO -- Total time:                                       [92m1.0[0m
INFO -- Number of points in x:                            [92m150[0m
INFO -- Number of points in initial condition:            [92m300[0m
INFO -- Weight for interior loss:                         [92m0.5[0m
INFO -- Weight for initial condition loss:                [92m150.0[0m
INFO -- Weight for boundary loss:                         [92m1.0[0m
INFO -- Layers:                                           [92m2[0m
INFO -- Neurons per layer:                                [92m60[0m
INFO -- Epochs:                                           [92m50000[0m
INFO -- Learning rate:                                    [92m0.0025[0m
INFO -- ================================================================================
INFO -- 
INFO -- Creating PINN with [92m2[0m layers and [92m60[0m neurons per layer
INFO -- Computing initial condition loss
INFO -- Training PINN for [93m50000[0m epochs using [93mloss_fn_weak[0m loss function
INFO -- Epoch: [95m1[0m - Loss: [93m   65.514366[0m
INFO -- Epoch: [95m2[0m - Loss: [93m   73.249870[0m
INFO -- Epoch: [95m3[0m - Loss: [93m   20.364122[0m
INFO -- Epoch: [95m4[0m - Loss: [93m    3.935069[0m
INFO -- Epoch: [95m5[0m - Loss: [93m   19.794794[0m
INFO -- Epoch: [95m6[0m - Loss: [93m   33.335239[0m
INFO -- Epoch: [95m7[0m - Loss: [93m   52.431263[0m
INFO -- Epoch: [95m8[0m - Loss: [93m    2.188703[0m
INFO -- Epoch: [95m9[0m - Loss: [93m    7.268163[0m
INFO -- Epoch: [95m10[0m - Loss: [93m   26.575119[0m
INFO -- Epoch: [95m11[0m - Loss: [93m   21.287306[0m
INFO -- Training interrupted by user at epoch [91m12[0m
INFO -- Creating plots and saving to files. Dimensions: 1
