INFO -- Device: cuda
INFO -- [92mTwo dimentional problem[0m
INFO -- 
INFO -- ================================================================================
INFO -- Learning parameters
INFO -- Length:                                           [92m1.0[0m
INFO -- Total time:                                       [92m1.0[0m
INFO -- Number of points in x:                            [92m10[0m
INFO -- Number of points in t:                            [92m10[0m
INFO -- Number of points in initial condition:            [92m300[0m
INFO -- Weight for interior loss:                         [92m1.0[0m
INFO -- Weight for initial condition loss:                [92m0.0[0m
INFO -- Weight for boundary loss:                         [92m1.0[0m
INFO -- Layers:                                           [92m4[0m
INFO -- Neurons per layer:                                [92m20[0m
INFO -- Epochs:                                           [92m100[0m
INFO -- Learning rate:                                    [92m0.00125[0m
INFO -- ================================================================================
INFO -- 
INFO -- Creating [92m2D[0m BSpline
INFO -- Creating PINN with [92m4[0m layers and [92m20[0m neurons per layer
INFO -- Training PINN for [93m100[0m epochs using [93mloss_fn_basic[0m loss function
INFO -- Training interrupted at epoch [91m1[0m
ERROR -- Exception occurred: Expect a 1D vector, but got shape [10, 1]
Traceback (most recent call last):
  File "C:\Users\macie\Documents\Studia\Magisterka\PINN_IGA_Masters\NN_tools.py", line 45, in train_model
    loss: torch.Tensor = loss_fn(nn_approximator)
  File "C:\Users\macie\Documents\Studia\Magisterka\PINN_IGA_Masters\loss_functions.py", line 514, in compute_loss
    final_loss += weight_i * initial_loss(model, x, t)
  File "C:\Users\macie\Documents\Studia\Magisterka\PINN_IGA_Masters\loss_functions.py", line 477, in initial_loss
    f_initial = initial_condition(x_raw, t_raw)
  File "C:\Users\macie\Documents\Studia\Magisterka\PINN_IGA_Masters\loss_functions.py", line 18, in initial_condition
    xt = torch.cartesian_prod(x, t)
  File "C:\Users\macie\AppData\Local\Programs\Python\Python310\lib\site-packages\torch\functional.py", line 1129, in cartesian_prod
    return _VF.cartesian_prod(tensors)  # type: ignore[attr-defined]
RuntimeError: Expect a 1D vector, but got shape [10, 1]
INFO -- Training took [92m0.92[0m seconds
