INFO -- Device: cuda
INFO -- 
INFO -- ================================================================================
INFO -- Learning parameters
INFO -- Length:                                           [92m1.0[0m
INFO -- Total time:                                       [92m1.0[0m
INFO -- Number of points in x:                            [92m150[0m
INFO -- Number of points in initial condition:            [92m300[0m
INFO -- Weight for interior loss:                         [92m0.5[0m
INFO -- Weight for initial condition loss:                [92m150.0[0m
INFO -- Weight for boundary loss:                         [92m1.0[0m
INFO -- Layers:                                           [92m8[0m
INFO -- Neurons per layer:                                [92m60[0m
INFO -- Epochs:                                           [92m50000[0m
INFO -- Learning rate:                                    [92m0.0025[0m
INFO -- ================================================================================
INFO -- 
INFO -- Creating PINN with [92m8[0m layers and [92m60[0m neurons per layer
INFO -- Computing initial condition loss
INFO -- Training PINN for [93m50000[0m epochs using [93mloss_fn_strong[0m loss function
INFO -- Epoch: [95m1[0m - Loss: [93m    1.374840[0m
INFO -- Epoch: [95m2[0m - Loss: [93m    1.064685[0m
INFO -- Epoch: [95m3[0m - Loss: [93m    0.801249[0m
INFO -- Epoch: [95m4[0m - Loss: [93m    0.597445[0m
INFO -- Epoch: [95m5[0m - Loss: [93m    0.590618[0m
INFO -- Epoch: [95m6[0m - Loss: [93m    0.680610[0m
INFO -- Epoch: [95m7[0m - Loss: [93m    0.613848[0m
INFO -- Epoch: [95m8[0m - Loss: [93m    0.549159[0m
INFO -- Epoch: [95m9[0m - Loss: [93m    0.551173[0m
INFO -- Epoch: [95m10[0m - Loss: [93m    0.577548[0m
INFO -- Epoch: [95m11[0m - Loss: [93m    0.585109[0m
INFO -- Epoch: [95m12[0m - Loss: [93m    0.571210[0m
INFO -- Epoch: [95m13[0m - Loss: [93m    0.549541[0m
INFO -- Epoch: [95m14[0m - Loss: [93m    0.533282[0m
INFO -- Epoch: [95m15[0m - Loss: [93m    0.530692[0m
INFO -- Epoch: [95m16[0m - Loss: [93m    0.540102[0m
INFO -- Epoch: [95m17[0m - Loss: [93m    0.546700[0m
INFO -- Epoch: [95m18[0m - Loss: [93m    0.541006[0m
INFO -- Epoch: [95m19[0m - Loss: [93m    0.531034[0m
INFO -- Epoch: [95m20[0m - Loss: [93m    0.527101[0m
INFO -- Epoch: [95m21[0m - Loss: [93m    0.530123[0m
INFO -- Epoch: [95m22[0m - Loss: [93m    0.534201[0m
INFO -- Epoch: [95m23[0m - Loss: [93m    0.534590[0m
INFO -- Epoch: [95m24[0m - Loss: [93m    0.531475[0m
INFO -- Epoch: [95m25[0m - Loss: [93m    0.527783[0m
INFO -- Epoch: [95m26[0m - Loss: [93m    0.525817[0m
INFO -- Epoch: [95m27[0m - Loss: [93m    0.525726[0m
INFO -- Epoch: [95m28[0m - Loss: [93m    0.526091[0m
INFO -- Epoch: [95m29[0m - Loss: [93m    0.525625[0m
INFO -- Training interrupted by user at epoch [91m30[0m
INFO -- Creating plots and saving to files. Dimensions: 1
