INFO -- Device: cuda
INFO -- [92mOne dimentional problem[0m
INFO -- 
INFO -- ================================================================================
INFO -- Learning parameters
INFO -- Length:                                           [92m1.0[0m
INFO -- Total time:                                       [92m1.0[0m
INFO -- Number of points in x:                            [92m100[0m
INFO -- Number of points in initial condition:            [92m300[0m
INFO -- Weight for interior loss:                         [92m1.0[0m
INFO -- Weight for initial condition loss:                [92m0.0[0m
INFO -- Weight for boundary loss:                         [92m1.0[0m
INFO -- Layers:                                           [92m4[0m
INFO -- Neurons per layer:                                [92m20[0m
INFO -- Epochs:                                           [92m1500[0m
INFO -- Learning rate:                                    [92m0.00125[0m
INFO -- ================================================================================
INFO -- 
INFO -- Creating [92m1D[0m BSpline
INFO -- Creating PINN with [92m4[0m layers and [92m20[0m neurons per layer
