INFO -- Device: cuda
INFO -- [92mOne dimentional problem[0m
INFO -- 
INFO -- ================================================================================
INFO -- Learning parameters
INFO -- Length:                                           [92m1.0[0m
INFO -- Total time:                                       [92m1.0[0m
INFO -- Number of points in x:                            [92m150[0m
INFO -- Number of points in t:                            [92m150[0m
INFO -- Number of points in initial condition:            [92m300[0m
INFO -- Weight for interior loss:                         [92m0.5[0m
INFO -- Weight for initial condition loss:                [92m150.0[0m
INFO -- Weight for boundary loss:                         [92m1.0[0m
INFO -- Layers:                                           [92m4[0m
INFO -- Neurons per layer:                                [92m20[0m
INFO -- Epochs:                                           [92m50000[0m
INFO -- Learning rate:                                    [92m0.0025[0m
INFO -- ================================================================================
INFO -- 
INFO -- Creating PINN with [92m4[0m layers and [92m20[0m neurons per layer
INFO -- Computing initial condition loss
INFO -- Training PINN for [93m50000[0m epochs using [93mloss_fn_weak[0m loss function
INFO -- Epoch: [95m1[0m - Loss: [93m    0.979540[0m
INFO -- Epoch: [95m2[0m - Loss: [93m    0.874322[0m
INFO -- Epoch: [95m3[0m - Loss: [93m    0.781114[0m
INFO -- Epoch: [95m4[0m - Loss: [93m    0.701018[0m
INFO -- Epoch: [95m5[0m - Loss: [93m    0.635694[0m
INFO -- Epoch: [95m6[0m - Loss: [93m    0.586703[0m
INFO -- Epoch: [95m7[0m - Loss: [93m    0.555312[0m
INFO -- Epoch: [95m8[0m - Loss: [93m    0.541571[0m
INFO -- Epoch: [95m9[0m - Loss: [93m    0.542735[0m
INFO -- Epoch: [95m10[0m - Loss: [93m    0.552522[0m
INFO -- Epoch: [95m11[0m - Loss: [93m    0.562803[0m
INFO -- Epoch: [95m12[0m - Loss: [93m    0.567258[0m
INFO -- Epoch: [95m13[0m - Loss: [93m    0.563702[0m
INFO -- Epoch: [95m14[0m - Loss: [93m    0.553623[0m
INFO -- Epoch: [95m15[0m - Loss: [93m    0.540405[0m
INFO -- Epoch: [95m16[0m - Loss: [93m    0.527704[0m
INFO -- Epoch: [95m17[0m - Loss: [93m    0.518382[0m
INFO -- Epoch: [95m18[0m - Loss: [93m    0.513945[0m
INFO -- Epoch: [95m19[0m - Loss: [93m    0.514358[0m
INFO -- Epoch: [95m20[0m - Loss: [93m    0.518203[0m
INFO -- Epoch: [95m21[0m - Loss: [93m    0.523264[0m
INFO -- Epoch: [95m22[0m - Loss: [93m    0.527426[0m
INFO -- Epoch: [95m23[0m - Loss: [93m    0.529395[0m
INFO -- Epoch: [95m24[0m - Loss: [93m    0.528872[0m
INFO -- Epoch: [95m25[0m - Loss: [93m    0.526312[0m
INFO -- Epoch: [95m26[0m - Loss: [93m    0.522572[0m
INFO -- Epoch: [95m27[0m - Loss: [93m    0.518592[0m
INFO -- Epoch: [95m28[0m - Loss: [93m    0.515172[0m
INFO -- Epoch: [95m29[0m - Loss: [93m    0.512833[0m
INFO -- Epoch: [95m30[0m - Loss: [93m    0.511768[0m
INFO -- Epoch: [95m31[0m - Loss: [93m    0.511856[0m
INFO -- Epoch: [95m32[0m - Loss: [93m    0.512747[0m
INFO -- Epoch: [95m33[0m - Loss: [93m    0.513972[0m
INFO -- Epoch: [95m34[0m - Loss: [93m    0.515083[0m
INFO -- Epoch: [95m35[0m - Loss: [93m    0.515754[0m
INFO -- Epoch: [95m36[0m - Loss: [93m    0.515846[0m
INFO -- Epoch: [95m37[0m - Loss: [93m    0.515402[0m
INFO -- Epoch: [95m38[0m - Loss: [93m    0.514599[0m
INFO -- Epoch: [95m39[0m - Loss: [93m    0.513672[0m
INFO -- Epoch: [95m40[0m - Loss: [93m    0.512839[0m
INFO -- Epoch: [95m41[0m - Loss: [93m    0.512248[0m
INFO -- Epoch: [95m42[0m - Loss: [93m    0.511951[0m
INFO -- Epoch: [95m43[0m - Loss: [93m    0.511913[0m
INFO -- Epoch: [95m44[0m - Loss: [93m    0.512036[0m
INFO -- Epoch: [95m45[0m - Loss: [93m    0.512200[0m
INFO -- Epoch: [95m46[0m - Loss: [93m    0.512299[0m
INFO -- Epoch: [95m47[0m - Loss: [93m    0.512266[0m
INFO -- Epoch: [95m48[0m - Loss: [93m    0.512087[0m
INFO -- Epoch: [95m49[0m - Loss: [93m    0.511794[0m
INFO -- Epoch: [95m50[0m - Loss: [93m    0.511451[0m
INFO -- Epoch: [95m51[0m - Loss: [93m    0.511134[0m
INFO -- Epoch: [95m52[0m - Loss: [93m    0.510903[0m
INFO -- Epoch: [95m53[0m - Loss: [93m    0.510786[0m
INFO -- Epoch: [95m54[0m - Loss: [93m    0.510777[0m
INFO -- Epoch: [95m55[0m - Loss: [93m    0.510835[0m
INFO -- Epoch: [95m56[0m - Loss: [93m    0.510904[0m
INFO -- Epoch: [95m57[0m - Loss: [93m    0.510933[0m
INFO -- Epoch: [95m58[0m - Loss: [93m    0.510888[0m
INFO -- Epoch: [95m59[0m - Loss: [93m    0.510764[0m
INFO -- Epoch: [95m60[0m - Loss: [93m    0.510582[0m
INFO -- Epoch: [95m61[0m - Loss: [93m    0.510378[0m
INFO -- Epoch: [95m62[0m - Loss: [93m    0.510187[0m
INFO -- Epoch: [95m63[0m - Loss: [93m    0.510038[0m
INFO -- Epoch: [95m64[0m - Loss: [93m    0.509938[0m
INFO -- Epoch: [95m65[0m - Loss: [93m    0.509879[0m
INFO -- Epoch: [95m66[0m - Loss: [93m    0.509843[0m
INFO -- Epoch: [95m67[0m - Loss: [93m    0.509806[0m
INFO -- Epoch: [95m68[0m - Loss: [93m    0.509751[0m
INFO -- Epoch: [95m69[0m - Loss: [93m    0.509671[0m
INFO -- Epoch: [95m70[0m - Loss: [93m    0.509567[0m
INFO -- Epoch: [95m71[0m - Loss: [93m    0.509449[0m
INFO -- Epoch: [95m72[0m - Loss: [93m    0.509329[0m
INFO -- Epoch: [95m73[0m - Loss: [93m    0.509218[0m
INFO -- Epoch: [95m74[0m - Loss: [93m    0.509120[0m
INFO -- Epoch: [95m75[0m - Loss: [93m    0.509032[0m
INFO -- Epoch: [95m76[0m - Loss: [93m    0.508948[0m
INFO -- Epoch: [95m77[0m - Loss: [93m    0.508860[0m
INFO -- Epoch: [95m78[0m - Loss: [93m    0.508764[0m
INFO -- Epoch: [95m79[0m - Loss: [93m    0.508657[0m
INFO -- Epoch: [95m80[0m - Loss: [93m    0.508545[0m
INFO -- Epoch: [95m81[0m - Loss: [93m    0.508432[0m
INFO -- Epoch: [95m82[0m - Loss: [93m    0.508322[0m
INFO -- Epoch: [95m83[0m - Loss: [93m    0.508219[0m
INFO -- Epoch: [95m84[0m - Loss: [93m    0.508121[0m
INFO -- Epoch: [95m85[0m - Loss: [93m    0.508025[0m
INFO -- Epoch: [95m86[0m - Loss: [93m    0.507925[0m
INFO -- Epoch: [95m87[0m - Loss: [93m    0.507819[0m
INFO -- Epoch: [95m88[0m - Loss: [93m    0.507706[0m
INFO -- Epoch: [95m89[0m - Loss: [93m    0.507587[0m
INFO -- Epoch: [95m90[0m - Loss: [93m    0.507466[0m
INFO -- Epoch: [95m91[0m - Loss: [93m    0.507345[0m
INFO -- Epoch: [95m92[0m - Loss: [93m    0.507228[0m
INFO -- Epoch: [95m93[0m - Loss: [93m    0.507113[0m
INFO -- Epoch: [95m94[0m - Loss: [93m    0.506998[0m
INFO -- Epoch: [95m95[0m - Loss: [93m    0.506882[0m
INFO -- Epoch: [95m96[0m - Loss: [93m    0.506763[0m
INFO -- Epoch: [95m97[0m - Loss: [93m    0.506641[0m
INFO -- Epoch: [95m98[0m - Loss: [93m    0.506515[0m
INFO -- Epoch: [95m99[0m - Loss: [93m    0.506389[0m
INFO -- Epoch: [95m100[0m - Loss: [93m    0.506263[0m
INFO -- Epoch: [95m101[0m - Loss: [93m    0.506138[0m
INFO -- Epoch: [95m102[0m - Loss: [93m    0.506013[0m
INFO -- Epoch: [95m103[0m - Loss: [93m    0.505887[0m
INFO -- Epoch: [95m104[0m - Loss: [93m    0.505759[0m
INFO -- Epoch: [95m105[0m - Loss: [93m    0.505630[0m
INFO -- Epoch: [95m106[0m - Loss: [93m    0.505500[0m
INFO -- Epoch: [95m107[0m - Loss: [93m    0.505369[0m
INFO -- Epoch: [95m108[0m - Loss: [93m    0.505239[0m
INFO -- Epoch: [95m109[0m - Loss: [93m    0.505110[0m
INFO -- Epoch: [95m110[0m - Loss: [93m    0.504982[0m
INFO -- Epoch: [95m111[0m - Loss: [93m    0.504854[0m
INFO -- Epoch: [95m112[0m - Loss: [93m    0.504725[0m
INFO -- Epoch: [95m113[0m - Loss: [93m    0.504597[0m
INFO -- Epoch: [95m114[0m - Loss: [93m    0.504469[0m
INFO -- Epoch: [95m115[0m - Loss: [93m    0.504342[0m
INFO -- Epoch: [95m116[0m - Loss: [93m    0.504217[0m
INFO -- Epoch: [95m117[0m - Loss: [93m    0.504094[0m
INFO -- Epoch: [95m118[0m - Loss: [93m    0.503972[0m
INFO -- Epoch: [95m119[0m - Loss: [93m    0.503853[0m
INFO -- Epoch: [95m120[0m - Loss: [93m    0.503735[0m
INFO -- Epoch: [95m121[0m - Loss: [93m    0.503618[0m
INFO -- Epoch: [95m122[0m - Loss: [93m    0.503505[0m
INFO -- Epoch: [95m123[0m - Loss: [93m    0.503394[0m
INFO -- Epoch: [95m124[0m - Loss: [93m    0.503286[0m
INFO -- Epoch: [95m125[0m - Loss: [93m    0.503182[0m
INFO -- Epoch: [95m126[0m - Loss: [93m    0.503081[0m
INFO -- Epoch: [95m127[0m - Loss: [93m    0.502983[0m
INFO -- Epoch: [95m128[0m - Loss: [93m    0.502889[0m
INFO -- Epoch: [95m129[0m - Loss: [93m    0.502799[0m
INFO -- Epoch: [95m130[0m - Loss: [93m    0.502713[0m
INFO -- Training interrupted by user at epoch [91m131[0m
INFO -- Creating plots and saving to files. Dimensions: 1
