INFO -- Device: cuda
INFO -- [92mTwo dimentional problem[0m
INFO -- 
INFO -- ================================================================================
INFO -- Learning parameters
INFO -- Length:                                           [92m1.0[0m
INFO -- Total time:                                       [92m1.0[0m
INFO -- Number of points in x:                            [92m10[0m
INFO -- Number of points in t:                            [92m10[0m
INFO -- Number of points in initial condition:            [92m300[0m
INFO -- Weight for interior loss:                         [92m1.0[0m
INFO -- Weight for initial condition loss:                [92m0.0[0m
INFO -- Weight for boundary loss:                         [92m1.0[0m
INFO -- Layers:                                           [92m4[0m
INFO -- Neurons per layer:                                [92m20[0m
INFO -- Epochs:                                           [92m10[0m
INFO -- Learning rate:                                    [92m0.00125[0m
INFO -- ================================================================================
INFO -- 
INFO -- Creating [92m2D[0m BSpline
INFO -- Creating PINN with [92m4[0m layers and [92m20[0m neurons per layer
INFO -- Training PINN for [93m10[0m epochs using [93mloss_fn_basic[0m loss function
INFO -- Training took [92m0.98[0m seconds
INFO -- [91mx: tensor([[0.0000],
        [0.0000],
        [0.0000],
        [0.0000],
        [0.0000],
        [0.0000],
        [0.0000],
        [0.0000],
        [0.0000],
        [0.0000],
        [0.1111],
        [0.1111],
        [0.1111],
        [0.1111],
        [0.1111],
        [0.1111],
        [0.1111],
        [0.1111],
        [0.1111],
        [0.1111],
        [0.2222],
        [0.2222],
        [0.2222],
        [0.2222],
        [0.2222],
        [0.2222],
        [0.2222],
        [0.2222],
        [0.2222],
        [0.2222],
        [0.3333],
        [0.3333],
        [0.3333],
        [0.3333],
        [0.3333],
        [0.3333],
        [0.3333],
        [0.3333],
        [0.3333],
        [0.3333],
        [0.4444],
        [0.4444],
        [0.4444],
        [0.4444],
        [0.4444],
        [0.4444],
        [0.4444],
        [0.4444],
        [0.4444],
        [0.4444],
        [0.5556],
        [0.5556],
        [0.5556],
        [0.5556],
        [0.5556],
        [0.5556],
        [0.5556],
        [0.5556],
        [0.5556],
        [0.5556],
        [0.6667],
        [0.6667],
        [0.6667],
        [0.6667],
        [0.6667],
        [0.6667],
        [0.6667],
        [0.6667],
        [0.6667],
        [0.6667],
        [0.7778],
        [0.7778],
        [0.7778],
        [0.7778],
        [0.7778],
        [0.7778],
        [0.7778],
        [0.7778],
        [0.7778],
        [0.7778],
        [0.8889],
        [0.8889],
        [0.8889],
        [0.8889],
        [0.8889],
        [0.8889],
        [0.8889],
        [0.8889],
        [0.8889],
        [0.8889],
        [1.0000],
        [1.0000],
        [1.0000],
        [1.0000],
        [1.0000],
        [1.0000],
        [1.0000],
        [1.0000],
        [1.0000],
        [1.0000]], device='cuda:0', grad_fn=<ReshapeAliasBackward0>)[0m
INFO -- [91mt: tensor([[0.0000],
        [0.1111],
        [0.2222],
        [0.3333],
        [0.4444],
        [0.5556],
        [0.6667],
        [0.7778],
        [0.8889],
        [1.0000],
        [0.0000],
        [0.1111],
        [0.2222],
        [0.3333],
        [0.4444],
        [0.5556],
        [0.6667],
        [0.7778],
        [0.8889],
        [1.0000],
        [0.0000],
        [0.1111],
        [0.2222],
        [0.3333],
        [0.4444],
        [0.5556],
        [0.6667],
        [0.7778],
        [0.8889],
        [1.0000],
        [0.0000],
        [0.1111],
        [0.2222],
        [0.3333],
        [0.4444],
        [0.5556],
        [0.6667],
        [0.7778],
        [0.8889],
        [1.0000],
        [0.0000],
        [0.1111],
        [0.2222],
        [0.3333],
        [0.4444],
        [0.5556],
        [0.6667],
        [0.7778],
        [0.8889],
        [1.0000],
        [0.0000],
        [0.1111],
        [0.2222],
        [0.3333],
        [0.4444],
        [0.5556],
        [0.6667],
        [0.7778],
        [0.8889],
        [1.0000],
        [0.0000],
        [0.1111],
        [0.2222],
        [0.3333],
        [0.4444],
        [0.5556],
        [0.6667],
        [0.7778],
        [0.8889],
        [1.0000],
        [0.0000],
        [0.1111],
        [0.2222],
        [0.3333],
        [0.4444],
        [0.5556],
        [0.6667],
        [0.7778],
        [0.8889],
        [1.0000],
        [0.0000],
        [0.1111],
        [0.2222],
        [0.3333],
        [0.4444],
        [0.5556],
        [0.6667],
        [0.7778],
        [0.8889],
        [1.0000],
        [0.0000],
        [0.1111],
        [0.2222],
        [0.3333],
        [0.4444],
        [0.5556],
        [0.6667],
        [0.7778],
        [0.8889],
        [1.0000]], device='cuda:0', grad_fn=<ReshapeAliasBackward0>)[0m
INFO -- Creating plots and saving to files. Dimensions: 2
