INFO -- Device: cuda
INFO -- 
INFO -- ================================================================================
INFO -- Learning parameters
INFO -- Length:                                           [92m1.0[0m
INFO -- Total time:                                       [92m1.0[0m
INFO -- Number of points in x:                            [92m150[0m
INFO -- Number of points in initial condition:            [92m300[0m
INFO -- Weight for interior loss:                         [92m0.5[0m
INFO -- Weight for initial condition loss:                [92m150.0[0m
INFO -- Weight for boundary loss:                         [92m1.0[0m
INFO -- Layers:                                           [92m8[0m
INFO -- Neurons per layer:                                [92m60[0m
INFO -- Epochs:                                           [92m50000[0m
INFO -- Learning rate:                                    [92m0.0025[0m
INFO -- ================================================================================
INFO -- 
INFO -- Creating PINN with [92m8[0m layers and [92m60[0m neurons per layer
INFO -- Computing initial condition loss
INFO -- Training PINN for [93m50000[0m epochs using [93mloss_fn_weak_and_strong[0m loss function
INFO -- Epoch: [95m1[0m - Loss: [93m    1.710888[0m
INFO -- Epoch: [95m2[0m - Loss: [93m    1.236072[0m
INFO -- Epoch: [95m3[0m - Loss: [93m    0.863906[0m
INFO -- Epoch: [95m4[0m - Loss: [93m    0.599933[0m
INFO -- Epoch: [95m5[0m - Loss: [93m    0.669189[0m
INFO -- Epoch: [95m6[0m - Loss: [93m    0.750578[0m
INFO -- Epoch: [95m7[0m - Loss: [93m    0.638622[0m
INFO -- Epoch: [95m8[0m - Loss: [93m    0.560704[0m
INFO -- Epoch: [95m9[0m - Loss: [93m    0.584334[0m
INFO -- Epoch: [95m10[0m - Loss: [93m    0.622693[0m
INFO -- Epoch: [95m11[0m - Loss: [93m    0.622361[0m
INFO -- Epoch: [95m12[0m - Loss: [93m    0.598374[0m
INFO -- Epoch: [95m13[0m - Loss: [93m    0.572417[0m
INFO -- Epoch: [95m14[0m - Loss: [93m    0.558500[0m
INFO -- Epoch: [95m15[0m - Loss: [93m    0.562056[0m
INFO -- Epoch: [95m16[0m - Loss: [93m    0.572297[0m
INFO -- Epoch: [95m17[0m - Loss: [93m    0.576924[0m
INFO -- Epoch: [95m18[0m - Loss: [93m    0.584458[0m
INFO -- Epoch: [95m19[0m - Loss: [93m    0.560317[0m
INFO -- Epoch: [95m20[0m - Loss: [93m    0.555378[0m
INFO -- Epoch: [95m21[0m - Loss: [93m    0.556259[0m
INFO -- Epoch: [95m22[0m - Loss: [93m    0.561448[0m
INFO -- Epoch: [95m23[0m - Loss: [93m    0.566201[0m
INFO -- Epoch: [95m24[0m - Loss: [93m    0.566398[0m
INFO -- Epoch: [95m25[0m - Loss: [93m    0.563650[0m
INFO -- Epoch: [95m26[0m - Loss: [93m    0.559344[0m
INFO -- Epoch: [95m27[0m - Loss: [93m    0.556331[0m
INFO -- Epoch: [95m28[0m - Loss: [93m    0.554609[0m
INFO -- Epoch: [95m29[0m - Loss: [93m    0.555780[0m
INFO -- Epoch: [95m30[0m - Loss: [93m    0.556813[0m
INFO -- Epoch: [95m31[0m - Loss: [93m    0.558000[0m
INFO -- Epoch: [95m32[0m - Loss: [93m    0.559954[0m
INFO -- Epoch: [95m33[0m - Loss: [93m    0.557684[0m
INFO -- Epoch: [95m34[0m - Loss: [93m    0.555986[0m
INFO -- Epoch: [95m35[0m - Loss: [93m    0.554408[0m
INFO -- Epoch: [95m36[0m - Loss: [93m    0.553746[0m
INFO -- Epoch: [95m37[0m - Loss: [93m    0.554575[0m
INFO -- Epoch: [95m38[0m - Loss: [93m    0.556468[0m
INFO -- Epoch: [95m39[0m - Loss: [93m    0.556146[0m
INFO -- Epoch: [95m40[0m - Loss: [93m    0.556159[0m
INFO -- Epoch: [95m41[0m - Loss: [93m    0.554921[0m
INFO -- Epoch: [95m42[0m - Loss: [93m    0.554822[0m
INFO -- Epoch: [95m43[0m - Loss: [93m    0.554400[0m
INFO -- Epoch: [95m44[0m - Loss: [93m    0.554176[0m
INFO -- Epoch: [95m45[0m - Loss: [93m    0.555623[0m
INFO -- Epoch: [95m46[0m - Loss: [93m    0.554642[0m
INFO -- Epoch: [95m47[0m - Loss: [93m    0.554876[0m
INFO -- Epoch: [95m48[0m - Loss: [93m    0.554786[0m
INFO -- Epoch: [95m49[0m - Loss: [93m    0.554882[0m
INFO -- Epoch: [95m50[0m - Loss: [93m    0.555739[0m
INFO -- Epoch: [95m51[0m - Loss: [93m    0.553504[0m
INFO -- Epoch: [95m52[0m - Loss: [93m    0.553969[0m
INFO -- Epoch: [95m53[0m - Loss: [93m    0.555232[0m
INFO -- Epoch: [95m54[0m - Loss: [93m    0.554859[0m
INFO -- Epoch: [95m55[0m - Loss: [93m    0.553995[0m
INFO -- Epoch: [95m56[0m - Loss: [93m    0.554516[0m
INFO -- Epoch: [95m57[0m - Loss: [93m    0.553878[0m
INFO -- Epoch: [95m58[0m - Loss: [93m    0.553528[0m
INFO -- Epoch: [95m59[0m - Loss: [93m    0.556075[0m
INFO -- Epoch: [95m60[0m - Loss: [93m    0.554777[0m
INFO -- Epoch: [95m61[0m - Loss: [93m    0.553696[0m
INFO -- Epoch: [95m62[0m - Loss: [93m    0.554364[0m
INFO -- Epoch: [95m63[0m - Loss: [93m    0.555010[0m
INFO -- Epoch: [95m64[0m - Loss: [93m    0.554205[0m
INFO -- Epoch: [95m65[0m - Loss: [93m    0.554781[0m
INFO -- Epoch: [95m66[0m - Loss: [93m    0.554094[0m
INFO -- Epoch: [95m67[0m - Loss: [93m    0.556490[0m
INFO -- Epoch: [95m68[0m - Loss: [93m    0.554274[0m
INFO -- Epoch: [95m69[0m - Loss: [93m    0.554673[0m
INFO -- Epoch: [95m70[0m - Loss: [93m    0.554953[0m
INFO -- Epoch: [95m71[0m - Loss: [93m    0.554725[0m
INFO -- Epoch: [95m72[0m - Loss: [93m    0.554510[0m
INFO -- Epoch: [95m73[0m - Loss: [93m    0.554341[0m
INFO -- Epoch: [95m74[0m - Loss: [93m    0.554193[0m
INFO -- Epoch: [95m75[0m - Loss: [93m    0.555046[0m
INFO -- Epoch: [95m76[0m - Loss: [93m    0.554634[0m
INFO -- Epoch: [95m77[0m - Loss: [93m    0.554616[0m
INFO -- Epoch: [95m78[0m - Loss: [93m    0.553960[0m
INFO -- Epoch: [95m79[0m - Loss: [93m    0.554059[0m
INFO -- Epoch: [95m80[0m - Loss: [93m    0.554112[0m
INFO -- Epoch: [95m81[0m - Loss: [93m    0.553276[0m
INFO -- Epoch: [95m82[0m - Loss: [93m    0.553296[0m
INFO -- Epoch: [95m83[0m - Loss: [93m    0.557731[0m
INFO -- Epoch: [95m84[0m - Loss: [93m    0.556634[0m
INFO -- Epoch: [95m85[0m - Loss: [93m    0.553814[0m
INFO -- Epoch: [95m86[0m - Loss: [93m    0.554545[0m
INFO -- Epoch: [95m87[0m - Loss: [93m    0.554492[0m
INFO -- Epoch: [95m88[0m - Loss: [93m    0.554664[0m
INFO -- Epoch: [95m89[0m - Loss: [93m    0.555002[0m
INFO -- Epoch: [95m90[0m - Loss: [93m    0.554754[0m
INFO -- Epoch: [95m91[0m - Loss: [93m    0.554844[0m
INFO -- Epoch: [95m92[0m - Loss: [93m    0.554699[0m
INFO -- Epoch: [95m93[0m - Loss: [93m    0.554789[0m
INFO -- Epoch: [95m94[0m - Loss: [93m    0.555220[0m
INFO -- Epoch: [95m95[0m - Loss: [93m    0.554558[0m
INFO -- Epoch: [95m96[0m - Loss: [93m    0.554236[0m
INFO -- Epoch: [95m97[0m - Loss: [93m    0.554305[0m
INFO -- Epoch: [95m98[0m - Loss: [93m    0.554206[0m
INFO -- Epoch: [95m99[0m - Loss: [93m    0.553778[0m
INFO -- Epoch: [95m100[0m - Loss: [93m    0.553823[0m
INFO -- Epoch: [95m101[0m - Loss: [93m    0.554158[0m
INFO -- Epoch: [95m102[0m - Loss: [93m    0.553350[0m
INFO -- Epoch: [95m103[0m - Loss: [93m    0.552927[0m
INFO -- Epoch: [95m104[0m - Loss: [93m    0.554853[0m
INFO -- Epoch: [95m105[0m - Loss: [93m    0.555499[0m
INFO -- Epoch: [95m106[0m - Loss: [93m    0.552707[0m
INFO -- Epoch: [95m107[0m - Loss: [93m    0.553766[0m
INFO -- Epoch: [95m108[0m - Loss: [93m    0.554019[0m
INFO -- Epoch: [95m109[0m - Loss: [93m    0.555534[0m
INFO -- Epoch: [95m110[0m - Loss: [93m    0.556000[0m
INFO -- Epoch: [95m111[0m - Loss: [93m    0.553119[0m
INFO -- Epoch: [95m112[0m - Loss: [93m    0.553084[0m
INFO -- Epoch: [95m113[0m - Loss: [93m    0.553632[0m
INFO -- Epoch: [95m114[0m - Loss: [93m    0.555691[0m
INFO -- Epoch: [95m115[0m - Loss: [93m    0.554941[0m
INFO -- Epoch: [95m116[0m - Loss: [93m    0.553993[0m
INFO -- Epoch: [95m117[0m - Loss: [93m    0.554236[0m
INFO -- Epoch: [95m118[0m - Loss: [93m    0.554159[0m
INFO -- Epoch: [95m119[0m - Loss: [93m    0.554194[0m
INFO -- Epoch: [95m120[0m - Loss: [93m    0.554266[0m
INFO -- Epoch: [95m121[0m - Loss: [93m    0.554123[0m
INFO -- Epoch: [95m122[0m - Loss: [93m    0.554036[0m
INFO -- Epoch: [95m123[0m - Loss: [93m    0.553755[0m
INFO -- Epoch: [95m124[0m - Loss: [93m    0.554097[0m
INFO -- Epoch: [95m125[0m - Loss: [93m    0.554959[0m
INFO -- Epoch: [95m126[0m - Loss: [93m    0.553794[0m
INFO -- Epoch: [95m127[0m - Loss: [93m    0.553835[0m
INFO -- Epoch: [95m128[0m - Loss: [93m    0.556715[0m
INFO -- Epoch: [95m129[0m - Loss: [93m    0.553211[0m
INFO -- Epoch: [95m130[0m - Loss: [93m    0.553756[0m
INFO -- Epoch: [95m131[0m - Loss: [93m    0.553194[0m
INFO -- Epoch: [95m132[0m - Loss: [93m    0.554697[0m
INFO -- Epoch: [95m133[0m - Loss: [93m    0.554091[0m
INFO -- Epoch: [95m134[0m - Loss: [93m    0.555908[0m
INFO -- Epoch: [95m135[0m - Loss: [93m    0.554015[0m
INFO -- Epoch: [95m136[0m - Loss: [93m    0.553319[0m
INFO -- Epoch: [95m137[0m - Loss: [93m    0.554533[0m
INFO -- Epoch: [95m138[0m - Loss: [93m    0.553508[0m
INFO -- Epoch: [95m139[0m - Loss: [93m    0.554046[0m
INFO -- Epoch: [95m140[0m - Loss: [93m    0.554720[0m
INFO -- Epoch: [95m141[0m - Loss: [93m    0.555336[0m
INFO -- Epoch: [95m142[0m - Loss: [93m    0.555042[0m
INFO -- Epoch: [95m143[0m - Loss: [93m    0.553911[0m
INFO -- Epoch: [95m144[0m - Loss: [93m    0.553896[0m
INFO -- Epoch: [95m145[0m - Loss: [93m    0.554324[0m
INFO -- Epoch: [95m146[0m - Loss: [93m    0.554612[0m
INFO -- Epoch: [95m147[0m - Loss: [93m    0.553882[0m
INFO -- Epoch: [95m148[0m - Loss: [93m    0.553879[0m
INFO -- Epoch: [95m149[0m - Loss: [93m    0.554561[0m
INFO -- Epoch: [95m150[0m - Loss: [93m    0.553776[0m
INFO -- Epoch: [95m151[0m - Loss: [93m    0.554016[0m
INFO -- Epoch: [95m152[0m - Loss: [93m    0.556067[0m
INFO -- Epoch: [95m153[0m - Loss: [93m    0.553647[0m
INFO -- Epoch: [95m154[0m - Loss: [93m    0.555277[0m
INFO -- Epoch: [95m155[0m - Loss: [93m    0.555525[0m
INFO -- Epoch: [95m156[0m - Loss: [93m    0.555014[0m
INFO -- Epoch: [95m157[0m - Loss: [93m    0.554567[0m
INFO -- Epoch: [95m158[0m - Loss: [93m    0.554809[0m
INFO -- Epoch: [95m159[0m - Loss: [93m    0.554633[0m
INFO -- Epoch: [95m160[0m - Loss: [93m    0.554289[0m
INFO -- Epoch: [95m161[0m - Loss: [93m    0.554467[0m
INFO -- Epoch: [95m162[0m - Loss: [93m    0.554541[0m
INFO -- Epoch: [95m163[0m - Loss: [93m    0.554471[0m
INFO -- Epoch: [95m164[0m - Loss: [93m    0.554436[0m
INFO -- Epoch: [95m165[0m - Loss: [93m    0.554296[0m
INFO -- Epoch: [95m166[0m - Loss: [93m    0.554159[0m
INFO -- Epoch: [95m167[0m - Loss: [93m    0.554093[0m
INFO -- Epoch: [95m168[0m - Loss: [93m    0.555201[0m
INFO -- Epoch: [95m169[0m - Loss: [93m    0.554319[0m
INFO -- Epoch: [95m170[0m - Loss: [93m    0.554089[0m
INFO -- Epoch: [95m171[0m - Loss: [93m    0.553625[0m
INFO -- Epoch: [95m172[0m - Loss: [93m    0.553644[0m
INFO -- Epoch: [95m173[0m - Loss: [93m    0.553647[0m
INFO -- Epoch: [95m174[0m - Loss: [93m    0.554538[0m
INFO -- Epoch: [95m175[0m - Loss: [93m    0.552854[0m
INFO -- Epoch: [95m176[0m - Loss: [93m    0.552756[0m
INFO -- Epoch: [95m177[0m - Loss: [93m    0.555491[0m
INFO -- Epoch: [95m178[0m - Loss: [93m    0.556265[0m
INFO -- Epoch: [95m179[0m - Loss: [93m    0.553375[0m
INFO -- Epoch: [95m180[0m - Loss: [93m    0.552622[0m
INFO -- Epoch: [95m181[0m - Loss: [93m    0.553183[0m
INFO -- Epoch: [95m182[0m - Loss: [93m    0.559929[0m
INFO -- Epoch: [95m183[0m - Loss: [93m    0.554573[0m
INFO -- Epoch: [95m184[0m - Loss: [93m    0.556629[0m
INFO -- Epoch: [95m185[0m - Loss: [93m    0.554230[0m
INFO -- Epoch: [95m186[0m - Loss: [93m    0.554386[0m
INFO -- Epoch: [95m187[0m - Loss: [93m    0.554663[0m
INFO -- Epoch: [95m188[0m - Loss: [93m    0.554846[0m
INFO -- Epoch: [95m189[0m - Loss: [93m    0.554900[0m
INFO -- Epoch: [95m190[0m - Loss: [93m    0.554954[0m
INFO -- Epoch: [95m191[0m - Loss: [93m    0.554922[0m
INFO -- Epoch: [95m192[0m - Loss: [93m    0.554881[0m
INFO -- Epoch: [95m193[0m - Loss: [93m    0.554897[0m
INFO -- Epoch: [95m194[0m - Loss: [93m    0.554841[0m
INFO -- Epoch: [95m195[0m - Loss: [93m    0.554605[0m
INFO -- Epoch: [95m196[0m - Loss: [93m    0.554573[0m
INFO -- Epoch: [95m197[0m - Loss: [93m    0.554515[0m
INFO -- Epoch: [95m198[0m - Loss: [93m    0.554345[0m
INFO -- Epoch: [95m199[0m - Loss: [93m    0.554927[0m
INFO -- Epoch: [95m200[0m - Loss: [93m    0.554573[0m
INFO -- Epoch: [95m201[0m - Loss: [93m    0.554015[0m
INFO -- Epoch: [95m202[0m - Loss: [93m    0.554351[0m
INFO -- Epoch: [95m203[0m - Loss: [93m    0.554861[0m
INFO -- Epoch: [95m204[0m - Loss: [93m    0.557045[0m
INFO -- Epoch: [95m205[0m - Loss: [93m    0.554234[0m
INFO -- Epoch: [95m206[0m - Loss: [93m    0.554863[0m
INFO -- Epoch: [95m207[0m - Loss: [93m    0.554829[0m
INFO -- Epoch: [95m208[0m - Loss: [93m    0.555045[0m
INFO -- Epoch: [95m209[0m - Loss: [93m    0.555172[0m
INFO -- Epoch: [95m210[0m - Loss: [93m    0.555070[0m
INFO -- Epoch: [95m211[0m - Loss: [93m    0.554991[0m
INFO -- Epoch: [95m212[0m - Loss: [93m    0.554875[0m
INFO -- Epoch: [95m213[0m - Loss: [93m    0.554723[0m
INFO -- Epoch: [95m214[0m - Loss: [93m    0.554933[0m
INFO -- Epoch: [95m215[0m - Loss: [93m    0.554597[0m
INFO -- Epoch: [95m216[0m - Loss: [93m    0.554654[0m
INFO -- Epoch: [95m217[0m - Loss: [93m    0.554374[0m
INFO -- Epoch: [95m218[0m - Loss: [93m    0.554272[0m
INFO -- Epoch: [95m219[0m - Loss: [93m    0.554808[0m
INFO -- Epoch: [95m220[0m - Loss: [93m    0.554178[0m
INFO -- Epoch: [95m221[0m - Loss: [93m    0.554553[0m
INFO -- Epoch: [95m222[0m - Loss: [93m    0.556272[0m
INFO -- Epoch: [95m223[0m - Loss: [93m    0.553763[0m
INFO -- Epoch: [95m224[0m - Loss: [93m    0.554068[0m
INFO -- Epoch: [95m225[0m - Loss: [93m    0.553815[0m
INFO -- Epoch: [95m226[0m - Loss: [93m    0.554116[0m
INFO -- Epoch: [95m227[0m - Loss: [93m    0.554525[0m
INFO -- Epoch: [95m228[0m - Loss: [93m    0.554286[0m
INFO -- Epoch: [95m229[0m - Loss: [93m    0.555594[0m
INFO -- Epoch: [95m230[0m - Loss: [93m    0.553732[0m
INFO -- Epoch: [95m231[0m - Loss: [93m    0.553632[0m
INFO -- Epoch: [95m232[0m - Loss: [93m    0.553440[0m
INFO -- Epoch: [95m233[0m - Loss: [93m    0.554444[0m
INFO -- Epoch: [95m234[0m - Loss: [93m    0.553431[0m
INFO -- Epoch: [95m235[0m - Loss: [93m    0.553005[0m
INFO -- Epoch: [95m236[0m - Loss: [93m    0.553823[0m
INFO -- Epoch: [95m237[0m - Loss: [93m    0.558981[0m
INFO -- Epoch: [95m238[0m - Loss: [93m    0.555567[0m
INFO -- Epoch: [95m239[0m - Loss: [93m    0.556063[0m
INFO -- Epoch: [95m240[0m - Loss: [93m    0.554491[0m
INFO -- Epoch: [95m241[0m - Loss: [93m    0.555008[0m
INFO -- Epoch: [95m242[0m - Loss: [93m    0.555245[0m
INFO -- Epoch: [95m243[0m - Loss: [93m    0.555310[0m
INFO -- Epoch: [95m244[0m - Loss: [93m    0.555138[0m
INFO -- Epoch: [95m245[0m - Loss: [93m    0.555107[0m
INFO -- Epoch: [95m246[0m - Loss: [93m    0.554625[0m
INFO -- Epoch: [95m247[0m - Loss: [93m    0.554249[0m
INFO -- Epoch: [95m248[0m - Loss: [93m    0.554384[0m
INFO -- Epoch: [95m249[0m - Loss: [93m    0.553387[0m
INFO -- Epoch: [95m250[0m - Loss: [93m    0.553210[0m
INFO -- Epoch: [95m251[0m - Loss: [93m    0.553256[0m
INFO -- Epoch: [95m252[0m - Loss: [93m    0.554665[0m
INFO -- Epoch: [95m253[0m - Loss: [93m    0.556936[0m
INFO -- Epoch: [95m254[0m - Loss: [93m    0.552610[0m
INFO -- Epoch: [95m255[0m - Loss: [93m    0.552940[0m
INFO -- Epoch: [95m256[0m - Loss: [93m    0.560263[0m
INFO -- Epoch: [95m257[0m - Loss: [93m    0.553840[0m
INFO -- Epoch: [95m258[0m - Loss: [93m    0.554695[0m
INFO -- Epoch: [95m259[0m - Loss: [93m    0.555142[0m
INFO -- Epoch: [95m260[0m - Loss: [93m    0.555321[0m
INFO -- Epoch: [95m261[0m - Loss: [93m    0.555248[0m
INFO -- Epoch: [95m262[0m - Loss: [93m    0.555134[0m
INFO -- Epoch: [95m263[0m - Loss: [93m    0.554671[0m
INFO -- Epoch: [95m264[0m - Loss: [93m    0.554318[0m
INFO -- Epoch: [95m265[0m - Loss: [93m    0.554344[0m
INFO -- Epoch: [95m266[0m - Loss: [93m    0.554538[0m
INFO -- Epoch: [95m267[0m - Loss: [93m    0.554476[0m
INFO -- Epoch: [95m268[0m - Loss: [93m    0.555880[0m
INFO -- Epoch: [95m269[0m - Loss: [93m    0.553775[0m
INFO -- Epoch: [95m270[0m - Loss: [93m    0.555454[0m
INFO -- Epoch: [95m271[0m - Loss: [93m    0.554013[0m
INFO -- Epoch: [95m272[0m - Loss: [93m    0.553909[0m
INFO -- Epoch: [95m273[0m - Loss: [93m    0.554026[0m
INFO -- Epoch: [95m274[0m - Loss: [93m    0.553984[0m
INFO -- Epoch: [95m275[0m - Loss: [93m    0.554009[0m
INFO -- Epoch: [95m276[0m - Loss: [93m    0.555462[0m
INFO -- Epoch: [95m277[0m - Loss: [93m    0.554496[0m
INFO -- Epoch: [95m278[0m - Loss: [93m    0.553844[0m
INFO -- Epoch: [95m279[0m - Loss: [93m    0.554293[0m
INFO -- Epoch: [95m280[0m - Loss: [93m    0.554735[0m
INFO -- Epoch: [95m281[0m - Loss: [93m    0.554779[0m
INFO -- Epoch: [95m282[0m - Loss: [93m    0.553770[0m
INFO -- Epoch: [95m283[0m - Loss: [93m    0.553936[0m
INFO -- Epoch: [95m284[0m - Loss: [93m    0.553681[0m
INFO -- Epoch: [95m285[0m - Loss: [93m    0.555131[0m
INFO -- Epoch: [95m286[0m - Loss: [93m    0.554307[0m
INFO -- Epoch: [95m287[0m - Loss: [93m    0.553636[0m
INFO -- Epoch: [95m288[0m - Loss: [93m    0.555811[0m
INFO -- Epoch: [95m289[0m - Loss: [93m    0.554040[0m
INFO -- Epoch: [95m290[0m - Loss: [93m    0.553402[0m
INFO -- Epoch: [95m291[0m - Loss: [93m    0.554264[0m
INFO -- Epoch: [95m292[0m - Loss: [93m    0.554145[0m
INFO -- Epoch: [95m293[0m - Loss: [93m    0.553760[0m
INFO -- Epoch: [95m294[0m - Loss: [93m    0.553434[0m
INFO -- Epoch: [95m295[0m - Loss: [93m    0.553598[0m
INFO -- Epoch: [95m296[0m - Loss: [93m    0.556347[0m
INFO -- Epoch: [95m297[0m - Loss: [93m    0.554316[0m
INFO -- Epoch: [95m298[0m - Loss: [93m    0.554318[0m
INFO -- Epoch: [95m299[0m - Loss: [93m    0.554858[0m
INFO -- Epoch: [95m300[0m - Loss: [93m    0.553838[0m
INFO -- Epoch: [95m301[0m - Loss: [93m    0.554325[0m
INFO -- Epoch: [95m302[0m - Loss: [93m    0.554511[0m
INFO -- Epoch: [95m303[0m - Loss: [93m    0.553940[0m
INFO -- Epoch: [95m304[0m - Loss: [93m    0.554091[0m
INFO -- Epoch: [95m305[0m - Loss: [93m    0.553971[0m
INFO -- Epoch: [95m306[0m - Loss: [93m    0.553582[0m
INFO -- Epoch: [95m307[0m - Loss: [93m    0.553525[0m
INFO -- Epoch: [95m308[0m - Loss: [93m    0.553069[0m
INFO -- Epoch: [95m309[0m - Loss: [93m    0.554775[0m
INFO -- Epoch: [95m310[0m - Loss: [93m    0.557124[0m
INFO -- Epoch: [95m311[0m - Loss: [93m    0.558379[0m
INFO -- Epoch: [95m312[0m - Loss: [93m    0.553235[0m
INFO -- Epoch: [95m313[0m - Loss: [93m    0.555516[0m
INFO -- Epoch: [95m314[0m - Loss: [93m    0.554117[0m
INFO -- Epoch: [95m315[0m - Loss: [93m    0.554480[0m
INFO -- Epoch: [95m316[0m - Loss: [93m    0.554582[0m
INFO -- Epoch: [95m317[0m - Loss: [93m    0.554729[0m
INFO -- Epoch: [95m318[0m - Loss: [93m    0.554851[0m
INFO -- Epoch: [95m319[0m - Loss: [93m    0.555026[0m
INFO -- Epoch: [95m320[0m - Loss: [93m    0.554697[0m
INFO -- Epoch: [95m321[0m - Loss: [93m    0.554771[0m
INFO -- Epoch: [95m322[0m - Loss: [93m    0.554727[0m
INFO -- Epoch: [95m323[0m - Loss: [93m    0.554641[0m
INFO -- Epoch: [95m324[0m - Loss: [93m    0.555053[0m
INFO -- Epoch: [95m325[0m - Loss: [93m    0.555271[0m
INFO -- Epoch: [95m326[0m - Loss: [93m    0.554354[0m
INFO -- Epoch: [95m327[0m - Loss: [93m    0.554491[0m
INFO -- Epoch: [95m328[0m - Loss: [93m    0.554974[0m
INFO -- Epoch: [95m329[0m - Loss: [93m    0.555297[0m
INFO -- Epoch: [95m330[0m - Loss: [93m    0.554533[0m
INFO -- Epoch: [95m331[0m - Loss: [93m    0.554178[0m
INFO -- Epoch: [95m332[0m - Loss: [93m    0.554587[0m
INFO -- Epoch: [95m333[0m - Loss: [93m    0.555473[0m
INFO -- Epoch: [95m334[0m - Loss: [93m    0.554910[0m
INFO -- Epoch: [95m335[0m - Loss: [93m    0.554251[0m
INFO -- Epoch: [95m336[0m - Loss: [93m    0.555143[0m
INFO -- Epoch: [95m337[0m - Loss: [93m    0.554229[0m
INFO -- Epoch: [95m338[0m - Loss: [93m    0.554237[0m
INFO -- Epoch: [95m339[0m - Loss: [93m    0.554452[0m
INFO -- Epoch: [95m340[0m - Loss: [93m    0.554308[0m
INFO -- Epoch: [95m341[0m - Loss: [93m    0.554237[0m
INFO -- Epoch: [95m342[0m - Loss: [93m    0.554985[0m
INFO -- Epoch: [95m343[0m - Loss: [93m    0.554303[0m
INFO -- Epoch: [95m344[0m - Loss: [93m    0.554311[0m
INFO -- Epoch: [95m345[0m - Loss: [93m    0.554612[0m
INFO -- Epoch: [95m346[0m - Loss: [93m    0.555846[0m
INFO -- Epoch: [95m347[0m - Loss: [93m    0.553825[0m
INFO -- Epoch: [95m348[0m - Loss: [93m    0.554606[0m
INFO -- Epoch: [95m349[0m - Loss: [93m    0.554719[0m
INFO -- Epoch: [95m350[0m - Loss: [93m    0.554008[0m
INFO -- Epoch: [95m351[0m - Loss: [93m    0.554208[0m
INFO -- Epoch: [95m352[0m - Loss: [93m    0.554009[0m
INFO -- Epoch: [95m353[0m - Loss: [93m    0.553815[0m
INFO -- Epoch: [95m354[0m - Loss: [93m    0.555685[0m
INFO -- Epoch: [95m355[0m - Loss: [93m    0.554638[0m
INFO -- Epoch: [95m356[0m - Loss: [93m    0.553846[0m
INFO -- Epoch: [95m357[0m - Loss: [93m    0.553972[0m
INFO -- Epoch: [95m358[0m - Loss: [93m    0.554227[0m
INFO -- Epoch: [95m359[0m - Loss: [93m    0.555403[0m
INFO -- Epoch: [95m360[0m - Loss: [93m    0.554710[0m
INFO -- Epoch: [95m361[0m - Loss: [93m    0.554141[0m
INFO -- Epoch: [95m362[0m - Loss: [93m    0.554061[0m
INFO -- Epoch: [95m363[0m - Loss: [93m    0.554504[0m
INFO -- Epoch: [95m364[0m - Loss: [93m    0.554850[0m
INFO -- Epoch: [95m365[0m - Loss: [93m    0.554334[0m
INFO -- Epoch: [95m366[0m - Loss: [93m    0.554169[0m
INFO -- Epoch: [95m367[0m - Loss: [93m    0.553806[0m
INFO -- Epoch: [95m368[0m - Loss: [93m    0.554575[0m
INFO -- Epoch: [95m369[0m - Loss: [93m    0.555319[0m
INFO -- Epoch: [95m370[0m - Loss: [93m    0.554009[0m
INFO -- Epoch: [95m371[0m - Loss: [93m    0.554573[0m
INFO -- Epoch: [95m372[0m - Loss: [93m    0.553952[0m
INFO -- Epoch: [95m373[0m - Loss: [93m    0.555454[0m
INFO -- Epoch: [95m374[0m - Loss: [93m    0.554782[0m
INFO -- Epoch: [95m375[0m - Loss: [93m    0.553910[0m
INFO -- Epoch: [95m376[0m - Loss: [93m    0.553980[0m
INFO -- Epoch: [95m377[0m - Loss: [93m    0.554041[0m
INFO -- Epoch: [95m378[0m - Loss: [93m    0.554018[0m
INFO -- Epoch: [95m379[0m - Loss: [93m    0.553646[0m
INFO -- Epoch: [95m380[0m - Loss: [93m    0.553403[0m
INFO -- Epoch: [95m381[0m - Loss: [93m    0.554100[0m
INFO -- Epoch: [95m382[0m - Loss: [93m    0.552942[0m
INFO -- Epoch: [95m383[0m - Loss: [93m    0.554036[0m
INFO -- Epoch: [95m384[0m - Loss: [93m    0.556459[0m
INFO -- Epoch: [95m385[0m - Loss: [93m    0.553066[0m
INFO -- Epoch: [95m386[0m - Loss: [93m    0.553503[0m
INFO -- Epoch: [95m387[0m - Loss: [93m    0.554375[0m
INFO -- Epoch: [95m388[0m - Loss: [93m    0.556622[0m
INFO -- Epoch: [95m389[0m - Loss: [93m    0.554374[0m
INFO -- Epoch: [95m390[0m - Loss: [93m    0.554804[0m
INFO -- Epoch: [95m391[0m - Loss: [93m    0.553838[0m
INFO -- Epoch: [95m392[0m - Loss: [93m    0.554975[0m
INFO -- Epoch: [95m393[0m - Loss: [93m    0.554298[0m
INFO -- Epoch: [95m394[0m - Loss: [93m    0.554694[0m
INFO -- Epoch: [95m395[0m - Loss: [93m    0.554669[0m
INFO -- Epoch: [95m396[0m - Loss: [93m    0.554894[0m
INFO -- Epoch: [95m397[0m - Loss: [93m    0.554588[0m
INFO -- Epoch: [95m398[0m - Loss: [93m    0.554729[0m
INFO -- Epoch: [95m399[0m - Loss: [93m    0.554541[0m
INFO -- Epoch: [95m400[0m - Loss: [93m    0.554709[0m
INFO -- Epoch: [95m401[0m - Loss: [93m    0.554408[0m
INFO -- Epoch: [95m402[0m - Loss: [93m    0.554424[0m
INFO -- Epoch: [95m403[0m - Loss: [93m    0.554454[0m
INFO -- Epoch: [95m404[0m - Loss: [93m    0.554306[0m
INFO -- Epoch: [95m405[0m - Loss: [93m    0.555748[0m
INFO -- Epoch: [95m406[0m - Loss: [93m    0.553928[0m
INFO -- Epoch: [95m407[0m - Loss: [93m    0.554118[0m
INFO -- Epoch: [95m408[0m - Loss: [93m    0.554664[0m
INFO -- Epoch: [95m409[0m - Loss: [93m    0.553743[0m
INFO -- Epoch: [95m410[0m - Loss: [93m    0.553986[0m
INFO -- Epoch: [95m411[0m - Loss: [93m    0.553263[0m
INFO -- Epoch: [95m412[0m - Loss: [93m    0.554745[0m
INFO -- Epoch: [95m413[0m - Loss: [93m    0.555138[0m
INFO -- Epoch: [95m414[0m - Loss: [93m    0.554161[0m
INFO -- Epoch: [95m415[0m - Loss: [93m    0.556085[0m
INFO -- Epoch: [95m416[0m - Loss: [93m    0.554359[0m
INFO -- Epoch: [95m417[0m - Loss: [93m    0.553692[0m
INFO -- Epoch: [95m418[0m - Loss: [93m    0.553842[0m
INFO -- Epoch: [95m419[0m - Loss: [93m    0.553966[0m
INFO -- Epoch: [95m420[0m - Loss: [93m    0.554277[0m
INFO -- Epoch: [95m421[0m - Loss: [93m    0.554888[0m
INFO -- Epoch: [95m422[0m - Loss: [93m    0.554179[0m
INFO -- Epoch: [95m423[0m - Loss: [93m    0.553927[0m
INFO -- Epoch: [95m424[0m - Loss: [93m    0.555900[0m
INFO -- Epoch: [95m425[0m - Loss: [93m    0.555385[0m
INFO -- Epoch: [95m426[0m - Loss: [93m    0.554306[0m
INFO -- Epoch: [95m427[0m - Loss: [93m    0.554893[0m
INFO -- Epoch: [95m428[0m - Loss: [93m    0.554741[0m
INFO -- Epoch: [95m429[0m - Loss: [93m    0.554284[0m
INFO -- Epoch: [95m430[0m - Loss: [93m    0.555038[0m
INFO -- Epoch: [95m431[0m - Loss: [93m    0.555244[0m
INFO -- Epoch: [95m432[0m - Loss: [93m    0.554586[0m
INFO -- Epoch: [95m433[0m - Loss: [93m    0.554467[0m
INFO -- Epoch: [95m434[0m - Loss: [93m    0.554579[0m
INFO -- Epoch: [95m435[0m - Loss: [93m    0.554629[0m
INFO -- Epoch: [95m436[0m - Loss: [93m    0.554341[0m
INFO -- Epoch: [95m437[0m - Loss: [93m    0.554633[0m
INFO -- Epoch: [95m438[0m - Loss: [93m    0.554204[0m
INFO -- Epoch: [95m439[0m - Loss: [93m    0.554485[0m
INFO -- Epoch: [95m440[0m - Loss: [93m    0.554229[0m
INFO -- Epoch: [95m441[0m - Loss: [93m    0.554111[0m
INFO -- Epoch: [95m442[0m - Loss: [93m    0.553899[0m
INFO -- Epoch: [95m443[0m - Loss: [93m    0.555010[0m
INFO -- Epoch: [95m444[0m - Loss: [93m    0.555724[0m
INFO -- Epoch: [95m445[0m - Loss: [93m    0.554525[0m
INFO -- Epoch: [95m446[0m - Loss: [93m    0.553810[0m
INFO -- Epoch: [95m447[0m - Loss: [93m    0.556284[0m
INFO -- Epoch: [95m448[0m - Loss: [93m    0.554083[0m
INFO -- Epoch: [95m449[0m - Loss: [93m    0.553824[0m
INFO -- Epoch: [95m450[0m - Loss: [93m    0.554144[0m
INFO -- Epoch: [95m451[0m - Loss: [93m    0.554264[0m
INFO -- Epoch: [95m452[0m - Loss: [93m    0.554374[0m
INFO -- Epoch: [95m453[0m - Loss: [93m    0.555449[0m
INFO -- Epoch: [95m454[0m - Loss: [93m    0.554698[0m
INFO -- Epoch: [95m455[0m - Loss: [93m    0.553946[0m
INFO -- Epoch: [95m456[0m - Loss: [93m    0.554158[0m
INFO -- Epoch: [95m457[0m - Loss: [93m    0.555483[0m
INFO -- Epoch: [95m458[0m - Loss: [93m    0.554353[0m
INFO -- Epoch: [95m459[0m - Loss: [93m    0.555567[0m
INFO -- Epoch: [95m460[0m - Loss: [93m    0.554113[0m
INFO -- Epoch: [95m461[0m - Loss: [93m    0.554671[0m
INFO -- Epoch: [95m462[0m - Loss: [93m    0.554823[0m
INFO -- Epoch: [95m463[0m - Loss: [93m    0.554237[0m
INFO -- Epoch: [95m464[0m - Loss: [93m    0.554679[0m
INFO -- Epoch: [95m465[0m - Loss: [93m    0.554450[0m
INFO -- Epoch: [95m466[0m - Loss: [93m    0.554610[0m
INFO -- Epoch: [95m467[0m - Loss: [93m    0.554339[0m
INFO -- Epoch: [95m468[0m - Loss: [93m    0.554199[0m
INFO -- Epoch: [95m469[0m - Loss: [93m    0.554205[0m
INFO -- Epoch: [95m470[0m - Loss: [93m    0.554085[0m
INFO -- Epoch: [95m471[0m - Loss: [93m    0.554009[0m
INFO -- Epoch: [95m472[0m - Loss: [93m    0.554754[0m
INFO -- Epoch: [95m473[0m - Loss: [93m    0.555998[0m
INFO -- Epoch: [95m474[0m - Loss: [93m    0.553611[0m
INFO -- Epoch: [95m475[0m - Loss: [93m    0.553740[0m
INFO -- Epoch: [95m476[0m - Loss: [93m    0.556713[0m
INFO -- Epoch: [95m477[0m - Loss: [93m    0.553852[0m
INFO -- Epoch: [95m478[0m - Loss: [93m    0.553955[0m
INFO -- Epoch: [95m479[0m - Loss: [93m    0.554795[0m
INFO -- Epoch: [95m480[0m - Loss: [93m    0.553671[0m
INFO -- Epoch: [95m481[0m - Loss: [93m    0.553768[0m
INFO -- Epoch: [95m482[0m - Loss: [93m    0.553733[0m
INFO -- Epoch: [95m483[0m - Loss: [93m    0.554958[0m
INFO -- Epoch: [95m484[0m - Loss: [93m    0.555148[0m
INFO -- Epoch: [95m485[0m - Loss: [93m    0.553654[0m
INFO -- Epoch: [95m486[0m - Loss: [93m    0.553681[0m
INFO -- Epoch: [95m487[0m - Loss: [93m    0.555827[0m
INFO -- Epoch: [95m488[0m - Loss: [93m    0.554451[0m
INFO -- Epoch: [95m489[0m - Loss: [93m    0.553964[0m
INFO -- Epoch: [95m490[0m - Loss: [93m    0.553649[0m
INFO -- Epoch: [95m491[0m - Loss: [93m    0.557515[0m
INFO -- Epoch: [95m492[0m - Loss: [93m    0.554058[0m
INFO -- Epoch: [95m493[0m - Loss: [93m    0.554681[0m
INFO -- Epoch: [95m494[0m - Loss: [93m    0.554304[0m
INFO -- Epoch: [95m495[0m - Loss: [93m    0.554328[0m
INFO -- Epoch: [95m496[0m - Loss: [93m    0.554602[0m
INFO -- Epoch: [95m497[0m - Loss: [93m    0.554359[0m
INFO -- Epoch: [95m498[0m - Loss: [93m    0.555167[0m
INFO -- Epoch: [95m499[0m - Loss: [93m    0.554245[0m
INFO -- Epoch: [95m500[0m - Loss: [93m    0.554790[0m
INFO -- Epoch: [95m501[0m - Loss: [93m    0.554563[0m
INFO -- Epoch: [95m502[0m - Loss: [93m    0.554629[0m
INFO -- Epoch: [95m503[0m - Loss: [93m    0.554170[0m
INFO -- Epoch: [95m504[0m - Loss: [93m    0.554210[0m
INFO -- Epoch: [95m505[0m - Loss: [93m    0.554073[0m
INFO -- Epoch: [95m506[0m - Loss: [93m    0.554122[0m
INFO -- Epoch: [95m507[0m - Loss: [93m    0.555454[0m
INFO -- Epoch: [95m508[0m - Loss: [93m    0.554300[0m
INFO -- Epoch: [95m509[0m - Loss: [93m    0.554823[0m
INFO -- Epoch: [95m510[0m - Loss: [93m    0.553724[0m
INFO -- Epoch: [95m511[0m - Loss: [93m    0.554264[0m
INFO -- Epoch: [95m512[0m - Loss: [93m    0.553505[0m
INFO -- Epoch: [95m513[0m - Loss: [93m    0.554219[0m
INFO -- Epoch: [95m514[0m - Loss: [93m    0.553567[0m
INFO -- Epoch: [95m515[0m - Loss: [93m    0.553600[0m
INFO -- Epoch: [95m516[0m - Loss: [93m    0.557758[0m
INFO -- Epoch: [95m517[0m - Loss: [93m    0.556249[0m
INFO -- Epoch: [95m518[0m - Loss: [93m    0.555071[0m
INFO -- Epoch: [95m519[0m - Loss: [93m    0.554007[0m
INFO -- Epoch: [95m520[0m - Loss: [93m    0.553887[0m
INFO -- Epoch: [95m521[0m - Loss: [93m    0.554309[0m
INFO -- Epoch: [95m522[0m - Loss: [93m    0.555060[0m
INFO -- Epoch: [95m523[0m - Loss: [93m    0.554204[0m
INFO -- Epoch: [95m524[0m - Loss: [93m    0.554232[0m
INFO -- Epoch: [95m525[0m - Loss: [93m    0.554134[0m
INFO -- Epoch: [95m526[0m - Loss: [93m    0.554123[0m
INFO -- Epoch: [95m527[0m - Loss: [93m    0.553936[0m
INFO -- Epoch: [95m528[0m - Loss: [93m    0.554317[0m
INFO -- Epoch: [95m529[0m - Loss: [93m    0.554553[0m
INFO -- Epoch: [95m530[0m - Loss: [93m    0.556459[0m
INFO -- Epoch: [95m531[0m - Loss: [93m    0.554112[0m
INFO -- Epoch: [95m532[0m - Loss: [93m    0.553829[0m
INFO -- Epoch: [95m533[0m - Loss: [93m    0.553967[0m
INFO -- Epoch: [95m534[0m - Loss: [93m    0.554142[0m
INFO -- Epoch: [95m535[0m - Loss: [93m    0.555154[0m
INFO -- Epoch: [95m536[0m - Loss: [93m    0.554457[0m
INFO -- Epoch: [95m537[0m - Loss: [93m    0.554121[0m
INFO -- Epoch: [95m538[0m - Loss: [93m    0.553745[0m
INFO -- Epoch: [95m539[0m - Loss: [93m    0.553884[0m
INFO -- Epoch: [95m540[0m - Loss: [93m    0.555347[0m
INFO -- Epoch: [95m541[0m - Loss: [93m    0.554558[0m
INFO -- Epoch: [95m542[0m - Loss: [93m    0.554022[0m
INFO -- Epoch: [95m543[0m - Loss: [93m    0.553766[0m
INFO -- Epoch: [95m544[0m - Loss: [93m    0.556065[0m
INFO -- Epoch: [95m545[0m - Loss: [93m    0.554873[0m
INFO -- Epoch: [95m546[0m - Loss: [93m    0.554348[0m
INFO -- Epoch: [95m547[0m - Loss: [93m    0.554423[0m
INFO -- Epoch: [95m548[0m - Loss: [93m    0.554250[0m
INFO -- Epoch: [95m549[0m - Loss: [93m    0.554213[0m
INFO -- Epoch: [95m550[0m - Loss: [93m    0.554515[0m
INFO -- Epoch: [95m551[0m - Loss: [93m    0.554593[0m
INFO -- Epoch: [95m552[0m - Loss: [93m    0.554616[0m
INFO -- Epoch: [95m553[0m - Loss: [93m    0.554166[0m
INFO -- Epoch: [95m554[0m - Loss: [93m    0.554583[0m
INFO -- Epoch: [95m555[0m - Loss: [93m    0.553906[0m
INFO -- Epoch: [95m556[0m - Loss: [93m    0.554476[0m
INFO -- Epoch: [95m557[0m - Loss: [93m    0.553765[0m
INFO -- Epoch: [95m558[0m - Loss: [93m    0.553610[0m
INFO -- Epoch: [95m559[0m - Loss: [93m    0.554460[0m
INFO -- Epoch: [95m560[0m - Loss: [93m    0.554868[0m
INFO -- Epoch: [95m561[0m - Loss: [93m    0.553483[0m
INFO -- Epoch: [95m562[0m - Loss: [93m    0.552824[0m
INFO -- Epoch: [95m563[0m - Loss: [93m    0.553882[0m
INFO -- Epoch: [95m564[0m - Loss: [93m    0.552816[0m
INFO -- Epoch: [95m565[0m - Loss: [93m    0.552821[0m
INFO -- Epoch: [95m566[0m - Loss: [93m    0.556962[0m
INFO -- Epoch: [95m567[0m - Loss: [93m    0.556023[0m
INFO -- Epoch: [95m568[0m - Loss: [93m    0.553755[0m
INFO -- Epoch: [95m569[0m - Loss: [93m    0.554528[0m
INFO -- Epoch: [95m570[0m - Loss: [93m    0.553848[0m
INFO -- Epoch: [95m571[0m - Loss: [93m    0.554938[0m
INFO -- Epoch: [95m572[0m - Loss: [93m    0.554864[0m
INFO -- Epoch: [95m573[0m - Loss: [93m    0.554193[0m
INFO -- Epoch: [95m574[0m - Loss: [93m    0.554216[0m
INFO -- Epoch: [95m575[0m - Loss: [93m    0.554556[0m
INFO -- Epoch: [95m576[0m - Loss: [93m    0.554389[0m
INFO -- Epoch: [95m577[0m - Loss: [93m    0.554600[0m
INFO -- Epoch: [95m578[0m - Loss: [93m    0.554025[0m
INFO -- Epoch: [95m579[0m - Loss: [93m    0.553876[0m
INFO -- Epoch: [95m580[0m - Loss: [93m    0.555625[0m
INFO -- Epoch: [95m581[0m - Loss: [93m    0.554544[0m
INFO -- Epoch: [95m582[0m - Loss: [93m    0.555499[0m
INFO -- Epoch: [95m583[0m - Loss: [93m    0.553944[0m
INFO -- Epoch: [95m584[0m - Loss: [93m    0.554417[0m
INFO -- Epoch: [95m585[0m - Loss: [93m    0.554507[0m
INFO -- Epoch: [95m586[0m - Loss: [93m    0.554990[0m
INFO -- Epoch: [95m587[0m - Loss: [93m    0.554054[0m
INFO -- Epoch: [95m588[0m - Loss: [93m    0.554244[0m
INFO -- Epoch: [95m589[0m - Loss: [93m    0.554045[0m
INFO -- Epoch: [95m590[0m - Loss: [93m    0.554066[0m
INFO -- Epoch: [95m591[0m - Loss: [93m    0.554641[0m
INFO -- Epoch: [95m592[0m - Loss: [93m    0.553976[0m
INFO -- Epoch: [95m593[0m - Loss: [93m    0.554464[0m
INFO -- Epoch: [95m594[0m - Loss: [93m    0.553600[0m
INFO -- Epoch: [95m595[0m - Loss: [93m    0.555313[0m
INFO -- Epoch: [95m596[0m - Loss: [93m    0.554635[0m
INFO -- Epoch: [95m597[0m - Loss: [93m    0.553527[0m
INFO -- Epoch: [95m598[0m - Loss: [93m    0.553513[0m
INFO -- Epoch: [95m599[0m - Loss: [93m    0.553501[0m
INFO -- Epoch: [95m600[0m - Loss: [93m    0.553961[0m
INFO -- Epoch: [95m601[0m - Loss: [93m    0.553594[0m
INFO -- Epoch: [95m602[0m - Loss: [93m    0.555702[0m
INFO -- Epoch: [95m603[0m - Loss: [93m    0.553703[0m
INFO -- Epoch: [95m604[0m - Loss: [93m    0.553382[0m
INFO -- Epoch: [95m605[0m - Loss: [93m    0.554126[0m
INFO -- Epoch: [95m606[0m - Loss: [93m    0.554080[0m
INFO -- Epoch: [95m607[0m - Loss: [93m    0.553033[0m
INFO -- Epoch: [95m608[0m - Loss: [93m    0.554614[0m
INFO -- Epoch: [95m609[0m - Loss: [93m    0.553214[0m
INFO -- Epoch: [95m610[0m - Loss: [93m    0.554436[0m
INFO -- Epoch: [95m611[0m - Loss: [93m    0.555029[0m
INFO -- Epoch: [95m612[0m - Loss: [93m    0.555173[0m
INFO -- Epoch: [95m613[0m - Loss: [93m    0.554581[0m
INFO -- Epoch: [95m614[0m - Loss: [93m    0.553746[0m
INFO -- Epoch: [95m615[0m - Loss: [93m    0.555254[0m
INFO -- Epoch: [95m616[0m - Loss: [93m    0.554482[0m
INFO -- Epoch: [95m617[0m - Loss: [93m    0.554433[0m
INFO -- Epoch: [95m618[0m - Loss: [93m    0.554459[0m
INFO -- Epoch: [95m619[0m - Loss: [93m    0.554428[0m
INFO -- Epoch: [95m620[0m - Loss: [93m    0.555085[0m
INFO -- Epoch: [95m621[0m - Loss: [93m    0.554761[0m
INFO -- Epoch: [95m622[0m - Loss: [93m    0.554317[0m
INFO -- Epoch: [95m623[0m - Loss: [93m    0.554719[0m
INFO -- Epoch: [95m624[0m - Loss: [93m    0.554115[0m
INFO -- Epoch: [95m625[0m - Loss: [93m    0.554554[0m
INFO -- Epoch: [95m626[0m - Loss: [93m    0.554656[0m
INFO -- Epoch: [95m627[0m - Loss: [93m    0.553920[0m
INFO -- Epoch: [95m628[0m - Loss: [93m    0.553833[0m
INFO -- Epoch: [95m629[0m - Loss: [93m    0.553611[0m
INFO -- Epoch: [95m630[0m - Loss: [93m    0.553224[0m
INFO -- Epoch: [95m631[0m - Loss: [93m    0.555102[0m
INFO -- Epoch: [95m632[0m - Loss: [93m    0.555008[0m
INFO -- Epoch: [95m633[0m - Loss: [93m    0.554059[0m
INFO -- Epoch: [95m634[0m - Loss: [93m    0.553994[0m
INFO -- Epoch: [95m635[0m - Loss: [93m    0.556645[0m
INFO -- Epoch: [95m636[0m - Loss: [93m    0.553581[0m
INFO -- Epoch: [95m637[0m - Loss: [93m    0.553530[0m
INFO -- Epoch: [95m638[0m - Loss: [93m    0.553542[0m
INFO -- Epoch: [95m639[0m - Loss: [93m    0.553481[0m
INFO -- Epoch: [95m640[0m - Loss: [93m    0.554157[0m
INFO -- Epoch: [95m641[0m - Loss: [93m    0.553706[0m
INFO -- Epoch: [95m642[0m - Loss: [93m    0.557704[0m
INFO -- Epoch: [95m643[0m - Loss: [93m    0.553596[0m
INFO -- Epoch: [95m644[0m - Loss: [93m    0.554586[0m
INFO -- Epoch: [95m645[0m - Loss: [93m    0.554522[0m
INFO -- Epoch: [95m646[0m - Loss: [93m    0.554481[0m
INFO -- Epoch: [95m647[0m - Loss: [93m    0.554035[0m
INFO -- Epoch: [95m648[0m - Loss: [93m    0.554040[0m
INFO -- Epoch: [95m649[0m - Loss: [93m    0.554587[0m
INFO -- Epoch: [95m650[0m - Loss: [93m    0.555060[0m
INFO -- Epoch: [95m651[0m - Loss: [93m    0.554155[0m
INFO -- Epoch: [95m652[0m - Loss: [93m    0.554044[0m
INFO -- Epoch: [95m653[0m - Loss: [93m    0.553937[0m
INFO -- Epoch: [95m654[0m - Loss: [93m    0.553962[0m
INFO -- Epoch: [95m655[0m - Loss: [93m    0.556205[0m
INFO -- Epoch: [95m656[0m - Loss: [93m    0.554981[0m
INFO -- Epoch: [95m657[0m - Loss: [93m    0.554892[0m
INFO -- Epoch: [95m658[0m - Loss: [93m    0.553971[0m
INFO -- Epoch: [95m659[0m - Loss: [93m    0.554590[0m
INFO -- Epoch: [95m660[0m - Loss: [93m    0.554166[0m
INFO -- Epoch: [95m661[0m - Loss: [93m    0.553846[0m
INFO -- Epoch: [95m662[0m - Loss: [93m    0.553994[0m
INFO -- Epoch: [95m663[0m - Loss: [93m    0.554441[0m
INFO -- Epoch: [95m664[0m - Loss: [93m    0.555056[0m
INFO -- Epoch: [95m665[0m - Loss: [93m    0.555010[0m
INFO -- Epoch: [95m666[0m - Loss: [93m    0.554367[0m
INFO -- Epoch: [95m667[0m - Loss: [93m    0.554858[0m
INFO -- Epoch: [95m668[0m - Loss: [93m    0.554716[0m
INFO -- Epoch: [95m669[0m - Loss: [93m    0.554137[0m
INFO -- Epoch: [95m670[0m - Loss: [93m    0.554117[0m
INFO -- Epoch: [95m671[0m - Loss: [93m    0.554345[0m
INFO -- Epoch: [95m672[0m - Loss: [93m    0.554985[0m
INFO -- Epoch: [95m673[0m - Loss: [93m    0.554365[0m
INFO -- Epoch: [95m674[0m - Loss: [93m    0.554790[0m
INFO -- Epoch: [95m675[0m - Loss: [93m    0.554924[0m
INFO -- Epoch: [95m676[0m - Loss: [93m    0.554243[0m
INFO -- Epoch: [95m677[0m - Loss: [93m    0.554482[0m
INFO -- Epoch: [95m678[0m - Loss: [93m    0.553950[0m
INFO -- Epoch: [95m679[0m - Loss: [93m    0.554054[0m
INFO -- Epoch: [95m680[0m - Loss: [93m    0.553885[0m
INFO -- Epoch: [95m681[0m - Loss: [93m    0.554333[0m
INFO -- Epoch: [95m682[0m - Loss: [93m    0.553647[0m
INFO -- Epoch: [95m683[0m - Loss: [93m    0.553618[0m
INFO -- Epoch: [95m684[0m - Loss: [93m    0.555220[0m
INFO -- Epoch: [95m685[0m - Loss: [93m    0.555221[0m
INFO -- Epoch: [95m686[0m - Loss: [93m    0.555707[0m
INFO -- Epoch: [95m687[0m - Loss: [93m    0.554023[0m
INFO -- Epoch: [95m688[0m - Loss: [93m    0.555513[0m
INFO -- Epoch: [95m689[0m - Loss: [93m    0.554306[0m
INFO -- Epoch: [95m690[0m - Loss: [93m    0.554853[0m
INFO -- Epoch: [95m691[0m - Loss: [93m    0.553980[0m
INFO -- Epoch: [95m692[0m - Loss: [93m    0.554426[0m
INFO -- Epoch: [95m693[0m - Loss: [93m    0.554583[0m
INFO -- Epoch: [95m694[0m - Loss: [93m    0.554613[0m
INFO -- Epoch: [95m695[0m - Loss: [93m    0.554243[0m
INFO -- Epoch: [95m696[0m - Loss: [93m    0.555095[0m
INFO -- Epoch: [95m697[0m - Loss: [93m    0.554359[0m
INFO -- Epoch: [95m698[0m - Loss: [93m    0.554640[0m
INFO -- Epoch: [95m699[0m - Loss: [93m    0.554221[0m
INFO -- Epoch: [95m700[0m - Loss: [93m    0.554358[0m
INFO -- Epoch: [95m701[0m - Loss: [93m    0.554354[0m
INFO -- Epoch: [95m702[0m - Loss: [93m    0.554577[0m
INFO -- Epoch: [95m703[0m - Loss: [93m    0.554293[0m
INFO -- Epoch: [95m704[0m - Loss: [93m    0.553947[0m
INFO -- Epoch: [95m705[0m - Loss: [93m    0.554196[0m
INFO -- Epoch: [95m706[0m - Loss: [93m    0.554864[0m
INFO -- Epoch: [95m707[0m - Loss: [93m    0.553992[0m
INFO -- Epoch: [95m708[0m - Loss: [93m    0.553459[0m
INFO -- Epoch: [95m709[0m - Loss: [93m    0.554422[0m
INFO -- Epoch: [95m710[0m - Loss: [93m    0.553678[0m
INFO -- Epoch: [95m711[0m - Loss: [93m    0.553435[0m
INFO -- Epoch: [95m712[0m - Loss: [93m    0.553316[0m
INFO -- Epoch: [95m713[0m - Loss: [93m    0.556889[0m
INFO -- Epoch: [95m714[0m - Loss: [93m    0.554441[0m
INFO -- Epoch: [95m715[0m - Loss: [93m    0.554162[0m
INFO -- Epoch: [95m716[0m - Loss: [93m    0.553197[0m
INFO -- Epoch: [95m717[0m - Loss: [93m    0.553160[0m
INFO -- Epoch: [95m718[0m - Loss: [93m    0.553731[0m
INFO -- Epoch: [95m719[0m - Loss: [93m    0.555780[0m
INFO -- Epoch: [95m720[0m - Loss: [93m    0.553655[0m
INFO -- Epoch: [95m721[0m - Loss: [93m    0.553206[0m
INFO -- Epoch: [95m722[0m - Loss: [93m    0.553246[0m
INFO -- Epoch: [95m723[0m - Loss: [93m    0.554810[0m
INFO -- Epoch: [95m724[0m - Loss: [93m    0.553314[0m
INFO -- Epoch: [95m725[0m - Loss: [93m    0.553352[0m
INFO -- Epoch: [95m726[0m - Loss: [93m    0.555330[0m
INFO -- Epoch: [95m727[0m - Loss: [93m    0.553924[0m
INFO -- Epoch: [95m728[0m - Loss: [93m    0.553560[0m
INFO -- Epoch: [95m729[0m - Loss: [93m    0.554529[0m
INFO -- Epoch: [95m730[0m - Loss: [93m    0.553688[0m
INFO -- Epoch: [95m731[0m - Loss: [93m    0.553121[0m
INFO -- Epoch: [95m732[0m - Loss: [93m    0.553022[0m
INFO -- Epoch: [95m733[0m - Loss: [93m    0.552821[0m
INFO -- Epoch: [95m734[0m - Loss: [93m    0.557432[0m
INFO -- Epoch: [95m735[0m - Loss: [93m    0.554253[0m
INFO -- Epoch: [95m736[0m - Loss: [93m    0.553557[0m
INFO -- Epoch: [95m737[0m - Loss: [93m    0.554237[0m
INFO -- Epoch: [95m738[0m - Loss: [93m    0.553701[0m
INFO -- Epoch: [95m739[0m - Loss: [93m    0.557302[0m
INFO -- Epoch: [95m740[0m - Loss: [93m    0.554651[0m
INFO -- Epoch: [95m741[0m - Loss: [93m    0.553893[0m
INFO -- Epoch: [95m742[0m - Loss: [93m    0.554626[0m
INFO -- Epoch: [95m743[0m - Loss: [93m    0.554282[0m
INFO -- Epoch: [95m744[0m - Loss: [93m    0.554210[0m
INFO -- Epoch: [95m745[0m - Loss: [93m    0.555327[0m
INFO -- Epoch: [95m746[0m - Loss: [93m    0.554803[0m
INFO -- Epoch: [95m747[0m - Loss: [93m    0.554426[0m
INFO -- Epoch: [95m748[0m - Loss: [93m    0.554819[0m
INFO -- Epoch: [95m749[0m - Loss: [93m    0.554964[0m
INFO -- Epoch: [95m750[0m - Loss: [93m    0.554562[0m
INFO -- Epoch: [95m751[0m - Loss: [93m    0.554654[0m
INFO -- Epoch: [95m752[0m - Loss: [93m    0.554578[0m
INFO -- Epoch: [95m753[0m - Loss: [93m    0.554678[0m
INFO -- Epoch: [95m754[0m - Loss: [93m    0.554418[0m
INFO -- Epoch: [95m755[0m - Loss: [93m    0.554790[0m
INFO -- Epoch: [95m756[0m - Loss: [93m    0.554290[0m
INFO -- Epoch: [95m757[0m - Loss: [93m    0.554811[0m
INFO -- Epoch: [95m758[0m - Loss: [93m    0.554583[0m
INFO -- Epoch: [95m759[0m - Loss: [93m    0.554904[0m
INFO -- Epoch: [95m760[0m - Loss: [93m    0.553948[0m
INFO -- Epoch: [95m761[0m - Loss: [93m    0.554334[0m
INFO -- Epoch: [95m762[0m - Loss: [93m    0.554011[0m
INFO -- Epoch: [95m763[0m - Loss: [93m    0.553984[0m
INFO -- Epoch: [95m764[0m - Loss: [93m    0.553853[0m
INFO -- Epoch: [95m765[0m - Loss: [93m    0.553462[0m
INFO -- Epoch: [95m766[0m - Loss: [93m    0.553124[0m
INFO -- Epoch: [95m767[0m - Loss: [93m    0.554566[0m
INFO -- Epoch: [95m768[0m - Loss: [93m    0.560385[0m
INFO -- Epoch: [95m769[0m - Loss: [93m    0.553635[0m
INFO -- Epoch: [95m770[0m - Loss: [93m    0.553723[0m
INFO -- Epoch: [95m771[0m - Loss: [93m    0.553712[0m
INFO -- Epoch: [95m772[0m - Loss: [93m    0.553852[0m
INFO -- Epoch: [95m773[0m - Loss: [93m    0.553600[0m
INFO -- Epoch: [95m774[0m - Loss: [93m    0.553553[0m
INFO -- Epoch: [95m775[0m - Loss: [93m    0.555729[0m
INFO -- Epoch: [95m776[0m - Loss: [93m    0.555318[0m
INFO -- Epoch: [95m777[0m - Loss: [93m    0.553829[0m
INFO -- Epoch: [95m778[0m - Loss: [93m    0.554239[0m
INFO -- Epoch: [95m779[0m - Loss: [93m    0.557027[0m
INFO -- Epoch: [95m780[0m - Loss: [93m    0.554049[0m
INFO -- Epoch: [95m781[0m - Loss: [93m    0.555120[0m
INFO -- Epoch: [95m782[0m - Loss: [93m    0.554428[0m
INFO -- Epoch: [95m783[0m - Loss: [93m    0.554616[0m
INFO -- Epoch: [95m784[0m - Loss: [93m    0.554633[0m
INFO -- Epoch: [95m785[0m - Loss: [93m    0.554781[0m
INFO -- Epoch: [95m786[0m - Loss: [93m    0.554671[0m
INFO -- Epoch: [95m787[0m - Loss: [93m    0.554533[0m
INFO -- Epoch: [95m788[0m - Loss: [93m    0.555075[0m
INFO -- Epoch: [95m789[0m - Loss: [93m    0.554256[0m
INFO -- Epoch: [95m790[0m - Loss: [93m    0.554771[0m
INFO -- Epoch: [95m791[0m - Loss: [93m    0.553981[0m
INFO -- Epoch: [95m792[0m - Loss: [93m    0.553675[0m
INFO -- Epoch: [95m793[0m - Loss: [93m    0.553324[0m
INFO -- Epoch: [95m794[0m - Loss: [93m    0.554327[0m
INFO -- Epoch: [95m795[0m - Loss: [93m    0.554517[0m
INFO -- Epoch: [95m796[0m - Loss: [93m    0.557423[0m
INFO -- Epoch: [95m797[0m - Loss: [93m    0.553198[0m
INFO -- Epoch: [95m798[0m - Loss: [93m    0.553973[0m
INFO -- Epoch: [95m799[0m - Loss: [93m    0.555101[0m
INFO -- Epoch: [95m800[0m - Loss: [93m    0.554404[0m
INFO -- Epoch: [95m801[0m - Loss: [93m    0.554385[0m
INFO -- Epoch: [95m802[0m - Loss: [93m    0.554317[0m
INFO -- Epoch: [95m803[0m - Loss: [93m    0.554331[0m
INFO -- Epoch: [95m804[0m - Loss: [93m    0.554545[0m
INFO -- Epoch: [95m805[0m - Loss: [93m    0.554223[0m
INFO -- Epoch: [95m806[0m - Loss: [93m    0.554484[0m
INFO -- Epoch: [95m807[0m - Loss: [93m    0.555558[0m
INFO -- Epoch: [95m808[0m - Loss: [93m    0.554327[0m
INFO -- Epoch: [95m809[0m - Loss: [93m    0.554078[0m
INFO -- Epoch: [95m810[0m - Loss: [93m    0.554521[0m
INFO -- Epoch: [95m811[0m - Loss: [93m    0.554311[0m
INFO -- Epoch: [95m812[0m - Loss: [93m    0.554343[0m
INFO -- Epoch: [95m813[0m - Loss: [93m    0.553996[0m
INFO -- Epoch: [95m814[0m - Loss: [93m    0.554183[0m
INFO -- Epoch: [95m815[0m - Loss: [93m    0.553582[0m
INFO -- Epoch: [95m816[0m - Loss: [93m    0.555469[0m
INFO -- Epoch: [95m817[0m - Loss: [93m    0.556794[0m
INFO -- Epoch: [95m818[0m - Loss: [93m    0.554266[0m
INFO -- Epoch: [95m819[0m - Loss: [93m    0.554788[0m
INFO -- Epoch: [95m820[0m - Loss: [93m    0.554244[0m
INFO -- Epoch: [95m821[0m - Loss: [93m    0.554984[0m
INFO -- Epoch: [95m822[0m - Loss: [93m    0.554666[0m
INFO -- Epoch: [95m823[0m - Loss: [93m    0.554602[0m
INFO -- Epoch: [95m824[0m - Loss: [93m    0.554518[0m
INFO -- Epoch: [95m825[0m - Loss: [93m    0.554566[0m
INFO -- Epoch: [95m826[0m - Loss: [93m    0.554407[0m
INFO -- Epoch: [95m827[0m - Loss: [93m    0.554377[0m
INFO -- Epoch: [95m828[0m - Loss: [93m    0.554721[0m
INFO -- Epoch: [95m829[0m - Loss: [93m    0.554542[0m
INFO -- Epoch: [95m830[0m - Loss: [93m    0.554041[0m
INFO -- Epoch: [95m831[0m - Loss: [93m    0.554629[0m
INFO -- Epoch: [95m832[0m - Loss: [93m    0.553771[0m
INFO -- Epoch: [95m833[0m - Loss: [93m    0.553268[0m
INFO -- Epoch: [95m834[0m - Loss: [93m    0.554767[0m
INFO -- Epoch: [95m835[0m - Loss: [93m    0.555073[0m
INFO -- Epoch: [95m836[0m - Loss: [93m    0.553675[0m
INFO -- Epoch: [95m837[0m - Loss: [93m    0.553559[0m
INFO -- Epoch: [95m838[0m - Loss: [93m    0.553387[0m
INFO -- Epoch: [95m839[0m - Loss: [93m    0.554258[0m
INFO -- Epoch: [95m840[0m - Loss: [93m    0.556370[0m
INFO -- Epoch: [95m841[0m - Loss: [93m    0.554550[0m
INFO -- Epoch: [95m842[0m - Loss: [93m    0.556495[0m
INFO -- Epoch: [95m843[0m - Loss: [93m    0.554514[0m
INFO -- Epoch: [95m844[0m - Loss: [93m    0.554788[0m
INFO -- Epoch: [95m845[0m - Loss: [93m    0.555025[0m
INFO -- Epoch: [95m846[0m - Loss: [93m    0.554949[0m
INFO -- Epoch: [95m847[0m - Loss: [93m    0.554823[0m
INFO -- Epoch: [95m848[0m - Loss: [93m    0.554541[0m
INFO -- Epoch: [95m849[0m - Loss: [93m    0.554314[0m
INFO -- Epoch: [95m850[0m - Loss: [93m    0.554406[0m
INFO -- Epoch: [95m851[0m - Loss: [93m    0.554367[0m
INFO -- Epoch: [95m852[0m - Loss: [93m    0.553509[0m
INFO -- Epoch: [95m853[0m - Loss: [93m    0.553909[0m
INFO -- Epoch: [95m854[0m - Loss: [93m    0.552871[0m
INFO -- Epoch: [95m855[0m - Loss: [93m    0.554074[0m
INFO -- Epoch: [95m856[0m - Loss: [93m    0.564246[0m
INFO -- Epoch: [95m857[0m - Loss: [93m    0.557387[0m
INFO -- Epoch: [95m858[0m - Loss: [93m    0.555080[0m
INFO -- Epoch: [95m859[0m - Loss: [93m    0.555654[0m
INFO -- Epoch: [95m860[0m - Loss: [93m    0.555566[0m
INFO -- Epoch: [95m861[0m - Loss: [93m    0.555171[0m
INFO -- Epoch: [95m862[0m - Loss: [93m    0.554847[0m
INFO -- Epoch: [95m863[0m - Loss: [93m    0.554265[0m
INFO -- Epoch: [95m864[0m - Loss: [93m    0.553996[0m
INFO -- Epoch: [95m865[0m - Loss: [93m    0.558099[0m
INFO -- Epoch: [95m866[0m - Loss: [93m    0.554045[0m
INFO -- Epoch: [95m867[0m - Loss: [93m    0.554623[0m
INFO -- Epoch: [95m868[0m - Loss: [93m    0.554926[0m
INFO -- Epoch: [95m869[0m - Loss: [93m    0.555077[0m
INFO -- Epoch: [95m870[0m - Loss: [93m    0.554631[0m
INFO -- Epoch: [95m871[0m - Loss: [93m    0.554435[0m
INFO -- Epoch: [95m872[0m - Loss: [93m    0.556124[0m
INFO -- Epoch: [95m873[0m - Loss: [93m    0.553854[0m
INFO -- Epoch: [95m874[0m - Loss: [93m    0.553732[0m
INFO -- Epoch: [95m875[0m - Loss: [93m    0.554785[0m
INFO -- Epoch: [95m876[0m - Loss: [93m    0.555474[0m
INFO -- Epoch: [95m877[0m - Loss: [93m    0.555226[0m
INFO -- Epoch: [95m878[0m - Loss: [93m    0.554859[0m
INFO -- Epoch: [95m879[0m - Loss: [93m    0.555173[0m
INFO -- Epoch: [95m880[0m - Loss: [93m    0.555067[0m
INFO -- Epoch: [95m881[0m - Loss: [93m    0.554547[0m
INFO -- Epoch: [95m882[0m - Loss: [93m    0.554903[0m
INFO -- Epoch: [95m883[0m - Loss: [93m    0.556478[0m
INFO -- Epoch: [95m884[0m - Loss: [93m    0.553907[0m
INFO -- Epoch: [95m885[0m - Loss: [93m    0.554060[0m
INFO -- Epoch: [95m886[0m - Loss: [93m    0.554060[0m
INFO -- Epoch: [95m887[0m - Loss: [93m    0.554779[0m
INFO -- Epoch: [95m888[0m - Loss: [93m    0.554352[0m
INFO -- Epoch: [95m889[0m - Loss: [93m    0.554283[0m
INFO -- Epoch: [95m890[0m - Loss: [93m    0.553554[0m
INFO -- Epoch: [95m891[0m - Loss: [93m    0.553746[0m
INFO -- Epoch: [95m892[0m - Loss: [93m    0.554615[0m
INFO -- Epoch: [95m893[0m - Loss: [93m    0.556977[0m
INFO -- Epoch: [95m894[0m - Loss: [93m    0.554649[0m
INFO -- Epoch: [95m895[0m - Loss: [93m    0.553981[0m
INFO -- Epoch: [95m896[0m - Loss: [93m    0.554160[0m
INFO -- Epoch: [95m897[0m - Loss: [93m    0.554212[0m
INFO -- Epoch: [95m898[0m - Loss: [93m    0.554392[0m
INFO -- Epoch: [95m899[0m - Loss: [93m    0.554479[0m
INFO -- Epoch: [95m900[0m - Loss: [93m    0.554811[0m
INFO -- Epoch: [95m901[0m - Loss: [93m    0.554892[0m
INFO -- Epoch: [95m902[0m - Loss: [93m    0.554233[0m
INFO -- Epoch: [95m903[0m - Loss: [93m    0.554092[0m
INFO -- Epoch: [95m904[0m - Loss: [93m    0.554228[0m
INFO -- Epoch: [95m905[0m - Loss: [93m    0.555159[0m
INFO -- Epoch: [95m906[0m - Loss: [93m    0.553792[0m
INFO -- Epoch: [95m907[0m - Loss: [93m    0.554058[0m
INFO -- Epoch: [95m908[0m - Loss: [93m    0.555535[0m
INFO -- Epoch: [95m909[0m - Loss: [93m    0.553648[0m
INFO -- Epoch: [95m910[0m - Loss: [93m    0.554184[0m
INFO -- Epoch: [95m911[0m - Loss: [93m    0.553885[0m
INFO -- Epoch: [95m912[0m - Loss: [93m    0.556045[0m
INFO -- Epoch: [95m913[0m - Loss: [93m    0.553994[0m
INFO -- Epoch: [95m914[0m - Loss: [93m    0.554653[0m
INFO -- Epoch: [95m915[0m - Loss: [93m    0.553959[0m
INFO -- Epoch: [95m916[0m - Loss: [93m    0.555440[0m
INFO -- Epoch: [95m917[0m - Loss: [93m    0.555014[0m
INFO -- Epoch: [95m918[0m - Loss: [93m    0.554660[0m
INFO -- Epoch: [95m919[0m - Loss: [93m    0.554442[0m
INFO -- Epoch: [95m920[0m - Loss: [93m    0.554366[0m
INFO -- Epoch: [95m921[0m - Loss: [93m    0.554486[0m
INFO -- Epoch: [95m922[0m - Loss: [93m    0.554377[0m
INFO -- Epoch: [95m923[0m - Loss: [93m    0.554430[0m
INFO -- Epoch: [95m924[0m - Loss: [93m    0.554187[0m
INFO -- Epoch: [95m925[0m - Loss: [93m    0.553977[0m
INFO -- Epoch: [95m926[0m - Loss: [93m    0.553638[0m
INFO -- Epoch: [95m927[0m - Loss: [93m    0.553976[0m
INFO -- Epoch: [95m928[0m - Loss: [93m    0.553698[0m
INFO -- Epoch: [95m929[0m - Loss: [93m    0.553145[0m
INFO -- Epoch: [95m930[0m - Loss: [93m    0.554601[0m
INFO -- Epoch: [95m931[0m - Loss: [93m    0.554866[0m
INFO -- Epoch: [95m932[0m - Loss: [93m    0.560107[0m
INFO -- Epoch: [95m933[0m - Loss: [93m    0.554347[0m
INFO -- Epoch: [95m934[0m - Loss: [93m    0.553945[0m
INFO -- Epoch: [95m935[0m - Loss: [93m    0.554551[0m
INFO -- Epoch: [95m936[0m - Loss: [93m    0.554689[0m
INFO -- Epoch: [95m937[0m - Loss: [93m    0.554715[0m
INFO -- Epoch: [95m938[0m - Loss: [93m    0.554841[0m
INFO -- Epoch: [95m939[0m - Loss: [93m    0.554875[0m
INFO -- Epoch: [95m940[0m - Loss: [93m    0.554831[0m
INFO -- Epoch: [95m941[0m - Loss: [93m    0.554670[0m
INFO -- Epoch: [95m942[0m - Loss: [93m    0.554591[0m
INFO -- Epoch: [95m943[0m - Loss: [93m    0.554828[0m
INFO -- Epoch: [95m944[0m - Loss: [93m    0.554111[0m
INFO -- Epoch: [95m945[0m - Loss: [93m    0.554955[0m
INFO -- Epoch: [95m946[0m - Loss: [93m    0.554748[0m
INFO -- Epoch: [95m947[0m - Loss: [93m    0.553623[0m
INFO -- Epoch: [95m948[0m - Loss: [93m    0.555458[0m
INFO -- Epoch: [95m949[0m - Loss: [93m    0.554393[0m
INFO -- Epoch: [95m950[0m - Loss: [93m    0.555688[0m
INFO -- Epoch: [95m951[0m - Loss: [93m    0.554108[0m
INFO -- Epoch: [95m952[0m - Loss: [93m    0.554446[0m
INFO -- Epoch: [95m953[0m - Loss: [93m    0.554600[0m
INFO -- Epoch: [95m954[0m - Loss: [93m    0.554501[0m
INFO -- Epoch: [95m955[0m - Loss: [93m    0.554315[0m
INFO -- Epoch: [95m956[0m - Loss: [93m    0.553898[0m
INFO -- Epoch: [95m957[0m - Loss: [93m    0.554582[0m
INFO -- Epoch: [95m958[0m - Loss: [93m    0.553703[0m
INFO -- Epoch: [95m959[0m - Loss: [93m    0.553276[0m
INFO -- Epoch: [95m960[0m - Loss: [93m    0.552284[0m
INFO -- Epoch: [95m961[0m - Loss: [93m    0.556718[0m
INFO -- Epoch: [95m962[0m - Loss: [93m    0.558531[0m
INFO -- Epoch: [95m963[0m - Loss: [93m    0.553242[0m
INFO -- Epoch: [95m964[0m - Loss: [93m    0.553848[0m
INFO -- Epoch: [95m965[0m - Loss: [93m    0.554450[0m
INFO -- Epoch: [95m966[0m - Loss: [93m    0.554730[0m
INFO -- Epoch: [95m967[0m - Loss: [93m    0.554584[0m
INFO -- Epoch: [95m968[0m - Loss: [93m    0.554855[0m
INFO -- Epoch: [95m969[0m - Loss: [93m    0.554788[0m
INFO -- Epoch: [95m970[0m - Loss: [93m    0.554833[0m
INFO -- Epoch: [95m971[0m - Loss: [93m    0.555020[0m
INFO -- Epoch: [95m972[0m - Loss: [93m    0.554863[0m
INFO -- Epoch: [95m973[0m - Loss: [93m    0.554646[0m
INFO -- Epoch: [95m974[0m - Loss: [93m    0.554370[0m
INFO -- Epoch: [95m975[0m - Loss: [93m    0.554647[0m
INFO -- Epoch: [95m976[0m - Loss: [93m    0.555520[0m
INFO -- Epoch: [95m977[0m - Loss: [93m    0.554358[0m
INFO -- Epoch: [95m978[0m - Loss: [93m    0.554639[0m
INFO -- Epoch: [95m979[0m - Loss: [93m    0.554380[0m
INFO -- Epoch: [95m980[0m - Loss: [93m    0.554239[0m
INFO -- Epoch: [95m981[0m - Loss: [93m    0.555448[0m
INFO -- Epoch: [95m982[0m - Loss: [93m    0.553979[0m
INFO -- Epoch: [95m983[0m - Loss: [93m    0.553768[0m
INFO -- Epoch: [95m984[0m - Loss: [93m    0.554148[0m
INFO -- Epoch: [95m985[0m - Loss: [93m    0.553762[0m
INFO -- Epoch: [95m986[0m - Loss: [93m    0.553254[0m
INFO -- Epoch: [95m987[0m - Loss: [93m    0.554096[0m
INFO -- Epoch: [95m988[0m - Loss: [93m    0.553781[0m
INFO -- Epoch: [95m989[0m - Loss: [93m    0.552407[0m
INFO -- Epoch: [95m990[0m - Loss: [93m    0.559402[0m
INFO -- Epoch: [95m991[0m - Loss: [93m    0.554418[0m
INFO -- Epoch: [95m992[0m - Loss: [93m    0.556722[0m
INFO -- Epoch: [95m993[0m - Loss: [93m    0.554042[0m
INFO -- Epoch: [95m994[0m - Loss: [93m    0.554299[0m
INFO -- Epoch: [95m995[0m - Loss: [93m    0.554788[0m
INFO -- Epoch: [95m996[0m - Loss: [93m    0.554575[0m
INFO -- Epoch: [95m997[0m - Loss: [93m    0.554784[0m
INFO -- Epoch: [95m998[0m - Loss: [93m    0.554652[0m
INFO -- Epoch: [95m999[0m - Loss: [93m    0.554690[0m
INFO -- Epoch: [95m1000[0m - Loss: [93m    0.554366[0m
INFO -- Epoch: [95m1001[0m - Loss: [93m    0.554117[0m
INFO -- Epoch: [95m1002[0m - Loss: [93m    0.554237[0m
INFO -- Epoch: [95m1003[0m - Loss: [93m    0.553705[0m
INFO -- Epoch: [95m1004[0m - Loss: [93m    0.553811[0m
INFO -- Epoch: [95m1005[0m - Loss: [93m    0.555317[0m
INFO -- Epoch: [95m1006[0m - Loss: [93m    0.555616[0m
INFO -- Epoch: [95m1007[0m - Loss: [93m    0.554018[0m
INFO -- Epoch: [95m1008[0m - Loss: [93m    0.555267[0m
INFO -- Epoch: [95m1009[0m - Loss: [93m    0.553736[0m
INFO -- Epoch: [95m1010[0m - Loss: [93m    0.554540[0m
INFO -- Epoch: [95m1011[0m - Loss: [93m    0.554590[0m
INFO -- Epoch: [95m1012[0m - Loss: [93m    0.554386[0m
INFO -- Epoch: [95m1013[0m - Loss: [93m    0.554548[0m
INFO -- Epoch: [95m1014[0m - Loss: [93m    0.554695[0m
INFO -- Epoch: [95m1015[0m - Loss: [93m    0.554457[0m
INFO -- Epoch: [95m1016[0m - Loss: [93m    0.554406[0m
INFO -- Epoch: [95m1017[0m - Loss: [93m    0.554220[0m
INFO -- Epoch: [95m1018[0m - Loss: [93m    0.554015[0m
INFO -- Epoch: [95m1019[0m - Loss: [93m    0.555490[0m
INFO -- Epoch: [95m1020[0m - Loss: [93m    0.555991[0m
INFO -- Epoch: [95m1021[0m - Loss: [93m    0.554404[0m
INFO -- Epoch: [95m1022[0m - Loss: [93m    0.554043[0m
INFO -- Epoch: [95m1023[0m - Loss: [93m    0.554832[0m
INFO -- Epoch: [95m1024[0m - Loss: [93m    0.553967[0m
INFO -- Epoch: [95m1025[0m - Loss: [93m    0.554083[0m
INFO -- Epoch: [95m1026[0m - Loss: [93m    0.554769[0m
INFO -- Epoch: [95m1027[0m - Loss: [93m    0.554035[0m
INFO -- Epoch: [95m1028[0m - Loss: [93m    0.554310[0m
INFO -- Epoch: [95m1029[0m - Loss: [93m    0.553741[0m
INFO -- Epoch: [95m1030[0m - Loss: [93m    0.553370[0m
INFO -- Epoch: [95m1031[0m - Loss: [93m    0.553061[0m
INFO -- Epoch: [95m1032[0m - Loss: [93m    0.556860[0m
INFO -- Epoch: [95m1033[0m - Loss: [93m    0.553629[0m
INFO -- Epoch: [95m1034[0m - Loss: [93m    0.555525[0m
INFO -- Epoch: [95m1035[0m - Loss: [93m    0.553903[0m
INFO -- Epoch: [95m1036[0m - Loss: [93m    0.553605[0m
INFO -- Training interrupted by user at epoch [91m1037[0m
INFO -- Creating plots and saving to files. Dimensions: 1
