INFO -- Device: cuda
INFO -- One dimentional problem
INFO -- 
INFO -- ================================================================================
INFO -- Learning parameters
INFO -- Length:                                           [92m1.0[0m
INFO -- Total time:                                       [92m1.0[0m
INFO -- Number of points in x:                            [92m150[0m
INFO -- Number of points in t:                            [92m150[0m
INFO -- Number of points in initial condition:            [92m300[0m
INFO -- Weight for interior loss:                         [92m0.5[0m
INFO -- Weight for initial condition loss:                [92m150.0[0m
INFO -- Weight for boundary loss:                         [92m1.0[0m
INFO -- Layers:                                           [92m4[0m
INFO -- Neurons per layer:                                [92m20[0m
INFO -- Epochs:                                           [92m50[0m
INFO -- Learning rate:                                    [92m0.1[0m
INFO -- ================================================================================
INFO -- 
INFO -- Creating PINN with [92m4[0m layers and [92m20[0m neurons per layer
INFO -- Computing initial condition loss
INFO -- Training PINN for [93m50[0m epochs using [93mloss_fn_weak_and_strong[0m loss function
INFO -- Epoch: [95m1[0m - Loss: [93m    2.031960[0m
INFO -- Epoch: [95m2[0m - Loss: [93m    1.419046[0m
INFO -- Epoch: [95m3[0m - Loss: [93m    8.944726[0m
INFO -- Epoch: [95m4[0m - Loss: [93m    0.943293[0m
INFO -- Epoch: [95m5[0m - Loss: [93m    3.755124[0m
INFO -- Epoch: [95m6[0m - Loss: [93m    4.567633[0m
INFO -- Epoch: [95m7[0m - Loss: [93m    2.798825[0m
INFO -- Epoch: [95m8[0m - Loss: [93m    0.807933[0m
INFO -- Epoch: [95m9[0m - Loss: [93m    0.861911[0m
INFO -- Epoch: [95m10[0m - Loss: [93m    1.953775[0m
INFO -- Epoch: [95m11[0m - Loss: [93m    2.153190[0m
INFO -- Epoch: [95m12[0m - Loss: [93m    1.328759[0m
INFO -- Epoch: [95m13[0m - Loss: [93m    0.608767[0m
INFO -- Epoch: [95m14[0m - Loss: [93m    0.743790[0m
INFO -- Epoch: [95m15[0m - Loss: [93m    1.328659[0m
INFO -- Epoch: [95m16[0m - Loss: [93m    1.495233[0m
INFO -- Epoch: [95m17[0m - Loss: [93m    1.070037[0m
INFO -- Epoch: [95m18[0m - Loss: [93m    0.616157[0m
INFO -- Epoch: [95m19[0m - Loss: [93m    0.625799[0m
INFO -- Epoch: [95m20[0m - Loss: [93m    0.962122[0m
INFO -- Epoch: [95m21[0m - Loss: [93m    1.120907[0m
INFO -- Epoch: [95m22[0m - Loss: [93m    0.908072[0m
INFO -- Epoch: [95m23[0m - Loss: [93m    0.615037[0m
INFO -- Epoch: [95m24[0m - Loss: [93m    0.580870[0m
INFO -- Epoch: [95m25[0m - Loss: [93m    0.776538[0m
INFO -- Epoch: [95m26[0m - Loss: [93m    0.896035[0m
INFO -- Epoch: [95m27[0m - Loss: [93m    0.782406[0m
INFO -- Epoch: [95m28[0m - Loss: [93m    0.598091[0m
INFO -- Epoch: [95m29[0m - Loss: [93m    0.568612[0m
INFO -- Epoch: [95m30[0m - Loss: [93m    0.688756[0m
INFO -- Epoch: [95m31[0m - Loss: [93m    0.762836[0m
INFO -- Epoch: [95m32[0m - Loss: [93m    0.688438[0m
INFO -- Epoch: [95m33[0m - Loss: [93m    0.575723[0m
INFO -- Epoch: [95m34[0m - Loss: [93m    0.568690[0m
INFO -- Epoch: [95m35[0m - Loss: [93m    0.648279[0m
INFO -- Epoch: [95m36[0m - Loss: [93m    0.682113[0m
INFO -- Epoch: [95m37[0m - Loss: [93m    0.623163[0m
INFO -- Epoch: [95m38[0m - Loss: [93m    0.560126[0m
INFO -- Epoch: [95m39[0m - Loss: [93m    0.573189[0m
INFO -- Epoch: [95m40[0m - Loss: [93m    0.624056[0m
INFO -- Epoch: [95m41[0m - Loss: [93m    0.628177[0m
INFO -- Epoch: [95m42[0m - Loss: [93m    0.582091[0m
INFO -- Epoch: [95m43[0m - Loss: [93m    0.555414[0m
INFO -- Epoch: [95m44[0m - Loss: [93m    0.578775[0m
INFO -- Epoch: [95m45[0m - Loss: [93m    0.605159[0m
INFO -- Epoch: [95m46[0m - Loss: [93m    0.591206[0m
INFO -- Epoch: [95m47[0m - Loss: [93m    0.561002[0m
INFO -- Epoch: [95m48[0m - Loss: [93m    0.559326[0m
INFO -- Epoch: [95m49[0m - Loss: [93m    0.580779[0m
INFO -- Epoch: [95m50[0m - Loss: [93m    0.585881[0m
INFO -- Creating plots and saving to files. Dimensions: 1
