INFO -- Device: cuda
INFO -- 
INFO -- ================================================================================
INFO -- Learning parameters
INFO -- Length:                                           [92m1.0[0m
INFO -- Total time:                                       [92m1.0[0m
INFO -- Number of points in x:                            [92m150[0m
INFO -- Number of points in initial condition:            [92m300[0m
INFO -- Weight for interior loss:                         [92m0.5[0m
INFO -- Weight for initial condition loss:                [92m150.0[0m
INFO -- Weight for boundary loss:                         [92m1.0[0m
INFO -- Layers:                                           [92m8[0m
INFO -- Neurons per layer:                                [92m60[0m
INFO -- Epochs:                                           [92m50000[0m
INFO -- Learning rate:                                    [92m0.0025[0m
INFO -- ================================================================================
INFO -- 
INFO -- Creating PINN with [92m8[0m layers and [92m60[0m neurons per layer
INFO -- Computing initial condition loss
INFO -- Training PINN for [93m50000[0m epochs using [93mloss_fn_weak_and_strong[0m loss function
INFO -- Epoch: [95m1[0m - Loss: [93m    1.308495[0m
INFO -- Epoch: [95m2[0m - Loss: [93m    1.004126[0m
INFO -- Epoch: [95m3[0m - Loss: [93m    0.769938[0m
INFO -- Epoch: [95m4[0m - Loss: [93m    0.597807[0m
INFO -- Epoch: [95m5[0m - Loss: [93m    0.610603[0m
INFO -- Epoch: [95m6[0m - Loss: [93m    0.669450[0m
INFO -- Epoch: [95m7[0m - Loss: [93m    0.611745[0m
INFO -- Epoch: [95m8[0m - Loss: [93m    0.561116[0m
INFO -- Epoch: [95m9[0m - Loss: [93m    0.563186[0m
INFO -- Epoch: [95m10[0m - Loss: [93m    0.590446[0m
INFO -- Epoch: [95m11[0m - Loss: [93m    0.598994[0m
INFO -- Epoch: [95m12[0m - Loss: [93m    0.587187[0m
INFO -- Epoch: [95m13[0m - Loss: [93m    0.568304[0m
INFO -- Epoch: [95m14[0m - Loss: [93m    0.555885[0m
INFO -- Epoch: [95m15[0m - Loss: [93m    0.559598[0m
INFO -- Epoch: [95m16[0m - Loss: [93m    0.564659[0m
INFO -- Epoch: [95m17[0m - Loss: [93m    0.572287[0m
INFO -- Epoch: [95m18[0m - Loss: [93m    0.567772[0m
INFO -- Epoch: [95m19[0m - Loss: [93m    0.565328[0m
INFO -- Epoch: [95m20[0m - Loss: [93m    0.559526[0m
INFO -- Epoch: [95m21[0m - Loss: [93m    0.556547[0m
INFO -- Epoch: [95m22[0m - Loss: [93m    0.556943[0m
INFO -- Epoch: [95m23[0m - Loss: [93m    0.558944[0m
INFO -- Epoch: [95m24[0m - Loss: [93m    0.560762[0m
INFO -- Epoch: [95m25[0m - Loss: [93m    0.561573[0m
INFO -- Epoch: [95m26[0m - Loss: [93m    0.560717[0m
INFO -- Epoch: [95m27[0m - Loss: [93m    0.557988[0m
INFO -- Epoch: [95m28[0m - Loss: [93m    0.554484[0m
INFO -- Epoch: [95m29[0m - Loss: [93m    0.553664[0m
INFO -- Epoch: [95m30[0m - Loss: [93m    0.554442[0m
INFO -- Epoch: [95m31[0m - Loss: [93m    0.556559[0m
INFO -- Epoch: [95m32[0m - Loss: [93m    0.556669[0m
INFO -- Epoch: [95m33[0m - Loss: [93m    0.556202[0m
INFO -- Epoch: [95m34[0m - Loss: [93m    0.554828[0m
INFO -- Epoch: [95m35[0m - Loss: [93m    0.553179[0m
INFO -- Epoch: [95m36[0m - Loss: [93m    0.554267[0m
INFO -- Epoch: [95m37[0m - Loss: [93m    0.553991[0m
INFO -- Epoch: [95m38[0m - Loss: [93m    0.552493[0m
INFO -- Epoch: [95m39[0m - Loss: [93m    0.555039[0m
INFO -- Epoch: [95m40[0m - Loss: [93m    0.567205[0m
INFO -- Epoch: [95m41[0m - Loss: [93m    0.553782[0m
INFO -- Epoch: [95m42[0m - Loss: [93m    0.554134[0m
INFO -- Epoch: [95m43[0m - Loss: [93m    0.554414[0m
INFO -- Epoch: [95m44[0m - Loss: [93m    0.554869[0m
INFO -- Epoch: [95m45[0m - Loss: [93m    0.555510[0m
INFO -- Epoch: [95m46[0m - Loss: [93m    0.555903[0m
INFO -- Epoch: [95m47[0m - Loss: [93m    0.555917[0m
INFO -- Epoch: [95m48[0m - Loss: [93m    0.555597[0m
INFO -- Epoch: [95m49[0m - Loss: [93m    0.555217[0m
INFO -- Epoch: [95m50[0m - Loss: [93m    0.554942[0m
INFO -- Epoch: [95m51[0m - Loss: [93m    0.554558[0m
INFO -- Epoch: [95m52[0m - Loss: [93m    0.554855[0m
INFO -- Epoch: [95m53[0m - Loss: [93m    0.554214[0m
INFO -- Epoch: [95m54[0m - Loss: [93m    0.554952[0m
INFO -- Epoch: [95m55[0m - Loss: [93m    0.554592[0m
INFO -- Epoch: [95m56[0m - Loss: [93m    0.554141[0m
INFO -- Epoch: [95m57[0m - Loss: [93m    0.554097[0m
INFO -- Epoch: [95m58[0m - Loss: [93m    0.554860[0m
INFO -- Epoch: [95m59[0m - Loss: [93m    0.558085[0m
INFO -- Epoch: [95m60[0m - Loss: [93m    0.554026[0m
INFO -- Epoch: [95m61[0m - Loss: [93m    0.556025[0m
INFO -- Epoch: [95m62[0m - Loss: [93m    0.554550[0m
INFO -- Epoch: [95m63[0m - Loss: [93m    0.554646[0m
INFO -- Epoch: [95m64[0m - Loss: [93m    0.554797[0m
INFO -- Epoch: [95m65[0m - Loss: [93m    0.554879[0m
INFO -- Epoch: [95m66[0m - Loss: [93m    0.554913[0m
INFO -- Epoch: [95m67[0m - Loss: [93m    0.554835[0m
INFO -- Epoch: [95m68[0m - Loss: [93m    0.554925[0m
INFO -- Epoch: [95m69[0m - Loss: [93m    0.554631[0m
INFO -- Epoch: [95m70[0m - Loss: [93m    0.554580[0m
INFO -- Epoch: [95m71[0m - Loss: [93m    0.554258[0m
INFO -- Epoch: [95m72[0m - Loss: [93m    0.553949[0m
INFO -- Epoch: [95m73[0m - Loss: [93m    0.553992[0m
INFO -- Epoch: [95m74[0m - Loss: [93m    0.553862[0m
INFO -- Epoch: [95m75[0m - Loss: [93m    0.555489[0m
INFO -- Epoch: [95m76[0m - Loss: [93m    0.553635[0m
INFO -- Epoch: [95m77[0m - Loss: [93m    0.554359[0m
INFO -- Epoch: [95m78[0m - Loss: [93m    0.555059[0m
INFO -- Epoch: [95m79[0m - Loss: [93m    0.552913[0m
INFO -- Epoch: [95m80[0m - Loss: [93m    0.553570[0m
INFO -- Epoch: [95m81[0m - Loss: [93m    0.557300[0m
INFO -- Epoch: [95m82[0m - Loss: [93m    0.554119[0m
INFO -- Epoch: [95m83[0m - Loss: [93m    0.555125[0m
INFO -- Epoch: [95m84[0m - Loss: [93m    0.553907[0m
INFO -- Epoch: [95m85[0m - Loss: [93m    0.554352[0m
INFO -- Epoch: [95m86[0m - Loss: [93m    0.554278[0m
INFO -- Epoch: [95m87[0m - Loss: [93m    0.554407[0m
INFO -- Epoch: [95m88[0m - Loss: [93m    0.555392[0m
INFO -- Epoch: [95m89[0m - Loss: [93m    0.554902[0m
INFO -- Epoch: [95m90[0m - Loss: [93m    0.554496[0m
INFO -- Epoch: [95m91[0m - Loss: [93m    0.554399[0m
INFO -- Epoch: [95m92[0m - Loss: [93m    0.554547[0m
INFO -- Epoch: [95m93[0m - Loss: [93m    0.554975[0m
INFO -- Epoch: [95m94[0m - Loss: [93m    0.554480[0m
INFO -- Epoch: [95m95[0m - Loss: [93m    0.554947[0m
INFO -- Epoch: [95m96[0m - Loss: [93m    0.554845[0m
INFO -- Epoch: [95m97[0m - Loss: [93m    0.554327[0m
INFO -- Epoch: [95m98[0m - Loss: [93m    0.554405[0m
INFO -- Epoch: [95m99[0m - Loss: [93m    0.554607[0m
INFO -- Epoch: [95m100[0m - Loss: [93m    0.554329[0m
INFO -- Epoch: [95m101[0m - Loss: [93m    0.554726[0m
INFO -- Epoch: [95m102[0m - Loss: [93m    0.553888[0m
INFO -- Epoch: [95m103[0m - Loss: [93m    0.554963[0m
INFO -- Epoch: [95m104[0m - Loss: [93m    0.553924[0m
INFO -- Epoch: [95m105[0m - Loss: [93m    0.554490[0m
INFO -- Epoch: [95m106[0m - Loss: [93m    0.553827[0m
INFO -- Epoch: [95m107[0m - Loss: [93m    0.554081[0m
INFO -- Epoch: [95m108[0m - Loss: [93m    0.554038[0m
INFO -- Epoch: [95m109[0m - Loss: [93m    0.553417[0m
INFO -- Epoch: [95m110[0m - Loss: [93m    0.554549[0m
INFO -- Epoch: [95m111[0m - Loss: [93m    0.553443[0m
INFO -- Epoch: [95m112[0m - Loss: [93m    0.554681[0m
INFO -- Epoch: [95m113[0m - Loss: [93m    0.553409[0m
INFO -- Epoch: [95m114[0m - Loss: [93m    0.554946[0m
INFO -- Epoch: [95m115[0m - Loss: [93m    0.554389[0m
INFO -- Epoch: [95m116[0m - Loss: [93m    0.555795[0m
INFO -- Epoch: [95m117[0m - Loss: [93m    0.555540[0m
INFO -- Epoch: [95m118[0m - Loss: [93m    0.554194[0m
INFO -- Epoch: [95m119[0m - Loss: [93m    0.555130[0m
INFO -- Epoch: [95m120[0m - Loss: [93m    0.554333[0m
INFO -- Epoch: [95m121[0m - Loss: [93m    0.555059[0m
INFO -- Epoch: [95m122[0m - Loss: [93m    0.555190[0m
INFO -- Epoch: [95m123[0m - Loss: [93m    0.554947[0m
INFO -- Epoch: [95m124[0m - Loss: [93m    0.554851[0m
INFO -- Epoch: [95m125[0m - Loss: [93m    0.554952[0m
INFO -- Epoch: [95m126[0m - Loss: [93m    0.554946[0m
INFO -- Epoch: [95m127[0m - Loss: [93m    0.554919[0m
INFO -- Epoch: [95m128[0m - Loss: [93m    0.554931[0m
INFO -- Epoch: [95m129[0m - Loss: [93m    0.554812[0m
INFO -- Epoch: [95m130[0m - Loss: [93m    0.554637[0m
INFO -- Epoch: [95m131[0m - Loss: [93m    0.554673[0m
INFO -- Epoch: [95m132[0m - Loss: [93m    0.554816[0m
INFO -- Epoch: [95m133[0m - Loss: [93m    0.554337[0m
INFO -- Epoch: [95m134[0m - Loss: [93m    0.554208[0m
INFO -- Epoch: [95m135[0m - Loss: [93m    0.554468[0m
INFO -- Epoch: [95m136[0m - Loss: [93m    0.554577[0m
INFO -- Epoch: [95m137[0m - Loss: [93m    0.554518[0m
INFO -- Epoch: [95m138[0m - Loss: [93m    0.558046[0m
INFO -- Epoch: [95m139[0m - Loss: [93m    0.554439[0m
INFO -- Epoch: [95m140[0m - Loss: [93m    0.554686[0m
INFO -- Epoch: [95m141[0m - Loss: [93m    0.554530[0m
INFO -- Epoch: [95m142[0m - Loss: [93m    0.554451[0m
INFO -- Epoch: [95m143[0m - Loss: [93m    0.554554[0m
INFO -- Epoch: [95m144[0m - Loss: [93m    0.554658[0m
INFO -- Epoch: [95m145[0m - Loss: [93m    0.554660[0m
INFO -- Epoch: [95m146[0m - Loss: [93m    0.554458[0m
INFO -- Epoch: [95m147[0m - Loss: [93m    0.554271[0m
INFO -- Epoch: [95m148[0m - Loss: [93m    0.554231[0m
INFO -- Epoch: [95m149[0m - Loss: [93m    0.554144[0m
INFO -- Epoch: [95m150[0m - Loss: [93m    0.554626[0m
INFO -- Epoch: [95m151[0m - Loss: [93m    0.553740[0m
INFO -- Epoch: [95m152[0m - Loss: [93m    0.554291[0m
INFO -- Epoch: [95m153[0m - Loss: [93m    0.554052[0m
INFO -- Epoch: [95m154[0m - Loss: [93m    0.553038[0m
INFO -- Epoch: [95m155[0m - Loss: [93m    0.552825[0m
INFO -- Epoch: [95m156[0m - Loss: [93m    0.554643[0m
INFO -- Epoch: [95m157[0m - Loss: [93m    0.559800[0m
INFO -- Epoch: [95m158[0m - Loss: [93m    0.554242[0m
INFO -- Epoch: [95m159[0m - Loss: [93m    0.555159[0m
INFO -- Epoch: [95m160[0m - Loss: [93m    0.553455[0m
INFO -- Epoch: [95m161[0m - Loss: [93m    0.554136[0m
INFO -- Epoch: [95m162[0m - Loss: [93m    0.554339[0m
INFO -- Epoch: [95m163[0m - Loss: [93m    0.554082[0m
INFO -- Epoch: [95m164[0m - Loss: [93m    0.554249[0m
INFO -- Epoch: [95m165[0m - Loss: [93m    0.554373[0m
INFO -- Epoch: [95m166[0m - Loss: [93m    0.554086[0m
INFO -- Epoch: [95m167[0m - Loss: [93m    0.554095[0m
INFO -- Epoch: [95m168[0m - Loss: [93m    0.554289[0m
INFO -- Epoch: [95m169[0m - Loss: [93m    0.554103[0m
INFO -- Epoch: [95m170[0m - Loss: [93m    0.555726[0m
INFO -- Epoch: [95m171[0m - Loss: [93m    0.555242[0m
INFO -- Epoch: [95m172[0m - Loss: [93m    0.553813[0m
INFO -- Epoch: [95m173[0m - Loss: [93m    0.553639[0m
INFO -- Epoch: [95m174[0m - Loss: [93m    0.553663[0m
INFO -- Epoch: [95m175[0m - Loss: [93m    0.554795[0m
INFO -- Epoch: [95m176[0m - Loss: [93m    0.553699[0m
INFO -- Epoch: [95m177[0m - Loss: [93m    0.554058[0m
INFO -- Epoch: [95m178[0m - Loss: [93m    0.556464[0m
INFO -- Epoch: [95m179[0m - Loss: [93m    0.553570[0m
INFO -- Epoch: [95m180[0m - Loss: [93m    0.554716[0m
INFO -- Epoch: [95m181[0m - Loss: [93m    0.553569[0m
INFO -- Training interrupted by user at epoch [91m182[0m
INFO -- Creating plots and saving to files. Dimensions: 1
