INFO -- Device: cuda
INFO -- 
INFO -- ================================================================================
INFO -- Learning parameters
INFO -- Length:                                           [92m1.0[0m
INFO -- Total time:                                       [92m1.0[0m
INFO -- Number of points in x:                            [92m150[0m
INFO -- Number of points in t:                            [92m150[0m
INFO -- Number of points in initial condition:            [92m300[0m
INFO -- Weight for interior loss:                         [92m0.5[0m
INFO -- Weight for initial condition loss:                [92m150.0[0m
INFO -- Weight for boundary loss:                         [92m1.0[0m
INFO -- Layers:                                           [92m2[0m
INFO -- Neurons per layer:                                [92m60[0m
INFO -- Epochs:                                           [92m21[0m
INFO -- Learning rate:                                    [92m0.0025[0m
INFO -- ================================================================================
INFO -- 
INFO -- Creating PINN with [92m2[0m layers and [92m60[0m neurons per layer
INFO -- Computing initial condition loss
INFO -- Initial condition loss weak:                      [92m0.397941648960[0m
INFO -- Initial condition loss strong:                    [92m0.397941648960[0m
INFO -- Initial condition loss weak and strong:           [92m0.397941648960[0m
INFO -- Initial condition loss colocation:                [92m0.398044228554[0m
INFO -- Training PINN for [93m21[0m epochs using [93mloss_fn_weak[0m loss function
INFO -- Epoch: [95m20[0m - Loss: [93m    0.191490[0m
INFO -- Computing final loss
INFO -- Total loss:                                       [92m0.36020[0m    (3.602E-01)
INFO -- Interior loss:                                    [92m0.00000[0m    (0.000E+00)
INFO -- Initial loss:                                     [92m0.34757[0m    (3.476E-01)
INFO -- Bondary loss:                                     [92m0.01263[0m    (1.263E-02)
INFO -- Training PINN for [93m21[0m epochs using [93mloss_fn_strong[0m loss function
INFO -- Epoch: [95m20[0m - Loss: [93m    0.180617[0m
INFO -- Computing final loss
INFO -- Total loss:                                       [92m0.30499[0m    (3.050E-01)
INFO -- Interior loss:                                    [92m0.00000[0m    (0.000E+00)
INFO -- Initial loss:                                     [92m0.25138[0m    (2.514E-01)
INFO -- Bondary loss:                                     [92m0.05362[0m    (5.362E-02)
INFO -- Training PINN for [93m21[0m epochs using [93mloss_fn_weak_and_strong[0m loss function
INFO -- Epoch: [95m20[0m - Loss: [93m    0.172779[0m
INFO -- Computing final loss
INFO -- Total loss:                                       [92m0.32689[0m    (3.269E-01)
INFO -- Interior loss:                                    [92m0.00000[0m    (0.000E+00)
INFO -- Initial loss:                                     [92m0.30890[0m    (3.089E-01)
INFO -- Bondary loss:                                     [92m0.01799[0m    (1.799E-02)
INFO -- Training PINN for [93m21[0m epochs using [93mloss_fn_colocation[0m loss function
INFO -- Epoch: [95m20[0m - Loss: [93m    0.160397[0m
INFO -- Computing final loss
INFO -- Total loss:                                       [92m0.26845[0m    (2.685E-01)
INFO -- Interior loss:                                    [92m0.00000[0m    (0.000E+00)
INFO -- Initial loss:                                     [92m0.22283[0m    (2.228E-01)
INFO -- Bondary loss:                                     [92m0.04562[0m    (4.562E-02)
