INFO -- Device: cpu
INFO -- 
INFO -- ================================================================================
INFO -- Learning parameters
INFO -- Length:                                           [92m1.0[0m
INFO -- Total time:                                       [92m1.0[0m
INFO -- Number of points in x:                            [92m150[0m
INFO -- Number of points in t:                            [92m150[0m
INFO -- Number of points in initial condition:            [92m300[0m
INFO -- Weight for interior loss:                         [92m0.5[0m
INFO -- Weight for initial condition loss:                [92m150.0[0m
INFO -- Weight for boundary loss:                         [92m1.0[0m
INFO -- Layers:                                           [92m2[0m
INFO -- Neurons per layer:                                [92m60[0m
INFO -- Epochs:                                           [92m50000[0m
INFO -- Learning rate:                                    [92m0.0025[0m
INFO -- ================================================================================
INFO -- 
INFO -- Creating PINN with [92m2[0m layers and [92m60[0m neurons per layer
INFO -- Computing initial condition loss
INFO -- Initial condition loss weak:                      [92m0.62161[0m
INFO -- Initial condition loss strong:                    [92m0.62161[0m
INFO -- Initial condition loss weak and strong:           [92m0.62161[0m
INFO -- Initial condition loss colocation:                [92m0.62169[0m
INFO -- Training PINN for [93m50000[0m epochs using [93mloss_fn_weak[0m loss function
INFO -- Epoch: [95m20[0m - Loss: [93m0.192650[0m
INFO -- Epoch: [95m40[0m - Loss: [93m0.177368[0m
INFO -- Epoch: [95m60[0m - Loss: [93m0.173074[0m
INFO -- Training interrupted by user at epoch [91m66[0m
INFO -- Computing final loss
INFO -- Total loss:                                       [92m0.31181[0m    (3.118E-01)
INFO -- Interior loss:                                    [92m0.00000[0m    (0.000E+00)
INFO -- Initial loss:                                     [92m0.27977[0m    (2.798E-01)
INFO -- Bondary loss:                                     [92m0.03204[0m    (3.204E-02)
INFO -- Training PINN for [93m50000[0m epochs using [93mloss_fn_strong[0m loss function
INFO -- Epoch: [95m20[0m - Loss: [93m0.165099[0m
INFO -- Training interrupted by user at epoch [91m26[0m
INFO -- Computing final loss
INFO -- Total loss:                                       [92m0.28895[0m    (2.889E-01)
INFO -- Interior loss:                                    [92m0.00000[0m    (0.000E+00)
INFO -- Initial loss:                                     [92m0.25838[0m    (2.584E-01)
INFO -- Bondary loss:                                     [92m0.03057[0m    (3.057E-02)
INFO -- Training PINN for [93m50000[0m epochs using [93mloss_fn_weak_and_strong[0m loss function
INFO -- Epoch: [95m20[0m - Loss: [93m0.154702[0m
INFO -- Training interrupted by user at epoch [91m24[0m
INFO -- Computing final loss
INFO -- Total loss:                                       [92m0.26094[0m    (2.609E-01)
INFO -- Interior loss:                                    [92m0.00000[0m    (0.000E+00)
INFO -- Initial loss:                                     [92m0.21783[0m    (2.178E-01)
INFO -- Bondary loss:                                     [92m0.04310[0m    (4.310E-02)
INFO -- Training PINN for [93m50000[0m epochs using [93mloss_fn_colocation[0m loss function
INFO -- Epoch: [95m20[0m - Loss: [93m0.138352[0m
INFO -- Training interrupted by user at epoch [91m25[0m
INFO -- Computing final loss
INFO -- Total loss:                                       [92m0.22415[0m    (2.242E-01)
INFO -- Interior loss:                                    [92m0.00000[0m    (0.000E+00)
INFO -- Initial loss:                                     [92m0.18737[0m    (1.874E-01)
INFO -- Bondary loss:                                     [92m0.03679[0m    (3.679E-02)
