INFO -- Device: cuda
INFO -- 
INFO -- ================================================================================
INFO -- Learning parameters
INFO -- Length:                                           [92m1.0[0m
INFO -- Total time:                                       [92m1.0[0m
INFO -- Number of points in x:                            [92m50[0m
INFO -- Number of points in initial condition:            [92m150[0m
INFO -- Weight for interior loss:                         [92m0.5[0m
INFO -- Weight for initial condition loss:                [92m150.0[0m
INFO -- Weight for boundary loss:                         [92m1.0[0m
INFO -- Layers:                                           [92m2[0m
INFO -- Neurons per layer:                                [92m60[0m
INFO -- Epochs:                                           [92m50000[0m
INFO -- Learning rate:                                    [92m0.0025[0m
INFO -- ================================================================================
INFO -- 
INFO -- Creating PINN with [92m2[0m layers and [92m60[0m neurons per layer
INFO -- Computing initial condition loss
INFO -- Training PINN for [93m50000[0m epochs using [93mloss_fn_colocation[0m loss function
INFO -- Epoch: [95m20[0m - Loss: [93m    0.181548[0m
INFO -- Epoch: [95m40[0m - Loss: [93m    0.180691[0m
INFO -- Epoch: [95m60[0m - Loss: [93m    0.179816[0m
INFO -- Epoch: [95m80[0m - Loss: [93m    0.179791[0m
INFO -- Epoch: [95m100[0m - Loss: [93m    0.179882[0m
INFO -- Epoch: [95m120[0m - Loss: [93m    0.179804[0m
INFO -- Epoch: [95m140[0m - Loss: [93m    0.179878[0m
INFO -- Epoch: [95m160[0m - Loss: [93m    0.180080[0m
INFO -- Epoch: [95m180[0m - Loss: [93m    0.180097[0m
INFO -- Epoch: [95m200[0m - Loss: [93m    0.179756[0m
INFO -- Epoch: [95m220[0m - Loss: [93m    0.179964[0m
INFO -- Epoch: [95m240[0m - Loss: [93m    0.180239[0m
INFO -- Epoch: [95m260[0m - Loss: [93m    0.179889[0m
INFO -- Epoch: [95m280[0m - Loss: [93m    0.179928[0m
INFO -- Epoch: [95m300[0m - Loss: [93m    0.179831[0m
INFO -- Epoch: [95m320[0m - Loss: [93m    0.180167[0m
INFO -- Epoch: [95m340[0m - Loss: [93m    0.179848[0m
INFO -- Epoch: [95m360[0m - Loss: [93m    0.179817[0m
INFO -- Epoch: [95m380[0m - Loss: [93m    0.179738[0m
INFO -- Epoch: [95m400[0m - Loss: [93m    0.180023[0m
INFO -- Epoch: [95m420[0m - Loss: [93m    0.180031[0m
INFO -- Epoch: [95m440[0m - Loss: [93m    0.180068[0m
INFO -- Epoch: [95m460[0m - Loss: [93m    0.180127[0m
INFO -- Epoch: [95m480[0m - Loss: [93m    0.179884[0m
INFO -- Epoch: [95m500[0m - Loss: [93m    0.180393[0m
INFO -- Epoch: [95m520[0m - Loss: [93m    0.180387[0m
INFO -- Epoch: [95m540[0m - Loss: [93m    0.180278[0m
INFO -- Epoch: [95m560[0m - Loss: [93m    0.180437[0m
INFO -- Epoch: [95m580[0m - Loss: [93m    0.180003[0m
INFO -- Epoch: [95m600[0m - Loss: [93m    0.180135[0m
INFO -- Epoch: [95m620[0m - Loss: [93m    0.179758[0m
INFO -- Epoch: [95m640[0m - Loss: [93m    0.180170[0m
INFO -- Epoch: [95m660[0m - Loss: [93m    0.179934[0m
INFO -- Epoch: [95m680[0m - Loss: [93m    0.180023[0m
INFO -- Epoch: [95m700[0m - Loss: [93m    0.179727[0m
INFO -- Epoch: [95m720[0m - Loss: [93m    0.179883[0m
INFO -- Epoch: [95m740[0m - Loss: [93m    0.179785[0m
INFO -- Epoch: [95m760[0m - Loss: [93m    0.179886[0m
INFO -- Epoch: [95m780[0m - Loss: [93m    0.179751[0m
INFO -- Epoch: [95m800[0m - Loss: [93m    0.179640[0m
INFO -- Epoch: [95m820[0m - Loss: [93m    0.179670[0m
INFO -- Epoch: [95m840[0m - Loss: [93m    0.179830[0m
INFO -- Epoch: [95m860[0m - Loss: [93m    0.179624[0m
INFO -- Epoch: [95m880[0m - Loss: [93m    0.179569[0m
INFO -- Epoch: [95m900[0m - Loss: [93m    0.179607[0m
INFO -- Epoch: [95m920[0m - Loss: [93m    0.179560[0m
INFO -- Epoch: [95m940[0m - Loss: [93m    0.179702[0m
INFO -- Epoch: [95m960[0m - Loss: [93m    0.179453[0m
INFO -- Epoch: [95m980[0m - Loss: [93m    0.179636[0m
INFO -- Epoch: [95m1000[0m - Loss: [93m    0.179337[0m
INFO -- Epoch: [95m1020[0m - Loss: [93m    0.179397[0m
INFO -- Epoch: [95m1040[0m - Loss: [93m    0.179449[0m
INFO -- Epoch: [95m1060[0m - Loss: [93m    0.179401[0m
INFO -- Epoch: [95m1080[0m - Loss: [93m    0.179458[0m
INFO -- Epoch: [95m1100[0m - Loss: [93m    0.179339[0m
INFO -- Epoch: [95m1120[0m - Loss: [93m    0.179456[0m
INFO -- Epoch: [95m1140[0m - Loss: [93m    0.179404[0m
INFO -- Epoch: [95m1160[0m - Loss: [93m    0.179444[0m
INFO -- Epoch: [95m1180[0m - Loss: [93m    0.179435[0m
INFO -- Epoch: [95m1200[0m - Loss: [93m    0.179391[0m
INFO -- Epoch: [95m1220[0m - Loss: [93m    0.179343[0m
INFO -- Epoch: [95m1240[0m - Loss: [93m    0.179424[0m
INFO -- Epoch: [95m1260[0m - Loss: [93m    0.179320[0m
INFO -- Epoch: [95m1280[0m - Loss: [93m    0.179461[0m
INFO -- Epoch: [95m1300[0m - Loss: [93m    0.179429[0m
INFO -- Epoch: [95m1320[0m - Loss: [93m    0.179437[0m
INFO -- Epoch: [95m1340[0m - Loss: [93m    0.179416[0m
INFO -- Epoch: [95m1360[0m - Loss: [93m    0.179358[0m
INFO -- Epoch: [95m1380[0m - Loss: [93m    0.179420[0m
INFO -- Epoch: [95m1400[0m - Loss: [93m    0.179405[0m
INFO -- Epoch: [95m1420[0m - Loss: [93m    0.179300[0m
INFO -- Epoch: [95m1440[0m - Loss: [93m    0.179392[0m
INFO -- Epoch: [95m1460[0m - Loss: [93m    0.179327[0m
INFO -- Epoch: [95m1480[0m - Loss: [93m    0.179362[0m
INFO -- Epoch: [95m1500[0m - Loss: [93m    0.179442[0m
INFO -- Epoch: [95m1520[0m - Loss: [93m    0.179393[0m
INFO -- Epoch: [95m1540[0m - Loss: [93m    0.179423[0m
INFO -- Epoch: [95m1560[0m - Loss: [93m    0.179333[0m
INFO -- Epoch: [95m1580[0m - Loss: [93m    0.179373[0m
INFO -- Epoch: [95m1600[0m - Loss: [93m    0.179289[0m
INFO -- Epoch: [95m1620[0m - Loss: [93m    0.179368[0m
INFO -- Epoch: [95m1640[0m - Loss: [93m    0.179478[0m
INFO -- Epoch: [95m1660[0m - Loss: [93m    0.179371[0m
INFO -- Epoch: [95m1680[0m - Loss: [93m    0.179381[0m
INFO -- Epoch: [95m1700[0m - Loss: [93m    0.179407[0m
INFO -- Epoch: [95m1720[0m - Loss: [93m    0.179362[0m
INFO -- Epoch: [95m1740[0m - Loss: [93m    0.179378[0m
INFO -- Epoch: [95m1760[0m - Loss: [93m    0.179368[0m
INFO -- Epoch: [95m1780[0m - Loss: [93m    0.179362[0m
INFO -- Epoch: [95m1800[0m - Loss: [93m    0.179489[0m
INFO -- Epoch: [95m1820[0m - Loss: [93m    0.179314[0m
INFO -- Epoch: [95m1840[0m - Loss: [93m    0.179411[0m
INFO -- Epoch: [95m1860[0m - Loss: [93m    0.179386[0m
INFO -- Epoch: [95m1880[0m - Loss: [93m    0.179367[0m
INFO -- Epoch: [95m1900[0m - Loss: [93m    0.179384[0m
INFO -- Epoch: [95m1920[0m - Loss: [93m    0.179354[0m
INFO -- Epoch: [95m1940[0m - Loss: [93m    0.179366[0m
INFO -- Epoch: [95m1960[0m - Loss: [93m    0.179468[0m
INFO -- Epoch: [95m1980[0m - Loss: [93m    0.179379[0m
INFO -- Epoch: [95m2000[0m - Loss: [93m    0.179328[0m
INFO -- Epoch: [95m2020[0m - Loss: [93m    0.179457[0m
INFO -- Epoch: [95m2040[0m - Loss: [93m    0.179288[0m
INFO -- Epoch: [95m2060[0m - Loss: [93m    0.179311[0m
INFO -- Epoch: [95m2080[0m - Loss: [93m    0.179358[0m
INFO -- Epoch: [95m2100[0m - Loss: [93m    0.179399[0m
INFO -- Epoch: [95m2120[0m - Loss: [93m    0.179510[0m
INFO -- Epoch: [95m2140[0m - Loss: [93m    0.179312[0m
INFO -- Epoch: [95m2160[0m - Loss: [93m    0.179495[0m
INFO -- Epoch: [95m2180[0m - Loss: [93m    0.179340[0m
INFO -- Epoch: [95m2200[0m - Loss: [93m    0.179294[0m
INFO -- Epoch: [95m2220[0m - Loss: [93m    0.179322[0m
INFO -- Epoch: [95m2240[0m - Loss: [93m    0.179371[0m
INFO -- Epoch: [95m2260[0m - Loss: [93m    0.179324[0m
INFO -- Epoch: [95m2280[0m - Loss: [93m    0.179285[0m
INFO -- Epoch: [95m2300[0m - Loss: [93m    0.179259[0m
INFO -- Epoch: [95m2320[0m - Loss: [93m    0.179337[0m
INFO -- Epoch: [95m2340[0m - Loss: [93m    0.179334[0m
INFO -- Epoch: [95m2360[0m - Loss: [93m    0.179448[0m
INFO -- Epoch: [95m2380[0m - Loss: [93m    0.179438[0m
INFO -- Epoch: [95m2400[0m - Loss: [93m    0.179316[0m
INFO -- Epoch: [95m2420[0m - Loss: [93m    0.179364[0m
INFO -- Epoch: [95m2440[0m - Loss: [93m    0.179325[0m
INFO -- Epoch: [95m2460[0m - Loss: [93m    0.179310[0m
INFO -- Epoch: [95m2480[0m - Loss: [93m    0.179345[0m
INFO -- Epoch: [95m2500[0m - Loss: [93m    0.179311[0m
INFO -- Epoch: [95m2520[0m - Loss: [93m    0.179369[0m
INFO -- Epoch: [95m2540[0m - Loss: [93m    0.179392[0m
INFO -- Epoch: [95m2560[0m - Loss: [93m    0.179498[0m
INFO -- Epoch: [95m2580[0m - Loss: [93m    0.179277[0m
INFO -- Epoch: [95m2600[0m - Loss: [93m    0.179297[0m
INFO -- Epoch: [95m2620[0m - Loss: [93m    0.179319[0m
INFO -- Epoch: [95m2640[0m - Loss: [93m    0.179285[0m
INFO -- Epoch: [95m2660[0m - Loss: [93m    0.179375[0m
INFO -- Epoch: [95m2680[0m - Loss: [93m    0.179260[0m
INFO -- Epoch: [95m2700[0m - Loss: [93m    0.179365[0m
INFO -- Epoch: [95m2720[0m - Loss: [93m    0.179318[0m
INFO -- Epoch: [95m2740[0m - Loss: [93m    0.179278[0m
INFO -- Epoch: [95m2760[0m - Loss: [93m    0.179333[0m
INFO -- Epoch: [95m2780[0m - Loss: [93m    0.179229[0m
INFO -- Epoch: [95m2800[0m - Loss: [93m    0.179283[0m
INFO -- Epoch: [95m2820[0m - Loss: [93m    0.179333[0m
INFO -- Epoch: [95m2840[0m - Loss: [93m    0.179375[0m
INFO -- Epoch: [95m2860[0m - Loss: [93m    0.179376[0m
INFO -- Epoch: [95m2880[0m - Loss: [93m    0.179411[0m
INFO -- Epoch: [95m2900[0m - Loss: [93m    0.179352[0m
INFO -- Epoch: [95m2920[0m - Loss: [93m    0.179337[0m
INFO -- Epoch: [95m2940[0m - Loss: [93m    0.179368[0m
INFO -- Epoch: [95m2960[0m - Loss: [93m    0.179584[0m
INFO -- Epoch: [95m2980[0m - Loss: [93m    0.179387[0m
INFO -- Epoch: [95m3000[0m - Loss: [93m    0.179264[0m
INFO -- Epoch: [95m3020[0m - Loss: [93m    0.179333[0m
INFO -- Epoch: [95m3040[0m - Loss: [93m    0.179285[0m
INFO -- Epoch: [95m3060[0m - Loss: [93m    0.179323[0m
INFO -- Epoch: [95m3080[0m - Loss: [93m    0.179337[0m
INFO -- Epoch: [95m3100[0m - Loss: [93m    0.179298[0m
INFO -- Epoch: [95m3120[0m - Loss: [93m    0.179388[0m
INFO -- Epoch: [95m3140[0m - Loss: [93m    0.179288[0m
INFO -- Epoch: [95m3160[0m - Loss: [93m    0.179372[0m
INFO -- Epoch: [95m3180[0m - Loss: [93m    0.179340[0m
INFO -- Epoch: [95m3200[0m - Loss: [93m    0.179306[0m
INFO -- Epoch: [95m3220[0m - Loss: [93m    0.179353[0m
INFO -- Epoch: [95m3240[0m - Loss: [93m    0.179371[0m
INFO -- Epoch: [95m3260[0m - Loss: [93m    0.179367[0m
INFO -- Epoch: [95m3280[0m - Loss: [93m    0.179363[0m
INFO -- Epoch: [95m3300[0m - Loss: [93m    0.179349[0m
INFO -- Epoch: [95m3320[0m - Loss: [93m    0.179347[0m
INFO -- Epoch: [95m3340[0m - Loss: [93m    0.179340[0m
INFO -- Epoch: [95m3360[0m - Loss: [93m    0.179442[0m
INFO -- Epoch: [95m3380[0m - Loss: [93m    0.179390[0m
INFO -- Epoch: [95m3400[0m - Loss: [93m    0.179386[0m
INFO -- Epoch: [95m3420[0m - Loss: [93m    0.179339[0m
INFO -- Epoch: [95m3440[0m - Loss: [93m    0.179389[0m
INFO -- Epoch: [95m3460[0m - Loss: [93m    0.179372[0m
INFO -- Epoch: [95m3480[0m - Loss: [93m    0.179349[0m
INFO -- Epoch: [95m3500[0m - Loss: [93m    0.179422[0m
INFO -- Epoch: [95m3520[0m - Loss: [93m    0.179383[0m
INFO -- Epoch: [95m3540[0m - Loss: [93m    0.179284[0m
INFO -- Epoch: [95m3560[0m - Loss: [93m    0.179341[0m
INFO -- Epoch: [95m3580[0m - Loss: [93m    0.179422[0m
INFO -- Epoch: [95m3600[0m - Loss: [93m    0.179409[0m
INFO -- Epoch: [95m3620[0m - Loss: [93m    0.179345[0m
INFO -- Epoch: [95m3640[0m - Loss: [93m    0.179354[0m
INFO -- Epoch: [95m3660[0m - Loss: [93m    0.179363[0m
INFO -- Epoch: [95m3680[0m - Loss: [93m    0.179377[0m
INFO -- Epoch: [95m3700[0m - Loss: [93m    0.179344[0m
INFO -- Epoch: [95m3720[0m - Loss: [93m    0.179406[0m
INFO -- Epoch: [95m3740[0m - Loss: [93m    0.179374[0m
INFO -- Epoch: [95m3760[0m - Loss: [93m    0.179458[0m
INFO -- Epoch: [95m3780[0m - Loss: [93m    0.179396[0m
INFO -- Epoch: [95m3800[0m - Loss: [93m    0.179494[0m
INFO -- Epoch: [95m3820[0m - Loss: [93m    0.179328[0m
INFO -- Epoch: [95m3840[0m - Loss: [93m    0.179289[0m
INFO -- Epoch: [95m3860[0m - Loss: [93m    0.179369[0m
INFO -- Epoch: [95m3880[0m - Loss: [93m    0.179334[0m
INFO -- Epoch: [95m3900[0m - Loss: [93m    0.179350[0m
INFO -- Epoch: [95m3920[0m - Loss: [93m    0.179292[0m
INFO -- Epoch: [95m3940[0m - Loss: [93m    0.179396[0m
INFO -- Epoch: [95m3960[0m - Loss: [93m    0.179289[0m
INFO -- Epoch: [95m3980[0m - Loss: [93m    0.179339[0m
INFO -- Epoch: [95m4000[0m - Loss: [93m    0.179396[0m
INFO -- Epoch: [95m4020[0m - Loss: [93m    0.179317[0m
INFO -- Epoch: [95m4040[0m - Loss: [93m    0.179304[0m
INFO -- Epoch: [95m4060[0m - Loss: [93m    0.179309[0m
INFO -- Epoch: [95m4080[0m - Loss: [93m    0.179342[0m
INFO -- Epoch: [95m4100[0m - Loss: [93m    0.179369[0m
INFO -- Epoch: [95m4120[0m - Loss: [93m    0.179303[0m
INFO -- Epoch: [95m4140[0m - Loss: [93m    0.179375[0m
INFO -- Epoch: [95m4160[0m - Loss: [93m    0.179387[0m
INFO -- Epoch: [95m4180[0m - Loss: [93m    0.179307[0m
INFO -- Epoch: [95m4200[0m - Loss: [93m    0.179316[0m
INFO -- Epoch: [95m4220[0m - Loss: [93m    0.179654[0m
INFO -- Epoch: [95m4240[0m - Loss: [93m    0.179503[0m
INFO -- Epoch: [95m4260[0m - Loss: [93m    0.179449[0m
INFO -- Epoch: [95m4280[0m - Loss: [93m    0.179373[0m
INFO -- Epoch: [95m4300[0m - Loss: [93m    0.179374[0m
INFO -- Epoch: [95m4320[0m - Loss: [93m    0.179367[0m
INFO -- Epoch: [95m4340[0m - Loss: [93m    0.179275[0m
INFO -- Epoch: [95m4360[0m - Loss: [93m    0.179320[0m
INFO -- Epoch: [95m4380[0m - Loss: [93m    0.179280[0m
INFO -- Epoch: [95m4400[0m - Loss: [93m    0.179319[0m
INFO -- Epoch: [95m4420[0m - Loss: [93m    0.179393[0m
INFO -- Epoch: [95m4440[0m - Loss: [93m    0.179337[0m
INFO -- Epoch: [95m4460[0m - Loss: [93m    0.179261[0m
INFO -- Epoch: [95m4480[0m - Loss: [93m    0.179226[0m
INFO -- Epoch: [95m4500[0m - Loss: [93m    0.179276[0m
INFO -- Epoch: [95m4520[0m - Loss: [93m    0.179385[0m
INFO -- Epoch: [95m4540[0m - Loss: [93m    0.179328[0m
INFO -- Epoch: [95m4560[0m - Loss: [93m    0.179388[0m
INFO -- Epoch: [95m4580[0m - Loss: [93m    0.179337[0m
INFO -- Epoch: [95m4600[0m - Loss: [93m    0.179307[0m
INFO -- Epoch: [95m4620[0m - Loss: [93m    0.179356[0m
INFO -- Epoch: [95m4640[0m - Loss: [93m    0.179325[0m
INFO -- Epoch: [95m4660[0m - Loss: [93m    0.179214[0m
INFO -- Epoch: [95m4680[0m - Loss: [93m    0.179354[0m
INFO -- Epoch: [95m4700[0m - Loss: [93m    0.179380[0m
INFO -- Epoch: [95m4720[0m - Loss: [93m    0.179345[0m
INFO -- Epoch: [95m4740[0m - Loss: [93m    0.179239[0m
INFO -- Epoch: [95m4760[0m - Loss: [93m    0.179375[0m
INFO -- Epoch: [95m4780[0m - Loss: [93m    0.179335[0m
INFO -- Epoch: [95m4800[0m - Loss: [93m    0.179261[0m
INFO -- Epoch: [95m4820[0m - Loss: [93m    0.179350[0m
INFO -- Epoch: [95m4840[0m - Loss: [93m    0.179315[0m
INFO -- Epoch: [95m4860[0m - Loss: [93m    0.179385[0m
INFO -- Epoch: [95m4880[0m - Loss: [93m    0.179333[0m
INFO -- Epoch: [95m4900[0m - Loss: [93m    0.179302[0m
INFO -- Epoch: [95m4920[0m - Loss: [93m    0.179371[0m
INFO -- Epoch: [95m4940[0m - Loss: [93m    0.179311[0m
INFO -- Epoch: [95m4960[0m - Loss: [93m    0.179332[0m
INFO -- Epoch: [95m4980[0m - Loss: [93m    0.179315[0m
INFO -- Epoch: [95m5000[0m - Loss: [93m    0.179337[0m
INFO -- Epoch: [95m5020[0m - Loss: [93m    0.179314[0m
INFO -- Epoch: [95m5040[0m - Loss: [93m    0.179380[0m
INFO -- Epoch: [95m5060[0m - Loss: [93m    0.179424[0m
INFO -- Epoch: [95m5080[0m - Loss: [93m    0.179420[0m
INFO -- Epoch: [95m5100[0m - Loss: [93m    0.179382[0m
INFO -- Epoch: [95m5120[0m - Loss: [93m    0.179403[0m
INFO -- Epoch: [95m5140[0m - Loss: [93m    0.179331[0m
INFO -- Epoch: [95m5160[0m - Loss: [93m    0.179288[0m
INFO -- Epoch: [95m5180[0m - Loss: [93m    0.179322[0m
INFO -- Epoch: [95m5200[0m - Loss: [93m    0.179356[0m
INFO -- Epoch: [95m5220[0m - Loss: [93m    0.179368[0m
INFO -- Epoch: [95m5240[0m - Loss: [93m    0.179362[0m
INFO -- Epoch: [95m5260[0m - Loss: [93m    0.179288[0m
INFO -- Epoch: [95m5280[0m - Loss: [93m    0.179290[0m
INFO -- Epoch: [95m5300[0m - Loss: [93m    0.179324[0m
INFO -- Epoch: [95m5320[0m - Loss: [93m    0.179350[0m
INFO -- Epoch: [95m5340[0m - Loss: [93m    0.179351[0m
INFO -- Epoch: [95m5360[0m - Loss: [93m    0.179448[0m
INFO -- Epoch: [95m5380[0m - Loss: [93m    0.179305[0m
INFO -- Epoch: [95m5400[0m - Loss: [93m    0.179354[0m
INFO -- Epoch: [95m5420[0m - Loss: [93m    0.179323[0m
INFO -- Epoch: [95m5440[0m - Loss: [93m    0.179263[0m
INFO -- Epoch: [95m5460[0m - Loss: [93m    0.179307[0m
INFO -- Epoch: [95m5480[0m - Loss: [93m    0.179298[0m
INFO -- Epoch: [95m5500[0m - Loss: [93m    0.179338[0m
INFO -- Epoch: [95m5520[0m - Loss: [93m    0.179320[0m
INFO -- Epoch: [95m5540[0m - Loss: [93m    0.179329[0m
INFO -- Epoch: [95m5560[0m - Loss: [93m    0.179375[0m
INFO -- Epoch: [95m5580[0m - Loss: [93m    0.179308[0m
INFO -- Epoch: [95m5600[0m - Loss: [93m    0.179327[0m
INFO -- Epoch: [95m5620[0m - Loss: [93m    0.179288[0m
INFO -- Epoch: [95m5640[0m - Loss: [93m    0.179335[0m
INFO -- Epoch: [95m5660[0m - Loss: [93m    0.179329[0m
INFO -- Epoch: [95m5680[0m - Loss: [93m    0.179308[0m
INFO -- Epoch: [95m5700[0m - Loss: [93m    0.179416[0m
INFO -- Epoch: [95m5720[0m - Loss: [93m    0.179374[0m
INFO -- Epoch: [95m5740[0m - Loss: [93m    0.179244[0m
INFO -- Epoch: [95m5760[0m - Loss: [93m    0.179268[0m
INFO -- Epoch: [95m5780[0m - Loss: [93m    0.179413[0m
INFO -- Epoch: [95m5800[0m - Loss: [93m    0.179272[0m
INFO -- Epoch: [95m5820[0m - Loss: [93m    0.179324[0m
INFO -- Epoch: [95m5840[0m - Loss: [93m    0.179334[0m
INFO -- Epoch: [95m5860[0m - Loss: [93m    0.179366[0m
INFO -- Epoch: [95m5880[0m - Loss: [93m    0.179375[0m
INFO -- Epoch: [95m5900[0m - Loss: [93m    0.179327[0m
INFO -- Epoch: [95m5920[0m - Loss: [93m    0.179254[0m
INFO -- Epoch: [95m5940[0m - Loss: [93m    0.179310[0m
INFO -- Epoch: [95m5960[0m - Loss: [93m    0.179265[0m
INFO -- Epoch: [95m5980[0m - Loss: [93m    0.179382[0m
INFO -- Epoch: [95m6000[0m - Loss: [93m    0.179306[0m
INFO -- Epoch: [95m6020[0m - Loss: [93m    0.179280[0m
INFO -- Epoch: [95m6040[0m - Loss: [93m    0.179294[0m
INFO -- Epoch: [95m6060[0m - Loss: [93m    0.179292[0m
INFO -- Epoch: [95m6080[0m - Loss: [93m    0.179249[0m
INFO -- Epoch: [95m6100[0m - Loss: [93m    0.179265[0m
INFO -- Epoch: [95m6120[0m - Loss: [93m    0.179293[0m
INFO -- Epoch: [95m6140[0m - Loss: [93m    0.179289[0m
INFO -- Epoch: [95m6160[0m - Loss: [93m    0.179427[0m
INFO -- Epoch: [95m6180[0m - Loss: [93m    0.179326[0m
INFO -- Epoch: [95m6200[0m - Loss: [93m    0.179283[0m
INFO -- Epoch: [95m6220[0m - Loss: [93m    0.179268[0m
INFO -- Epoch: [95m6240[0m - Loss: [93m    0.179270[0m
INFO -- Epoch: [95m6260[0m - Loss: [93m    0.179307[0m
INFO -- Epoch: [95m6280[0m - Loss: [93m    0.179351[0m
INFO -- Epoch: [95m6300[0m - Loss: [93m    0.179268[0m
INFO -- Epoch: [95m6320[0m - Loss: [93m    0.179313[0m
INFO -- Epoch: [95m6340[0m - Loss: [93m    0.179394[0m
INFO -- Epoch: [95m6360[0m - Loss: [93m    0.179329[0m
INFO -- Epoch: [95m6380[0m - Loss: [93m    0.179326[0m
INFO -- Epoch: [95m6400[0m - Loss: [93m    0.179340[0m
INFO -- Epoch: [95m6420[0m - Loss: [93m    0.179263[0m
INFO -- Epoch: [95m6440[0m - Loss: [93m    0.179369[0m
INFO -- Epoch: [95m6460[0m - Loss: [93m    0.179382[0m
INFO -- Epoch: [95m6480[0m - Loss: [93m    0.179248[0m
INFO -- Epoch: [95m6500[0m - Loss: [93m    0.179361[0m
INFO -- Epoch: [95m6520[0m - Loss: [93m    0.179308[0m
INFO -- Epoch: [95m6540[0m - Loss: [93m    0.179366[0m
INFO -- Epoch: [95m6560[0m - Loss: [93m    0.179245[0m
INFO -- Epoch: [95m6580[0m - Loss: [93m    0.179296[0m
INFO -- Epoch: [95m6600[0m - Loss: [93m    0.179408[0m
INFO -- Epoch: [95m6620[0m - Loss: [93m    0.179388[0m
INFO -- Epoch: [95m6640[0m - Loss: [93m    0.179325[0m
INFO -- Epoch: [95m6660[0m - Loss: [93m    0.179330[0m
INFO -- Epoch: [95m6680[0m - Loss: [93m    0.179220[0m
INFO -- Epoch: [95m6700[0m - Loss: [93m    0.179311[0m
INFO -- Epoch: [95m6720[0m - Loss: [93m    0.179318[0m
INFO -- Epoch: [95m6740[0m - Loss: [93m    0.179253[0m
INFO -- Epoch: [95m6760[0m - Loss: [93m    0.179327[0m
INFO -- Epoch: [95m6780[0m - Loss: [93m    0.179366[0m
INFO -- Epoch: [95m6800[0m - Loss: [93m    0.179306[0m
INFO -- Epoch: [95m6820[0m - Loss: [93m    0.179352[0m
INFO -- Epoch: [95m6840[0m - Loss: [93m    0.179267[0m
INFO -- Epoch: [95m6860[0m - Loss: [93m    0.179337[0m
INFO -- Epoch: [95m6880[0m - Loss: [93m    0.179287[0m
INFO -- Epoch: [95m6900[0m - Loss: [93m    0.179323[0m
INFO -- Epoch: [95m6920[0m - Loss: [93m    0.179331[0m
INFO -- Epoch: [95m6940[0m - Loss: [93m    0.179308[0m
INFO -- Epoch: [95m6960[0m - Loss: [93m    0.179310[0m
INFO -- Epoch: [95m6980[0m - Loss: [93m    0.179348[0m
INFO -- Epoch: [95m7000[0m - Loss: [93m    0.179303[0m
INFO -- Epoch: [95m7020[0m - Loss: [93m    0.179309[0m
INFO -- Epoch: [95m7040[0m - Loss: [93m    0.179273[0m
INFO -- Epoch: [95m7060[0m - Loss: [93m    0.179302[0m
INFO -- Epoch: [95m7080[0m - Loss: [93m    0.179367[0m
INFO -- Epoch: [95m7100[0m - Loss: [93m    0.179383[0m
INFO -- Epoch: [95m7120[0m - Loss: [93m    0.179338[0m
INFO -- Epoch: [95m7140[0m - Loss: [93m    0.179235[0m
INFO -- Epoch: [95m7160[0m - Loss: [93m    0.179324[0m
INFO -- Epoch: [95m7180[0m - Loss: [93m    0.179414[0m
INFO -- Epoch: [95m7200[0m - Loss: [93m    0.179273[0m
INFO -- Epoch: [95m7220[0m - Loss: [93m    0.179286[0m
INFO -- Epoch: [95m7240[0m - Loss: [93m    0.179373[0m
INFO -- Epoch: [95m7260[0m - Loss: [93m    0.179425[0m
INFO -- Epoch: [95m7280[0m - Loss: [93m    0.179270[0m
INFO -- Epoch: [95m7300[0m - Loss: [93m    0.179330[0m
INFO -- Epoch: [95m7320[0m - Loss: [93m    0.179238[0m
INFO -- Epoch: [95m7340[0m - Loss: [93m    0.179343[0m
INFO -- Epoch: [95m7360[0m - Loss: [93m    0.179431[0m
INFO -- Epoch: [95m7380[0m - Loss: [93m    0.179325[0m
INFO -- Epoch: [95m7400[0m - Loss: [93m    0.179342[0m
INFO -- Epoch: [95m7420[0m - Loss: [93m    0.179320[0m
INFO -- Epoch: [95m7440[0m - Loss: [93m    0.179288[0m
INFO -- Epoch: [95m7460[0m - Loss: [93m    0.179379[0m
INFO -- Epoch: [95m7480[0m - Loss: [93m    0.179263[0m
INFO -- Epoch: [95m7500[0m - Loss: [93m    0.179321[0m
INFO -- Epoch: [95m7520[0m - Loss: [93m    0.179439[0m
INFO -- Epoch: [95m7540[0m - Loss: [93m    0.179397[0m
INFO -- Epoch: [95m7560[0m - Loss: [93m    0.179248[0m
INFO -- Epoch: [95m7580[0m - Loss: [93m    0.179286[0m
INFO -- Epoch: [95m7600[0m - Loss: [93m    0.179224[0m
INFO -- Epoch: [95m7620[0m - Loss: [93m    0.179355[0m
INFO -- Epoch: [95m7640[0m - Loss: [93m    0.179298[0m
INFO -- Epoch: [95m7660[0m - Loss: [93m    0.179343[0m
INFO -- Epoch: [95m7680[0m - Loss: [93m    0.179321[0m
INFO -- Epoch: [95m7700[0m - Loss: [93m    0.179261[0m
INFO -- Epoch: [95m7720[0m - Loss: [93m    0.179292[0m
INFO -- Epoch: [95m7740[0m - Loss: [93m    0.179308[0m
INFO -- Epoch: [95m7760[0m - Loss: [93m    0.179302[0m
INFO -- Epoch: [95m7780[0m - Loss: [93m    0.179330[0m
INFO -- Epoch: [95m7800[0m - Loss: [93m    0.179314[0m
INFO -- Epoch: [95m7820[0m - Loss: [93m    0.179340[0m
INFO -- Epoch: [95m7840[0m - Loss: [93m    0.179364[0m
INFO -- Training interrupted by user at epoch [91m7847[0m
