INFO -- Device: cuda
INFO -- 
INFO -- ================================================================================
INFO -- Learning parameters
INFO -- Length:                                           [92m1.0[0m
INFO -- Total time:                                       [92m1.0[0m
INFO -- Number of points in x:                            [92m50[0m
INFO -- Number of points in t:                            [92m50[0m
INFO -- Number of points in initial condition:            [92m150[0m
INFO -- Weight for interior loss:                         [92m0.5[0m
INFO -- Weight for initial condition loss:                [92m150.0[0m
INFO -- Weight for boundary loss:                         [92m1.0[0m
INFO -- Layers:                                           [92m5[0m
INFO -- Neurons per layer:                                [92m50[0m
INFO -- Epochs:                                           [92m20000[0m
INFO -- Learning rate:                                    [92m0.0025[0m
INFO -- ================================================================================
INFO -- 
INFO -- Creating PINN with [92m5[0m layers and [92m50[0m neurons per layer
INFO -- Computing initial condition loss
INFO -- Initial condition loss weak:                      [92m0.217229709029[0m
INFO -- Initial condition loss strong:                    [92m0.217229709029[0m
INFO -- Initial condition loss weak and strong:           [92m0.217229709029[0m
INFO -- Initial condition loss colocation:                [92m0.217230677605[0m
INFO -- Training PINN for [93m20000[0m epochs using [93mloss_fn_weak_and_strong[0m loss function
INFO -- Epoch: [95m20[0m - Loss: [93m    0.188103[0m
INFO -- Epoch: [95m40[0m - Loss: [93m    0.160642[0m
INFO -- Epoch: [95m60[0m - Loss: [93m    0.073070[0m
INFO -- Epoch: [95m80[0m - Loss: [93m    0.020007[0m
INFO -- Epoch: [95m100[0m - Loss: [93m    0.005571[0m
INFO -- Epoch: [95m120[0m - Loss: [93m    0.001866[0m
INFO -- Epoch: [95m140[0m - Loss: [93m    0.001261[0m
INFO -- Epoch: [95m160[0m - Loss: [93m    0.000959[0m
INFO -- Epoch: [95m180[0m - Loss: [93m    0.000748[0m
INFO -- Epoch: [95m200[0m - Loss: [93m    0.000592[0m
INFO -- Epoch: [95m220[0m - Loss: [93m    0.000473[0m
INFO -- Epoch: [95m240[0m - Loss: [93m    0.000381[0m
INFO -- Epoch: [95m260[0m - Loss: [93m    0.000309[0m
INFO -- Epoch: [95m280[0m - Loss: [93m    0.000252[0m
INFO -- Epoch: [95m300[0m - Loss: [93m    0.000207[0m
INFO -- Epoch: [95m320[0m - Loss: [93m    0.000170[0m
INFO -- Epoch: [95m340[0m - Loss: [93m    0.000140[0m
INFO -- Epoch: [95m360[0m - Loss: [93m    0.026742[0m
INFO -- Epoch: [95m380[0m - Loss: [93m    0.003138[0m
INFO -- Epoch: [95m400[0m - Loss: [93m    0.000717[0m
INFO -- Epoch: [95m420[0m - Loss: [93m    0.000388[0m
INFO -- Epoch: [95m440[0m - Loss: [93m    0.000299[0m
INFO -- Epoch: [95m460[0m - Loss: [93m    0.000242[0m
INFO -- Epoch: [95m480[0m - Loss: [93m    0.000197[0m
INFO -- Epoch: [95m500[0m - Loss: [93m    0.000161[0m
INFO -- Epoch: [95m520[0m - Loss: [93m    0.000133[0m
INFO -- Epoch: [95m540[0m - Loss: [93m    0.000109[0m
INFO -- Epoch: [95m560[0m - Loss: [93m    0.000091[0m
INFO -- Epoch: [95m580[0m - Loss: [93m    0.000075[0m
INFO -- Epoch: [95m600[0m - Loss: [93m    0.000063[0m
INFO -- Epoch: [95m620[0m - Loss: [93m    0.000053[0m
INFO -- Epoch: [95m640[0m - Loss: [93m    0.000044[0m
INFO -- Epoch: [95m660[0m - Loss: [93m    0.000038[0m
INFO -- Epoch: [95m680[0m - Loss: [93m    0.000185[0m
INFO -- Epoch: [95m700[0m - Loss: [93m    0.001135[0m
INFO -- Epoch: [95m720[0m - Loss: [93m    0.000318[0m
INFO -- Epoch: [95m740[0m - Loss: [93m    0.000071[0m
INFO -- Epoch: [95m760[0m - Loss: [93m    0.000039[0m
INFO -- Epoch: [95m780[0m - Loss: [93m    0.000028[0m
INFO -- Epoch: [95m800[0m - Loss: [93m    0.000024[0m
INFO -- Epoch: [95m820[0m - Loss: [93m    0.000021[0m
INFO -- Epoch: [95m840[0m - Loss: [93m    0.000019[0m
INFO -- Epoch: [95m860[0m - Loss: [93m    0.002893[0m
INFO -- Epoch: [95m880[0m - Loss: [93m    0.001165[0m
INFO -- Epoch: [95m900[0m - Loss: [93m    0.000153[0m
INFO -- Epoch: [95m920[0m - Loss: [93m    0.000087[0m
INFO -- Epoch: [95m940[0m - Loss: [93m    0.000069[0m
INFO -- Epoch: [95m960[0m - Loss: [93m    0.000054[0m
INFO -- Epoch: [95m980[0m - Loss: [93m    0.000044[0m
INFO -- Epoch: [95m1000[0m - Loss: [93m    0.000037[0m
INFO -- Epoch: [95m1020[0m - Loss: [93m    0.000032[0m
INFO -- Epoch: [95m1040[0m - Loss: [93m    0.000027[0m
INFO -- Epoch: [95m1060[0m - Loss: [93m    0.000024[0m
INFO -- Epoch: [95m1080[0m - Loss: [93m    0.000021[0m
INFO -- Epoch: [95m1100[0m - Loss: [93m    0.000019[0m
INFO -- Epoch: [95m1120[0m - Loss: [93m    0.000018[0m
INFO -- Epoch: [95m1140[0m - Loss: [93m    0.000016[0m
INFO -- Epoch: [95m1160[0m - Loss: [93m    0.000016[0m
INFO -- Epoch: [95m1180[0m - Loss: [93m    0.007889[0m
INFO -- Epoch: [95m1200[0m - Loss: [93m    0.000206[0m
INFO -- Epoch: [95m1220[0m - Loss: [93m    0.000076[0m
INFO -- Epoch: [95m1240[0m - Loss: [93m    0.000033[0m
INFO -- Epoch: [95m1260[0m - Loss: [93m    0.000022[0m
INFO -- Epoch: [95m1280[0m - Loss: [93m    0.000019[0m
INFO -- Epoch: [95m1300[0m - Loss: [93m    0.000017[0m
INFO -- Epoch: [95m1320[0m - Loss: [93m    0.000016[0m
INFO -- Epoch: [95m1340[0m - Loss: [93m    0.000015[0m
INFO -- Epoch: [95m1360[0m - Loss: [93m    0.000018[0m
INFO -- Epoch: [95m1380[0m - Loss: [93m    0.002915[0m
INFO -- Epoch: [95m1400[0m - Loss: [93m    0.000615[0m
INFO -- Epoch: [95m1420[0m - Loss: [93m    0.000100[0m
INFO -- Epoch: [95m1440[0m - Loss: [93m    0.000043[0m
INFO -- Epoch: [95m1460[0m - Loss: [93m    0.000032[0m
INFO -- Epoch: [95m1480[0m - Loss: [93m    0.000027[0m
INFO -- Epoch: [95m1500[0m - Loss: [93m    0.000023[0m
INFO -- Epoch: [95m1520[0m - Loss: [93m    0.000021[0m
INFO -- Epoch: [95m1540[0m - Loss: [93m    0.000019[0m
INFO -- Epoch: [95m1560[0m - Loss: [93m    0.000018[0m
INFO -- Epoch: [95m1580[0m - Loss: [93m    0.000017[0m
INFO -- Epoch: [95m1600[0m - Loss: [93m    0.000016[0m
INFO -- Epoch: [95m1620[0m - Loss: [93m    0.000015[0m
INFO -- Epoch: [95m1640[0m - Loss: [93m    0.000015[0m
INFO -- Epoch: [95m1660[0m - Loss: [93m    0.000014[0m
INFO -- Epoch: [95m1680[0m - Loss: [93m    0.000273[0m
INFO -- Epoch: [95m1700[0m - Loss: [93m    0.003172[0m
INFO -- Epoch: [95m1720[0m - Loss: [93m    0.000233[0m
INFO -- Epoch: [95m1740[0m - Loss: [93m    0.000068[0m
INFO -- Epoch: [95m1760[0m - Loss: [93m    0.000046[0m
INFO -- Epoch: [95m1780[0m - Loss: [93m    0.000035[0m
INFO -- Epoch: [95m1800[0m - Loss: [93m    0.000029[0m
INFO -- Epoch: [95m1820[0m - Loss: [93m    0.000026[0m
INFO -- Epoch: [95m1840[0m - Loss: [93m    0.000023[0m
INFO -- Epoch: [95m1860[0m - Loss: [93m    0.000021[0m
INFO -- Epoch: [95m1880[0m - Loss: [93m    0.000020[0m
INFO -- Epoch: [95m1900[0m - Loss: [93m    0.000019[0m
INFO -- Epoch: [95m1920[0m - Loss: [93m    0.000018[0m
INFO -- Epoch: [95m1940[0m - Loss: [93m    0.000018[0m
INFO -- Epoch: [95m1960[0m - Loss: [93m    0.002976[0m
INFO -- Epoch: [95m1980[0m - Loss: [93m    0.000608[0m
INFO -- Epoch: [95m2000[0m - Loss: [93m    0.000088[0m
INFO -- Epoch: [95m2020[0m - Loss: [93m    0.000029[0m
INFO -- Epoch: [95m2040[0m - Loss: [93m    0.000019[0m
INFO -- Epoch: [95m2060[0m - Loss: [93m    0.000018[0m
INFO -- Epoch: [95m2080[0m - Loss: [93m    0.000017[0m
INFO -- Epoch: [95m2100[0m - Loss: [93m    0.000016[0m
INFO -- Epoch: [95m2120[0m - Loss: [93m    0.000016[0m
INFO -- Epoch: [95m2140[0m - Loss: [93m    0.000015[0m
INFO -- Epoch: [95m2160[0m - Loss: [93m    0.000015[0m
INFO -- Epoch: [95m2180[0m - Loss: [93m    0.000015[0m
INFO -- Epoch: [95m2200[0m - Loss: [93m    0.000833[0m
INFO -- Epoch: [95m2220[0m - Loss: [93m    0.000136[0m
INFO -- Epoch: [95m2240[0m - Loss: [93m    0.000042[0m
INFO -- Epoch: [95m2260[0m - Loss: [93m    0.000034[0m
INFO -- Epoch: [95m2280[0m - Loss: [93m    0.000025[0m
INFO -- Epoch: [95m2300[0m - Loss: [93m    0.000022[0m
INFO -- Epoch: [95m2320[0m - Loss: [93m    0.000020[0m
INFO -- Epoch: [95m2340[0m - Loss: [93m    0.000019[0m
INFO -- Epoch: [95m2360[0m - Loss: [93m    0.000019[0m
INFO -- Epoch: [95m2380[0m - Loss: [93m    0.003262[0m
INFO -- Epoch: [95m2400[0m - Loss: [93m    0.000062[0m
INFO -- Epoch: [95m2420[0m - Loss: [93m    0.000069[0m
INFO -- Epoch: [95m2440[0m - Loss: [93m    0.000026[0m
INFO -- Epoch: [95m2460[0m - Loss: [93m    0.000017[0m
INFO -- Epoch: [95m2480[0m - Loss: [93m    0.000017[0m
INFO -- Epoch: [95m2500[0m - Loss: [93m    0.000016[0m
INFO -- Epoch: [95m2520[0m - Loss: [93m    0.000016[0m
INFO -- Epoch: [95m2540[0m - Loss: [93m    0.000016[0m
INFO -- Epoch: [95m2560[0m - Loss: [93m    0.004651[0m
INFO -- Epoch: [95m2580[0m - Loss: [93m    0.000734[0m
INFO -- Epoch: [95m2600[0m - Loss: [93m    0.000091[0m
INFO -- Epoch: [95m2620[0m - Loss: [93m    0.000031[0m
INFO -- Epoch: [95m2640[0m - Loss: [93m    0.000022[0m
INFO -- Epoch: [95m2660[0m - Loss: [93m    0.000020[0m
INFO -- Epoch: [95m2680[0m - Loss: [93m    0.000021[0m
INFO -- Epoch: [95m2700[0m - Loss: [93m    0.002958[0m
INFO -- Epoch: [95m2720[0m - Loss: [93m    0.000111[0m
INFO -- Epoch: [95m2740[0m - Loss: [93m    0.000022[0m
INFO -- Epoch: [95m2760[0m - Loss: [93m    0.000022[0m
INFO -- Epoch: [95m2780[0m - Loss: [93m    0.000019[0m
INFO -- Epoch: [95m2800[0m - Loss: [93m    0.000018[0m
INFO -- Epoch: [95m2820[0m - Loss: [93m    0.000017[0m
INFO -- Epoch: [95m2840[0m - Loss: [93m    0.000017[0m
INFO -- Epoch: [95m2860[0m - Loss: [93m    0.001624[0m
INFO -- Epoch: [95m2880[0m - Loss: [93m    0.000393[0m
INFO -- Epoch: [95m2900[0m - Loss: [93m    0.000061[0m
INFO -- Epoch: [95m2920[0m - Loss: [93m    0.000039[0m
INFO -- Epoch: [95m2940[0m - Loss: [93m    0.000030[0m
INFO -- Epoch: [95m2960[0m - Loss: [93m    0.002374[0m
INFO -- Epoch: [95m2980[0m - Loss: [93m    0.000325[0m
INFO -- Epoch: [95m3000[0m - Loss: [93m    0.000105[0m
INFO -- Epoch: [95m3020[0m - Loss: [93m    0.000031[0m
INFO -- Epoch: [95m3040[0m - Loss: [93m    0.000022[0m
INFO -- Epoch: [95m3060[0m - Loss: [93m    0.000020[0m
INFO -- Epoch: [95m3080[0m - Loss: [93m    0.000019[0m
INFO -- Epoch: [95m3100[0m - Loss: [93m    0.000019[0m
INFO -- Epoch: [95m3120[0m - Loss: [93m    0.000019[0m
INFO -- Epoch: [95m3140[0m - Loss: [93m    0.000018[0m
INFO -- Epoch: [95m3160[0m - Loss: [93m    0.000891[0m
INFO -- Epoch: [95m3180[0m - Loss: [93m    0.001634[0m
INFO -- Epoch: [95m3200[0m - Loss: [93m    0.000121[0m
INFO -- Epoch: [95m3220[0m - Loss: [93m    0.000044[0m
INFO -- Epoch: [95m3240[0m - Loss: [93m    0.000025[0m
INFO -- Epoch: [95m3260[0m - Loss: [93m    0.000023[0m
INFO -- Epoch: [95m3280[0m - Loss: [93m    0.000022[0m
INFO -- Epoch: [95m3300[0m - Loss: [93m    0.000021[0m
INFO -- Epoch: [95m3320[0m - Loss: [93m    0.000020[0m
INFO -- Epoch: [95m3340[0m - Loss: [93m    0.000020[0m
INFO -- Epoch: [95m3360[0m - Loss: [93m    0.000020[0m
INFO -- Epoch: [95m3380[0m - Loss: [93m    0.000020[0m
INFO -- Epoch: [95m3400[0m - Loss: [93m    0.000683[0m
INFO -- Epoch: [95m3420[0m - Loss: [93m    0.001031[0m
INFO -- Epoch: [95m3440[0m - Loss: [93m    0.000208[0m
INFO -- Epoch: [95m3460[0m - Loss: [93m    0.000039[0m
INFO -- Epoch: [95m3480[0m - Loss: [93m    0.000028[0m
INFO -- Epoch: [95m3500[0m - Loss: [93m    0.000024[0m
INFO -- Epoch: [95m3520[0m - Loss: [93m    0.000023[0m
INFO -- Epoch: [95m3540[0m - Loss: [93m    0.000022[0m
INFO -- Epoch: [95m3560[0m - Loss: [93m    0.000022[0m
INFO -- Epoch: [95m3580[0m - Loss: [93m    0.000021[0m
INFO -- Epoch: [95m3600[0m - Loss: [93m    0.000085[0m
INFO -- Epoch: [95m3620[0m - Loss: [93m    0.001385[0m
INFO -- Epoch: [95m3640[0m - Loss: [93m    0.000211[0m
INFO -- Epoch: [95m3660[0m - Loss: [93m    0.000034[0m
INFO -- Epoch: [95m3680[0m - Loss: [93m    0.000026[0m
INFO -- Epoch: [95m3700[0m - Loss: [93m    0.000024[0m
INFO -- Epoch: [95m3720[0m - Loss: [93m    0.000023[0m
INFO -- Epoch: [95m3740[0m - Loss: [93m    0.000023[0m
INFO -- Epoch: [95m3760[0m - Loss: [93m    0.000027[0m
INFO -- Epoch: [95m3780[0m - Loss: [93m    0.000106[0m
INFO -- Epoch: [95m3800[0m - Loss: [93m    0.000246[0m
INFO -- Epoch: [95m3820[0m - Loss: [93m    0.000041[0m
INFO -- Epoch: [95m3840[0m - Loss: [93m    0.000026[0m
INFO -- Epoch: [95m3860[0m - Loss: [93m    0.000025[0m
INFO -- Epoch: [95m3880[0m - Loss: [93m    0.000024[0m
INFO -- Epoch: [95m3900[0m - Loss: [93m    0.000032[0m
INFO -- Epoch: [95m3920[0m - Loss: [93m    0.000149[0m
INFO -- Epoch: [95m3940[0m - Loss: [93m    0.000161[0m
INFO -- Epoch: [95m3960[0m - Loss: [93m    0.000054[0m
INFO -- Epoch: [95m3980[0m - Loss: [93m    0.000030[0m
INFO -- Epoch: [95m4000[0m - Loss: [93m    0.000025[0m
INFO -- Epoch: [95m4020[0m - Loss: [93m    0.000025[0m
INFO -- Epoch: [95m4040[0m - Loss: [93m    0.000024[0m
INFO -- Epoch: [95m4060[0m - Loss: [93m    0.000024[0m
INFO -- Epoch: [95m4080[0m - Loss: [93m    0.001255[0m
INFO -- Epoch: [95m4100[0m - Loss: [93m    0.000170[0m
INFO -- Epoch: [95m4120[0m - Loss: [93m    0.000093[0m
INFO -- Epoch: [95m4140[0m - Loss: [93m    0.000099[0m
INFO -- Epoch: [95m4160[0m - Loss: [93m    0.000050[0m
INFO -- Epoch: [95m4180[0m - Loss: [93m    0.000492[0m
INFO -- Epoch: [95m4200[0m - Loss: [93m    0.000239[0m
INFO -- Epoch: [95m4220[0m - Loss: [93m    0.000027[0m
INFO -- Epoch: [95m4240[0m - Loss: [93m    0.000033[0m
INFO -- Epoch: [95m4260[0m - Loss: [93m    0.000170[0m
INFO -- Epoch: [95m4280[0m - Loss: [93m    0.000711[0m
INFO -- Epoch: [95m4300[0m - Loss: [93m    0.000421[0m
INFO -- Epoch: [95m4320[0m - Loss: [93m    0.000081[0m
INFO -- Epoch: [95m4340[0m - Loss: [93m    0.000039[0m
INFO -- Epoch: [95m4360[0m - Loss: [93m    0.000276[0m
INFO -- Epoch: [95m4380[0m - Loss: [93m    0.000088[0m
INFO -- Epoch: [95m4400[0m - Loss: [93m    0.000038[0m
INFO -- Epoch: [95m4420[0m - Loss: [93m    0.001522[0m
INFO -- Epoch: [95m4440[0m - Loss: [93m    0.000619[0m
INFO -- Epoch: [95m4460[0m - Loss: [93m    0.000071[0m
INFO -- Epoch: [95m4480[0m - Loss: [93m    0.000032[0m
INFO -- Epoch: [95m4500[0m - Loss: [93m    0.000225[0m
INFO -- Epoch: [95m4520[0m - Loss: [93m    0.000260[0m
INFO -- Epoch: [95m4540[0m - Loss: [93m    0.000050[0m
INFO -- Epoch: [95m4560[0m - Loss: [93m    0.000035[0m
INFO -- Epoch: [95m4580[0m - Loss: [93m    0.001537[0m
INFO -- Epoch: [95m4600[0m - Loss: [93m    0.001222[0m
INFO -- Epoch: [95m4620[0m - Loss: [93m    0.000067[0m
INFO -- Epoch: [95m4640[0m - Loss: [93m    0.000041[0m
INFO -- Epoch: [95m4660[0m - Loss: [93m    0.000030[0m
INFO -- Epoch: [95m4680[0m - Loss: [93m    0.000029[0m
INFO -- Epoch: [95m4700[0m - Loss: [93m    0.000032[0m
INFO -- Epoch: [95m4720[0m - Loss: [93m    0.000194[0m
INFO -- Epoch: [95m4740[0m - Loss: [93m    0.000073[0m
INFO -- Epoch: [95m4760[0m - Loss: [93m    0.000038[0m
INFO -- Epoch: [95m4780[0m - Loss: [93m    0.000039[0m
INFO -- Epoch: [95m4800[0m - Loss: [93m    0.001273[0m
INFO -- Epoch: [95m4820[0m - Loss: [93m    0.000083[0m
INFO -- Epoch: [95m4840[0m - Loss: [93m    0.000109[0m
INFO -- Epoch: [95m4860[0m - Loss: [93m    0.000040[0m
INFO -- Epoch: [95m4880[0m - Loss: [93m    0.000032[0m
INFO -- Epoch: [95m4900[0m - Loss: [93m    0.000047[0m
INFO -- Epoch: [95m4920[0m - Loss: [93m    0.000445[0m
INFO -- Epoch: [95m4940[0m - Loss: [93m    0.000061[0m
INFO -- Epoch: [95m4960[0m - Loss: [93m    0.000141[0m
INFO -- Epoch: [95m4980[0m - Loss: [93m    0.000866[0m
INFO -- Epoch: [95m5000[0m - Loss: [93m    0.000067[0m
INFO -- Epoch: [95m5020[0m - Loss: [93m    0.000074[0m
INFO -- Epoch: [95m5040[0m - Loss: [93m    0.000035[0m
INFO -- Epoch: [95m5060[0m - Loss: [93m    0.000030[0m
INFO -- Epoch: [95m5080[0m - Loss: [93m    0.000037[0m
INFO -- Epoch: [95m5100[0m - Loss: [93m    0.000177[0m
INFO -- Epoch: [95m5120[0m - Loss: [93m    0.000045[0m
INFO -- Epoch: [95m5140[0m - Loss: [93m    0.000040[0m
INFO -- Epoch: [95m5160[0m - Loss: [93m    0.000639[0m
INFO -- Epoch: [95m5180[0m - Loss: [93m    0.000119[0m
INFO -- Epoch: [95m5200[0m - Loss: [93m    0.000075[0m
INFO -- Epoch: [95m5220[0m - Loss: [93m    0.000053[0m
INFO -- Epoch: [95m5240[0m - Loss: [93m    0.000063[0m
INFO -- Epoch: [95m5260[0m - Loss: [93m    0.000053[0m
INFO -- Epoch: [95m5280[0m - Loss: [93m    0.000036[0m
INFO -- Epoch: [95m5300[0m - Loss: [93m    0.000033[0m
INFO -- Epoch: [95m5320[0m - Loss: [93m    0.000032[0m
INFO -- Epoch: [95m5340[0m - Loss: [93m    0.000032[0m
INFO -- Epoch: [95m5360[0m - Loss: [93m    0.000033[0m
INFO -- Epoch: [95m5380[0m - Loss: [93m    0.000177[0m
INFO -- Epoch: [95m5400[0m - Loss: [93m    0.000175[0m
INFO -- Epoch: [95m5420[0m - Loss: [93m    0.000054[0m
INFO -- Epoch: [95m5440[0m - Loss: [93m    0.001313[0m
INFO -- Epoch: [95m5460[0m - Loss: [93m    0.000496[0m
INFO -- Epoch: [95m5480[0m - Loss: [93m    0.000106[0m
INFO -- Epoch: [95m5500[0m - Loss: [93m    0.000042[0m
INFO -- Epoch: [95m5520[0m - Loss: [93m    0.000034[0m
INFO -- Epoch: [95m5540[0m - Loss: [93m    0.000034[0m
INFO -- Epoch: [95m5560[0m - Loss: [93m    0.000033[0m
INFO -- Epoch: [95m5580[0m - Loss: [93m    0.000034[0m
INFO -- Epoch: [95m5600[0m - Loss: [93m    0.000358[0m
INFO -- Epoch: [95m5620[0m - Loss: [93m    0.001884[0m
INFO -- Epoch: [95m5640[0m - Loss: [93m    0.000143[0m
INFO -- Epoch: [95m5660[0m - Loss: [93m    0.000137[0m
INFO -- Epoch: [95m5680[0m - Loss: [93m    0.000038[0m
INFO -- Epoch: [95m5700[0m - Loss: [93m    0.000037[0m
INFO -- Epoch: [95m5720[0m - Loss: [93m    0.000035[0m
INFO -- Epoch: [95m5740[0m - Loss: [93m    0.000034[0m
INFO -- Epoch: [95m5760[0m - Loss: [93m    0.000034[0m
INFO -- Epoch: [95m5780[0m - Loss: [93m    0.000033[0m
INFO -- Epoch: [95m5800[0m - Loss: [93m    0.000115[0m
INFO -- Epoch: [95m5820[0m - Loss: [93m    0.000082[0m
INFO -- Epoch: [95m5840[0m - Loss: [93m    0.000124[0m
INFO -- Epoch: [95m5860[0m - Loss: [93m    0.000113[0m
INFO -- Epoch: [95m5880[0m - Loss: [93m    0.000045[0m
INFO -- Epoch: [95m5900[0m - Loss: [93m    0.000043[0m
INFO -- Epoch: [95m5920[0m - Loss: [93m    0.000041[0m
INFO -- Epoch: [95m5940[0m - Loss: [93m    0.000640[0m
INFO -- Epoch: [95m5960[0m - Loss: [93m    0.000040[0m
INFO -- Epoch: [95m5980[0m - Loss: [93m    0.000041[0m
INFO -- Epoch: [95m6000[0m - Loss: [93m    0.000035[0m
INFO -- Epoch: [95m6020[0m - Loss: [93m    0.000086[0m
INFO -- Epoch: [95m6040[0m - Loss: [93m    0.000937[0m
INFO -- Epoch: [95m6060[0m - Loss: [93m    0.000061[0m
INFO -- Epoch: [95m6080[0m - Loss: [93m    0.000050[0m
INFO -- Epoch: [95m6100[0m - Loss: [93m    0.000068[0m
INFO -- Epoch: [95m6120[0m - Loss: [93m    0.000288[0m
INFO -- Epoch: [95m6140[0m - Loss: [93m    0.000113[0m
INFO -- Epoch: [95m6160[0m - Loss: [93m    0.000107[0m
INFO -- Epoch: [95m6180[0m - Loss: [93m    0.000054[0m
INFO -- Epoch: [95m6200[0m - Loss: [93m    0.000930[0m
INFO -- Epoch: [95m6220[0m - Loss: [93m    0.000076[0m
INFO -- Epoch: [95m6240[0m - Loss: [93m    0.000059[0m
INFO -- Epoch: [95m6260[0m - Loss: [93m    0.000166[0m
INFO -- Epoch: [95m6280[0m - Loss: [93m    0.000319[0m
INFO -- Epoch: [95m6300[0m - Loss: [93m    0.000066[0m
INFO -- Epoch: [95m6320[0m - Loss: [93m    0.000284[0m
INFO -- Epoch: [95m6340[0m - Loss: [93m    0.000042[0m
INFO -- Epoch: [95m6360[0m - Loss: [93m    0.000098[0m
INFO -- Epoch: [95m6380[0m - Loss: [93m    0.000185[0m
INFO -- Epoch: [95m6400[0m - Loss: [93m    0.000080[0m
INFO -- Epoch: [95m6420[0m - Loss: [93m    0.000068[0m
INFO -- Epoch: [95m6440[0m - Loss: [93m    0.000041[0m
INFO -- Epoch: [95m6460[0m - Loss: [93m    0.000717[0m
INFO -- Epoch: [95m6480[0m - Loss: [93m    0.000225[0m
INFO -- Epoch: [95m6500[0m - Loss: [93m    0.000070[0m
INFO -- Epoch: [95m6520[0m - Loss: [93m    0.000685[0m
INFO -- Epoch: [95m6540[0m - Loss: [93m    0.000058[0m
INFO -- Epoch: [95m6560[0m - Loss: [93m    0.000054[0m
INFO -- Epoch: [95m6580[0m - Loss: [93m    0.000167[0m
INFO -- Epoch: [95m6600[0m - Loss: [93m    0.000190[0m
INFO -- Epoch: [95m6620[0m - Loss: [93m    0.000058[0m
INFO -- Epoch: [95m6640[0m - Loss: [93m    0.000078[0m
INFO -- Epoch: [95m6660[0m - Loss: [93m    0.000152[0m
INFO -- Epoch: [95m6680[0m - Loss: [93m    0.000038[0m
INFO -- Epoch: [95m6700[0m - Loss: [93m    0.000117[0m
INFO -- Epoch: [95m6720[0m - Loss: [93m    0.000082[0m
INFO -- Epoch: [95m6740[0m - Loss: [93m    0.000052[0m
INFO -- Epoch: [95m6760[0m - Loss: [93m    0.002059[0m
INFO -- Epoch: [95m6780[0m - Loss: [93m    0.000222[0m
INFO -- Epoch: [95m6800[0m - Loss: [93m    0.000060[0m
INFO -- Epoch: [95m6820[0m - Loss: [93m    0.000045[0m
INFO -- Epoch: [95m6840[0m - Loss: [93m    0.000040[0m
INFO -- Epoch: [95m6860[0m - Loss: [93m    0.000039[0m
INFO -- Epoch: [95m6880[0m - Loss: [93m    0.000038[0m
INFO -- Epoch: [95m6900[0m - Loss: [93m    0.000037[0m
INFO -- Epoch: [95m6920[0m - Loss: [93m    0.000037[0m
INFO -- Epoch: [95m6940[0m - Loss: [93m    0.002203[0m
INFO -- Epoch: [95m6960[0m - Loss: [93m    0.000087[0m
INFO -- Epoch: [95m6980[0m - Loss: [93m    0.000048[0m
INFO -- Epoch: [95m7000[0m - Loss: [93m    0.000042[0m
INFO -- Epoch: [95m7020[0m - Loss: [93m    0.000126[0m
INFO -- Epoch: [95m7040[0m - Loss: [93m    0.000062[0m
INFO -- Epoch: [95m7060[0m - Loss: [93m    0.000066[0m
INFO -- Epoch: [95m7080[0m - Loss: [93m    0.000049[0m
INFO -- Epoch: [95m7100[0m - Loss: [93m    0.000040[0m
INFO -- Epoch: [95m7120[0m - Loss: [93m    0.000038[0m
INFO -- Epoch: [95m7140[0m - Loss: [93m    0.000038[0m
INFO -- Epoch: [95m7160[0m - Loss: [93m    0.000231[0m
INFO -- Epoch: [95m7180[0m - Loss: [93m    0.001623[0m
INFO -- Epoch: [95m7200[0m - Loss: [93m    0.001100[0m
INFO -- Epoch: [95m7220[0m - Loss: [93m    0.000141[0m
INFO -- Epoch: [95m7240[0m - Loss: [93m    0.000046[0m
INFO -- Epoch: [95m7260[0m - Loss: [93m    0.000042[0m
INFO -- Epoch: [95m7280[0m - Loss: [93m    0.000040[0m
INFO -- Epoch: [95m7300[0m - Loss: [93m    0.000039[0m
INFO -- Epoch: [95m7320[0m - Loss: [93m    0.000038[0m
INFO -- Epoch: [95m7340[0m - Loss: [93m    0.000069[0m
INFO -- Epoch: [95m7360[0m - Loss: [93m    0.000337[0m
INFO -- Epoch: [95m7380[0m - Loss: [93m    0.000059[0m
INFO -- Epoch: [95m7400[0m - Loss: [93m    0.000045[0m
INFO -- Epoch: [95m7420[0m - Loss: [93m    0.000040[0m
INFO -- Epoch: [95m7440[0m - Loss: [93m    0.001002[0m
INFO -- Epoch: [95m7460[0m - Loss: [93m    0.000202[0m
INFO -- Epoch: [95m7480[0m - Loss: [93m    0.000094[0m
INFO -- Epoch: [95m7500[0m - Loss: [93m    0.000042[0m
INFO -- Epoch: [95m7520[0m - Loss: [93m    0.000039[0m
INFO -- Epoch: [95m7540[0m - Loss: [93m    0.000266[0m
INFO -- Epoch: [95m7560[0m - Loss: [93m    0.000062[0m
INFO -- Epoch: [95m7580[0m - Loss: [93m    0.000500[0m
INFO -- Epoch: [95m7600[0m - Loss: [93m    0.000063[0m
INFO -- Epoch: [95m7620[0m - Loss: [93m    0.000056[0m
INFO -- Epoch: [95m7640[0m - Loss: [93m    0.000044[0m
INFO -- Epoch: [95m7660[0m - Loss: [93m    0.000464[0m
INFO -- Epoch: [95m7680[0m - Loss: [93m    0.000100[0m
INFO -- Epoch: [95m7700[0m - Loss: [93m    0.000128[0m
INFO -- Epoch: [95m7720[0m - Loss: [93m    0.000076[0m
INFO -- Epoch: [95m7740[0m - Loss: [93m    0.000506[0m
INFO -- Epoch: [95m7760[0m - Loss: [93m    0.000090[0m
INFO -- Epoch: [95m7780[0m - Loss: [93m    0.000040[0m
INFO -- Epoch: [95m7800[0m - Loss: [93m    0.000304[0m
INFO -- Epoch: [95m7820[0m - Loss: [93m    0.000595[0m
INFO -- Epoch: [95m7840[0m - Loss: [93m    0.000113[0m
INFO -- Epoch: [95m7860[0m - Loss: [93m    0.000063[0m
INFO -- Epoch: [95m7880[0m - Loss: [93m    0.000041[0m
INFO -- Epoch: [95m7900[0m - Loss: [93m    0.000038[0m
INFO -- Epoch: [95m7920[0m - Loss: [93m    0.000108[0m
INFO -- Epoch: [95m7940[0m - Loss: [93m    0.000051[0m
INFO -- Epoch: [95m7960[0m - Loss: [93m    0.000045[0m
INFO -- Epoch: [95m7980[0m - Loss: [93m    0.000054[0m
INFO -- Epoch: [95m8000[0m - Loss: [93m    0.000587[0m
INFO -- Epoch: [95m8020[0m - Loss: [93m    0.000046[0m
INFO -- Epoch: [95m8040[0m - Loss: [93m    0.000704[0m
INFO -- Epoch: [95m8060[0m - Loss: [93m    0.000532[0m
INFO -- Epoch: [95m8080[0m - Loss: [93m    0.000153[0m
INFO -- Epoch: [95m8100[0m - Loss: [93m    0.000047[0m
INFO -- Epoch: [95m8120[0m - Loss: [93m    0.000041[0m
INFO -- Epoch: [95m8140[0m - Loss: [93m    0.000038[0m
INFO -- Epoch: [95m8160[0m - Loss: [93m    0.000037[0m
INFO -- Epoch: [95m8180[0m - Loss: [93m    0.000138[0m
INFO -- Epoch: [95m8200[0m - Loss: [93m    0.000310[0m
INFO -- Epoch: [95m8220[0m - Loss: [93m    0.000071[0m
INFO -- Epoch: [95m8240[0m - Loss: [93m    0.000042[0m
INFO -- Epoch: [95m8260[0m - Loss: [93m    0.000108[0m
INFO -- Epoch: [95m8280[0m - Loss: [93m    0.000271[0m
INFO -- Epoch: [95m8300[0m - Loss: [93m    0.000072[0m
INFO -- Epoch: [95m8320[0m - Loss: [93m    0.000136[0m
INFO -- Epoch: [95m8340[0m - Loss: [93m    0.000046[0m
INFO -- Epoch: [95m8360[0m - Loss: [93m    0.000101[0m
INFO -- Epoch: [95m8380[0m - Loss: [93m    0.000356[0m
INFO -- Epoch: [95m8400[0m - Loss: [93m    0.000091[0m
INFO -- Epoch: [95m8420[0m - Loss: [93m    0.000124[0m
INFO -- Epoch: [95m8440[0m - Loss: [93m    0.000302[0m
INFO -- Epoch: [95m8460[0m - Loss: [93m    0.000039[0m
INFO -- Epoch: [95m8480[0m - Loss: [93m    0.000039[0m
INFO -- Epoch: [95m8500[0m - Loss: [93m    0.000087[0m
INFO -- Epoch: [95m8520[0m - Loss: [93m    0.000253[0m
INFO -- Epoch: [95m8540[0m - Loss: [93m    0.000049[0m
INFO -- Epoch: [95m8560[0m - Loss: [93m    0.000083[0m
INFO -- Epoch: [95m8580[0m - Loss: [93m    0.000072[0m
INFO -- Epoch: [95m8600[0m - Loss: [93m    0.000047[0m
INFO -- Epoch: [95m8620[0m - Loss: [93m    0.000063[0m
INFO -- Epoch: [95m8640[0m - Loss: [93m    0.000092[0m
INFO -- Epoch: [95m8660[0m - Loss: [93m    0.000289[0m
INFO -- Epoch: [95m8680[0m - Loss: [93m    0.000205[0m
INFO -- Epoch: [95m8700[0m - Loss: [93m    0.000892[0m
INFO -- Epoch: [95m8720[0m - Loss: [93m    0.000093[0m
INFO -- Epoch: [95m8740[0m - Loss: [93m    0.000050[0m
INFO -- Epoch: [95m8760[0m - Loss: [93m    0.000040[0m
INFO -- Epoch: [95m8780[0m - Loss: [93m    0.000037[0m
INFO -- Epoch: [95m8800[0m - Loss: [93m    0.000072[0m
INFO -- Epoch: [95m8820[0m - Loss: [93m    0.000214[0m
INFO -- Epoch: [95m8840[0m - Loss: [93m    0.000151[0m
INFO -- Epoch: [95m8860[0m - Loss: [93m    0.000066[0m
INFO -- Epoch: [95m8880[0m - Loss: [93m    0.000102[0m
INFO -- Epoch: [95m8900[0m - Loss: [93m    0.000062[0m
INFO -- Epoch: [95m8920[0m - Loss: [93m    0.000041[0m
INFO -- Epoch: [95m8940[0m - Loss: [93m    0.000037[0m
INFO -- Epoch: [95m8960[0m - Loss: [93m    0.000355[0m
INFO -- Epoch: [95m8980[0m - Loss: [93m    0.000434[0m
INFO -- Epoch: [95m9000[0m - Loss: [93m    0.000098[0m
INFO -- Epoch: [95m9020[0m - Loss: [93m    0.000049[0m
INFO -- Epoch: [95m9040[0m - Loss: [93m    0.000040[0m
INFO -- Epoch: [95m9060[0m - Loss: [93m    0.000037[0m
INFO -- Epoch: [95m9080[0m - Loss: [93m    0.000039[0m
INFO -- Epoch: [95m9100[0m - Loss: [93m    0.000350[0m
INFO -- Epoch: [95m9120[0m - Loss: [93m    0.000038[0m
INFO -- Epoch: [95m9140[0m - Loss: [93m    0.000064[0m
INFO -- Epoch: [95m9160[0m - Loss: [93m    0.000057[0m
INFO -- Epoch: [95m9180[0m - Loss: [93m    0.000226[0m
INFO -- Epoch: [95m9200[0m - Loss: [93m    0.000138[0m
INFO -- Epoch: [95m9220[0m - Loss: [93m    0.000039[0m
INFO -- Epoch: [95m9240[0m - Loss: [93m    0.000056[0m
INFO -- Epoch: [95m9260[0m - Loss: [93m    0.000045[0m
INFO -- Epoch: [95m9280[0m - Loss: [93m    0.000214[0m
INFO -- Epoch: [95m9300[0m - Loss: [93m    0.000168[0m
INFO -- Epoch: [95m9320[0m - Loss: [93m    0.000149[0m
INFO -- Epoch: [95m9340[0m - Loss: [93m    0.000082[0m
INFO -- Epoch: [95m9360[0m - Loss: [93m    0.000052[0m
INFO -- Epoch: [95m9380[0m - Loss: [93m    0.000040[0m
INFO -- Epoch: [95m9400[0m - Loss: [93m    0.000044[0m
INFO -- Epoch: [95m9420[0m - Loss: [93m    0.000094[0m
INFO -- Epoch: [95m9440[0m - Loss: [93m    0.000082[0m
INFO -- Epoch: [95m9460[0m - Loss: [93m    0.000043[0m
INFO -- Epoch: [95m9480[0m - Loss: [93m    0.000039[0m
INFO -- Epoch: [95m9500[0m - Loss: [93m    0.000116[0m
INFO -- Epoch: [95m9520[0m - Loss: [93m    0.000094[0m
INFO -- Epoch: [95m9540[0m - Loss: [93m    0.000130[0m
INFO -- Epoch: [95m9560[0m - Loss: [93m    0.000040[0m
INFO -- Epoch: [95m9580[0m - Loss: [93m    0.000048[0m
INFO -- Epoch: [95m9600[0m - Loss: [93m    0.000157[0m
INFO -- Epoch: [95m9620[0m - Loss: [93m    0.000236[0m
INFO -- Epoch: [95m9640[0m - Loss: [93m    0.000068[0m
INFO -- Epoch: [95m9660[0m - Loss: [93m    0.000081[0m
INFO -- Epoch: [95m9680[0m - Loss: [93m    0.000082[0m
INFO -- Epoch: [95m9700[0m - Loss: [93m    0.000164[0m
INFO -- Epoch: [95m9720[0m - Loss: [93m    0.000144[0m
INFO -- Epoch: [95m9740[0m - Loss: [93m    0.000148[0m
INFO -- Epoch: [95m9760[0m - Loss: [93m    0.000045[0m
INFO -- Epoch: [95m9780[0m - Loss: [93m    0.000760[0m
INFO -- Epoch: [95m9800[0m - Loss: [93m    0.000112[0m
INFO -- Epoch: [95m9820[0m - Loss: [93m    0.000138[0m
INFO -- Epoch: [95m9840[0m - Loss: [93m    0.000094[0m
INFO -- Epoch: [95m9860[0m - Loss: [93m    0.000064[0m
INFO -- Epoch: [95m9880[0m - Loss: [93m    0.000074[0m
INFO -- Epoch: [95m9900[0m - Loss: [93m    0.000039[0m
INFO -- Epoch: [95m9920[0m - Loss: [93m    0.000526[0m
INFO -- Epoch: [95m9940[0m - Loss: [93m    0.000045[0m
INFO -- Epoch: [95m9960[0m - Loss: [93m    0.000039[0m
INFO -- Epoch: [95m9980[0m - Loss: [93m    0.000093[0m
INFO -- Epoch: [95m10000[0m - Loss: [93m    0.000336[0m
INFO -- Epoch: [95m10020[0m - Loss: [93m    0.000074[0m
INFO -- Epoch: [95m10040[0m - Loss: [93m    0.000048[0m
INFO -- Epoch: [95m10060[0m - Loss: [93m    0.000037[0m
INFO -- Epoch: [95m10080[0m - Loss: [93m    0.000080[0m
INFO -- Epoch: [95m10100[0m - Loss: [93m    0.000166[0m
INFO -- Epoch: [95m10120[0m - Loss: [93m    0.000036[0m
INFO -- Epoch: [95m10140[0m - Loss: [93m    0.000035[0m
INFO -- Epoch: [95m10160[0m - Loss: [93m    0.000237[0m
INFO -- Epoch: [95m10180[0m - Loss: [93m    0.000108[0m
INFO -- Epoch: [95m10200[0m - Loss: [93m    0.000037[0m
INFO -- Epoch: [95m10220[0m - Loss: [93m    0.000038[0m
INFO -- Epoch: [95m10240[0m - Loss: [93m    0.000042[0m
INFO -- Epoch: [95m10260[0m - Loss: [93m    0.000539[0m
INFO -- Epoch: [95m10280[0m - Loss: [93m    0.000329[0m
INFO -- Epoch: [95m10300[0m - Loss: [93m    0.000050[0m
INFO -- Epoch: [95m10320[0m - Loss: [93m    0.000043[0m
INFO -- Epoch: [95m10340[0m - Loss: [93m    0.000037[0m
INFO -- Epoch: [95m10360[0m - Loss: [93m    0.000198[0m
INFO -- Epoch: [95m10380[0m - Loss: [93m    0.000153[0m
INFO -- Epoch: [95m10400[0m - Loss: [93m    0.000043[0m
INFO -- Epoch: [95m10420[0m - Loss: [93m    0.000035[0m
INFO -- Epoch: [95m10440[0m - Loss: [93m    0.000108[0m
INFO -- Epoch: [95m10460[0m - Loss: [93m    0.000256[0m
INFO -- Epoch: [95m10480[0m - Loss: [93m    0.000081[0m
INFO -- Epoch: [95m10500[0m - Loss: [93m    0.000045[0m
INFO -- Epoch: [95m10520[0m - Loss: [93m    0.000260[0m
INFO -- Epoch: [95m10540[0m - Loss: [93m    0.000038[0m
INFO -- Epoch: [95m10560[0m - Loss: [93m    0.000282[0m
INFO -- Epoch: [95m10580[0m - Loss: [93m    0.000719[0m
INFO -- Epoch: [95m10600[0m - Loss: [93m    0.000941[0m
INFO -- Epoch: [95m10620[0m - Loss: [93m    0.000055[0m
INFO -- Epoch: [95m10640[0m - Loss: [93m    0.000040[0m
INFO -- Epoch: [95m10660[0m - Loss: [93m    0.000036[0m
INFO -- Epoch: [95m10680[0m - Loss: [93m    0.000035[0m
INFO -- Epoch: [95m10700[0m - Loss: [93m    0.000034[0m
INFO -- Epoch: [95m10720[0m - Loss: [93m    0.000072[0m
INFO -- Epoch: [95m10740[0m - Loss: [93m    0.000208[0m
INFO -- Epoch: [95m10760[0m - Loss: [93m    0.000068[0m
INFO -- Epoch: [95m10780[0m - Loss: [93m    0.000044[0m
INFO -- Epoch: [95m10800[0m - Loss: [93m    0.000036[0m
INFO -- Epoch: [95m10820[0m - Loss: [93m    0.000035[0m
INFO -- Epoch: [95m10840[0m - Loss: [93m    0.000036[0m
INFO -- Epoch: [95m10860[0m - Loss: [93m    0.000042[0m
INFO -- Epoch: [95m10880[0m - Loss: [93m    0.000080[0m
INFO -- Epoch: [95m10900[0m - Loss: [93m    0.000034[0m
INFO -- Epoch: [95m10920[0m - Loss: [93m    0.000033[0m
INFO -- Epoch: [95m10940[0m - Loss: [93m    0.000033[0m
INFO -- Epoch: [95m10960[0m - Loss: [93m    0.000488[0m
INFO -- Epoch: [95m10980[0m - Loss: [93m    0.000113[0m
INFO -- Epoch: [95m11000[0m - Loss: [93m    0.000034[0m
INFO -- Epoch: [95m11020[0m - Loss: [93m    0.000114[0m
INFO -- Epoch: [95m11040[0m - Loss: [93m    0.000034[0m
INFO -- Epoch: [95m11060[0m - Loss: [93m    0.000037[0m
INFO -- Epoch: [95m11080[0m - Loss: [93m    0.000174[0m
INFO -- Epoch: [95m11100[0m - Loss: [93m    0.000172[0m
INFO -- Epoch: [95m11120[0m - Loss: [93m    0.000225[0m
INFO -- Epoch: [95m11140[0m - Loss: [93m    0.000050[0m
INFO -- Epoch: [95m11160[0m - Loss: [93m    0.000937[0m
INFO -- Epoch: [95m11180[0m - Loss: [93m    0.000065[0m
INFO -- Epoch: [95m11200[0m - Loss: [93m    0.000045[0m
INFO -- Epoch: [95m11220[0m - Loss: [93m    0.000033[0m
INFO -- Epoch: [95m11240[0m - Loss: [93m    0.000086[0m
INFO -- Epoch: [95m11260[0m - Loss: [93m    0.000145[0m
INFO -- Epoch: [95m11280[0m - Loss: [93m    0.000064[0m
INFO -- Epoch: [95m11300[0m - Loss: [93m    0.000039[0m
INFO -- Epoch: [95m11320[0m - Loss: [93m    0.000034[0m
INFO -- Epoch: [95m11340[0m - Loss: [93m    0.000178[0m
INFO -- Epoch: [95m11360[0m - Loss: [93m    0.001688[0m
INFO -- Epoch: [95m11380[0m - Loss: [93m    0.002645[0m
INFO -- Epoch: [95m11400[0m - Loss: [93m    0.000553[0m
INFO -- Epoch: [95m11420[0m - Loss: [93m    0.000164[0m
INFO -- Epoch: [95m11440[0m - Loss: [93m    0.000055[0m
INFO -- Epoch: [95m11460[0m - Loss: [93m    0.000047[0m
INFO -- Epoch: [95m11480[0m - Loss: [93m    0.000045[0m
INFO -- Epoch: [95m11500[0m - Loss: [93m    0.000044[0m
INFO -- Epoch: [95m11520[0m - Loss: [93m    0.000043[0m
INFO -- Epoch: [95m11540[0m - Loss: [93m    0.000042[0m
INFO -- Epoch: [95m11560[0m - Loss: [93m    0.000041[0m
INFO -- Epoch: [95m11580[0m - Loss: [93m    0.000040[0m
INFO -- Epoch: [95m11600[0m - Loss: [93m    0.000039[0m
INFO -- Epoch: [95m11620[0m - Loss: [93m    0.000038[0m
INFO -- Epoch: [95m11640[0m - Loss: [93m    0.000038[0m
INFO -- Epoch: [95m11660[0m - Loss: [93m    0.000037[0m
INFO -- Epoch: [95m11680[0m - Loss: [93m    0.000036[0m
INFO -- Epoch: [95m11700[0m - Loss: [93m    0.000035[0m
INFO -- Epoch: [95m11720[0m - Loss: [93m    0.000034[0m
INFO -- Epoch: [95m11740[0m - Loss: [93m    0.000034[0m
INFO -- Epoch: [95m11760[0m - Loss: [93m    0.001682[0m
INFO -- Epoch: [95m11780[0m - Loss: [93m    0.000116[0m
INFO -- Epoch: [95m11800[0m - Loss: [93m    0.000054[0m
INFO -- Epoch: [95m11820[0m - Loss: [93m    0.000039[0m
INFO -- Epoch: [95m11840[0m - Loss: [93m    0.000037[0m
INFO -- Epoch: [95m11860[0m - Loss: [93m    0.000036[0m
INFO -- Epoch: [95m11880[0m - Loss: [93m    0.000036[0m
INFO -- Epoch: [95m11900[0m - Loss: [93m    0.000035[0m
INFO -- Epoch: [95m11920[0m - Loss: [93m    0.000034[0m
INFO -- Epoch: [95m11940[0m - Loss: [93m    0.000033[0m
INFO -- Epoch: [95m11960[0m - Loss: [93m    0.000208[0m
INFO -- Epoch: [95m11980[0m - Loss: [93m    0.000222[0m
INFO -- Epoch: [95m12000[0m - Loss: [93m    0.000058[0m
INFO -- Epoch: [95m12020[0m - Loss: [93m    0.000035[0m
INFO -- Epoch: [95m12040[0m - Loss: [93m    0.000033[0m
INFO -- Epoch: [95m12060[0m - Loss: [93m    0.000032[0m
INFO -- Epoch: [95m12080[0m - Loss: [93m    0.000032[0m
INFO -- Epoch: [95m12100[0m - Loss: [93m    0.000031[0m
INFO -- Epoch: [95m12120[0m - Loss: [93m    0.000030[0m
INFO -- Epoch: [95m12140[0m - Loss: [93m    0.000030[0m
INFO -- Epoch: [95m12160[0m - Loss: [93m    0.001019[0m
INFO -- Epoch: [95m12180[0m - Loss: [93m    0.000098[0m
INFO -- Epoch: [95m12200[0m - Loss: [93m    0.000053[0m
INFO -- Epoch: [95m12220[0m - Loss: [93m    0.000036[0m
INFO -- Epoch: [95m12240[0m - Loss: [93m    0.000264[0m
INFO -- Epoch: [95m12260[0m - Loss: [93m    0.000172[0m
INFO -- Epoch: [95m12280[0m - Loss: [93m    0.000050[0m
INFO -- Epoch: [95m12300[0m - Loss: [93m    0.000033[0m
INFO -- Epoch: [95m12320[0m - Loss: [93m    0.000032[0m
INFO -- Epoch: [95m12340[0m - Loss: [93m    0.000031[0m
INFO -- Epoch: [95m12360[0m - Loss: [93m    0.000030[0m
INFO -- Epoch: [95m12380[0m - Loss: [93m    0.001080[0m
INFO -- Epoch: [95m12400[0m - Loss: [93m    0.000636[0m
INFO -- Epoch: [95m12420[0m - Loss: [93m    0.036868[0m
INFO -- Epoch: [95m12440[0m - Loss: [93m    0.001609[0m
INFO -- Epoch: [95m12460[0m - Loss: [93m    0.000364[0m
INFO -- Epoch: [95m12480[0m - Loss: [93m    0.000142[0m
INFO -- Epoch: [95m12500[0m - Loss: [93m    0.000130[0m
INFO -- Epoch: [95m12520[0m - Loss: [93m    0.000121[0m
INFO -- Epoch: [95m12540[0m - Loss: [93m    0.000115[0m
INFO -- Epoch: [95m12560[0m - Loss: [93m    0.000110[0m
INFO -- Epoch: [95m12580[0m - Loss: [93m    0.000105[0m
INFO -- Epoch: [95m12600[0m - Loss: [93m    0.000101[0m
INFO -- Epoch: [95m12620[0m - Loss: [93m    0.000098[0m
INFO -- Epoch: [95m12640[0m - Loss: [93m    0.000095[0m
INFO -- Epoch: [95m12660[0m - Loss: [93m    0.000092[0m
INFO -- Epoch: [95m12680[0m - Loss: [93m    0.000089[0m
INFO -- Epoch: [95m12700[0m - Loss: [93m    0.000087[0m
INFO -- Epoch: [95m12720[0m - Loss: [93m    0.000723[0m
INFO -- Epoch: [95m12740[0m - Loss: [93m    0.000119[0m
INFO -- Epoch: [95m12760[0m - Loss: [93m    0.000092[0m
INFO -- Epoch: [95m12780[0m - Loss: [93m    0.000088[0m
INFO -- Epoch: [95m12800[0m - Loss: [93m    0.000085[0m
INFO -- Epoch: [95m12820[0m - Loss: [93m    0.000083[0m
INFO -- Epoch: [95m12840[0m - Loss: [93m    0.000081[0m
INFO -- Epoch: [95m12860[0m - Loss: [93m    0.000079[0m
INFO -- Epoch: [95m12880[0m - Loss: [93m    0.000077[0m
INFO -- Epoch: [95m12900[0m - Loss: [93m    0.000075[0m
INFO -- Epoch: [95m12920[0m - Loss: [93m    0.000073[0m
INFO -- Epoch: [95m12940[0m - Loss: [93m    0.000071[0m
INFO -- Epoch: [95m12960[0m - Loss: [93m    0.000070[0m
INFO -- Epoch: [95m12980[0m - Loss: [93m    0.000068[0m
INFO -- Epoch: [95m13000[0m - Loss: [93m    0.000067[0m
INFO -- Epoch: [95m13020[0m - Loss: [93m    0.000066[0m
INFO -- Epoch: [95m13040[0m - Loss: [93m    0.000064[0m
INFO -- Epoch: [95m13060[0m - Loss: [93m    0.000063[0m
INFO -- Epoch: [95m13080[0m - Loss: [93m    0.000062[0m
INFO -- Epoch: [95m13100[0m - Loss: [93m    0.000060[0m
INFO -- Epoch: [95m13120[0m - Loss: [93m    0.000059[0m
INFO -- Epoch: [95m13140[0m - Loss: [93m    0.000058[0m
INFO -- Epoch: [95m13160[0m - Loss: [93m    0.000057[0m
INFO -- Epoch: [95m13180[0m - Loss: [93m    0.000056[0m
INFO -- Epoch: [95m13200[0m - Loss: [93m    0.000055[0m
INFO -- Epoch: [95m13220[0m - Loss: [93m    0.000054[0m
INFO -- Epoch: [95m13240[0m - Loss: [93m    0.000053[0m
INFO -- Epoch: [95m13260[0m - Loss: [93m    0.000052[0m
INFO -- Epoch: [95m13280[0m - Loss: [93m    0.000051[0m
INFO -- Epoch: [95m13300[0m - Loss: [93m    0.000050[0m
INFO -- Epoch: [95m13320[0m - Loss: [93m    0.000049[0m
INFO -- Epoch: [95m13340[0m - Loss: [93m    0.000048[0m
INFO -- Epoch: [95m13360[0m - Loss: [93m    0.000047[0m
INFO -- Epoch: [95m13380[0m - Loss: [93m    0.000046[0m
INFO -- Epoch: [95m13400[0m - Loss: [93m    0.001181[0m
INFO -- Epoch: [95m13420[0m - Loss: [93m    0.000163[0m
INFO -- Epoch: [95m13440[0m - Loss: [93m    0.000070[0m
INFO -- Epoch: [95m13460[0m - Loss: [93m    0.000054[0m
INFO -- Epoch: [95m13480[0m - Loss: [93m    0.000051[0m
INFO -- Epoch: [95m13500[0m - Loss: [93m    0.000050[0m
INFO -- Epoch: [95m13520[0m - Loss: [93m    0.000049[0m
INFO -- Epoch: [95m13540[0m - Loss: [93m    0.000048[0m
INFO -- Epoch: [95m13560[0m - Loss: [93m    0.000047[0m
INFO -- Epoch: [95m13580[0m - Loss: [93m    0.000046[0m
INFO -- Epoch: [95m13600[0m - Loss: [93m    0.000045[0m
INFO -- Epoch: [95m13620[0m - Loss: [93m    0.000045[0m
INFO -- Epoch: [95m13640[0m - Loss: [93m    0.000044[0m
INFO -- Epoch: [95m13660[0m - Loss: [93m    0.000043[0m
INFO -- Epoch: [95m13680[0m - Loss: [93m    0.000042[0m
INFO -- Epoch: [95m13700[0m - Loss: [93m    0.000041[0m
INFO -- Epoch: [95m13720[0m - Loss: [93m    0.000041[0m
INFO -- Epoch: [95m13740[0m - Loss: [93m    0.000040[0m
INFO -- Epoch: [95m13760[0m - Loss: [93m    0.000039[0m
INFO -- Epoch: [95m13780[0m - Loss: [93m    0.000038[0m
INFO -- Epoch: [95m13800[0m - Loss: [93m    0.000038[0m
INFO -- Epoch: [95m13820[0m - Loss: [93m    0.003361[0m
INFO -- Epoch: [95m13840[0m - Loss: [93m    0.000258[0m
INFO -- Epoch: [95m13860[0m - Loss: [93m    0.000075[0m
INFO -- Epoch: [95m13880[0m - Loss: [93m    0.000043[0m
INFO -- Epoch: [95m13900[0m - Loss: [93m    0.000040[0m
INFO -- Epoch: [95m13920[0m - Loss: [93m    0.000039[0m
INFO -- Epoch: [95m13940[0m - Loss: [93m    0.000038[0m
INFO -- Epoch: [95m13960[0m - Loss: [93m    0.000037[0m
INFO -- Epoch: [95m13980[0m - Loss: [93m    0.000037[0m
INFO -- Epoch: [95m14000[0m - Loss: [93m    0.000036[0m
INFO -- Epoch: [95m14020[0m - Loss: [93m    0.000035[0m
INFO -- Epoch: [95m14040[0m - Loss: [93m    0.000035[0m
INFO -- Epoch: [95m14060[0m - Loss: [93m    0.000034[0m
INFO -- Epoch: [95m14080[0m - Loss: [93m    0.000035[0m
INFO -- Epoch: [95m14100[0m - Loss: [93m    0.000572[0m
INFO -- Epoch: [95m14120[0m - Loss: [93m    0.000093[0m
INFO -- Epoch: [95m14140[0m - Loss: [93m    0.000045[0m
INFO -- Epoch: [95m14160[0m - Loss: [93m    0.000040[0m
INFO -- Epoch: [95m14180[0m - Loss: [93m    0.000038[0m
INFO -- Epoch: [95m14200[0m - Loss: [93m    0.000037[0m
INFO -- Epoch: [95m14220[0m - Loss: [93m    0.000036[0m
INFO -- Epoch: [95m14240[0m - Loss: [93m    0.000036[0m
INFO -- Epoch: [95m14260[0m - Loss: [93m    0.000035[0m
INFO -- Epoch: [95m14280[0m - Loss: [93m    0.000034[0m
INFO -- Epoch: [95m14300[0m - Loss: [93m    0.000034[0m
INFO -- Epoch: [95m14320[0m - Loss: [93m    0.000033[0m
INFO -- Epoch: [95m14340[0m - Loss: [93m    0.000033[0m
INFO -- Epoch: [95m14360[0m - Loss: [93m    0.000032[0m
INFO -- Epoch: [95m14380[0m - Loss: [93m    0.000859[0m
INFO -- Epoch: [95m14400[0m - Loss: [93m    0.000049[0m
INFO -- Epoch: [95m14420[0m - Loss: [93m    0.000057[0m
INFO -- Epoch: [95m14440[0m - Loss: [93m    0.000038[0m
INFO -- Epoch: [95m14460[0m - Loss: [93m    0.000034[0m
INFO -- Epoch: [95m14480[0m - Loss: [93m    0.000033[0m
INFO -- Epoch: [95m14500[0m - Loss: [93m    0.000033[0m
INFO -- Epoch: [95m14520[0m - Loss: [93m    0.000032[0m
INFO -- Epoch: [95m14540[0m - Loss: [93m    0.000032[0m
INFO -- Epoch: [95m14560[0m - Loss: [93m    0.000031[0m
INFO -- Epoch: [95m14580[0m - Loss: [93m    0.000030[0m
INFO -- Epoch: [95m14600[0m - Loss: [93m    0.000030[0m
INFO -- Epoch: [95m14620[0m - Loss: [93m    0.000029[0m
INFO -- Epoch: [95m14640[0m - Loss: [93m    0.000094[0m
INFO -- Epoch: [95m14660[0m - Loss: [93m    0.000353[0m
INFO -- Epoch: [95m14680[0m - Loss: [93m    0.000086[0m
INFO -- Epoch: [95m14700[0m - Loss: [93m    0.000040[0m
INFO -- Epoch: [95m14720[0m - Loss: [93m    0.000034[0m
INFO -- Epoch: [95m14740[0m - Loss: [93m    0.000034[0m
INFO -- Epoch: [95m14760[0m - Loss: [93m    0.000033[0m
INFO -- Epoch: [95m14780[0m - Loss: [93m    0.000032[0m
INFO -- Epoch: [95m14800[0m - Loss: [93m    0.000032[0m
INFO -- Epoch: [95m14820[0m - Loss: [93m    0.001229[0m
INFO -- Epoch: [95m14840[0m - Loss: [93m    0.000039[0m
INFO -- Epoch: [95m14860[0m - Loss: [93m    0.000033[0m
INFO -- Epoch: [95m14880[0m - Loss: [93m    0.000033[0m
INFO -- Epoch: [95m14900[0m - Loss: [93m    0.000031[0m
INFO -- Epoch: [95m14920[0m - Loss: [93m    0.000031[0m
INFO -- Epoch: [95m14940[0m - Loss: [93m    0.000030[0m
INFO -- Epoch: [95m14960[0m - Loss: [93m    0.000029[0m
INFO -- Epoch: [95m14980[0m - Loss: [93m    0.000029[0m
INFO -- Epoch: [95m15000[0m - Loss: [93m    0.000028[0m
INFO -- Epoch: [95m15020[0m - Loss: [93m    0.000028[0m
INFO -- Epoch: [95m15040[0m - Loss: [93m    0.000135[0m
INFO -- Epoch: [95m15060[0m - Loss: [93m    0.000760[0m
INFO -- Epoch: [95m15080[0m - Loss: [93m    0.000079[0m
INFO -- Epoch: [95m15100[0m - Loss: [93m    0.000040[0m
INFO -- Epoch: [95m15120[0m - Loss: [93m    0.000033[0m
INFO -- Epoch: [95m15140[0m - Loss: [93m    0.000031[0m
INFO -- Epoch: [95m15160[0m - Loss: [93m    0.000030[0m
INFO -- Epoch: [95m15180[0m - Loss: [93m    0.000029[0m
INFO -- Epoch: [95m15200[0m - Loss: [93m    0.000029[0m
INFO -- Epoch: [95m15220[0m - Loss: [93m    0.000034[0m
INFO -- Epoch: [95m15240[0m - Loss: [93m    0.000077[0m
INFO -- Epoch: [95m15260[0m - Loss: [93m    0.000034[0m
INFO -- Epoch: [95m15280[0m - Loss: [93m    0.000031[0m
INFO -- Epoch: [95m15300[0m - Loss: [93m    0.000031[0m
INFO -- Epoch: [95m15320[0m - Loss: [93m    0.000957[0m
INFO -- Epoch: [95m15340[0m - Loss: [93m    0.000172[0m
INFO -- Epoch: [95m15360[0m - Loss: [93m    0.000045[0m
INFO -- Epoch: [95m15380[0m - Loss: [93m    0.000031[0m
INFO -- Epoch: [95m15400[0m - Loss: [93m    0.000029[0m
INFO -- Epoch: [95m15420[0m - Loss: [93m    0.000028[0m
INFO -- Epoch: [95m15440[0m - Loss: [93m    0.000027[0m
INFO -- Epoch: [95m15460[0m - Loss: [93m    0.000027[0m
INFO -- Epoch: [95m15480[0m - Loss: [93m    0.000080[0m
INFO -- Epoch: [95m15500[0m - Loss: [93m    0.000068[0m
INFO -- Epoch: [95m15520[0m - Loss: [93m    0.000110[0m
INFO -- Epoch: [95m15540[0m - Loss: [93m    0.000040[0m
INFO -- Epoch: [95m15560[0m - Loss: [93m    0.000049[0m
INFO -- Epoch: [95m15580[0m - Loss: [93m    0.000251[0m
INFO -- Epoch: [95m15600[0m - Loss: [93m    0.000029[0m
INFO -- Epoch: [95m15620[0m - Loss: [93m    0.000029[0m
INFO -- Epoch: [95m15640[0m - Loss: [93m    0.000096[0m
INFO -- Epoch: [95m15660[0m - Loss: [93m    0.000159[0m
INFO -- Epoch: [95m15680[0m - Loss: [93m    0.000047[0m
INFO -- Epoch: [95m15700[0m - Loss: [93m    0.000027[0m
INFO -- Epoch: [95m15720[0m - Loss: [93m    0.000027[0m
INFO -- Epoch: [95m15740[0m - Loss: [93m    0.000036[0m
INFO -- Epoch: [95m15760[0m - Loss: [93m    0.000489[0m
INFO -- Epoch: [95m15780[0m - Loss: [93m    0.000079[0m
INFO -- Epoch: [95m15800[0m - Loss: [93m    0.000027[0m
INFO -- Epoch: [95m15820[0m - Loss: [93m    0.000067[0m
INFO -- Epoch: [95m15840[0m - Loss: [93m    0.000119[0m
INFO -- Epoch: [95m15860[0m - Loss: [93m    0.000030[0m
INFO -- Epoch: [95m15880[0m - Loss: [93m    0.000027[0m
INFO -- Epoch: [95m15900[0m - Loss: [93m    0.000026[0m
INFO -- Epoch: [95m15920[0m - Loss: [93m    0.000034[0m
INFO -- Epoch: [95m15940[0m - Loss: [93m    0.000334[0m
INFO -- Epoch: [95m15960[0m - Loss: [93m    0.000034[0m
INFO -- Epoch: [95m15980[0m - Loss: [93m    0.000029[0m
INFO -- Epoch: [95m16000[0m - Loss: [93m    0.000032[0m
INFO -- Epoch: [95m16020[0m - Loss: [93m    0.000039[0m
INFO -- Epoch: [95m16040[0m - Loss: [93m    0.000061[0m
INFO -- Epoch: [95m16060[0m - Loss: [93m    0.000027[0m
INFO -- Epoch: [95m16080[0m - Loss: [93m    0.000026[0m
INFO -- Epoch: [95m16100[0m - Loss: [93m    0.000027[0m
INFO -- Epoch: [95m16120[0m - Loss: [93m    0.000200[0m
INFO -- Epoch: [95m16140[0m - Loss: [93m    0.000082[0m
INFO -- Epoch: [95m16160[0m - Loss: [93m    0.000434[0m
INFO -- Epoch: [95m16180[0m - Loss: [93m    0.000028[0m
INFO -- Epoch: [95m16200[0m - Loss: [93m    0.000032[0m
INFO -- Epoch: [95m16220[0m - Loss: [93m    0.000027[0m
INFO -- Epoch: [95m16240[0m - Loss: [93m    0.000031[0m
INFO -- Epoch: [95m16260[0m - Loss: [93m    0.000045[0m
INFO -- Epoch: [95m16280[0m - Loss: [93m    0.000035[0m
INFO -- Epoch: [95m16300[0m - Loss: [93m    0.000028[0m
INFO -- Epoch: [95m16320[0m - Loss: [93m    0.000026[0m
INFO -- Epoch: [95m16340[0m - Loss: [93m    0.000025[0m
INFO -- Epoch: [95m16360[0m - Loss: [93m    0.000937[0m
INFO -- Epoch: [95m16380[0m - Loss: [93m    0.000592[0m
INFO -- Epoch: [95m16400[0m - Loss: [93m    0.000050[0m
INFO -- Epoch: [95m16420[0m - Loss: [93m    0.000031[0m
INFO -- Epoch: [95m16440[0m - Loss: [93m    0.000027[0m
INFO -- Epoch: [95m16460[0m - Loss: [93m    0.000027[0m
INFO -- Epoch: [95m16480[0m - Loss: [93m    0.000026[0m
INFO -- Epoch: [95m16500[0m - Loss: [93m    0.000025[0m
INFO -- Epoch: [95m16520[0m - Loss: [93m    0.000025[0m
INFO -- Epoch: [95m16540[0m - Loss: [93m    0.001196[0m
INFO -- Epoch: [95m16560[0m - Loss: [93m    0.000056[0m
INFO -- Epoch: [95m16580[0m - Loss: [93m    0.000040[0m
INFO -- Epoch: [95m16600[0m - Loss: [93m    0.000028[0m
INFO -- Epoch: [95m16620[0m - Loss: [93m    0.000026[0m
INFO -- Epoch: [95m16640[0m - Loss: [93m    0.000026[0m
INFO -- Epoch: [95m16660[0m - Loss: [93m    0.000798[0m
INFO -- Epoch: [95m16680[0m - Loss: [93m    0.000038[0m
INFO -- Epoch: [95m16700[0m - Loss: [93m    0.000029[0m
INFO -- Epoch: [95m16720[0m - Loss: [93m    0.000027[0m
INFO -- Epoch: [95m16740[0m - Loss: [93m    0.000024[0m
INFO -- Epoch: [95m16760[0m - Loss: [93m    0.000790[0m
INFO -- Epoch: [95m16780[0m - Loss: [93m    0.000132[0m
INFO -- Epoch: [95m16800[0m - Loss: [93m    0.000116[0m
INFO -- Epoch: [95m16820[0m - Loss: [93m    0.000038[0m
INFO -- Epoch: [95m16840[0m - Loss: [93m    0.000026[0m
INFO -- Epoch: [95m16860[0m - Loss: [93m    0.000027[0m
INFO -- Epoch: [95m16880[0m - Loss: [93m    0.000520[0m
INFO -- Epoch: [95m16900[0m - Loss: [93m    0.000095[0m
INFO -- Epoch: [95m16920[0m - Loss: [93m    0.000033[0m
INFO -- Epoch: [95m16940[0m - Loss: [93m    0.000026[0m
INFO -- Epoch: [95m16960[0m - Loss: [93m    0.000024[0m
INFO -- Epoch: [95m16980[0m - Loss: [93m    0.000417[0m
INFO -- Epoch: [95m17000[0m - Loss: [93m    0.000078[0m
INFO -- Epoch: [95m17020[0m - Loss: [93m    0.000061[0m
INFO -- Epoch: [95m17040[0m - Loss: [93m    0.000037[0m
INFO -- Epoch: [95m17060[0m - Loss: [93m    0.000031[0m
INFO -- Epoch: [95m17080[0m - Loss: [93m    0.000025[0m
INFO -- Epoch: [95m17100[0m - Loss: [93m    0.000025[0m
INFO -- Epoch: [95m17120[0m - Loss: [93m    0.000089[0m
INFO -- Epoch: [95m17140[0m - Loss: [93m    0.000035[0m
INFO -- Epoch: [95m17160[0m - Loss: [93m    0.000033[0m
INFO -- Epoch: [95m17180[0m - Loss: [93m    0.000047[0m
INFO -- Epoch: [95m17200[0m - Loss: [93m    0.000056[0m
INFO -- Epoch: [95m17220[0m - Loss: [93m    0.000179[0m
INFO -- Epoch: [95m17240[0m - Loss: [93m    0.000045[0m
INFO -- Epoch: [95m17260[0m - Loss: [93m    0.000027[0m
INFO -- Epoch: [95m17280[0m - Loss: [93m    0.000025[0m
INFO -- Epoch: [95m17300[0m - Loss: [93m    0.000024[0m
INFO -- Epoch: [95m17320[0m - Loss: [93m    0.000024[0m
INFO -- Epoch: [95m17340[0m - Loss: [93m    0.000223[0m
INFO -- Epoch: [95m17360[0m - Loss: [93m    0.000047[0m
INFO -- Epoch: [95m17380[0m - Loss: [93m    0.000027[0m
INFO -- Epoch: [95m17400[0m - Loss: [93m    0.000025[0m
INFO -- Epoch: [95m17420[0m - Loss: [93m    0.000582[0m
INFO -- Epoch: [95m17440[0m - Loss: [93m    0.000036[0m
INFO -- Epoch: [95m17460[0m - Loss: [93m    0.000026[0m
INFO -- Epoch: [95m17480[0m - Loss: [93m    0.000025[0m
INFO -- Epoch: [95m17500[0m - Loss: [93m    0.000245[0m
INFO -- Epoch: [95m17520[0m - Loss: [93m    0.000047[0m
INFO -- Epoch: [95m17540[0m - Loss: [93m    0.000049[0m
INFO -- Epoch: [95m17560[0m - Loss: [93m    0.000076[0m
INFO -- Epoch: [95m17580[0m - Loss: [93m    0.000045[0m
INFO -- Epoch: [95m17600[0m - Loss: [93m    0.000235[0m
INFO -- Epoch: [95m17620[0m - Loss: [93m    0.000349[0m
INFO -- Epoch: [95m17640[0m - Loss: [93m    0.000043[0m
INFO -- Epoch: [95m17660[0m - Loss: [93m    0.000027[0m
INFO -- Epoch: [95m17680[0m - Loss: [93m    0.000028[0m
INFO -- Epoch: [95m17700[0m - Loss: [93m    0.000365[0m
INFO -- Epoch: [95m17720[0m - Loss: [93m    0.000049[0m
INFO -- Epoch: [95m17740[0m - Loss: [93m    0.000029[0m
INFO -- Epoch: [95m17760[0m - Loss: [93m    0.000085[0m
INFO -- Epoch: [95m17780[0m - Loss: [93m    0.000127[0m
INFO -- Epoch: [95m17800[0m - Loss: [93m    0.000078[0m
INFO -- Epoch: [95m17820[0m - Loss: [93m    0.000032[0m
INFO -- Epoch: [95m17840[0m - Loss: [93m    0.000118[0m
INFO -- Epoch: [95m17860[0m - Loss: [93m    0.000066[0m
INFO -- Epoch: [95m17880[0m - Loss: [93m    0.000034[0m
INFO -- Epoch: [95m17900[0m - Loss: [93m    0.000120[0m
INFO -- Epoch: [95m17920[0m - Loss: [93m    0.000341[0m
INFO -- Epoch: [95m17940[0m - Loss: [93m    0.000056[0m
INFO -- Epoch: [95m17960[0m - Loss: [93m    0.000047[0m
INFO -- Epoch: [95m17980[0m - Loss: [93m    0.000041[0m
INFO -- Epoch: [95m18000[0m - Loss: [93m    0.000025[0m
INFO -- Epoch: [95m18020[0m - Loss: [93m    0.000048[0m
INFO -- Epoch: [95m18040[0m - Loss: [93m    0.000110[0m
INFO -- Epoch: [95m18060[0m - Loss: [93m    0.000110[0m
INFO -- Epoch: [95m18080[0m - Loss: [93m    0.000029[0m
INFO -- Epoch: [95m18100[0m - Loss: [93m    0.000025[0m
INFO -- Epoch: [95m18120[0m - Loss: [93m    0.000634[0m
INFO -- Epoch: [95m18140[0m - Loss: [93m    0.000063[0m
INFO -- Epoch: [95m18160[0m - Loss: [93m    0.000039[0m
INFO -- Epoch: [95m18180[0m - Loss: [93m    0.000057[0m
INFO -- Epoch: [95m18200[0m - Loss: [93m    0.000116[0m
INFO -- Epoch: [95m18220[0m - Loss: [93m    0.000062[0m
INFO -- Epoch: [95m18240[0m - Loss: [93m    0.000115[0m
INFO -- Epoch: [95m18260[0m - Loss: [93m    0.000138[0m
INFO -- Epoch: [95m18280[0m - Loss: [93m    0.000036[0m
INFO -- Epoch: [95m18300[0m - Loss: [93m    0.000110[0m
INFO -- Epoch: [95m18320[0m - Loss: [93m    0.001154[0m
INFO -- Epoch: [95m18340[0m - Loss: [93m    0.042823[0m
INFO -- Epoch: [95m18360[0m - Loss: [93m    0.009004[0m
INFO -- Epoch: [95m18380[0m - Loss: [93m    0.001146[0m
INFO -- Epoch: [95m18400[0m - Loss: [93m    0.000308[0m
INFO -- Epoch: [95m18420[0m - Loss: [93m    0.000204[0m
INFO -- Epoch: [95m18440[0m - Loss: [93m    0.000188[0m
INFO -- Epoch: [95m18460[0m - Loss: [93m    0.000179[0m
INFO -- Epoch: [95m18480[0m - Loss: [93m    0.000170[0m
INFO -- Epoch: [95m18500[0m - Loss: [93m    0.000163[0m
INFO -- Epoch: [95m18520[0m - Loss: [93m    0.000156[0m
INFO -- Epoch: [95m18540[0m - Loss: [93m    0.000150[0m
INFO -- Epoch: [95m18560[0m - Loss: [93m    0.000144[0m
INFO -- Epoch: [95m18580[0m - Loss: [93m    0.000138[0m
INFO -- Epoch: [95m18600[0m - Loss: [93m    0.000133[0m
INFO -- Epoch: [95m18620[0m - Loss: [93m    0.000128[0m
INFO -- Epoch: [95m18640[0m - Loss: [93m    0.000124[0m
INFO -- Epoch: [95m18660[0m - Loss: [93m    0.000119[0m
INFO -- Epoch: [95m18680[0m - Loss: [93m    0.000115[0m
INFO -- Epoch: [95m18700[0m - Loss: [93m    0.000111[0m
INFO -- Epoch: [95m18720[0m - Loss: [93m    0.000107[0m
INFO -- Epoch: [95m18740[0m - Loss: [93m    0.000104[0m
INFO -- Epoch: [95m18760[0m - Loss: [93m    0.000100[0m
INFO -- Epoch: [95m18780[0m - Loss: [93m    0.000097[0m
INFO -- Epoch: [95m18800[0m - Loss: [93m    0.000094[0m
INFO -- Epoch: [95m18820[0m - Loss: [93m    0.000090[0m
INFO -- Epoch: [95m18840[0m - Loss: [93m    0.000087[0m
INFO -- Epoch: [95m18860[0m - Loss: [93m    0.000084[0m
INFO -- Epoch: [95m18880[0m - Loss: [93m    0.000082[0m
INFO -- Epoch: [95m18900[0m - Loss: [93m    0.000079[0m
INFO -- Epoch: [95m18920[0m - Loss: [93m    0.000081[0m
INFO -- Epoch: [95m18940[0m - Loss: [93m    0.000478[0m
INFO -- Epoch: [95m18960[0m - Loss: [93m    0.000124[0m
INFO -- Epoch: [95m18980[0m - Loss: [93m    0.000094[0m
INFO -- Epoch: [95m19000[0m - Loss: [93m    0.000086[0m
INFO -- Epoch: [95m19020[0m - Loss: [93m    0.000082[0m
INFO -- Epoch: [95m19040[0m - Loss: [93m    0.000079[0m
INFO -- Epoch: [95m19060[0m - Loss: [93m    0.000077[0m
INFO -- Epoch: [95m19080[0m - Loss: [93m    0.000074[0m
INFO -- Epoch: [95m19100[0m - Loss: [93m    0.000072[0m
INFO -- Epoch: [95m19120[0m - Loss: [93m    0.000069[0m
INFO -- Epoch: [95m19140[0m - Loss: [93m    0.000067[0m
INFO -- Epoch: [95m19160[0m - Loss: [93m    0.000065[0m
INFO -- Epoch: [95m19180[0m - Loss: [93m    0.000063[0m
INFO -- Epoch: [95m19200[0m - Loss: [93m    0.000061[0m
INFO -- Epoch: [95m19220[0m - Loss: [93m    0.000059[0m
INFO -- Epoch: [95m19240[0m - Loss: [93m    0.000057[0m
INFO -- Epoch: [95m19260[0m - Loss: [93m    0.000055[0m
INFO -- Epoch: [95m19280[0m - Loss: [93m    0.000053[0m
INFO -- Epoch: [95m19300[0m - Loss: [93m    0.000051[0m
INFO -- Epoch: [95m19320[0m - Loss: [93m    0.000050[0m
INFO -- Epoch: [95m19340[0m - Loss: [93m    0.000048[0m
INFO -- Epoch: [95m19360[0m - Loss: [93m    0.000046[0m
INFO -- Epoch: [95m19380[0m - Loss: [93m    0.003361[0m
INFO -- Epoch: [95m19400[0m - Loss: [93m    0.000192[0m
INFO -- Epoch: [95m19420[0m - Loss: [93m    0.000100[0m
INFO -- Epoch: [95m19440[0m - Loss: [93m    0.000081[0m
INFO -- Epoch: [95m19460[0m - Loss: [93m    0.000074[0m
INFO -- Epoch: [95m19480[0m - Loss: [93m    0.000071[0m
INFO -- Epoch: [95m19500[0m - Loss: [93m    0.000069[0m
INFO -- Epoch: [95m19520[0m - Loss: [93m    0.000066[0m
INFO -- Epoch: [95m19540[0m - Loss: [93m    0.000064[0m
INFO -- Epoch: [95m19560[0m - Loss: [93m    0.000062[0m
INFO -- Epoch: [95m19580[0m - Loss: [93m    0.000060[0m
INFO -- Epoch: [95m19600[0m - Loss: [93m    0.000058[0m
INFO -- Epoch: [95m19620[0m - Loss: [93m    0.000056[0m
INFO -- Epoch: [95m19640[0m - Loss: [93m    0.000054[0m
INFO -- Epoch: [95m19660[0m - Loss: [93m    0.000052[0m
INFO -- Epoch: [95m19680[0m - Loss: [93m    0.000051[0m
INFO -- Epoch: [95m19700[0m - Loss: [93m    0.000049[0m
INFO -- Epoch: [95m19720[0m - Loss: [93m    0.000048[0m
INFO -- Epoch: [95m19740[0m - Loss: [93m    0.000046[0m
INFO -- Epoch: [95m19760[0m - Loss: [93m    0.000044[0m
INFO -- Epoch: [95m19780[0m - Loss: [93m    0.000043[0m
INFO -- Epoch: [95m19800[0m - Loss: [93m    0.000042[0m
INFO -- Epoch: [95m19820[0m - Loss: [93m    0.000040[0m
INFO -- Epoch: [95m19840[0m - Loss: [93m    0.000039[0m
INFO -- Epoch: [95m19860[0m - Loss: [93m    0.000038[0m
INFO -- Epoch: [95m19880[0m - Loss: [93m    0.000036[0m
INFO -- Epoch: [95m19900[0m - Loss: [93m    0.000035[0m
INFO -- Epoch: [95m19920[0m - Loss: [93m    0.000034[0m
INFO -- Epoch: [95m19940[0m - Loss: [93m    0.000033[0m
INFO -- Epoch: [95m19960[0m - Loss: [93m    0.000032[0m
INFO -- Epoch: [95m19980[0m - Loss: [93m    0.000353[0m
INFO -- Epoch: [95m20000[0m - Loss: [93m    0.000330[0m
INFO -- Saving model to [93mmodels/2022-12-19_16-31-17/loss_fn_weak_and_strong.pt[0m
INFO -- Creating plots and saving to files. Dimensions: 2
