INFO -- Device: cpu
INFO -- 
INFO -- ================================================================================
INFO -- Learning parameters
INFO -- Length:                                           [92m1.0[0m
INFO -- Total time:                                       [92m1.0[0m
INFO -- Number of points in x:                            [92m150[0m
INFO -- Number of points in t:                            [92m150[0m
INFO -- Number of points in initial condition:            [92m300[0m
INFO -- Weight for interior loss:                         [92m0.5[0m
INFO -- Weight for initial condition loss:                [92m150.0[0m
INFO -- Weight for boundary loss:                         [92m1.0[0m
INFO -- Layers:                                           [92m2[0m
INFO -- Neurons per layer:                                [92m60[0m
INFO -- Epochs:                                           [92m50000[0m
INFO -- Learning rate:                                    [92m0.0025[0m
INFO -- ================================================================================
INFO -- 
INFO -- Creating PINN with [92m2[0m layers and [92m60[0m neurons per layer
INFO -- Computing initial condition loss
INFO -- Initial condition loss weak:                      [92m0.19188[0m
INFO -- Initial condition loss strong:                    [92m0.19188[0m
INFO -- Initial condition loss weak and strong:           [92m0.19188[0m
INFO -- Initial condition loss colocation:                [92m0.19270[0m
INFO -- Training PINN for [93m50000[0m epochs using [93mloss_fn_weak[0m loss function
INFO -- Epoch: [95m20[0m - Loss: [93m0.178332[0m
INFO -- Epoch: [95m40[0m - Loss: [93m0.165956[0m
INFO -- Epoch: [95m60[0m - Loss: [93m0.139132[0m
INFO -- Epoch: [95m80[0m - Loss: [93m0.076299[0m
INFO -- Epoch: [95m100[0m - Loss: [93m0.008260[0m
INFO -- Epoch: [95m120[0m - Loss: [93m0.002343[0m
INFO -- Training interrupted by user at epoch [91m125[0m
INFO -- Computing final loss
INFO -- Total loss:                                       [92m0.00282[0m    (2.820E-03)
INFO -- Interior loss:                                    [92m0.00000[0m    (0.000E+00)
INFO -- Initial loss:                                     [92m0.00262[0m    (2.624E-03)
INFO -- Bondary loss:                                     [92m0.00020[0m    (1.967E-04)
