INFO -- Device: cuda
INFO -- 
INFO -- ================================================================================
INFO -- Learning parameters
INFO -- Length:                                           [92m1.0[0m
INFO -- Total time:                                       [92m1.0[0m
INFO -- Number of points in x:                            [92m50[0m
INFO -- Number of points in t:                            [92m50[0m
INFO -- Number of points in initial condition:            [92m150[0m
INFO -- Weight for interior loss:                         [92m0.5[0m
INFO -- Weight for initial condition loss:                [92m150.0[0m
INFO -- Weight for boundary loss:                         [92m1.0[0m
INFO -- Layers:                                           [92m2[0m
INFO -- Neurons per layer:                                [92m60[0m
INFO -- Epochs:                                           [92m50000[0m
INFO -- Learning rate:                                    [92m0.0025[0m
INFO -- ================================================================================
INFO -- 
INFO -- Creating PINN with [92m2[0m layers and [92m60[0m neurons per layer
INFO -- Computing initial condition loss
INFO -- Initial condition loss weak:                      [92m0.217018336058[0m
INFO -- Initial condition loss strong:                    [92m0.217018336058[0m
INFO -- Initial condition loss weak and strong:           [92m0.217018336058[0m
INFO -- Initial condition loss colocation:                [92m0.217059358954[0m
INFO -- Training PINN for [93m50000[0m epochs using [93mloss_fn_weak[0m loss function
INFO -- Epoch: [95m20[0m - Loss: [93m    0.193352[0m
INFO -- Epoch: [95m40[0m - Loss: [93m    0.183114[0m
INFO -- Epoch: [95m60[0m - Loss: [93m    0.170135[0m
INFO -- Epoch: [95m80[0m - Loss: [93m    0.138596[0m
INFO -- Epoch: [95m100[0m - Loss: [93m    0.066095[0m
INFO -- Epoch: [95m120[0m - Loss: [93m    0.004156[0m
INFO -- Epoch: [95m140[0m - Loss: [93m    0.001228[0m
INFO -- Epoch: [95m160[0m - Loss: [93m    0.000631[0m
INFO -- Epoch: [95m180[0m - Loss: [93m    0.000403[0m
INFO -- Epoch: [95m200[0m - Loss: [93m    0.000873[0m
INFO -- Epoch: [95m220[0m - Loss: [93m    0.000435[0m
INFO -- Epoch: [95m240[0m - Loss: [93m    0.000254[0m
INFO -- Epoch: [95m260[0m - Loss: [93m    0.000258[0m
INFO -- Epoch: [95m280[0m - Loss: [93m    0.000738[0m
INFO -- Epoch: [95m300[0m - Loss: [93m    0.000243[0m
INFO -- Epoch: [95m320[0m - Loss: [93m    0.000150[0m
INFO -- Epoch: [95m340[0m - Loss: [93m    0.000126[0m
INFO -- Epoch: [95m360[0m - Loss: [93m    0.002481[0m
INFO -- Epoch: [95m380[0m - Loss: [93m    0.000134[0m
INFO -- Epoch: [95m400[0m - Loss: [93m    0.000119[0m
INFO -- Epoch: [95m420[0m - Loss: [93m    0.000076[0m
INFO -- Epoch: [95m440[0m - Loss: [93m    0.000064[0m
INFO -- Epoch: [95m460[0m - Loss: [93m    0.000082[0m
INFO -- Epoch: [95m480[0m - Loss: [93m    0.000262[0m
INFO -- Epoch: [95m500[0m - Loss: [93m    0.000057[0m
INFO -- Epoch: [95m520[0m - Loss: [93m    0.000051[0m
INFO -- Epoch: [95m540[0m - Loss: [93m    0.000037[0m
INFO -- Epoch: [95m560[0m - Loss: [93m    0.000033[0m
INFO -- Epoch: [95m580[0m - Loss: [93m    0.000029[0m
INFO -- Epoch: [95m600[0m - Loss: [93m    0.000043[0m
INFO -- Epoch: [95m620[0m - Loss: [93m    0.000275[0m
INFO -- Epoch: [95m640[0m - Loss: [93m    0.000202[0m
INFO -- Epoch: [95m660[0m - Loss: [93m    0.000027[0m
INFO -- Epoch: [95m680[0m - Loss: [93m    0.000020[0m
INFO -- Epoch: [95m700[0m - Loss: [93m    0.000018[0m
INFO -- Epoch: [95m720[0m - Loss: [93m    0.000016[0m
INFO -- Epoch: [95m740[0m - Loss: [93m    0.000014[0m
INFO -- Epoch: [95m760[0m - Loss: [93m    0.000013[0m
INFO -- Training interrupted by user at epoch [91m767[0m
INFO -- Computing final loss
INFO -- Total loss:                                       [92m0.00002[0m    (2.399E-05)
INFO -- Interior loss:                                    [92m0.00000[0m    (0.000E+00)
INFO -- Initial loss:                                     [92m0.00002[0m    (2.271E-05)
INFO -- Bondary loss:                                     [92m0.00000[0m    (1.278E-06)
