INFO -- Device: cpu
INFO -- 
INFO -- ================================================================================
INFO -- Learning parameters
INFO -- Length:                                           [92m1.0[0m
INFO -- Total time:                                       [92m1.0[0m
INFO -- Number of points in x:                            [92m150[0m
INFO -- Number of points in t:                            [92m150[0m
INFO -- Number of points in initial condition:            [92m300[0m
INFO -- Weight for interior loss:                         [92m0.5[0m
INFO -- Weight for initial condition loss:                [92m150.0[0m
INFO -- Weight for boundary loss:                         [92m1.0[0m
INFO -- Layers:                                           [92m2[0m
INFO -- Neurons per layer:                                [92m60[0m
INFO -- Epochs:                                           [92m50000[0m
INFO -- Learning rate:                                    [92m0.0025[0m
INFO -- ================================================================================
INFO -- 
INFO -- Creating PINN with [92m2[0m layers and [92m60[0m neurons per layer
INFO -- Computing initial condition loss
INFO -- Initial condition loss weak:                      [92m0.25721[0m
INFO -- Initial condition loss strong:                    [92m0.25721[0m
INFO -- Initial condition loss weak and strong:           [92m0.25721[0m
INFO -- Initial condition loss colocation:                [92m0.25772[0m
INFO -- Training PINN for [93m50000[0m epochs using [93mloss_fn_weak[0m loss function
INFO -- Training interrupted by user at epoch [91m14[0m
INFO -- Computing final loss
INFO -- Total loss:                                       [92m0.36885[0m    (3.688E-01)
INFO -- Interior loss:                                    [92m0.00000[0m    (0.000E+00)
INFO -- Initial loss:                                     [92m0.35631[0m    (3.563E-01)
INFO -- Bondary loss:                                     [92m0.01254[0m    (1.254E-02)
INFO -- Training PINN for [93m50000[0m epochs using [93mloss_fn_strong[0m loss function
INFO -- Training interrupted by user at epoch [91m5[0m
INFO -- Computing final loss
INFO -- Total loss:                                       [92m0.43160[0m    (4.316E-01)
INFO -- Interior loss:                                    [92m0.00000[0m    (0.000E+00)
INFO -- Initial loss:                                     [92m0.42280[0m    (4.228E-01)
INFO -- Bondary loss:                                     [92m0.00880[0m    (8.797E-03)
INFO -- Training PINN for [93m50000[0m epochs using [93mloss_fn_weak_and_strong[0m loss function
INFO -- Training interrupted by user at epoch [91m4[0m
INFO -- Computing final loss
INFO -- Total loss:                                       [92m0.32534[0m    (3.253E-01)
INFO -- Interior loss:                                    [92m0.00000[0m    (0.000E+00)
INFO -- Initial loss:                                     [92m0.27525[0m    (2.753E-01)
INFO -- Bondary loss:                                     [92m0.05009[0m    (5.009E-02)
INFO -- Training PINN for [93m50000[0m epochs using [93mloss_fn_colocation[0m loss function
INFO -- Training interrupted by user at epoch [91m5[0m
INFO -- Computing final loss
INFO -- Total loss:                                       [92m0.32159[0m    (3.216E-01)
INFO -- Interior loss:                                    [92m0.00000[0m    (0.000E+00)
INFO -- Initial loss:                                     [92m0.21572[0m    (2.157E-01)
INFO -- Bondary loss:                                     [92m0.10587[0m    (1.059E-01)
