INFO -- Device: cuda
INFO -- 
INFO -- ================================================================================
INFO -- Learning parameters
INFO -- Length:                                           [92m1.0[0m
INFO -- Total time:                                       [92m1.0[0m
INFO -- Number of points in x:                            [92m50[0m
INFO -- Number of points in initial condition:            [92m150[0m
INFO -- Weight for interior loss:                         [92m0.5[0m
INFO -- Weight for initial condition loss:                [92m150.0[0m
INFO -- Weight for boundary loss:                         [92m1.0[0m
INFO -- Layers:                                           [92m2[0m
INFO -- Neurons per layer:                                [92m60[0m
INFO -- Epochs:                                           [92m50000[0m
INFO -- Learning rate:                                    [92m0.0025[0m
INFO -- ================================================================================
INFO -- 
INFO -- Creating PINN with [92m2[0m layers and [92m60[0m neurons per layer
INFO -- Computing initial condition loss
INFO -- Training PINN for [93m50000[0m epochs using [93mloss_fn_colocation[0m loss function
INFO -- Epoch: [95m20[0m - Loss: [93m    0.192045[0m
INFO -- Epoch: [95m40[0m - Loss: [93m    0.180292[0m
INFO -- Epoch: [95m60[0m - Loss: [93m    0.179981[0m
INFO -- Epoch: [95m80[0m - Loss: [93m    0.179766[0m
INFO -- Epoch: [95m100[0m - Loss: [93m    0.180004[0m
INFO -- Epoch: [95m120[0m - Loss: [93m    0.179985[0m
INFO -- Epoch: [95m140[0m - Loss: [93m    0.179888[0m
INFO -- Epoch: [95m160[0m - Loss: [93m    0.179721[0m
INFO -- Epoch: [95m180[0m - Loss: [93m    0.179987[0m
INFO -- Epoch: [95m200[0m - Loss: [93m    0.179908[0m
INFO -- Epoch: [95m220[0m - Loss: [93m    0.179703[0m
INFO -- Epoch: [95m240[0m - Loss: [93m    0.179820[0m
INFO -- Epoch: [95m260[0m - Loss: [93m    0.179870[0m
INFO -- Epoch: [95m280[0m - Loss: [93m    0.179828[0m
INFO -- Epoch: [95m300[0m - Loss: [93m    0.179784[0m
INFO -- Epoch: [95m320[0m - Loss: [93m    0.180309[0m
INFO -- Epoch: [95m340[0m - Loss: [93m    0.179712[0m
INFO -- Epoch: [95m360[0m - Loss: [93m    0.179691[0m
INFO -- Epoch: [95m380[0m - Loss: [93m    0.179762[0m
INFO -- Epoch: [95m400[0m - Loss: [93m    0.179950[0m
INFO -- Epoch: [95m420[0m - Loss: [93m    0.179854[0m
INFO -- Epoch: [95m440[0m - Loss: [93m    0.179866[0m
INFO -- Epoch: [95m460[0m - Loss: [93m    0.179782[0m
INFO -- Epoch: [95m480[0m - Loss: [93m    0.179725[0m
INFO -- Epoch: [95m500[0m - Loss: [93m    0.179814[0m
INFO -- Epoch: [95m520[0m - Loss: [93m    0.179666[0m
INFO -- Epoch: [95m540[0m - Loss: [93m    0.180003[0m
INFO -- Epoch: [95m560[0m - Loss: [93m    0.179944[0m
INFO -- Epoch: [95m580[0m - Loss: [93m    0.179679[0m
INFO -- Epoch: [95m600[0m - Loss: [93m    0.179932[0m
INFO -- Epoch: [95m620[0m - Loss: [93m    0.179688[0m
INFO -- Epoch: [95m640[0m - Loss: [93m    0.179854[0m
INFO -- Epoch: [95m660[0m - Loss: [93m    0.179661[0m
INFO -- Epoch: [95m680[0m - Loss: [93m    0.179642[0m
INFO -- Epoch: [95m700[0m - Loss: [93m    0.179839[0m
INFO -- Epoch: [95m720[0m - Loss: [93m    0.179775[0m
INFO -- Epoch: [95m740[0m - Loss: [93m    0.179735[0m
INFO -- Epoch: [95m760[0m - Loss: [93m    0.179906[0m
INFO -- Epoch: [95m780[0m - Loss: [93m    0.179959[0m
INFO -- Epoch: [95m800[0m - Loss: [93m    0.180084[0m
INFO -- Epoch: [95m820[0m - Loss: [93m    0.179655[0m
INFO -- Epoch: [95m840[0m - Loss: [93m    0.179908[0m
INFO -- Epoch: [95m860[0m - Loss: [93m    0.179615[0m
INFO -- Epoch: [95m880[0m - Loss: [93m    0.179819[0m
INFO -- Epoch: [95m900[0m - Loss: [93m    0.180032[0m
INFO -- Epoch: [95m920[0m - Loss: [93m    0.179676[0m
INFO -- Epoch: [95m940[0m - Loss: [93m    0.179727[0m
INFO -- Epoch: [95m960[0m - Loss: [93m    0.179535[0m
INFO -- Epoch: [95m980[0m - Loss: [93m    0.179992[0m
INFO -- Epoch: [95m1000[0m - Loss: [93m    0.179555[0m
INFO -- Epoch: [95m1020[0m - Loss: [93m    0.179584[0m
INFO -- Epoch: [95m1040[0m - Loss: [93m    0.179475[0m
INFO -- Epoch: [95m1060[0m - Loss: [93m    0.179732[0m
INFO -- Epoch: [95m1080[0m - Loss: [93m    0.179736[0m
INFO -- Epoch: [95m1100[0m - Loss: [93m    0.179656[0m
INFO -- Epoch: [95m1120[0m - Loss: [93m    0.179478[0m
INFO -- Epoch: [95m1140[0m - Loss: [93m    0.179537[0m
INFO -- Epoch: [95m1160[0m - Loss: [93m    0.179385[0m
INFO -- Epoch: [95m1180[0m - Loss: [93m    0.179330[0m
INFO -- Epoch: [95m1200[0m - Loss: [93m    0.179335[0m
INFO -- Epoch: [95m1220[0m - Loss: [93m    0.179343[0m
INFO -- Epoch: [95m1240[0m - Loss: [93m    0.179366[0m
INFO -- Epoch: [95m1260[0m - Loss: [93m    0.179356[0m
INFO -- Epoch: [95m1280[0m - Loss: [93m    0.179401[0m
INFO -- Epoch: [95m1300[0m - Loss: [93m    0.179372[0m
INFO -- Epoch: [95m1320[0m - Loss: [93m    0.179358[0m
INFO -- Epoch: [95m1340[0m - Loss: [93m    0.179409[0m
INFO -- Epoch: [95m1360[0m - Loss: [93m    0.179389[0m
INFO -- Epoch: [95m1380[0m - Loss: [93m    0.179283[0m
INFO -- Epoch: [95m1400[0m - Loss: [93m    0.179371[0m
INFO -- Epoch: [95m1420[0m - Loss: [93m    0.179298[0m
INFO -- Epoch: [95m1440[0m - Loss: [93m    0.179338[0m
INFO -- Epoch: [95m1460[0m - Loss: [93m    0.179306[0m
INFO -- Epoch: [95m1480[0m - Loss: [93m    0.179391[0m
INFO -- Epoch: [95m1500[0m - Loss: [93m    0.179338[0m
INFO -- Epoch: [95m1520[0m - Loss: [93m    0.179415[0m
INFO -- Epoch: [95m1540[0m - Loss: [93m    0.179278[0m
INFO -- Epoch: [95m1560[0m - Loss: [93m    0.179354[0m
INFO -- Epoch: [95m1580[0m - Loss: [93m    0.179369[0m
INFO -- Epoch: [95m1600[0m - Loss: [93m    0.179290[0m
INFO -- Epoch: [95m1620[0m - Loss: [93m    0.179324[0m
INFO -- Epoch: [95m1640[0m - Loss: [93m    0.179303[0m
INFO -- Epoch: [95m1660[0m - Loss: [93m    0.179392[0m
INFO -- Epoch: [95m1680[0m - Loss: [93m    0.179354[0m
INFO -- Epoch: [95m1700[0m - Loss: [93m    0.179322[0m
INFO -- Epoch: [95m1720[0m - Loss: [93m    0.179340[0m
INFO -- Epoch: [95m1740[0m - Loss: [93m    0.179406[0m
INFO -- Epoch: [95m1760[0m - Loss: [93m    0.179325[0m
INFO -- Epoch: [95m1780[0m - Loss: [93m    0.179410[0m
INFO -- Epoch: [95m1800[0m - Loss: [93m    0.179324[0m
INFO -- Epoch: [95m1820[0m - Loss: [93m    0.179349[0m
INFO -- Epoch: [95m1840[0m - Loss: [93m    0.179276[0m
INFO -- Epoch: [95m1860[0m - Loss: [93m    0.179329[0m
INFO -- Epoch: [95m1880[0m - Loss: [93m    0.179356[0m
INFO -- Epoch: [95m1900[0m - Loss: [93m    0.179344[0m
INFO -- Epoch: [95m1920[0m - Loss: [93m    0.179318[0m
INFO -- Epoch: [95m1940[0m - Loss: [93m    0.179336[0m
INFO -- Epoch: [95m1960[0m - Loss: [93m    0.179270[0m
INFO -- Epoch: [95m1980[0m - Loss: [93m    0.179379[0m
INFO -- Epoch: [95m2000[0m - Loss: [93m    0.179345[0m
INFO -- Epoch: [95m2020[0m - Loss: [93m    0.179421[0m
INFO -- Epoch: [95m2040[0m - Loss: [93m    0.179407[0m
INFO -- Epoch: [95m2060[0m - Loss: [93m    0.179264[0m
INFO -- Epoch: [95m2080[0m - Loss: [93m    0.179311[0m
INFO -- Epoch: [95m2100[0m - Loss: [93m    0.179236[0m
INFO -- Epoch: [95m2120[0m - Loss: [93m    0.179326[0m
INFO -- Epoch: [95m2140[0m - Loss: [93m    0.179334[0m
INFO -- Epoch: [95m2160[0m - Loss: [93m    0.179416[0m
INFO -- Epoch: [95m2180[0m - Loss: [93m    0.179271[0m
INFO -- Epoch: [95m2200[0m - Loss: [93m    0.179383[0m
INFO -- Epoch: [95m2220[0m - Loss: [93m    0.179358[0m
INFO -- Epoch: [95m2240[0m - Loss: [93m    0.179380[0m
INFO -- Epoch: [95m2260[0m - Loss: [93m    0.179275[0m
INFO -- Epoch: [95m2280[0m - Loss: [93m    0.179397[0m
INFO -- Epoch: [95m2300[0m - Loss: [93m    0.179351[0m
INFO -- Epoch: [95m2320[0m - Loss: [93m    0.179388[0m
INFO -- Epoch: [95m2340[0m - Loss: [93m    0.179381[0m
INFO -- Epoch: [95m2360[0m - Loss: [93m    0.179304[0m
INFO -- Epoch: [95m2380[0m - Loss: [93m    0.179479[0m
INFO -- Epoch: [95m2400[0m - Loss: [93m    0.179369[0m
INFO -- Epoch: [95m2420[0m - Loss: [93m    0.179362[0m
INFO -- Epoch: [95m2440[0m - Loss: [93m    0.179320[0m
INFO -- Epoch: [95m2460[0m - Loss: [93m    0.179378[0m
INFO -- Epoch: [95m2480[0m - Loss: [93m    0.179326[0m
INFO -- Epoch: [95m2500[0m - Loss: [93m    0.179369[0m
INFO -- Epoch: [95m2520[0m - Loss: [93m    0.179321[0m
INFO -- Epoch: [95m2540[0m - Loss: [93m    0.179303[0m
INFO -- Epoch: [95m2560[0m - Loss: [93m    0.179350[0m
INFO -- Epoch: [95m2580[0m - Loss: [93m    0.179299[0m
INFO -- Epoch: [95m2600[0m - Loss: [93m    0.179383[0m
INFO -- Epoch: [95m2620[0m - Loss: [93m    0.179334[0m
INFO -- Epoch: [95m2640[0m - Loss: [93m    0.179331[0m
INFO -- Epoch: [95m2660[0m - Loss: [93m    0.179266[0m
INFO -- Epoch: [95m2680[0m - Loss: [93m    0.179353[0m
INFO -- Epoch: [95m2700[0m - Loss: [93m    0.179312[0m
INFO -- Epoch: [95m2720[0m - Loss: [93m    0.179379[0m
INFO -- Epoch: [95m2740[0m - Loss: [93m    0.179376[0m
INFO -- Epoch: [95m2760[0m - Loss: [93m    0.179322[0m
INFO -- Epoch: [95m2780[0m - Loss: [93m    0.179315[0m
INFO -- Epoch: [95m2800[0m - Loss: [93m    0.179512[0m
INFO -- Epoch: [95m2820[0m - Loss: [93m    0.179519[0m
INFO -- Epoch: [95m2840[0m - Loss: [93m    0.179313[0m
INFO -- Epoch: [95m2860[0m - Loss: [93m    0.179435[0m
INFO -- Epoch: [95m2880[0m - Loss: [93m    0.179288[0m
INFO -- Epoch: [95m2900[0m - Loss: [93m    0.179414[0m
INFO -- Epoch: [95m2920[0m - Loss: [93m    0.179295[0m
INFO -- Epoch: [95m2940[0m - Loss: [93m    0.179377[0m
INFO -- Epoch: [95m2960[0m - Loss: [93m    0.179323[0m
INFO -- Epoch: [95m2980[0m - Loss: [93m    0.179346[0m
INFO -- Epoch: [95m3000[0m - Loss: [93m    0.179373[0m
INFO -- Epoch: [95m3020[0m - Loss: [93m    0.179317[0m
INFO -- Epoch: [95m3040[0m - Loss: [93m    0.179262[0m
INFO -- Epoch: [95m3060[0m - Loss: [93m    0.179294[0m
INFO -- Epoch: [95m3080[0m - Loss: [93m    0.179322[0m
INFO -- Epoch: [95m3100[0m - Loss: [93m    0.179334[0m
INFO -- Epoch: [95m3120[0m - Loss: [93m    0.179361[0m
INFO -- Epoch: [95m3140[0m - Loss: [93m    0.179303[0m
INFO -- Epoch: [95m3160[0m - Loss: [93m    0.179323[0m
INFO -- Epoch: [95m3180[0m - Loss: [93m    0.179340[0m
INFO -- Epoch: [95m3200[0m - Loss: [93m    0.179340[0m
INFO -- Epoch: [95m3220[0m - Loss: [93m    0.179302[0m
INFO -- Epoch: [95m3240[0m - Loss: [93m    0.179334[0m
INFO -- Epoch: [95m3260[0m - Loss: [93m    0.179339[0m
INFO -- Epoch: [95m3280[0m - Loss: [93m    0.179301[0m
INFO -- Epoch: [95m3300[0m - Loss: [93m    0.179287[0m
INFO -- Epoch: [95m3320[0m - Loss: [93m    0.179302[0m
INFO -- Epoch: [95m3340[0m - Loss: [93m    0.179403[0m
INFO -- Epoch: [95m3360[0m - Loss: [93m    0.179372[0m
INFO -- Epoch: [95m3380[0m - Loss: [93m    0.179292[0m
INFO -- Epoch: [95m3400[0m - Loss: [93m    0.179436[0m
INFO -- Epoch: [95m3420[0m - Loss: [93m    0.179344[0m
INFO -- Epoch: [95m3440[0m - Loss: [93m    0.179351[0m
INFO -- Epoch: [95m3460[0m - Loss: [93m    0.179430[0m
INFO -- Epoch: [95m3480[0m - Loss: [93m    0.179300[0m
INFO -- Epoch: [95m3500[0m - Loss: [93m    0.179325[0m
INFO -- Epoch: [95m3520[0m - Loss: [93m    0.179315[0m
INFO -- Epoch: [95m3540[0m - Loss: [93m    0.179273[0m
INFO -- Epoch: [95m3560[0m - Loss: [93m    0.179309[0m
INFO -- Epoch: [95m3580[0m - Loss: [93m    0.179313[0m
INFO -- Epoch: [95m3600[0m - Loss: [93m    0.179290[0m
INFO -- Epoch: [95m3620[0m - Loss: [93m    0.179255[0m
INFO -- Epoch: [95m3640[0m - Loss: [93m    0.179376[0m
INFO -- Epoch: [95m3660[0m - Loss: [93m    0.179303[0m
INFO -- Epoch: [95m3680[0m - Loss: [93m    0.179371[0m
INFO -- Epoch: [95m3700[0m - Loss: [93m    0.179310[0m
INFO -- Epoch: [95m3720[0m - Loss: [93m    0.179353[0m
INFO -- Epoch: [95m3740[0m - Loss: [93m    0.179337[0m
INFO -- Epoch: [95m3760[0m - Loss: [93m    0.179356[0m
INFO -- Epoch: [95m3780[0m - Loss: [93m    0.179305[0m
INFO -- Epoch: [95m3800[0m - Loss: [93m    0.179322[0m
INFO -- Epoch: [95m3820[0m - Loss: [93m    0.179321[0m
INFO -- Epoch: [95m3840[0m - Loss: [93m    0.179319[0m
INFO -- Epoch: [95m3860[0m - Loss: [93m    0.179313[0m
INFO -- Epoch: [95m3880[0m - Loss: [93m    0.179370[0m
INFO -- Epoch: [95m3900[0m - Loss: [93m    0.179388[0m
INFO -- Epoch: [95m3920[0m - Loss: [93m    0.179349[0m
INFO -- Epoch: [95m3940[0m - Loss: [93m    0.179325[0m
INFO -- Epoch: [95m3960[0m - Loss: [93m    0.179404[0m
INFO -- Epoch: [95m3980[0m - Loss: [93m    0.179360[0m
INFO -- Epoch: [95m4000[0m - Loss: [93m    0.179258[0m
INFO -- Epoch: [95m4020[0m - Loss: [93m    0.179369[0m
INFO -- Epoch: [95m4040[0m - Loss: [93m    0.179288[0m
INFO -- Epoch: [95m4060[0m - Loss: [93m    0.179322[0m
INFO -- Epoch: [95m4080[0m - Loss: [93m    0.179340[0m
INFO -- Epoch: [95m4100[0m - Loss: [93m    0.179321[0m
INFO -- Epoch: [95m4120[0m - Loss: [93m    0.179355[0m
INFO -- Epoch: [95m4140[0m - Loss: [93m    0.179367[0m
INFO -- Epoch: [95m4160[0m - Loss: [93m    0.179330[0m
INFO -- Epoch: [95m4180[0m - Loss: [93m    0.179315[0m
INFO -- Epoch: [95m4200[0m - Loss: [93m    0.179330[0m
INFO -- Epoch: [95m4220[0m - Loss: [93m    0.179340[0m
INFO -- Epoch: [95m4240[0m - Loss: [93m    0.179314[0m
INFO -- Epoch: [95m4260[0m - Loss: [93m    0.179325[0m
INFO -- Epoch: [95m4280[0m - Loss: [93m    0.179240[0m
INFO -- Epoch: [95m4300[0m - Loss: [93m    0.179344[0m
INFO -- Epoch: [95m4320[0m - Loss: [93m    0.179270[0m
INFO -- Epoch: [95m4340[0m - Loss: [93m    0.179367[0m
INFO -- Epoch: [95m4360[0m - Loss: [93m    0.179307[0m
INFO -- Epoch: [95m4380[0m - Loss: [93m    0.179295[0m
INFO -- Epoch: [95m4400[0m - Loss: [93m    0.179261[0m
INFO -- Epoch: [95m4420[0m - Loss: [93m    0.179353[0m
INFO -- Epoch: [95m4440[0m - Loss: [93m    0.179341[0m
INFO -- Epoch: [95m4460[0m - Loss: [93m    0.179308[0m
INFO -- Epoch: [95m4480[0m - Loss: [93m    0.179263[0m
INFO -- Epoch: [95m4500[0m - Loss: [93m    0.179404[0m
INFO -- Epoch: [95m4520[0m - Loss: [93m    0.179280[0m
INFO -- Epoch: [95m4540[0m - Loss: [93m    0.179349[0m
INFO -- Epoch: [95m4560[0m - Loss: [93m    0.179399[0m
INFO -- Epoch: [95m4580[0m - Loss: [93m    0.179333[0m
INFO -- Epoch: [95m4600[0m - Loss: [93m    0.179341[0m
INFO -- Epoch: [95m4620[0m - Loss: [93m    0.179335[0m
INFO -- Epoch: [95m4640[0m - Loss: [93m    0.179335[0m
INFO -- Epoch: [95m4660[0m - Loss: [93m    0.179359[0m
INFO -- Epoch: [95m4680[0m - Loss: [93m    0.179403[0m
INFO -- Epoch: [95m4700[0m - Loss: [93m    0.179348[0m
INFO -- Epoch: [95m4720[0m - Loss: [93m    0.179316[0m
INFO -- Epoch: [95m4740[0m - Loss: [93m    0.179372[0m
INFO -- Epoch: [95m4760[0m - Loss: [93m    0.179258[0m
INFO -- Epoch: [95m4780[0m - Loss: [93m    0.179336[0m
INFO -- Epoch: [95m4800[0m - Loss: [93m    0.179358[0m
INFO -- Epoch: [95m4820[0m - Loss: [93m    0.179358[0m
INFO -- Epoch: [95m4840[0m - Loss: [93m    0.179327[0m
INFO -- Epoch: [95m4860[0m - Loss: [93m    0.179354[0m
INFO -- Epoch: [95m4880[0m - Loss: [93m    0.179294[0m
INFO -- Epoch: [95m4900[0m - Loss: [93m    0.179321[0m
INFO -- Epoch: [95m4920[0m - Loss: [93m    0.179259[0m
INFO -- Epoch: [95m4940[0m - Loss: [93m    0.179254[0m
INFO -- Epoch: [95m4960[0m - Loss: [93m    0.179342[0m
INFO -- Epoch: [95m4980[0m - Loss: [93m    0.179296[0m
INFO -- Epoch: [95m5000[0m - Loss: [93m    0.179360[0m
INFO -- Epoch: [95m5020[0m - Loss: [93m    0.179235[0m
INFO -- Epoch: [95m5040[0m - Loss: [93m    0.179309[0m
INFO -- Epoch: [95m5060[0m - Loss: [93m    0.179390[0m
INFO -- Epoch: [95m5080[0m - Loss: [93m    0.179327[0m
INFO -- Epoch: [95m5100[0m - Loss: [93m    0.179316[0m
INFO -- Epoch: [95m5120[0m - Loss: [93m    0.179330[0m
INFO -- Epoch: [95m5140[0m - Loss: [93m    0.179292[0m
INFO -- Epoch: [95m5160[0m - Loss: [93m    0.179276[0m
INFO -- Epoch: [95m5180[0m - Loss: [93m    0.179344[0m
INFO -- Epoch: [95m5200[0m - Loss: [93m    0.179368[0m
INFO -- Epoch: [95m5220[0m - Loss: [93m    0.179292[0m
INFO -- Epoch: [95m5240[0m - Loss: [93m    0.179264[0m
INFO -- Epoch: [95m5260[0m - Loss: [93m    0.179339[0m
INFO -- Epoch: [95m5280[0m - Loss: [93m    0.179271[0m
INFO -- Epoch: [95m5300[0m - Loss: [93m    0.179250[0m
INFO -- Epoch: [95m5320[0m - Loss: [93m    0.179269[0m
INFO -- Epoch: [95m5340[0m - Loss: [93m    0.179341[0m
INFO -- Epoch: [95m5360[0m - Loss: [93m    0.179331[0m
INFO -- Epoch: [95m5380[0m - Loss: [93m    0.179350[0m
INFO -- Epoch: [95m5400[0m - Loss: [93m    0.179337[0m
INFO -- Epoch: [95m5420[0m - Loss: [93m    0.179329[0m
INFO -- Epoch: [95m5440[0m - Loss: [93m    0.179236[0m
INFO -- Epoch: [95m5460[0m - Loss: [93m    0.179275[0m
INFO -- Epoch: [95m5480[0m - Loss: [93m    0.179284[0m
INFO -- Epoch: [95m5500[0m - Loss: [93m    0.179287[0m
INFO -- Epoch: [95m5520[0m - Loss: [93m    0.179306[0m
INFO -- Epoch: [95m5540[0m - Loss: [93m    0.179272[0m
INFO -- Epoch: [95m5560[0m - Loss: [93m    0.179404[0m
INFO -- Epoch: [95m5580[0m - Loss: [93m    0.179335[0m
INFO -- Training interrupted by user at epoch [91m5590[0m
INFO -- Creating plots and saving to files. Dimensions: 1
