INFO -- Device: cpu
INFO -- 
INFO -- ================================================================================
INFO -- Learning parameters
INFO -- Length:                                           [92m1.0[0m
INFO -- Total time:                                       [92m1.0[0m
INFO -- Number of points in x:                            [92m150[0m
INFO -- Number of points in t:                            [92m150[0m
INFO -- Number of points in initial condition:            [92m300[0m
INFO -- Weight for interior loss:                         [92m0.5[0m
INFO -- Weight for initial condition loss:                [92m150.0[0m
INFO -- Weight for boundary loss:                         [92m1.0[0m
INFO -- Layers:                                           [92m2[0m
INFO -- Neurons per layer:                                [92m60[0m
INFO -- Epochs:                                           [92m50000[0m
INFO -- Learning rate:                                    [92m0.0025[0m
INFO -- ================================================================================
INFO -- 
INFO -- Creating PINN with [92m2[0m layers and [92m60[0m neurons per layer
INFO -- Computing initial condition loss
INFO -- Initial condition loss weak:                      [92m0.32396[0m
INFO -- Initial condition loss strong:                    [92m0.32396[0m
INFO -- Initial condition loss weak and strong:           [92m0.32396[0m
INFO -- Initial condition loss colocation:                [92m0.32482[0m
INFO -- Training PINN for [93m50000[0m epochs
INFO -- Epoch: [95m20[0m - Loss: [93m0.190991[0m
INFO -- Epoch: [95m40[0m - Loss: [93m0.178005[0m
INFO -- Epoch: [95m60[0m - Loss: [93m0.171704[0m
INFO -- Epoch: [95m80[0m - Loss: [93m0.162993[0m
INFO -- Epoch: [95m100[0m - Loss: [93m0.148369[0m
INFO -- Epoch: [95m120[0m - Loss: [93m0.117816[0m
INFO -- Epoch: [95m140[0m - Loss: [93m0.058883[0m
INFO -- Epoch: [95m160[0m - Loss: [93m0.006812[0m
INFO -- Epoch: [95m180[0m - Loss: [93m0.001293[0m
INFO -- Epoch: [95m200[0m - Loss: [93m0.001100[0m
INFO -- Epoch: [95m220[0m - Loss: [93m0.000900[0m
INFO -- Epoch: [95m240[0m - Loss: [93m0.000759[0m
INFO -- Epoch: [95m260[0m - Loss: [93m0.000652[0m
INFO -- Epoch: [95m280[0m - Loss: [93m0.000546[0m
INFO -- Epoch: [95m300[0m - Loss: [93m0.000449[0m
INFO -- Epoch: [95m320[0m - Loss: [93m0.000498[0m
INFO -- Epoch: [95m340[0m - Loss: [93m0.000323[0m
INFO -- Epoch: [95m360[0m - Loss: [93m0.000261[0m
INFO -- Epoch: [95m380[0m - Loss: [93m0.000585[0m
INFO -- Epoch: [95m400[0m - Loss: [93m0.000253[0m
INFO -- Epoch: [95m420[0m - Loss: [93m0.000178[0m
INFO -- Epoch: [95m440[0m - Loss: [93m0.000162[0m
INFO -- Epoch: [95m460[0m - Loss: [93m0.000301[0m
INFO -- Epoch: [95m480[0m - Loss: [93m0.000207[0m
INFO -- Epoch: [95m500[0m - Loss: [93m0.000128[0m
INFO -- Epoch: [95m520[0m - Loss: [93m0.000111[0m
INFO -- Epoch: [95m540[0m - Loss: [93m0.000100[0m
INFO -- Epoch: [95m560[0m - Loss: [93m0.002556[0m
INFO -- Epoch: [95m580[0m - Loss: [93m0.000334[0m
INFO -- Training interrupted by user at epoch [91m596[0m
