INFO -- Device: cuda
INFO -- 
INFO -- ================================================================================
INFO -- Learning parameters
INFO -- Length:                                           [92m1.0[0m
INFO -- Total time:                                       [92m1.0[0m
INFO -- Number of points in x:                            [92m50[0m
INFO -- Number of points in t:                            [92m50[0m
INFO -- Number of points in initial condition:            [92m150[0m
INFO -- Weight for interior loss:                         [92m0.5[0m
INFO -- Weight for initial condition loss:                [92m150.0[0m
INFO -- Weight for boundary loss:                         [92m1.0[0m
INFO -- Layers:                                           [92m10[0m
INFO -- Neurons per layer:                                [92m100[0m
INFO -- Epochs:                                           [92m50000[0m
INFO -- Learning rate:                                    [92m0.0025[0m
INFO -- ================================================================================
INFO -- 
INFO -- Creating PINN with [92m10[0m layers and [92m100[0m neurons per layer
INFO -- Computing initial condition loss
INFO -- Initial condition loss weak:                      [92m0.245134145021[0m
INFO -- Initial condition loss strong:                    [92m0.245134145021[0m
INFO -- Initial condition loss weak and strong:           [92m0.245134145021[0m
INFO -- Initial condition loss colocation:                [92m0.245134219527[0m
INFO -- Training PINN for [93m50000[0m epochs using [93mloss_fn_weak_and_strong[0m loss function
INFO -- Epoch: [95m20[0m - Loss: [93m    0.184607[0m
INFO -- Epoch: [95m40[0m - Loss: [93m    0.155407[0m
INFO -- Epoch: [95m60[0m - Loss: [93m    0.204083[0m
INFO -- Epoch: [95m80[0m - Loss: [93m    0.186164[0m
INFO -- Epoch: [95m100[0m - Loss: [93m    0.158009[0m
INFO -- Epoch: [95m120[0m - Loss: [93m    0.202445[0m
INFO -- Epoch: [95m140[0m - Loss: [93m    0.194471[0m
INFO -- Epoch: [95m160[0m - Loss: [93m    0.182179[0m
INFO -- Epoch: [95m180[0m - Loss: [93m    0.171759[0m
INFO -- Epoch: [95m200[0m - Loss: [93m    0.127680[0m
INFO -- Epoch: [95m220[0m - Loss: [93m    0.220691[0m
INFO -- Epoch: [95m240[0m - Loss: [93m    0.210877[0m
INFO -- Epoch: [95m260[0m - Loss: [93m    0.207784[0m
INFO -- Epoch: [95m280[0m - Loss: [93m    0.207618[0m
INFO -- Epoch: [95m300[0m - Loss: [93m    0.207609[0m
INFO -- Epoch: [95m320[0m - Loss: [93m    0.207599[0m
INFO -- Epoch: [95m340[0m - Loss: [93m    0.207599[0m
INFO -- Epoch: [95m360[0m - Loss: [93m    0.207599[0m
INFO -- Epoch: [95m380[0m - Loss: [93m    0.207599[0m
INFO -- Epoch: [95m400[0m - Loss: [93m    0.207599[0m
INFO -- Epoch: [95m420[0m - Loss: [93m    0.207599[0m
INFO -- Epoch: [95m440[0m - Loss: [93m    0.207599[0m
INFO -- Epoch: [95m460[0m - Loss: [93m    0.207599[0m
INFO -- Epoch: [95m480[0m - Loss: [93m    0.207599[0m
INFO -- Epoch: [95m500[0m - Loss: [93m    0.207599[0m
INFO -- Epoch: [95m520[0m - Loss: [93m    0.207599[0m
INFO -- Epoch: [95m540[0m - Loss: [93m    0.207599[0m
INFO -- Epoch: [95m560[0m - Loss: [93m    0.207599[0m
INFO -- Epoch: [95m580[0m - Loss: [93m    0.207599[0m
INFO -- Epoch: [95m600[0m - Loss: [93m    0.207598[0m
INFO -- Epoch: [95m620[0m - Loss: [93m    0.207598[0m
INFO -- Epoch: [95m640[0m - Loss: [93m    0.207598[0m
INFO -- Epoch: [95m660[0m - Loss: [93m    0.207598[0m
INFO -- Epoch: [95m680[0m - Loss: [93m    0.207598[0m
INFO -- Epoch: [95m700[0m - Loss: [93m    0.207598[0m
INFO -- Epoch: [95m720[0m - Loss: [93m    0.207598[0m
INFO -- Epoch: [95m740[0m - Loss: [93m    0.207598[0m
INFO -- Epoch: [95m760[0m - Loss: [93m    0.207598[0m
INFO -- Epoch: [95m780[0m - Loss: [93m    0.207598[0m
INFO -- Epoch: [95m800[0m - Loss: [93m    0.207598[0m
INFO -- Epoch: [95m820[0m - Loss: [93m    0.207598[0m
INFO -- Epoch: [95m840[0m - Loss: [93m    0.207598[0m
INFO -- Epoch: [95m860[0m - Loss: [93m    0.207598[0m
INFO -- Epoch: [95m880[0m - Loss: [93m    0.207598[0m
INFO -- Epoch: [95m900[0m - Loss: [93m    0.207598[0m
INFO -- Epoch: [95m920[0m - Loss: [93m    0.207598[0m
INFO -- Epoch: [95m940[0m - Loss: [93m    0.207598[0m
INFO -- Epoch: [95m960[0m - Loss: [93m    0.207597[0m
INFO -- Epoch: [95m980[0m - Loss: [93m    0.207597[0m
INFO -- Epoch: [95m1000[0m - Loss: [93m    0.207597[0m
INFO -- Epoch: [95m1020[0m - Loss: [93m    0.207597[0m
INFO -- Epoch: [95m1040[0m - Loss: [93m    0.207597[0m
INFO -- Epoch: [95m1060[0m - Loss: [93m    0.207597[0m
INFO -- Epoch: [95m1080[0m - Loss: [93m    0.207597[0m
INFO -- Epoch: [95m1100[0m - Loss: [93m    0.207596[0m
INFO -- Epoch: [95m1120[0m - Loss: [93m    0.207596[0m
INFO -- Epoch: [95m1140[0m - Loss: [93m    0.207596[0m
INFO -- Epoch: [95m1160[0m - Loss: [93m    0.207595[0m
INFO -- Epoch: [95m1180[0m - Loss: [93m    0.207595[0m
INFO -- Epoch: [95m1200[0m - Loss: [93m    0.207594[0m
INFO -- Epoch: [95m1220[0m - Loss: [93m    0.207594[0m
INFO -- Epoch: [95m1240[0m - Loss: [93m    0.207593[0m
INFO -- Epoch: [95m1260[0m - Loss: [93m    0.207592[0m
INFO -- Epoch: [95m1280[0m - Loss: [93m    0.207590[0m
INFO -- Epoch: [95m1300[0m - Loss: [93m    0.207589[0m
INFO -- Epoch: [95m1320[0m - Loss: [93m    0.207586[0m
INFO -- Epoch: [95m1340[0m - Loss: [93m    0.207583[0m
INFO -- Epoch: [95m1360[0m - Loss: [93m    0.207579[0m
INFO -- Epoch: [95m1380[0m - Loss: [93m    0.207573[0m
INFO -- Epoch: [95m1400[0m - Loss: [93m    0.207565[0m
INFO -- Epoch: [95m1420[0m - Loss: [93m    0.207551[0m
INFO -- Epoch: [95m1440[0m - Loss: [93m    0.207525[0m
INFO -- Epoch: [95m1460[0m - Loss: [93m    0.205130[0m
INFO -- Epoch: [95m1480[0m - Loss: [93m    0.201519[0m
INFO -- Epoch: [95m1500[0m - Loss: [93m    0.199401[0m
INFO -- Epoch: [95m1520[0m - Loss: [93m    0.197209[0m
INFO -- Epoch: [95m1540[0m - Loss: [93m    0.196523[0m
INFO -- Epoch: [95m1560[0m - Loss: [93m    0.194018[0m
INFO -- Epoch: [95m1580[0m - Loss: [93m    0.189849[0m
INFO -- Epoch: [95m1600[0m - Loss: [93m    0.187340[0m
INFO -- Epoch: [95m1620[0m - Loss: [93m    0.185729[0m
INFO -- Epoch: [95m1640[0m - Loss: [93m    0.185688[0m
INFO -- Epoch: [95m1660[0m - Loss: [93m    0.185666[0m
INFO -- Epoch: [95m1680[0m - Loss: [93m    0.185611[0m
INFO -- Epoch: [95m1700[0m - Loss: [93m    0.185305[0m
INFO -- Epoch: [95m1720[0m - Loss: [93m    0.168499[0m
INFO -- Epoch: [95m1740[0m - Loss: [93m    0.189898[0m
INFO -- Epoch: [95m1760[0m - Loss: [93m    0.176445[0m
INFO -- Epoch: [95m1780[0m - Loss: [93m    0.174560[0m
INFO -- Epoch: [95m1800[0m - Loss: [93m    0.174558[0m
INFO -- Epoch: [95m1820[0m - Loss: [93m    0.174534[0m
INFO -- Epoch: [95m1840[0m - Loss: [93m    0.174532[0m
INFO -- Epoch: [95m1860[0m - Loss: [93m    0.174532[0m
INFO -- Epoch: [95m1880[0m - Loss: [93m    0.174530[0m
INFO -- Epoch: [95m1900[0m - Loss: [93m    0.174527[0m
INFO -- Epoch: [95m1920[0m - Loss: [93m    0.174518[0m
INFO -- Epoch: [95m1940[0m - Loss: [93m    0.173428[0m
INFO -- Epoch: [95m1960[0m - Loss: [93m    0.166486[0m
INFO -- Epoch: [95m1980[0m - Loss: [93m    0.161000[0m
INFO -- Epoch: [95m2000[0m - Loss: [93m    0.150676[0m
INFO -- Epoch: [95m2020[0m - Loss: [93m    0.136166[0m
INFO -- Epoch: [95m2040[0m - Loss: [93m    0.160618[0m
INFO -- Epoch: [95m2060[0m - Loss: [93m    0.166749[0m
INFO -- Epoch: [95m2080[0m - Loss: [93m    0.166643[0m
INFO -- Epoch: [95m2100[0m - Loss: [93m    0.166584[0m
INFO -- Epoch: [95m2120[0m - Loss: [93m    0.166579[0m
INFO -- Epoch: [95m2140[0m - Loss: [93m    0.166579[0m
INFO -- Epoch: [95m2160[0m - Loss: [93m    0.166579[0m
INFO -- Epoch: [95m2180[0m - Loss: [93m    0.166579[0m
INFO -- Epoch: [95m2200[0m - Loss: [93m    0.166579[0m
INFO -- Epoch: [95m2220[0m - Loss: [93m    0.166579[0m
INFO -- Epoch: [95m2240[0m - Loss: [93m    0.166579[0m
INFO -- Epoch: [95m2260[0m - Loss: [93m    0.166579[0m
INFO -- Epoch: [95m2280[0m - Loss: [93m    0.166579[0m
INFO -- Epoch: [95m2300[0m - Loss: [93m    0.166579[0m
INFO -- Epoch: [95m2320[0m - Loss: [93m    0.166579[0m
INFO -- Epoch: [95m2340[0m - Loss: [93m    0.166579[0m
INFO -- Epoch: [95m2360[0m - Loss: [93m    0.166579[0m
INFO -- Epoch: [95m2380[0m - Loss: [93m    0.166579[0m
INFO -- Epoch: [95m2400[0m - Loss: [93m    0.166579[0m
INFO -- Epoch: [95m2420[0m - Loss: [93m    0.166579[0m
INFO -- Epoch: [95m2440[0m - Loss: [93m    0.166579[0m
INFO -- Epoch: [95m2460[0m - Loss: [93m    0.166579[0m
INFO -- Epoch: [95m2480[0m - Loss: [93m    0.166579[0m
INFO -- Epoch: [95m2500[0m - Loss: [93m    0.166579[0m
INFO -- Epoch: [95m2520[0m - Loss: [93m    0.166579[0m
INFO -- Epoch: [95m2540[0m - Loss: [93m    0.166579[0m
INFO -- Epoch: [95m2560[0m - Loss: [93m    0.166579[0m
INFO -- Epoch: [95m2580[0m - Loss: [93m    0.166579[0m
INFO -- Epoch: [95m2600[0m - Loss: [93m    0.166579[0m
INFO -- Epoch: [95m2620[0m - Loss: [93m    0.166579[0m
INFO -- Epoch: [95m2640[0m - Loss: [93m    0.166578[0m
INFO -- Epoch: [95m2660[0m - Loss: [93m    0.166578[0m
INFO -- Epoch: [95m2680[0m - Loss: [93m    0.166578[0m
INFO -- Epoch: [95m2700[0m - Loss: [93m    0.166578[0m
INFO -- Epoch: [95m2720[0m - Loss: [93m    0.166578[0m
INFO -- Epoch: [95m2740[0m - Loss: [93m    0.166578[0m
INFO -- Epoch: [95m2760[0m - Loss: [93m    0.166578[0m
INFO -- Epoch: [95m2780[0m - Loss: [93m    0.166577[0m
INFO -- Epoch: [95m2800[0m - Loss: [93m    0.166574[0m
INFO -- Epoch: [95m2820[0m - Loss: [93m    0.164001[0m
INFO -- Epoch: [95m2840[0m - Loss: [93m    0.162598[0m
INFO -- Epoch: [95m2860[0m - Loss: [93m    0.162592[0m
INFO -- Epoch: [95m2880[0m - Loss: [93m    0.162591[0m
INFO -- Epoch: [95m2900[0m - Loss: [93m    0.162591[0m
INFO -- Epoch: [95m2920[0m - Loss: [93m    0.162591[0m
INFO -- Epoch: [95m2940[0m - Loss: [93m    0.162591[0m
INFO -- Epoch: [95m2960[0m - Loss: [93m    0.162591[0m
INFO -- Epoch: [95m2980[0m - Loss: [93m    0.162591[0m
INFO -- Epoch: [95m3000[0m - Loss: [93m    0.162591[0m
INFO -- Epoch: [95m3020[0m - Loss: [93m    0.162591[0m
INFO -- Epoch: [95m3040[0m - Loss: [93m    0.162591[0m
INFO -- Epoch: [95m3060[0m - Loss: [93m    0.162591[0m
INFO -- Epoch: [95m3080[0m - Loss: [93m    0.162591[0m
INFO -- Epoch: [95m3100[0m - Loss: [93m    0.162591[0m
INFO -- Epoch: [95m3120[0m - Loss: [93m    0.162591[0m
INFO -- Epoch: [95m3140[0m - Loss: [93m    0.162591[0m
INFO -- Epoch: [95m3160[0m - Loss: [93m    0.162591[0m
INFO -- Epoch: [95m3180[0m - Loss: [93m    0.162591[0m
INFO -- Epoch: [95m3200[0m - Loss: [93m    0.162591[0m
INFO -- Epoch: [95m3220[0m - Loss: [93m    0.162591[0m
INFO -- Epoch: [95m3240[0m - Loss: [93m    0.162591[0m
INFO -- Epoch: [95m3260[0m - Loss: [93m    0.162591[0m
INFO -- Epoch: [95m3280[0m - Loss: [93m    0.162591[0m
INFO -- Epoch: [95m3300[0m - Loss: [93m    0.162591[0m
INFO -- Epoch: [95m3320[0m - Loss: [93m    0.162591[0m
INFO -- Epoch: [95m3340[0m - Loss: [93m    0.162591[0m
INFO -- Epoch: [95m3360[0m - Loss: [93m    0.162591[0m
INFO -- Epoch: [95m3380[0m - Loss: [93m    0.162591[0m
INFO -- Epoch: [95m3400[0m - Loss: [93m    0.162591[0m
INFO -- Epoch: [95m3420[0m - Loss: [93m    0.162591[0m
INFO -- Epoch: [95m3440[0m - Loss: [93m    0.162591[0m
INFO -- Epoch: [95m3460[0m - Loss: [93m    0.162591[0m
INFO -- Epoch: [95m3480[0m - Loss: [93m    0.162591[0m
INFO -- Epoch: [95m3500[0m - Loss: [93m    0.162591[0m
INFO -- Epoch: [95m3520[0m - Loss: [93m    0.162591[0m
INFO -- Epoch: [95m3540[0m - Loss: [93m    0.162591[0m
INFO -- Epoch: [95m3560[0m - Loss: [93m    0.162591[0m
INFO -- Epoch: [95m3580[0m - Loss: [93m    0.162591[0m
INFO -- Epoch: [95m3600[0m - Loss: [93m    0.162591[0m
INFO -- Epoch: [95m3620[0m - Loss: [93m    0.162591[0m
INFO -- Epoch: [95m3640[0m - Loss: [93m    0.162591[0m
INFO -- Epoch: [95m3660[0m - Loss: [93m    0.162591[0m
INFO -- Epoch: [95m3680[0m - Loss: [93m    0.162591[0m
INFO -- Epoch: [95m3700[0m - Loss: [93m    0.162591[0m
INFO -- Epoch: [95m3720[0m - Loss: [93m    0.162591[0m
INFO -- Epoch: [95m3740[0m - Loss: [93m    0.162591[0m
INFO -- Epoch: [95m3760[0m - Loss: [93m    0.162591[0m
INFO -- Epoch: [95m3780[0m - Loss: [93m    0.162591[0m
INFO -- Epoch: [95m3800[0m - Loss: [93m    0.162591[0m
INFO -- Epoch: [95m3820[0m - Loss: [93m    0.162591[0m
INFO -- Epoch: [95m3840[0m - Loss: [93m    0.162591[0m
INFO -- Epoch: [95m3860[0m - Loss: [93m    0.162591[0m
INFO -- Epoch: [95m3880[0m - Loss: [93m    0.162591[0m
INFO -- Epoch: [95m3900[0m - Loss: [93m    0.162591[0m
INFO -- Epoch: [95m3920[0m - Loss: [93m    0.162591[0m
INFO -- Epoch: [95m3940[0m - Loss: [93m    0.162591[0m
INFO -- Epoch: [95m3960[0m - Loss: [93m    0.162591[0m
INFO -- Epoch: [95m3980[0m - Loss: [93m    0.162591[0m
INFO -- Epoch: [95m4000[0m - Loss: [93m    0.162591[0m
INFO -- Epoch: [95m4020[0m - Loss: [93m    0.162591[0m
INFO -- Epoch: [95m4040[0m - Loss: [93m    0.162591[0m
INFO -- Epoch: [95m4060[0m - Loss: [93m    0.162591[0m
INFO -- Epoch: [95m4080[0m - Loss: [93m    0.162591[0m
INFO -- Epoch: [95m4100[0m - Loss: [93m    0.162591[0m
INFO -- Epoch: [95m4120[0m - Loss: [93m    0.162591[0m
INFO -- Epoch: [95m4140[0m - Loss: [93m    0.162591[0m
INFO -- Epoch: [95m4160[0m - Loss: [93m    0.162591[0m
INFO -- Epoch: [95m4180[0m - Loss: [93m    0.162591[0m
INFO -- Epoch: [95m4200[0m - Loss: [93m    0.162591[0m
INFO -- Epoch: [95m4220[0m - Loss: [93m    0.162591[0m
INFO -- Epoch: [95m4240[0m - Loss: [93m    0.162591[0m
INFO -- Epoch: [95m4260[0m - Loss: [93m    0.162591[0m
INFO -- Epoch: [95m4280[0m - Loss: [93m    0.162591[0m
INFO -- Epoch: [95m4300[0m - Loss: [93m    0.162591[0m
INFO -- Epoch: [95m4320[0m - Loss: [93m    0.162591[0m
INFO -- Epoch: [95m4340[0m - Loss: [93m    0.162591[0m
INFO -- Epoch: [95m4360[0m - Loss: [93m    0.162591[0m
INFO -- Epoch: [95m4380[0m - Loss: [93m    0.162591[0m
INFO -- Epoch: [95m4400[0m - Loss: [93m    0.162591[0m
INFO -- Epoch: [95m4420[0m - Loss: [93m    0.162591[0m
INFO -- Epoch: [95m4440[0m - Loss: [93m    0.162591[0m
INFO -- Epoch: [95m4460[0m - Loss: [93m    0.162591[0m
INFO -- Epoch: [95m4480[0m - Loss: [93m    0.162591[0m
INFO -- Epoch: [95m4500[0m - Loss: [93m    0.162591[0m
INFO -- Epoch: [95m4520[0m - Loss: [93m    0.162591[0m
INFO -- Epoch: [95m4540[0m - Loss: [93m    0.162591[0m
INFO -- Epoch: [95m4560[0m - Loss: [93m    0.162591[0m
INFO -- Epoch: [95m4580[0m - Loss: [93m    0.162591[0m
INFO -- Training interrupted by user at epoch [91m4598[0m
INFO -- Computing final loss
INFO -- Total loss:                                       [92m0.27769[0m    (2.777E-01)
INFO -- Interior loss:                                    [92m0.00000[0m    (0.000E+00)
INFO -- Initial loss:                                     [92m0.23020[0m    (2.302E-01)
INFO -- Bondary loss:                                     [92m0.04749[0m    (4.749E-02)
