INFO -- Device: cuda
INFO -- 
INFO -- ================================================================================
INFO -- Learning parameters
INFO -- Length:                                           [92m1.0[0m
INFO -- Total time:                                       [92m1.0[0m
INFO -- Number of points in x:                            [92m150[0m
INFO -- Number of points in initial condition:            [92m300[0m
INFO -- Weight for interior loss:                         [92m0.5[0m
INFO -- Weight for initial condition loss:                [92m150.0[0m
INFO -- Weight for boundary loss:                         [92m1.0[0m
INFO -- Layers:                                           [92m2[0m
INFO -- Neurons per layer:                                [92m60[0m
INFO -- Epochs:                                           [92m50000[0m
INFO -- Learning rate:                                    [92m0.0025[0m
INFO -- ================================================================================
INFO -- 
INFO -- Creating PINN with [92m2[0m layers and [92m60[0m neurons per layer
INFO -- Computing initial condition loss
INFO -- Training PINN for [93m50000[0m epochs using [93mloss_fn_strong[0m loss function
INFO -- Epoch: [95m20[0m - Loss: [93m    0.194252[0m
INFO -- Epoch: [95m40[0m - Loss: [93m    0.180964[0m
INFO -- Epoch: [95m60[0m - Loss: [93m    0.181072[0m
INFO -- Epoch: [95m80[0m - Loss: [93m    0.180953[0m
INFO -- Epoch: [95m100[0m - Loss: [93m    0.180922[0m
INFO -- Epoch: [95m120[0m - Loss: [93m    0.180914[0m
INFO -- Epoch: [95m140[0m - Loss: [93m    0.180908[0m
INFO -- Epoch: [95m160[0m - Loss: [93m    0.180905[0m
INFO -- Epoch: [95m180[0m - Loss: [93m    0.180902[0m
INFO -- Epoch: [95m200[0m - Loss: [93m    0.180901[0m
INFO -- Epoch: [95m220[0m - Loss: [93m    0.180900[0m
INFO -- Epoch: [95m240[0m - Loss: [93m    0.180899[0m
INFO -- Epoch: [95m260[0m - Loss: [93m    0.180898[0m
INFO -- Epoch: [95m280[0m - Loss: [93m    0.180898[0m
INFO -- Epoch: [95m300[0m - Loss: [93m    0.180898[0m
INFO -- Epoch: [95m320[0m - Loss: [93m    0.180897[0m
INFO -- Epoch: [95m340[0m - Loss: [93m    0.180897[0m
INFO -- Epoch: [95m360[0m - Loss: [93m    0.180897[0m
INFO -- Epoch: [95m380[0m - Loss: [93m    0.180896[0m
INFO -- Epoch: [95m400[0m - Loss: [93m    0.180896[0m
INFO -- Epoch: [95m420[0m - Loss: [93m    0.180895[0m
INFO -- Epoch: [95m440[0m - Loss: [93m    0.180895[0m
INFO -- Epoch: [95m460[0m - Loss: [93m    0.180895[0m
INFO -- Epoch: [95m480[0m - Loss: [93m    0.180894[0m
INFO -- Epoch: [95m500[0m - Loss: [93m    0.180894[0m
INFO -- Epoch: [95m520[0m - Loss: [93m    0.180893[0m
INFO -- Epoch: [95m540[0m - Loss: [93m    0.180893[0m
INFO -- Epoch: [95m560[0m - Loss: [93m    0.180892[0m
INFO -- Epoch: [95m580[0m - Loss: [93m    0.180892[0m
INFO -- Epoch: [95m600[0m - Loss: [93m    0.180891[0m
INFO -- Epoch: [95m620[0m - Loss: [93m    0.180891[0m
INFO -- Epoch: [95m640[0m - Loss: [93m    0.180890[0m
INFO -- Epoch: [95m660[0m - Loss: [93m    0.180890[0m
INFO -- Epoch: [95m680[0m - Loss: [93m    0.180889[0m
INFO -- Epoch: [95m700[0m - Loss: [93m    0.180889[0m
INFO -- Epoch: [95m720[0m - Loss: [93m    0.180888[0m
INFO -- Epoch: [95m740[0m - Loss: [93m    0.180888[0m
INFO -- Epoch: [95m760[0m - Loss: [93m    0.180887[0m
INFO -- Epoch: [95m780[0m - Loss: [93m    0.180886[0m
INFO -- Epoch: [95m800[0m - Loss: [93m    0.180886[0m
INFO -- Epoch: [95m820[0m - Loss: [93m    0.180885[0m
INFO -- Epoch: [95m840[0m - Loss: [93m    0.180884[0m
INFO -- Epoch: [95m860[0m - Loss: [93m    0.180884[0m
INFO -- Epoch: [95m880[0m - Loss: [93m    0.180883[0m
INFO -- Training interrupted by user at epoch [91m888[0m
INFO -- Creating plots and saving to files. Dimensions: 1
