INFO -- Device: cuda
INFO -- 
INFO -- ================================================================================
INFO -- Learning parameters
INFO -- Length:                                           [92m1.0[0m
INFO -- Total time:                                       [92m1.0[0m
INFO -- Number of points in x:                            [92m150[0m
INFO -- Number of points in initial condition:            [92m300[0m
INFO -- Weight for interior loss:                         [92m0.5[0m
INFO -- Weight for initial condition loss:                [92m150.0[0m
INFO -- Weight for boundary loss:                         [92m1.0[0m
INFO -- Layers:                                           [92m8[0m
INFO -- Neurons per layer:                                [92m60[0m
INFO -- Epochs:                                           [92m50000[0m
INFO -- Learning rate:                                    [92m0.0025[0m
INFO -- ================================================================================
INFO -- 
INFO -- Creating PINN with [92m8[0m layers and [92m60[0m neurons per layer
INFO -- Computing initial condition loss
INFO -- Training PINN for [93m50000[0m epochs using [93mloss_fn_strong[0m loss function
INFO -- Epoch: [95m1[0m - Loss: [93m    1.423456[0m
INFO -- Epoch: [95m2[0m - Loss: [93m    1.011341[0m
INFO -- Epoch: [95m3[0m - Loss: [93m    0.673122[0m
INFO -- Epoch: [95m4[0m - Loss: [93m    0.582486[0m
INFO -- Epoch: [95m5[0m - Loss: [93m    0.771162[0m
INFO -- Epoch: [95m6[0m - Loss: [93m    0.647064[0m
INFO -- Epoch: [95m7[0m - Loss: [93m    0.558580[0m
INFO -- Epoch: [95m8[0m - Loss: [93m    0.573579[0m
INFO -- Epoch: [95m9[0m - Loss: [93m    0.613804[0m
INFO -- Epoch: [95m10[0m - Loss: [93m    0.621782[0m
INFO -- Epoch: [95m11[0m - Loss: [93m    0.602016[0m
INFO -- Epoch: [95m12[0m - Loss: [93m    0.576444[0m
INFO -- Epoch: [95m13[0m - Loss: [93m    0.561566[0m
INFO -- Epoch: [95m14[0m - Loss: [93m    0.562818[0m
INFO -- Epoch: [95m15[0m - Loss: [93m    0.570440[0m
INFO -- Epoch: [95m16[0m - Loss: [93m    0.573410[0m
INFO -- Epoch: [95m17[0m - Loss: [93m    0.570447[0m
INFO -- Epoch: [95m18[0m - Loss: [93m    0.566955[0m
INFO -- Epoch: [95m19[0m - Loss: [93m    0.563039[0m
INFO -- Epoch: [95m20[0m - Loss: [93m    0.556605[0m
INFO -- Epoch: [95m21[0m - Loss: [93m    0.555983[0m
INFO -- Epoch: [95m22[0m - Loss: [93m    0.559483[0m
INFO -- Epoch: [95m23[0m - Loss: [93m    0.561414[0m
INFO -- Epoch: [95m24[0m - Loss: [93m    0.561962[0m
INFO -- Epoch: [95m25[0m - Loss: [93m    0.560573[0m
INFO -- Epoch: [95m26[0m - Loss: [93m    0.558241[0m
INFO -- Epoch: [95m27[0m - Loss: [93m    0.556275[0m
INFO -- Epoch: [95m28[0m - Loss: [93m    0.555384[0m
INFO -- Epoch: [95m29[0m - Loss: [93m    0.555552[0m
INFO -- Epoch: [95m30[0m - Loss: [93m    0.556090[0m
INFO -- Epoch: [95m31[0m - Loss: [93m    0.556197[0m
INFO -- Epoch: [95m32[0m - Loss: [93m    0.555297[0m
INFO -- Epoch: [95m33[0m - Loss: [93m    0.555312[0m
INFO -- Epoch: [95m34[0m - Loss: [93m    0.554049[0m
INFO -- Epoch: [95m35[0m - Loss: [93m    0.553016[0m
INFO -- Epoch: [95m36[0m - Loss: [93m    0.554356[0m
INFO -- Epoch: [95m37[0m - Loss: [93m    0.554238[0m
INFO -- Epoch: [95m38[0m - Loss: [93m    0.555186[0m
INFO -- Epoch: [95m39[0m - Loss: [93m    0.555285[0m
INFO -- Epoch: [95m40[0m - Loss: [93m    0.553767[0m
INFO -- Epoch: [95m41[0m - Loss: [93m    0.553831[0m
INFO -- Epoch: [95m42[0m - Loss: [93m    0.553544[0m
INFO -- Epoch: [95m43[0m - Loss: [93m    0.553696[0m
INFO -- Epoch: [95m44[0m - Loss: [93m    0.553998[0m
INFO -- Epoch: [95m45[0m - Loss: [93m    0.554178[0m
INFO -- Epoch: [95m46[0m - Loss: [93m    0.554254[0m
INFO -- Epoch: [95m47[0m - Loss: [93m    0.553922[0m
INFO -- Epoch: [95m48[0m - Loss: [93m    0.553607[0m
INFO -- Epoch: [95m49[0m - Loss: [93m    0.553104[0m
INFO -- Epoch: [95m50[0m - Loss: [93m    0.552963[0m
INFO -- Epoch: [95m51[0m - Loss: [93m    0.553207[0m
INFO -- Epoch: [95m52[0m - Loss: [93m    0.552904[0m
INFO -- Epoch: [95m53[0m - Loss: [93m    0.553210[0m
INFO -- Epoch: [95m54[0m - Loss: [93m    0.553624[0m
INFO -- Epoch: [95m55[0m - Loss: [93m    0.553477[0m
INFO -- Epoch: [95m56[0m - Loss: [93m    0.554036[0m
INFO -- Epoch: [95m57[0m - Loss: [93m    0.552692[0m
INFO -- Epoch: [95m58[0m - Loss: [93m    0.552543[0m
INFO -- Epoch: [95m59[0m - Loss: [93m    0.552459[0m
INFO -- Epoch: [95m60[0m - Loss: [93m    0.552181[0m
INFO -- Epoch: [95m61[0m - Loss: [93m    0.554101[0m
INFO -- Epoch: [95m62[0m - Loss: [93m    0.553294[0m
INFO -- Epoch: [95m63[0m - Loss: [93m    0.553430[0m
INFO -- Epoch: [95m64[0m - Loss: [93m    0.553197[0m
INFO -- Epoch: [95m65[0m - Loss: [93m    0.553161[0m
INFO -- Epoch: [95m66[0m - Loss: [93m    0.553369[0m
INFO -- Epoch: [95m67[0m - Loss: [93m    0.553172[0m
INFO -- Epoch: [95m68[0m - Loss: [93m    0.553158[0m
INFO -- Epoch: [95m69[0m - Loss: [93m    0.553218[0m
INFO -- Epoch: [95m70[0m - Loss: [93m    0.553690[0m
INFO -- Epoch: [95m71[0m - Loss: [93m    0.553559[0m
INFO -- Epoch: [95m72[0m - Loss: [93m    0.553533[0m
INFO -- Epoch: [95m73[0m - Loss: [93m    0.553437[0m
INFO -- Epoch: [95m74[0m - Loss: [93m    0.552980[0m
INFO -- Epoch: [95m75[0m - Loss: [93m    0.553812[0m
INFO -- Epoch: [95m76[0m - Loss: [93m    0.553516[0m
INFO -- Epoch: [95m77[0m - Loss: [93m    0.553048[0m
INFO -- Epoch: [95m78[0m - Loss: [93m    0.553410[0m
INFO -- Epoch: [95m79[0m - Loss: [93m    0.552427[0m
INFO -- Epoch: [95m80[0m - Loss: [93m    0.552722[0m
INFO -- Epoch: [95m81[0m - Loss: [93m    0.553030[0m
INFO -- Epoch: [95m82[0m - Loss: [93m    0.552487[0m
INFO -- Epoch: [95m83[0m - Loss: [93m    0.552238[0m
INFO -- Epoch: [95m84[0m - Loss: [93m    0.552594[0m
INFO -- Epoch: [95m85[0m - Loss: [93m    0.553581[0m
INFO -- Epoch: [95m86[0m - Loss: [93m    0.552981[0m
INFO -- Epoch: [95m87[0m - Loss: [93m    0.554271[0m
INFO -- Epoch: [95m88[0m - Loss: [93m    0.554023[0m
INFO -- Epoch: [95m89[0m - Loss: [93m    0.553210[0m
INFO -- Epoch: [95m90[0m - Loss: [93m    0.552731[0m
INFO -- Epoch: [95m91[0m - Loss: [93m    0.553389[0m
INFO -- Epoch: [95m92[0m - Loss: [93m    0.553468[0m
INFO -- Epoch: [95m93[0m - Loss: [93m    0.553061[0m
INFO -- Epoch: [95m94[0m - Loss: [93m    0.553198[0m
INFO -- Epoch: [95m95[0m - Loss: [93m    0.553032[0m
INFO -- Epoch: [95m96[0m - Loss: [93m    0.553394[0m
INFO -- Epoch: [95m97[0m - Loss: [93m    0.552981[0m
INFO -- Epoch: [95m98[0m - Loss: [93m    0.553105[0m
INFO -- Epoch: [95m99[0m - Loss: [93m    0.553085[0m
INFO -- Epoch: [95m100[0m - Loss: [93m    0.552947[0m
INFO -- Epoch: [95m101[0m - Loss: [93m    0.552186[0m
INFO -- Epoch: [95m102[0m - Loss: [93m    0.553514[0m
INFO -- Epoch: [95m103[0m - Loss: [93m    0.552250[0m
INFO -- Epoch: [95m104[0m - Loss: [93m    0.552721[0m
INFO -- Epoch: [95m105[0m - Loss: [93m    0.552826[0m
INFO -- Epoch: [95m106[0m - Loss: [93m    0.553680[0m
INFO -- Epoch: [95m107[0m - Loss: [93m    0.553831[0m
INFO -- Epoch: [95m108[0m - Loss: [93m    0.553148[0m
INFO -- Epoch: [95m109[0m - Loss: [93m    0.553220[0m
INFO -- Epoch: [95m110[0m - Loss: [93m    0.552574[0m
INFO -- Epoch: [95m111[0m - Loss: [93m    0.553037[0m
INFO -- Epoch: [95m112[0m - Loss: [93m    0.553540[0m
INFO -- Epoch: [95m113[0m - Loss: [93m    0.552736[0m
INFO -- Epoch: [95m114[0m - Loss: [93m    0.552925[0m
INFO -- Epoch: [95m115[0m - Loss: [93m    0.552957[0m
INFO -- Epoch: [95m116[0m - Loss: [93m    0.553840[0m
INFO -- Epoch: [95m117[0m - Loss: [93m    0.552817[0m
INFO -- Epoch: [95m118[0m - Loss: [93m    0.553280[0m
INFO -- Epoch: [95m119[0m - Loss: [93m    0.553468[0m
INFO -- Epoch: [95m120[0m - Loss: [93m    0.553083[0m
INFO -- Epoch: [95m121[0m - Loss: [93m    0.553368[0m
INFO -- Epoch: [95m122[0m - Loss: [93m    0.553184[0m
INFO -- Epoch: [95m123[0m - Loss: [93m    0.552864[0m
INFO -- Epoch: [95m124[0m - Loss: [93m    0.552263[0m
INFO -- Epoch: [95m125[0m - Loss: [93m    0.552715[0m
INFO -- Epoch: [95m126[0m - Loss: [93m    0.553541[0m
INFO -- Epoch: [95m127[0m - Loss: [93m    0.552817[0m
INFO -- Epoch: [95m128[0m - Loss: [93m    0.552840[0m
INFO -- Epoch: [95m129[0m - Loss: [93m    0.553338[0m
INFO -- Epoch: [95m130[0m - Loss: [93m    0.552830[0m
INFO -- Epoch: [95m131[0m - Loss: [93m    0.552463[0m
INFO -- Epoch: [95m132[0m - Loss: [93m    0.552655[0m
INFO -- Epoch: [95m133[0m - Loss: [93m    0.552619[0m
INFO -- Epoch: [95m134[0m - Loss: [93m    0.553072[0m
INFO -- Epoch: [95m135[0m - Loss: [93m    0.553357[0m
INFO -- Epoch: [95m136[0m - Loss: [93m    0.553933[0m
INFO -- Epoch: [95m137[0m - Loss: [93m    0.553946[0m
INFO -- Epoch: [95m138[0m - Loss: [93m    0.553108[0m
INFO -- Epoch: [95m139[0m - Loss: [93m    0.553544[0m
INFO -- Epoch: [95m140[0m - Loss: [93m    0.553272[0m
INFO -- Epoch: [95m141[0m - Loss: [93m    0.553547[0m
INFO -- Epoch: [95m142[0m - Loss: [93m    0.553185[0m
INFO -- Epoch: [95m143[0m - Loss: [93m    0.553272[0m
INFO -- Epoch: [95m144[0m - Loss: [93m    0.553179[0m
INFO -- Epoch: [95m145[0m - Loss: [93m    0.553435[0m
INFO -- Epoch: [95m146[0m - Loss: [93m    0.553360[0m
INFO -- Epoch: [95m147[0m - Loss: [93m    0.553654[0m
INFO -- Epoch: [95m148[0m - Loss: [93m    0.553133[0m
INFO -- Epoch: [95m149[0m - Loss: [93m    0.552863[0m
INFO -- Epoch: [95m150[0m - Loss: [93m    0.552776[0m
INFO -- Epoch: [95m151[0m - Loss: [93m    0.552814[0m
INFO -- Epoch: [95m152[0m - Loss: [93m    0.553443[0m
INFO -- Epoch: [95m153[0m - Loss: [93m    0.552941[0m
INFO -- Epoch: [95m154[0m - Loss: [93m    0.554014[0m
INFO -- Epoch: [95m155[0m - Loss: [93m    0.552835[0m
INFO -- Epoch: [95m156[0m - Loss: [93m    0.552594[0m
INFO -- Epoch: [95m157[0m - Loss: [93m    0.552529[0m
INFO -- Epoch: [95m158[0m - Loss: [93m    0.553428[0m
INFO -- Epoch: [95m159[0m - Loss: [93m    0.552286[0m
INFO -- Epoch: [95m160[0m - Loss: [93m    0.552659[0m
INFO -- Epoch: [95m161[0m - Loss: [93m    0.552981[0m
INFO -- Epoch: [95m162[0m - Loss: [93m    0.552900[0m
INFO -- Epoch: [95m163[0m - Loss: [93m    0.553511[0m
INFO -- Epoch: [95m164[0m - Loss: [93m    0.552996[0m
INFO -- Epoch: [95m165[0m - Loss: [93m    0.552585[0m
INFO -- Epoch: [95m166[0m - Loss: [93m    0.552844[0m
INFO -- Epoch: [95m167[0m - Loss: [93m    0.552634[0m
INFO -- Epoch: [95m168[0m - Loss: [93m    0.552186[0m
INFO -- Epoch: [95m169[0m - Loss: [93m    0.552619[0m
INFO -- Epoch: [95m170[0m - Loss: [93m    0.553114[0m
INFO -- Epoch: [95m171[0m - Loss: [93m    0.552654[0m
INFO -- Epoch: [95m172[0m - Loss: [93m    0.552975[0m
INFO -- Epoch: [95m173[0m - Loss: [93m    0.552483[0m
INFO -- Epoch: [95m174[0m - Loss: [93m    0.552225[0m
INFO -- Epoch: [95m175[0m - Loss: [93m    0.552526[0m
INFO -- Epoch: [95m176[0m - Loss: [93m    0.553320[0m
INFO -- Epoch: [95m177[0m - Loss: [93m    0.553559[0m
INFO -- Epoch: [95m178[0m - Loss: [93m    0.552293[0m
INFO -- Epoch: [95m179[0m - Loss: [93m    0.552642[0m
INFO -- Epoch: [95m180[0m - Loss: [93m    0.553148[0m
INFO -- Epoch: [95m181[0m - Loss: [93m    0.552882[0m
INFO -- Epoch: [95m182[0m - Loss: [93m    0.553147[0m
INFO -- Epoch: [95m183[0m - Loss: [93m    0.553495[0m
INFO -- Epoch: [95m184[0m - Loss: [93m    0.552768[0m
INFO -- Epoch: [95m185[0m - Loss: [93m    0.552618[0m
INFO -- Epoch: [95m186[0m - Loss: [93m    0.553353[0m
INFO -- Epoch: [95m187[0m - Loss: [93m    0.553302[0m
INFO -- Epoch: [95m188[0m - Loss: [93m    0.552650[0m
INFO -- Epoch: [95m189[0m - Loss: [93m    0.552788[0m
INFO -- Epoch: [95m190[0m - Loss: [93m    0.552628[0m
INFO -- Epoch: [95m191[0m - Loss: [93m    0.552800[0m
INFO -- Epoch: [95m192[0m - Loss: [93m    0.553194[0m
INFO -- Epoch: [95m193[0m - Loss: [93m    0.553219[0m
INFO -- Epoch: [95m194[0m - Loss: [93m    0.552752[0m
INFO -- Epoch: [95m195[0m - Loss: [93m    0.553462[0m
INFO -- Epoch: [95m196[0m - Loss: [93m    0.553223[0m
INFO -- Epoch: [95m197[0m - Loss: [93m    0.552567[0m
INFO -- Training interrupted by user at epoch [91m198[0m
INFO -- Creating plots and saving to files. Dimensions: 1
