INFO -- Device: cuda
INFO -- One dimentional problem
INFO -- 
INFO -- ================================================================================
INFO -- Learning parameters
INFO -- Length:                                           [92m1.0[0m
INFO -- Total time:                                       [92m1.0[0m
INFO -- Number of points in x:                            [92m150[0m
INFO -- Number of points in t:                            [92m150[0m
INFO -- Number of points in initial condition:            [92m300[0m
INFO -- Weight for interior loss:                         [92m0.5[0m
INFO -- Weight for initial condition loss:                [92m150.0[0m
INFO -- Weight for boundary loss:                         [92m1.0[0m
INFO -- Layers:                                           [92m4[0m
INFO -- Neurons per layer:                                [92m20[0m
INFO -- Epochs:                                           [92m50[0m
INFO -- Learning rate:                                    [92m0.1[0m
INFO -- ================================================================================
INFO -- 
INFO -- Creating PINN with [92m4[0m layers and [92m20[0m neurons per layer
INFO -- Computing initial condition loss
INFO -- Training PINN for [93m50[0m epochs using [93mloss_fn_weak_and_strong[0m loss function
INFO -- Epoch: [95m1[0m - Loss: [93m    1.339651[0m
INFO -- Epoch: [95m2[0m - Loss: [93m    0.567223[0m
INFO -- Epoch: [95m3[0m - Loss: [93m    1.948888[0m
INFO -- Epoch: [95m4[0m - Loss: [93m    2.850549[0m
INFO -- Epoch: [95m5[0m - Loss: [93m    1.021831[0m
INFO -- Epoch: [95m6[0m - Loss: [93m    0.779594[0m
INFO -- Epoch: [95m7[0m - Loss: [93m    1.574418[0m
INFO -- Epoch: [95m8[0m - Loss: [93m    0.963967[0m
INFO -- Epoch: [95m9[0m - Loss: [93m    0.575000[0m
INFO -- Epoch: [95m10[0m - Loss: [93m    1.088250[0m
INFO -- Epoch: [95m11[0m - Loss: [93m    1.096505[0m
INFO -- Epoch: [95m12[0m - Loss: [93m    0.626190[0m
INFO -- Epoch: [95m13[0m - Loss: [93m    0.660512[0m
INFO -- Epoch: [95m14[0m - Loss: [93m    0.972285[0m
INFO -- Epoch: [95m15[0m - Loss: [93m    0.833786[0m
INFO -- Epoch: [95m16[0m - Loss: [93m    0.565699[0m
INFO -- Epoch: [95m17[0m - Loss: [93m    0.675617[0m
INFO -- Epoch: [95m18[0m - Loss: [93m    0.844160[0m
INFO -- Epoch: [95m19[0m - Loss: [93m    0.700796[0m
INFO -- Epoch: [95m20[0m - Loss: [93m    0.555502[0m
INFO -- Epoch: [95m21[0m - Loss: [93m    0.667109[0m
INFO -- Epoch: [95m22[0m - Loss: [93m    0.748435[0m
INFO -- Epoch: [95m23[0m - Loss: [93m    0.625152[0m
INFO -- Epoch: [95m24[0m - Loss: [93m    0.558784[0m
INFO -- Epoch: [95m25[0m - Loss: [93m    0.654704[0m
INFO -- Epoch: [95m26[0m - Loss: [93m    0.677534[0m
INFO -- Epoch: [95m27[0m - Loss: [93m    0.580884[0m
INFO -- Epoch: [95m28[0m - Loss: [93m    0.568650[0m
INFO -- Epoch: [95m29[0m - Loss: [93m    0.639952[0m
INFO -- Epoch: [95m30[0m - Loss: [93m    0.623404[0m
INFO -- Epoch: [95m31[0m - Loss: [93m    0.559306[0m
INFO -- Epoch: [95m32[0m - Loss: [93m    0.580908[0m
INFO -- Epoch: [95m33[0m - Loss: [93m    0.620198[0m
INFO -- Epoch: [95m34[0m - Loss: [93m    0.583753[0m
INFO -- Epoch: [95m35[0m - Loss: [93m    0.556039[0m
INFO -- Epoch: [95m36[0m - Loss: [93m    0.589242[0m
INFO -- Epoch: [95m37[0m - Loss: [93m    0.595319[0m
INFO -- Epoch: [95m38[0m - Loss: [93m    0.560780[0m
INFO -- Epoch: [95m39[0m - Loss: [93m    0.564260[0m
INFO -- Epoch: [95m40[0m - Loss: [93m    0.587288[0m
INFO -- Epoch: [95m41[0m - Loss: [93m    0.571123[0m
INFO -- Epoch: [95m42[0m - Loss: [93m    0.555637[0m
INFO -- Epoch: [95m43[0m - Loss: [93m    0.572762[0m
INFO -- Epoch: [95m44[0m - Loss: [93m    0.574684[0m
INFO -- Epoch: [95m45[0m - Loss: [93m    0.557016[0m
INFO -- Epoch: [95m46[0m - Loss: [93m    0.561868[0m
INFO -- Epoch: [95m47[0m - Loss: [93m    0.571730[0m
INFO -- Epoch: [95m48[0m - Loss: [93m    0.560461[0m
INFO -- Epoch: [95m49[0m - Loss: [93m    0.556734[0m
INFO -- Epoch: [95m50[0m - Loss: [93m    0.566467[0m
INFO -- Creating plots and saving to files. Dimensions: 1
