INFO -- Device: cuda
INFO -- 
INFO -- ================================================================================
INFO -- Learning parameters
INFO -- Length:                                           [92m1.0[0m
INFO -- Total time:                                       [92m1.0[0m
INFO -- Number of points in x:                            [92m150[0m
INFO -- Number of points in initial condition:            [92m300[0m
INFO -- Weight for interior loss:                         [92m0.5[0m
INFO -- Weight for initial condition loss:                [92m150.0[0m
INFO -- Weight for boundary loss:                         [92m1.0[0m
INFO -- Layers:                                           [92m2[0m
INFO -- Neurons per layer:                                [92m60[0m
INFO -- Epochs:                                           [92m50000[0m
INFO -- Learning rate:                                    [92m0.0025[0m
INFO -- ================================================================================
INFO -- 
INFO -- Creating PINN with [92m2[0m layers and [92m60[0m neurons per layer
INFO -- Computing initial condition loss
INFO -- Training PINN for [93m50000[0m epochs using [93mloss_fn_colocation[0m loss function
INFO -- Epoch: [95m1[0m - Loss: [93m    1.594863[0m
INFO -- Epoch: [95m2[0m - Loss: [93m    0.983354[0m
INFO -- Epoch: [95m3[0m - Loss: [93m    0.654091[0m
INFO -- Epoch: [95m4[0m - Loss: [93m    0.565096[0m
INFO -- Epoch: [95m5[0m - Loss: [93m    0.618317[0m
INFO -- Epoch: [95m6[0m - Loss: [93m    0.678921[0m
INFO -- Epoch: [95m7[0m - Loss: [93m    0.681875[0m
INFO -- Epoch: [95m8[0m - Loss: [93m    0.763765[0m
INFO -- Epoch: [95m9[0m - Loss: [93m    0.611491[0m
INFO -- Epoch: [95m10[0m - Loss: [93m    0.622385[0m
INFO -- Epoch: [95m11[0m - Loss: [93m    0.650467[0m
INFO -- Epoch: [95m12[0m - Loss: [93m    0.574601[0m
INFO -- Epoch: [95m13[0m - Loss: [93m    0.683785[0m
INFO -- Epoch: [95m14[0m - Loss: [93m    0.619272[0m
INFO -- Epoch: [95m15[0m - Loss: [93m    0.598825[0m
INFO -- Epoch: [95m16[0m - Loss: [93m    0.539747[0m
INFO -- Epoch: [95m17[0m - Loss: [93m    0.555163[0m
INFO -- Epoch: [95m18[0m - Loss: [93m    0.549752[0m
INFO -- Epoch: [95m19[0m - Loss: [93m    0.558497[0m
INFO -- Epoch: [95m20[0m - Loss: [93m    0.567784[0m
INFO -- Epoch: [95m21[0m - Loss: [93m    0.575383[0m
INFO -- Epoch: [95m22[0m - Loss: [93m    0.578545[0m
INFO -- Epoch: [95m23[0m - Loss: [93m    0.583770[0m
INFO -- Epoch: [95m24[0m - Loss: [93m    0.571765[0m
INFO -- Epoch: [95m25[0m - Loss: [93m    0.562889[0m
INFO -- Epoch: [95m26[0m - Loss: [93m    0.552478[0m
INFO -- Epoch: [95m27[0m - Loss: [93m    0.542113[0m
INFO -- Epoch: [95m28[0m - Loss: [93m    0.534786[0m
INFO -- Epoch: [95m29[0m - Loss: [93m    0.537573[0m
INFO -- Epoch: [95m30[0m - Loss: [93m    0.570288[0m
INFO -- Epoch: [95m31[0m - Loss: [93m    0.521025[0m
INFO -- Epoch: [95m32[0m - Loss: [93m    0.511966[0m
INFO -- Epoch: [95m33[0m - Loss: [93m    0.577340[0m
INFO -- Epoch: [95m34[0m - Loss: [93m    0.544633[0m
INFO -- Epoch: [95m35[0m - Loss: [93m    0.513758[0m
INFO -- Epoch: [95m36[0m - Loss: [93m    0.511970[0m
INFO -- Epoch: [95m37[0m - Loss: [93m    0.556244[0m
INFO -- Epoch: [95m38[0m - Loss: [93m    0.515342[0m
INFO -- Epoch: [95m39[0m - Loss: [93m    0.564328[0m
INFO -- Epoch: [95m40[0m - Loss: [93m    0.520222[0m
INFO -- Epoch: [95m41[0m - Loss: [93m    0.525793[0m
INFO -- Epoch: [95m42[0m - Loss: [93m    0.565249[0m
INFO -- Epoch: [95m43[0m - Loss: [93m    0.517537[0m
INFO -- Epoch: [95m44[0m - Loss: [93m    0.518558[0m
INFO -- Epoch: [95m45[0m - Loss: [93m    0.543323[0m
INFO -- Epoch: [95m46[0m - Loss: [93m    0.543778[0m
INFO -- Epoch: [95m47[0m - Loss: [93m    0.525127[0m
INFO -- Epoch: [95m48[0m - Loss: [93m    0.523359[0m
INFO -- Epoch: [95m49[0m - Loss: [93m    0.543561[0m
INFO -- Epoch: [95m50[0m - Loss: [93m    0.524814[0m
INFO -- Epoch: [95m51[0m - Loss: [93m    0.526996[0m
INFO -- Epoch: [95m52[0m - Loss: [93m    0.527938[0m
INFO -- Epoch: [95m53[0m - Loss: [93m    0.529326[0m
INFO -- Epoch: [95m54[0m - Loss: [93m    0.526196[0m
INFO -- Epoch: [95m55[0m - Loss: [93m    0.525798[0m
INFO -- Epoch: [95m56[0m - Loss: [93m    0.520232[0m
INFO -- Epoch: [95m57[0m - Loss: [93m    0.563543[0m
INFO -- Epoch: [95m58[0m - Loss: [93m    0.557185[0m
INFO -- Epoch: [95m59[0m - Loss: [93m    0.543436[0m
INFO -- Epoch: [95m60[0m - Loss: [93m    0.542608[0m
INFO -- Epoch: [95m61[0m - Loss: [93m    0.541967[0m
INFO -- Epoch: [95m62[0m - Loss: [93m    0.532597[0m
INFO -- Epoch: [95m63[0m - Loss: [93m    0.538030[0m
INFO -- Epoch: [95m64[0m - Loss: [93m    0.535349[0m
INFO -- Epoch: [95m65[0m - Loss: [93m    0.530724[0m
INFO -- Epoch: [95m66[0m - Loss: [93m    0.530545[0m
INFO -- Epoch: [95m67[0m - Loss: [93m    0.529427[0m
INFO -- Epoch: [95m68[0m - Loss: [93m    0.538652[0m
INFO -- Epoch: [95m69[0m - Loss: [93m    0.542843[0m
INFO -- Epoch: [95m70[0m - Loss: [93m    0.529224[0m
INFO -- Epoch: [95m71[0m - Loss: [93m    0.543741[0m
INFO -- Epoch: [95m72[0m - Loss: [93m    0.523344[0m
INFO -- Epoch: [95m73[0m - Loss: [93m    0.542685[0m
INFO -- Epoch: [95m74[0m - Loss: [93m    0.527285[0m
INFO -- Epoch: [95m75[0m - Loss: [93m    0.533878[0m
INFO -- Epoch: [95m76[0m - Loss: [93m    0.533911[0m
INFO -- Epoch: [95m77[0m - Loss: [93m    0.526512[0m
INFO -- Epoch: [95m78[0m - Loss: [93m    0.524846[0m
INFO -- Epoch: [95m79[0m - Loss: [93m    0.524295[0m
INFO -- Epoch: [95m80[0m - Loss: [93m    0.543715[0m
INFO -- Epoch: [95m81[0m - Loss: [93m    0.534418[0m
INFO -- Epoch: [95m82[0m - Loss: [93m    0.533986[0m
INFO -- Epoch: [95m83[0m - Loss: [93m    0.528067[0m
INFO -- Epoch: [95m84[0m - Loss: [93m    0.520070[0m
INFO -- Epoch: [95m85[0m - Loss: [93m    0.523297[0m
INFO -- Epoch: [95m86[0m - Loss: [93m    0.517723[0m
INFO -- Epoch: [95m87[0m - Loss: [93m    0.520533[0m
INFO -- Epoch: [95m88[0m - Loss: [93m    0.553016[0m
INFO -- Epoch: [95m89[0m - Loss: [93m    0.536878[0m
INFO -- Epoch: [95m90[0m - Loss: [93m    0.542245[0m
INFO -- Epoch: [95m91[0m - Loss: [93m    0.541542[0m
INFO -- Epoch: [95m92[0m - Loss: [93m    0.520947[0m
INFO -- Epoch: [95m93[0m - Loss: [93m    0.533578[0m
INFO -- Epoch: [95m94[0m - Loss: [93m    0.524291[0m
INFO -- Epoch: [95m95[0m - Loss: [93m    0.525190[0m
INFO -- Epoch: [95m96[0m - Loss: [93m    0.532659[0m
INFO -- Epoch: [95m97[0m - Loss: [93m    0.519118[0m
INFO -- Epoch: [95m98[0m - Loss: [93m    0.548622[0m
INFO -- Epoch: [95m99[0m - Loss: [93m    0.527791[0m
INFO -- Epoch: [95m100[0m - Loss: [93m    0.540454[0m
INFO -- Epoch: [95m101[0m - Loss: [93m    0.519059[0m
INFO -- Epoch: [95m102[0m - Loss: [93m    0.542088[0m
INFO -- Epoch: [95m103[0m - Loss: [93m    0.552836[0m
INFO -- Epoch: [95m104[0m - Loss: [93m    0.521729[0m
INFO -- Epoch: [95m105[0m - Loss: [93m    0.534169[0m
INFO -- Epoch: [95m106[0m - Loss: [93m    0.537361[0m
INFO -- Epoch: [95m107[0m - Loss: [93m    0.538645[0m
INFO -- Epoch: [95m108[0m - Loss: [93m    0.533543[0m
INFO -- Epoch: [95m109[0m - Loss: [93m    0.535429[0m
INFO -- Epoch: [95m110[0m - Loss: [93m    0.533019[0m
INFO -- Epoch: [95m111[0m - Loss: [93m    0.532500[0m
INFO -- Epoch: [95m112[0m - Loss: [93m    0.537360[0m
INFO -- Epoch: [95m113[0m - Loss: [93m    0.525590[0m
INFO -- Epoch: [95m114[0m - Loss: [93m    0.534250[0m
INFO -- Epoch: [95m115[0m - Loss: [93m    0.523254[0m
INFO -- Epoch: [95m116[0m - Loss: [93m    0.535466[0m
INFO -- Epoch: [95m117[0m - Loss: [93m    0.535020[0m
INFO -- Epoch: [95m118[0m - Loss: [93m    0.547341[0m
INFO -- Epoch: [95m119[0m - Loss: [93m    0.516042[0m
INFO -- Epoch: [95m120[0m - Loss: [93m    0.523380[0m
INFO -- Epoch: [95m121[0m - Loss: [93m    0.549843[0m
INFO -- Epoch: [95m122[0m - Loss: [93m    0.515798[0m
INFO -- Epoch: [95m123[0m - Loss: [93m    0.530131[0m
INFO -- Epoch: [95m124[0m - Loss: [93m    0.514736[0m
INFO -- Epoch: [95m125[0m - Loss: [93m    0.561165[0m
INFO -- Epoch: [95m126[0m - Loss: [93m    0.519301[0m
INFO -- Epoch: [95m127[0m - Loss: [93m    0.531210[0m
INFO -- Epoch: [95m128[0m - Loss: [93m    0.520399[0m
INFO -- Epoch: [95m129[0m - Loss: [93m    0.524115[0m
INFO -- Epoch: [95m130[0m - Loss: [93m    0.518923[0m
INFO -- Epoch: [95m131[0m - Loss: [93m    0.556763[0m
INFO -- Epoch: [95m132[0m - Loss: [93m    0.523053[0m
INFO -- Epoch: [95m133[0m - Loss: [93m    0.540868[0m
INFO -- Epoch: [95m134[0m - Loss: [93m    0.537039[0m
INFO -- Epoch: [95m135[0m - Loss: [93m    0.520697[0m
INFO -- Epoch: [95m136[0m - Loss: [93m    0.524726[0m
INFO -- Epoch: [95m137[0m - Loss: [93m    0.521707[0m
INFO -- Epoch: [95m138[0m - Loss: [93m    0.535022[0m
INFO -- Epoch: [95m139[0m - Loss: [93m    0.533609[0m
INFO -- Epoch: [95m140[0m - Loss: [93m    0.537764[0m
INFO -- Epoch: [95m141[0m - Loss: [93m    0.522225[0m
INFO -- Epoch: [95m142[0m - Loss: [93m    0.514610[0m
INFO -- Epoch: [95m143[0m - Loss: [93m    0.512117[0m
INFO -- Epoch: [95m144[0m - Loss: [93m    0.513817[0m
INFO -- Epoch: [95m145[0m - Loss: [93m    0.534395[0m
INFO -- Epoch: [95m146[0m - Loss: [93m    0.506061[0m
INFO -- Epoch: [95m147[0m - Loss: [93m    0.522794[0m
INFO -- Epoch: [95m148[0m - Loss: [93m    0.521384[0m
INFO -- Epoch: [95m149[0m - Loss: [93m    0.509253[0m
INFO -- Epoch: [95m150[0m - Loss: [93m    0.511279[0m
INFO -- Epoch: [95m151[0m - Loss: [93m    0.499881[0m
INFO -- Epoch: [95m152[0m - Loss: [93m    0.501621[0m
INFO -- Epoch: [95m153[0m - Loss: [93m    0.509548[0m
INFO -- Epoch: [95m154[0m - Loss: [93m    0.573024[0m
INFO -- Epoch: [95m155[0m - Loss: [93m    0.514289[0m
INFO -- Epoch: [95m156[0m - Loss: [93m    0.582579[0m
INFO -- Epoch: [95m157[0m - Loss: [93m    0.552928[0m
INFO -- Epoch: [95m158[0m - Loss: [93m    0.520429[0m
INFO -- Epoch: [95m159[0m - Loss: [93m    0.531885[0m
INFO -- Epoch: [95m160[0m - Loss: [93m    0.529079[0m
INFO -- Epoch: [95m161[0m - Loss: [93m    0.532659[0m
INFO -- Epoch: [95m162[0m - Loss: [93m    0.533396[0m
INFO -- Epoch: [95m163[0m - Loss: [93m    0.532824[0m
INFO -- Epoch: [95m164[0m - Loss: [93m    0.534148[0m
INFO -- Epoch: [95m165[0m - Loss: [93m    0.526084[0m
INFO -- Epoch: [95m166[0m - Loss: [93m    0.523007[0m
INFO -- Epoch: [95m167[0m - Loss: [93m    0.518306[0m
INFO -- Epoch: [95m168[0m - Loss: [93m    0.512420[0m
INFO -- Epoch: [95m169[0m - Loss: [93m    0.544806[0m
INFO -- Epoch: [95m170[0m - Loss: [93m    0.529056[0m
INFO -- Epoch: [95m171[0m - Loss: [93m    0.501297[0m
INFO -- Epoch: [95m172[0m - Loss: [93m    0.555121[0m
INFO -- Epoch: [95m173[0m - Loss: [93m    0.549678[0m
INFO -- Epoch: [95m174[0m - Loss: [93m    0.524474[0m
INFO -- Epoch: [95m175[0m - Loss: [93m    0.553859[0m
INFO -- Epoch: [95m176[0m - Loss: [93m    0.510649[0m
INFO -- Epoch: [95m177[0m - Loss: [93m    0.522814[0m
INFO -- Epoch: [95m178[0m - Loss: [93m    0.530103[0m
INFO -- Epoch: [95m179[0m - Loss: [93m    0.544139[0m
INFO -- Epoch: [95m180[0m - Loss: [93m    0.531433[0m
INFO -- Epoch: [95m181[0m - Loss: [93m    0.536155[0m
INFO -- Epoch: [95m182[0m - Loss: [93m    0.537214[0m
INFO -- Epoch: [95m183[0m - Loss: [93m    0.545443[0m
INFO -- Epoch: [95m184[0m - Loss: [93m    0.537207[0m
INFO -- Epoch: [95m185[0m - Loss: [93m    0.535824[0m
INFO -- Epoch: [95m186[0m - Loss: [93m    0.531741[0m
INFO -- Epoch: [95m187[0m - Loss: [93m    0.526011[0m
INFO -- Epoch: [95m188[0m - Loss: [93m    0.534704[0m
INFO -- Epoch: [95m189[0m - Loss: [93m    0.517785[0m
INFO -- Epoch: [95m190[0m - Loss: [93m    0.514245[0m
INFO -- Epoch: [95m191[0m - Loss: [93m    0.536597[0m
INFO -- Epoch: [95m192[0m - Loss: [93m    0.519846[0m
INFO -- Epoch: [95m193[0m - Loss: [93m    0.540847[0m
INFO -- Epoch: [95m194[0m - Loss: [93m    0.510375[0m
INFO -- Epoch: [95m195[0m - Loss: [93m    0.568722[0m
INFO -- Epoch: [95m196[0m - Loss: [93m    0.566435[0m
INFO -- Epoch: [95m197[0m - Loss: [93m    0.520695[0m
INFO -- Epoch: [95m198[0m - Loss: [93m    0.563895[0m
INFO -- Epoch: [95m199[0m - Loss: [93m    0.539397[0m
INFO -- Epoch: [95m200[0m - Loss: [93m    0.530028[0m
INFO -- Epoch: [95m201[0m - Loss: [93m    0.539377[0m
INFO -- Epoch: [95m202[0m - Loss: [93m    0.547172[0m
INFO -- Epoch: [95m203[0m - Loss: [93m    0.549676[0m
INFO -- Epoch: [95m204[0m - Loss: [93m    0.543303[0m
INFO -- Epoch: [95m205[0m - Loss: [93m    0.548259[0m
INFO -- Epoch: [95m206[0m - Loss: [93m    0.543701[0m
INFO -- Epoch: [95m207[0m - Loss: [93m    0.538501[0m
INFO -- Epoch: [95m208[0m - Loss: [93m    0.527782[0m
INFO -- Epoch: [95m209[0m - Loss: [93m    0.522085[0m
INFO -- Epoch: [95m210[0m - Loss: [93m    0.521014[0m
INFO -- Epoch: [95m211[0m - Loss: [93m    0.532341[0m
INFO -- Epoch: [95m212[0m - Loss: [93m    0.548676[0m
INFO -- Epoch: [95m213[0m - Loss: [93m    0.519483[0m
INFO -- Epoch: [95m214[0m - Loss: [93m    0.527470[0m
INFO -- Epoch: [95m215[0m - Loss: [93m    0.565153[0m
INFO -- Epoch: [95m216[0m - Loss: [93m    0.504300[0m
INFO -- Epoch: [95m217[0m - Loss: [93m    0.538278[0m
INFO -- Epoch: [95m218[0m - Loss: [93m    0.510715[0m
INFO -- Epoch: [95m219[0m - Loss: [93m    0.514867[0m
INFO -- Epoch: [95m220[0m - Loss: [93m    0.517187[0m
INFO -- Epoch: [95m221[0m - Loss: [93m    0.556783[0m
INFO -- Epoch: [95m222[0m - Loss: [93m    0.511035[0m
INFO -- Epoch: [95m223[0m - Loss: [93m    0.521594[0m
INFO -- Epoch: [95m224[0m - Loss: [93m    0.516827[0m
INFO -- Epoch: [95m225[0m - Loss: [93m    0.516410[0m
INFO -- Epoch: [95m226[0m - Loss: [93m    0.526067[0m
INFO -- Epoch: [95m227[0m - Loss: [93m    0.531009[0m
INFO -- Epoch: [95m228[0m - Loss: [93m    0.541434[0m
INFO -- Epoch: [95m229[0m - Loss: [93m    0.515945[0m
INFO -- Epoch: [95m230[0m - Loss: [93m    0.540108[0m
INFO -- Epoch: [95m231[0m - Loss: [93m    0.526108[0m
INFO -- Epoch: [95m232[0m - Loss: [93m    0.539192[0m
INFO -- Epoch: [95m233[0m - Loss: [93m    0.517508[0m
INFO -- Epoch: [95m234[0m - Loss: [93m    0.519381[0m
INFO -- Epoch: [95m235[0m - Loss: [93m    0.521482[0m
INFO -- Epoch: [95m236[0m - Loss: [93m    0.540075[0m
INFO -- Epoch: [95m237[0m - Loss: [93m    0.537126[0m
INFO -- Epoch: [95m238[0m - Loss: [93m    0.530204[0m
INFO -- Epoch: [95m239[0m - Loss: [93m    0.516722[0m
INFO -- Epoch: [95m240[0m - Loss: [93m    0.522002[0m
INFO -- Epoch: [95m241[0m - Loss: [93m    0.526013[0m
INFO -- Epoch: [95m242[0m - Loss: [93m    0.515212[0m
INFO -- Epoch: [95m243[0m - Loss: [93m    0.540010[0m
INFO -- Epoch: [95m244[0m - Loss: [93m    0.515918[0m
INFO -- Epoch: [95m245[0m - Loss: [93m    0.509649[0m
INFO -- Epoch: [95m246[0m - Loss: [93m    0.510998[0m
INFO -- Epoch: [95m247[0m - Loss: [93m    0.536812[0m
INFO -- Epoch: [95m248[0m - Loss: [93m    0.525317[0m
INFO -- Epoch: [95m249[0m - Loss: [93m    0.541428[0m
INFO -- Epoch: [95m250[0m - Loss: [93m    0.512518[0m
INFO -- Epoch: [95m251[0m - Loss: [93m    0.543523[0m
INFO -- Epoch: [95m252[0m - Loss: [93m    0.530491[0m
INFO -- Epoch: [95m253[0m - Loss: [93m    0.509172[0m
INFO -- Epoch: [95m254[0m - Loss: [93m    0.516537[0m
INFO -- Epoch: [95m255[0m - Loss: [93m    0.525546[0m
INFO -- Epoch: [95m256[0m - Loss: [93m    0.531584[0m
INFO -- Epoch: [95m257[0m - Loss: [93m    0.521203[0m
INFO -- Epoch: [95m258[0m - Loss: [93m    0.542854[0m
INFO -- Epoch: [95m259[0m - Loss: [93m    0.515333[0m
INFO -- Epoch: [95m260[0m - Loss: [93m    0.535140[0m
INFO -- Epoch: [95m261[0m - Loss: [93m    0.517217[0m
INFO -- Epoch: [95m262[0m - Loss: [93m    0.525981[0m
INFO -- Epoch: [95m263[0m - Loss: [93m    0.517927[0m
INFO -- Epoch: [95m264[0m - Loss: [93m    0.533993[0m
INFO -- Epoch: [95m265[0m - Loss: [93m    0.529751[0m
INFO -- Epoch: [95m266[0m - Loss: [93m    0.540838[0m
INFO -- Epoch: [95m267[0m - Loss: [93m    0.539358[0m
INFO -- Epoch: [95m268[0m - Loss: [93m    0.515878[0m
INFO -- Epoch: [95m269[0m - Loss: [93m    0.521061[0m
INFO -- Epoch: [95m270[0m - Loss: [93m    0.513963[0m
INFO -- Epoch: [95m271[0m - Loss: [93m    0.521859[0m
INFO -- Epoch: [95m272[0m - Loss: [93m    0.518994[0m
INFO -- Epoch: [95m273[0m - Loss: [93m    0.519397[0m
INFO -- Epoch: [95m274[0m - Loss: [93m    0.514032[0m
INFO -- Epoch: [95m275[0m - Loss: [93m    0.533019[0m
INFO -- Epoch: [95m276[0m - Loss: [93m    0.519252[0m
INFO -- Epoch: [95m277[0m - Loss: [93m    0.508428[0m
INFO -- Epoch: [95m278[0m - Loss: [93m    0.505338[0m
INFO -- Epoch: [95m279[0m - Loss: [93m    0.548597[0m
INFO -- Epoch: [95m280[0m - Loss: [93m    0.498619[0m
INFO -- Epoch: [95m281[0m - Loss: [93m    0.505526[0m
INFO -- Epoch: [95m282[0m - Loss: [93m    0.498950[0m
INFO -- Epoch: [95m283[0m - Loss: [93m    0.521714[0m
INFO -- Epoch: [95m284[0m - Loss: [93m    0.574344[0m
INFO -- Epoch: [95m285[0m - Loss: [93m    0.509701[0m
INFO -- Epoch: [95m286[0m - Loss: [93m    0.512715[0m
INFO -- Epoch: [95m287[0m - Loss: [93m    0.536817[0m
INFO -- Epoch: [95m288[0m - Loss: [93m    0.532860[0m
INFO -- Epoch: [95m289[0m - Loss: [93m    0.549462[0m
INFO -- Epoch: [95m290[0m - Loss: [93m    0.516604[0m
INFO -- Epoch: [95m291[0m - Loss: [93m    0.542051[0m
INFO -- Epoch: [95m292[0m - Loss: [93m    0.524640[0m
INFO -- Epoch: [95m293[0m - Loss: [93m    0.533610[0m
INFO -- Epoch: [95m294[0m - Loss: [93m    0.527765[0m
INFO -- Epoch: [95m295[0m - Loss: [93m    0.532463[0m
INFO -- Epoch: [95m296[0m - Loss: [93m    0.529640[0m
INFO -- Epoch: [95m297[0m - Loss: [93m    0.538244[0m
INFO -- Epoch: [95m298[0m - Loss: [93m    0.530297[0m
INFO -- Epoch: [95m299[0m - Loss: [93m    0.513141[0m
INFO -- Epoch: [95m300[0m - Loss: [93m    0.514992[0m
INFO -- Epoch: [95m301[0m - Loss: [93m    0.504627[0m
INFO -- Epoch: [95m302[0m - Loss: [93m    0.519235[0m
INFO -- Epoch: [95m303[0m - Loss: [93m    0.503293[0m
INFO -- Epoch: [95m304[0m - Loss: [93m    0.495805[0m
INFO -- Epoch: [95m305[0m - Loss: [93m    0.527217[0m
INFO -- Epoch: [95m306[0m - Loss: [93m    0.496444[0m
INFO -- Epoch: [95m307[0m - Loss: [93m    0.496763[0m
INFO -- Epoch: [95m308[0m - Loss: [93m    0.584960[0m
INFO -- Epoch: [95m309[0m - Loss: [93m    0.493481[0m
INFO -- Epoch: [95m310[0m - Loss: [93m    0.549259[0m
INFO -- Epoch: [95m311[0m - Loss: [93m    0.506922[0m
INFO -- Epoch: [95m312[0m - Loss: [93m    0.598799[0m
INFO -- Epoch: [95m313[0m - Loss: [93m    0.560237[0m
INFO -- Epoch: [95m314[0m - Loss: [93m    0.538546[0m
INFO -- Epoch: [95m315[0m - Loss: [93m    0.532845[0m
INFO -- Epoch: [95m316[0m - Loss: [93m    0.535896[0m
INFO -- Epoch: [95m317[0m - Loss: [93m    0.541919[0m
INFO -- Epoch: [95m318[0m - Loss: [93m    0.547921[0m
INFO -- Epoch: [95m319[0m - Loss: [93m    0.553260[0m
INFO -- Epoch: [95m320[0m - Loss: [93m    0.548508[0m
INFO -- Epoch: [95m321[0m - Loss: [93m    0.541995[0m
INFO -- Epoch: [95m322[0m - Loss: [93m    0.539756[0m
INFO -- Epoch: [95m323[0m - Loss: [93m    0.527704[0m
INFO -- Epoch: [95m324[0m - Loss: [93m    0.516790[0m
INFO -- Epoch: [95m325[0m - Loss: [93m    0.518354[0m
INFO -- Epoch: [95m326[0m - Loss: [93m    0.518115[0m
INFO -- Epoch: [95m327[0m - Loss: [93m    0.509311[0m
INFO -- Epoch: [95m328[0m - Loss: [93m    0.502795[0m
INFO -- Epoch: [95m329[0m - Loss: [93m    0.560957[0m
INFO -- Epoch: [95m330[0m - Loss: [93m    0.510421[0m
INFO -- Epoch: [95m331[0m - Loss: [93m    0.609504[0m
INFO -- Epoch: [95m332[0m - Loss: [93m    0.499275[0m
INFO -- Epoch: [95m333[0m - Loss: [93m    0.523765[0m
INFO -- Epoch: [95m334[0m - Loss: [93m    0.507892[0m
INFO -- Epoch: [95m335[0m - Loss: [93m    0.546289[0m
INFO -- Epoch: [95m336[0m - Loss: [93m    0.558840[0m
INFO -- Epoch: [95m337[0m - Loss: [93m    0.512514[0m
INFO -- Epoch: [95m338[0m - Loss: [93m    0.518730[0m
INFO -- Epoch: [95m339[0m - Loss: [93m    0.519336[0m
INFO -- Epoch: [95m340[0m - Loss: [93m    0.536599[0m
INFO -- Epoch: [95m341[0m - Loss: [93m    0.531590[0m
INFO -- Epoch: [95m342[0m - Loss: [93m    0.524126[0m
INFO -- Epoch: [95m343[0m - Loss: [93m    0.536124[0m
INFO -- Epoch: [95m344[0m - Loss: [93m    0.529129[0m
INFO -- Epoch: [95m345[0m - Loss: [93m    0.525546[0m
INFO -- Epoch: [95m346[0m - Loss: [93m    0.525780[0m
INFO -- Epoch: [95m347[0m - Loss: [93m    0.517528[0m
INFO -- Epoch: [95m348[0m - Loss: [93m    0.523233[0m
INFO -- Epoch: [95m349[0m - Loss: [93m    0.520345[0m
INFO -- Epoch: [95m350[0m - Loss: [93m    0.533108[0m
INFO -- Epoch: [95m351[0m - Loss: [93m    0.558828[0m
INFO -- Epoch: [95m352[0m - Loss: [93m    0.505324[0m
INFO -- Epoch: [95m353[0m - Loss: [93m    0.504487[0m
INFO -- Epoch: [95m354[0m - Loss: [93m    0.526181[0m
INFO -- Epoch: [95m355[0m - Loss: [93m    0.501949[0m
INFO -- Epoch: [95m356[0m - Loss: [93m    0.540943[0m
INFO -- Epoch: [95m357[0m - Loss: [93m    0.500563[0m
INFO -- Epoch: [95m358[0m - Loss: [93m    0.519760[0m
INFO -- Epoch: [95m359[0m - Loss: [93m    0.510324[0m
INFO -- Epoch: [95m360[0m - Loss: [93m    0.557697[0m
INFO -- Epoch: [95m361[0m - Loss: [93m    0.541872[0m
INFO -- Epoch: [95m362[0m - Loss: [93m    0.548551[0m
INFO -- Epoch: [95m363[0m - Loss: [93m    0.535711[0m
INFO -- Epoch: [95m364[0m - Loss: [93m    0.533633[0m
INFO -- Epoch: [95m365[0m - Loss: [93m    0.521469[0m
INFO -- Epoch: [95m366[0m - Loss: [93m    0.524161[0m
INFO -- Epoch: [95m367[0m - Loss: [93m    0.530635[0m
INFO -- Epoch: [95m368[0m - Loss: [93m    0.524763[0m
INFO -- Epoch: [95m369[0m - Loss: [93m    0.533244[0m
INFO -- Epoch: [95m370[0m - Loss: [93m    0.523214[0m
INFO -- Epoch: [95m371[0m - Loss: [93m    0.521697[0m
INFO -- Epoch: [95m372[0m - Loss: [93m    0.530026[0m
INFO -- Epoch: [95m373[0m - Loss: [93m    0.531909[0m
INFO -- Epoch: [95m374[0m - Loss: [93m    0.516335[0m
INFO -- Epoch: [95m375[0m - Loss: [93m    0.542544[0m
INFO -- Epoch: [95m376[0m - Loss: [93m    0.564250[0m
INFO -- Epoch: [95m377[0m - Loss: [93m    0.550906[0m
INFO -- Epoch: [95m378[0m - Loss: [93m    0.543497[0m
INFO -- Epoch: [95m379[0m - Loss: [93m    0.524082[0m
INFO -- Epoch: [95m380[0m - Loss: [93m    0.521345[0m
INFO -- Epoch: [95m381[0m - Loss: [93m    0.534644[0m
INFO -- Epoch: [95m382[0m - Loss: [93m    0.525645[0m
INFO -- Epoch: [95m383[0m - Loss: [93m    0.537295[0m
INFO -- Epoch: [95m384[0m - Loss: [93m    0.548351[0m
INFO -- Epoch: [95m385[0m - Loss: [93m    0.526936[0m
INFO -- Epoch: [95m386[0m - Loss: [93m    0.527188[0m
INFO -- Epoch: [95m387[0m - Loss: [93m    0.525325[0m
INFO -- Epoch: [95m388[0m - Loss: [93m    0.536513[0m
INFO -- Epoch: [95m389[0m - Loss: [93m    0.539666[0m
INFO -- Epoch: [95m390[0m - Loss: [93m    0.548263[0m
INFO -- Epoch: [95m391[0m - Loss: [93m    0.520092[0m
INFO -- Epoch: [95m392[0m - Loss: [93m    0.531540[0m
INFO -- Epoch: [95m393[0m - Loss: [93m    0.519630[0m
INFO -- Epoch: [95m394[0m - Loss: [93m    0.515783[0m
INFO -- Epoch: [95m395[0m - Loss: [93m    0.540080[0m
INFO -- Epoch: [95m396[0m - Loss: [93m    0.556660[0m
INFO -- Epoch: [95m397[0m - Loss: [93m    0.519813[0m
INFO -- Epoch: [95m398[0m - Loss: [93m    0.546386[0m
INFO -- Epoch: [95m399[0m - Loss: [93m    0.519987[0m
INFO -- Epoch: [95m400[0m - Loss: [93m    0.538306[0m
INFO -- Epoch: [95m401[0m - Loss: [93m    0.517936[0m
INFO -- Epoch: [95m402[0m - Loss: [93m    0.531258[0m
INFO -- Epoch: [95m403[0m - Loss: [93m    0.536855[0m
INFO -- Epoch: [95m404[0m - Loss: [93m    0.534995[0m
INFO -- Epoch: [95m405[0m - Loss: [93m    0.549779[0m
INFO -- Epoch: [95m406[0m - Loss: [93m    0.537448[0m
INFO -- Epoch: [95m407[0m - Loss: [93m    0.533437[0m
INFO -- Epoch: [95m408[0m - Loss: [93m    0.527963[0m
INFO -- Epoch: [95m409[0m - Loss: [93m    0.535296[0m
INFO -- Epoch: [95m410[0m - Loss: [93m    0.536281[0m
INFO -- Epoch: [95m411[0m - Loss: [93m    0.536145[0m
INFO -- Epoch: [95m412[0m - Loss: [93m    0.526941[0m
INFO -- Epoch: [95m413[0m - Loss: [93m    0.527189[0m
INFO -- Epoch: [95m414[0m - Loss: [93m    0.521347[0m
INFO -- Epoch: [95m415[0m - Loss: [93m    0.535509[0m
INFO -- Epoch: [95m416[0m - Loss: [93m    0.523389[0m
INFO -- Epoch: [95m417[0m - Loss: [93m    0.532739[0m
INFO -- Epoch: [95m418[0m - Loss: [93m    0.536450[0m
INFO -- Epoch: [95m419[0m - Loss: [93m    0.526912[0m
INFO -- Epoch: [95m420[0m - Loss: [93m    0.508651[0m
INFO -- Epoch: [95m421[0m - Loss: [93m    0.536968[0m
INFO -- Epoch: [95m422[0m - Loss: [93m    0.513346[0m
INFO -- Epoch: [95m423[0m - Loss: [93m    0.559997[0m
INFO -- Epoch: [95m424[0m - Loss: [93m    0.510156[0m
INFO -- Epoch: [95m425[0m - Loss: [93m    0.542280[0m
INFO -- Epoch: [95m426[0m - Loss: [93m    0.508279[0m
INFO -- Epoch: [95m427[0m - Loss: [93m    0.539062[0m
INFO -- Epoch: [95m428[0m - Loss: [93m    0.562097[0m
INFO -- Epoch: [95m429[0m - Loss: [93m    0.531025[0m
INFO -- Epoch: [95m430[0m - Loss: [93m    0.522910[0m
INFO -- Epoch: [95m431[0m - Loss: [93m    0.528032[0m
INFO -- Epoch: [95m432[0m - Loss: [93m    0.538636[0m
INFO -- Epoch: [95m433[0m - Loss: [93m    0.536945[0m
INFO -- Epoch: [95m434[0m - Loss: [93m    0.535951[0m
INFO -- Epoch: [95m435[0m - Loss: [93m    0.528220[0m
INFO -- Epoch: [95m436[0m - Loss: [93m    0.533313[0m
INFO -- Epoch: [95m437[0m - Loss: [93m    0.526421[0m
INFO -- Epoch: [95m438[0m - Loss: [93m    0.540567[0m
INFO -- Epoch: [95m439[0m - Loss: [93m    0.533312[0m
INFO -- Epoch: [95m440[0m - Loss: [93m    0.534844[0m
INFO -- Epoch: [95m441[0m - Loss: [93m    0.520586[0m
INFO -- Epoch: [95m442[0m - Loss: [93m    0.532676[0m
INFO -- Epoch: [95m443[0m - Loss: [93m    0.532621[0m
INFO -- Epoch: [95m444[0m - Loss: [93m    0.547951[0m
INFO -- Epoch: [95m445[0m - Loss: [93m    0.517471[0m
INFO -- Epoch: [95m446[0m - Loss: [93m    0.538580[0m
INFO -- Epoch: [95m447[0m - Loss: [93m    0.516488[0m
INFO -- Epoch: [95m448[0m - Loss: [93m    0.529870[0m
INFO -- Epoch: [95m449[0m - Loss: [93m    0.538061[0m
INFO -- Epoch: [95m450[0m - Loss: [93m    0.526823[0m
INFO -- Epoch: [95m451[0m - Loss: [93m    0.521008[0m
INFO -- Epoch: [95m452[0m - Loss: [93m    0.522650[0m
INFO -- Epoch: [95m453[0m - Loss: [93m    0.512827[0m
INFO -- Epoch: [95m454[0m - Loss: [93m    0.544784[0m
INFO -- Epoch: [95m455[0m - Loss: [93m    0.521850[0m
INFO -- Epoch: [95m456[0m - Loss: [93m    0.525376[0m
INFO -- Epoch: [95m457[0m - Loss: [93m    0.521509[0m
INFO -- Epoch: [95m458[0m - Loss: [93m    0.518799[0m
INFO -- Epoch: [95m459[0m - Loss: [93m    0.549708[0m
INFO -- Epoch: [95m460[0m - Loss: [93m    0.517955[0m
INFO -- Epoch: [95m461[0m - Loss: [93m    0.524526[0m
INFO -- Epoch: [95m462[0m - Loss: [93m    0.519203[0m
INFO -- Epoch: [95m463[0m - Loss: [93m    0.541622[0m
INFO -- Epoch: [95m464[0m - Loss: [93m    0.515587[0m
INFO -- Epoch: [95m465[0m - Loss: [93m    0.539230[0m
INFO -- Epoch: [95m466[0m - Loss: [93m    0.511373[0m
INFO -- Epoch: [95m467[0m - Loss: [93m    0.530346[0m
INFO -- Epoch: [95m468[0m - Loss: [93m    0.512468[0m
INFO -- Epoch: [95m469[0m - Loss: [93m    0.542545[0m
INFO -- Epoch: [95m470[0m - Loss: [93m    0.534608[0m
INFO -- Epoch: [95m471[0m - Loss: [93m    0.515830[0m
INFO -- Epoch: [95m472[0m - Loss: [93m    0.515004[0m
INFO -- Epoch: [95m473[0m - Loss: [93m    0.531233[0m
INFO -- Epoch: [95m474[0m - Loss: [93m    0.519352[0m
INFO -- Epoch: [95m475[0m - Loss: [93m    0.525351[0m
INFO -- Epoch: [95m476[0m - Loss: [93m    0.508444[0m
INFO -- Epoch: [95m477[0m - Loss: [93m    0.519647[0m
INFO -- Epoch: [95m478[0m - Loss: [93m    0.517436[0m
INFO -- Epoch: [95m479[0m - Loss: [93m    0.549709[0m
INFO -- Epoch: [95m480[0m - Loss: [93m    0.540873[0m
INFO -- Epoch: [95m481[0m - Loss: [93m    0.510526[0m
INFO -- Epoch: [95m482[0m - Loss: [93m    0.512098[0m
INFO -- Epoch: [95m483[0m - Loss: [93m    0.507968[0m
INFO -- Epoch: [95m484[0m - Loss: [93m    0.551731[0m
INFO -- Epoch: [95m485[0m - Loss: [93m    0.534841[0m
INFO -- Epoch: [95m486[0m - Loss: [93m    0.524367[0m
INFO -- Epoch: [95m487[0m - Loss: [93m    0.550655[0m
INFO -- Epoch: [95m488[0m - Loss: [93m    0.540661[0m
INFO -- Epoch: [95m489[0m - Loss: [93m    0.523339[0m
INFO -- Epoch: [95m490[0m - Loss: [93m    0.524603[0m
INFO -- Epoch: [95m491[0m - Loss: [93m    0.530677[0m
INFO -- Epoch: [95m492[0m - Loss: [93m    0.537679[0m
INFO -- Epoch: [95m493[0m - Loss: [93m    0.526441[0m
INFO -- Epoch: [95m494[0m - Loss: [93m    0.523314[0m
INFO -- Epoch: [95m495[0m - Loss: [93m    0.536521[0m
INFO -- Epoch: [95m496[0m - Loss: [93m    0.530432[0m
INFO -- Epoch: [95m497[0m - Loss: [93m    0.530025[0m
INFO -- Epoch: [95m498[0m - Loss: [93m    0.517390[0m
INFO -- Epoch: [95m499[0m - Loss: [93m    0.521039[0m
INFO -- Epoch: [95m500[0m - Loss: [93m    0.533877[0m
INFO -- Epoch: [95m501[0m - Loss: [93m    0.521572[0m
INFO -- Epoch: [95m502[0m - Loss: [93m    0.509724[0m
INFO -- Epoch: [95m503[0m - Loss: [93m    0.511732[0m
INFO -- Epoch: [95m504[0m - Loss: [93m    0.567204[0m
INFO -- Epoch: [95m505[0m - Loss: [93m    0.542380[0m
INFO -- Epoch: [95m506[0m - Loss: [93m    0.527131[0m
INFO -- Epoch: [95m507[0m - Loss: [93m    0.512067[0m
INFO -- Epoch: [95m508[0m - Loss: [93m    0.524236[0m
INFO -- Epoch: [95m509[0m - Loss: [93m    0.511479[0m
INFO -- Epoch: [95m510[0m - Loss: [93m    0.513278[0m
INFO -- Epoch: [95m511[0m - Loss: [93m    0.531834[0m
INFO -- Epoch: [95m512[0m - Loss: [93m    0.511736[0m
INFO -- Epoch: [95m513[0m - Loss: [93m    0.536700[0m
INFO -- Epoch: [95m514[0m - Loss: [93m    0.512461[0m
INFO -- Epoch: [95m515[0m - Loss: [93m    0.513343[0m
INFO -- Epoch: [95m516[0m - Loss: [93m    0.522781[0m
INFO -- Epoch: [95m517[0m - Loss: [93m    0.508497[0m
INFO -- Epoch: [95m518[0m - Loss: [93m    0.512360[0m
INFO -- Epoch: [95m519[0m - Loss: [93m    0.509705[0m
INFO -- Epoch: [95m520[0m - Loss: [93m    0.508658[0m
INFO -- Epoch: [95m521[0m - Loss: [93m    0.522122[0m
INFO -- Epoch: [95m522[0m - Loss: [93m    0.517952[0m
INFO -- Epoch: [95m523[0m - Loss: [93m    0.517851[0m
INFO -- Epoch: [95m524[0m - Loss: [93m    0.506562[0m
INFO -- Epoch: [95m525[0m - Loss: [93m    0.542522[0m
INFO -- Epoch: [95m526[0m - Loss: [93m    0.506561[0m
INFO -- Epoch: [95m527[0m - Loss: [93m    0.540543[0m
INFO -- Epoch: [95m528[0m - Loss: [93m    0.505316[0m
INFO -- Epoch: [95m529[0m - Loss: [93m    0.538693[0m
INFO -- Epoch: [95m530[0m - Loss: [93m    0.543403[0m
INFO -- Epoch: [95m531[0m - Loss: [93m    0.504840[0m
INFO -- Epoch: [95m532[0m - Loss: [93m    0.531021[0m
INFO -- Epoch: [95m533[0m - Loss: [93m    0.571121[0m
INFO -- Epoch: [95m534[0m - Loss: [93m    0.544473[0m
INFO -- Epoch: [95m535[0m - Loss: [93m    0.550398[0m
INFO -- Epoch: [95m536[0m - Loss: [93m    0.530198[0m
INFO -- Epoch: [95m537[0m - Loss: [93m    0.540533[0m
INFO -- Epoch: [95m538[0m - Loss: [93m    0.540151[0m
INFO -- Epoch: [95m539[0m - Loss: [93m    0.543964[0m
INFO -- Epoch: [95m540[0m - Loss: [93m    0.542464[0m
INFO -- Epoch: [95m541[0m - Loss: [93m    0.539532[0m
INFO -- Epoch: [95m542[0m - Loss: [93m    0.536197[0m
INFO -- Epoch: [95m543[0m - Loss: [93m    0.534093[0m
INFO -- Epoch: [95m544[0m - Loss: [93m    0.524990[0m
INFO -- Epoch: [95m545[0m - Loss: [93m    0.546968[0m
INFO -- Epoch: [95m546[0m - Loss: [93m    0.517791[0m
INFO -- Epoch: [95m547[0m - Loss: [93m    0.511723[0m
INFO -- Epoch: [95m548[0m - Loss: [93m    0.542884[0m
INFO -- Epoch: [95m549[0m - Loss: [93m    0.550453[0m
INFO -- Epoch: [95m550[0m - Loss: [93m    0.593045[0m
INFO -- Epoch: [95m551[0m - Loss: [93m    0.519085[0m
INFO -- Epoch: [95m552[0m - Loss: [93m    0.531527[0m
INFO -- Epoch: [95m553[0m - Loss: [93m    0.538575[0m
INFO -- Epoch: [95m554[0m - Loss: [93m    0.523063[0m
INFO -- Epoch: [95m555[0m - Loss: [93m    0.515412[0m
INFO -- Epoch: [95m556[0m - Loss: [93m    0.517164[0m
INFO -- Epoch: [95m557[0m - Loss: [93m    0.516976[0m
INFO -- Epoch: [95m558[0m - Loss: [93m    0.520556[0m
INFO -- Epoch: [95m559[0m - Loss: [93m    0.545605[0m
INFO -- Epoch: [95m560[0m - Loss: [93m    0.536037[0m
INFO -- Epoch: [95m561[0m - Loss: [93m    0.539840[0m
INFO -- Epoch: [95m562[0m - Loss: [93m    0.536398[0m
INFO -- Epoch: [95m563[0m - Loss: [93m    0.530035[0m
INFO -- Epoch: [95m564[0m - Loss: [93m    0.529558[0m
INFO -- Epoch: [95m565[0m - Loss: [93m    0.548972[0m
INFO -- Epoch: [95m566[0m - Loss: [93m    0.517837[0m
INFO -- Epoch: [95m567[0m - Loss: [93m    0.522209[0m
INFO -- Epoch: [95m568[0m - Loss: [93m    0.520807[0m
INFO -- Epoch: [95m569[0m - Loss: [93m    0.530511[0m
INFO -- Epoch: [95m570[0m - Loss: [93m    0.520073[0m
INFO -- Epoch: [95m571[0m - Loss: [93m    0.538989[0m
INFO -- Epoch: [95m572[0m - Loss: [93m    0.517327[0m
INFO -- Epoch: [95m573[0m - Loss: [93m    0.531897[0m
INFO -- Epoch: [95m574[0m - Loss: [93m    0.521957[0m
INFO -- Epoch: [95m575[0m - Loss: [93m    0.563734[0m
INFO -- Epoch: [95m576[0m - Loss: [93m    0.521022[0m
INFO -- Epoch: [95m577[0m - Loss: [93m    0.547974[0m
INFO -- Epoch: [95m578[0m - Loss: [93m    0.515950[0m
INFO -- Epoch: [95m579[0m - Loss: [93m    0.555465[0m
INFO -- Epoch: [95m580[0m - Loss: [93m    0.515601[0m
INFO -- Epoch: [95m581[0m - Loss: [93m    0.538185[0m
INFO -- Epoch: [95m582[0m - Loss: [93m    0.520939[0m
INFO -- Epoch: [95m583[0m - Loss: [93m    0.520161[0m
INFO -- Epoch: [95m584[0m - Loss: [93m    0.537557[0m
INFO -- Epoch: [95m585[0m - Loss: [93m    0.539629[0m
INFO -- Epoch: [95m586[0m - Loss: [93m    0.521414[0m
INFO -- Epoch: [95m587[0m - Loss: [93m    0.528107[0m
INFO -- Epoch: [95m588[0m - Loss: [93m    0.531261[0m
INFO -- Epoch: [95m589[0m - Loss: [93m    0.520011[0m
INFO -- Epoch: [95m590[0m - Loss: [93m    0.535404[0m
INFO -- Epoch: [95m591[0m - Loss: [93m    0.533121[0m
INFO -- Epoch: [95m592[0m - Loss: [93m    0.537193[0m
INFO -- Epoch: [95m593[0m - Loss: [93m    0.540124[0m
INFO -- Epoch: [95m594[0m - Loss: [93m    0.516915[0m
INFO -- Epoch: [95m595[0m - Loss: [93m    0.521460[0m
INFO -- Epoch: [95m596[0m - Loss: [93m    0.512807[0m
INFO -- Epoch: [95m597[0m - Loss: [93m    0.512542[0m
INFO -- Epoch: [95m598[0m - Loss: [93m    0.515044[0m
INFO -- Epoch: [95m599[0m - Loss: [93m    0.513038[0m
INFO -- Epoch: [95m600[0m - Loss: [93m    0.507131[0m
INFO -- Epoch: [95m601[0m - Loss: [93m    0.510275[0m
INFO -- Epoch: [95m602[0m - Loss: [93m    0.510260[0m
INFO -- Epoch: [95m603[0m - Loss: [93m    0.579257[0m
INFO -- Epoch: [95m604[0m - Loss: [93m    0.568485[0m
INFO -- Epoch: [95m605[0m - Loss: [93m    0.521876[0m
INFO -- Epoch: [95m606[0m - Loss: [93m    0.550864[0m
INFO -- Epoch: [95m607[0m - Loss: [93m    0.509765[0m
INFO -- Epoch: [95m608[0m - Loss: [93m    0.529881[0m
INFO -- Epoch: [95m609[0m - Loss: [93m    0.533570[0m
INFO -- Epoch: [95m610[0m - Loss: [93m    0.546704[0m
INFO -- Epoch: [95m611[0m - Loss: [93m    0.517070[0m
INFO -- Epoch: [95m612[0m - Loss: [93m    0.521846[0m
INFO -- Epoch: [95m613[0m - Loss: [93m    0.525784[0m
INFO -- Epoch: [95m614[0m - Loss: [93m    0.546525[0m
INFO -- Epoch: [95m615[0m - Loss: [93m    0.524912[0m
INFO -- Epoch: [95m616[0m - Loss: [93m    0.525304[0m
INFO -- Epoch: [95m617[0m - Loss: [93m    0.535368[0m
INFO -- Epoch: [95m618[0m - Loss: [93m    0.521954[0m
INFO -- Epoch: [95m619[0m - Loss: [93m    0.522185[0m
INFO -- Epoch: [95m620[0m - Loss: [93m    0.519325[0m
INFO -- Epoch: [95m621[0m - Loss: [93m    0.528713[0m
INFO -- Epoch: [95m622[0m - Loss: [93m    0.538387[0m
INFO -- Epoch: [95m623[0m - Loss: [93m    0.532638[0m
INFO -- Epoch: [95m624[0m - Loss: [93m    0.508198[0m
INFO -- Epoch: [95m625[0m - Loss: [93m    0.579320[0m
INFO -- Epoch: [95m626[0m - Loss: [93m    0.541194[0m
INFO -- Epoch: [95m627[0m - Loss: [93m    0.511303[0m
INFO -- Epoch: [95m628[0m - Loss: [93m    0.547766[0m
INFO -- Epoch: [95m629[0m - Loss: [93m    0.522490[0m
INFO -- Epoch: [95m630[0m - Loss: [93m    0.517590[0m
INFO -- Epoch: [95m631[0m - Loss: [93m    0.535568[0m
INFO -- Epoch: [95m632[0m - Loss: [93m    0.536440[0m
INFO -- Epoch: [95m633[0m - Loss: [93m    0.529538[0m
INFO -- Epoch: [95m634[0m - Loss: [93m    0.520624[0m
INFO -- Epoch: [95m635[0m - Loss: [93m    0.520061[0m
INFO -- Epoch: [95m636[0m - Loss: [93m    0.549101[0m
INFO -- Epoch: [95m637[0m - Loss: [93m    0.523954[0m
INFO -- Epoch: [95m638[0m - Loss: [93m    0.522955[0m
INFO -- Epoch: [95m639[0m - Loss: [93m    0.531046[0m
INFO -- Epoch: [95m640[0m - Loss: [93m    0.550391[0m
INFO -- Epoch: [95m641[0m - Loss: [93m    0.523281[0m
INFO -- Epoch: [95m642[0m - Loss: [93m    0.541954[0m
INFO -- Epoch: [95m643[0m - Loss: [93m    0.535505[0m
INFO -- Epoch: [95m644[0m - Loss: [93m    0.553887[0m
INFO -- Epoch: [95m645[0m - Loss: [93m    0.520434[0m
INFO -- Epoch: [95m646[0m - Loss: [93m    0.538541[0m
INFO -- Epoch: [95m647[0m - Loss: [93m    0.526759[0m
INFO -- Epoch: [95m648[0m - Loss: [93m    0.540214[0m
INFO -- Epoch: [95m649[0m - Loss: [93m    0.526840[0m
INFO -- Epoch: [95m650[0m - Loss: [93m    0.526811[0m
INFO -- Epoch: [95m651[0m - Loss: [93m    0.520944[0m
INFO -- Epoch: [95m652[0m - Loss: [93m    0.519002[0m
INFO -- Epoch: [95m653[0m - Loss: [93m    0.519383[0m
INFO -- Epoch: [95m654[0m - Loss: [93m    0.513298[0m
INFO -- Epoch: [95m655[0m - Loss: [93m    0.519587[0m
INFO -- Epoch: [95m656[0m - Loss: [93m    0.525085[0m
INFO -- Epoch: [95m657[0m - Loss: [93m    0.510433[0m
INFO -- Epoch: [95m658[0m - Loss: [93m    0.505665[0m
INFO -- Epoch: [95m659[0m - Loss: [93m    0.522813[0m
INFO -- Epoch: [95m660[0m - Loss: [93m    0.499188[0m
INFO -- Epoch: [95m661[0m - Loss: [93m    0.525768[0m
INFO -- Epoch: [95m662[0m - Loss: [93m    0.509966[0m
INFO -- Epoch: [95m663[0m - Loss: [93m    0.587655[0m
INFO -- Epoch: [95m664[0m - Loss: [93m    0.524462[0m
INFO -- Epoch: [95m665[0m - Loss: [93m    0.594283[0m
INFO -- Epoch: [95m666[0m - Loss: [93m    0.508838[0m
INFO -- Epoch: [95m667[0m - Loss: [93m    0.526457[0m
INFO -- Epoch: [95m668[0m - Loss: [93m    0.513713[0m
INFO -- Epoch: [95m669[0m - Loss: [93m    0.544078[0m
INFO -- Epoch: [95m670[0m - Loss: [93m    0.511558[0m
INFO -- Epoch: [95m671[0m - Loss: [93m    0.528483[0m
INFO -- Epoch: [95m672[0m - Loss: [93m    0.516148[0m
INFO -- Epoch: [95m673[0m - Loss: [93m    0.535222[0m
INFO -- Epoch: [95m674[0m - Loss: [93m    0.520590[0m
INFO -- Epoch: [95m675[0m - Loss: [93m    0.521491[0m
INFO -- Epoch: [95m676[0m - Loss: [93m    0.532748[0m
INFO -- Epoch: [95m677[0m - Loss: [93m    0.537402[0m
INFO -- Epoch: [95m678[0m - Loss: [93m    0.536019[0m
INFO -- Epoch: [95m679[0m - Loss: [93m    0.536292[0m
INFO -- Epoch: [95m680[0m - Loss: [93m    0.531673[0m
INFO -- Epoch: [95m681[0m - Loss: [93m    0.530282[0m
INFO -- Epoch: [95m682[0m - Loss: [93m    0.524235[0m
INFO -- Epoch: [95m683[0m - Loss: [93m    0.526248[0m
INFO -- Epoch: [95m684[0m - Loss: [93m    0.525950[0m
INFO -- Epoch: [95m685[0m - Loss: [93m    0.542805[0m
INFO -- Epoch: [95m686[0m - Loss: [93m    0.514343[0m
INFO -- Epoch: [95m687[0m - Loss: [93m    0.520795[0m
INFO -- Epoch: [95m688[0m - Loss: [93m    0.515739[0m
INFO -- Epoch: [95m689[0m - Loss: [93m    0.547941[0m
INFO -- Epoch: [95m690[0m - Loss: [93m    0.509031[0m
INFO -- Epoch: [95m691[0m - Loss: [93m    0.520862[0m
INFO -- Epoch: [95m692[0m - Loss: [93m    0.542727[0m
INFO -- Epoch: [95m693[0m - Loss: [93m    0.544765[0m
INFO -- Epoch: [95m694[0m - Loss: [93m    0.536641[0m
INFO -- Epoch: [95m695[0m - Loss: [93m    0.530910[0m
INFO -- Epoch: [95m696[0m - Loss: [93m    0.548541[0m
INFO -- Epoch: [95m697[0m - Loss: [93m    0.542237[0m
INFO -- Epoch: [95m698[0m - Loss: [93m    0.521212[0m
INFO -- Epoch: [95m699[0m - Loss: [93m    0.529448[0m
INFO -- Epoch: [95m700[0m - Loss: [93m    0.524187[0m
INFO -- Epoch: [95m701[0m - Loss: [93m    0.531316[0m
INFO -- Epoch: [95m702[0m - Loss: [93m    0.534546[0m
INFO -- Epoch: [95m703[0m - Loss: [93m    0.531168[0m
INFO -- Epoch: [95m704[0m - Loss: [93m    0.525634[0m
INFO -- Epoch: [95m705[0m - Loss: [93m    0.545251[0m
INFO -- Epoch: [95m706[0m - Loss: [93m    0.521286[0m
INFO -- Epoch: [95m707[0m - Loss: [93m    0.523466[0m
INFO -- Epoch: [95m708[0m - Loss: [93m    0.532925[0m
INFO -- Epoch: [95m709[0m - Loss: [93m    0.517716[0m
INFO -- Epoch: [95m710[0m - Loss: [93m    0.523281[0m
INFO -- Epoch: [95m711[0m - Loss: [93m    0.530121[0m
INFO -- Epoch: [95m712[0m - Loss: [93m    0.514909[0m
INFO -- Epoch: [95m713[0m - Loss: [93m    0.518940[0m
INFO -- Epoch: [95m714[0m - Loss: [93m    0.514883[0m
INFO -- Epoch: [95m715[0m - Loss: [93m    0.543900[0m
INFO -- Epoch: [95m716[0m - Loss: [93m    0.508154[0m
INFO -- Epoch: [95m717[0m - Loss: [93m    0.537995[0m
INFO -- Epoch: [95m718[0m - Loss: [93m    0.592685[0m
INFO -- Epoch: [95m719[0m - Loss: [93m    0.508793[0m
INFO -- Epoch: [95m720[0m - Loss: [93m    0.532570[0m
INFO -- Epoch: [95m721[0m - Loss: [93m    0.524071[0m
INFO -- Epoch: [95m722[0m - Loss: [93m    0.511835[0m
INFO -- Epoch: [95m723[0m - Loss: [93m    0.515188[0m
INFO -- Epoch: [95m724[0m - Loss: [93m    0.511528[0m
INFO -- Epoch: [95m725[0m - Loss: [93m    0.515064[0m
INFO -- Epoch: [95m726[0m - Loss: [93m    0.544441[0m
INFO -- Epoch: [95m727[0m - Loss: [93m    0.511041[0m
INFO -- Epoch: [95m728[0m - Loss: [93m    0.542278[0m
INFO -- Epoch: [95m729[0m - Loss: [93m    0.510233[0m
INFO -- Epoch: [95m730[0m - Loss: [93m    0.519049[0m
INFO -- Epoch: [95m731[0m - Loss: [93m    0.520523[0m
INFO -- Epoch: [95m732[0m - Loss: [93m    0.513562[0m
INFO -- Epoch: [95m733[0m - Loss: [93m    0.506323[0m
INFO -- Epoch: [95m734[0m - Loss: [93m    0.506252[0m
INFO -- Epoch: [95m735[0m - Loss: [93m    0.502642[0m
INFO -- Epoch: [95m736[0m - Loss: [93m    0.518517[0m
INFO -- Epoch: [95m737[0m - Loss: [93m    0.524989[0m
INFO -- Epoch: [95m738[0m - Loss: [93m    0.509255[0m
INFO -- Epoch: [95m739[0m - Loss: [93m    0.579954[0m
INFO -- Epoch: [95m740[0m - Loss: [93m    0.525903[0m
INFO -- Epoch: [95m741[0m - Loss: [93m    0.595879[0m
INFO -- Epoch: [95m742[0m - Loss: [93m    0.511177[0m
INFO -- Epoch: [95m743[0m - Loss: [93m    0.539092[0m
INFO -- Epoch: [95m744[0m - Loss: [93m    0.540648[0m
INFO -- Epoch: [95m745[0m - Loss: [93m    0.514078[0m
INFO -- Epoch: [95m746[0m - Loss: [93m    0.517095[0m
INFO -- Epoch: [95m747[0m - Loss: [93m    0.550114[0m
INFO -- Epoch: [95m748[0m - Loss: [93m    0.521775[0m
INFO -- Epoch: [95m749[0m - Loss: [93m    0.525010[0m
INFO -- Epoch: [95m750[0m - Loss: [93m    0.537724[0m
INFO -- Epoch: [95m751[0m - Loss: [93m    0.533461[0m
INFO -- Epoch: [95m752[0m - Loss: [93m    0.533986[0m
INFO -- Epoch: [95m753[0m - Loss: [93m    0.528255[0m
INFO -- Epoch: [95m754[0m - Loss: [93m    0.525329[0m
INFO -- Epoch: [95m755[0m - Loss: [93m    0.539439[0m
INFO -- Epoch: [95m756[0m - Loss: [93m    0.521050[0m
INFO -- Epoch: [95m757[0m - Loss: [93m    0.527586[0m
INFO -- Epoch: [95m758[0m - Loss: [93m    0.524143[0m
INFO -- Epoch: [95m759[0m - Loss: [93m    0.515774[0m
INFO -- Epoch: [95m760[0m - Loss: [93m    0.539398[0m
INFO -- Epoch: [95m761[0m - Loss: [93m    0.525360[0m
INFO -- Epoch: [95m762[0m - Loss: [93m    0.514543[0m
INFO -- Epoch: [95m763[0m - Loss: [93m    0.524097[0m
INFO -- Epoch: [95m764[0m - Loss: [93m    0.514416[0m
INFO -- Epoch: [95m765[0m - Loss: [93m    0.590535[0m
INFO -- Epoch: [95m766[0m - Loss: [93m    0.511962[0m
INFO -- Epoch: [95m767[0m - Loss: [93m    0.561408[0m
INFO -- Epoch: [95m768[0m - Loss: [93m    0.541039[0m
INFO -- Epoch: [95m769[0m - Loss: [93m    0.518805[0m
INFO -- Epoch: [95m770[0m - Loss: [93m    0.521140[0m
INFO -- Epoch: [95m771[0m - Loss: [93m    0.516566[0m
INFO -- Epoch: [95m772[0m - Loss: [93m    0.515961[0m
INFO -- Epoch: [95m773[0m - Loss: [93m    0.514573[0m
INFO -- Epoch: [95m774[0m - Loss: [93m    0.537824[0m
INFO -- Epoch: [95m775[0m - Loss: [93m    0.513663[0m
INFO -- Epoch: [95m776[0m - Loss: [93m    0.513105[0m
INFO -- Epoch: [95m777[0m - Loss: [93m    0.540255[0m
INFO -- Epoch: [95m778[0m - Loss: [93m    0.548379[0m
INFO -- Epoch: [95m779[0m - Loss: [93m    0.514445[0m
INFO -- Epoch: [95m780[0m - Loss: [93m    0.523609[0m
INFO -- Epoch: [95m781[0m - Loss: [93m    0.510618[0m
INFO -- Epoch: [95m782[0m - Loss: [93m    0.509984[0m
INFO -- Epoch: [95m783[0m - Loss: [93m    0.507913[0m
INFO -- Epoch: [95m784[0m - Loss: [93m    0.512816[0m
INFO -- Epoch: [95m785[0m - Loss: [93m    0.573984[0m
INFO -- Epoch: [95m786[0m - Loss: [93m    0.526020[0m
INFO -- Epoch: [95m787[0m - Loss: [93m    0.552597[0m
INFO -- Epoch: [95m788[0m - Loss: [93m    0.537109[0m
INFO -- Epoch: [95m789[0m - Loss: [93m    0.538975[0m
INFO -- Epoch: [95m790[0m - Loss: [93m    0.514568[0m
INFO -- Epoch: [95m791[0m - Loss: [93m    0.520035[0m
INFO -- Epoch: [95m792[0m - Loss: [93m    0.521925[0m
INFO -- Epoch: [95m793[0m - Loss: [93m    0.536100[0m
INFO -- Epoch: [95m794[0m - Loss: [93m    0.531217[0m
INFO -- Epoch: [95m795[0m - Loss: [93m    0.521281[0m
INFO -- Epoch: [95m796[0m - Loss: [93m    0.536612[0m
INFO -- Epoch: [95m797[0m - Loss: [93m    0.523295[0m
INFO -- Epoch: [95m798[0m - Loss: [93m    0.523039[0m
INFO -- Epoch: [95m799[0m - Loss: [93m    0.519961[0m
INFO -- Epoch: [95m800[0m - Loss: [93m    0.514542[0m
INFO -- Epoch: [95m801[0m - Loss: [93m    0.521977[0m
INFO -- Epoch: [95m802[0m - Loss: [93m    0.538899[0m
INFO -- Epoch: [95m803[0m - Loss: [93m    0.521158[0m
INFO -- Epoch: [95m804[0m - Loss: [93m    0.514306[0m
INFO -- Epoch: [95m805[0m - Loss: [93m    0.518785[0m
INFO -- Epoch: [95m806[0m - Loss: [93m    0.554336[0m
INFO -- Epoch: [95m807[0m - Loss: [93m    0.523700[0m
INFO -- Epoch: [95m808[0m - Loss: [93m    0.542703[0m
INFO -- Epoch: [95m809[0m - Loss: [93m    0.512278[0m
INFO -- Epoch: [95m810[0m - Loss: [93m    0.522186[0m
INFO -- Epoch: [95m811[0m - Loss: [93m    0.548920[0m
INFO -- Epoch: [95m812[0m - Loss: [93m    0.515133[0m
INFO -- Epoch: [95m813[0m - Loss: [93m    0.531963[0m
INFO -- Epoch: [95m814[0m - Loss: [93m    0.511711[0m
INFO -- Epoch: [95m815[0m - Loss: [93m    0.520543[0m
INFO -- Epoch: [95m816[0m - Loss: [93m    0.514755[0m
INFO -- Epoch: [95m817[0m - Loss: [93m    0.514785[0m
INFO -- Epoch: [95m818[0m - Loss: [93m    0.521476[0m
INFO -- Epoch: [95m819[0m - Loss: [93m    0.520006[0m
INFO -- Epoch: [95m820[0m - Loss: [93m    0.545341[0m
INFO -- Epoch: [95m821[0m - Loss: [93m    0.511996[0m
INFO -- Epoch: [95m822[0m - Loss: [93m    0.506497[0m
INFO -- Epoch: [95m823[0m - Loss: [93m    0.516528[0m
INFO -- Epoch: [95m824[0m - Loss: [93m    0.539108[0m
INFO -- Epoch: [95m825[0m - Loss: [93m    0.574327[0m
INFO -- Epoch: [95m826[0m - Loss: [93m    0.541891[0m
INFO -- Epoch: [95m827[0m - Loss: [93m    0.577393[0m
INFO -- Epoch: [95m828[0m - Loss: [93m    0.515586[0m
INFO -- Epoch: [95m829[0m - Loss: [93m    0.515655[0m
INFO -- Epoch: [95m830[0m - Loss: [93m    0.526041[0m
INFO -- Epoch: [95m831[0m - Loss: [93m    0.521867[0m
INFO -- Epoch: [95m832[0m - Loss: [93m    0.551931[0m
INFO -- Epoch: [95m833[0m - Loss: [93m    0.521624[0m
INFO -- Epoch: [95m834[0m - Loss: [93m    0.531509[0m
INFO -- Epoch: [95m835[0m - Loss: [93m    0.522910[0m
INFO -- Epoch: [95m836[0m - Loss: [93m    0.521420[0m
INFO -- Epoch: [95m837[0m - Loss: [93m    0.524354[0m
INFO -- Epoch: [95m838[0m - Loss: [93m    0.521525[0m
INFO -- Epoch: [95m839[0m - Loss: [93m    0.532272[0m
INFO -- Epoch: [95m840[0m - Loss: [93m    0.532358[0m
INFO -- Epoch: [95m841[0m - Loss: [93m    0.516577[0m
INFO -- Epoch: [95m842[0m - Loss: [93m    0.546892[0m
INFO -- Epoch: [95m843[0m - Loss: [93m    0.534824[0m
INFO -- Epoch: [95m844[0m - Loss: [93m    0.571015[0m
INFO -- Epoch: [95m845[0m - Loss: [93m    0.533039[0m
INFO -- Epoch: [95m846[0m - Loss: [93m    0.521719[0m
INFO -- Epoch: [95m847[0m - Loss: [93m    0.525059[0m
INFO -- Epoch: [95m848[0m - Loss: [93m    0.531249[0m
INFO -- Epoch: [95m849[0m - Loss: [93m    0.517994[0m
INFO -- Epoch: [95m850[0m - Loss: [93m    0.529699[0m
INFO -- Epoch: [95m851[0m - Loss: [93m    0.540473[0m
INFO -- Epoch: [95m852[0m - Loss: [93m    0.530638[0m
INFO -- Epoch: [95m853[0m - Loss: [93m    0.526321[0m
INFO -- Epoch: [95m854[0m - Loss: [93m    0.536584[0m
INFO -- Epoch: [95m855[0m - Loss: [93m    0.556544[0m
INFO -- Epoch: [95m856[0m - Loss: [93m    0.535340[0m
INFO -- Epoch: [95m857[0m - Loss: [93m    0.522943[0m
INFO -- Epoch: [95m858[0m - Loss: [93m    0.522228[0m
INFO -- Epoch: [95m859[0m - Loss: [93m    0.520787[0m
INFO -- Epoch: [95m860[0m - Loss: [93m    0.539238[0m
INFO -- Epoch: [95m861[0m - Loss: [93m    0.519002[0m
INFO -- Epoch: [95m862[0m - Loss: [93m    0.521630[0m
INFO -- Epoch: [95m863[0m - Loss: [93m    0.549717[0m
INFO -- Epoch: [95m864[0m - Loss: [93m    0.554855[0m
INFO -- Epoch: [95m865[0m - Loss: [93m    0.531081[0m
INFO -- Epoch: [95m866[0m - Loss: [93m    0.525005[0m
INFO -- Epoch: [95m867[0m - Loss: [93m    0.517527[0m
INFO -- Epoch: [95m868[0m - Loss: [93m    0.522339[0m
INFO -- Epoch: [95m869[0m - Loss: [93m    0.520818[0m
INFO -- Epoch: [95m870[0m - Loss: [93m    0.523046[0m
INFO -- Epoch: [95m871[0m - Loss: [93m    0.517250[0m
INFO -- Epoch: [95m872[0m - Loss: [93m    0.516354[0m
INFO -- Epoch: [95m873[0m - Loss: [93m    0.515155[0m
INFO -- Epoch: [95m874[0m - Loss: [93m    0.525389[0m
INFO -- Epoch: [95m875[0m - Loss: [93m    0.537301[0m
INFO -- Epoch: [95m876[0m - Loss: [93m    0.519585[0m
INFO -- Epoch: [95m877[0m - Loss: [93m    0.551364[0m
INFO -- Epoch: [95m878[0m - Loss: [93m    0.513697[0m
INFO -- Epoch: [95m879[0m - Loss: [93m    0.537366[0m
INFO -- Epoch: [95m880[0m - Loss: [93m    0.503128[0m
INFO -- Epoch: [95m881[0m - Loss: [93m    0.538494[0m
INFO -- Epoch: [95m882[0m - Loss: [93m    0.505192[0m
INFO -- Epoch: [95m883[0m - Loss: [93m    0.511603[0m
INFO -- Epoch: [95m884[0m - Loss: [93m    0.536897[0m
INFO -- Epoch: [95m885[0m - Loss: [93m    0.506662[0m
INFO -- Epoch: [95m886[0m - Loss: [93m    0.532159[0m
INFO -- Epoch: [95m887[0m - Loss: [93m    0.519803[0m
INFO -- Epoch: [95m888[0m - Loss: [93m    0.513891[0m
INFO -- Epoch: [95m889[0m - Loss: [93m    0.534890[0m
INFO -- Epoch: [95m890[0m - Loss: [93m    0.536306[0m
INFO -- Epoch: [95m891[0m - Loss: [93m    0.532504[0m
INFO -- Epoch: [95m892[0m - Loss: [93m    0.543622[0m
INFO -- Epoch: [95m893[0m - Loss: [93m    0.512966[0m
INFO -- Epoch: [95m894[0m - Loss: [93m    0.545582[0m
INFO -- Epoch: [95m895[0m - Loss: [93m    0.515841[0m
INFO -- Epoch: [95m896[0m - Loss: [93m    0.544937[0m
INFO -- Epoch: [95m897[0m - Loss: [93m    0.522340[0m
INFO -- Epoch: [95m898[0m - Loss: [93m    0.521445[0m
INFO -- Epoch: [95m899[0m - Loss: [93m    0.516082[0m
INFO -- Epoch: [95m900[0m - Loss: [93m    0.519098[0m
INFO -- Epoch: [95m901[0m - Loss: [93m    0.525625[0m
INFO -- Epoch: [95m902[0m - Loss: [93m    0.514195[0m
INFO -- Epoch: [95m903[0m - Loss: [93m    0.535749[0m
INFO -- Epoch: [95m904[0m - Loss: [93m    0.516185[0m
INFO -- Epoch: [95m905[0m - Loss: [93m    0.530274[0m
INFO -- Epoch: [95m906[0m - Loss: [93m    0.511135[0m
INFO -- Epoch: [95m907[0m - Loss: [93m    0.524324[0m
INFO -- Epoch: [95m908[0m - Loss: [93m    0.514453[0m
INFO -- Epoch: [95m909[0m - Loss: [93m    0.557008[0m
INFO -- Epoch: [95m910[0m - Loss: [93m    0.506109[0m
INFO -- Epoch: [95m911[0m - Loss: [93m    0.513625[0m
INFO -- Epoch: [95m912[0m - Loss: [93m    0.517551[0m
INFO -- Epoch: [95m913[0m - Loss: [93m    0.576543[0m
INFO -- Epoch: [95m914[0m - Loss: [93m    0.522657[0m
INFO -- Epoch: [95m915[0m - Loss: [93m    0.570819[0m
INFO -- Epoch: [95m916[0m - Loss: [93m    0.524291[0m
INFO -- Epoch: [95m917[0m - Loss: [93m    0.542434[0m
INFO -- Epoch: [95m918[0m - Loss: [93m    0.538736[0m
INFO -- Epoch: [95m919[0m - Loss: [93m    0.551986[0m
INFO -- Epoch: [95m920[0m - Loss: [93m    0.525430[0m
INFO -- Epoch: [95m921[0m - Loss: [93m    0.524080[0m
INFO -- Epoch: [95m922[0m - Loss: [93m    0.529426[0m
INFO -- Epoch: [95m923[0m - Loss: [93m    0.541028[0m
INFO -- Epoch: [95m924[0m - Loss: [93m    0.540090[0m
INFO -- Epoch: [95m925[0m - Loss: [93m    0.527244[0m
INFO -- Epoch: [95m926[0m - Loss: [93m    0.529695[0m
INFO -- Epoch: [95m927[0m - Loss: [93m    0.538293[0m
INFO -- Epoch: [95m928[0m - Loss: [93m    0.526052[0m
INFO -- Epoch: [95m929[0m - Loss: [93m    0.532358[0m
INFO -- Epoch: [95m930[0m - Loss: [93m    0.531743[0m
INFO -- Epoch: [95m931[0m - Loss: [93m    0.522437[0m
INFO -- Epoch: [95m932[0m - Loss: [93m    0.519313[0m
INFO -- Epoch: [95m933[0m - Loss: [93m    0.529367[0m
INFO -- Epoch: [95m934[0m - Loss: [93m    0.528635[0m
INFO -- Epoch: [95m935[0m - Loss: [93m    0.519710[0m
INFO -- Epoch: [95m936[0m - Loss: [93m    0.520344[0m
INFO -- Epoch: [95m937[0m - Loss: [93m    0.544230[0m
INFO -- Epoch: [95m938[0m - Loss: [93m    0.543516[0m
INFO -- Epoch: [95m939[0m - Loss: [93m    0.513246[0m
INFO -- Epoch: [95m940[0m - Loss: [93m    0.535357[0m
INFO -- Epoch: [95m941[0m - Loss: [93m    0.519794[0m
INFO -- Epoch: [95m942[0m - Loss: [93m    0.505911[0m
INFO -- Epoch: [95m943[0m - Loss: [93m    0.517631[0m
INFO -- Epoch: [95m944[0m - Loss: [93m    0.539125[0m
INFO -- Epoch: [95m945[0m - Loss: [93m    0.512113[0m
INFO -- Epoch: [95m946[0m - Loss: [93m    0.518620[0m
INFO -- Epoch: [95m947[0m - Loss: [93m    0.509812[0m
INFO -- Epoch: [95m948[0m - Loss: [93m    0.512122[0m
INFO -- Epoch: [95m949[0m - Loss: [93m    0.592705[0m
INFO -- Epoch: [95m950[0m - Loss: [93m    0.557550[0m
INFO -- Epoch: [95m951[0m - Loss: [93m    0.537022[0m
INFO -- Epoch: [95m952[0m - Loss: [93m    0.513040[0m
INFO -- Epoch: [95m953[0m - Loss: [93m    0.546598[0m
INFO -- Epoch: [95m954[0m - Loss: [93m    0.543401[0m
INFO -- Epoch: [95m955[0m - Loss: [93m    0.532899[0m
INFO -- Epoch: [95m956[0m - Loss: [93m    0.539853[0m
INFO -- Epoch: [95m957[0m - Loss: [93m    0.523811[0m
INFO -- Epoch: [95m958[0m - Loss: [93m    0.536722[0m
INFO -- Epoch: [95m959[0m - Loss: [93m    0.530457[0m
INFO -- Epoch: [95m960[0m - Loss: [93m    0.534136[0m
INFO -- Epoch: [95m961[0m - Loss: [93m    0.528837[0m
INFO -- Epoch: [95m962[0m - Loss: [93m    0.536764[0m
INFO -- Epoch: [95m963[0m - Loss: [93m    0.539805[0m
INFO -- Epoch: [95m964[0m - Loss: [93m    0.538888[0m
INFO -- Epoch: [95m965[0m - Loss: [93m    0.537063[0m
INFO -- Epoch: [95m966[0m - Loss: [93m    0.544626[0m
INFO -- Epoch: [95m967[0m - Loss: [93m    0.523242[0m
INFO -- Epoch: [95m968[0m - Loss: [93m    0.530475[0m
INFO -- Epoch: [95m969[0m - Loss: [93m    0.524872[0m
INFO -- Epoch: [95m970[0m - Loss: [93m    0.536408[0m
INFO -- Epoch: [95m971[0m - Loss: [93m    0.537105[0m
INFO -- Epoch: [95m972[0m - Loss: [93m    0.532903[0m
INFO -- Epoch: [95m973[0m - Loss: [93m    0.533906[0m
INFO -- Epoch: [95m974[0m - Loss: [93m    0.523344[0m
INFO -- Epoch: [95m975[0m - Loss: [93m    0.519401[0m
INFO -- Epoch: [95m976[0m - Loss: [93m    0.517771[0m
INFO -- Epoch: [95m977[0m - Loss: [93m    0.524685[0m
INFO -- Epoch: [95m978[0m - Loss: [93m    0.513013[0m
INFO -- Epoch: [95m979[0m - Loss: [93m    0.541576[0m
INFO -- Epoch: [95m980[0m - Loss: [93m    0.510188[0m
INFO -- Epoch: [95m981[0m - Loss: [93m    0.507371[0m
INFO -- Epoch: [95m982[0m - Loss: [93m    0.559779[0m
INFO -- Epoch: [95m983[0m - Loss: [93m    0.511603[0m
INFO -- Epoch: [95m984[0m - Loss: [93m    0.534119[0m
INFO -- Epoch: [95m985[0m - Loss: [93m    0.511784[0m
INFO -- Epoch: [95m986[0m - Loss: [93m    0.536126[0m
INFO -- Epoch: [95m987[0m - Loss: [93m    0.516530[0m
INFO -- Epoch: [95m988[0m - Loss: [93m    0.517490[0m
INFO -- Epoch: [95m989[0m - Loss: [93m    0.519373[0m
INFO -- Epoch: [95m990[0m - Loss: [93m    0.521615[0m
INFO -- Epoch: [95m991[0m - Loss: [93m    0.530724[0m
INFO -- Epoch: [95m992[0m - Loss: [93m    0.503917[0m
INFO -- Epoch: [95m993[0m - Loss: [93m    0.526030[0m
INFO -- Epoch: [95m994[0m - Loss: [93m    0.546921[0m
INFO -- Epoch: [95m995[0m - Loss: [93m    0.505022[0m
INFO -- Epoch: [95m996[0m - Loss: [93m    0.537741[0m
INFO -- Epoch: [95m997[0m - Loss: [93m    0.508430[0m
INFO -- Epoch: [95m998[0m - Loss: [93m    0.540686[0m
INFO -- Epoch: [95m999[0m - Loss: [93m    0.519584[0m
INFO -- Epoch: [95m1000[0m - Loss: [93m    0.536982[0m
INFO -- Epoch: [95m1001[0m - Loss: [93m    0.530071[0m
INFO -- Epoch: [95m1002[0m - Loss: [93m    0.540777[0m
INFO -- Epoch: [95m1003[0m - Loss: [93m    0.516626[0m
INFO -- Epoch: [95m1004[0m - Loss: [93m    0.536909[0m
INFO -- Epoch: [95m1005[0m - Loss: [93m    0.537272[0m
INFO -- Epoch: [95m1006[0m - Loss: [93m    0.519309[0m
INFO -- Epoch: [95m1007[0m - Loss: [93m    0.516294[0m
INFO -- Epoch: [95m1008[0m - Loss: [93m    0.523265[0m
INFO -- Epoch: [95m1009[0m - Loss: [93m    0.523004[0m
INFO -- Epoch: [95m1010[0m - Loss: [93m    0.529454[0m
INFO -- Epoch: [95m1011[0m - Loss: [93m    0.538026[0m
INFO -- Epoch: [95m1012[0m - Loss: [93m    0.517472[0m
INFO -- Epoch: [95m1013[0m - Loss: [93m    0.536839[0m
INFO -- Epoch: [95m1014[0m - Loss: [93m    0.542701[0m
INFO -- Epoch: [95m1015[0m - Loss: [93m    0.532759[0m
INFO -- Epoch: [95m1016[0m - Loss: [93m    0.516166[0m
INFO -- Epoch: [95m1017[0m - Loss: [93m    0.552799[0m
INFO -- Epoch: [95m1018[0m - Loss: [93m    0.544588[0m
INFO -- Epoch: [95m1019[0m - Loss: [93m    0.518185[0m
INFO -- Epoch: [95m1020[0m - Loss: [93m    0.521892[0m
INFO -- Epoch: [95m1021[0m - Loss: [93m    0.549766[0m
INFO -- Epoch: [95m1022[0m - Loss: [93m    0.519714[0m
INFO -- Epoch: [95m1023[0m - Loss: [93m    0.524136[0m
INFO -- Epoch: [95m1024[0m - Loss: [93m    0.533418[0m
INFO -- Epoch: [95m1025[0m - Loss: [93m    0.519580[0m
INFO -- Epoch: [95m1026[0m - Loss: [93m    0.517249[0m
INFO -- Epoch: [95m1027[0m - Loss: [93m    0.518512[0m
INFO -- Epoch: [95m1028[0m - Loss: [93m    0.513673[0m
INFO -- Epoch: [95m1029[0m - Loss: [93m    0.520797[0m
INFO -- Epoch: [95m1030[0m - Loss: [93m    0.541496[0m
INFO -- Epoch: [95m1031[0m - Loss: [93m    0.513593[0m
INFO -- Epoch: [95m1032[0m - Loss: [93m    0.513275[0m
INFO -- Epoch: [95m1033[0m - Loss: [93m    0.558931[0m
INFO -- Epoch: [95m1034[0m - Loss: [93m    0.532047[0m
INFO -- Epoch: [95m1035[0m - Loss: [93m    0.531516[0m
INFO -- Epoch: [95m1036[0m - Loss: [93m    0.516517[0m
INFO -- Epoch: [95m1037[0m - Loss: [93m    0.507823[0m
INFO -- Epoch: [95m1038[0m - Loss: [93m    0.504471[0m
INFO -- Epoch: [95m1039[0m - Loss: [93m    0.506186[0m
INFO -- Epoch: [95m1040[0m - Loss: [93m    0.504879[0m
INFO -- Epoch: [95m1041[0m - Loss: [93m    0.520810[0m
INFO -- Epoch: [95m1042[0m - Loss: [93m    0.506783[0m
INFO -- Epoch: [95m1043[0m - Loss: [93m    0.526630[0m
INFO -- Epoch: [95m1044[0m - Loss: [93m    0.509471[0m
INFO -- Epoch: [95m1045[0m - Loss: [93m    0.519673[0m
INFO -- Epoch: [95m1046[0m - Loss: [93m    0.520614[0m
INFO -- Epoch: [95m1047[0m - Loss: [93m    0.549960[0m
INFO -- Epoch: [95m1048[0m - Loss: [93m    0.557289[0m
INFO -- Epoch: [95m1049[0m - Loss: [93m    0.509218[0m
INFO -- Epoch: [95m1050[0m - Loss: [93m    0.522363[0m
INFO -- Epoch: [95m1051[0m - Loss: [93m    0.503754[0m
INFO -- Epoch: [95m1052[0m - Loss: [93m    0.516766[0m
INFO -- Epoch: [95m1053[0m - Loss: [93m    0.536616[0m
INFO -- Epoch: [95m1054[0m - Loss: [93m    0.503634[0m
INFO -- Epoch: [95m1055[0m - Loss: [93m    0.505634[0m
INFO -- Epoch: [95m1056[0m - Loss: [93m    0.503351[0m
INFO -- Epoch: [95m1057[0m - Loss: [93m    0.514923[0m
INFO -- Epoch: [95m1058[0m - Loss: [93m    0.509594[0m
INFO -- Epoch: [95m1059[0m - Loss: [93m    0.541487[0m
INFO -- Epoch: [95m1060[0m - Loss: [93m    0.512788[0m
INFO -- Epoch: [95m1061[0m - Loss: [93m    0.519486[0m
INFO -- Epoch: [95m1062[0m - Loss: [93m    0.549374[0m
INFO -- Epoch: [95m1063[0m - Loss: [93m    0.549653[0m
INFO -- Epoch: [95m1064[0m - Loss: [93m    0.522819[0m
INFO -- Epoch: [95m1065[0m - Loss: [93m    0.580816[0m
INFO -- Epoch: [95m1066[0m - Loss: [93m    0.541680[0m
INFO -- Epoch: [95m1067[0m - Loss: [93m    0.516409[0m
INFO -- Epoch: [95m1068[0m - Loss: [93m    0.514194[0m
INFO -- Epoch: [95m1069[0m - Loss: [93m    0.538610[0m
INFO -- Epoch: [95m1070[0m - Loss: [93m    0.533799[0m
INFO -- Epoch: [95m1071[0m - Loss: [93m    0.525157[0m
INFO -- Epoch: [95m1072[0m - Loss: [93m    0.526175[0m
INFO -- Epoch: [95m1073[0m - Loss: [93m    0.531994[0m
INFO -- Epoch: [95m1074[0m - Loss: [93m    0.536674[0m
INFO -- Epoch: [95m1075[0m - Loss: [93m    0.526188[0m
INFO -- Epoch: [95m1076[0m - Loss: [93m    0.535238[0m
INFO -- Epoch: [95m1077[0m - Loss: [93m    0.522161[0m
INFO -- Epoch: [95m1078[0m - Loss: [93m    0.526358[0m
INFO -- Epoch: [95m1079[0m - Loss: [93m    0.527051[0m
INFO -- Epoch: [95m1080[0m - Loss: [93m    0.518513[0m
INFO -- Epoch: [95m1081[0m - Loss: [93m    0.536558[0m
INFO -- Epoch: [95m1082[0m - Loss: [93m    0.522445[0m
INFO -- Epoch: [95m1083[0m - Loss: [93m    0.521799[0m
INFO -- Epoch: [95m1084[0m - Loss: [93m    0.556109[0m
INFO -- Epoch: [95m1085[0m - Loss: [93m    0.514132[0m
INFO -- Epoch: [95m1086[0m - Loss: [93m    0.533895[0m
INFO -- Epoch: [95m1087[0m - Loss: [93m    0.525483[0m
INFO -- Epoch: [95m1088[0m - Loss: [93m    0.516160[0m
INFO -- Epoch: [95m1089[0m - Loss: [93m    0.530792[0m
INFO -- Epoch: [95m1090[0m - Loss: [93m    0.520879[0m
INFO -- Epoch: [95m1091[0m - Loss: [93m    0.515238[0m
INFO -- Epoch: [95m1092[0m - Loss: [93m    0.532974[0m
INFO -- Epoch: [95m1093[0m - Loss: [93m    0.531801[0m
INFO -- Epoch: [95m1094[0m - Loss: [93m    0.544749[0m
INFO -- Epoch: [95m1095[0m - Loss: [93m    0.515239[0m
INFO -- Epoch: [95m1096[0m - Loss: [93m    0.556618[0m
INFO -- Epoch: [95m1097[0m - Loss: [93m    0.511777[0m
INFO -- Epoch: [95m1098[0m - Loss: [93m    0.510117[0m
INFO -- Epoch: [95m1099[0m - Loss: [93m    0.512924[0m
INFO -- Epoch: [95m1100[0m - Loss: [93m    0.559242[0m
INFO -- Epoch: [95m1101[0m - Loss: [93m    0.536951[0m
INFO -- Epoch: [95m1102[0m - Loss: [93m    0.538055[0m
INFO -- Epoch: [95m1103[0m - Loss: [93m    0.514541[0m
INFO -- Epoch: [95m1104[0m - Loss: [93m    0.518248[0m
INFO -- Epoch: [95m1105[0m - Loss: [93m    0.526898[0m
INFO -- Epoch: [95m1106[0m - Loss: [93m    0.538552[0m
INFO -- Epoch: [95m1107[0m - Loss: [93m    0.520074[0m
INFO -- Epoch: [95m1108[0m - Loss: [93m    0.513934[0m
INFO -- Epoch: [95m1109[0m - Loss: [93m    0.521196[0m
INFO -- Epoch: [95m1110[0m - Loss: [93m    0.517543[0m
INFO -- Epoch: [95m1111[0m - Loss: [93m    0.530962[0m
INFO -- Epoch: [95m1112[0m - Loss: [93m    0.512293[0m
INFO -- Epoch: [95m1113[0m - Loss: [93m    0.520788[0m
INFO -- Epoch: [95m1114[0m - Loss: [93m    0.538936[0m
INFO -- Epoch: [95m1115[0m - Loss: [93m    0.542375[0m
INFO -- Epoch: [95m1116[0m - Loss: [93m    0.539037[0m
INFO -- Epoch: [95m1117[0m - Loss: [93m    0.532185[0m
INFO -- Epoch: [95m1118[0m - Loss: [93m    0.542275[0m
INFO -- Epoch: [95m1119[0m - Loss: [93m    0.539857[0m
INFO -- Epoch: [95m1120[0m - Loss: [93m    0.529871[0m
INFO -- Epoch: [95m1121[0m - Loss: [93m    0.513846[0m
INFO -- Epoch: [95m1122[0m - Loss: [93m    0.530000[0m
INFO -- Epoch: [95m1123[0m - Loss: [93m    0.513108[0m
INFO -- Epoch: [95m1124[0m - Loss: [93m    0.540834[0m
INFO -- Epoch: [95m1125[0m - Loss: [93m    0.517153[0m
INFO -- Epoch: [95m1126[0m - Loss: [93m    0.514808[0m
INFO -- Epoch: [95m1127[0m - Loss: [93m    0.540162[0m
INFO -- Epoch: [95m1128[0m - Loss: [93m    0.513921[0m
INFO -- Epoch: [95m1129[0m - Loss: [93m    0.541974[0m
INFO -- Epoch: [95m1130[0m - Loss: [93m    0.521538[0m
INFO -- Epoch: [95m1131[0m - Loss: [93m    0.515721[0m
INFO -- Epoch: [95m1132[0m - Loss: [93m    0.534951[0m
INFO -- Epoch: [95m1133[0m - Loss: [93m    0.540208[0m
INFO -- Epoch: [95m1134[0m - Loss: [93m    0.510327[0m
INFO -- Epoch: [95m1135[0m - Loss: [93m    0.555991[0m
INFO -- Epoch: [95m1136[0m - Loss: [93m    0.519631[0m
INFO -- Epoch: [95m1137[0m - Loss: [93m    0.511298[0m
INFO -- Epoch: [95m1138[0m - Loss: [93m    0.513039[0m
INFO -- Epoch: [95m1139[0m - Loss: [93m    0.511569[0m
INFO -- Epoch: [95m1140[0m - Loss: [93m    0.508364[0m
INFO -- Epoch: [95m1141[0m - Loss: [93m    0.553762[0m
INFO -- Epoch: [95m1142[0m - Loss: [93m    0.546774[0m
INFO -- Epoch: [95m1143[0m - Loss: [93m    0.553630[0m
INFO -- Epoch: [95m1144[0m - Loss: [93m    0.554451[0m
INFO -- Epoch: [95m1145[0m - Loss: [93m    0.517371[0m
INFO -- Epoch: [95m1146[0m - Loss: [93m    0.549515[0m
INFO -- Epoch: [95m1147[0m - Loss: [93m    0.538406[0m
INFO -- Epoch: [95m1148[0m - Loss: [93m    0.537759[0m
INFO -- Epoch: [95m1149[0m - Loss: [93m    0.520164[0m
INFO -- Epoch: [95m1150[0m - Loss: [93m    0.519795[0m
INFO -- Epoch: [95m1151[0m - Loss: [93m    0.542179[0m
INFO -- Epoch: [95m1152[0m - Loss: [93m    0.535191[0m
INFO -- Epoch: [95m1153[0m - Loss: [93m    0.544657[0m
INFO -- Epoch: [95m1154[0m - Loss: [93m    0.544029[0m
INFO -- Epoch: [95m1155[0m - Loss: [93m    0.524626[0m
INFO -- Epoch: [95m1156[0m - Loss: [93m    0.525151[0m
INFO -- Epoch: [95m1157[0m - Loss: [93m    0.533866[0m
INFO -- Epoch: [95m1158[0m - Loss: [93m    0.534662[0m
INFO -- Epoch: [95m1159[0m - Loss: [93m    0.532822[0m
INFO -- Epoch: [95m1160[0m - Loss: [93m    0.531262[0m
INFO -- Epoch: [95m1161[0m - Loss: [93m    0.526904[0m
INFO -- Epoch: [95m1162[0m - Loss: [93m    0.526333[0m
INFO -- Epoch: [95m1163[0m - Loss: [93m    0.526034[0m
INFO -- Epoch: [95m1164[0m - Loss: [93m    0.519229[0m
INFO -- Epoch: [95m1165[0m - Loss: [93m    0.524088[0m
INFO -- Epoch: [95m1166[0m - Loss: [93m    0.516485[0m
INFO -- Epoch: [95m1167[0m - Loss: [93m    0.516038[0m
INFO -- Epoch: [95m1168[0m - Loss: [93m    0.525568[0m
INFO -- Epoch: [95m1169[0m - Loss: [93m    0.531518[0m
INFO -- Epoch: [95m1170[0m - Loss: [93m    0.537634[0m
INFO -- Epoch: [95m1171[0m - Loss: [93m    0.539167[0m
INFO -- Epoch: [95m1172[0m - Loss: [93m    0.507861[0m
INFO -- Epoch: [95m1173[0m - Loss: [93m    0.506492[0m
INFO -- Epoch: [95m1174[0m - Loss: [93m    0.535466[0m
INFO -- Epoch: [95m1175[0m - Loss: [93m    0.519242[0m
INFO -- Epoch: [95m1176[0m - Loss: [93m    0.537367[0m
INFO -- Epoch: [95m1177[0m - Loss: [93m    0.525534[0m
INFO -- Epoch: [95m1178[0m - Loss: [93m    0.525471[0m
INFO -- Epoch: [95m1179[0m - Loss: [93m    0.512956[0m
INFO -- Epoch: [95m1180[0m - Loss: [93m    0.510256[0m
INFO -- Epoch: [95m1181[0m - Loss: [93m    0.513602[0m
INFO -- Epoch: [95m1182[0m - Loss: [93m    0.511608[0m
INFO -- Epoch: [95m1183[0m - Loss: [93m    0.550748[0m
INFO -- Epoch: [95m1184[0m - Loss: [93m    0.510939[0m
INFO -- Epoch: [95m1185[0m - Loss: [93m    0.550571[0m
INFO -- Epoch: [95m1186[0m - Loss: [93m    0.504992[0m
INFO -- Epoch: [95m1187[0m - Loss: [93m    0.505044[0m
INFO -- Epoch: [95m1188[0m - Loss: [93m    0.513869[0m
INFO -- Epoch: [95m1189[0m - Loss: [93m    0.531912[0m
INFO -- Epoch: [95m1190[0m - Loss: [93m    0.530305[0m
INFO -- Epoch: [95m1191[0m - Loss: [93m    0.506562[0m
INFO -- Epoch: [95m1192[0m - Loss: [93m    0.547658[0m
INFO -- Epoch: [95m1193[0m - Loss: [93m    0.534365[0m
INFO -- Epoch: [95m1194[0m - Loss: [93m    0.536279[0m
INFO -- Epoch: [95m1195[0m - Loss: [93m    0.508028[0m
INFO -- Epoch: [95m1196[0m - Loss: [93m    0.512589[0m
INFO -- Epoch: [95m1197[0m - Loss: [93m    0.551751[0m
INFO -- Epoch: [95m1198[0m - Loss: [93m    0.530756[0m
INFO -- Epoch: [95m1199[0m - Loss: [93m    0.549637[0m
INFO -- Epoch: [95m1200[0m - Loss: [93m    0.557303[0m
INFO -- Epoch: [95m1201[0m - Loss: [93m    0.540032[0m
INFO -- Epoch: [95m1202[0m - Loss: [93m    0.527103[0m
INFO -- Epoch: [95m1203[0m - Loss: [93m    0.528296[0m
INFO -- Epoch: [95m1204[0m - Loss: [93m    0.535173[0m
INFO -- Epoch: [95m1205[0m - Loss: [93m    0.522276[0m
INFO -- Epoch: [95m1206[0m - Loss: [93m    0.529684[0m
INFO -- Epoch: [95m1207[0m - Loss: [93m    0.530035[0m
INFO -- Epoch: [95m1208[0m - Loss: [93m    0.525544[0m
INFO -- Epoch: [95m1209[0m - Loss: [93m    0.527419[0m
INFO -- Epoch: [95m1210[0m - Loss: [93m    0.531838[0m
INFO -- Epoch: [95m1211[0m - Loss: [93m    0.520584[0m
INFO -- Epoch: [95m1212[0m - Loss: [93m    0.534463[0m
INFO -- Epoch: [95m1213[0m - Loss: [93m    0.520247[0m
INFO -- Epoch: [95m1214[0m - Loss: [93m    0.542659[0m
INFO -- Epoch: [95m1215[0m - Loss: [93m    0.533322[0m
INFO -- Epoch: [95m1216[0m - Loss: [93m    0.539644[0m
INFO -- Epoch: [95m1217[0m - Loss: [93m    0.522251[0m
INFO -- Epoch: [95m1218[0m - Loss: [93m    0.540873[0m
INFO -- Epoch: [95m1219[0m - Loss: [93m    0.522391[0m
INFO -- Epoch: [95m1220[0m - Loss: [93m    0.529473[0m
INFO -- Epoch: [95m1221[0m - Loss: [93m    0.536629[0m
INFO -- Epoch: [95m1222[0m - Loss: [93m    0.529161[0m
INFO -- Epoch: [95m1223[0m - Loss: [93m    0.530743[0m
INFO -- Epoch: [95m1224[0m - Loss: [93m    0.536173[0m
INFO -- Epoch: [95m1225[0m - Loss: [93m    0.524525[0m
INFO -- Epoch: [95m1226[0m - Loss: [93m    0.513433[0m
INFO -- Epoch: [95m1227[0m - Loss: [93m    0.539336[0m
INFO -- Epoch: [95m1228[0m - Loss: [93m    0.524664[0m
INFO -- Epoch: [95m1229[0m - Loss: [93m    0.518787[0m
INFO -- Epoch: [95m1230[0m - Loss: [93m    0.517186[0m
INFO -- Epoch: [95m1231[0m - Loss: [93m    0.511860[0m
INFO -- Epoch: [95m1232[0m - Loss: [93m    0.543872[0m
INFO -- Epoch: [95m1233[0m - Loss: [93m    0.532339[0m
INFO -- Epoch: [95m1234[0m - Loss: [93m    0.538861[0m
INFO -- Epoch: [95m1235[0m - Loss: [93m    0.558702[0m
INFO -- Epoch: [95m1236[0m - Loss: [93m    0.531189[0m
INFO -- Epoch: [95m1237[0m - Loss: [93m    0.539921[0m
INFO -- Epoch: [95m1238[0m - Loss: [93m    0.515056[0m
INFO -- Epoch: [95m1239[0m - Loss: [93m    0.529487[0m
INFO -- Epoch: [95m1240[0m - Loss: [93m    0.531649[0m
INFO -- Epoch: [95m1241[0m - Loss: [93m    0.516238[0m
INFO -- Epoch: [95m1242[0m - Loss: [93m    0.530210[0m
INFO -- Epoch: [95m1243[0m - Loss: [93m    0.517074[0m
INFO -- Epoch: [95m1244[0m - Loss: [93m    0.531170[0m
INFO -- Epoch: [95m1245[0m - Loss: [93m    0.556094[0m
INFO -- Epoch: [95m1246[0m - Loss: [93m    0.535808[0m
INFO -- Epoch: [95m1247[0m - Loss: [93m    0.516990[0m
INFO -- Epoch: [95m1248[0m - Loss: [93m    0.520637[0m
INFO -- Epoch: [95m1249[0m - Loss: [93m    0.520199[0m
INFO -- Epoch: [95m1250[0m - Loss: [93m    0.519085[0m
INFO -- Epoch: [95m1251[0m - Loss: [93m    0.537360[0m
INFO -- Epoch: [95m1252[0m - Loss: [93m    0.518047[0m
INFO -- Epoch: [95m1253[0m - Loss: [93m    0.530831[0m
INFO -- Epoch: [95m1254[0m - Loss: [93m    0.511902[0m
INFO -- Epoch: [95m1255[0m - Loss: [93m    0.524487[0m
INFO -- Epoch: [95m1256[0m - Loss: [93m    0.514079[0m
INFO -- Epoch: [95m1257[0m - Loss: [93m    0.524337[0m
INFO -- Epoch: [95m1258[0m - Loss: [93m    0.530395[0m
INFO -- Epoch: [95m1259[0m - Loss: [93m    0.513329[0m
INFO -- Epoch: [95m1260[0m - Loss: [93m    0.543762[0m
INFO -- Epoch: [95m1261[0m - Loss: [93m    0.510860[0m
INFO -- Epoch: [95m1262[0m - Loss: [93m    0.532964[0m
INFO -- Epoch: [95m1263[0m - Loss: [93m    0.524186[0m
INFO -- Epoch: [95m1264[0m - Loss: [93m    0.513373[0m
INFO -- Epoch: [95m1265[0m - Loss: [93m    0.516752[0m
INFO -- Epoch: [95m1266[0m - Loss: [93m    0.505719[0m
INFO -- Epoch: [95m1267[0m - Loss: [93m    0.517299[0m
INFO -- Epoch: [95m1268[0m - Loss: [93m    0.536688[0m
INFO -- Epoch: [95m1269[0m - Loss: [93m    0.510967[0m
INFO -- Epoch: [95m1270[0m - Loss: [93m    0.516677[0m
INFO -- Epoch: [95m1271[0m - Loss: [93m    0.536720[0m
INFO -- Epoch: [95m1272[0m - Loss: [93m    0.504756[0m
INFO -- Epoch: [95m1273[0m - Loss: [93m    0.538323[0m
INFO -- Epoch: [95m1274[0m - Loss: [93m    0.511304[0m
INFO -- Epoch: [95m1275[0m - Loss: [93m    0.550610[0m
INFO -- Epoch: [95m1276[0m - Loss: [93m    0.548267[0m
INFO -- Epoch: [95m1277[0m - Loss: [93m    0.505202[0m
INFO -- Epoch: [95m1278[0m - Loss: [93m    0.557119[0m
INFO -- Epoch: [95m1279[0m - Loss: [93m    0.534072[0m
INFO -- Epoch: [95m1280[0m - Loss: [93m    0.513160[0m
INFO -- Epoch: [95m1281[0m - Loss: [93m    0.551649[0m
INFO -- Epoch: [95m1282[0m - Loss: [93m    0.546809[0m
INFO -- Epoch: [95m1283[0m - Loss: [93m    0.538021[0m
INFO -- Epoch: [95m1284[0m - Loss: [93m    0.520000[0m
INFO -- Epoch: [95m1285[0m - Loss: [93m    0.530523[0m
INFO -- Epoch: [95m1286[0m - Loss: [93m    0.525343[0m
INFO -- Epoch: [95m1287[0m - Loss: [93m    0.530982[0m
INFO -- Epoch: [95m1288[0m - Loss: [93m    0.522389[0m
INFO -- Epoch: [95m1289[0m - Loss: [93m    0.525569[0m
INFO -- Epoch: [95m1290[0m - Loss: [93m    0.523592[0m
INFO -- Epoch: [95m1291[0m - Loss: [93m    0.535674[0m
INFO -- Epoch: [95m1292[0m - Loss: [93m    0.540511[0m
INFO -- Epoch: [95m1293[0m - Loss: [93m    0.535446[0m
INFO -- Epoch: [95m1294[0m - Loss: [93m    0.536821[0m
INFO -- Epoch: [95m1295[0m - Loss: [93m    0.525735[0m
INFO -- Epoch: [95m1296[0m - Loss: [93m    0.541105[0m
INFO -- Epoch: [95m1297[0m - Loss: [93m    0.532946[0m
INFO -- Epoch: [95m1298[0m - Loss: [93m    0.519275[0m
INFO -- Epoch: [95m1299[0m - Loss: [93m    0.535186[0m
INFO -- Epoch: [95m1300[0m - Loss: [93m    0.520902[0m
INFO -- Epoch: [95m1301[0m - Loss: [93m    0.519239[0m
INFO -- Epoch: [95m1302[0m - Loss: [93m    0.550445[0m
INFO -- Epoch: [95m1303[0m - Loss: [93m    0.522491[0m
INFO -- Epoch: [95m1304[0m - Loss: [93m    0.529385[0m
INFO -- Epoch: [95m1305[0m - Loss: [93m    0.515680[0m
INFO -- Epoch: [95m1306[0m - Loss: [93m    0.536103[0m
INFO -- Epoch: [95m1307[0m - Loss: [93m    0.517592[0m
INFO -- Epoch: [95m1308[0m - Loss: [93m    0.518667[0m
INFO -- Epoch: [95m1309[0m - Loss: [93m    0.509775[0m
INFO -- Epoch: [95m1310[0m - Loss: [93m    0.523166[0m
INFO -- Epoch: [95m1311[0m - Loss: [93m    0.541712[0m
INFO -- Epoch: [95m1312[0m - Loss: [93m    0.509984[0m
INFO -- Epoch: [95m1313[0m - Loss: [93m    0.513265[0m
INFO -- Epoch: [95m1314[0m - Loss: [93m    0.517670[0m
INFO -- Epoch: [95m1315[0m - Loss: [93m    0.535121[0m
INFO -- Epoch: [95m1316[0m - Loss: [93m    0.548688[0m
INFO -- Epoch: [95m1317[0m - Loss: [93m    0.547963[0m
INFO -- Epoch: [95m1318[0m - Loss: [93m    0.513021[0m
INFO -- Epoch: [95m1319[0m - Loss: [93m    0.507688[0m
INFO -- Epoch: [95m1320[0m - Loss: [93m    0.524560[0m
INFO -- Epoch: [95m1321[0m - Loss: [93m    0.506211[0m
INFO -- Epoch: [95m1322[0m - Loss: [93m    0.560175[0m
INFO -- Epoch: [95m1323[0m - Loss: [93m    0.514078[0m
INFO -- Epoch: [95m1324[0m - Loss: [93m    0.553569[0m
INFO -- Epoch: [95m1325[0m - Loss: [93m    0.507890[0m
INFO -- Epoch: [95m1326[0m - Loss: [93m    0.528947[0m
INFO -- Epoch: [95m1327[0m - Loss: [93m    0.530444[0m
INFO -- Epoch: [95m1328[0m - Loss: [93m    0.539419[0m
INFO -- Epoch: [95m1329[0m - Loss: [93m    0.512662[0m
INFO -- Epoch: [95m1330[0m - Loss: [93m    0.515623[0m
INFO -- Epoch: [95m1331[0m - Loss: [93m    0.526192[0m
INFO -- Epoch: [95m1332[0m - Loss: [93m    0.539794[0m
INFO -- Epoch: [95m1333[0m - Loss: [93m    0.521868[0m
INFO -- Epoch: [95m1334[0m - Loss: [93m    0.515761[0m
INFO -- Epoch: [95m1335[0m - Loss: [93m    0.529541[0m
INFO -- Epoch: [95m1336[0m - Loss: [93m    0.529739[0m
INFO -- Epoch: [95m1337[0m - Loss: [93m    0.512032[0m
INFO -- Epoch: [95m1338[0m - Loss: [93m    0.519073[0m
INFO -- Epoch: [95m1339[0m - Loss: [93m    0.511411[0m
INFO -- Epoch: [95m1340[0m - Loss: [93m    0.543721[0m
INFO -- Epoch: [95m1341[0m - Loss: [93m    0.514142[0m
INFO -- Epoch: [95m1342[0m - Loss: [93m    0.539501[0m
INFO -- Epoch: [95m1343[0m - Loss: [93m    0.530501[0m
INFO -- Epoch: [95m1344[0m - Loss: [93m    0.530194[0m
INFO -- Epoch: [95m1345[0m - Loss: [93m    0.518784[0m
INFO -- Epoch: [95m1346[0m - Loss: [93m    0.543246[0m
INFO -- Epoch: [95m1347[0m - Loss: [93m    0.538302[0m
INFO -- Epoch: [95m1348[0m - Loss: [93m    0.559550[0m
INFO -- Epoch: [95m1349[0m - Loss: [93m    0.512758[0m
INFO -- Epoch: [95m1350[0m - Loss: [93m    0.512744[0m
INFO -- Epoch: [95m1351[0m - Loss: [93m    0.522868[0m
INFO -- Epoch: [95m1352[0m - Loss: [93m    0.513376[0m
INFO -- Epoch: [95m1353[0m - Loss: [93m    0.538979[0m
INFO -- Epoch: [95m1354[0m - Loss: [93m    0.539172[0m
INFO -- Epoch: [95m1355[0m - Loss: [93m    0.526322[0m
INFO -- Epoch: [95m1356[0m - Loss: [93m    0.532214[0m
INFO -- Epoch: [95m1357[0m - Loss: [93m    0.517615[0m
INFO -- Epoch: [95m1358[0m - Loss: [93m    0.531068[0m
INFO -- Epoch: [95m1359[0m - Loss: [93m    0.516045[0m
INFO -- Epoch: [95m1360[0m - Loss: [93m    0.514105[0m
INFO -- Epoch: [95m1361[0m - Loss: [93m    0.541667[0m
INFO -- Epoch: [95m1362[0m - Loss: [93m    0.516821[0m
INFO -- Epoch: [95m1363[0m - Loss: [93m    0.521948[0m
INFO -- Epoch: [95m1364[0m - Loss: [93m    0.528580[0m
INFO -- Epoch: [95m1365[0m - Loss: [93m    0.549386[0m
INFO -- Epoch: [95m1366[0m - Loss: [93m    0.510988[0m
INFO -- Epoch: [95m1367[0m - Loss: [93m    0.511697[0m
INFO -- Epoch: [95m1368[0m - Loss: [93m    0.546721[0m
INFO -- Epoch: [95m1369[0m - Loss: [93m    0.530684[0m
INFO -- Epoch: [95m1370[0m - Loss: [93m    0.513575[0m
INFO -- Epoch: [95m1371[0m - Loss: [93m    0.514501[0m
INFO -- Epoch: [95m1372[0m - Loss: [93m    0.535588[0m
INFO -- Epoch: [95m1373[0m - Loss: [93m    0.533234[0m
INFO -- Epoch: [95m1374[0m - Loss: [93m    0.522728[0m
INFO -- Epoch: [95m1375[0m - Loss: [93m    0.510592[0m
INFO -- Epoch: [95m1376[0m - Loss: [93m    0.518412[0m
INFO -- Epoch: [95m1377[0m - Loss: [93m    0.513389[0m
INFO -- Epoch: [95m1378[0m - Loss: [93m    0.544131[0m
INFO -- Epoch: [95m1379[0m - Loss: [93m    0.533512[0m
INFO -- Epoch: [95m1380[0m - Loss: [93m    0.521041[0m
INFO -- Epoch: [95m1381[0m - Loss: [93m    0.531238[0m
INFO -- Epoch: [95m1382[0m - Loss: [93m    0.534463[0m
INFO -- Epoch: [95m1383[0m - Loss: [93m    0.508361[0m
INFO -- Epoch: [95m1384[0m - Loss: [93m    0.532552[0m
INFO -- Epoch: [95m1385[0m - Loss: [93m    0.532340[0m
INFO -- Epoch: [95m1386[0m - Loss: [93m    0.514320[0m
INFO -- Epoch: [95m1387[0m - Loss: [93m    0.522638[0m
INFO -- Epoch: [95m1388[0m - Loss: [93m    0.519086[0m
INFO -- Epoch: [95m1389[0m - Loss: [93m    0.563798[0m
INFO -- Epoch: [95m1390[0m - Loss: [93m    0.519767[0m
INFO -- Epoch: [95m1391[0m - Loss: [93m    0.514719[0m
INFO -- Epoch: [95m1392[0m - Loss: [93m    0.519493[0m
INFO -- Epoch: [95m1393[0m - Loss: [93m    0.530559[0m
INFO -- Epoch: [95m1394[0m - Loss: [93m    0.559663[0m
INFO -- Epoch: [95m1395[0m - Loss: [93m    0.516041[0m
INFO -- Epoch: [95m1396[0m - Loss: [93m    0.516283[0m
INFO -- Epoch: [95m1397[0m - Loss: [93m    0.546427[0m
INFO -- Epoch: [95m1398[0m - Loss: [93m    0.541394[0m
INFO -- Epoch: [95m1399[0m - Loss: [93m    0.532162[0m
INFO -- Epoch: [95m1400[0m - Loss: [93m    0.515564[0m
INFO -- Epoch: [95m1401[0m - Loss: [93m    0.524039[0m
INFO -- Epoch: [95m1402[0m - Loss: [93m    0.515964[0m
INFO -- Epoch: [95m1403[0m - Loss: [93m    0.537365[0m
INFO -- Epoch: [95m1404[0m - Loss: [93m    0.529734[0m
INFO -- Epoch: [95m1405[0m - Loss: [93m    0.535853[0m
INFO -- Epoch: [95m1406[0m - Loss: [93m    0.532479[0m
INFO -- Epoch: [95m1407[0m - Loss: [93m    0.528768[0m
INFO -- Epoch: [95m1408[0m - Loss: [93m    0.530156[0m
INFO -- Epoch: [95m1409[0m - Loss: [93m    0.540725[0m
INFO -- Epoch: [95m1410[0m - Loss: [93m    0.522676[0m
INFO -- Epoch: [95m1411[0m - Loss: [93m    0.517512[0m
INFO -- Epoch: [95m1412[0m - Loss: [93m    0.522266[0m
INFO -- Epoch: [95m1413[0m - Loss: [93m    0.514153[0m
INFO -- Epoch: [95m1414[0m - Loss: [93m    0.553627[0m
INFO -- Epoch: [95m1415[0m - Loss: [93m    0.537062[0m
INFO -- Epoch: [95m1416[0m - Loss: [93m    0.537038[0m
INFO -- Epoch: [95m1417[0m - Loss: [93m    0.515997[0m
INFO -- Epoch: [95m1418[0m - Loss: [93m    0.534344[0m
INFO -- Epoch: [95m1419[0m - Loss: [93m    0.514228[0m
INFO -- Epoch: [95m1420[0m - Loss: [93m    0.524850[0m
INFO -- Epoch: [95m1421[0m - Loss: [93m    0.529341[0m
INFO -- Epoch: [95m1422[0m - Loss: [93m    0.521801[0m
INFO -- Epoch: [95m1423[0m - Loss: [93m    0.516965[0m
INFO -- Epoch: [95m1424[0m - Loss: [93m    0.512038[0m
INFO -- Epoch: [95m1425[0m - Loss: [93m    0.515187[0m
INFO -- Epoch: [95m1426[0m - Loss: [93m    0.509892[0m
INFO -- Epoch: [95m1427[0m - Loss: [93m    0.542464[0m
INFO -- Epoch: [95m1428[0m - Loss: [93m    0.517987[0m
INFO -- Epoch: [95m1429[0m - Loss: [93m    0.519535[0m
INFO -- Epoch: [95m1430[0m - Loss: [93m    0.508894[0m
INFO -- Epoch: [95m1431[0m - Loss: [93m    0.508128[0m
INFO -- Epoch: [95m1432[0m - Loss: [93m    0.533643[0m
INFO -- Epoch: [95m1433[0m - Loss: [93m    0.568118[0m
INFO -- Epoch: [95m1434[0m - Loss: [93m    0.504232[0m
INFO -- Epoch: [95m1435[0m - Loss: [93m    0.550200[0m
INFO -- Epoch: [95m1436[0m - Loss: [93m    0.577393[0m
INFO -- Epoch: [95m1437[0m - Loss: [93m    0.509245[0m
INFO -- Epoch: [95m1438[0m - Loss: [93m    0.547166[0m
INFO -- Epoch: [95m1439[0m - Loss: [93m    0.550205[0m
INFO -- Epoch: [95m1440[0m - Loss: [93m    0.541075[0m
INFO -- Epoch: [95m1441[0m - Loss: [93m    0.525828[0m
INFO -- Epoch: [95m1442[0m - Loss: [93m    0.515599[0m
INFO -- Epoch: [95m1443[0m - Loss: [93m    0.535754[0m
INFO -- Epoch: [95m1444[0m - Loss: [93m    0.521541[0m
INFO -- Epoch: [95m1445[0m - Loss: [93m    0.538993[0m
INFO -- Epoch: [95m1446[0m - Loss: [93m    0.522354[0m
INFO -- Epoch: [95m1447[0m - Loss: [93m    0.535206[0m
INFO -- Epoch: [95m1448[0m - Loss: [93m    0.524086[0m
INFO -- Epoch: [95m1449[0m - Loss: [93m    0.521734[0m
INFO -- Epoch: [95m1450[0m - Loss: [93m    0.537477[0m
INFO -- Epoch: [95m1451[0m - Loss: [93m    0.525903[0m
INFO -- Epoch: [95m1452[0m - Loss: [93m    0.520808[0m
INFO -- Epoch: [95m1453[0m - Loss: [93m    0.537078[0m
INFO -- Epoch: [95m1454[0m - Loss: [93m    0.517884[0m
INFO -- Epoch: [95m1455[0m - Loss: [93m    0.525074[0m
INFO -- Epoch: [95m1456[0m - Loss: [93m    0.537209[0m
INFO -- Epoch: [95m1457[0m - Loss: [93m    0.526217[0m
INFO -- Epoch: [95m1458[0m - Loss: [93m    0.519096[0m
INFO -- Epoch: [95m1459[0m - Loss: [93m    0.521470[0m
INFO -- Epoch: [95m1460[0m - Loss: [93m    0.549535[0m
INFO -- Epoch: [95m1461[0m - Loss: [93m    0.513073[0m
INFO -- Epoch: [95m1462[0m - Loss: [93m    0.521775[0m
INFO -- Epoch: [95m1463[0m - Loss: [93m    0.510051[0m
INFO -- Epoch: [95m1464[0m - Loss: [93m    0.510745[0m
INFO -- Epoch: [95m1465[0m - Loss: [93m    0.543115[0m
INFO -- Epoch: [95m1466[0m - Loss: [93m    0.544507[0m
INFO -- Epoch: [95m1467[0m - Loss: [93m    0.546569[0m
INFO -- Epoch: [95m1468[0m - Loss: [93m    0.569651[0m
INFO -- Epoch: [95m1469[0m - Loss: [93m    0.541812[0m
INFO -- Epoch: [95m1470[0m - Loss: [93m    0.510024[0m
INFO -- Epoch: [95m1471[0m - Loss: [93m    0.529296[0m
INFO -- Epoch: [95m1472[0m - Loss: [93m    0.516007[0m
INFO -- Epoch: [95m1473[0m - Loss: [93m    0.512988[0m
INFO -- Epoch: [95m1474[0m - Loss: [93m    0.513625[0m
INFO -- Epoch: [95m1475[0m - Loss: [93m    0.536037[0m
INFO -- Epoch: [95m1476[0m - Loss: [93m    0.523606[0m
INFO -- Epoch: [95m1477[0m - Loss: [93m    0.513251[0m
INFO -- Epoch: [95m1478[0m - Loss: [93m    0.530737[0m
INFO -- Epoch: [95m1479[0m - Loss: [93m    0.529000[0m
INFO -- Epoch: [95m1480[0m - Loss: [93m    0.535725[0m
INFO -- Epoch: [95m1481[0m - Loss: [93m    0.513791[0m
INFO -- Epoch: [95m1482[0m - Loss: [93m    0.531544[0m
INFO -- Epoch: [95m1483[0m - Loss: [93m    0.537225[0m
INFO -- Epoch: [95m1484[0m - Loss: [93m    0.520725[0m
INFO -- Epoch: [95m1485[0m - Loss: [93m    0.514954[0m
INFO -- Epoch: [95m1486[0m - Loss: [93m    0.510790[0m
INFO -- Epoch: [95m1487[0m - Loss: [93m    0.512410[0m
INFO -- Epoch: [95m1488[0m - Loss: [93m    0.507763[0m
INFO -- Epoch: [95m1489[0m - Loss: [93m    0.543858[0m
INFO -- Epoch: [95m1490[0m - Loss: [93m    0.519118[0m
INFO -- Epoch: [95m1491[0m - Loss: [93m    0.506981[0m
INFO -- Epoch: [95m1492[0m - Loss: [93m    0.512070[0m
INFO -- Epoch: [95m1493[0m - Loss: [93m    0.516564[0m
INFO -- Epoch: [95m1494[0m - Loss: [93m    0.508388[0m
INFO -- Epoch: [95m1495[0m - Loss: [93m    0.515442[0m
INFO -- Epoch: [95m1496[0m - Loss: [93m    0.502943[0m
INFO -- Epoch: [95m1497[0m - Loss: [93m    0.549379[0m
INFO -- Epoch: [95m1498[0m - Loss: [93m    0.513000[0m
INFO -- Epoch: [95m1499[0m - Loss: [93m    0.599019[0m
INFO -- Epoch: [95m1500[0m - Loss: [93m    0.517233[0m
INFO -- Epoch: [95m1501[0m - Loss: [93m    0.519976[0m
INFO -- Epoch: [95m1502[0m - Loss: [93m    0.515210[0m
INFO -- Epoch: [95m1503[0m - Loss: [93m    0.512573[0m
INFO -- Epoch: [95m1504[0m - Loss: [93m    0.543596[0m
INFO -- Epoch: [95m1505[0m - Loss: [93m    0.579023[0m
INFO -- Epoch: [95m1506[0m - Loss: [93m    0.542379[0m
INFO -- Epoch: [95m1507[0m - Loss: [93m    0.557201[0m
INFO -- Epoch: [95m1508[0m - Loss: [93m    0.515867[0m
INFO -- Epoch: [95m1509[0m - Loss: [93m    0.518947[0m
INFO -- Epoch: [95m1510[0m - Loss: [93m    0.536762[0m
INFO -- Epoch: [95m1511[0m - Loss: [93m    0.536909[0m
INFO -- Epoch: [95m1512[0m - Loss: [93m    0.525639[0m
INFO -- Epoch: [95m1513[0m - Loss: [93m    0.526734[0m
INFO -- Epoch: [95m1514[0m - Loss: [93m    0.534704[0m
INFO -- Epoch: [95m1515[0m - Loss: [93m    0.525618[0m
INFO -- Epoch: [95m1516[0m - Loss: [93m    0.525052[0m
INFO -- Epoch: [95m1517[0m - Loss: [93m    0.523344[0m
INFO -- Epoch: [95m1518[0m - Loss: [93m    0.526128[0m
INFO -- Epoch: [95m1519[0m - Loss: [93m    0.543663[0m
INFO -- Epoch: [95m1520[0m - Loss: [93m    0.523190[0m
INFO -- Epoch: [95m1521[0m - Loss: [93m    0.532212[0m
INFO -- Epoch: [95m1522[0m - Loss: [93m    0.541756[0m
INFO -- Epoch: [95m1523[0m - Loss: [93m    0.516790[0m
INFO -- Epoch: [95m1524[0m - Loss: [93m    0.540785[0m
INFO -- Epoch: [95m1525[0m - Loss: [93m    0.514602[0m
INFO -- Epoch: [95m1526[0m - Loss: [93m    0.510637[0m
INFO -- Epoch: [95m1527[0m - Loss: [93m    0.510380[0m
INFO -- Epoch: [95m1528[0m - Loss: [93m    0.530954[0m
INFO -- Epoch: [95m1529[0m - Loss: [93m    0.549004[0m
INFO -- Epoch: [95m1530[0m - Loss: [93m    0.507790[0m
INFO -- Epoch: [95m1531[0m - Loss: [93m    0.545665[0m
INFO -- Epoch: [95m1532[0m - Loss: [93m    0.547843[0m
INFO -- Epoch: [95m1533[0m - Loss: [93m    0.508966[0m
INFO -- Epoch: [95m1534[0m - Loss: [93m    0.541040[0m
INFO -- Epoch: [95m1535[0m - Loss: [93m    0.516290[0m
INFO -- Epoch: [95m1536[0m - Loss: [93m    0.551376[0m
INFO -- Epoch: [95m1537[0m - Loss: [93m    0.546844[0m
INFO -- Epoch: [95m1538[0m - Loss: [93m    0.550205[0m
INFO -- Epoch: [95m1539[0m - Loss: [93m    0.524435[0m
INFO -- Epoch: [95m1540[0m - Loss: [93m    0.523786[0m
INFO -- Epoch: [95m1541[0m - Loss: [93m    0.523638[0m
INFO -- Epoch: [95m1542[0m - Loss: [93m    0.543207[0m
INFO -- Epoch: [95m1543[0m - Loss: [93m    0.527439[0m
INFO -- Epoch: [95m1544[0m - Loss: [93m    0.532431[0m
INFO -- Epoch: [95m1545[0m - Loss: [93m    0.535841[0m
INFO -- Epoch: [95m1546[0m - Loss: [93m    0.543543[0m
INFO -- Epoch: [95m1547[0m - Loss: [93m    0.524744[0m
INFO -- Epoch: [95m1548[0m - Loss: [93m    0.531326[0m
INFO -- Epoch: [95m1549[0m - Loss: [93m    0.527305[0m
INFO -- Epoch: [95m1550[0m - Loss: [93m    0.523865[0m
INFO -- Epoch: [95m1551[0m - Loss: [93m    0.519664[0m
INFO -- Epoch: [95m1552[0m - Loss: [93m    0.518829[0m
INFO -- Epoch: [95m1553[0m - Loss: [93m    0.519381[0m
INFO -- Epoch: [95m1554[0m - Loss: [93m    0.522683[0m
INFO -- Epoch: [95m1555[0m - Loss: [93m    0.514884[0m
INFO -- Epoch: [95m1556[0m - Loss: [93m    0.508955[0m
INFO -- Epoch: [95m1557[0m - Loss: [93m    0.510297[0m
INFO -- Epoch: [95m1558[0m - Loss: [93m    0.509013[0m
INFO -- Epoch: [95m1559[0m - Loss: [93m    0.536809[0m
INFO -- Epoch: [95m1560[0m - Loss: [93m    0.502938[0m
INFO -- Epoch: [95m1561[0m - Loss: [93m    0.519181[0m
INFO -- Epoch: [95m1562[0m - Loss: [93m    0.557523[0m
INFO -- Epoch: [95m1563[0m - Loss: [93m    0.509543[0m
INFO -- Epoch: [95m1564[0m - Loss: [93m    0.506012[0m
INFO -- Epoch: [95m1565[0m - Loss: [93m    0.519332[0m
INFO -- Epoch: [95m1566[0m - Loss: [93m    0.503715[0m
INFO -- Epoch: [95m1567[0m - Loss: [93m    0.508128[0m
INFO -- Epoch: [95m1568[0m - Loss: [93m    0.566298[0m
INFO -- Epoch: [95m1569[0m - Loss: [93m    0.498347[0m
INFO -- Epoch: [95m1570[0m - Loss: [93m    0.505407[0m
INFO -- Epoch: [95m1571[0m - Loss: [93m    0.514226[0m
INFO -- Epoch: [95m1572[0m - Loss: [93m    0.548649[0m
INFO -- Epoch: [95m1573[0m - Loss: [93m    0.555038[0m
INFO -- Epoch: [95m1574[0m - Loss: [93m    0.589907[0m
INFO -- Epoch: [95m1575[0m - Loss: [93m    0.563761[0m
INFO -- Epoch: [95m1576[0m - Loss: [93m    0.530201[0m
INFO -- Epoch: [95m1577[0m - Loss: [93m    0.530252[0m
INFO -- Epoch: [95m1578[0m - Loss: [93m    0.520758[0m
INFO -- Epoch: [95m1579[0m - Loss: [93m    0.524002[0m
INFO -- Epoch: [95m1580[0m - Loss: [93m    0.523129[0m
INFO -- Epoch: [95m1581[0m - Loss: [93m    0.536504[0m
INFO -- Epoch: [95m1582[0m - Loss: [93m    0.530096[0m
INFO -- Epoch: [95m1583[0m - Loss: [93m    0.532890[0m
INFO -- Epoch: [95m1584[0m - Loss: [93m    0.530778[0m
INFO -- Epoch: [95m1585[0m - Loss: [93m    0.535669[0m
INFO -- Epoch: [95m1586[0m - Loss: [93m    0.535853[0m
INFO -- Epoch: [95m1587[0m - Loss: [93m    0.539881[0m
INFO -- Epoch: [95m1588[0m - Loss: [93m    0.528645[0m
INFO -- Epoch: [95m1589[0m - Loss: [93m    0.526502[0m
INFO -- Epoch: [95m1590[0m - Loss: [93m    0.521501[0m
INFO -- Epoch: [95m1591[0m - Loss: [93m    0.522428[0m
INFO -- Epoch: [95m1592[0m - Loss: [93m    0.530405[0m
INFO -- Epoch: [95m1593[0m - Loss: [93m    0.536172[0m
INFO -- Epoch: [95m1594[0m - Loss: [93m    0.526214[0m
INFO -- Epoch: [95m1595[0m - Loss: [93m    0.517296[0m
INFO -- Epoch: [95m1596[0m - Loss: [93m    0.539470[0m
INFO -- Epoch: [95m1597[0m - Loss: [93m    0.519568[0m
INFO -- Epoch: [95m1598[0m - Loss: [93m    0.545851[0m
INFO -- Epoch: [95m1599[0m - Loss: [93m    0.510792[0m
INFO -- Epoch: [95m1600[0m - Loss: [93m    0.551475[0m
INFO -- Epoch: [95m1601[0m - Loss: [93m    0.518525[0m
INFO -- Epoch: [95m1602[0m - Loss: [93m    0.509392[0m
INFO -- Epoch: [95m1603[0m - Loss: [93m    0.509003[0m
INFO -- Epoch: [95m1604[0m - Loss: [93m    0.511945[0m
INFO -- Training interrupted by user at epoch [91m1605[0m
INFO -- Creating plots and saving to files. Dimensions: 1
