INFO -- Device: cuda
INFO -- 
INFO -- ================================================================================
INFO -- Learning parameters
INFO -- Length:                                           [92m1.0[0m
INFO -- Total time:                                       [92m1.0[0m
INFO -- Number of points in x:                            [92m150[0m
INFO -- Number of points in initial condition:            [92m300[0m
INFO -- Weight for interior loss:                         [92m0.5[0m
INFO -- Weight for initial condition loss:                [92m150.0[0m
INFO -- Weight for boundary loss:                         [92m1.0[0m
INFO -- Layers:                                           [92m8[0m
INFO -- Neurons per layer:                                [92m60[0m
INFO -- Epochs:                                           [92m50000[0m
INFO -- Learning rate:                                    [92m0.0025[0m
INFO -- ================================================================================
INFO -- 
INFO -- Creating PINN with [92m8[0m layers and [92m60[0m neurons per layer
INFO -- Computing initial condition loss
INFO -- Training PINN for [93m50000[0m epochs using [93mloss_fn_weak[0m loss function
INFO -- Epoch: [95m1[0m - Loss: [93m    0.958440[0m
INFO -- Epoch: [95m2[0m - Loss: [93m    0.733563[0m
INFO -- Epoch: [95m3[0m - Loss: [93m    0.582893[0m
INFO -- Epoch: [95m4[0m - Loss: [93m    0.576335[0m
INFO -- Epoch: [95m5[0m - Loss: [93m    0.612276[0m
INFO -- Epoch: [95m6[0m - Loss: [93m    0.563010[0m
INFO -- Epoch: [95m7[0m - Loss: [93m    0.534647[0m
INFO -- Epoch: [95m8[0m - Loss: [93m    0.540657[0m
INFO -- Epoch: [95m9[0m - Loss: [93m    0.550799[0m
INFO -- Epoch: [95m10[0m - Loss: [93m    0.549485[0m
INFO -- Epoch: [95m11[0m - Loss: [93m    0.539401[0m
INFO -- Epoch: [95m12[0m - Loss: [93m    0.529379[0m
INFO -- Epoch: [95m13[0m - Loss: [93m    0.527213[0m
INFO -- Epoch: [95m14[0m - Loss: [93m    0.531686[0m
INFO -- Epoch: [95m15[0m - Loss: [93m    0.533004[0m
INFO -- Epoch: [95m16[0m - Loss: [93m    0.529872[0m
INFO -- Epoch: [95m17[0m - Loss: [93m    0.527330[0m
INFO -- Epoch: [95m18[0m - Loss: [93m    0.526728[0m
INFO -- Epoch: [95m19[0m - Loss: [93m    0.526562[0m
INFO -- Epoch: [95m20[0m - Loss: [93m    0.525936[0m
INFO -- Epoch: [95m21[0m - Loss: [93m    0.525046[0m
INFO -- Epoch: [95m22[0m - Loss: [93m    0.524412[0m
INFO -- Epoch: [95m23[0m - Loss: [93m    0.524226[0m
INFO -- Epoch: [95m24[0m - Loss: [93m    0.524030[0m
INFO -- Epoch: [95m25[0m - Loss: [93m    0.523120[0m
INFO -- Epoch: [95m26[0m - Loss: [93m    0.521600[0m
INFO -- Epoch: [95m27[0m - Loss: [93m    0.520537[0m
INFO -- Epoch: [95m28[0m - Loss: [93m    0.520703[0m
INFO -- Epoch: [95m29[0m - Loss: [93m    0.521615[0m
INFO -- Epoch: [95m30[0m - Loss: [93m    0.522079[0m
INFO -- Epoch: [95m31[0m - Loss: [93m    0.521451[0m
INFO -- Epoch: [95m32[0m - Loss: [93m    0.520204[0m
INFO -- Epoch: [95m33[0m - Loss: [93m    0.519367[0m
INFO -- Epoch: [95m34[0m - Loss: [93m    0.519506[0m
INFO -- Epoch: [95m35[0m - Loss: [93m    0.520197[0m
INFO -- Epoch: [95m36[0m - Loss: [93m    0.520544[0m
INFO -- Epoch: [95m37[0m - Loss: [93m    0.520211[0m
INFO -- Epoch: [95m38[0m - Loss: [93m    0.519646[0m
INFO -- Epoch: [95m39[0m - Loss: [93m    0.519403[0m
INFO -- Epoch: [95m40[0m - Loss: [93m    0.519541[0m
INFO -- Epoch: [95m41[0m - Loss: [93m    0.519720[0m
INFO -- Epoch: [95m42[0m - Loss: [93m    0.519693[0m
INFO -- Epoch: [95m43[0m - Loss: [93m    0.519561[0m
INFO -- Epoch: [95m44[0m - Loss: [93m    0.519538[0m
INFO -- Epoch: [95m45[0m - Loss: [93m    0.519601[0m
INFO -- Epoch: [95m46[0m - Loss: [93m    0.519556[0m
INFO -- Epoch: [95m47[0m - Loss: [93m    0.519398[0m
INFO -- Epoch: [95m48[0m - Loss: [93m    0.519311[0m
INFO -- Epoch: [95m49[0m - Loss: [93m    0.519383[0m
INFO -- Epoch: [95m50[0m - Loss: [93m    0.519507[0m
INFO -- Epoch: [95m51[0m - Loss: [93m    0.519525[0m
INFO -- Epoch: [95m52[0m - Loss: [93m    0.519405[0m
INFO -- Epoch: [95m53[0m - Loss: [93m    0.519256[0m
INFO -- Epoch: [95m54[0m - Loss: [93m    0.519212[0m
INFO -- Epoch: [95m55[0m - Loss: [93m    0.519286[0m
INFO -- Epoch: [95m56[0m - Loss: [93m    0.519359[0m
INFO -- Epoch: [95m57[0m - Loss: [93m    0.519335[0m
INFO -- Epoch: [95m58[0m - Loss: [93m    0.519252[0m
INFO -- Epoch: [95m59[0m - Loss: [93m    0.519203[0m
INFO -- Epoch: [95m60[0m - Loss: [93m    0.519214[0m
INFO -- Epoch: [95m61[0m - Loss: [93m    0.519241[0m
INFO -- Epoch: [95m62[0m - Loss: [93m    0.519247[0m
INFO -- Epoch: [95m63[0m - Loss: [93m    0.519231[0m
INFO -- Epoch: [95m64[0m - Loss: [93m    0.519216[0m
INFO -- Epoch: [95m65[0m - Loss: [93m    0.519211[0m
INFO -- Epoch: [95m66[0m - Loss: [93m    0.519208[0m
INFO -- Epoch: [95m67[0m - Loss: [93m    0.519201[0m
INFO -- Epoch: [95m68[0m - Loss: [93m    0.519196[0m
INFO -- Epoch: [95m69[0m - Loss: [93m    0.519202[0m
INFO -- Epoch: [95m70[0m - Loss: [93m    0.519212[0m
INFO -- Epoch: [95m71[0m - Loss: [93m    0.519210[0m
INFO -- Epoch: [95m72[0m - Loss: [93m    0.519194[0m
INFO -- Epoch: [95m73[0m - Loss: [93m    0.519182[0m
INFO -- Epoch: [95m74[0m - Loss: [93m    0.519186[0m
INFO -- Epoch: [95m75[0m - Loss: [93m    0.519198[0m
INFO -- Epoch: [95m76[0m - Loss: [93m    0.519202[0m
INFO -- Epoch: [95m77[0m - Loss: [93m    0.519193[0m
INFO -- Epoch: [95m78[0m - Loss: [93m    0.519180[0m
INFO -- Epoch: [95m79[0m - Loss: [93m    0.519178[0m
INFO -- Epoch: [95m80[0m - Loss: [93m    0.519185[0m
INFO -- Epoch: [95m81[0m - Loss: [93m    0.519189[0m
INFO -- Epoch: [95m82[0m - Loss: [93m    0.519186[0m
INFO -- Epoch: [95m83[0m - Loss: [93m    0.519179[0m
INFO -- Epoch: [95m84[0m - Loss: [93m    0.519177[0m
INFO -- Epoch: [95m85[0m - Loss: [93m    0.519178[0m
INFO -- Epoch: [95m86[0m - Loss: [93m    0.519179[0m
INFO -- Epoch: [95m87[0m - Loss: [93m    0.519178[0m
INFO -- Epoch: [95m88[0m - Loss: [93m    0.519177[0m
INFO -- Epoch: [95m89[0m - Loss: [93m    0.519177[0m
INFO -- Epoch: [95m90[0m - Loss: [93m    0.519176[0m
INFO -- Epoch: [95m91[0m - Loss: [93m    0.519175[0m
INFO -- Epoch: [95m92[0m - Loss: [93m    0.519174[0m
INFO -- Epoch: [95m93[0m - Loss: [93m    0.519175[0m
INFO -- Epoch: [95m94[0m - Loss: [93m    0.519176[0m
INFO -- Epoch: [95m95[0m - Loss: [93m    0.519175[0m
INFO -- Epoch: [95m96[0m - Loss: [93m    0.519173[0m
INFO -- Epoch: [95m97[0m - Loss: [93m    0.519173[0m
INFO -- Epoch: [95m98[0m - Loss: [93m    0.519174[0m
INFO -- Epoch: [95m99[0m - Loss: [93m    0.519174[0m
INFO -- Epoch: [95m100[0m - Loss: [93m    0.519174[0m
INFO -- Epoch: [95m101[0m - Loss: [93m    0.519173[0m
INFO -- Epoch: [95m102[0m - Loss: [93m    0.519172[0m
INFO -- Epoch: [95m103[0m - Loss: [93m    0.519173[0m
INFO -- Epoch: [95m104[0m - Loss: [93m    0.519173[0m
INFO -- Epoch: [95m105[0m - Loss: [93m    0.519172[0m
INFO -- Epoch: [95m106[0m - Loss: [93m    0.519172[0m
INFO -- Epoch: [95m107[0m - Loss: [93m    0.519172[0m
INFO -- Epoch: [95m108[0m - Loss: [93m    0.519172[0m
INFO -- Epoch: [95m109[0m - Loss: [93m    0.519171[0m
INFO -- Epoch: [95m110[0m - Loss: [93m    0.519171[0m
INFO -- Epoch: [95m111[0m - Loss: [93m    0.519171[0m
INFO -- Epoch: [95m112[0m - Loss: [93m    0.519171[0m
INFO -- Epoch: [95m113[0m - Loss: [93m    0.519171[0m
INFO -- Epoch: [95m114[0m - Loss: [93m    0.519170[0m
INFO -- Epoch: [95m115[0m - Loss: [93m    0.519170[0m
INFO -- Epoch: [95m116[0m - Loss: [93m    0.519170[0m
INFO -- Epoch: [95m117[0m - Loss: [93m    0.519170[0m
INFO -- Epoch: [95m118[0m - Loss: [93m    0.519170[0m
INFO -- Epoch: [95m119[0m - Loss: [93m    0.519170[0m
INFO -- Epoch: [95m120[0m - Loss: [93m    0.519170[0m
INFO -- Epoch: [95m121[0m - Loss: [93m    0.519170[0m
INFO -- Epoch: [95m122[0m - Loss: [93m    0.519170[0m
INFO -- Epoch: [95m123[0m - Loss: [93m    0.519169[0m
INFO -- Epoch: [95m124[0m - Loss: [93m    0.519169[0m
INFO -- Epoch: [95m125[0m - Loss: [93m    0.519169[0m
INFO -- Epoch: [95m126[0m - Loss: [93m    0.519169[0m
INFO -- Epoch: [95m127[0m - Loss: [93m    0.519169[0m
INFO -- Epoch: [95m128[0m - Loss: [93m    0.519169[0m
INFO -- Epoch: [95m129[0m - Loss: [93m    0.519169[0m
INFO -- Epoch: [95m130[0m - Loss: [93m    0.519169[0m
INFO -- Epoch: [95m131[0m - Loss: [93m    0.519168[0m
INFO -- Epoch: [95m132[0m - Loss: [93m    0.519168[0m
INFO -- Epoch: [95m133[0m - Loss: [93m    0.519168[0m
INFO -- Epoch: [95m134[0m - Loss: [93m    0.519168[0m
INFO -- Epoch: [95m135[0m - Loss: [93m    0.519168[0m
INFO -- Epoch: [95m136[0m - Loss: [93m    0.519168[0m
INFO -- Epoch: [95m137[0m - Loss: [93m    0.519168[0m
INFO -- Epoch: [95m138[0m - Loss: [93m    0.519168[0m
INFO -- Epoch: [95m139[0m - Loss: [93m    0.519168[0m
INFO -- Epoch: [95m140[0m - Loss: [93m    0.519168[0m
INFO -- Epoch: [95m141[0m - Loss: [93m    0.519167[0m
INFO -- Epoch: [95m142[0m - Loss: [93m    0.519167[0m
INFO -- Epoch: [95m143[0m - Loss: [93m    0.519167[0m
INFO -- Epoch: [95m144[0m - Loss: [93m    0.519167[0m
INFO -- Epoch: [95m145[0m - Loss: [93m    0.519167[0m
INFO -- Epoch: [95m146[0m - Loss: [93m    0.519167[0m
INFO -- Epoch: [95m147[0m - Loss: [93m    0.519167[0m
INFO -- Epoch: [95m148[0m - Loss: [93m    0.519167[0m
INFO -- Epoch: [95m149[0m - Loss: [93m    0.519167[0m
INFO -- Epoch: [95m150[0m - Loss: [93m    0.519166[0m
INFO -- Epoch: [95m151[0m - Loss: [93m    0.519166[0m
INFO -- Epoch: [95m152[0m - Loss: [93m    0.519166[0m
INFO -- Epoch: [95m153[0m - Loss: [93m    0.519166[0m
INFO -- Epoch: [95m154[0m - Loss: [93m    0.519166[0m
INFO -- Epoch: [95m155[0m - Loss: [93m    0.519166[0m
INFO -- Epoch: [95m156[0m - Loss: [93m    0.519166[0m
INFO -- Epoch: [95m157[0m - Loss: [93m    0.519166[0m
INFO -- Epoch: [95m158[0m - Loss: [93m    0.519165[0m
INFO -- Epoch: [95m159[0m - Loss: [93m    0.519165[0m
INFO -- Epoch: [95m160[0m - Loss: [93m    0.519165[0m
INFO -- Epoch: [95m161[0m - Loss: [93m    0.519165[0m
INFO -- Epoch: [95m162[0m - Loss: [93m    0.519165[0m
INFO -- Epoch: [95m163[0m - Loss: [93m    0.519165[0m
INFO -- Epoch: [95m164[0m - Loss: [93m    0.519165[0m
INFO -- Epoch: [95m165[0m - Loss: [93m    0.519165[0m
INFO -- Epoch: [95m166[0m - Loss: [93m    0.519165[0m
INFO -- Epoch: [95m167[0m - Loss: [93m    0.519164[0m
INFO -- Epoch: [95m168[0m - Loss: [93m    0.519164[0m
INFO -- Epoch: [95m169[0m - Loss: [93m    0.519164[0m
INFO -- Epoch: [95m170[0m - Loss: [93m    0.519164[0m
INFO -- Epoch: [95m171[0m - Loss: [93m    0.519164[0m
INFO -- Epoch: [95m172[0m - Loss: [93m    0.519164[0m
INFO -- Epoch: [95m173[0m - Loss: [93m    0.519164[0m
INFO -- Epoch: [95m174[0m - Loss: [93m    0.519164[0m
INFO -- Epoch: [95m175[0m - Loss: [93m    0.519164[0m
INFO -- Epoch: [95m176[0m - Loss: [93m    0.519163[0m
INFO -- Epoch: [95m177[0m - Loss: [93m    0.519163[0m
INFO -- Epoch: [95m178[0m - Loss: [93m    0.519163[0m
INFO -- Epoch: [95m179[0m - Loss: [93m    0.519163[0m
INFO -- Epoch: [95m180[0m - Loss: [93m    0.519163[0m
INFO -- Epoch: [95m181[0m - Loss: [93m    0.519163[0m
INFO -- Epoch: [95m182[0m - Loss: [93m    0.519163[0m
INFO -- Epoch: [95m183[0m - Loss: [93m    0.519163[0m
INFO -- Epoch: [95m184[0m - Loss: [93m    0.519162[0m
INFO -- Epoch: [95m185[0m - Loss: [93m    0.519162[0m
INFO -- Epoch: [95m186[0m - Loss: [93m    0.519162[0m
INFO -- Epoch: [95m187[0m - Loss: [93m    0.519162[0m
INFO -- Epoch: [95m188[0m - Loss: [93m    0.519162[0m
INFO -- Epoch: [95m189[0m - Loss: [93m    0.519162[0m
INFO -- Training interrupted by user at epoch [91m190[0m
INFO -- Creating plots and saving to files. Dimensions: 1
