INFO -- Device: cuda
INFO -- One dimentional problem
INFO -- 
INFO -- ================================================================================
INFO -- Learning parameters
INFO -- Length:                                           [92m1.0[0m
INFO -- Total time:                                       [92m1.0[0m
INFO -- Number of points in x:                            [92m150[0m
INFO -- Number of points in t:                            [92m150[0m
INFO -- Number of points in initial condition:            [92m300[0m
INFO -- Weight for interior loss:                         [92m0.5[0m
INFO -- Weight for initial condition loss:                [92m150.0[0m
INFO -- Weight for boundary loss:                         [92m1.0[0m
INFO -- Layers:                                           [92m4[0m
INFO -- Neurons per layer:                                [92m20[0m
INFO -- Epochs:                                           [92m50[0m
INFO -- Learning rate:                                    [92m0.1[0m
INFO -- ================================================================================
INFO -- 
INFO -- Creating PINN with [92m4[0m layers and [92m20[0m neurons per layer
INFO -- Computing initial condition loss
INFO -- Training PINN for [93m50[0m epochs using [93mloss_fn_weak_and_strong[0m loss function
INFO -- Epoch: [95m1[0m - Loss: [93m    2.010530[0m
INFO -- Epoch: [95m2[0m - Loss: [93m    0.553042[0m
INFO -- Epoch: [95m3[0m - Loss: [93m    5.922454[0m
INFO -- Epoch: [95m4[0m - Loss: [93m    0.661801[0m
INFO -- Epoch: [95m5[0m - Loss: [93m    3.275730[0m
INFO -- Epoch: [95m6[0m - Loss: [93m    2.636968[0m
INFO -- Epoch: [95m7[0m - Loss: [93m    0.989806[0m
INFO -- Epoch: [95m8[0m - Loss: [93m    0.643987[0m
INFO -- Epoch: [95m9[0m - Loss: [93m    1.481262[0m
INFO -- Epoch: [95m10[0m - Loss: [93m    1.626968[0m
INFO -- Epoch: [95m11[0m - Loss: [93m    0.932566[0m
INFO -- Epoch: [95m12[0m - Loss: [93m    0.556583[0m
INFO -- Epoch: [95m13[0m - Loss: [93m    0.913363[0m
INFO -- Epoch: [95m14[0m - Loss: [93m    1.232722[0m
INFO -- Epoch: [95m15[0m - Loss: [93m    0.978984[0m
INFO -- Epoch: [95m16[0m - Loss: [93m    0.599108[0m
INFO -- Epoch: [95m17[0m - Loss: [93m    0.635890[0m
INFO -- Epoch: [95m18[0m - Loss: [93m    0.918722[0m
INFO -- Epoch: [95m19[0m - Loss: [93m    0.940876[0m
INFO -- Epoch: [95m20[0m - Loss: [93m    0.686796[0m
INFO -- Epoch: [95m21[0m - Loss: [93m    0.556475[0m
INFO -- Epoch: [95m22[0m - Loss: [93m    0.697941[0m
INFO -- Epoch: [95m23[0m - Loss: [93m    0.824506[0m
INFO -- Epoch: [95m24[0m - Loss: [93m    0.723940[0m
INFO -- Epoch: [95m25[0m - Loss: [93m    0.571033[0m
INFO -- Epoch: [95m26[0m - Loss: [93m    0.592531[0m
INFO -- Epoch: [95m27[0m - Loss: [93m    0.708882[0m
INFO -- Epoch: [95m28[0m - Loss: [93m    0.705946[0m
INFO -- Epoch: [95m29[0m - Loss: [93m    0.595742[0m
INFO -- Epoch: [95m30[0m - Loss: [93m    0.559712[0m
INFO -- Epoch: [95m31[0m - Loss: [93m    0.631887[0m
INFO -- Epoch: [95m32[0m - Loss: [93m    0.666209[0m
INFO -- Epoch: [95m33[0m - Loss: [93m    0.603662[0m
INFO -- Epoch: [95m34[0m - Loss: [93m    0.555457[0m
INFO -- Epoch: [95m35[0m - Loss: [93m    0.591522[0m
INFO -- Epoch: [95m36[0m - Loss: [93m    0.629641[0m
INFO -- Epoch: [95m37[0m - Loss: [93m    0.598263[0m
INFO -- Epoch: [95m38[0m - Loss: [93m    0.556990[0m
INFO -- Epoch: [95m39[0m - Loss: [93m    0.573193[0m
INFO -- Epoch: [95m40[0m - Loss: [93m    0.603790[0m
INFO -- Epoch: [95m41[0m - Loss: [93m    0.587984[0m
INFO -- Epoch: [95m42[0m - Loss: [93m    0.557585[0m
INFO -- Epoch: [95m43[0m - Loss: [93m    0.565542[0m
INFO -- Epoch: [95m44[0m - Loss: [93m    0.587407[0m
INFO -- Epoch: [95m45[0m - Loss: [93m    0.577860[0m
INFO -- Epoch: [95m46[0m - Loss: [93m    0.556909[0m
INFO -- Epoch: [95m47[0m - Loss: [93m    0.562525[0m
INFO -- Epoch: [95m48[0m - Loss: [93m    0.577208[0m
INFO -- Epoch: [95m49[0m - Loss: [93m    0.569611[0m
INFO -- Epoch: [95m50[0m - Loss: [93m    0.555947[0m
INFO -- Creating plots and saving to files. Dimensions: 1
