INFO -- Device: cuda
INFO -- [92mOne dimentional problem[0m
INFO -- 
INFO -- ================================================================================
INFO -- Learning parameters
INFO -- Length:                                           [92m1.0[0m
INFO -- Total time:                                       [92m1.0[0m
INFO -- Number of points in x:                            [92m1000[0m
INFO -- Number of points in initial condition:            [92m300[0m
INFO -- Weight for interior loss:                         [92m1.0[0m
INFO -- Weight for initial condition loss:                [92m0.0[0m
INFO -- Weight for boundary loss:                         [92m1.0[0m
INFO -- Layers:                                           [92m4[0m
INFO -- Neurons per layer:                                [92m20[0m
INFO -- Epochs:                                           [92m100000[0m
INFO -- Learning rate:                                    [92m0.000125[0m
INFO -- ================================================================================
INFO -- 
INFO -- Creating PINN with [92m4[0m layers and [92m20[0m neurons per layer
INFO -- Training model for [93m100000[0m epochs using [93mloss_fn_basic[0m loss function
INFO -- Training took [92m1864.83[0m seconds
INFO -- Creating plots and saving to files. Dimensions: 1
INFO -- Training model for [93m100000[0m epochs using [93mloss_fn_weak[0m loss function
INFO -- Training took [92m1249.81[0m seconds
INFO -- Creating plots and saving to files. Dimensions: 1
INFO -- Training model for [93m100000[0m epochs using [93mloss_fn_strong[0m loss function
INFO -- Training took [92m3466.08[0m seconds
INFO -- Creating plots and saving to files. Dimensions: 1
INFO -- Training model for [93m100000[0m epochs using [93mloss_fn_weak_and_strong[0m loss function
INFO -- Training took [92m1947.59[0m seconds
INFO -- Creating plots and saving to files. Dimensions: 1
