INFO -- Device: cuda
INFO -- [92mOne dimentional problem[0m
INFO -- 
INFO -- ================================================================================
INFO -- Learning parameters
INFO -- Length:                                           [92m1.0[0m
INFO -- Total time:                                       [92m1.0[0m
INFO -- Number of points in x:                            [92m150[0m
INFO -- Number of points in t:                            [92m150[0m
INFO -- Number of points in initial condition:            [92m300[0m
INFO -- Weight for interior loss:                         [92m0.5[0m
INFO -- Weight for initial condition loss:                [92m150.0[0m
INFO -- Weight for boundary loss:                         [92m1.0[0m
INFO -- Layers:                                           [92m4[0m
INFO -- Neurons per layer:                                [92m20[0m
INFO -- Epochs:                                           [92m350[0m
INFO -- Learning rate:                                    [92m0.1[0m
INFO -- ================================================================================
INFO -- 
INFO -- Creating PINN with [92m4[0m layers and [92m20[0m neurons per layer
INFO -- Computing initial condition loss
INFO -- Training PINN for [93m350[0m epochs using [93mloss_fn_weak_and_strong[0m loss function
INFO -- Epoch: [95m20/350[0m - Loss: [93m    0.642979[0m - Time remaining: 11:44
INFO -- Epoch: [95m40/350[0m - Loss: [93m    0.565668[0m - Time remaining: 12:10
INFO -- Epoch: [95m60/350[0m - Loss: [93m    0.557312[0m - Time remaining: 12:28
INFO -- Epoch: [95m80/350[0m - Loss: [93m    0.555458[0m - Time remaining: 12:36
INFO -- Epoch: [95m100/350[0m - Loss: [93m    0.555418[0m - Time remaining: 12:35
INFO -- Epoch: [95m120/350[0m - Loss: [93m    0.555406[0m - Time remaining: 12:25
INFO -- Epoch: [95m140/350[0m - Loss: [93m    0.555406[0m - Time remaining: 12:07
INFO -- Epoch: [95m160/350[0m - Loss: [93m    0.555406[0m - Time remaining: 11:39
INFO -- Epoch: [95m180/350[0m - Loss: [93m    0.555405[0m - Time remaining: 11:03
INFO -- Epoch: [95m200/350[0m - Loss: [93m    0.555405[0m - Time remaining: 10:18
INFO -- Epoch: [95m220/350[0m - Loss: [93m    0.555405[0m - Time remaining: 09:53
INFO -- Epoch: [95m240/350[0m - Loss: [93m    0.555405[0m - Time remaining: 09:11
INFO -- Epoch: [95m260/350[0m - Loss: [93m    0.555406[0m - Time remaining: 08:10
INFO -- Epoch: [95m280/350[0m - Loss: [93m    0.555405[0m - Time remaining: 06:52
INFO -- Epoch: [95m300/350[0m - Loss: [93m    0.555405[0m - Time remaining: 05:16
INFO -- Epoch: [95m320/350[0m - Loss: [93m    0.555406[0m - Time remaining: 03:23
INFO -- Epoch: [95m340/350[0m - Loss: [93m    0.555405[0m - Time remaining: 01:12
INFO -- Training took [92m9.44[0m seconds
INFO -- Creating plots and saving to files. Dimensions: 1
