INFO -- Device: cuda
INFO -- [92mTwo dimentional problem[0m
INFO -- 
INFO -- ================================================================================
INFO -- Learning parameters
INFO -- Length:                                           [92m1.0[0m
INFO -- Total time:                                       [92m1.0[0m
INFO -- Number of points in x:                            [92m80[0m
INFO -- Number of points in t:                            [92m80[0m
INFO -- Number of points in initial condition:            [92m300[0m
INFO -- Weight for interior loss:                         [92m1.0[0m
INFO -- Weight for initial condition loss:                [92m1.0[0m
INFO -- Weight for boundary loss:                         [92m1.0[0m
INFO -- Layers:                                           [92m4[0m
INFO -- Neurons per layer:                                [92m20[0m
INFO -- Epochs:                                           [92m2000[0m
INFO -- Learning rate:                                    [92m0.00125[0m
INFO -- ================================================================================
INFO -- 
INFO -- Creating [92m2D[0m BSpline
INFO -- Training model for [93m2000[0m epochs using [93mloss_fn_basic[0m loss function
INFO -- Training took [92m3051.46[0m seconds
INFO -- Creating plots and saving to files. Dimensions: 2
INFO -- Training model for [93m2000[0m epochs using [93mloss_fn_weak[0m loss function
INFO -- Training took [92m4112.72[0m seconds
INFO -- Creating plots and saving to files. Dimensions: 2
INFO -- Training model for [93m2000[0m epochs using [93mloss_fn_strong[0m loss function
INFO -- Training took [92m3112.99[0m seconds
INFO -- Creating plots and saving to files. Dimensions: 2
INFO -- Training model for [93m2000[0m epochs using [93mloss_fn_weak_and_strong[0m loss function
INFO -- Training took [92m4198.26[0m seconds
INFO -- Creating plots and saving to files. Dimensions: 2
