INFO -- Device: cuda
INFO -- [92mTwo dimentional problem[0m
INFO -- 
INFO -- ================================================================================
INFO -- Learning parameters
INFO -- Length:                                           [92m1.0[0m
INFO -- Total time:                                       [92m1.0[0m
INFO -- Number of points in x:                            [92m150[0m
INFO -- Number of points in initial condition:            [92m300[0m
INFO -- Weight for interior loss:                         [92m0.5[0m
INFO -- Weight for initial condition loss:                [92m150.0[0m
INFO -- Weight for boundary loss:                         [92m1.0[0m
INFO -- Layers:                                           [92m4[0m
INFO -- Neurons per layer:                                [92m20[0m
INFO -- Epochs:                                           [92m50000[0m
INFO -- Learning rate:                                    [92m0.0025[0m
INFO -- ================================================================================
INFO -- 
INFO -- Creating PINN with [92m4[0m layers and [92m20[0m neurons per layer
INFO -- Computing initial condition loss
INFO -- Training PINN for [93m50000[0m epochs using [93mloss_fn_strong[0m loss function
INFO -- Epoch: [95m1[0m - Loss: [93m    0.221785[0m
INFO -- Epoch: [95m2[0m - Loss: [93m    0.214008[0m
INFO -- Epoch: [95m3[0m - Loss: [93m    0.213641[0m
INFO -- Epoch: [95m4[0m - Loss: [93m    0.209236[0m
INFO -- Epoch: [95m5[0m - Loss: [93m    0.207422[0m
INFO -- Epoch: [95m6[0m - Loss: [93m    0.208477[0m
INFO -- Epoch: [95m7[0m - Loss: [93m    0.208295[0m
INFO -- Epoch: [95m8[0m - Loss: [93m    0.206505[0m
INFO -- Epoch: [95m9[0m - Loss: [93m    0.205174[0m
INFO -- Epoch: [95m10[0m - Loss: [93m    0.205126[0m
INFO -- Epoch: [95m11[0m - Loss: [93m    0.205295[0m
INFO -- Epoch: [95m12[0m - Loss: [93m    0.204787[0m
INFO -- Epoch: [95m13[0m - Loss: [93m    0.204091[0m
INFO -- Epoch: [95m14[0m - Loss: [93m    0.203991[0m
INFO -- Epoch: [95m15[0m - Loss: [93m    0.204413[0m
INFO -- Epoch: [95m16[0m - Loss: [93m    0.204613[0m
INFO -- Epoch: [95m17[0m - Loss: [93m    0.204243[0m
INFO -- Epoch: [95m18[0m - Loss: [93m    0.203680[0m
INFO -- Epoch: [95m19[0m - Loss: [93m    0.203397[0m
INFO -- Epoch: [95m20[0m - Loss: [93m    0.203376[0m
INFO -- Epoch: [95m21[0m - Loss: [93m    0.203245[0m
INFO -- Epoch: [95m22[0m - Loss: [93m    0.202860[0m
INFO -- Epoch: [95m23[0m - Loss: [93m    0.202470[0m
INFO -- Epoch: [95m24[0m - Loss: [93m    0.202316[0m
INFO -- Epoch: [95m25[0m - Loss: [93m    0.202292[0m
INFO -- Epoch: [95m26[0m - Loss: [93m    0.202125[0m
INFO -- Epoch: [95m27[0m - Loss: [93m    0.201786[0m
INFO -- Epoch: [95m28[0m - Loss: [93m    0.201498[0m
INFO -- Epoch: [95m29[0m - Loss: [93m    0.201384[0m
INFO -- Epoch: [95m30[0m - Loss: [93m    0.201298[0m
INFO -- Epoch: [95m31[0m - Loss: [93m    0.201078[0m
INFO -- Epoch: [95m32[0m - Loss: [93m    0.200798[0m
INFO -- Epoch: [95m33[0m - Loss: [93m    0.200602[0m
INFO -- Epoch: [95m34[0m - Loss: [93m    0.200435[0m
INFO -- Epoch: [95m35[0m - Loss: [93m    0.200141[0m
INFO -- Epoch: [95m36[0m - Loss: [93m    0.199766[0m
INFO -- Epoch: [95m37[0m - Loss: [93m    0.199476[0m
INFO -- Epoch: [95m38[0m - Loss: [93m    0.199247[0m
INFO -- Epoch: [95m39[0m - Loss: [93m    0.198928[0m
INFO -- Epoch: [95m40[0m - Loss: [93m    0.198562[0m
INFO -- Epoch: [95m41[0m - Loss: [93m    0.198257[0m
INFO -- Epoch: [95m42[0m - Loss: [93m    0.197916[0m
INFO -- Epoch: [95m43[0m - Loss: [93m    0.197474[0m
INFO -- Epoch: [95m44[0m - Loss: [93m    0.197055[0m
INFO -- Epoch: [95m45[0m - Loss: [93m    0.196627[0m
INFO -- Epoch: [95m46[0m - Loss: [93m    0.196074[0m
INFO -- Epoch: [95m47[0m - Loss: [93m    0.195510[0m
INFO -- Epoch: [95m48[0m - Loss: [93m    0.194950[0m
INFO -- Training interrupted by user at epoch [91m49[0m
INFO -- Creating plots and saving to files. Dimensions: 2
