INFO -- Device: cuda
INFO -- 
INFO -- ================================================================================
INFO -- Learning parameters
INFO -- Length:                                           [92m1.0[0m
INFO -- Total time:                                       [92m1.0[0m
INFO -- Number of points in x:                            [92m150[0m
INFO -- Number of points in initial condition:            [92m300[0m
INFO -- Weight for interior loss:                         [92m0.5[0m
INFO -- Weight for initial condition loss:                [92m150.0[0m
INFO -- Weight for boundary loss:                         [92m1.0[0m
INFO -- Layers:                                           [92m8[0m
INFO -- Neurons per layer:                                [92m60[0m
INFO -- Epochs:                                           [92m50000[0m
INFO -- Learning rate:                                    [92m0.0025[0m
INFO -- ================================================================================
INFO -- 
INFO -- Creating PINN with [92m8[0m layers and [92m60[0m neurons per layer
INFO -- Computing initial condition loss
INFO -- Training PINN for [93m50000[0m epochs using [93mloss_fn_strong[0m loss function
INFO -- Epoch: [95m1[0m - Loss: [93m         nan[0m
INFO -- Epoch: [95m2[0m - Loss: [93m         nan[0m
INFO -- Epoch: [95m3[0m - Loss: [93m         nan[0m
INFO -- Epoch: [95m4[0m - Loss: [93m         nan[0m
INFO -- Epoch: [95m5[0m - Loss: [93m         nan[0m
INFO -- Epoch: [95m6[0m - Loss: [93m         nan[0m
INFO -- Epoch: [95m7[0m - Loss: [93m         nan[0m
INFO -- Epoch: [95m8[0m - Loss: [93m         nan[0m
INFO -- Epoch: [95m9[0m - Loss: [93m         nan[0m
INFO -- Epoch: [95m10[0m - Loss: [93m         nan[0m
INFO -- Epoch: [95m11[0m - Loss: [93m         nan[0m
INFO -- Epoch: [95m12[0m - Loss: [93m         nan[0m
INFO -- Epoch: [95m13[0m - Loss: [93m         nan[0m
INFO -- Epoch: [95m14[0m - Loss: [93m         nan[0m
INFO -- Epoch: [95m15[0m - Loss: [93m         nan[0m
INFO -- Epoch: [95m16[0m - Loss: [93m         nan[0m
INFO -- Epoch: [95m17[0m - Loss: [93m         nan[0m
INFO -- Epoch: [95m18[0m - Loss: [93m         nan[0m
INFO -- Epoch: [95m19[0m - Loss: [93m         nan[0m
INFO -- Epoch: [95m20[0m - Loss: [93m         nan[0m
INFO -- Epoch: [95m21[0m - Loss: [93m         nan[0m
INFO -- Epoch: [95m22[0m - Loss: [93m         nan[0m
INFO -- Epoch: [95m23[0m - Loss: [93m         nan[0m
INFO -- Epoch: [95m24[0m - Loss: [93m         nan[0m
INFO -- Epoch: [95m25[0m - Loss: [93m         nan[0m
INFO -- Epoch: [95m26[0m - Loss: [93m         nan[0m
INFO -- Epoch: [95m27[0m - Loss: [93m         nan[0m
INFO -- Epoch: [95m28[0m - Loss: [93m         nan[0m
INFO -- Epoch: [95m29[0m - Loss: [93m         nan[0m
INFO -- Epoch: [95m30[0m - Loss: [93m         nan[0m
INFO -- Epoch: [95m31[0m - Loss: [93m         nan[0m
INFO -- Epoch: [95m32[0m - Loss: [93m         nan[0m
INFO -- Epoch: [95m33[0m - Loss: [93m         nan[0m
INFO -- Epoch: [95m34[0m - Loss: [93m         nan[0m
INFO -- Epoch: [95m35[0m - Loss: [93m         nan[0m
INFO -- Epoch: [95m36[0m - Loss: [93m         nan[0m
INFO -- Epoch: [95m37[0m - Loss: [93m         nan[0m
INFO -- Epoch: [95m38[0m - Loss: [93m         nan[0m
INFO -- Epoch: [95m39[0m - Loss: [93m         nan[0m
INFO -- Epoch: [95m40[0m - Loss: [93m         nan[0m
INFO -- Epoch: [95m41[0m - Loss: [93m         nan[0m
INFO -- Epoch: [95m42[0m - Loss: [93m         nan[0m
INFO -- Epoch: [95m43[0m - Loss: [93m         nan[0m
INFO -- Epoch: [95m44[0m - Loss: [93m         nan[0m
INFO -- Epoch: [95m45[0m - Loss: [93m         nan[0m
INFO -- Epoch: [95m46[0m - Loss: [93m         nan[0m
INFO -- Epoch: [95m47[0m - Loss: [93m         nan[0m
INFO -- Epoch: [95m48[0m - Loss: [93m         nan[0m
INFO -- Epoch: [95m49[0m - Loss: [93m         nan[0m
INFO -- Epoch: [95m50[0m - Loss: [93m         nan[0m
INFO -- Epoch: [95m51[0m - Loss: [93m         nan[0m
INFO -- Epoch: [95m52[0m - Loss: [93m         nan[0m
INFO -- Epoch: [95m53[0m - Loss: [93m         nan[0m
INFO -- Epoch: [95m54[0m - Loss: [93m         nan[0m
INFO -- Epoch: [95m55[0m - Loss: [93m         nan[0m
INFO -- Epoch: [95m56[0m - Loss: [93m         nan[0m
INFO -- Epoch: [95m57[0m - Loss: [93m         nan[0m
INFO -- Epoch: [95m58[0m - Loss: [93m         nan[0m
INFO -- Epoch: [95m59[0m - Loss: [93m         nan[0m
INFO -- Epoch: [95m60[0m - Loss: [93m         nan[0m
INFO -- Epoch: [95m61[0m - Loss: [93m         nan[0m
INFO -- Epoch: [95m62[0m - Loss: [93m         nan[0m
INFO -- Epoch: [95m63[0m - Loss: [93m         nan[0m
INFO -- Epoch: [95m64[0m - Loss: [93m         nan[0m
INFO -- Epoch: [95m65[0m - Loss: [93m         nan[0m
INFO -- Epoch: [95m66[0m - Loss: [93m         nan[0m
INFO -- Epoch: [95m67[0m - Loss: [93m         nan[0m
INFO -- Epoch: [95m68[0m - Loss: [93m         nan[0m
INFO -- Epoch: [95m69[0m - Loss: [93m         nan[0m
INFO -- Epoch: [95m70[0m - Loss: [93m         nan[0m
INFO -- Epoch: [95m71[0m - Loss: [93m         nan[0m
INFO -- Epoch: [95m72[0m - Loss: [93m         nan[0m
INFO -- Epoch: [95m73[0m - Loss: [93m         nan[0m
INFO -- Epoch: [95m74[0m - Loss: [93m         nan[0m
INFO -- Epoch: [95m75[0m - Loss: [93m         nan[0m
INFO -- Epoch: [95m76[0m - Loss: [93m         nan[0m
INFO -- Epoch: [95m77[0m - Loss: [93m         nan[0m
INFO -- Epoch: [95m78[0m - Loss: [93m         nan[0m
INFO -- Epoch: [95m79[0m - Loss: [93m         nan[0m
INFO -- Epoch: [95m80[0m - Loss: [93m         nan[0m
INFO -- Epoch: [95m81[0m - Loss: [93m         nan[0m
INFO -- Epoch: [95m82[0m - Loss: [93m         nan[0m
INFO -- Epoch: [95m83[0m - Loss: [93m         nan[0m
INFO -- Epoch: [95m84[0m - Loss: [93m         nan[0m
INFO -- Epoch: [95m85[0m - Loss: [93m         nan[0m
INFO -- Epoch: [95m86[0m - Loss: [93m         nan[0m
INFO -- Epoch: [95m87[0m - Loss: [93m         nan[0m
INFO -- Epoch: [95m88[0m - Loss: [93m         nan[0m
INFO -- Epoch: [95m89[0m - Loss: [93m         nan[0m
INFO -- Epoch: [95m90[0m - Loss: [93m         nan[0m
INFO -- Epoch: [95m91[0m - Loss: [93m         nan[0m
INFO -- Epoch: [95m92[0m - Loss: [93m         nan[0m
INFO -- Epoch: [95m93[0m - Loss: [93m         nan[0m
INFO -- Epoch: [95m94[0m - Loss: [93m         nan[0m
INFO -- Epoch: [95m95[0m - Loss: [93m         nan[0m
INFO -- Epoch: [95m96[0m - Loss: [93m         nan[0m
INFO -- Epoch: [95m97[0m - Loss: [93m         nan[0m
INFO -- Epoch: [95m98[0m - Loss: [93m         nan[0m
INFO -- Epoch: [95m99[0m - Loss: [93m         nan[0m
INFO -- Epoch: [95m100[0m - Loss: [93m         nan[0m
INFO -- Epoch: [95m101[0m - Loss: [93m         nan[0m
INFO -- Epoch: [95m102[0m - Loss: [93m         nan[0m
INFO -- Epoch: [95m103[0m - Loss: [93m         nan[0m
INFO -- Epoch: [95m104[0m - Loss: [93m         nan[0m
INFO -- Epoch: [95m105[0m - Loss: [93m         nan[0m
INFO -- Epoch: [95m106[0m - Loss: [93m         nan[0m
INFO -- Epoch: [95m107[0m - Loss: [93m         nan[0m
INFO -- Epoch: [95m108[0m - Loss: [93m         nan[0m
INFO -- Epoch: [95m109[0m - Loss: [93m         nan[0m
INFO -- Epoch: [95m110[0m - Loss: [93m         nan[0m
INFO -- Epoch: [95m111[0m - Loss: [93m         nan[0m
INFO -- Epoch: [95m112[0m - Loss: [93m         nan[0m
INFO -- Epoch: [95m113[0m - Loss: [93m         nan[0m
INFO -- Epoch: [95m114[0m - Loss: [93m         nan[0m
INFO -- Epoch: [95m115[0m - Loss: [93m         nan[0m
INFO -- Epoch: [95m116[0m - Loss: [93m         nan[0m
INFO -- Epoch: [95m117[0m - Loss: [93m         nan[0m
INFO -- Training interrupted by user at epoch [91m118[0m
INFO -- Creating plots and saving to files. Dimensions: 1
