INFO -- Device: cuda
INFO -- [92mOne dimentional problem[0m
INFO -- 
INFO -- ================================================================================
INFO -- Learning parameters
INFO -- Length:                                           [92m1.0[0m
INFO -- Total time:                                       [92m1.0[0m
INFO -- Number of points in x:                            [92m150[0m
INFO -- Number of points in t:                            [92m150[0m
INFO -- Number of points in initial condition:            [92m300[0m
INFO -- Weight for interior loss:                         [92m0.5[0m
INFO -- Weight for initial condition loss:                [92m150.0[0m
INFO -- Weight for boundary loss:                         [92m1.0[0m
INFO -- Layers:                                           [92m4[0m
INFO -- Neurons per layer:                                [92m20[0m
INFO -- Epochs:                                           [92m50000[0m
INFO -- Learning rate:                                    [92m0.0025[0m
INFO -- ================================================================================
INFO -- 
INFO -- Creating PINN with [92m4[0m layers and [92m20[0m neurons per layer
INFO -- Computing initial condition loss
INFO -- Training PINN for [93m50000[0m epochs using [93mloss_fn_weak[0m loss function
INFO -- Epoch: [95m1[0m - Loss: [93m    1.081812[0m
INFO -- Epoch: [95m2[0m - Loss: [93m    0.951482[0m
INFO -- Epoch: [95m3[0m - Loss: [93m    0.844006[0m
INFO -- Epoch: [95m4[0m - Loss: [93m    0.756710[0m
INFO -- Epoch: [95m5[0m - Loss: [93m    0.687375[0m
INFO -- Epoch: [95m6[0m - Loss: [93m    0.633952[0m
INFO -- Epoch: [95m7[0m - Loss: [93m    0.594664[0m
INFO -- Epoch: [95m8[0m - Loss: [93m    0.567965[0m
INFO -- Epoch: [95m9[0m - Loss: [93m    0.552348[0m
INFO -- Epoch: [95m10[0m - Loss: [93m    0.546042[0m
INFO -- Epoch: [95m11[0m - Loss: [93m    0.546699[0m
INFO -- Epoch: [95m12[0m - Loss: [93m    0.551318[0m
INFO -- Epoch: [95m13[0m - Loss: [93m    0.556648[0m
INFO -- Epoch: [95m14[0m - Loss: [93m    0.559953[0m
INFO -- Epoch: [95m15[0m - Loss: [93m    0.559675[0m
INFO -- Epoch: [95m16[0m - Loss: [93m    0.555582[0m
INFO -- Epoch: [95m17[0m - Loss: [93m    0.548484[0m
INFO -- Epoch: [95m18[0m - Loss: [93m    0.539770[0m
INFO -- Epoch: [95m19[0m - Loss: [93m    0.530980[0m
INFO -- Epoch: [95m20[0m - Loss: [93m    0.523475[0m
INFO -- Epoch: [95m21[0m - Loss: [93m    0.518213[0m
INFO -- Epoch: [95m22[0m - Loss: [93m    0.515637[0m
INFO -- Epoch: [95m23[0m - Loss: [93m    0.515634[0m
INFO -- Epoch: [95m24[0m - Loss: [93m    0.517591[0m
INFO -- Epoch: [95m25[0m - Loss: [93m    0.520554[0m
INFO -- Epoch: [95m26[0m - Loss: [93m    0.523475[0m
INFO -- Epoch: [95m27[0m - Loss: [93m    0.525491[0m
INFO -- Epoch: [95m28[0m - Loss: [93m    0.526134[0m
INFO -- Epoch: [95m29[0m - Loss: [93m    0.525375[0m
INFO -- Epoch: [95m30[0m - Loss: [93m    0.523539[0m
INFO -- Epoch: [95m31[0m - Loss: [93m    0.521151[0m
INFO -- Epoch: [95m32[0m - Loss: [93m    0.518761[0m
INFO -- Epoch: [95m33[0m - Loss: [93m    0.516817[0m
INFO -- Epoch: [95m34[0m - Loss: [93m    0.515577[0m
INFO -- Epoch: [95m35[0m - Loss: [93m    0.515087[0m
INFO -- Epoch: [95m36[0m - Loss: [93m    0.515212[0m
INFO -- Epoch: [95m37[0m - Loss: [93m    0.515700[0m
INFO -- Epoch: [95m38[0m - Loss: [93m    0.516272[0m
INFO -- Epoch: [95m39[0m - Loss: [93m    0.516691[0m
INFO -- Epoch: [95m40[0m - Loss: [93m    0.516816[0m
INFO -- Epoch: [95m41[0m - Loss: [93m    0.516617[0m
INFO -- Epoch: [95m42[0m - Loss: [93m    0.516155[0m
INFO -- Epoch: [95m43[0m - Loss: [93m    0.515550[0m
INFO -- Epoch: [95m44[0m - Loss: [93m    0.514935[0m
INFO -- Epoch: [95m45[0m - Loss: [93m    0.514424[0m
INFO -- Epoch: [95m46[0m - Loss: [93m    0.514082[0m
INFO -- Epoch: [95m47[0m - Loss: [93m    0.513921[0m
INFO -- Epoch: [95m48[0m - Loss: [93m    0.513904[0m
INFO -- Epoch: [95m49[0m - Loss: [93m    0.513962[0m
INFO -- Epoch: [95m50[0m - Loss: [93m    0.514020[0m
INFO -- Epoch: [95m51[0m - Loss: [93m    0.514012[0m
INFO -- Epoch: [95m52[0m - Loss: [93m    0.513901[0m
INFO -- Epoch: [95m53[0m - Loss: [93m    0.513684[0m
INFO -- Epoch: [95m54[0m - Loss: [93m    0.513390[0m
INFO -- Epoch: [95m55[0m - Loss: [93m    0.513067[0m
INFO -- Epoch: [95m56[0m - Loss: [93m    0.512768[0m
INFO -- Epoch: [95m57[0m - Loss: [93m    0.512532[0m
INFO -- Epoch: [95m58[0m - Loss: [93m    0.512380[0m
INFO -- Epoch: [95m59[0m - Loss: [93m    0.512303[0m
INFO -- Epoch: [95m60[0m - Loss: [93m    0.512275[0m
INFO -- Epoch: [95m61[0m - Loss: [93m    0.512259[0m
INFO -- Epoch: [95m62[0m - Loss: [93m    0.512218[0m
INFO -- Epoch: [95m63[0m - Loss: [93m    0.512130[0m
INFO -- Epoch: [95m64[0m - Loss: [93m    0.511989[0m
INFO -- Epoch: [95m65[0m - Loss: [93m    0.511808[0m
INFO -- Epoch: [95m66[0m - Loss: [93m    0.511607[0m
INFO -- Epoch: [95m67[0m - Loss: [93m    0.511411[0m
INFO -- Epoch: [95m68[0m - Loss: [93m    0.511239[0m
INFO -- Epoch: [95m69[0m - Loss: [93m    0.511099[0m
INFO -- Epoch: [95m70[0m - Loss: [93m    0.510988[0m
INFO -- Epoch: [95m71[0m - Loss: [93m    0.510894[0m
INFO -- Epoch: [95m72[0m - Loss: [93m    0.510804[0m
INFO -- Epoch: [95m73[0m - Loss: [93m    0.510706[0m
INFO -- Epoch: [95m74[0m - Loss: [93m    0.510591[0m
INFO -- Epoch: [95m75[0m - Loss: [93m    0.510460[0m
INFO -- Epoch: [95m76[0m - Loss: [93m    0.510317[0m
INFO -- Epoch: [95m77[0m - Loss: [93m    0.510170[0m
INFO -- Epoch: [95m78[0m - Loss: [93m    0.510026[0m
INFO -- Epoch: [95m79[0m - Loss: [93m    0.509888[0m
INFO -- Epoch: [95m80[0m - Loss: [93m    0.509757[0m
INFO -- Epoch: [95m81[0m - Loss: [93m    0.509630[0m
INFO -- Epoch: [95m82[0m - Loss: [93m    0.509503[0m
INFO -- Epoch: [95m83[0m - Loss: [93m    0.509374[0m
INFO -- Epoch: [95m84[0m - Loss: [93m    0.509239[0m
INFO -- Epoch: [95m85[0m - Loss: [93m    0.509100[0m
INFO -- Epoch: [95m86[0m - Loss: [93m    0.508959[0m
INFO -- Epoch: [95m87[0m - Loss: [93m    0.508819[0m
INFO -- Epoch: [95m88[0m - Loss: [93m    0.508679[0m
INFO -- Epoch: [95m89[0m - Loss: [93m    0.508541[0m
INFO -- Epoch: [95m90[0m - Loss: [93m    0.508403[0m
INFO -- Epoch: [95m91[0m - Loss: [93m    0.508262[0m
INFO -- Epoch: [95m92[0m - Loss: [93m    0.508118[0m
INFO -- Epoch: [95m93[0m - Loss: [93m    0.507970[0m
INFO -- Epoch: [95m94[0m - Loss: [93m    0.507819[0m
INFO -- Epoch: [95m95[0m - Loss: [93m    0.507666[0m
INFO -- Epoch: [95m96[0m - Loss: [93m    0.507515[0m
INFO -- Epoch: [95m97[0m - Loss: [93m    0.507364[0m
INFO -- Epoch: [95m98[0m - Loss: [93m    0.507214[0m
INFO -- Epoch: [95m99[0m - Loss: [93m    0.507063[0m
INFO -- Epoch: [95m100[0m - Loss: [93m    0.506909[0m
INFO -- Epoch: [95m101[0m - Loss: [93m    0.506752[0m
INFO -- Epoch: [95m102[0m - Loss: [93m    0.506593[0m
INFO -- Epoch: [95m103[0m - Loss: [93m    0.506431[0m
INFO -- Epoch: [95m104[0m - Loss: [93m    0.506268[0m
INFO -- Epoch: [95m105[0m - Loss: [93m    0.506106[0m
INFO -- Epoch: [95m106[0m - Loss: [93m    0.505944[0m
INFO -- Epoch: [95m107[0m - Loss: [93m    0.505781[0m
INFO -- Epoch: [95m108[0m - Loss: [93m    0.505619[0m
INFO -- Epoch: [95m109[0m - Loss: [93m    0.505455[0m
INFO -- Epoch: [95m110[0m - Loss: [93m    0.505290[0m
INFO -- Epoch: [95m111[0m - Loss: [93m    0.505125[0m
INFO -- Epoch: [95m112[0m - Loss: [93m    0.504960[0m
INFO -- Epoch: [95m113[0m - Loss: [93m    0.504797[0m
INFO -- Epoch: [95m114[0m - Loss: [93m    0.504635[0m
INFO -- Epoch: [95m115[0m - Loss: [93m    0.504474[0m
INFO -- Epoch: [95m116[0m - Loss: [93m    0.504315[0m
INFO -- Epoch: [95m117[0m - Loss: [93m    0.504158[0m
INFO -- Epoch: [95m118[0m - Loss: [93m    0.504003[0m
INFO -- Epoch: [95m119[0m - Loss: [93m    0.503851[0m
INFO -- Epoch: [95m120[0m - Loss: [93m    0.503702[0m
INFO -- Epoch: [95m121[0m - Loss: [93m    0.503557[0m
INFO -- Epoch: [95m122[0m - Loss: [93m    0.503416[0m
INFO -- Epoch: [95m123[0m - Loss: [93m    0.503280[0m
INFO -- Epoch: [95m124[0m - Loss: [93m    0.503149[0m
INFO -- Epoch: [95m125[0m - Loss: [93m    0.503023[0m
INFO -- Epoch: [95m126[0m - Loss: [93m    0.502903[0m
INFO -- Epoch: [95m127[0m - Loss: [93m    0.502789[0m
INFO -- Epoch: [95m128[0m - Loss: [93m    0.502682[0m
INFO -- Epoch: [95m129[0m - Loss: [93m    0.502582[0m
INFO -- Epoch: [95m130[0m - Loss: [93m    0.502489[0m
INFO -- Training interrupted by user at epoch [91m131[0m
INFO -- Creating plots and saving to files. Dimensions: 1
