INFO -- Device: cuda
INFO -- 
INFO -- ================================================================================
INFO -- Learning parameters
INFO -- Length:                                           [92m1.0[0m
INFO -- Total time:                                       [92m1.0[0m
INFO -- Number of points in x:                            [92m150[0m
INFO -- Number of points in initial condition:            [92m300[0m
INFO -- Weight for interior loss:                         [92m0.5[0m
INFO -- Weight for initial condition loss:                [92m150.0[0m
INFO -- Weight for boundary loss:                         [92m1.0[0m
INFO -- Layers:                                           [92m8[0m
INFO -- Neurons per layer:                                [92m60[0m
INFO -- Epochs:                                           [92m50000[0m
INFO -- Learning rate:                                    [92m0.0025[0m
INFO -- ================================================================================
INFO -- 
INFO -- Creating PINN with [92m8[0m layers and [92m60[0m neurons per layer
INFO -- Computing initial condition loss
INFO -- Training PINN for [93m50000[0m epochs using [93mloss_fn_weak_and_strong[0m loss function
INFO -- Epoch: [95m1[0m - Loss: [93m    1.403800[0m
INFO -- Epoch: [95m2[0m - Loss: [93m    1.055006[0m
INFO -- Epoch: [95m3[0m - Loss: [93m    0.779277[0m
INFO -- Epoch: [95m4[0m - Loss: [93m    0.586108[0m
INFO -- Epoch: [95m5[0m - Loss: [93m    0.616234[0m
INFO -- Epoch: [95m6[0m - Loss: [93m    0.696533[0m
INFO -- Epoch: [95m7[0m - Loss: [93m    0.610916[0m
INFO -- Epoch: [95m8[0m - Loss: [93m    0.567843[0m
INFO -- Epoch: [95m9[0m - Loss: [93m    0.568652[0m
INFO -- Epoch: [95m10[0m - Loss: [93m    0.597288[0m
INFO -- Epoch: [95m11[0m - Loss: [93m    0.603896[0m
INFO -- Epoch: [95m12[0m - Loss: [93m    0.590195[0m
INFO -- Epoch: [95m13[0m - Loss: [93m    0.571590[0m
INFO -- Epoch: [95m14[0m - Loss: [93m    0.563680[0m
INFO -- Epoch: [95m15[0m - Loss: [93m    0.558449[0m
INFO -- Epoch: [95m16[0m - Loss: [93m    0.562014[0m
INFO -- Epoch: [95m17[0m - Loss: [93m    0.565023[0m
INFO -- Epoch: [95m18[0m - Loss: [93m    0.566083[0m
INFO -- Epoch: [95m19[0m - Loss: [93m    0.557668[0m
INFO -- Epoch: [95m20[0m - Loss: [93m    0.560501[0m
INFO -- Epoch: [95m21[0m - Loss: [93m    0.563301[0m
INFO -- Epoch: [95m22[0m - Loss: [93m    0.555618[0m
INFO -- Epoch: [95m23[0m - Loss: [93m    0.559694[0m
INFO -- Epoch: [95m24[0m - Loss: [93m    0.564874[0m
INFO -- Epoch: [95m25[0m - Loss: [93m    0.563348[0m
INFO -- Epoch: [95m26[0m - Loss: [93m    0.560397[0m
INFO -- Epoch: [95m27[0m - Loss: [93m    0.556772[0m
INFO -- Epoch: [95m28[0m - Loss: [93m    0.554566[0m
INFO -- Epoch: [95m29[0m - Loss: [93m    0.554344[0m
INFO -- Epoch: [95m30[0m - Loss: [93m    0.555526[0m
INFO -- Epoch: [95m31[0m - Loss: [93m    0.558251[0m
INFO -- Epoch: [95m32[0m - Loss: [93m    0.554997[0m
INFO -- Epoch: [95m33[0m - Loss: [93m    0.561811[0m
INFO -- Epoch: [95m34[0m - Loss: [93m    0.554072[0m
INFO -- Epoch: [95m35[0m - Loss: [93m    0.555303[0m
INFO -- Epoch: [95m36[0m - Loss: [93m    0.554576[0m
INFO -- Epoch: [95m37[0m - Loss: [93m    0.555126[0m
INFO -- Epoch: [95m38[0m - Loss: [93m    0.555871[0m
INFO -- Epoch: [95m39[0m - Loss: [93m    0.556351[0m
INFO -- Epoch: [95m40[0m - Loss: [93m    0.556425[0m
INFO -- Epoch: [95m41[0m - Loss: [93m    0.555997[0m
INFO -- Epoch: [95m42[0m - Loss: [93m    0.555438[0m
INFO -- Epoch: [95m43[0m - Loss: [93m    0.554929[0m
INFO -- Epoch: [95m44[0m - Loss: [93m    0.554558[0m
INFO -- Epoch: [95m45[0m - Loss: [93m    0.554892[0m
INFO -- Epoch: [95m46[0m - Loss: [93m    0.554361[0m
INFO -- Epoch: [95m47[0m - Loss: [93m    0.555584[0m
INFO -- Epoch: [95m48[0m - Loss: [93m    0.554445[0m
INFO -- Epoch: [95m49[0m - Loss: [93m    0.553945[0m
INFO -- Epoch: [95m50[0m - Loss: [93m    0.553936[0m
INFO -- Epoch: [95m51[0m - Loss: [93m    0.553882[0m
INFO -- Epoch: [95m52[0m - Loss: [93m    0.553307[0m
INFO -- Epoch: [95m53[0m - Loss: [93m    0.552996[0m
INFO -- Epoch: [95m54[0m - Loss: [93m    0.556043[0m
INFO -- Epoch: [95m55[0m - Loss: [93m    0.555152[0m
INFO -- Epoch: [95m56[0m - Loss: [93m    0.553830[0m
INFO -- Epoch: [95m57[0m - Loss: [93m    0.556916[0m
INFO -- Epoch: [95m58[0m - Loss: [93m    0.555199[0m
INFO -- Epoch: [95m59[0m - Loss: [93m    0.554033[0m
INFO -- Epoch: [95m60[0m - Loss: [93m    0.554234[0m
INFO -- Epoch: [95m61[0m - Loss: [93m    0.554714[0m
INFO -- Epoch: [95m62[0m - Loss: [93m    0.554607[0m
INFO -- Epoch: [95m63[0m - Loss: [93m    0.554535[0m
INFO -- Epoch: [95m64[0m - Loss: [93m    0.554371[0m
INFO -- Epoch: [95m65[0m - Loss: [93m    0.555177[0m
INFO -- Epoch: [95m66[0m - Loss: [93m    0.554354[0m
INFO -- Epoch: [95m67[0m - Loss: [93m    0.554218[0m
INFO -- Epoch: [95m68[0m - Loss: [93m    0.554386[0m
INFO -- Epoch: [95m69[0m - Loss: [93m    0.554211[0m
INFO -- Epoch: [95m70[0m - Loss: [93m    0.553890[0m
INFO -- Epoch: [95m71[0m - Loss: [93m    0.555200[0m
INFO -- Epoch: [95m72[0m - Loss: [93m    0.554538[0m
INFO -- Epoch: [95m73[0m - Loss: [93m    0.554690[0m
INFO -- Epoch: [95m74[0m - Loss: [93m    0.555134[0m
INFO -- Epoch: [95m75[0m - Loss: [93m    0.554059[0m
INFO -- Epoch: [95m76[0m - Loss: [93m    0.555176[0m
INFO -- Epoch: [95m77[0m - Loss: [93m    0.553466[0m
INFO -- Epoch: [95m78[0m - Loss: [93m    0.554315[0m
INFO -- Epoch: [95m79[0m - Loss: [93m    0.553657[0m
INFO -- Epoch: [95m80[0m - Loss: [93m    0.553574[0m
INFO -- Epoch: [95m81[0m - Loss: [93m    0.555004[0m
INFO -- Epoch: [95m82[0m - Loss: [93m    0.553985[0m
INFO -- Epoch: [95m83[0m - Loss: [93m    0.553664[0m
INFO -- Epoch: [95m84[0m - Loss: [93m    0.554999[0m
INFO -- Epoch: [95m85[0m - Loss: [93m    0.554634[0m
INFO -- Epoch: [95m86[0m - Loss: [93m    0.554126[0m
INFO -- Epoch: [95m87[0m - Loss: [93m    0.553656[0m
INFO -- Epoch: [95m88[0m - Loss: [93m    0.553629[0m
INFO -- Epoch: [95m89[0m - Loss: [93m    0.553406[0m
INFO -- Epoch: [95m90[0m - Loss: [93m    0.555068[0m
INFO -- Epoch: [95m91[0m - Loss: [93m    0.553041[0m
INFO -- Epoch: [95m92[0m - Loss: [93m    0.553082[0m
INFO -- Epoch: [95m93[0m - Loss: [93m    0.554019[0m
INFO -- Epoch: [95m94[0m - Loss: [93m    0.556771[0m
INFO -- Epoch: [95m95[0m - Loss: [93m    0.555562[0m
INFO -- Epoch: [95m96[0m - Loss: [93m    0.553099[0m
INFO -- Epoch: [95m97[0m - Loss: [93m    0.555124[0m
INFO -- Epoch: [95m98[0m - Loss: [93m    0.553549[0m
INFO -- Epoch: [95m99[0m - Loss: [93m    0.555123[0m
INFO -- Epoch: [95m100[0m - Loss: [93m    0.554092[0m
INFO -- Epoch: [95m101[0m - Loss: [93m    0.554830[0m
INFO -- Epoch: [95m102[0m - Loss: [93m    0.554042[0m
INFO -- Epoch: [95m103[0m - Loss: [93m    0.555232[0m
INFO -- Epoch: [95m104[0m - Loss: [93m    0.554349[0m
INFO -- Epoch: [95m105[0m - Loss: [93m    0.554808[0m
INFO -- Epoch: [95m106[0m - Loss: [93m    0.554430[0m
INFO -- Epoch: [95m107[0m - Loss: [93m    0.554659[0m
INFO -- Epoch: [95m108[0m - Loss: [93m    0.554295[0m
INFO -- Epoch: [95m109[0m - Loss: [93m    0.555166[0m
INFO -- Epoch: [95m110[0m - Loss: [93m    0.554176[0m
INFO -- Epoch: [95m111[0m - Loss: [93m    0.555502[0m
INFO -- Epoch: [95m112[0m - Loss: [93m    0.555465[0m
INFO -- Epoch: [95m113[0m - Loss: [93m    0.554384[0m
INFO -- Epoch: [95m114[0m - Loss: [93m    0.554869[0m
INFO -- Epoch: [95m115[0m - Loss: [93m    0.554351[0m
INFO -- Epoch: [95m116[0m - Loss: [93m    0.554553[0m
INFO -- Epoch: [95m117[0m - Loss: [93m    0.555433[0m
INFO -- Epoch: [95m118[0m - Loss: [93m    0.554334[0m
INFO -- Epoch: [95m119[0m - Loss: [93m    0.554293[0m
INFO -- Epoch: [95m120[0m - Loss: [93m    0.554717[0m
INFO -- Epoch: [95m121[0m - Loss: [93m    0.554406[0m
INFO -- Epoch: [95m122[0m - Loss: [93m    0.554098[0m
INFO -- Epoch: [95m123[0m - Loss: [93m    0.554195[0m
INFO -- Epoch: [95m124[0m - Loss: [93m    0.554452[0m
INFO -- Epoch: [95m125[0m - Loss: [93m    0.555010[0m
INFO -- Epoch: [95m126[0m - Loss: [93m    0.555409[0m
INFO -- Epoch: [95m127[0m - Loss: [93m    0.554135[0m
INFO -- Epoch: [95m128[0m - Loss: [93m    0.553762[0m
INFO -- Epoch: [95m129[0m - Loss: [93m    0.554162[0m
INFO -- Epoch: [95m130[0m - Loss: [93m    0.553604[0m
INFO -- Epoch: [95m131[0m - Loss: [93m    0.555176[0m
INFO -- Epoch: [95m132[0m - Loss: [93m    0.553454[0m
INFO -- Epoch: [95m133[0m - Loss: [93m    0.553413[0m
INFO -- Epoch: [95m134[0m - Loss: [93m    0.554024[0m
INFO -- Epoch: [95m135[0m - Loss: [93m    0.554742[0m
INFO -- Epoch: [95m136[0m - Loss: [93m    0.556657[0m
INFO -- Epoch: [95m137[0m - Loss: [93m    0.554034[0m
INFO -- Epoch: [95m138[0m - Loss: [93m    0.553685[0m
INFO -- Epoch: [95m139[0m - Loss: [93m    0.553702[0m
INFO -- Epoch: [95m140[0m - Loss: [93m    0.555047[0m
INFO -- Epoch: [95m141[0m - Loss: [93m    0.554595[0m
INFO -- Epoch: [95m142[0m - Loss: [93m    0.553879[0m
INFO -- Epoch: [95m143[0m - Loss: [93m    0.554087[0m
INFO -- Epoch: [95m144[0m - Loss: [93m    0.556166[0m
INFO -- Epoch: [95m145[0m - Loss: [93m    0.554322[0m
INFO -- Epoch: [95m146[0m - Loss: [93m    0.555071[0m
INFO -- Epoch: [95m147[0m - Loss: [93m    0.554206[0m
INFO -- Epoch: [95m148[0m - Loss: [93m    0.554469[0m
INFO -- Epoch: [95m149[0m - Loss: [93m    0.554301[0m
INFO -- Epoch: [95m150[0m - Loss: [93m    0.555145[0m
INFO -- Epoch: [95m151[0m - Loss: [93m    0.554302[0m
INFO -- Epoch: [95m152[0m - Loss: [93m    0.554374[0m
INFO -- Epoch: [95m153[0m - Loss: [93m    0.554299[0m
INFO -- Epoch: [95m154[0m - Loss: [93m    0.554789[0m
INFO -- Epoch: [95m155[0m - Loss: [93m    0.554140[0m
INFO -- Epoch: [95m156[0m - Loss: [93m    0.553929[0m
INFO -- Epoch: [95m157[0m - Loss: [93m    0.553822[0m
INFO -- Epoch: [95m158[0m - Loss: [93m    0.554498[0m
INFO -- Epoch: [95m159[0m - Loss: [93m    0.554816[0m
INFO -- Epoch: [95m160[0m - Loss: [93m    0.554007[0m
INFO -- Epoch: [95m161[0m - Loss: [93m    0.554310[0m
INFO -- Epoch: [95m162[0m - Loss: [93m    0.554845[0m
INFO -- Epoch: [95m163[0m - Loss: [93m    0.556871[0m
INFO -- Epoch: [95m164[0m - Loss: [93m    0.554389[0m
INFO -- Epoch: [95m165[0m - Loss: [93m    0.554303[0m
INFO -- Epoch: [95m166[0m - Loss: [93m    0.554878[0m
INFO -- Epoch: [95m167[0m - Loss: [93m    0.554734[0m
INFO -- Epoch: [95m168[0m - Loss: [93m    0.554066[0m
INFO -- Epoch: [95m169[0m - Loss: [93m    0.554959[0m
INFO -- Epoch: [95m170[0m - Loss: [93m    0.554511[0m
INFO -- Epoch: [95m171[0m - Loss: [93m    0.554458[0m
INFO -- Epoch: [95m172[0m - Loss: [93m    0.554446[0m
INFO -- Epoch: [95m173[0m - Loss: [93m    0.554554[0m
INFO -- Epoch: [95m174[0m - Loss: [93m    0.554324[0m
INFO -- Epoch: [95m175[0m - Loss: [93m    0.554446[0m
INFO -- Epoch: [95m176[0m - Loss: [93m    0.554942[0m
INFO -- Epoch: [95m177[0m - Loss: [93m    0.554143[0m
INFO -- Epoch: [95m178[0m - Loss: [93m    0.554197[0m
INFO -- Epoch: [95m179[0m - Loss: [93m    0.554004[0m
INFO -- Epoch: [95m180[0m - Loss: [93m    0.554989[0m
INFO -- Epoch: [95m181[0m - Loss: [93m    0.555711[0m
INFO -- Epoch: [95m182[0m - Loss: [93m    0.554162[0m
INFO -- Epoch: [95m183[0m - Loss: [93m    0.554851[0m
INFO -- Epoch: [95m184[0m - Loss: [93m    0.554763[0m
INFO -- Epoch: [95m185[0m - Loss: [93m    0.554369[0m
INFO -- Epoch: [95m186[0m - Loss: [93m    0.553789[0m
INFO -- Epoch: [95m187[0m - Loss: [93m    0.554925[0m
INFO -- Epoch: [95m188[0m - Loss: [93m    0.554058[0m
INFO -- Epoch: [95m189[0m - Loss: [93m    0.554911[0m
INFO -- Epoch: [95m190[0m - Loss: [93m    0.554290[0m
INFO -- Epoch: [95m191[0m - Loss: [93m    0.554140[0m
INFO -- Epoch: [95m192[0m - Loss: [93m    0.556098[0m
INFO -- Epoch: [95m193[0m - Loss: [93m    0.553956[0m
INFO -- Epoch: [95m194[0m - Loss: [93m    0.555020[0m
INFO -- Epoch: [95m195[0m - Loss: [93m    0.554123[0m
INFO -- Epoch: [95m196[0m - Loss: [93m    0.554134[0m
INFO -- Epoch: [95m197[0m - Loss: [93m    0.554631[0m
INFO -- Epoch: [95m198[0m - Loss: [93m    0.554348[0m
INFO -- Epoch: [95m199[0m - Loss: [93m    0.555043[0m
INFO -- Epoch: [95m200[0m - Loss: [93m    0.554059[0m
INFO -- Epoch: [95m201[0m - Loss: [93m    0.554936[0m
INFO -- Epoch: [95m202[0m - Loss: [93m    0.555418[0m
INFO -- Epoch: [95m203[0m - Loss: [93m    0.554866[0m
INFO -- Epoch: [95m204[0m - Loss: [93m    0.554559[0m
INFO -- Epoch: [95m205[0m - Loss: [93m    0.554870[0m
INFO -- Epoch: [95m206[0m - Loss: [93m    0.554735[0m
INFO -- Epoch: [95m207[0m - Loss: [93m    0.554419[0m
INFO -- Epoch: [95m208[0m - Loss: [93m    0.554272[0m
INFO -- Epoch: [95m209[0m - Loss: [93m    0.554697[0m
INFO -- Epoch: [95m210[0m - Loss: [93m    0.554661[0m
INFO -- Epoch: [95m211[0m - Loss: [93m    0.554245[0m
INFO -- Epoch: [95m212[0m - Loss: [93m    0.554039[0m
INFO -- Epoch: [95m213[0m - Loss: [93m    0.553951[0m
INFO -- Epoch: [95m214[0m - Loss: [93m    0.555301[0m
INFO -- Epoch: [95m215[0m - Loss: [93m    0.554558[0m
INFO -- Epoch: [95m216[0m - Loss: [93m    0.553862[0m
INFO -- Epoch: [95m217[0m - Loss: [93m    0.553560[0m
INFO -- Epoch: [95m218[0m - Loss: [93m    0.555666[0m
INFO -- Epoch: [95m219[0m - Loss: [93m    0.554347[0m
INFO -- Epoch: [95m220[0m - Loss: [93m    0.553883[0m
INFO -- Epoch: [95m221[0m - Loss: [93m    0.556378[0m
INFO -- Epoch: [95m222[0m - Loss: [93m    0.554390[0m
INFO -- Epoch: [95m223[0m - Loss: [93m    0.553852[0m
INFO -- Epoch: [95m224[0m - Loss: [93m    0.554192[0m
INFO -- Epoch: [95m225[0m - Loss: [93m    0.554287[0m
INFO -- Epoch: [95m226[0m - Loss: [93m    0.555068[0m
INFO -- Epoch: [95m227[0m - Loss: [93m    0.554417[0m
INFO -- Epoch: [95m228[0m - Loss: [93m    0.554057[0m
INFO -- Epoch: [95m229[0m - Loss: [93m    0.554231[0m
INFO -- Epoch: [95m230[0m - Loss: [93m    0.554094[0m
INFO -- Epoch: [95m231[0m - Loss: [93m    0.555180[0m
INFO -- Epoch: [95m232[0m - Loss: [93m    0.554614[0m
INFO -- Epoch: [95m233[0m - Loss: [93m    0.554218[0m
INFO -- Epoch: [95m234[0m - Loss: [93m    0.555118[0m
INFO -- Epoch: [95m235[0m - Loss: [93m    0.553922[0m
INFO -- Epoch: [95m236[0m - Loss: [93m    0.554348[0m
INFO -- Epoch: [95m237[0m - Loss: [93m    0.554073[0m
INFO -- Epoch: [95m238[0m - Loss: [93m    0.554512[0m
INFO -- Epoch: [95m239[0m - Loss: [93m    0.554551[0m
INFO -- Epoch: [95m240[0m - Loss: [93m    0.553693[0m
INFO -- Epoch: [95m241[0m - Loss: [93m    0.554197[0m
INFO -- Epoch: [95m242[0m - Loss: [93m    0.553660[0m
INFO -- Epoch: [95m243[0m - Loss: [93m    0.553911[0m
INFO -- Epoch: [95m244[0m - Loss: [93m    0.557914[0m
INFO -- Epoch: [95m245[0m - Loss: [93m    0.553691[0m
INFO -- Epoch: [95m246[0m - Loss: [93m    0.554526[0m
INFO -- Epoch: [95m247[0m - Loss: [93m    0.554418[0m
INFO -- Epoch: [95m248[0m - Loss: [93m    0.553932[0m
INFO -- Epoch: [95m249[0m - Loss: [93m    0.554360[0m
INFO -- Epoch: [95m250[0m - Loss: [93m    0.555596[0m
INFO -- Epoch: [95m251[0m - Loss: [93m    0.554001[0m
INFO -- Epoch: [95m252[0m - Loss: [93m    0.554381[0m
INFO -- Epoch: [95m253[0m - Loss: [93m    0.554902[0m
INFO -- Epoch: [95m254[0m - Loss: [93m    0.554653[0m
INFO -- Epoch: [95m255[0m - Loss: [93m    0.554670[0m
INFO -- Epoch: [95m256[0m - Loss: [93m    0.554232[0m
INFO -- Epoch: [95m257[0m - Loss: [93m    0.554848[0m
INFO -- Epoch: [95m258[0m - Loss: [93m    0.554428[0m
INFO -- Epoch: [95m259[0m - Loss: [93m    0.554204[0m
INFO -- Epoch: [95m260[0m - Loss: [93m    0.555659[0m
INFO -- Epoch: [95m261[0m - Loss: [93m    0.554177[0m
INFO -- Epoch: [95m262[0m - Loss: [93m    0.554316[0m
INFO -- Epoch: [95m263[0m - Loss: [93m    0.554710[0m
INFO -- Epoch: [95m264[0m - Loss: [93m    0.554242[0m
INFO -- Epoch: [95m265[0m - Loss: [93m    0.554753[0m
INFO -- Epoch: [95m266[0m - Loss: [93m    0.554770[0m
INFO -- Epoch: [95m267[0m - Loss: [93m    0.553901[0m
INFO -- Epoch: [95m268[0m - Loss: [93m    0.553879[0m
INFO -- Epoch: [95m269[0m - Loss: [93m    0.553780[0m
INFO -- Epoch: [95m270[0m - Loss: [93m    0.554023[0m
INFO -- Epoch: [95m271[0m - Loss: [93m    0.555362[0m
INFO -- Epoch: [95m272[0m - Loss: [93m    0.556530[0m
INFO -- Epoch: [95m273[0m - Loss: [93m    0.553918[0m
INFO -- Epoch: [95m274[0m - Loss: [93m    0.553934[0m
INFO -- Epoch: [95m275[0m - Loss: [93m    0.553555[0m
INFO -- Epoch: [95m276[0m - Loss: [93m    0.554323[0m
INFO -- Epoch: [95m277[0m - Loss: [93m    0.553811[0m
INFO -- Epoch: [95m278[0m - Loss: [93m    0.553842[0m
INFO -- Epoch: [95m279[0m - Loss: [93m    0.553389[0m
INFO -- Epoch: [95m280[0m - Loss: [93m    0.554193[0m
INFO -- Epoch: [95m281[0m - Loss: [93m    0.556773[0m
INFO -- Epoch: [95m282[0m - Loss: [93m    0.553368[0m
INFO -- Epoch: [95m283[0m - Loss: [93m    0.554669[0m
INFO -- Epoch: [95m284[0m - Loss: [93m    0.553385[0m
INFO -- Epoch: [95m285[0m - Loss: [93m    0.554085[0m
INFO -- Epoch: [95m286[0m - Loss: [93m    0.554106[0m
INFO -- Epoch: [95m287[0m - Loss: [93m    0.553739[0m
INFO -- Epoch: [95m288[0m - Loss: [93m    0.555123[0m
INFO -- Epoch: [95m289[0m - Loss: [93m    0.553526[0m
INFO -- Epoch: [95m290[0m - Loss: [93m    0.554369[0m
INFO -- Epoch: [95m291[0m - Loss: [93m    0.554092[0m
INFO -- Epoch: [95m292[0m - Loss: [93m    0.553321[0m
INFO -- Epoch: [95m293[0m - Loss: [93m    0.554616[0m
INFO -- Epoch: [95m294[0m - Loss: [93m    0.553285[0m
INFO -- Epoch: [95m295[0m - Loss: [93m    0.553394[0m
INFO -- Epoch: [95m296[0m - Loss: [93m    0.555184[0m
INFO -- Epoch: [95m297[0m - Loss: [93m    0.554952[0m
INFO -- Epoch: [95m298[0m - Loss: [93m    0.553454[0m
INFO -- Epoch: [95m299[0m - Loss: [93m    0.557168[0m
INFO -- Epoch: [95m300[0m - Loss: [93m    0.555240[0m
INFO -- Epoch: [95m301[0m - Loss: [93m    0.554208[0m
INFO -- Epoch: [95m302[0m - Loss: [93m    0.554492[0m
INFO -- Epoch: [95m303[0m - Loss: [93m    0.554356[0m
INFO -- Epoch: [95m304[0m - Loss: [93m    0.554387[0m
INFO -- Epoch: [95m305[0m - Loss: [93m    0.554599[0m
INFO -- Epoch: [95m306[0m - Loss: [93m    0.554483[0m
INFO -- Epoch: [95m307[0m - Loss: [93m    0.554392[0m
INFO -- Epoch: [95m308[0m - Loss: [93m    0.554510[0m
INFO -- Epoch: [95m309[0m - Loss: [93m    0.554477[0m
INFO -- Epoch: [95m310[0m - Loss: [93m    0.555175[0m
INFO -- Epoch: [95m311[0m - Loss: [93m    0.554755[0m
INFO -- Epoch: [95m312[0m - Loss: [93m    0.554152[0m
INFO -- Epoch: [95m313[0m - Loss: [93m    0.554538[0m
INFO -- Epoch: [95m314[0m - Loss: [93m    0.553963[0m
INFO -- Epoch: [95m315[0m - Loss: [93m    0.553818[0m
INFO -- Epoch: [95m316[0m - Loss: [93m    0.554403[0m
INFO -- Epoch: [95m317[0m - Loss: [93m    0.554502[0m
INFO -- Epoch: [95m318[0m - Loss: [93m    0.553866[0m
INFO -- Epoch: [95m319[0m - Loss: [93m    0.553531[0m
INFO -- Epoch: [95m320[0m - Loss: [93m    0.555723[0m
INFO -- Epoch: [95m321[0m - Loss: [93m    0.554106[0m
INFO -- Epoch: [95m322[0m - Loss: [93m    0.554430[0m
INFO -- Epoch: [95m323[0m - Loss: [93m    0.553432[0m
INFO -- Epoch: [95m324[0m - Loss: [93m    0.556589[0m
INFO -- Epoch: [95m325[0m - Loss: [93m    0.553718[0m
INFO -- Epoch: [95m326[0m - Loss: [93m    0.554475[0m
INFO -- Epoch: [95m327[0m - Loss: [93m    0.554452[0m
INFO -- Epoch: [95m328[0m - Loss: [93m    0.554784[0m
INFO -- Epoch: [95m329[0m - Loss: [93m    0.554383[0m
INFO -- Epoch: [95m330[0m - Loss: [93m    0.554639[0m
INFO -- Epoch: [95m331[0m - Loss: [93m    0.554347[0m
INFO -- Epoch: [95m332[0m - Loss: [93m    0.554440[0m
INFO -- Epoch: [95m333[0m - Loss: [93m    0.554446[0m
INFO -- Epoch: [95m334[0m - Loss: [93m    0.554433[0m
INFO -- Epoch: [95m335[0m - Loss: [93m    0.554418[0m
INFO -- Epoch: [95m336[0m - Loss: [93m    0.554913[0m
INFO -- Epoch: [95m337[0m - Loss: [93m    0.556195[0m
INFO -- Epoch: [95m338[0m - Loss: [93m    0.554013[0m
INFO -- Epoch: [95m339[0m - Loss: [93m    0.553976[0m
INFO -- Epoch: [95m340[0m - Loss: [93m    0.554369[0m
INFO -- Epoch: [95m341[0m - Loss: [93m    0.555509[0m
INFO -- Epoch: [95m342[0m - Loss: [93m    0.554124[0m
INFO -- Epoch: [95m343[0m - Loss: [93m    0.554451[0m
INFO -- Training interrupted by user at epoch [91m344[0m
INFO -- Creating plots and saving to files. Dimensions: 1
