INFO -- Device: cuda
INFO -- 
INFO -- ================================================================================
INFO -- Learning parameters
INFO -- Length:                                           [92m1.0[0m
INFO -- Total time:                                       [92m1.0[0m
INFO -- Number of points in x:                            [92m150[0m
INFO -- Number of points in t:                            [92m150[0m
INFO -- Number of points in initial condition:            [92m300[0m
INFO -- Weight for interior loss:                         [92m0.5[0m
INFO -- Weight for initial condition loss:                [92m150.0[0m
INFO -- Weight for boundary loss:                         [92m1.0[0m
INFO -- Layers:                                           [92m2[0m
INFO -- Neurons per layer:                                [92m60[0m
INFO -- Epochs:                                           [92m50000[0m
INFO -- Learning rate:                                    [92m0.0025[0m
INFO -- ================================================================================
INFO -- 
INFO -- Creating PINN with [92m2[0m layers and [92m60[0m neurons per layer
INFO -- Computing initial condition loss
INFO -- Initial condition loss weak:                      [92m0.692806005478[0m
INFO -- Initial condition loss strong:                    [92m0.692806005478[0m
INFO -- Initial condition loss weak and strong:           [92m0.692806005478[0m
INFO -- Initial condition loss colocation:                [92m0.698501408100[0m
INFO -- Training PINN for [93m50000[0m epochs using [93mloss_fn_weak[0m loss function
INFO -- Epoch: [95m20[0m - Loss: [93m    0.193388[0m
INFO -- Epoch: [95m40[0m - Loss: [93m    0.181295[0m
INFO -- Epoch: [95m60[0m - Loss: [93m    0.175207[0m
INFO -- Epoch: [95m80[0m - Loss: [93m    0.170375[0m
INFO -- Epoch: [95m100[0m - Loss: [93m    0.162892[0m
INFO -- Epoch: [95m120[0m - Loss: [93m    0.150706[0m
INFO -- Epoch: [95m140[0m - Loss: [93m    0.129849[0m
INFO -- Epoch: [95m160[0m - Loss: [93m    0.094554[0m
INFO -- Epoch: [95m180[0m - Loss: [93m    0.049502[0m
INFO -- Epoch: [95m200[0m - Loss: [93m    0.016565[0m
INFO -- Epoch: [95m220[0m - Loss: [93m    0.005211[0m
INFO -- Epoch: [95m240[0m - Loss: [93m    0.002808[0m
INFO -- Epoch: [95m260[0m - Loss: [93m    0.001888[0m
INFO -- Epoch: [95m280[0m - Loss: [93m    0.001182[0m
INFO -- Epoch: [95m300[0m - Loss: [93m    0.000797[0m
INFO -- Epoch: [95m320[0m - Loss: [93m    0.000562[0m
INFO -- Epoch: [95m340[0m - Loss: [93m    0.000425[0m
INFO -- Training interrupted by user at epoch [91m342[0m
INFO -- Computing final loss
INFO -- Total loss:                                       [92m0.00078[0m    (7.779E-04)
INFO -- Interior loss:                                    [92m0.00000[0m    (0.000E+00)
INFO -- Initial loss:                                     [92m0.00073[0m    (7.285E-04)
INFO -- Bondary loss:                                     [92m0.00005[0m    (4.942E-05)
