INFO -- Device: cuda
INFO -- 
INFO -- ================================================================================
INFO -- Learning parameters
INFO -- Length:                                           [92m1.0[0m
INFO -- Total time:                                       [92m1.0[0m
INFO -- Number of points in x:                            [92m150[0m
INFO -- Number of points in t:                            [92m150[0m
INFO -- Number of points in initial condition:            [92m300[0m
INFO -- Weight for interior loss:                         [92m0.5[0m
INFO -- Weight for initial condition loss:                [92m150.0[0m
INFO -- Weight for boundary loss:                         [92m1.0[0m
INFO -- Layers:                                           [92m2[0m
INFO -- Neurons per layer:                                [92m60[0m
INFO -- Epochs:                                           [92m50000[0m
INFO -- Learning rate:                                    [92m0.0025[0m
INFO -- ================================================================================
INFO -- 
INFO -- Creating PINN with [92m2[0m layers and [92m60[0m neurons per layer
INFO -- Computing initial condition loss
INFO -- Initial condition loss weak:                      [92m0.20287[0m
INFO -- Initial condition loss strong:                    [92m0.20287[0m
INFO -- Initial condition loss weak and strong:           [92m0.20287[0m
INFO -- Initial condition loss colocation:                [92m0.20314[0m
INFO -- Training PINN for [93m50000[0m epochs using [93mloss_fn_weak[0m loss function
INFO -- Epoch: [95m20[0m - Loss: [93m0.179482[0m
INFO -- Epoch: [95m40[0m - Loss: [93m0.169139[0m
INFO -- Epoch: [95m60[0m - Loss: [93m0.150468[0m
INFO -- Epoch: [95m80[0m - Loss: [93m0.100737[0m
INFO -- Epoch: [95m100[0m - Loss: [93m0.016403[0m
INFO -- Epoch: [95m120[0m - Loss: [93m0.002095[0m
INFO -- Epoch: [95m140[0m - Loss: [93m0.000961[0m
INFO -- Epoch: [95m160[0m - Loss: [93m0.000682[0m
INFO -- Epoch: [95m180[0m - Loss: [93m0.000560[0m
INFO -- Epoch: [95m200[0m - Loss: [93m0.000562[0m
INFO -- Epoch: [95m220[0m - Loss: [93m0.000477[0m
INFO -- Epoch: [95m240[0m - Loss: [93m0.000387[0m
INFO -- Epoch: [95m260[0m - Loss: [93m0.000301[0m
INFO -- Epoch: [95m280[0m - Loss: [93m0.000260[0m
INFO -- Epoch: [95m300[0m - Loss: [93m0.000224[0m
INFO -- Epoch: [95m320[0m - Loss: [93m0.000194[0m
INFO -- Epoch: [95m340[0m - Loss: [93m0.000174[0m
INFO -- Epoch: [95m360[0m - Loss: [93m0.002231[0m
INFO -- Epoch: [95m380[0m - Loss: [93m0.000151[0m
INFO -- Epoch: [95m400[0m - Loss: [93m0.000157[0m
INFO -- Epoch: [95m420[0m - Loss: [93m0.000119[0m
INFO -- Epoch: [95m440[0m - Loss: [93m0.000108[0m
INFO -- Epoch: [95m460[0m - Loss: [93m0.000098[0m
INFO -- Epoch: [95m480[0m - Loss: [93m0.000090[0m
INFO -- Epoch: [95m500[0m - Loss: [93m0.000082[0m
INFO -- Epoch: [95m520[0m - Loss: [93m0.000075[0m
INFO -- Epoch: [95m540[0m - Loss: [93m0.000069[0m
INFO -- Epoch: [95m560[0m - Loss: [93m0.000431[0m
INFO -- Epoch: [95m580[0m - Loss: [93m0.000211[0m
INFO -- Epoch: [95m600[0m - Loss: [93m0.000179[0m
INFO -- Epoch: [95m620[0m - Loss: [93m0.000079[0m
INFO -- Epoch: [95m640[0m - Loss: [93m0.000052[0m
INFO -- Epoch: [95m660[0m - Loss: [93m0.000048[0m
INFO -- Epoch: [95m680[0m - Loss: [93m0.000044[0m
INFO -- Epoch: [95m700[0m - Loss: [93m0.000041[0m
INFO -- Epoch: [95m720[0m - Loss: [93m0.000038[0m
INFO -- Epoch: [95m740[0m - Loss: [93m0.000036[0m
INFO -- Epoch: [95m760[0m - Loss: [93m0.000033[0m
INFO -- Epoch: [95m780[0m - Loss: [93m0.000031[0m
INFO -- Epoch: [95m800[0m - Loss: [93m0.000029[0m
INFO -- Epoch: [95m820[0m - Loss: [93m0.000027[0m
INFO -- Epoch: [95m840[0m - Loss: [93m0.000025[0m
INFO -- Epoch: [95m860[0m - Loss: [93m0.000511[0m
INFO -- Epoch: [95m880[0m - Loss: [93m0.000187[0m
INFO -- Epoch: [95m900[0m - Loss: [93m0.000176[0m
INFO -- Epoch: [95m920[0m - Loss: [93m0.000047[0m
INFO -- Epoch: [95m940[0m - Loss: [93m0.000024[0m
INFO -- Epoch: [95m960[0m - Loss: [93m0.000020[0m
INFO -- Epoch: [95m980[0m - Loss: [93m0.000019[0m
INFO -- Epoch: [95m1000[0m - Loss: [93m0.000017[0m
INFO -- Epoch: [95m1020[0m - Loss: [93m0.000016[0m
INFO -- Epoch: [95m1040[0m - Loss: [93m0.000015[0m
INFO -- Epoch: [95m1060[0m - Loss: [93m0.000014[0m
INFO -- Epoch: [95m1080[0m - Loss: [93m0.000013[0m
INFO -- Epoch: [95m1100[0m - Loss: [93m0.000013[0m
INFO -- Epoch: [95m1120[0m - Loss: [93m0.000012[0m
INFO -- Epoch: [95m1140[0m - Loss: [93m0.000011[0m
INFO -- Epoch: [95m1160[0m - Loss: [93m0.000011[0m
INFO -- Epoch: [95m1180[0m - Loss: [93m0.000010[0m
INFO -- Epoch: [95m1200[0m - Loss: [93m0.000009[0m
INFO -- Epoch: [95m1220[0m - Loss: [93m0.000009[0m
INFO -- Epoch: [95m1240[0m - Loss: [93m0.000008[0m
INFO -- Epoch: [95m1260[0m - Loss: [93m0.000008[0m
INFO -- Epoch: [95m1280[0m - Loss: [93m0.000847[0m
INFO -- Epoch: [95m1300[0m - Loss: [93m0.000106[0m
INFO -- Epoch: [95m1320[0m - Loss: [93m0.000035[0m
INFO -- Epoch: [95m1340[0m - Loss: [93m0.000021[0m
INFO -- Epoch: [95m1360[0m - Loss: [93m0.000011[0m
INFO -- Epoch: [95m1380[0m - Loss: [93m0.000009[0m
INFO -- Epoch: [95m1400[0m - Loss: [93m0.000008[0m
INFO -- Epoch: [95m1420[0m - Loss: [93m0.000008[0m
INFO -- Epoch: [95m1440[0m - Loss: [93m0.000007[0m
INFO -- Epoch: [95m1460[0m - Loss: [93m0.000007[0m
INFO -- Epoch: [95m1480[0m - Loss: [93m0.000006[0m
INFO -- Epoch: [95m1500[0m - Loss: [93m0.000006[0m
INFO -- Epoch: [95m1520[0m - Loss: [93m0.000006[0m
INFO -- Epoch: [95m1540[0m - Loss: [93m0.000006[0m
INFO -- Epoch: [95m1560[0m - Loss: [93m0.000005[0m
INFO -- Epoch: [95m1580[0m - Loss: [93m0.000005[0m
INFO -- Epoch: [95m1600[0m - Loss: [93m0.000005[0m
INFO -- Epoch: [95m1620[0m - Loss: [93m0.000005[0m
INFO -- Epoch: [95m1640[0m - Loss: [93m0.000005[0m
INFO -- Epoch: [95m1660[0m - Loss: [93m0.000005[0m
INFO -- Epoch: [95m1680[0m - Loss: [93m0.000004[0m
INFO -- Epoch: [95m1700[0m - Loss: [93m0.000004[0m
INFO -- Epoch: [95m1720[0m - Loss: [93m0.000007[0m
INFO -- Epoch: [95m1740[0m - Loss: [93m0.003274[0m
INFO -- Epoch: [95m1760[0m - Loss: [93m0.000349[0m
INFO -- Epoch: [95m1780[0m - Loss: [93m0.000008[0m
INFO -- Epoch: [95m1800[0m - Loss: [93m0.000012[0m
INFO -- Epoch: [95m1820[0m - Loss: [93m0.000006[0m
INFO -- Epoch: [95m1840[0m - Loss: [93m0.000005[0m
INFO -- Epoch: [95m1860[0m - Loss: [93m0.000005[0m
INFO -- Epoch: [95m1880[0m - Loss: [93m0.000005[0m
INFO -- Epoch: [95m1900[0m - Loss: [93m0.000005[0m
INFO -- Epoch: [95m1920[0m - Loss: [93m0.000004[0m
INFO -- Epoch: [95m1940[0m - Loss: [93m0.000004[0m
INFO -- Epoch: [95m1960[0m - Loss: [93m0.000004[0m
INFO -- Epoch: [95m1980[0m - Loss: [93m0.000004[0m
INFO -- Epoch: [95m2000[0m - Loss: [93m0.000004[0m
INFO -- Epoch: [95m2020[0m - Loss: [93m0.000004[0m
INFO -- Epoch: [95m2040[0m - Loss: [93m0.000004[0m
INFO -- Epoch: [95m2060[0m - Loss: [93m0.000004[0m
INFO -- Epoch: [95m2080[0m - Loss: [93m0.000004[0m
INFO -- Epoch: [95m2100[0m - Loss: [93m0.000004[0m
INFO -- Epoch: [95m2120[0m - Loss: [93m0.000003[0m
INFO -- Epoch: [95m2140[0m - Loss: [93m0.000114[0m
INFO -- Epoch: [95m2160[0m - Loss: [93m0.000029[0m
INFO -- Epoch: [95m2180[0m - Loss: [93m0.000179[0m
INFO -- Epoch: [95m2200[0m - Loss: [93m0.000021[0m
INFO -- Epoch: [95m2220[0m - Loss: [93m0.000006[0m
INFO -- Epoch: [95m2240[0m - Loss: [93m0.000006[0m
INFO -- Epoch: [95m2260[0m - Loss: [93m0.000005[0m
INFO -- Epoch: [95m2280[0m - Loss: [93m0.000004[0m
INFO -- Epoch: [95m2300[0m - Loss: [93m0.000004[0m
INFO -- Epoch: [95m2320[0m - Loss: [93m0.000004[0m
INFO -- Epoch: [95m2340[0m - Loss: [93m0.000004[0m
INFO -- Epoch: [95m2360[0m - Loss: [93m0.000004[0m
INFO -- Epoch: [95m2380[0m - Loss: [93m0.000004[0m
INFO -- Epoch: [95m2400[0m - Loss: [93m0.000004[0m
INFO -- Epoch: [95m2420[0m - Loss: [93m0.000004[0m
INFO -- Epoch: [95m2440[0m - Loss: [93m0.000004[0m
INFO -- Epoch: [95m2460[0m - Loss: [93m0.000003[0m
INFO -- Epoch: [95m2480[0m - Loss: [93m0.000003[0m
INFO -- Epoch: [95m2500[0m - Loss: [93m0.000003[0m
INFO -- Epoch: [95m2520[0m - Loss: [93m0.000003[0m
INFO -- Epoch: [95m2540[0m - Loss: [93m0.000003[0m
INFO -- Epoch: [95m2560[0m - Loss: [93m0.000003[0m
INFO -- Epoch: [95m2580[0m - Loss: [93m0.000003[0m
INFO -- Epoch: [95m2600[0m - Loss: [93m0.000238[0m
INFO -- Epoch: [95m2620[0m - Loss: [93m0.000510[0m
INFO -- Epoch: [95m2640[0m - Loss: [93m0.000089[0m
INFO -- Epoch: [95m2660[0m - Loss: [93m0.000015[0m
INFO -- Epoch: [95m2680[0m - Loss: [93m0.000006[0m
INFO -- Epoch: [95m2700[0m - Loss: [93m0.000005[0m
INFO -- Epoch: [95m2720[0m - Loss: [93m0.000004[0m
INFO -- Epoch: [95m2740[0m - Loss: [93m0.000004[0m
INFO -- Epoch: [95m2760[0m - Loss: [93m0.000004[0m
INFO -- Epoch: [95m2780[0m - Loss: [93m0.000004[0m
INFO -- Epoch: [95m2800[0m - Loss: [93m0.000004[0m
INFO -- Epoch: [95m2820[0m - Loss: [93m0.000004[0m
INFO -- Epoch: [95m2840[0m - Loss: [93m0.000003[0m
INFO -- Epoch: [95m2860[0m - Loss: [93m0.000003[0m
INFO -- Epoch: [95m2880[0m - Loss: [93m0.000003[0m
INFO -- Epoch: [95m2900[0m - Loss: [93m0.000003[0m
INFO -- Epoch: [95m2920[0m - Loss: [93m0.000003[0m
INFO -- Epoch: [95m2940[0m - Loss: [93m0.000003[0m
INFO -- Epoch: [95m2960[0m - Loss: [93m0.000003[0m
INFO -- Epoch: [95m2980[0m - Loss: [93m0.000003[0m
INFO -- Epoch: [95m3000[0m - Loss: [93m0.000003[0m
INFO -- Epoch: [95m3020[0m - Loss: [93m0.000003[0m
INFO -- Epoch: [95m3040[0m - Loss: [93m0.000058[0m
INFO -- Epoch: [95m3060[0m - Loss: [93m0.001105[0m
INFO -- Epoch: [95m3080[0m - Loss: [93m0.000103[0m
INFO -- Epoch: [95m3100[0m - Loss: [93m0.000018[0m
INFO -- Epoch: [95m3120[0m - Loss: [93m0.000006[0m
INFO -- Epoch: [95m3140[0m - Loss: [93m0.000004[0m
INFO -- Epoch: [95m3160[0m - Loss: [93m0.000004[0m
INFO -- Epoch: [95m3180[0m - Loss: [93m0.000004[0m
INFO -- Epoch: [95m3200[0m - Loss: [93m0.000004[0m
INFO -- Epoch: [95m3220[0m - Loss: [93m0.000003[0m
INFO -- Epoch: [95m3240[0m - Loss: [93m0.000003[0m
INFO -- Epoch: [95m3260[0m - Loss: [93m0.000003[0m
INFO -- Epoch: [95m3280[0m - Loss: [93m0.000003[0m
INFO -- Epoch: [95m3300[0m - Loss: [93m0.000003[0m
INFO -- Epoch: [95m3320[0m - Loss: [93m0.000003[0m
INFO -- Epoch: [95m3340[0m - Loss: [93m0.000003[0m
INFO -- Epoch: [95m3360[0m - Loss: [93m0.000003[0m
INFO -- Epoch: [95m3380[0m - Loss: [93m0.000003[0m
INFO -- Epoch: [95m3400[0m - Loss: [93m0.000003[0m
INFO -- Epoch: [95m3420[0m - Loss: [93m0.000003[0m
INFO -- Epoch: [95m3440[0m - Loss: [93m0.000247[0m
INFO -- Epoch: [95m3460[0m - Loss: [93m0.000701[0m
INFO -- Epoch: [95m3480[0m - Loss: [93m0.000038[0m
INFO -- Epoch: [95m3500[0m - Loss: [93m0.000019[0m
INFO -- Epoch: [95m3520[0m - Loss: [93m0.000005[0m
INFO -- Epoch: [95m3540[0m - Loss: [93m0.000005[0m
INFO -- Epoch: [95m3560[0m - Loss: [93m0.000004[0m
INFO -- Epoch: [95m3580[0m - Loss: [93m0.000004[0m
INFO -- Epoch: [95m3600[0m - Loss: [93m0.000004[0m
INFO -- Epoch: [95m3620[0m - Loss: [93m0.000004[0m
INFO -- Epoch: [95m3640[0m - Loss: [93m0.000003[0m
INFO -- Epoch: [95m3660[0m - Loss: [93m0.000003[0m
INFO -- Epoch: [95m3680[0m - Loss: [93m0.000003[0m
INFO -- Epoch: [95m3700[0m - Loss: [93m0.000003[0m
INFO -- Epoch: [95m3720[0m - Loss: [93m0.000003[0m
INFO -- Epoch: [95m3740[0m - Loss: [93m0.000003[0m
INFO -- Epoch: [95m3760[0m - Loss: [93m0.000003[0m
INFO -- Epoch: [95m3780[0m - Loss: [93m0.000014[0m
INFO -- Epoch: [95m3800[0m - Loss: [93m0.000119[0m
INFO -- Epoch: [95m3820[0m - Loss: [93m0.000011[0m
INFO -- Epoch: [95m3840[0m - Loss: [93m0.000005[0m
INFO -- Epoch: [95m3860[0m - Loss: [93m0.000003[0m
INFO -- Epoch: [95m3880[0m - Loss: [93m0.000003[0m
INFO -- Epoch: [95m3900[0m - Loss: [93m0.000108[0m
INFO -- Epoch: [95m3920[0m - Loss: [93m0.000014[0m
INFO -- Epoch: [95m3940[0m - Loss: [93m0.000049[0m
INFO -- Epoch: [95m3960[0m - Loss: [93m0.000007[0m
INFO -- Epoch: [95m3980[0m - Loss: [93m0.000004[0m
INFO -- Epoch: [95m4000[0m - Loss: [93m0.000003[0m
INFO -- Epoch: [95m4020[0m - Loss: [93m0.000003[0m
INFO -- Epoch: [95m4040[0m - Loss: [93m0.000003[0m
INFO -- Epoch: [95m4060[0m - Loss: [93m0.000003[0m
INFO -- Epoch: [95m4080[0m - Loss: [93m0.000003[0m
INFO -- Epoch: [95m4100[0m - Loss: [93m0.000003[0m
INFO -- Epoch: [95m4120[0m - Loss: [93m0.000003[0m
INFO -- Epoch: [95m4140[0m - Loss: [93m0.000019[0m
INFO -- Epoch: [95m4160[0m - Loss: [93m0.000212[0m
INFO -- Epoch: [95m4180[0m - Loss: [93m0.000131[0m
INFO -- Epoch: [95m4200[0m - Loss: [93m0.000019[0m
INFO -- Epoch: [95m4220[0m - Loss: [93m0.000005[0m
INFO -- Epoch: [95m4240[0m - Loss: [93m0.000004[0m
INFO -- Training interrupted by user at epoch [91m4241[0m
INFO -- Computing final loss
INFO -- Total loss:                                       [92m0.00001[0m    (7.286E-06)
INFO -- Interior loss:                                    [92m0.00000[0m    (0.000E+00)
INFO -- Initial loss:                                     [92m0.00001[0m    (7.045E-06)
INFO -- Bondary loss:                                     [92m0.00000[0m    (2.404E-07)
