INFO -- Device: cpu
INFO -- 
INFO -- ================================================================================
INFO -- Learning parameters
INFO -- Length:                                           [92m1.0[0m
INFO -- Total time:                                       [92m1.0[0m
INFO -- Number of points in x:                            [92m150[0m
INFO -- Number of points in t:                            [92m150[0m
INFO -- Number of points in initial condition:            [92m300[0m
INFO -- Weight for interior loss:                         [92m0.5[0m
INFO -- Weight for initial condition loss:                [92m150.0[0m
INFO -- Weight for boundary loss:                         [92m1.0[0m
INFO -- Layers:                                           [92m2[0m
INFO -- Neurons per layer:                                [92m60[0m
INFO -- Epochs:                                           [92m50000[0m
INFO -- Learning rate:                                    [92m0.0025[0m
INFO -- ================================================================================
INFO -- 
INFO -- Creating PINN with [92m2[0m layers and [92m60[0m neurons per layer
INFO -- Computing initial condition loss
INFO -- Initial condition loss weak:                      [92m0.21830[0m
INFO -- Initial condition loss strong:                    [92m0.21830[0m
INFO -- Initial condition loss weak and strong:           [92m0.21830[0m
INFO -- Initial condition loss colocation:                [92m0.21835[0m
INFO -- Training PINN for [93m50000[0m epochs using [93mloss_fn_weak[0m loss function
INFO -- Training interrupted by user at epoch [91m14[0m
INFO -- Computing final loss
INFO -- Total loss:                                       [92m0.34250[0m    (3.425E-01)
INFO -- Interior loss:                                    [92m0.00000[0m    (0.000E+00)
INFO -- Initial loss:                                     [92m0.31675[0m    (3.167E-01)
INFO -- Bondary loss:                                     [92m0.02575[0m    (2.575E-02)
INFO -- Training PINN for [93m50000[0m epochs using [93mloss_fn_strong[0m loss function
INFO -- Training interrupted by user at epoch [91m9[0m
INFO -- Computing final loss
INFO -- Total loss:                                       [92m0.32925[0m    (3.293E-01)
INFO -- Interior loss:                                    [92m0.00000[0m    (0.000E+00)
INFO -- Initial loss:                                     [92m0.29613[0m    (2.961E-01)
INFO -- Bondary loss:                                     [92m0.03312[0m    (3.312E-02)
INFO -- Training PINN for [93m50000[0m epochs using [93mloss_fn_weak_and_strong[0m loss function
INFO -- Training interrupted by user at epoch [91m9[0m
INFO -- Computing final loss
INFO -- Total loss:                                       [92m0.37380[0m    (3.738E-01)
INFO -- Interior loss:                                    [92m0.00000[0m    (0.000E+00)
INFO -- Initial loss:                                     [92m0.36575[0m    (3.657E-01)
INFO -- Bondary loss:                                     [92m0.00805[0m    (8.053E-03)
INFO -- Training PINN for [93m50000[0m epochs using [93mloss_fn_colocation[0m loss function
INFO -- Training interrupted by user at epoch [91m13[0m
INFO -- Computing final loss
INFO -- Total loss:                                       [92m0.32521[0m    (3.252E-01)
INFO -- Interior loss:                                    [92m0.00000[0m    (0.000E+00)
INFO -- Initial loss:                                     [92m0.30171[0m    (3.017E-01)
INFO -- Bondary loss:                                     [92m0.02349[0m    (2.349E-02)
