INFO -- Device: cpu
INFO -- 
INFO -- ================================================================================
INFO -- Learning parameters
INFO -- Length:                                           [92m1.0[0m
INFO -- Total time:                                       [92m1.0[0m
INFO -- Number of points in x:                            [92m150[0m
INFO -- Number of points in t:                            [92m150[0m
INFO -- Number of points in initial condition:            [92m300[0m
INFO -- Weight for interior loss:                         [92m0.5[0m
INFO -- Weight for initial condition loss:                [92m150.0[0m
INFO -- Weight for boundary loss:                         [92m1.0[0m
INFO -- Layers:                                           [92m2[0m
INFO -- Neurons per layer:                                [92m60[0m
INFO -- Epochs:                                           [92m50000[0m
INFO -- Learning rate:                                    [92m0.0025[0m
INFO -- ================================================================================
INFO -- 
INFO -- Creating PINN with [92m2[0m layers and [92m60[0m neurons per layer
INFO -- Computing initial condition loss
INFO -- Initial condition loss weak:                      [92m0.21264[0m
INFO -- Initial condition loss strong:                    [92m0.21264[0m
INFO -- Initial condition loss weak and strong:           [92m0.21264[0m
INFO -- Initial condition loss colocation:                [92m0.21358[0m
INFO -- Training PINN for [93m50000[0m epochs
INFO -- Training interrupted by user at epoch 17
INFO -- Computing final loss
INFO -- Total loss:                                       0.33705    (3.370E-01)
INFO -- Interior loss:                                    0.00000    (0.000E+00)
INFO -- Initial loss:                                     0.31256    (3.126E-01)
INFO -- Bondary loss:                                     0.02449    (2.449E-02)
