INFO -- Device: cpu
INFO -- 
INFO -- ==================================================
INFO -- Learning parameters
INFO -- Length: 				[92m1.0[0m
INFO -- Total time: 				[92m1.0[0m
INFO -- Number of points in x: 			[92m150[0m
INFO -- Number of points in t: 			[92m150[0m
INFO -- Number of points in initial condition: 	[92m300[0m
INFO -- Weight for interior loss: 		[92m0.5[0m
INFO -- Weight for initial condition loss: 	[92m150.0[0m
INFO -- Weight for boundary loss: 		[92m1.0[0m
INFO -- Number of layers: 			[92m2[0m
INFO -- Number of neurons per layer: 		[92m60[0m
INFO -- Number of epochs: 			[92m50000[0m
INFO -- Learning rate: 				[92m0.0025[0m
INFO -- ==================================================
INFO -- 
INFO -- Creating PINN with [92m2[0m layers and [92m60[0m neurons per layer
INFO -- Computing initial condition loss
INFO -- Initial condition loss weak: 		[92m0.26228[0m
INFO -- Initial condition loss strong: 		[92m0.26228[0m
INFO -- Initial condition loss weak and strong: [92m0.26228[0m
INFO -- Initial condition loss colocation: 	[92m0.26230[0m
INFO -- Training PINN for [93m50000[0m epochs
INFO -- Epoch: 100 - Loss: 0.094281
INFO -- Epoch: 200 - Loss: 0.000840
INFO -- Epoch: 300 - Loss: 0.000515
INFO -- Epoch: 400 - Loss: 0.000138
INFO -- Training interrupted by user at epoch 486
INFO -- Computing final loss
INFO -- Total loss: 	0.00014    (1.371E-04)
INFO -- Interior loss: 	0.00000    (0.000E+00)
INFO -- Initial loss: 	0.00009    (9.437E-05)
INFO -- Bondary loss: 	0.00004    (4.268E-05)
