INFO -- Device: cuda
INFO -- 
INFO -- ================================================================================
INFO -- Learning parameters
INFO -- Length:                                           [92m1.0[0m
INFO -- Total time:                                       [92m1.0[0m
INFO -- Number of points in x:                            [92m150[0m
INFO -- Number of points in t:                            [92m150[0m
INFO -- Number of points in initial condition:            [92m300[0m
INFO -- Weight for interior loss:                         [92m0.5[0m
INFO -- Weight for initial condition loss:                [92m150.0[0m
INFO -- Weight for boundary loss:                         [92m1.0[0m
INFO -- Layers:                                           [92m2[0m
INFO -- Neurons per layer:                                [92m60[0m
INFO -- Epochs:                                           [92m50000[0m
INFO -- Learning rate:                                    [92m0.0025[0m
INFO -- ================================================================================
INFO -- 
INFO -- Creating PINN with [92m2[0m layers and [92m60[0m neurons per layer
INFO -- Computing initial condition loss
INFO -- Initial condition loss weak:                      [92m0.26051[0m
INFO -- Initial condition loss strong:                    [92m0.26051[0m
INFO -- Initial condition loss weak and strong:           [92m0.26051[0m
INFO -- Initial condition loss colocation:                [92m0.26343[0m
INFO -- Training PINN for [93m50000[0m epochs using [93mloss_fn_weak[0m loss function
INFO -- Epoch: [95m20[0m - Loss: [93m0.177658[0m
INFO -- Epoch: [95m40[0m - Loss: [93m0.159575[0m
INFO -- Epoch: [95m60[0m - Loss: [93m0.103142[0m
INFO -- Epoch: [95m80[0m - Loss: [93m0.008816[0m
INFO -- Epoch: [95m100[0m - Loss: [93m0.001406[0m
INFO -- Epoch: [95m120[0m - Loss: [93m0.000442[0m
INFO -- Epoch: [95m140[0m - Loss: [93m0.000324[0m
INFO -- Epoch: [95m160[0m - Loss: [93m0.000271[0m
INFO -- Epoch: [95m180[0m - Loss: [93m0.000207[0m
INFO -- Epoch: [95m200[0m - Loss: [93m0.000323[0m
INFO -- Epoch: [95m220[0m - Loss: [93m0.000169[0m
INFO -- Epoch: [95m240[0m - Loss: [93m0.000117[0m
INFO -- Epoch: [95m260[0m - Loss: [93m0.000482[0m
INFO -- Epoch: [95m280[0m - Loss: [93m0.000125[0m
INFO -- Epoch: [95m300[0m - Loss: [93m0.000071[0m
INFO -- Epoch: [95m320[0m - Loss: [93m0.000711[0m
INFO -- Epoch: [95m340[0m - Loss: [93m0.000085[0m
INFO -- Epoch: [95m360[0m - Loss: [93m0.000046[0m
INFO -- Epoch: [95m380[0m - Loss: [93m0.000460[0m
INFO -- Epoch: [95m400[0m - Loss: [93m0.000207[0m
INFO -- Epoch: [95m420[0m - Loss: [93m0.000037[0m
INFO -- Epoch: [95m440[0m - Loss: [93m0.000026[0m
INFO -- Epoch: [95m460[0m - Loss: [93m0.002262[0m
INFO -- Epoch: [95m480[0m - Loss: [93m0.000031[0m
INFO -- Epoch: [95m500[0m - Loss: [93m0.000024[0m
INFO -- Epoch: [95m520[0m - Loss: [93m0.000027[0m
INFO -- Epoch: [95m540[0m - Loss: [93m0.000022[0m
INFO -- Epoch: [95m560[0m - Loss: [93m0.000021[0m
INFO -- Epoch: [95m580[0m - Loss: [93m0.000022[0m
INFO -- Epoch: [95m600[0m - Loss: [93m0.001099[0m
INFO -- Epoch: [95m620[0m - Loss: [93m0.000071[0m
INFO -- Epoch: [95m640[0m - Loss: [93m0.000029[0m
INFO -- Epoch: [95m660[0m - Loss: [93m0.000021[0m
INFO -- Epoch: [95m680[0m - Loss: [93m0.000020[0m
INFO -- Epoch: [95m700[0m - Loss: [93m0.000019[0m
INFO -- Epoch: [95m720[0m - Loss: [93m0.000019[0m
INFO -- Epoch: [95m740[0m - Loss: [93m0.000018[0m
INFO -- Epoch: [95m760[0m - Loss: [93m0.000018[0m
INFO -- Epoch: [95m780[0m - Loss: [93m0.002758[0m
INFO -- Epoch: [95m800[0m - Loss: [93m0.000354[0m
INFO -- Epoch: [95m820[0m - Loss: [93m0.000050[0m
INFO -- Epoch: [95m840[0m - Loss: [93m0.000019[0m
INFO -- Epoch: [95m860[0m - Loss: [93m0.000019[0m
INFO -- Epoch: [95m880[0m - Loss: [93m0.000018[0m
INFO -- Epoch: [95m900[0m - Loss: [93m0.000017[0m
INFO -- Epoch: [95m920[0m - Loss: [93m0.000017[0m
INFO -- Epoch: [95m940[0m - Loss: [93m0.000017[0m
INFO -- Epoch: [95m960[0m - Loss: [93m0.000016[0m
INFO -- Epoch: [95m980[0m - Loss: [93m0.000016[0m
INFO -- Epoch: [95m1000[0m - Loss: [93m0.000016[0m
INFO -- Epoch: [95m1020[0m - Loss: [93m0.000015[0m
INFO -- Epoch: [95m1040[0m - Loss: [93m0.000022[0m
INFO -- Epoch: [95m1060[0m - Loss: [93m0.001975[0m
INFO -- Epoch: [95m1080[0m - Loss: [93m0.000064[0m
INFO -- Epoch: [95m1100[0m - Loss: [93m0.000048[0m
INFO -- Epoch: [95m1120[0m - Loss: [93m0.000020[0m
INFO -- Epoch: [95m1140[0m - Loss: [93m0.000017[0m
INFO -- Epoch: [95m1160[0m - Loss: [93m0.000016[0m
INFO -- Epoch: [95m1180[0m - Loss: [93m0.000016[0m
INFO -- Epoch: [95m1200[0m - Loss: [93m0.000016[0m
INFO -- Epoch: [95m1220[0m - Loss: [93m0.000015[0m
INFO -- Epoch: [95m1240[0m - Loss: [93m0.000015[0m
INFO -- Epoch: [95m1260[0m - Loss: [93m0.000015[0m
INFO -- Epoch: [95m1280[0m - Loss: [93m0.000014[0m
INFO -- Epoch: [95m1300[0m - Loss: [93m0.000014[0m
INFO -- Epoch: [95m1320[0m - Loss: [93m0.000014[0m
INFO -- Epoch: [95m1340[0m - Loss: [93m0.000014[0m
INFO -- Epoch: [95m1360[0m - Loss: [93m0.000013[0m
INFO -- Epoch: [95m1380[0m - Loss: [93m0.000013[0m
INFO -- Epoch: [95m1400[0m - Loss: [93m0.000013[0m
INFO -- Epoch: [95m1420[0m - Loss: [93m0.000013[0m
INFO -- Epoch: [95m1440[0m - Loss: [93m0.000012[0m
INFO -- Epoch: [95m1460[0m - Loss: [93m0.000300[0m
INFO -- Epoch: [95m1480[0m - Loss: [93m0.000094[0m
INFO -- Epoch: [95m1500[0m - Loss: [93m0.000043[0m
INFO -- Epoch: [95m1520[0m - Loss: [93m0.000015[0m
INFO -- Epoch: [95m1540[0m - Loss: [93m0.000013[0m
INFO -- Epoch: [95m1560[0m - Loss: [93m0.000012[0m
INFO -- Epoch: [95m1580[0m - Loss: [93m0.000012[0m
INFO -- Epoch: [95m1600[0m - Loss: [93m0.000141[0m
INFO -- Epoch: [95m1620[0m - Loss: [93m0.000216[0m
INFO -- Epoch: [95m1640[0m - Loss: [93m0.000013[0m
INFO -- Epoch: [95m1660[0m - Loss: [93m0.000017[0m
INFO -- Epoch: [95m1680[0m - Loss: [93m0.000012[0m
INFO -- Epoch: [95m1700[0m - Loss: [93m0.000011[0m
INFO -- Epoch: [95m1720[0m - Loss: [93m0.000011[0m
INFO -- Epoch: [95m1740[0m - Loss: [93m0.000011[0m
INFO -- Epoch: [95m1760[0m - Loss: [93m0.000011[0m
INFO -- Epoch: [95m1780[0m - Loss: [93m0.000010[0m
INFO -- Epoch: [95m1800[0m - Loss: [93m0.000010[0m
INFO -- Epoch: [95m1820[0m - Loss: [93m0.000026[0m
INFO -- Epoch: [95m1840[0m - Loss: [93m0.000055[0m
INFO -- Epoch: [95m1860[0m - Loss: [93m0.000108[0m
INFO -- Epoch: [95m1880[0m - Loss: [93m0.000027[0m
INFO -- Epoch: [95m1900[0m - Loss: [93m0.000014[0m
INFO -- Epoch: [95m1920[0m - Loss: [93m0.000011[0m
INFO -- Epoch: [95m1940[0m - Loss: [93m0.000010[0m
INFO -- Epoch: [95m1960[0m - Loss: [93m0.000010[0m
INFO -- Epoch: [95m1980[0m - Loss: [93m0.000010[0m
INFO -- Epoch: [95m2000[0m - Loss: [93m0.000010[0m
INFO -- Epoch: [95m2020[0m - Loss: [93m0.000010[0m
INFO -- Epoch: [95m2040[0m - Loss: [93m0.000009[0m
INFO -- Epoch: [95m2060[0m - Loss: [93m0.000009[0m
INFO -- Epoch: [95m2080[0m - Loss: [93m0.000009[0m
INFO -- Epoch: [95m2100[0m - Loss: [93m0.000011[0m
INFO -- Epoch: [95m2120[0m - Loss: [93m0.000145[0m
INFO -- Epoch: [95m2140[0m - Loss: [93m0.000035[0m
INFO -- Epoch: [95m2160[0m - Loss: [93m0.000014[0m
INFO -- Epoch: [95m2180[0m - Loss: [93m0.000227[0m
INFO -- Epoch: [95m2200[0m - Loss: [93m0.000044[0m
INFO -- Epoch: [95m2220[0m - Loss: [93m0.000037[0m
INFO -- Epoch: [95m2240[0m - Loss: [93m0.000013[0m
INFO -- Epoch: [95m2260[0m - Loss: [93m0.000009[0m
INFO -- Epoch: [95m2280[0m - Loss: [93m0.000008[0m
INFO -- Epoch: [95m2300[0m - Loss: [93m0.000008[0m
INFO -- Epoch: [95m2320[0m - Loss: [93m0.000008[0m
INFO -- Epoch: [95m2340[0m - Loss: [93m0.000008[0m
INFO -- Epoch: [95m2360[0m - Loss: [93m0.000068[0m
INFO -- Epoch: [95m2380[0m - Loss: [93m0.000092[0m
INFO -- Epoch: [95m2400[0m - Loss: [93m0.000062[0m
INFO -- Epoch: [95m2420[0m - Loss: [93m0.000020[0m
INFO -- Epoch: [95m2440[0m - Loss: [93m0.000010[0m
INFO -- Epoch: [95m2460[0m - Loss: [93m0.000008[0m
INFO -- Epoch: [95m2480[0m - Loss: [93m0.000008[0m
INFO -- Epoch: [95m2500[0m - Loss: [93m0.000008[0m
INFO -- Epoch: [95m2520[0m - Loss: [93m0.000008[0m
INFO -- Epoch: [95m2540[0m - Loss: [93m0.000007[0m
INFO -- Epoch: [95m2560[0m - Loss: [93m0.000007[0m
INFO -- Epoch: [95m2580[0m - Loss: [93m0.000007[0m
INFO -- Epoch: [95m2600[0m - Loss: [93m0.000007[0m
INFO -- Epoch: [95m2620[0m - Loss: [93m0.000007[0m
INFO -- Epoch: [95m2640[0m - Loss: [93m0.000052[0m
INFO -- Epoch: [95m2660[0m - Loss: [93m0.001185[0m
INFO -- Epoch: [95m2680[0m - Loss: [93m0.000049[0m
INFO -- Epoch: [95m2700[0m - Loss: [93m0.000012[0m
INFO -- Epoch: [95m2720[0m - Loss: [93m0.000009[0m
INFO -- Epoch: [95m2740[0m - Loss: [93m0.000007[0m
INFO -- Epoch: [95m2760[0m - Loss: [93m0.000007[0m
INFO -- Epoch: [95m2780[0m - Loss: [93m0.000007[0m
INFO -- Epoch: [95m2800[0m - Loss: [93m0.000007[0m
INFO -- Epoch: [95m2820[0m - Loss: [93m0.001221[0m
INFO -- Epoch: [95m2840[0m - Loss: [93m0.000155[0m
INFO -- Epoch: [95m2860[0m - Loss: [93m0.000016[0m
INFO -- Epoch: [95m2880[0m - Loss: [93m0.000007[0m
INFO -- Epoch: [95m2900[0m - Loss: [93m0.000007[0m
INFO -- Epoch: [95m2920[0m - Loss: [93m0.000007[0m
INFO -- Epoch: [95m2940[0m - Loss: [93m0.000006[0m
INFO -- Epoch: [95m2960[0m - Loss: [93m0.000006[0m
INFO -- Epoch: [95m2980[0m - Loss: [93m0.000006[0m
INFO -- Epoch: [95m3000[0m - Loss: [93m0.000006[0m
INFO -- Epoch: [95m3020[0m - Loss: [93m0.000006[0m
INFO -- Epoch: [95m3040[0m - Loss: [93m0.000006[0m
INFO -- Epoch: [95m3060[0m - Loss: [93m0.000006[0m
INFO -- Epoch: [95m3080[0m - Loss: [93m0.003865[0m
INFO -- Epoch: [95m3100[0m - Loss: [93m0.000369[0m
INFO -- Epoch: [95m3120[0m - Loss: [93m0.000032[0m
INFO -- Epoch: [95m3140[0m - Loss: [93m0.000009[0m
INFO -- Epoch: [95m3160[0m - Loss: [93m0.000007[0m
INFO -- Epoch: [95m3180[0m - Loss: [93m0.000007[0m
INFO -- Epoch: [95m3200[0m - Loss: [93m0.000006[0m
INFO -- Epoch: [95m3220[0m - Loss: [93m0.000006[0m
INFO -- Epoch: [95m3240[0m - Loss: [93m0.000006[0m
INFO -- Epoch: [95m3260[0m - Loss: [93m0.000006[0m
INFO -- Epoch: [95m3280[0m - Loss: [93m0.000006[0m
INFO -- Epoch: [95m3300[0m - Loss: [93m0.000006[0m
INFO -- Epoch: [95m3320[0m - Loss: [93m0.000006[0m
INFO -- Epoch: [95m3340[0m - Loss: [93m0.000006[0m
INFO -- Epoch: [95m3360[0m - Loss: [93m0.000005[0m
INFO -- Epoch: [95m3380[0m - Loss: [93m0.000024[0m
INFO -- Epoch: [95m3400[0m - Loss: [93m0.000097[0m
INFO -- Epoch: [95m3420[0m - Loss: [93m0.000005[0m
INFO -- Epoch: [95m3440[0m - Loss: [93m0.000007[0m
INFO -- Epoch: [95m3460[0m - Loss: [93m0.000005[0m
INFO -- Epoch: [95m3480[0m - Loss: [93m0.000005[0m
INFO -- Epoch: [95m3500[0m - Loss: [93m0.001526[0m
INFO -- Epoch: [95m3520[0m - Loss: [93m0.000268[0m
INFO -- Epoch: [95m3540[0m - Loss: [93m0.000038[0m
INFO -- Epoch: [95m3560[0m - Loss: [93m0.000010[0m
INFO -- Epoch: [95m3580[0m - Loss: [93m0.000006[0m
INFO -- Epoch: [95m3600[0m - Loss: [93m0.000005[0m
INFO -- Epoch: [95m3620[0m - Loss: [93m0.000005[0m
INFO -- Epoch: [95m3640[0m - Loss: [93m0.000005[0m
INFO -- Epoch: [95m3660[0m - Loss: [93m0.000005[0m
INFO -- Epoch: [95m3680[0m - Loss: [93m0.000005[0m
INFO -- Epoch: [95m3700[0m - Loss: [93m0.000005[0m
INFO -- Epoch: [95m3720[0m - Loss: [93m0.000005[0m
INFO -- Epoch: [95m3740[0m - Loss: [93m0.000005[0m
INFO -- Epoch: [95m3760[0m - Loss: [93m0.000005[0m
INFO -- Epoch: [95m3780[0m - Loss: [93m0.004218[0m
INFO -- Epoch: [95m3800[0m - Loss: [93m0.000013[0m
INFO -- Epoch: [95m3820[0m - Loss: [93m0.000029[0m
INFO -- Epoch: [95m3840[0m - Loss: [93m0.000011[0m
INFO -- Epoch: [95m3860[0m - Loss: [93m0.000006[0m
INFO -- Epoch: [95m3880[0m - Loss: [93m0.000006[0m
INFO -- Epoch: [95m3900[0m - Loss: [93m0.000005[0m
INFO -- Epoch: [95m3920[0m - Loss: [93m0.000005[0m
INFO -- Epoch: [95m3940[0m - Loss: [93m0.000005[0m
INFO -- Epoch: [95m3960[0m - Loss: [93m0.000005[0m
INFO -- Epoch: [95m3980[0m - Loss: [93m0.000005[0m
INFO -- Epoch: [95m4000[0m - Loss: [93m0.000005[0m
INFO -- Epoch: [95m4020[0m - Loss: [93m0.000005[0m
INFO -- Epoch: [95m4040[0m - Loss: [93m0.000100[0m
INFO -- Epoch: [95m4060[0m - Loss: [93m0.000025[0m
INFO -- Epoch: [95m4080[0m - Loss: [93m0.000006[0m
INFO -- Epoch: [95m4100[0m - Loss: [93m0.000005[0m
INFO -- Epoch: [95m4120[0m - Loss: [93m0.000005[0m
INFO -- Epoch: [95m4140[0m - Loss: [93m0.000004[0m
INFO -- Epoch: [95m4160[0m - Loss: [93m0.000004[0m
INFO -- Epoch: [95m4180[0m - Loss: [93m0.000004[0m
INFO -- Epoch: [95m4200[0m - Loss: [93m0.000004[0m
INFO -- Epoch: [95m4220[0m - Loss: [93m0.000015[0m
INFO -- Epoch: [95m4240[0m - Loss: [93m0.000722[0m
INFO -- Epoch: [95m4260[0m - Loss: [93m0.000024[0m
INFO -- Epoch: [95m4280[0m - Loss: [93m0.000013[0m
INFO -- Epoch: [95m4300[0m - Loss: [93m0.000006[0m
INFO -- Epoch: [95m4320[0m - Loss: [93m0.000005[0m
INFO -- Epoch: [95m4340[0m - Loss: [93m0.000004[0m
INFO -- Epoch: [95m4360[0m - Loss: [93m0.000004[0m
INFO -- Epoch: [95m4380[0m - Loss: [93m0.000004[0m
INFO -- Epoch: [95m4400[0m - Loss: [93m0.000004[0m
INFO -- Epoch: [95m4420[0m - Loss: [93m0.000004[0m
INFO -- Epoch: [95m4440[0m - Loss: [93m0.000004[0m
INFO -- Epoch: [95m4460[0m - Loss: [93m0.000004[0m
INFO -- Epoch: [95m4480[0m - Loss: [93m0.000004[0m
INFO -- Epoch: [95m4500[0m - Loss: [93m0.000005[0m
INFO -- Epoch: [95m4520[0m - Loss: [93m0.000556[0m
INFO -- Epoch: [95m4540[0m - Loss: [93m0.000028[0m
INFO -- Epoch: [95m4560[0m - Loss: [93m0.000016[0m
INFO -- Epoch: [95m4580[0m - Loss: [93m0.000005[0m
INFO -- Epoch: [95m4600[0m - Loss: [93m0.000004[0m
INFO -- Epoch: [95m4620[0m - Loss: [93m0.000004[0m
INFO -- Epoch: [95m4640[0m - Loss: [93m0.000004[0m
INFO -- Epoch: [95m4660[0m - Loss: [93m0.000004[0m
INFO -- Epoch: [95m4680[0m - Loss: [93m0.000004[0m
INFO -- Epoch: [95m4700[0m - Loss: [93m0.000004[0m
INFO -- Epoch: [95m4720[0m - Loss: [93m0.000004[0m
INFO -- Epoch: [95m4740[0m - Loss: [93m0.000003[0m
INFO -- Epoch: [95m4760[0m - Loss: [93m0.000003[0m
INFO -- Epoch: [95m4780[0m - Loss: [93m0.000048[0m
INFO -- Epoch: [95m4800[0m - Loss: [93m0.000532[0m
INFO -- Epoch: [95m4820[0m - Loss: [93m0.000030[0m
INFO -- Epoch: [95m4840[0m - Loss: [93m0.000011[0m
INFO -- Epoch: [95m4860[0m - Loss: [93m0.000005[0m
INFO -- Epoch: [95m4880[0m - Loss: [93m0.000004[0m
INFO -- Epoch: [95m4900[0m - Loss: [93m0.000004[0m
INFO -- Epoch: [95m4920[0m - Loss: [93m0.000004[0m
INFO -- Epoch: [95m4940[0m - Loss: [93m0.000004[0m
INFO -- Epoch: [95m4960[0m - Loss: [93m0.000004[0m
INFO -- Epoch: [95m4980[0m - Loss: [93m0.000003[0m
INFO -- Epoch: [95m5000[0m - Loss: [93m0.000003[0m
INFO -- Epoch: [95m5020[0m - Loss: [93m0.000003[0m
INFO -- Epoch: [95m5040[0m - Loss: [93m0.000003[0m
INFO -- Epoch: [95m5060[0m - Loss: [93m0.000003[0m
INFO -- Epoch: [95m5080[0m - Loss: [93m0.000003[0m
INFO -- Epoch: [95m5100[0m - Loss: [93m0.000008[0m
INFO -- Epoch: [95m5120[0m - Loss: [93m0.000839[0m
INFO -- Epoch: [95m5140[0m - Loss: [93m0.000089[0m
INFO -- Epoch: [95m5160[0m - Loss: [93m0.000008[0m
INFO -- Epoch: [95m5180[0m - Loss: [93m0.000005[0m
INFO -- Epoch: [95m5200[0m - Loss: [93m0.000004[0m
INFO -- Epoch: [95m5220[0m - Loss: [93m0.000004[0m
INFO -- Epoch: [95m5240[0m - Loss: [93m0.000004[0m
INFO -- Epoch: [95m5260[0m - Loss: [93m0.000003[0m
INFO -- Epoch: [95m5280[0m - Loss: [93m0.000003[0m
INFO -- Epoch: [95m5300[0m - Loss: [93m0.000003[0m
INFO -- Epoch: [95m5320[0m - Loss: [93m0.000003[0m
INFO -- Epoch: [95m5340[0m - Loss: [93m0.000003[0m
INFO -- Epoch: [95m5360[0m - Loss: [93m0.000848[0m
INFO -- Epoch: [95m5380[0m - Loss: [93m0.000083[0m
INFO -- Epoch: [95m5400[0m - Loss: [93m0.000014[0m
INFO -- Epoch: [95m5420[0m - Loss: [93m0.000004[0m
INFO -- Epoch: [95m5440[0m - Loss: [93m0.000003[0m
INFO -- Epoch: [95m5460[0m - Loss: [93m0.000003[0m
INFO -- Epoch: [95m5480[0m - Loss: [93m0.000003[0m
INFO -- Epoch: [95m5500[0m - Loss: [93m0.000003[0m
INFO -- Epoch: [95m5520[0m - Loss: [93m0.000004[0m
INFO -- Epoch: [95m5540[0m - Loss: [93m0.000373[0m
INFO -- Epoch: [95m5560[0m - Loss: [93m0.000063[0m
INFO -- Epoch: [95m5580[0m - Loss: [93m0.000007[0m
INFO -- Epoch: [95m5600[0m - Loss: [93m0.000004[0m
INFO -- Epoch: [95m5620[0m - Loss: [93m0.000003[0m
INFO -- Epoch: [95m5640[0m - Loss: [93m0.000003[0m
INFO -- Epoch: [95m5660[0m - Loss: [93m0.000003[0m
INFO -- Epoch: [95m5680[0m - Loss: [93m0.000003[0m
INFO -- Epoch: [95m5700[0m - Loss: [93m0.000003[0m
INFO -- Epoch: [95m5720[0m - Loss: [93m0.000003[0m
INFO -- Epoch: [95m5740[0m - Loss: [93m0.000003[0m
INFO -- Epoch: [95m5760[0m - Loss: [93m0.000003[0m
INFO -- Epoch: [95m5780[0m - Loss: [93m0.000003[0m
INFO -- Epoch: [95m5800[0m - Loss: [93m0.000010[0m
INFO -- Epoch: [95m5820[0m - Loss: [93m0.000607[0m
INFO -- Epoch: [95m5840[0m - Loss: [93m0.000055[0m
INFO -- Epoch: [95m5860[0m - Loss: [93m0.000012[0m
INFO -- Epoch: [95m5880[0m - Loss: [93m0.000004[0m
INFO -- Epoch: [95m5900[0m - Loss: [93m0.000003[0m
INFO -- Epoch: [95m5920[0m - Loss: [93m0.000003[0m
INFO -- Epoch: [95m5940[0m - Loss: [93m0.000003[0m
INFO -- Epoch: [95m5960[0m - Loss: [93m0.000003[0m
INFO -- Epoch: [95m5980[0m - Loss: [93m0.000003[0m
INFO -- Epoch: [95m6000[0m - Loss: [93m0.000003[0m
INFO -- Epoch: [95m6020[0m - Loss: [93m0.000003[0m
INFO -- Epoch: [95m6040[0m - Loss: [93m0.000003[0m
INFO -- Epoch: [95m6060[0m - Loss: [93m0.000799[0m
INFO -- Epoch: [95m6080[0m - Loss: [93m0.000193[0m
INFO -- Epoch: [95m6100[0m - Loss: [93m0.000019[0m
INFO -- Epoch: [95m6120[0m - Loss: [93m0.000007[0m
INFO -- Epoch: [95m6140[0m - Loss: [93m0.000003[0m
INFO -- Epoch: [95m6160[0m - Loss: [93m0.000003[0m
INFO -- Epoch: [95m6180[0m - Loss: [93m0.000003[0m
INFO -- Epoch: [95m6200[0m - Loss: [93m0.000003[0m
INFO -- Epoch: [95m6220[0m - Loss: [93m0.000003[0m
INFO -- Epoch: [95m6240[0m - Loss: [93m0.000003[0m
INFO -- Epoch: [95m6260[0m - Loss: [93m0.000003[0m
INFO -- Epoch: [95m6280[0m - Loss: [93m0.000002[0m
INFO -- Epoch: [95m6300[0m - Loss: [93m0.000002[0m
INFO -- Epoch: [95m6320[0m - Loss: [93m0.000002[0m
INFO -- Epoch: [95m6340[0m - Loss: [93m0.000002[0m
INFO -- Epoch: [95m6360[0m - Loss: [93m0.000002[0m
INFO -- Epoch: [95m6380[0m - Loss: [93m0.001103[0m
INFO -- Epoch: [95m6400[0m - Loss: [93m0.000029[0m
INFO -- Epoch: [95m6420[0m - Loss: [93m0.000005[0m
INFO -- Epoch: [95m6440[0m - Loss: [93m0.000005[0m
INFO -- Epoch: [95m6460[0m - Loss: [93m0.000003[0m
INFO -- Epoch: [95m6480[0m - Loss: [93m0.000003[0m
INFO -- Epoch: [95m6500[0m - Loss: [93m0.000003[0m
INFO -- Epoch: [95m6520[0m - Loss: [93m0.000003[0m
INFO -- Epoch: [95m6540[0m - Loss: [93m0.000002[0m
INFO -- Epoch: [95m6560[0m - Loss: [93m0.000002[0m
INFO -- Epoch: [95m6580[0m - Loss: [93m0.000002[0m
INFO -- Epoch: [95m6600[0m - Loss: [93m0.000002[0m
INFO -- Epoch: [95m6620[0m - Loss: [93m0.000007[0m
INFO -- Epoch: [95m6640[0m - Loss: [93m0.000395[0m
INFO -- Epoch: [95m6660[0m - Loss: [93m0.000015[0m
INFO -- Epoch: [95m6680[0m - Loss: [93m0.000004[0m
INFO -- Epoch: [95m6700[0m - Loss: [93m0.000003[0m
INFO -- Epoch: [95m6720[0m - Loss: [93m0.000002[0m
INFO -- Epoch: [95m6740[0m - Loss: [93m0.000002[0m
INFO -- Epoch: [95m6760[0m - Loss: [93m0.000002[0m
INFO -- Epoch: [95m6780[0m - Loss: [93m0.000002[0m
INFO -- Epoch: [95m6800[0m - Loss: [93m0.000002[0m
INFO -- Epoch: [95m6820[0m - Loss: [93m0.000002[0m
INFO -- Epoch: [95m6840[0m - Loss: [93m0.000002[0m
INFO -- Epoch: [95m6860[0m - Loss: [93m0.000012[0m
INFO -- Epoch: [95m6880[0m - Loss: [93m0.000255[0m
INFO -- Epoch: [95m6900[0m - Loss: [93m0.000047[0m
INFO -- Epoch: [95m6920[0m - Loss: [93m0.000004[0m
INFO -- Epoch: [95m6940[0m - Loss: [93m0.000003[0m
INFO -- Epoch: [95m6960[0m - Loss: [93m0.000002[0m
INFO -- Epoch: [95m6980[0m - Loss: [93m0.000002[0m
INFO -- Epoch: [95m7000[0m - Loss: [93m0.000002[0m
INFO -- Epoch: [95m7020[0m - Loss: [93m0.000002[0m
INFO -- Epoch: [95m7040[0m - Loss: [93m0.000002[0m
INFO -- Epoch: [95m7060[0m - Loss: [93m0.000002[0m
INFO -- Epoch: [95m7080[0m - Loss: [93m0.000002[0m
INFO -- Epoch: [95m7100[0m - Loss: [93m0.000028[0m
INFO -- Epoch: [95m7120[0m - Loss: [93m0.000294[0m
INFO -- Epoch: [95m7140[0m - Loss: [93m0.000044[0m
INFO -- Epoch: [95m7160[0m - Loss: [93m0.000004[0m
INFO -- Epoch: [95m7180[0m - Loss: [93m0.000002[0m
INFO -- Epoch: [95m7200[0m - Loss: [93m0.000002[0m
INFO -- Epoch: [95m7220[0m - Loss: [93m0.000002[0m
INFO -- Epoch: [95m7240[0m - Loss: [93m0.000002[0m
INFO -- Epoch: [95m7260[0m - Loss: [93m0.000002[0m
INFO -- Epoch: [95m7280[0m - Loss: [93m0.000002[0m
INFO -- Epoch: [95m7300[0m - Loss: [93m0.000003[0m
INFO -- Epoch: [95m7320[0m - Loss: [93m0.000116[0m
INFO -- Epoch: [95m7340[0m - Loss: [93m0.000046[0m
INFO -- Epoch: [95m7360[0m - Loss: [93m0.000010[0m
INFO -- Epoch: [95m7380[0m - Loss: [93m0.000003[0m
INFO -- Epoch: [95m7400[0m - Loss: [93m0.000002[0m
INFO -- Epoch: [95m7420[0m - Loss: [93m0.000002[0m
INFO -- Epoch: [95m7440[0m - Loss: [93m0.000002[0m
INFO -- Epoch: [95m7460[0m - Loss: [93m0.000002[0m
INFO -- Epoch: [95m7480[0m - Loss: [93m0.000003[0m
INFO -- Epoch: [95m7500[0m - Loss: [93m0.000566[0m
INFO -- Epoch: [95m7520[0m - Loss: [93m0.000079[0m
INFO -- Epoch: [95m7540[0m - Loss: [93m0.000007[0m
INFO -- Epoch: [95m7560[0m - Loss: [93m0.000003[0m
INFO -- Epoch: [95m7580[0m - Loss: [93m0.000002[0m
INFO -- Epoch: [95m7600[0m - Loss: [93m0.000002[0m
INFO -- Epoch: [95m7620[0m - Loss: [93m0.000002[0m
INFO -- Epoch: [95m7640[0m - Loss: [93m0.000002[0m
INFO -- Epoch: [95m7660[0m - Loss: [93m0.000002[0m
INFO -- Epoch: [95m7680[0m - Loss: [93m0.000030[0m
INFO -- Epoch: [95m7700[0m - Loss: [93m0.000098[0m
INFO -- Epoch: [95m7720[0m - Loss: [93m0.000009[0m
INFO -- Epoch: [95m7740[0m - Loss: [93m0.000005[0m
INFO -- Epoch: [95m7760[0m - Loss: [93m0.000002[0m
INFO -- Epoch: [95m7780[0m - Loss: [93m0.000002[0m
INFO -- Epoch: [95m7800[0m - Loss: [93m0.000163[0m
INFO -- Epoch: [95m7820[0m - Loss: [93m0.000107[0m
INFO -- Epoch: [95m7840[0m - Loss: [93m0.000016[0m
INFO -- Epoch: [95m7860[0m - Loss: [93m0.000003[0m
INFO -- Epoch: [95m7880[0m - Loss: [93m0.000002[0m
INFO -- Epoch: [95m7900[0m - Loss: [93m0.000002[0m
INFO -- Epoch: [95m7920[0m - Loss: [93m0.000002[0m
INFO -- Epoch: [95m7940[0m - Loss: [93m0.000002[0m
INFO -- Epoch: [95m7960[0m - Loss: [93m0.000002[0m
INFO -- Epoch: [95m7980[0m - Loss: [93m0.000553[0m
INFO -- Epoch: [95m8000[0m - Loss: [93m0.000007[0m
INFO -- Epoch: [95m8020[0m - Loss: [93m0.000017[0m
INFO -- Epoch: [95m8040[0m - Loss: [93m0.000003[0m
INFO -- Epoch: [95m8060[0m - Loss: [93m0.000002[0m
INFO -- Epoch: [95m8080[0m - Loss: [93m0.000002[0m
INFO -- Epoch: [95m8100[0m - Loss: [93m0.000002[0m
INFO -- Epoch: [95m8120[0m - Loss: [93m0.000002[0m
INFO -- Epoch: [95m8140[0m - Loss: [93m0.000085[0m
INFO -- Epoch: [95m8160[0m - Loss: [93m0.000068[0m
INFO -- Epoch: [95m8180[0m - Loss: [93m0.000010[0m
INFO -- Epoch: [95m8200[0m - Loss: [93m0.000002[0m
INFO -- Epoch: [95m8220[0m - Loss: [93m0.000002[0m
INFO -- Epoch: [95m8240[0m - Loss: [93m0.000002[0m
INFO -- Epoch: [95m8260[0m - Loss: [93m0.000002[0m
INFO -- Epoch: [95m8280[0m - Loss: [93m0.000002[0m
INFO -- Epoch: [95m8300[0m - Loss: [93m0.001090[0m
INFO -- Epoch: [95m8320[0m - Loss: [93m0.000110[0m
INFO -- Epoch: [95m8340[0m - Loss: [93m0.000006[0m
INFO -- Epoch: [95m8360[0m - Loss: [93m0.000003[0m
INFO -- Epoch: [95m8380[0m - Loss: [93m0.000002[0m
INFO -- Epoch: [95m8400[0m - Loss: [93m0.000002[0m
INFO -- Epoch: [95m8420[0m - Loss: [93m0.000002[0m
INFO -- Epoch: [95m8440[0m - Loss: [93m0.000002[0m
INFO -- Epoch: [95m8460[0m - Loss: [93m0.000002[0m
INFO -- Epoch: [95m8480[0m - Loss: [93m0.000002[0m
INFO -- Epoch: [95m8500[0m - Loss: [93m0.000002[0m
INFO -- Epoch: [95m8520[0m - Loss: [93m0.000636[0m
INFO -- Epoch: [95m8540[0m - Loss: [93m0.000115[0m
INFO -- Epoch: [95m8560[0m - Loss: [93m0.000006[0m
INFO -- Epoch: [95m8580[0m - Loss: [93m0.000002[0m
INFO -- Epoch: [95m8600[0m - Loss: [93m0.000002[0m
INFO -- Epoch: [95m8620[0m - Loss: [93m0.000252[0m
INFO -- Epoch: [95m8640[0m - Loss: [93m0.000068[0m
INFO -- Epoch: [95m8660[0m - Loss: [93m0.000012[0m
INFO -- Epoch: [95m8680[0m - Loss: [93m0.000002[0m
INFO -- Epoch: [95m8700[0m - Loss: [93m0.000002[0m
INFO -- Epoch: [95m8720[0m - Loss: [93m0.000002[0m
INFO -- Epoch: [95m8740[0m - Loss: [93m0.000001[0m
INFO -- Epoch: [95m8760[0m - Loss: [93m0.000001[0m
INFO -- Epoch: [95m8780[0m - Loss: [93m0.000006[0m
INFO -- Epoch: [95m8800[0m - Loss: [93m0.000140[0m
INFO -- Epoch: [95m8820[0m - Loss: [93m0.000043[0m
INFO -- Epoch: [95m8840[0m - Loss: [93m0.000004[0m
INFO -- Epoch: [95m8860[0m - Loss: [93m0.000002[0m
INFO -- Epoch: [95m8880[0m - Loss: [93m0.000002[0m
INFO -- Epoch: [95m8900[0m - Loss: [93m0.000001[0m
INFO -- Epoch: [95m8920[0m - Loss: [93m0.000001[0m
INFO -- Epoch: [95m8940[0m - Loss: [93m0.000002[0m
INFO -- Epoch: [95m8960[0m - Loss: [93m0.000458[0m
INFO -- Epoch: [95m8980[0m - Loss: [93m0.000022[0m
INFO -- Epoch: [95m9000[0m - Loss: [93m0.000003[0m
INFO -- Epoch: [95m9020[0m - Loss: [93m0.000003[0m
INFO -- Epoch: [95m9040[0m - Loss: [93m0.000002[0m
INFO -- Epoch: [95m9060[0m - Loss: [93m0.000001[0m
INFO -- Epoch: [95m9080[0m - Loss: [93m0.000002[0m
INFO -- Epoch: [95m9100[0m - Loss: [93m0.000693[0m
INFO -- Epoch: [95m9120[0m - Loss: [93m0.000054[0m
INFO -- Epoch: [95m9140[0m - Loss: [93m0.000011[0m
INFO -- Epoch: [95m9160[0m - Loss: [93m0.000002[0m
INFO -- Epoch: [95m9180[0m - Loss: [93m0.000001[0m
INFO -- Epoch: [95m9200[0m - Loss: [93m0.000001[0m
INFO -- Epoch: [95m9220[0m - Loss: [93m0.000001[0m
INFO -- Epoch: [95m9240[0m - Loss: [93m0.000001[0m
INFO -- Epoch: [95m9260[0m - Loss: [93m0.000001[0m
INFO -- Epoch: [95m9280[0m - Loss: [93m0.000725[0m
INFO -- Epoch: [95m9300[0m - Loss: [93m0.000021[0m
INFO -- Epoch: [95m9320[0m - Loss: [93m0.000013[0m
INFO -- Epoch: [95m9340[0m - Loss: [93m0.000003[0m
INFO -- Epoch: [95m9360[0m - Loss: [93m0.000002[0m
INFO -- Epoch: [95m9380[0m - Loss: [93m0.000001[0m
INFO -- Epoch: [95m9400[0m - Loss: [93m0.000002[0m
INFO -- Epoch: [95m9420[0m - Loss: [93m0.000427[0m
INFO -- Epoch: [95m9440[0m - Loss: [93m0.000043[0m
INFO -- Epoch: [95m9460[0m - Loss: [93m0.000003[0m
INFO -- Epoch: [95m9480[0m - Loss: [93m0.000001[0m
INFO -- Epoch: [95m9500[0m - Loss: [93m0.000001[0m
INFO -- Epoch: [95m9520[0m - Loss: [93m0.000066[0m
INFO -- Epoch: [95m9540[0m - Loss: [93m0.000065[0m
INFO -- Epoch: [95m9560[0m - Loss: [93m0.000018[0m
INFO -- Epoch: [95m9580[0m - Loss: [93m0.000002[0m
INFO -- Epoch: [95m9600[0m - Loss: [93m0.000001[0m
INFO -- Epoch: [95m9620[0m - Loss: [93m0.000001[0m
INFO -- Epoch: [95m9640[0m - Loss: [93m0.000001[0m
INFO -- Epoch: [95m9660[0m - Loss: [93m0.000001[0m
INFO -- Epoch: [95m9680[0m - Loss: [93m0.000009[0m
INFO -- Epoch: [95m9700[0m - Loss: [93m0.000145[0m
INFO -- Epoch: [95m9720[0m - Loss: [93m0.000013[0m
INFO -- Epoch: [95m9740[0m - Loss: [93m0.000003[0m
INFO -- Epoch: [95m9760[0m - Loss: [93m0.000002[0m
INFO -- Epoch: [95m9780[0m - Loss: [93m0.000008[0m
INFO -- Epoch: [95m9800[0m - Loss: [93m0.000006[0m
INFO -- Epoch: [95m9820[0m - Loss: [93m0.000023[0m
INFO -- Epoch: [95m9840[0m - Loss: [93m0.000003[0m
INFO -- Epoch: [95m9860[0m - Loss: [93m0.000001[0m
INFO -- Epoch: [95m9880[0m - Loss: [93m0.000001[0m
INFO -- Epoch: [95m9900[0m - Loss: [93m0.000001[0m
INFO -- Epoch: [95m9920[0m - Loss: [93m0.000227[0m
INFO -- Epoch: [95m9940[0m - Loss: [93m0.000095[0m
INFO -- Epoch: [95m9960[0m - Loss: [93m0.000012[0m
INFO -- Epoch: [95m9980[0m - Loss: [93m0.000003[0m
INFO -- Epoch: [95m10000[0m - Loss: [93m0.000001[0m
INFO -- Epoch: [95m10020[0m - Loss: [93m0.000002[0m
INFO -- Epoch: [95m10040[0m - Loss: [93m0.000239[0m
INFO -- Epoch: [95m10060[0m - Loss: [93m0.000040[0m
INFO -- Epoch: [95m10080[0m - Loss: [93m0.000007[0m
INFO -- Epoch: [95m10100[0m - Loss: [93m0.000002[0m
INFO -- Epoch: [95m10120[0m - Loss: [93m0.000001[0m
INFO -- Epoch: [95m10140[0m - Loss: [93m0.000001[0m
INFO -- Epoch: [95m10160[0m - Loss: [93m0.000002[0m
INFO -- Epoch: [95m10180[0m - Loss: [93m0.000267[0m
INFO -- Epoch: [95m10200[0m - Loss: [93m0.000040[0m
INFO -- Epoch: [95m10220[0m - Loss: [93m0.000002[0m
INFO -- Epoch: [95m10240[0m - Loss: [93m0.000002[0m
INFO -- Epoch: [95m10260[0m - Loss: [93m0.000001[0m
INFO -- Epoch: [95m10280[0m - Loss: [93m0.000001[0m
INFO -- Epoch: [95m10300[0m - Loss: [93m0.000002[0m
INFO -- Epoch: [95m10320[0m - Loss: [93m0.000507[0m
INFO -- Epoch: [95m10340[0m - Loss: [93m0.000015[0m
INFO -- Epoch: [95m10360[0m - Loss: [93m0.000003[0m
INFO -- Epoch: [95m10380[0m - Loss: [93m0.000002[0m
INFO -- Epoch: [95m10400[0m - Loss: [93m0.000001[0m
INFO -- Epoch: [95m10420[0m - Loss: [93m0.000001[0m
INFO -- Epoch: [95m10440[0m - Loss: [93m0.000001[0m
INFO -- Epoch: [95m10460[0m - Loss: [93m0.000001[0m
INFO -- Epoch: [95m10480[0m - Loss: [93m0.000646[0m
INFO -- Epoch: [95m10500[0m - Loss: [93m0.000042[0m
INFO -- Epoch: [95m10520[0m - Loss: [93m0.000006[0m
INFO -- Epoch: [95m10540[0m - Loss: [93m0.000001[0m
INFO -- Epoch: [95m10560[0m - Loss: [93m0.000001[0m
INFO -- Epoch: [95m10580[0m - Loss: [93m0.000001[0m
INFO -- Epoch: [95m10600[0m - Loss: [93m0.000001[0m
INFO -- Epoch: [95m10620[0m - Loss: [93m0.000619[0m
INFO -- Epoch: [95m10640[0m - Loss: [93m0.000062[0m
INFO -- Epoch: [95m10660[0m - Loss: [93m0.000005[0m
INFO -- Epoch: [95m10680[0m - Loss: [93m0.000001[0m
INFO -- Epoch: [95m10700[0m - Loss: [93m0.000001[0m
INFO -- Epoch: [95m10720[0m - Loss: [93m0.000001[0m
INFO -- Epoch: [95m10740[0m - Loss: [93m0.000001[0m
INFO -- Epoch: [95m10760[0m - Loss: [93m0.000001[0m
INFO -- Epoch: [95m10780[0m - Loss: [93m0.000001[0m
INFO -- Epoch: [95m10800[0m - Loss: [93m0.000095[0m
INFO -- Epoch: [95m10820[0m - Loss: [93m0.000149[0m
INFO -- Epoch: [95m10840[0m - Loss: [93m0.000004[0m
INFO -- Epoch: [95m10860[0m - Loss: [93m0.000003[0m
INFO -- Epoch: [95m10880[0m - Loss: [93m0.000001[0m
INFO -- Epoch: [95m10900[0m - Loss: [93m0.000001[0m
INFO -- Epoch: [95m10920[0m - Loss: [93m0.000001[0m
INFO -- Epoch: [95m10940[0m - Loss: [93m0.000584[0m
INFO -- Epoch: [95m10960[0m - Loss: [93m0.000060[0m
INFO -- Epoch: [95m10980[0m - Loss: [93m0.000005[0m
INFO -- Epoch: [95m11000[0m - Loss: [93m0.000002[0m
INFO -- Epoch: [95m11020[0m - Loss: [93m0.000001[0m
INFO -- Epoch: [95m11040[0m - Loss: [93m0.000001[0m
INFO -- Epoch: [95m11060[0m - Loss: [93m0.000001[0m
INFO -- Epoch: [95m11080[0m - Loss: [93m0.000001[0m
INFO -- Epoch: [95m11100[0m - Loss: [93m0.000298[0m
INFO -- Epoch: [95m11120[0m - Loss: [93m0.000005[0m
INFO -- Epoch: [95m11140[0m - Loss: [93m0.000009[0m
INFO -- Epoch: [95m11160[0m - Loss: [93m0.000002[0m
INFO -- Epoch: [95m11180[0m - Loss: [93m0.000001[0m
INFO -- Epoch: [95m11200[0m - Loss: [93m0.000007[0m
INFO -- Epoch: [95m11220[0m - Loss: [93m0.000002[0m
INFO -- Epoch: [95m11240[0m - Loss: [93m0.000023[0m
INFO -- Epoch: [95m11260[0m - Loss: [93m0.000003[0m
INFO -- Epoch: [95m11280[0m - Loss: [93m0.000001[0m
INFO -- Epoch: [95m11300[0m - Loss: [93m0.000001[0m
INFO -- Epoch: [95m11320[0m - Loss: [93m0.000001[0m
INFO -- Epoch: [95m11340[0m - Loss: [93m0.000015[0m
INFO -- Epoch: [95m11360[0m - Loss: [93m0.000176[0m
INFO -- Epoch: [95m11380[0m - Loss: [93m0.000013[0m
INFO -- Epoch: [95m11400[0m - Loss: [93m0.000001[0m
INFO -- Epoch: [95m11420[0m - Loss: [93m0.000002[0m
INFO -- Epoch: [95m11440[0m - Loss: [93m0.000088[0m
INFO -- Epoch: [95m11460[0m - Loss: [93m0.000038[0m
INFO -- Epoch: [95m11480[0m - Loss: [93m0.000002[0m
INFO -- Epoch: [95m11500[0m - Loss: [93m0.000001[0m
INFO -- Epoch: [95m11520[0m - Loss: [93m0.000001[0m
INFO -- Epoch: [95m11540[0m - Loss: [93m0.000024[0m
INFO -- Epoch: [95m11560[0m - Loss: [93m0.000121[0m
INFO -- Epoch: [95m11580[0m - Loss: [93m0.000020[0m
INFO -- Epoch: [95m11600[0m - Loss: [93m0.000003[0m
INFO -- Epoch: [95m11620[0m - Loss: [93m0.000001[0m
INFO -- Epoch: [95m11640[0m - Loss: [93m0.000001[0m
INFO -- Epoch: [95m11660[0m - Loss: [93m0.000163[0m
INFO -- Epoch: [95m11680[0m - Loss: [93m0.000050[0m
INFO -- Epoch: [95m11700[0m - Loss: [93m0.000005[0m
INFO -- Epoch: [95m11720[0m - Loss: [93m0.000001[0m
INFO -- Epoch: [95m11740[0m - Loss: [93m0.000004[0m
INFO -- Epoch: [95m11760[0m - Loss: [93m0.000110[0m
INFO -- Epoch: [95m11780[0m - Loss: [93m0.000031[0m
INFO -- Epoch: [95m11800[0m - Loss: [93m0.000002[0m
INFO -- Epoch: [95m11820[0m - Loss: [93m0.000002[0m
INFO -- Epoch: [95m11840[0m - Loss: [93m0.000001[0m
INFO -- Epoch: [95m11860[0m - Loss: [93m0.000025[0m
INFO -- Epoch: [95m11880[0m - Loss: [93m0.000048[0m
INFO -- Epoch: [95m11900[0m - Loss: [93m0.000007[0m
INFO -- Epoch: [95m11920[0m - Loss: [93m0.000006[0m
INFO -- Epoch: [95m11940[0m - Loss: [93m0.000235[0m
INFO -- Epoch: [95m11960[0m - Loss: [93m0.000026[0m
INFO -- Epoch: [95m11980[0m - Loss: [93m0.000004[0m
INFO -- Epoch: [95m12000[0m - Loss: [93m0.000002[0m
INFO -- Epoch: [95m12020[0m - Loss: [93m0.000232[0m
INFO -- Epoch: [95m12040[0m - Loss: [93m0.000025[0m
INFO -- Epoch: [95m12060[0m - Loss: [93m0.000004[0m
INFO -- Epoch: [95m12080[0m - Loss: [93m0.000004[0m
INFO -- Epoch: [95m12100[0m - Loss: [93m0.000108[0m
INFO -- Epoch: [95m12120[0m - Loss: [93m0.000039[0m
INFO -- Epoch: [95m12140[0m - Loss: [93m0.000003[0m
INFO -- Epoch: [95m12160[0m - Loss: [93m0.000001[0m
INFO -- Epoch: [95m12180[0m - Loss: [93m0.000001[0m
INFO -- Epoch: [95m12200[0m - Loss: [93m0.000001[0m
INFO -- Training interrupted by user at epoch [91m12201[0m
INFO -- Computing final loss
INFO -- Total loss:                                       [92m0.00000[0m    (2.185E-06)
INFO -- Interior loss:                                    [92m0.00000[0m    (0.000E+00)
INFO -- Initial loss:                                     [92m0.00000[0m    (1.929E-06)
INFO -- Bondary loss:                                     [92m0.00000[0m    (2.565E-07)
INFO -- Training PINN for [93m50000[0m epochs using [93mloss_fn_strong[0m loss function
