INFO -- Device: cpu
INFO -- 
INFO -- ================================================================================
INFO -- Learning parameters
INFO -- Length:                                           [92m1.0[0m
INFO -- Total time:                                       [92m1.0[0m
INFO -- Number of points in x:                            [92m150[0m
INFO -- Number of points in t:                            [92m150[0m
INFO -- Number of points in initial condition:            [92m300[0m
INFO -- Weight for interior loss:                         [92m0.5[0m
INFO -- Weight for initial condition loss:                [92m150.0[0m
INFO -- Weight for boundary loss:                         [92m1.0[0m
INFO -- Layers:                                           [92m2[0m
INFO -- Neurons per layer:                                [92m60[0m
INFO -- Epochs:                                           [92m50000[0m
INFO -- Learning rate:                                    [92m0.0025[0m
INFO -- ================================================================================
INFO -- 
INFO -- Creating PINN with [92m2[0m layers and [92m60[0m neurons per layer
INFO -- Computing initial condition loss
INFO -- Initial condition loss weak:                      [92m0.31947[0m
INFO -- Initial condition loss strong:                    [92m0.31947[0m
INFO -- Initial condition loss weak and strong:           [92m0.31947[0m
INFO -- Initial condition loss colocation:                [92m0.32045[0m
INFO -- Training PINN for [93m50000[0m epochs using [93mloss_fn_weak[0m loss function
INFO -- Epoch: [95m20[0m - Loss: [93m0.191508[0m
INFO -- Training interrupted by user at epoch [91m33[0m
INFO -- Computing final loss
INFO -- Total loss:                                       [92m0.31768[0m    (3.177E-01)
INFO -- Interior loss:                                    [92m0.00000[0m    (0.000E+00)
INFO -- Initial loss:                                     [92m0.27166[0m    (2.717E-01)
INFO -- Bondary loss:                                     [92m0.04601[0m    (4.601E-02)
INFO -- Training PINN for [93m50000[0m epochs using [93mloss_fn_strong[0m loss function
INFO -- Training interrupted by user at epoch [91m14[0m
INFO -- Computing final loss
INFO -- Total loss:                                       [92m0.30938[0m    (3.094E-01)
INFO -- Interior loss:                                    [92m0.00000[0m    (0.000E+00)
INFO -- Initial loss:                                     [92m0.25753[0m    (2.575E-01)
INFO -- Bondary loss:                                     [92m0.05185[0m    (5.185E-02)
INFO -- Training PINN for [93m50000[0m epochs using [93mloss_fn_weak_and_strong[0m loss function
INFO -- Training interrupted by user at epoch [91m11[0m
INFO -- Computing final loss
INFO -- Total loss:                                       [92m0.35230[0m    (3.523E-01)
INFO -- Interior loss:                                    [92m0.00000[0m    (0.000E+00)
INFO -- Initial loss:                                     [92m0.34038[0m    (3.404E-01)
INFO -- Bondary loss:                                     [92m0.01192[0m    (1.192E-02)
INFO -- Training PINN for [93m50000[0m epochs using [93mloss_fn_colocation[0m loss function
INFO -- Training interrupted by user at epoch [91m9[0m
INFO -- Computing final loss
INFO -- Total loss:                                       [92m0.29663[0m    (2.966E-01)
INFO -- Interior loss:                                    [92m0.00000[0m    (0.000E+00)
INFO -- Initial loss:                                     [92m0.23654[0m    (2.365E-01)
INFO -- Bondary loss:                                     [92m0.06008[0m    (6.008E-02)
