INFO -- Device: cpu
INFO -- 
INFO -- ================================================================================
INFO -- Learning parameters
INFO -- Length:                                           [92m1.0[0m
INFO -- Total time:                                       [92m1.0[0m
INFO -- Number of points in x:                            [92m150[0m
INFO -- Number of points in t:                            [92m150[0m
INFO -- Number of points in initial condition:            [92m300[0m
INFO -- Weight for interior loss:                         [92m0.5[0m
INFO -- Weight for initial condition loss:                [92m150.0[0m
INFO -- Weight for boundary loss:                         [92m1.0[0m
INFO -- Layers:                                           [92m2[0m
INFO -- Neurons per layer:                                [92m60[0m
INFO -- Epochs:                                           [92m50000[0m
INFO -- Learning rate:                                    [92m0.0025[0m
INFO -- ================================================================================
INFO -- 
INFO -- Creating PINN with [92m2[0m layers and [92m60[0m neurons per layer
INFO -- Computing initial condition loss
INFO -- Initial condition loss weak:                      [92m0.27876[0m
INFO -- Initial condition loss strong:                    [92m0.27876[0m
INFO -- Initial condition loss weak and strong:           [92m0.27876[0m
INFO -- Initial condition loss colocation:                [92m0.27893[0m
INFO -- Training PINN for [93m50000[0m epochs using [93mloss_fn_weak[0m loss function
INFO -- Training interrupted by user at epoch [91m10[0m
INFO -- Computing final loss
INFO -- Total loss:                                       [92m0.33306[0m    (3.331E-01)
INFO -- Interior loss:                                    [92m0.00000[0m    (0.000E+00)
INFO -- Initial loss:                                     [92m0.29397[0m    (2.940E-01)
INFO -- Bondary loss:                                     [92m0.03909[0m    (3.909E-02)
INFO -- Training PINN for [93m50000[0m epochs using [93mloss_fn_strong[0m loss function
INFO -- Training interrupted by user at epoch [91m7[0m
INFO -- Computing final loss
INFO -- Total loss:                                       [92m0.34248[0m    (3.425E-01)
INFO -- Interior loss:                                    [92m0.00000[0m    (0.000E+00)
INFO -- Initial loss:                                     [92m0.31912[0m    (3.191E-01)
INFO -- Bondary loss:                                     [92m0.02336[0m    (2.336E-02)
INFO -- Training PINN for [93m50000[0m epochs using [93mloss_fn_weak_and_strong[0m loss function
INFO -- Training interrupted by user at epoch [91m6[0m
INFO -- Computing final loss
INFO -- Total loss:                                       [92m0.39012[0m    (3.901E-01)
INFO -- Interior loss:                                    [92m0.00000[0m    (0.000E+00)
INFO -- Initial loss:                                     [92m0.38201[0m    (3.820E-01)
INFO -- Bondary loss:                                     [92m0.00811[0m    (8.109E-03)
INFO -- Training PINN for [93m50000[0m epochs using [93mloss_fn_colocation[0m loss function
INFO -- Training interrupted by user at epoch [91m6[0m
INFO -- Computing final loss
INFO -- Total loss:                                       [92m0.36923[0m    (3.692E-01)
INFO -- Interior loss:                                    [92m0.00000[0m    (0.000E+00)
INFO -- Initial loss:                                     [92m0.35755[0m    (3.575E-01)
INFO -- Bondary loss:                                     [92m0.01168[0m    (1.168E-02)
