INFO -- Device: cuda
INFO -- 
INFO -- ================================================================================
INFO -- Learning parameters
INFO -- Length:                                           [92m1.0[0m
INFO -- Total time:                                       [92m1.0[0m
INFO -- Number of points in x:                            [92m50[0m
INFO -- Number of points in initial condition:            [92m150[0m
INFO -- Weight for interior loss:                         [92m0.5[0m
INFO -- Weight for initial condition loss:                [92m150.0[0m
INFO -- Weight for boundary loss:                         [92m1.0[0m
INFO -- Layers:                                           [92m2[0m
INFO -- Neurons per layer:                                [92m60[0m
INFO -- Epochs:                                           [92m50000[0m
INFO -- Learning rate:                                    [92m0.0025[0m
INFO -- ================================================================================
INFO -- 
INFO -- Creating PINN with [92m2[0m layers and [92m60[0m neurons per layer
INFO -- Computing initial condition loss
INFO -- Training PINN for [93m50000[0m epochs using [93mloss_fn_colocation[0m loss function
INFO -- Epoch: [95m20[0m - Loss: [93m    0.186329[0m
INFO -- Epoch: [95m40[0m - Loss: [93m    0.180168[0m
INFO -- Epoch: [95m60[0m - Loss: [93m    0.179851[0m
INFO -- Epoch: [95m80[0m - Loss: [93m    0.180032[0m
INFO -- Epoch: [95m100[0m - Loss: [93m    0.179790[0m
INFO -- Epoch: [95m120[0m - Loss: [93m    0.179718[0m
INFO -- Epoch: [95m140[0m - Loss: [93m    0.179714[0m
INFO -- Epoch: [95m160[0m - Loss: [93m    0.180129[0m
INFO -- Epoch: [95m180[0m - Loss: [93m    0.179849[0m
INFO -- Epoch: [95m200[0m - Loss: [93m    0.179882[0m
INFO -- Epoch: [95m220[0m - Loss: [93m    0.179873[0m
INFO -- Epoch: [95m240[0m - Loss: [93m    0.180317[0m
INFO -- Epoch: [95m260[0m - Loss: [93m    0.179945[0m
INFO -- Training interrupted by user at epoch [91m273[0m
