INFO -- Device: cuda
INFO -- 
INFO -- ================================================================================
INFO -- Learning parameters
INFO -- Length:                                           [92m1.0[0m
INFO -- Total time:                                       [92m1.0[0m
INFO -- Number of points in x:                            [92m50[0m
INFO -- Number of points in t:                            [92m50[0m
INFO -- Number of points in initial condition:            [92m150[0m
INFO -- Weight for interior loss:                         [92m0.5[0m
INFO -- Weight for initial condition loss:                [92m150.0[0m
INFO -- Weight for boundary loss:                         [92m1.0[0m
INFO -- Layers:                                           [92m2[0m
INFO -- Neurons per layer:                                [92m60[0m
INFO -- Epochs:                                           [92m50000[0m
INFO -- Learning rate:                                    [92m0.0025[0m
INFO -- ================================================================================
INFO -- 
INFO -- Creating PINN with [92m2[0m layers and [92m60[0m neurons per layer
INFO -- Computing initial condition loss
INFO -- Initial condition loss weak:                      [92m0.256444871426[0m
