INFO -- Device: cpu
INFO -- 
INFO -- ================================================================================
INFO -- Learning parameters
INFO -- Length:                                           [92m1.0[0m
INFO -- Total time:                                       [92m1.0[0m
INFO -- Number of points in x:                            [92m150[0m
INFO -- Number of points in t:                            [92m150[0m
INFO -- Number of points in initial condition:            [92m300[0m
INFO -- Weight for interior loss:                         [92m0.5[0m
INFO -- Weight for initial condition loss:                [92m150.0[0m
INFO -- Weight for boundary loss:                         [92m1.0[0m
INFO -- Layers:                                           [92m2[0m
INFO -- Neurons per layer:                                [92m60[0m
INFO -- Epochs:                                           [92m50000[0m
INFO -- Learning rate:                                    [92m0.0025[0m
INFO -- ================================================================================
INFO -- 
INFO -- Creating PINN with [92m2[0m layers and [92m60[0m neurons per layer
INFO -- Computing initial condition loss
INFO -- Initial condition loss weak:                      [92m0.25607[0m
INFO -- Initial condition loss strong:                    [92m0.25607[0m
INFO -- Initial condition loss weak and strong:           [92m0.25607[0m
INFO -- Initial condition loss colocation:                [92m0.25953[0m
INFO -- Training PINN for [93m50000[0m epochs
INFO -- Epoch: 100 - Loss: 0.041939
INFO -- Epoch: 200 - Loss: 0.000497
INFO -- Epoch: 300 - Loss: 0.000363
INFO -- Epoch: 400 - Loss: 0.000039
INFO -- Epoch: 500 - Loss: 0.000029
INFO -- Epoch: 600 - Loss: 0.000031
INFO -- Epoch: 700 - Loss: 0.000020
INFO -- Epoch: 800 - Loss: 0.000018
INFO -- Epoch: 900 - Loss: 0.000018
INFO -- Epoch: 1000 - Loss: 0.000016
INFO -- Epoch: 1100 - Loss: 0.000014
INFO -- Training interrupted by user at epoch 1136
INFO -- Computing final loss
INFO -- Total loss:                                       [92m0.00003[0m    (2.578E-05)
INFO -- Interior loss:                                    [92m0.00000[0m    (0.000E+00)
INFO -- Initial loss:                                     [92m0.00002[0m    (2.419E-05)
INFO -- Bondary loss:                                     [92m0.00000[0m    (1.591E-06)
