INFO -- Device: cuda
INFO -- 
INFO -- ================================================================================
INFO -- Learning parameters
INFO -- Length:                                           [92m1.0[0m
INFO -- Total time:                                       [92m1.0[0m
INFO -- Number of points in x:                            [92m50[0m
INFO -- Number of points in t:                            [92m50[0m
INFO -- Number of points in initial condition:            [92m150[0m
INFO -- Weight for interior loss:                         [92m0.5[0m
INFO -- Weight for initial condition loss:                [92m150.0[0m
INFO -- Weight for boundary loss:                         [92m1.0[0m
INFO -- Layers:                                           [92m50[0m
INFO -- Neurons per layer:                                [92m40[0m
INFO -- Epochs:                                           [92m50000[0m
INFO -- Learning rate:                                    [92m0.0025[0m
INFO -- ================================================================================
INFO -- 
INFO -- Creating PINN with [92m50[0m layers and [92m40[0m neurons per layer
INFO -- Computing initial condition loss
INFO -- Initial condition loss weak:                      [92m0.444634050131[0m
INFO -- Initial condition loss strong:                    [92m0.444634050131[0m
INFO -- Initial condition loss weak and strong:           [92m0.444634050131[0m
INFO -- Initial condition loss colocation:                [92m0.444634050131[0m
INFO -- Training PINN for [93m50000[0m epochs using [93mloss_fn_weak_and_strong[0m loss function
INFO -- Epoch: [95m20[0m - Loss: [93m    0.220401[0m
INFO -- Epoch: [95m40[0m - Loss: [93m    0.217735[0m
INFO -- Epoch: [95m60[0m - Loss: [93m    0.217252[0m
INFO -- Epoch: [95m80[0m - Loss: [93m    0.217219[0m
INFO -- Epoch: [95m100[0m - Loss: [93m    0.217217[0m
INFO -- Epoch: [95m120[0m - Loss: [93m    0.217217[0m
INFO -- Epoch: [95m140[0m - Loss: [93m    0.217216[0m
INFO -- Epoch: [95m160[0m - Loss: [93m    0.217217[0m
INFO -- Training interrupted by user at epoch [91m163[0m
INFO -- Computing final loss
INFO -- Total loss:                                       [92m0.41061[0m    (4.106E-01)
INFO -- Interior loss:                                    [92m0.00000[0m    (0.000E+00)
INFO -- Initial loss:                                     [92m0.38679[0m    (3.868E-01)
INFO -- Bondary loss:                                     [92m0.02382[0m    (2.382E-02)
