INFO -- Device: cuda
INFO -- 
INFO -- ================================================================================
INFO -- Learning parameters
INFO -- Length:                                           [92m1.0[0m
INFO -- Total time:                                       [92m1.0[0m
INFO -- Number of points in x:                            [92m150[0m
INFO -- Number of points in initial condition:            [92m300[0m
INFO -- Weight for interior loss:                         [92m0.5[0m
INFO -- Weight for initial condition loss:                [92m150.0[0m
INFO -- Weight for boundary loss:                         [92m1.0[0m
INFO -- Layers:                                           [92m2[0m
INFO -- Neurons per layer:                                [92m60[0m
INFO -- Epochs:                                           [92m2000[0m
INFO -- Learning rate:                                    [92m0.0025[0m
INFO -- ================================================================================
INFO -- 
INFO -- Creating PINN with [92m2[0m layers and [92m60[0m neurons per layer
INFO -- Computing initial condition loss
INFO -- Training PINN for [93m2000[0m epochs using [93mloss_fn_weak[0m loss function
INFO -- Epoch: [95m20[0m - Loss: [93m    0.564616[0m
INFO -- Epoch: [95m40[0m - Loss: [93m    0.489192[0m
INFO -- Epoch: [95m60[0m - Loss: [93m    0.485554[0m
INFO -- Epoch: [95m80[0m - Loss: [93m    0.484234[0m
INFO -- Epoch: [95m100[0m - Loss: [93m    0.482743[0m
INFO -- Epoch: [95m120[0m - Loss: [93m    0.480966[0m
INFO -- Epoch: [95m140[0m - Loss: [93m    0.478584[0m
INFO -- Epoch: [95m160[0m - Loss: [93m    0.474674[0m
INFO -- Epoch: [95m180[0m - Loss: [93m    0.469771[0m
INFO -- Epoch: [95m200[0m - Loss: [93m    0.468605[0m
INFO -- Epoch: [95m220[0m - Loss: [93m    0.468483[0m
INFO -- Epoch: [95m240[0m - Loss: [93m    0.468461[0m
INFO -- Epoch: [95m260[0m - Loss: [93m    0.468448[0m
INFO -- Epoch: [95m280[0m - Loss: [93m    0.468436[0m
INFO -- Epoch: [95m300[0m - Loss: [93m    0.468425[0m
INFO -- Epoch: [95m320[0m - Loss: [93m    0.468414[0m
INFO -- Epoch: [95m340[0m - Loss: [93m    0.468404[0m
INFO -- Epoch: [95m360[0m - Loss: [93m    0.468395[0m
INFO -- Epoch: [95m380[0m - Loss: [93m    0.468386[0m
INFO -- Epoch: [95m400[0m - Loss: [93m    0.468378[0m
INFO -- Epoch: [95m420[0m - Loss: [93m    0.468370[0m
INFO -- Epoch: [95m440[0m - Loss: [93m    0.468363[0m
INFO -- Epoch: [95m460[0m - Loss: [93m    0.468356[0m
INFO -- Epoch: [95m480[0m - Loss: [93m    0.468350[0m
INFO -- Epoch: [95m500[0m - Loss: [93m    0.468344[0m
INFO -- Epoch: [95m520[0m - Loss: [93m    0.468339[0m
INFO -- Epoch: [95m540[0m - Loss: [93m    0.468334[0m
INFO -- Epoch: [95m560[0m - Loss: [93m    0.468330[0m
INFO -- Epoch: [95m580[0m - Loss: [93m    0.468325[0m
INFO -- Epoch: [95m600[0m - Loss: [93m    0.468321[0m
INFO -- Epoch: [95m620[0m - Loss: [93m    0.468317[0m
INFO -- Epoch: [95m640[0m - Loss: [93m    0.468314[0m
INFO -- Epoch: [95m660[0m - Loss: [93m    0.468310[0m
INFO -- Epoch: [95m680[0m - Loss: [93m    0.468306[0m
INFO -- Epoch: [95m700[0m - Loss: [93m    0.468303[0m
INFO -- Epoch: [95m720[0m - Loss: [93m    0.468300[0m
INFO -- Epoch: [95m740[0m - Loss: [93m    0.468296[0m
INFO -- Epoch: [95m760[0m - Loss: [93m    0.468293[0m
INFO -- Epoch: [95m780[0m - Loss: [93m    0.468289[0m
INFO -- Epoch: [95m800[0m - Loss: [93m    0.468286[0m
INFO -- Epoch: [95m820[0m - Loss: [93m    0.468282[0m
INFO -- Epoch: [95m840[0m - Loss: [93m    0.468279[0m
INFO -- Epoch: [95m860[0m - Loss: [93m    0.468275[0m
INFO -- Epoch: [95m880[0m - Loss: [93m    0.468272[0m
INFO -- Epoch: [95m900[0m - Loss: [93m    0.468268[0m
INFO -- Epoch: [95m920[0m - Loss: [93m    0.468264[0m
INFO -- Epoch: [95m940[0m - Loss: [93m    0.468260[0m
INFO -- Epoch: [95m960[0m - Loss: [93m    0.468256[0m
INFO -- Epoch: [95m980[0m - Loss: [93m    0.468252[0m
INFO -- Epoch: [95m1000[0m - Loss: [93m    0.468248[0m
INFO -- Epoch: [95m1020[0m - Loss: [93m    0.468244[0m
INFO -- Epoch: [95m1040[0m - Loss: [93m    0.468239[0m
INFO -- Epoch: [95m1060[0m - Loss: [93m    0.468235[0m
INFO -- Epoch: [95m1080[0m - Loss: [93m    0.468230[0m
INFO -- Epoch: [95m1100[0m - Loss: [93m    0.468226[0m
INFO -- Epoch: [95m1120[0m - Loss: [93m    0.468221[0m
INFO -- Epoch: [95m1140[0m - Loss: [93m    0.468216[0m
INFO -- Epoch: [95m1160[0m - Loss: [93m    0.468211[0m
INFO -- Epoch: [95m1180[0m - Loss: [93m    0.468206[0m
INFO -- Epoch: [95m1200[0m - Loss: [93m    0.468202[0m
INFO -- Epoch: [95m1220[0m - Loss: [93m    0.468197[0m
INFO -- Epoch: [95m1240[0m - Loss: [93m    0.468192[0m
INFO -- Epoch: [95m1260[0m - Loss: [93m    0.468187[0m
INFO -- Epoch: [95m1280[0m - Loss: [93m    0.468182[0m
INFO -- Epoch: [95m1300[0m - Loss: [93m    0.468178[0m
INFO -- Epoch: [95m1320[0m - Loss: [93m    0.468173[0m
INFO -- Epoch: [95m1340[0m - Loss: [93m    0.468169[0m
INFO -- Epoch: [95m1360[0m - Loss: [93m    0.468165[0m
INFO -- Epoch: [95m1380[0m - Loss: [93m    0.468161[0m
INFO -- Epoch: [95m1400[0m - Loss: [93m    0.468158[0m
INFO -- Epoch: [95m1420[0m - Loss: [93m    0.468154[0m
INFO -- Epoch: [95m1440[0m - Loss: [93m    0.468151[0m
INFO -- Epoch: [95m1460[0m - Loss: [93m    0.468148[0m
INFO -- Epoch: [95m1480[0m - Loss: [93m    0.468145[0m
INFO -- Epoch: [95m1500[0m - Loss: [93m    0.468143[0m
INFO -- Epoch: [95m1520[0m - Loss: [93m    0.468141[0m
INFO -- Epoch: [95m1540[0m - Loss: [93m    0.468139[0m
INFO -- Epoch: [95m1560[0m - Loss: [93m    0.468137[0m
INFO -- Epoch: [95m1580[0m - Loss: [93m    0.468136[0m
INFO -- Epoch: [95m1600[0m - Loss: [93m    0.468134[0m
INFO -- Epoch: [95m1620[0m - Loss: [93m    0.468133[0m
INFO -- Epoch: [95m1640[0m - Loss: [93m    0.468132[0m
INFO -- Epoch: [95m1660[0m - Loss: [93m    0.468131[0m
INFO -- Epoch: [95m1680[0m - Loss: [93m    0.468130[0m
INFO -- Epoch: [95m1700[0m - Loss: [93m    0.468129[0m
INFO -- Epoch: [95m1720[0m - Loss: [93m    0.468128[0m
INFO -- Epoch: [95m1740[0m - Loss: [93m    0.468128[0m
INFO -- Epoch: [95m1760[0m - Loss: [93m    0.468127[0m
INFO -- Epoch: [95m1780[0m - Loss: [93m    0.468126[0m
INFO -- Epoch: [95m1800[0m - Loss: [93m    0.468125[0m
INFO -- Epoch: [95m1820[0m - Loss: [93m    0.468125[0m
INFO -- Epoch: [95m1840[0m - Loss: [93m    0.468124[0m
INFO -- Epoch: [95m1860[0m - Loss: [93m    0.468123[0m
INFO -- Epoch: [95m1880[0m - Loss: [93m    0.468123[0m
INFO -- Epoch: [95m1900[0m - Loss: [93m    0.468122[0m
INFO -- Epoch: [95m1920[0m - Loss: [93m    0.468121[0m
INFO -- Epoch: [95m1940[0m - Loss: [93m    0.468121[0m
INFO -- Epoch: [95m1960[0m - Loss: [93m    0.468120[0m
INFO -- Epoch: [95m1980[0m - Loss: [93m    0.468120[0m
INFO -- Epoch: [95m2000[0m - Loss: [93m    0.468119[0m
INFO -- Creating plots and saving to files. Dimensions: 1
INFO -- Training PINN for [93m2000[0m epochs using [93mloss_fn_strong[0m loss function
INFO -- Epoch: [95m20[0m - Loss: [93m    0.468926[0m
INFO -- Epoch: [95m40[0m - Loss: [93m    0.468253[0m
INFO -- Epoch: [95m60[0m - Loss: [93m    0.468114[0m
INFO -- Epoch: [95m80[0m - Loss: [93m    0.468114[0m
INFO -- Epoch: [95m100[0m - Loss: [93m    0.468113[0m
INFO -- Epoch: [95m120[0m - Loss: [93m    0.468112[0m
INFO -- Epoch: [95m140[0m - Loss: [93m    0.468112[0m
INFO -- Epoch: [95m160[0m - Loss: [93m    0.468112[0m
INFO -- Epoch: [95m180[0m - Loss: [93m    0.468111[0m
INFO -- Epoch: [95m200[0m - Loss: [93m    0.468111[0m
INFO -- Epoch: [95m220[0m - Loss: [93m    0.468111[0m
INFO -- Epoch: [95m240[0m - Loss: [93m    0.468110[0m
INFO -- Epoch: [95m260[0m - Loss: [93m    0.468110[0m
INFO -- Epoch: [95m280[0m - Loss: [93m    0.468110[0m
INFO -- Epoch: [95m300[0m - Loss: [93m    0.468109[0m
INFO -- Epoch: [95m320[0m - Loss: [93m    0.468109[0m
INFO -- Epoch: [95m340[0m - Loss: [93m    0.468108[0m
INFO -- Epoch: [95m360[0m - Loss: [93m    0.468108[0m
INFO -- Epoch: [95m380[0m - Loss: [93m    0.468107[0m
INFO -- Epoch: [95m400[0m - Loss: [93m    0.468107[0m
INFO -- Epoch: [95m420[0m - Loss: [93m    0.468107[0m
INFO -- Epoch: [95m440[0m - Loss: [93m    0.468106[0m
INFO -- Epoch: [95m460[0m - Loss: [93m    0.468106[0m
INFO -- Epoch: [95m480[0m - Loss: [93m    0.468105[0m
INFO -- Epoch: [95m500[0m - Loss: [93m    0.468105[0m
INFO -- Epoch: [95m520[0m - Loss: [93m    0.468104[0m
INFO -- Epoch: [95m540[0m - Loss: [93m    0.468104[0m
INFO -- Epoch: [95m560[0m - Loss: [93m    0.468103[0m
INFO -- Epoch: [95m580[0m - Loss: [93m    0.468103[0m
INFO -- Epoch: [95m600[0m - Loss: [93m    0.468102[0m
INFO -- Epoch: [95m620[0m - Loss: [93m    0.468102[0m
INFO -- Epoch: [95m640[0m - Loss: [93m    0.468101[0m
INFO -- Epoch: [95m660[0m - Loss: [93m    0.468101[0m
INFO -- Epoch: [95m680[0m - Loss: [93m    0.468100[0m
INFO -- Epoch: [95m700[0m - Loss: [93m    0.468100[0m
INFO -- Epoch: [95m720[0m - Loss: [93m    0.468099[0m
INFO -- Epoch: [95m740[0m - Loss: [93m    0.468099[0m
INFO -- Epoch: [95m760[0m - Loss: [93m    0.468098[0m
INFO -- Epoch: [95m780[0m - Loss: [93m    0.468097[0m
INFO -- Epoch: [95m800[0m - Loss: [93m    0.468097[0m
INFO -- Epoch: [95m820[0m - Loss: [93m    0.468096[0m
INFO -- Epoch: [95m840[0m - Loss: [93m    0.468096[0m
INFO -- Epoch: [95m860[0m - Loss: [93m    0.468095[0m
INFO -- Epoch: [95m880[0m - Loss: [93m    0.468096[0m
INFO -- Epoch: [95m900[0m - Loss: [93m    0.468136[0m
INFO -- Epoch: [95m920[0m - Loss: [93m    0.468111[0m
INFO -- Epoch: [95m940[0m - Loss: [93m    0.468096[0m
INFO -- Epoch: [95m960[0m - Loss: [93m    0.468095[0m
INFO -- Epoch: [95m980[0m - Loss: [93m    0.468094[0m
INFO -- Epoch: [95m1000[0m - Loss: [93m    0.468094[0m
INFO -- Epoch: [95m1020[0m - Loss: [93m    0.468093[0m
INFO -- Epoch: [95m1040[0m - Loss: [93m    0.468093[0m
INFO -- Epoch: [95m1060[0m - Loss: [93m    0.468092[0m
INFO -- Epoch: [95m1080[0m - Loss: [93m    0.468092[0m
INFO -- Epoch: [95m1100[0m - Loss: [93m    0.468091[0m
INFO -- Epoch: [95m1120[0m - Loss: [93m    0.468090[0m
INFO -- Epoch: [95m1140[0m - Loss: [93m    0.468090[0m
INFO -- Epoch: [95m1160[0m - Loss: [93m    0.468089[0m
INFO -- Epoch: [95m1180[0m - Loss: [93m    0.468089[0m
INFO -- Epoch: [95m1200[0m - Loss: [93m    0.468088[0m
INFO -- Epoch: [95m1220[0m - Loss: [93m    0.468088[0m
INFO -- Epoch: [95m1240[0m - Loss: [93m    0.468087[0m
INFO -- Epoch: [95m1260[0m - Loss: [93m    0.468087[0m
INFO -- Epoch: [95m1280[0m - Loss: [93m    0.468087[0m
INFO -- Epoch: [95m1300[0m - Loss: [93m    0.468141[0m
INFO -- Epoch: [95m1320[0m - Loss: [93m    0.468151[0m
INFO -- Epoch: [95m1340[0m - Loss: [93m    0.468089[0m
INFO -- Epoch: [95m1360[0m - Loss: [93m    0.468086[0m
INFO -- Epoch: [95m1380[0m - Loss: [93m    0.468085[0m
INFO -- Epoch: [95m1400[0m - Loss: [93m    0.468085[0m
INFO -- Epoch: [95m1420[0m - Loss: [93m    0.468084[0m
INFO -- Epoch: [95m1440[0m - Loss: [93m    0.468083[0m
INFO -- Epoch: [95m1460[0m - Loss: [93m    0.468083[0m
INFO -- Epoch: [95m1480[0m - Loss: [93m    0.468082[0m
INFO -- Epoch: [95m1500[0m - Loss: [93m    0.468082[0m
INFO -- Epoch: [95m1520[0m - Loss: [93m    0.468081[0m
INFO -- Epoch: [95m1540[0m - Loss: [93m    0.468081[0m
INFO -- Epoch: [95m1560[0m - Loss: [93m    0.468080[0m
INFO -- Epoch: [95m1580[0m - Loss: [93m    0.468080[0m
INFO -- Epoch: [95m1600[0m - Loss: [93m    0.468079[0m
INFO -- Epoch: [95m1620[0m - Loss: [93m    0.468079[0m
INFO -- Epoch: [95m1640[0m - Loss: [93m    0.468078[0m
INFO -- Epoch: [95m1660[0m - Loss: [93m    0.468078[0m
INFO -- Epoch: [95m1680[0m - Loss: [93m    0.468077[0m
INFO -- Epoch: [95m1700[0m - Loss: [93m    0.468077[0m
INFO -- Epoch: [95m1720[0m - Loss: [93m    0.468076[0m
INFO -- Epoch: [95m1740[0m - Loss: [93m    0.468785[0m
INFO -- Epoch: [95m1760[0m - Loss: [93m    0.468183[0m
INFO -- Epoch: [95m1780[0m - Loss: [93m    0.468076[0m
INFO -- Epoch: [95m1800[0m - Loss: [93m    0.468076[0m
INFO -- Epoch: [95m1820[0m - Loss: [93m    0.468074[0m
INFO -- Epoch: [95m1840[0m - Loss: [93m    0.468074[0m
INFO -- Epoch: [95m1860[0m - Loss: [93m    0.468073[0m
INFO -- Epoch: [95m1880[0m - Loss: [93m    0.468072[0m
INFO -- Epoch: [95m1900[0m - Loss: [93m    0.468072[0m
INFO -- Epoch: [95m1920[0m - Loss: [93m    0.468072[0m
INFO -- Epoch: [95m1940[0m - Loss: [93m    0.468071[0m
INFO -- Epoch: [95m1960[0m - Loss: [93m    0.468071[0m
INFO -- Epoch: [95m1980[0m - Loss: [93m    0.468070[0m
INFO -- Epoch: [95m2000[0m - Loss: [93m    0.468070[0m
INFO -- Creating plots and saving to files. Dimensions: 1
