INFO -- Device: cuda
INFO -- [92mOne dimentional problem[0m
INFO -- 
INFO -- ================================================================================
INFO -- Learning parameters
INFO -- Length:                                           [92m1.0[0m
INFO -- Total time:                                       [92m1.0[0m
INFO -- Number of points in x:                            [92m150[0m
INFO -- Number of points in t:                            [92m150[0m
INFO -- Number of points in initial condition:            [92m300[0m
INFO -- Weight for interior loss:                         [92m0.5[0m
INFO -- Weight for initial condition loss:                [92m150.0[0m
INFO -- Weight for boundary loss:                         [92m1.0[0m
INFO -- Layers:                                           [92m4[0m
INFO -- Neurons per layer:                                [92m20[0m
INFO -- Epochs:                                           [92m50000[0m
INFO -- Learning rate:                                    [92m0.0025[0m
INFO -- ================================================================================
INFO -- 
INFO -- Creating PINN with [92m4[0m layers and [92m20[0m neurons per layer
INFO -- Computing initial condition loss
INFO -- Training PINN for [93m50000[0m epochs using [93mloss_fn_weak[0m loss function
INFO -- Epoch: [95m1[0m - Loss: [93m    0.996401[0m
INFO -- Epoch: [95m2[0m - Loss: [93m    0.874305[0m
INFO -- Epoch: [95m3[0m - Loss: [93m    0.773555[0m
INFO -- Epoch: [95m4[0m - Loss: [93m    0.692682[0m
INFO -- Epoch: [95m5[0m - Loss: [93m    0.631014[0m
INFO -- Epoch: [95m6[0m - Loss: [93m    0.588439[0m
INFO -- Epoch: [95m7[0m - Loss: [93m    0.564758[0m
INFO -- Epoch: [95m8[0m - Loss: [93m    0.558144[0m
INFO -- Epoch: [95m9[0m - Loss: [93m    0.563259[0m
INFO -- Epoch: [95m10[0m - Loss: [93m    0.571849[0m
INFO -- Epoch: [95m11[0m - Loss: [93m    0.576482[0m
INFO -- Epoch: [95m12[0m - Loss: [93m    0.573686[0m
INFO -- Epoch: [95m13[0m - Loss: [93m    0.564018[0m
INFO -- Epoch: [95m14[0m - Loss: [93m    0.550349[0m
INFO -- Epoch: [95m15[0m - Loss: [93m    0.536141[0m
INFO -- Epoch: [95m16[0m - Loss: [93m    0.524310[0m
INFO -- Epoch: [95m17[0m - Loss: [93m    0.516663[0m
INFO -- Epoch: [95m18[0m - Loss: [93m    0.513722[0m
INFO -- Epoch: [95m19[0m - Loss: [93m    0.514805[0m
INFO -- Epoch: [95m20[0m - Loss: [93m    0.518314[0m
INFO -- Epoch: [95m21[0m - Loss: [93m    0.522259[0m
INFO -- Epoch: [95m22[0m - Loss: [93m    0.524933[0m
INFO -- Epoch: [95m23[0m - Loss: [93m    0.525441[0m
INFO -- Epoch: [95m24[0m - Loss: [93m    0.523821[0m
INFO -- Epoch: [95m25[0m - Loss: [93m    0.520820[0m
INFO -- Epoch: [95m26[0m - Loss: [93m    0.517496[0m
INFO -- Epoch: [95m27[0m - Loss: [93m    0.514825[0m
INFO -- Epoch: [95m28[0m - Loss: [93m    0.513412[0m
INFO -- Epoch: [95m29[0m - Loss: [93m    0.513343[0m
INFO -- Epoch: [95m30[0m - Loss: [93m    0.514232[0m
INFO -- Epoch: [95m31[0m - Loss: [93m    0.515422[0m
INFO -- Epoch: [95m32[0m - Loss: [93m    0.516272[0m
INFO -- Epoch: [95m33[0m - Loss: [93m    0.516392[0m
INFO -- Epoch: [95m34[0m - Loss: [93m    0.515735[0m
INFO -- Epoch: [95m35[0m - Loss: [93m    0.514546[0m
INFO -- Epoch: [95m36[0m - Loss: [93m    0.513210[0m
INFO -- Epoch: [95m37[0m - Loss: [93m    0.512095[0m
INFO -- Epoch: [95m38[0m - Loss: [93m    0.511439[0m
INFO -- Epoch: [95m39[0m - Loss: [93m    0.511298[0m
INFO -- Epoch: [95m40[0m - Loss: [93m    0.511570[0m
INFO -- Epoch: [95m41[0m - Loss: [93m    0.512056[0m
INFO -- Epoch: [95m42[0m - Loss: [93m    0.512531[0m
INFO -- Epoch: [95m43[0m - Loss: [93m    0.512819[0m
INFO -- Epoch: [95m44[0m - Loss: [93m    0.512827[0m
INFO -- Epoch: [95m45[0m - Loss: [93m    0.512561[0m
INFO -- Epoch: [95m46[0m - Loss: [93m    0.512104[0m
INFO -- Epoch: [95m47[0m - Loss: [93m    0.511581[0m
INFO -- Epoch: [95m48[0m - Loss: [93m    0.511116[0m
INFO -- Epoch: [95m49[0m - Loss: [93m    0.510797[0m
INFO -- Epoch: [95m50[0m - Loss: [93m    0.510654[0m
INFO -- Training interrupted by user at epoch [91m51[0m
INFO -- Creating plots and saving to files. Dimensions: 1
