INFO -- Device: cuda
INFO -- One dimentional problem
INFO -- 
INFO -- ================================================================================
INFO -- Learning parameters
INFO -- Length:                                           [92m1.0[0m
INFO -- Total time:                                       [92m1.0[0m
INFO -- Number of points in x:                            [92m150[0m
INFO -- Number of points in t:                            [92m150[0m
INFO -- Number of points in initial condition:            [92m300[0m
INFO -- Weight for interior loss:                         [92m0.5[0m
INFO -- Weight for initial condition loss:                [92m150.0[0m
INFO -- Weight for boundary loss:                         [92m1.0[0m
INFO -- Layers:                                           [92m4[0m
INFO -- Neurons per layer:                                [92m20[0m
INFO -- Epochs:                                           [92m50[0m
INFO -- Learning rate:                                    [92m0.1[0m
INFO -- ================================================================================
INFO -- 
INFO -- Creating PINN with [92m4[0m layers and [92m20[0m neurons per layer
INFO -- Computing initial condition loss
INFO -- Training PINN for [93m50[0m epochs using [93mloss_fn_weak_and_strong[0m loss function
INFO -- Epoch: [95m1[0m - Loss: [93m    0.647877[0m
INFO -- Epoch: [95m2[0m - Loss: [93m    0.969968[0m
INFO -- Epoch: [95m3[0m - Loss: [93m   24.672857[0m
INFO -- Epoch: [95m4[0m - Loss: [93m    5.975323[0m
INFO -- Epoch: [95m5[0m - Loss: [93m    0.956189[0m
INFO -- Epoch: [95m6[0m - Loss: [93m    1.107501[0m
INFO -- Epoch: [95m7[0m - Loss: [93m    0.558895[0m
INFO -- Epoch: [95m8[0m - Loss: [93m    0.885185[0m
INFO -- Epoch: [95m9[0m - Loss: [93m    0.672753[0m
INFO -- Epoch: [95m10[0m - Loss: [93m    0.561231[0m
INFO -- Epoch: [95m11[0m - Loss: [93m    0.571600[0m
INFO -- Epoch: [95m12[0m - Loss: [93m    0.600444[0m
INFO -- Epoch: [95m13[0m - Loss: [93m    0.605594[0m
INFO -- Epoch: [95m14[0m - Loss: [93m    0.581716[0m
INFO -- Epoch: [95m15[0m - Loss: [93m    0.558715[0m
INFO -- Epoch: [95m16[0m - Loss: [93m    0.562401[0m
INFO -- Epoch: [95m17[0m - Loss: [93m    0.581163[0m
INFO -- Epoch: [95m18[0m - Loss: [93m    0.582794[0m
INFO -- Epoch: [95m19[0m - Loss: [93m    0.566181[0m
INFO -- Epoch: [95m20[0m - Loss: [93m    0.555751[0m
INFO -- Epoch: [95m21[0m - Loss: [93m    0.560713[0m
INFO -- Epoch: [95m22[0m - Loss: [93m    0.569587[0m
INFO -- Epoch: [95m23[0m - Loss: [93m    0.569414[0m
INFO -- Epoch: [95m24[0m - Loss: [93m    0.561098[0m
INFO -- Epoch: [95m25[0m - Loss: [93m    0.555505[0m
INFO -- Epoch: [95m26[0m - Loss: [93m    0.558386[0m
INFO -- Epoch: [95m27[0m - Loss: [93m    0.564020[0m
INFO -- Epoch: [95m28[0m - Loss: [93m    0.564189[0m
INFO -- Epoch: [95m29[0m - Loss: [93m    0.558997[0m
INFO -- Epoch: [95m30[0m - Loss: [93m    0.555446[0m
INFO -- Epoch: [95m31[0m - Loss: [93m    0.557319[0m
INFO -- Epoch: [95m32[0m - Loss: [93m    0.560758[0m
INFO -- Epoch: [95m33[0m - Loss: [93m    0.560521[0m
INFO -- Epoch: [95m34[0m - Loss: [93m    0.557163[0m
INFO -- Epoch: [95m35[0m - Loss: [93m    0.555396[0m
INFO -- Epoch: [95m36[0m - Loss: [93m    0.557043[0m
INFO -- Epoch: [95m37[0m - Loss: [93m    0.558966[0m
INFO -- Epoch: [95m38[0m - Loss: [93m    0.558175[0m
INFO -- Epoch: [95m39[0m - Loss: [93m    0.555993[0m
INFO -- Epoch: [95m40[0m - Loss: [93m    0.555524[0m
INFO -- Epoch: [95m41[0m - Loss: [93m    0.556938[0m
INFO -- Epoch: [95m42[0m - Loss: [93m    0.557679[0m
INFO -- Epoch: [95m43[0m - Loss: [93m    0.556608[0m
INFO -- Epoch: [95m44[0m - Loss: [93m    0.555454[0m
INFO -- Epoch: [95m45[0m - Loss: [93m    0.555802[0m
INFO -- Epoch: [95m46[0m - Loss: [93m    0.556740[0m
INFO -- Epoch: [95m47[0m - Loss: [93m    0.556626[0m
INFO -- Epoch: [95m48[0m - Loss: [93m    0.555705[0m
INFO -- Epoch: [95m49[0m - Loss: [93m    0.555433[0m
INFO -- Epoch: [95m50[0m - Loss: [93m    0.556028[0m
INFO -- Creating plots and saving to files. Dimensions: 1
