INFO -- Device: cuda
INFO -- 
INFO -- ================================================================================
INFO -- Learning parameters
INFO -- Length:                                           [92m1.0[0m
INFO -- Total time:                                       [92m1.0[0m
INFO -- Number of points in x:                            [92m150[0m
INFO -- Number of points in initial condition:            [92m300[0m
INFO -- Weight for interior loss:                         [92m0.5[0m
INFO -- Weight for initial condition loss:                [92m150.0[0m
INFO -- Weight for boundary loss:                         [92m1.0[0m
INFO -- Layers:                                           [92m2[0m
INFO -- Neurons per layer:                                [92m60[0m
INFO -- Epochs:                                           [92m50000[0m
INFO -- Learning rate:                                    [92m0.0025[0m
INFO -- ================================================================================
INFO -- 
INFO -- Creating PINN with [92m2[0m layers and [92m60[0m neurons per layer
INFO -- Computing initial condition loss
INFO -- Training PINN for [93m50000[0m epochs using [93mloss_fn_weak[0m loss function
INFO -- Epoch: [95m1[0m - Loss: [93m   25.934292[0m
INFO -- Epoch: [95m2[0m - Loss: [93m   16.416342[0m
INFO -- Epoch: [95m3[0m - Loss: [93m  107.555122[0m
INFO -- Epoch: [95m4[0m - Loss: [93m    5.636559[0m
INFO -- Epoch: [95m5[0m - Loss: [93m   30.010666[0m
INFO -- Epoch: [95m6[0m - Loss: [93m   15.513222[0m
INFO -- Epoch: [95m7[0m - Loss: [93m   58.420525[0m
INFO -- Epoch: [95m8[0m - Loss: [93m  104.200516[0m
INFO -- Epoch: [95m9[0m - Loss: [93m   47.799248[0m
INFO -- Epoch: [95m10[0m - Loss: [93m   35.709694[0m
INFO -- Epoch: [95m11[0m - Loss: [93m  140.461441[0m
INFO -- Epoch: [95m12[0m - Loss: [93m   62.196308[0m
INFO -- Epoch: [95m13[0m - Loss: [93m   11.726621[0m
INFO -- Epoch: [95m14[0m - Loss: [93m   42.817493[0m
INFO -- Epoch: [95m15[0m - Loss: [93m    7.312982[0m
INFO -- Epoch: [95m16[0m - Loss: [93m   26.098515[0m
INFO -- Epoch: [95m17[0m - Loss: [93m   30.168938[0m
INFO -- Epoch: [95m18[0m - Loss: [93m    6.599146[0m
INFO -- Epoch: [95m19[0m - Loss: [93m   10.426642[0m
INFO -- Epoch: [95m20[0m - Loss: [93m  168.912537[0m
INFO -- Epoch: [95m21[0m - Loss: [93m  156.613785[0m
INFO -- Epoch: [95m22[0m - Loss: [93m   26.454666[0m
INFO -- Epoch: [95m23[0m - Loss: [93m   10.716570[0m
INFO -- Epoch: [95m24[0m - Loss: [93m   27.591181[0m
INFO -- Epoch: [95m25[0m - Loss: [93m    6.775709[0m
INFO -- Epoch: [95m26[0m - Loss: [93m   16.245892[0m
INFO -- Epoch: [95m27[0m - Loss: [93m   47.433784[0m
INFO -- Epoch: [95m28[0m - Loss: [93m   45.918194[0m
INFO -- Epoch: [95m29[0m - Loss: [93m    7.640426[0m
INFO -- Epoch: [95m30[0m - Loss: [93m    5.839126[0m
INFO -- Epoch: [95m31[0m - Loss: [93m   10.019119[0m
INFO -- Epoch: [95m32[0m - Loss: [93m    8.372906[0m
INFO -- Epoch: [95m33[0m - Loss: [93m   28.174440[0m
INFO -- Epoch: [95m34[0m - Loss: [93m    3.384010[0m
INFO -- Epoch: [95m35[0m - Loss: [93m   17.905060[0m
INFO -- Epoch: [95m36[0m - Loss: [93m    1.436802[0m
INFO -- Epoch: [95m37[0m - Loss: [93m    1.230502[0m
INFO -- Epoch: [95m38[0m - Loss: [93m    5.455152[0m
INFO -- Epoch: [95m39[0m - Loss: [93m    1.663037[0m
INFO -- Epoch: [95m40[0m - Loss: [93m    9.864321[0m
INFO -- Epoch: [95m41[0m - Loss: [93m    1.709724[0m
INFO -- Epoch: [95m42[0m - Loss: [93m    1.787774[0m
INFO -- Epoch: [95m43[0m - Loss: [93m    9.589152[0m
INFO -- Epoch: [95m44[0m - Loss: [93m    9.839138[0m
INFO -- Epoch: [95m45[0m - Loss: [93m    2.542577[0m
INFO -- Epoch: [95m46[0m - Loss: [93m    4.279564[0m
INFO -- Epoch: [95m47[0m - Loss: [93m    1.839508[0m
INFO -- Epoch: [95m48[0m - Loss: [93m    4.476263[0m
INFO -- Epoch: [95m49[0m - Loss: [93m    1.272210[0m
INFO -- Epoch: [95m50[0m - Loss: [93m    2.273121[0m
INFO -- Epoch: [95m51[0m - Loss: [93m    2.024025[0m
INFO -- Epoch: [95m52[0m - Loss: [93m    4.039152[0m
INFO -- Epoch: [95m53[0m - Loss: [93m    1.568125[0m
INFO -- Epoch: [95m54[0m - Loss: [93m    3.607780[0m
INFO -- Epoch: [95m55[0m - Loss: [93m    1.927737[0m
INFO -- Epoch: [95m56[0m - Loss: [93m    2.086538[0m
INFO -- Epoch: [95m57[0m - Loss: [93m    1.185466[0m
INFO -- Epoch: [95m58[0m - Loss: [93m    0.945148[0m
INFO -- Epoch: [95m59[0m - Loss: [93m    1.110523[0m
INFO -- Epoch: [95m60[0m - Loss: [93m    0.953725[0m
INFO -- Epoch: [95m61[0m - Loss: [93m    1.667689[0m
INFO -- Epoch: [95m62[0m - Loss: [93m    1.648756[0m
INFO -- Epoch: [95m63[0m - Loss: [93m    1.214682[0m
INFO -- Epoch: [95m64[0m - Loss: [93m    3.452718[0m
INFO -- Epoch: [95m65[0m - Loss: [93m    0.912853[0m
INFO -- Epoch: [95m66[0m - Loss: [93m    0.935322[0m
INFO -- Epoch: [95m67[0m - Loss: [93m    0.885914[0m
INFO -- Epoch: [95m68[0m - Loss: [93m    0.892115[0m
INFO -- Epoch: [95m69[0m - Loss: [93m    0.972794[0m
INFO -- Epoch: [95m70[0m - Loss: [93m    1.099759[0m
INFO -- Epoch: [95m71[0m - Loss: [93m    0.886592[0m
INFO -- Epoch: [95m72[0m - Loss: [93m    1.657209[0m
INFO -- Epoch: [95m73[0m - Loss: [93m    1.107321[0m
INFO -- Epoch: [95m74[0m - Loss: [93m    1.139422[0m
INFO -- Epoch: [95m75[0m - Loss: [93m    0.961418[0m
INFO -- Epoch: [95m76[0m - Loss: [93m    0.862477[0m
INFO -- Epoch: [95m77[0m - Loss: [93m    0.889565[0m
INFO -- Epoch: [95m78[0m - Loss: [93m    1.065291[0m
INFO -- Epoch: [95m79[0m - Loss: [93m    0.817151[0m
INFO -- Epoch: [95m80[0m - Loss: [93m    0.881422[0m
INFO -- Epoch: [95m81[0m - Loss: [93m    0.836897[0m
INFO -- Epoch: [95m82[0m - Loss: [93m    0.840693[0m
INFO -- Epoch: [95m83[0m - Loss: [93m    0.827514[0m
INFO -- Epoch: [95m84[0m - Loss: [93m    0.992497[0m
INFO -- Epoch: [95m85[0m - Loss: [93m    1.578045[0m
INFO -- Epoch: [95m86[0m - Loss: [93m    1.327619[0m
INFO -- Epoch: [95m87[0m - Loss: [93m    0.762910[0m
INFO -- Epoch: [95m88[0m - Loss: [93m    0.848119[0m
INFO -- Epoch: [95m89[0m - Loss: [93m    0.844555[0m
INFO -- Epoch: [95m90[0m - Loss: [93m    0.805623[0m
INFO -- Epoch: [95m91[0m - Loss: [93m    0.867059[0m
INFO -- Epoch: [95m92[0m - Loss: [93m    2.232690[0m
INFO -- Epoch: [95m93[0m - Loss: [93m    0.938972[0m
INFO -- Epoch: [95m94[0m - Loss: [93m    0.854388[0m
INFO -- Epoch: [95m95[0m - Loss: [93m    0.789897[0m
INFO -- Epoch: [95m96[0m - Loss: [93m    0.765425[0m
INFO -- Epoch: [95m97[0m - Loss: [93m    0.731019[0m
INFO -- Epoch: [95m98[0m - Loss: [93m    0.734104[0m
INFO -- Epoch: [95m99[0m - Loss: [93m    0.789177[0m
INFO -- Epoch: [95m100[0m - Loss: [93m    0.724298[0m
INFO -- Epoch: [95m101[0m - Loss: [93m    0.753076[0m
INFO -- Epoch: [95m102[0m - Loss: [93m    0.833437[0m
INFO -- Epoch: [95m103[0m - Loss: [93m    1.017375[0m
INFO -- Epoch: [95m104[0m - Loss: [93m    0.710298[0m
INFO -- Epoch: [95m105[0m - Loss: [93m    0.701853[0m
INFO -- Epoch: [95m106[0m - Loss: [93m    0.698326[0m
INFO -- Epoch: [95m107[0m - Loss: [93m    0.714333[0m
INFO -- Epoch: [95m108[0m - Loss: [93m    0.762884[0m
INFO -- Epoch: [95m109[0m - Loss: [93m    0.749747[0m
INFO -- Epoch: [95m110[0m - Loss: [93m    0.699522[0m
INFO -- Epoch: [95m111[0m - Loss: [93m    0.672339[0m
INFO -- Epoch: [95m112[0m - Loss: [93m    0.669794[0m
INFO -- Epoch: [95m113[0m - Loss: [93m    0.687469[0m
INFO -- Epoch: [95m114[0m - Loss: [93m    0.677232[0m
INFO -- Epoch: [95m115[0m - Loss: [93m    0.710078[0m
INFO -- Epoch: [95m116[0m - Loss: [93m    0.765104[0m
INFO -- Epoch: [95m117[0m - Loss: [93m    0.689539[0m
INFO -- Epoch: [95m118[0m - Loss: [93m    0.676280[0m
INFO -- Epoch: [95m119[0m - Loss: [93m    0.685598[0m
INFO -- Epoch: [95m120[0m - Loss: [93m    0.647108[0m
INFO -- Epoch: [95m121[0m - Loss: [93m    0.646171[0m
INFO -- Epoch: [95m122[0m - Loss: [93m    0.663793[0m
INFO -- Epoch: [95m123[0m - Loss: [93m    0.714382[0m
INFO -- Epoch: [95m124[0m - Loss: [93m    0.671851[0m
INFO -- Epoch: [95m125[0m - Loss: [93m    0.641464[0m
INFO -- Epoch: [95m126[0m - Loss: [93m    0.637864[0m
INFO -- Epoch: [95m127[0m - Loss: [93m    0.642476[0m
INFO -- Epoch: [95m128[0m - Loss: [93m    0.635884[0m
INFO -- Epoch: [95m129[0m - Loss: [93m    0.642760[0m
INFO -- Epoch: [95m130[0m - Loss: [93m    0.629684[0m
INFO -- Epoch: [95m131[0m - Loss: [93m    0.639296[0m
INFO -- Epoch: [95m132[0m - Loss: [93m    0.638649[0m
INFO -- Epoch: [95m133[0m - Loss: [93m    0.626384[0m
INFO -- Epoch: [95m134[0m - Loss: [93m    0.619434[0m
INFO -- Epoch: [95m135[0m - Loss: [93m    0.620412[0m
INFO -- Epoch: [95m136[0m - Loss: [93m    0.619297[0m
INFO -- Epoch: [95m137[0m - Loss: [93m    0.613823[0m
INFO -- Epoch: [95m138[0m - Loss: [93m    0.635114[0m
INFO -- Epoch: [95m139[0m - Loss: [93m    0.612845[0m
INFO -- Epoch: [95m140[0m - Loss: [93m    0.608513[0m
INFO -- Epoch: [95m141[0m - Loss: [93m    0.609201[0m
INFO -- Epoch: [95m142[0m - Loss: [93m    0.610513[0m
INFO -- Epoch: [95m143[0m - Loss: [93m    0.604431[0m
INFO -- Epoch: [95m144[0m - Loss: [93m    0.603265[0m
INFO -- Epoch: [95m145[0m - Loss: [93m    0.601392[0m
INFO -- Epoch: [95m146[0m - Loss: [93m    0.600523[0m
INFO -- Epoch: [95m147[0m - Loss: [93m    0.601972[0m
INFO -- Epoch: [95m148[0m - Loss: [93m    0.598206[0m
INFO -- Epoch: [95m149[0m - Loss: [93m    0.598128[0m
INFO -- Epoch: [95m150[0m - Loss: [93m    0.596594[0m
INFO -- Epoch: [95m151[0m - Loss: [93m    0.595375[0m
INFO -- Epoch: [95m152[0m - Loss: [93m    0.593366[0m
INFO -- Epoch: [95m153[0m - Loss: [93m    0.592540[0m
INFO -- Epoch: [95m154[0m - Loss: [93m    0.590754[0m
INFO -- Epoch: [95m155[0m - Loss: [93m    0.589639[0m
INFO -- Epoch: [95m156[0m - Loss: [93m    0.589261[0m
INFO -- Epoch: [95m157[0m - Loss: [93m    0.587597[0m
INFO -- Epoch: [95m158[0m - Loss: [93m    0.587400[0m
INFO -- Epoch: [95m159[0m - Loss: [93m    0.588150[0m
INFO -- Epoch: [95m160[0m - Loss: [93m    0.586194[0m
INFO -- Epoch: [95m161[0m - Loss: [93m    0.583534[0m
INFO -- Epoch: [95m162[0m - Loss: [93m    0.582977[0m
INFO -- Epoch: [95m163[0m - Loss: [93m    0.582388[0m
INFO -- Epoch: [95m164[0m - Loss: [93m    0.581447[0m
INFO -- Epoch: [95m165[0m - Loss: [93m    0.581028[0m
INFO -- Epoch: [95m166[0m - Loss: [93m    0.580986[0m
INFO -- Epoch: [95m167[0m - Loss: [93m    0.579859[0m
INFO -- Epoch: [95m168[0m - Loss: [93m    0.578373[0m
INFO -- Epoch: [95m169[0m - Loss: [93m    0.577460[0m
INFO -- Epoch: [95m170[0m - Loss: [93m    0.577808[0m
INFO -- Epoch: [95m171[0m - Loss: [93m    0.576036[0m
INFO -- Epoch: [95m172[0m - Loss: [93m    0.575573[0m
INFO -- Epoch: [95m173[0m - Loss: [93m    0.574625[0m
INFO -- Epoch: [95m174[0m - Loss: [93m    0.575176[0m
INFO -- Epoch: [95m175[0m - Loss: [93m    0.573473[0m
INFO -- Epoch: [95m176[0m - Loss: [93m    0.573534[0m
INFO -- Epoch: [95m177[0m - Loss: [93m    0.572656[0m
INFO -- Epoch: [95m178[0m - Loss: [93m    0.571379[0m
INFO -- Epoch: [95m179[0m - Loss: [93m    0.571716[0m
INFO -- Epoch: [95m180[0m - Loss: [93m    0.571071[0m
INFO -- Epoch: [95m181[0m - Loss: [93m    0.571075[0m
INFO -- Epoch: [95m182[0m - Loss: [93m    0.570005[0m
INFO -- Epoch: [95m183[0m - Loss: [93m    0.569919[0m
INFO -- Epoch: [95m184[0m - Loss: [93m    0.570424[0m
INFO -- Epoch: [95m185[0m - Loss: [93m    0.568086[0m
INFO -- Epoch: [95m186[0m - Loss: [93m    0.567822[0m
INFO -- Epoch: [95m187[0m - Loss: [93m    0.568824[0m
INFO -- Epoch: [95m188[0m - Loss: [93m    0.566714[0m
INFO -- Epoch: [95m189[0m - Loss: [93m    0.567257[0m
INFO -- Epoch: [95m190[0m - Loss: [93m    0.566409[0m
INFO -- Epoch: [95m191[0m - Loss: [93m    0.567221[0m
INFO -- Epoch: [95m192[0m - Loss: [93m    0.564912[0m
INFO -- Epoch: [95m193[0m - Loss: [93m    0.565974[0m
INFO -- Epoch: [95m194[0m - Loss: [93m    0.565360[0m
INFO -- Epoch: [95m195[0m - Loss: [93m    0.567570[0m
INFO -- Epoch: [95m196[0m - Loss: [93m    0.564244[0m
INFO -- Epoch: [95m197[0m - Loss: [93m    0.563664[0m
INFO -- Epoch: [95m198[0m - Loss: [93m    0.563774[0m
INFO -- Epoch: [95m199[0m - Loss: [93m    0.562924[0m
INFO -- Epoch: [95m200[0m - Loss: [93m    0.563460[0m
INFO -- Epoch: [95m201[0m - Loss: [93m    0.562095[0m
INFO -- Epoch: [95m202[0m - Loss: [93m    0.562513[0m
INFO -- Epoch: [95m203[0m - Loss: [93m    0.565045[0m
INFO -- Epoch: [95m204[0m - Loss: [93m    0.585395[0m
INFO -- Epoch: [95m205[0m - Loss: [93m    0.561958[0m
INFO -- Epoch: [95m206[0m - Loss: [93m    0.563278[0m
INFO -- Epoch: [95m207[0m - Loss: [93m    0.567212[0m
INFO -- Epoch: [95m208[0m - Loss: [93m    0.576668[0m
INFO -- Epoch: [95m209[0m - Loss: [93m    0.564633[0m
INFO -- Epoch: [95m210[0m - Loss: [93m    0.585587[0m
INFO -- Epoch: [95m211[0m - Loss: [93m    0.560934[0m
INFO -- Epoch: [95m212[0m - Loss: [93m    0.560194[0m
INFO -- Epoch: [95m213[0m - Loss: [93m    0.560459[0m
INFO -- Epoch: [95m214[0m - Loss: [93m    0.577879[0m
INFO -- Epoch: [95m215[0m - Loss: [93m    0.561909[0m
INFO -- Epoch: [95m216[0m - Loss: [93m    0.574066[0m
INFO -- Epoch: [95m217[0m - Loss: [93m    0.560245[0m
INFO -- Epoch: [95m218[0m - Loss: [93m    0.568140[0m
INFO -- Epoch: [95m219[0m - Loss: [93m    0.575312[0m
INFO -- Epoch: [95m220[0m - Loss: [93m    0.558754[0m
INFO -- Epoch: [95m221[0m - Loss: [93m    0.559774[0m
INFO -- Epoch: [95m222[0m - Loss: [93m    0.568062[0m
INFO -- Epoch: [95m223[0m - Loss: [93m    0.558761[0m
INFO -- Epoch: [95m224[0m - Loss: [93m    0.559034[0m
INFO -- Epoch: [95m225[0m - Loss: [93m    0.557918[0m
INFO -- Epoch: [95m226[0m - Loss: [93m    0.558964[0m
INFO -- Epoch: [95m227[0m - Loss: [93m    0.558186[0m
INFO -- Epoch: [95m228[0m - Loss: [93m    0.560595[0m
INFO -- Epoch: [95m229[0m - Loss: [93m    0.558629[0m
INFO -- Epoch: [95m230[0m - Loss: [93m    0.557065[0m
INFO -- Epoch: [95m231[0m - Loss: [93m    0.562331[0m
INFO -- Epoch: [95m232[0m - Loss: [93m    0.559084[0m
INFO -- Epoch: [95m233[0m - Loss: [93m    0.556570[0m
INFO -- Epoch: [95m234[0m - Loss: [93m    0.557488[0m
INFO -- Epoch: [95m235[0m - Loss: [93m    0.560628[0m
INFO -- Epoch: [95m236[0m - Loss: [93m    0.557619[0m
INFO -- Epoch: [95m237[0m - Loss: [93m    0.556637[0m
INFO -- Epoch: [95m238[0m - Loss: [93m    0.558948[0m
INFO -- Epoch: [95m239[0m - Loss: [93m    0.560061[0m
INFO -- Epoch: [95m240[0m - Loss: [93m    0.557581[0m
INFO -- Epoch: [95m241[0m - Loss: [93m    0.556082[0m
INFO -- Epoch: [95m242[0m - Loss: [93m    0.555797[0m
INFO -- Epoch: [95m243[0m - Loss: [93m    0.556125[0m
INFO -- Epoch: [95m244[0m - Loss: [93m    0.559566[0m
INFO -- Epoch: [95m245[0m - Loss: [93m    0.555930[0m
INFO -- Epoch: [95m246[0m - Loss: [93m    0.556679[0m
INFO -- Epoch: [95m247[0m - Loss: [93m    0.556848[0m
INFO -- Epoch: [95m248[0m - Loss: [93m    0.555696[0m
INFO -- Epoch: [95m249[0m - Loss: [93m    0.555011[0m
INFO -- Epoch: [95m250[0m - Loss: [93m    0.555970[0m
INFO -- Epoch: [95m251[0m - Loss: [93m    0.555779[0m
INFO -- Epoch: [95m252[0m - Loss: [93m    0.556165[0m
INFO -- Epoch: [95m253[0m - Loss: [93m    0.555866[0m
INFO -- Epoch: [95m254[0m - Loss: [93m    0.555525[0m
INFO -- Epoch: [95m255[0m - Loss: [93m    0.556793[0m
INFO -- Epoch: [95m256[0m - Loss: [93m    0.555526[0m
INFO -- Epoch: [95m257[0m - Loss: [93m    0.556453[0m
INFO -- Epoch: [95m258[0m - Loss: [93m    0.555198[0m
INFO -- Epoch: [95m259[0m - Loss: [93m    0.554844[0m
INFO -- Epoch: [95m260[0m - Loss: [93m    0.556300[0m
INFO -- Epoch: [95m261[0m - Loss: [93m    0.555295[0m
INFO -- Epoch: [95m262[0m - Loss: [93m    0.556841[0m
INFO -- Epoch: [95m263[0m - Loss: [93m    0.556189[0m
INFO -- Epoch: [95m264[0m - Loss: [93m    0.556393[0m
INFO -- Epoch: [95m265[0m - Loss: [93m    0.555545[0m
INFO -- Epoch: [95m266[0m - Loss: [93m    0.555051[0m
INFO -- Epoch: [95m267[0m - Loss: [93m    0.555853[0m
INFO -- Epoch: [95m268[0m - Loss: [93m    0.557456[0m
INFO -- Epoch: [95m269[0m - Loss: [93m    0.555948[0m
INFO -- Epoch: [95m270[0m - Loss: [93m    0.556166[0m
INFO -- Epoch: [95m271[0m - Loss: [93m    0.554870[0m
INFO -- Epoch: [95m272[0m - Loss: [93m    0.555184[0m
INFO -- Epoch: [95m273[0m - Loss: [93m    0.555472[0m
INFO -- Epoch: [95m274[0m - Loss: [93m    0.559682[0m
INFO -- Epoch: [95m275[0m - Loss: [93m    0.556251[0m
INFO -- Epoch: [95m276[0m - Loss: [93m    0.555431[0m
INFO -- Epoch: [95m277[0m - Loss: [93m    0.554395[0m
INFO -- Epoch: [95m278[0m - Loss: [93m    0.554141[0m
INFO -- Epoch: [95m279[0m - Loss: [93m    0.555150[0m
INFO -- Epoch: [95m280[0m - Loss: [93m    0.555487[0m
INFO -- Epoch: [95m281[0m - Loss: [93m    0.555148[0m
INFO -- Epoch: [95m282[0m - Loss: [93m    0.555200[0m
INFO -- Epoch: [95m283[0m - Loss: [93m    0.556908[0m
INFO -- Epoch: [95m284[0m - Loss: [93m    0.555349[0m
INFO -- Epoch: [95m285[0m - Loss: [93m    0.554797[0m
INFO -- Epoch: [95m286[0m - Loss: [93m    0.554591[0m
INFO -- Epoch: [95m287[0m - Loss: [93m    0.555062[0m
INFO -- Epoch: [95m288[0m - Loss: [93m    0.559765[0m
INFO -- Epoch: [95m289[0m - Loss: [93m    0.554593[0m
INFO -- Epoch: [95m290[0m - Loss: [93m    0.555081[0m
INFO -- Epoch: [95m291[0m - Loss: [93m    0.554178[0m
INFO -- Epoch: [95m292[0m - Loss: [93m    0.554430[0m
INFO -- Epoch: [95m293[0m - Loss: [93m    0.554375[0m
INFO -- Epoch: [95m294[0m - Loss: [93m    0.555225[0m
INFO -- Epoch: [95m295[0m - Loss: [93m    0.554089[0m
INFO -- Epoch: [95m296[0m - Loss: [93m    0.554014[0m
INFO -- Epoch: [95m297[0m - Loss: [93m    0.553846[0m
INFO -- Epoch: [95m298[0m - Loss: [93m    0.554607[0m
INFO -- Epoch: [95m299[0m - Loss: [93m    0.554102[0m
INFO -- Epoch: [95m300[0m - Loss: [93m    0.553747[0m
INFO -- Epoch: [95m301[0m - Loss: [93m    0.554918[0m
INFO -- Epoch: [95m302[0m - Loss: [93m    0.556453[0m
INFO -- Epoch: [95m303[0m - Loss: [93m    0.554187[0m
INFO -- Epoch: [95m304[0m - Loss: [93m    0.554179[0m
INFO -- Epoch: [95m305[0m - Loss: [93m    0.554208[0m
INFO -- Epoch: [95m306[0m - Loss: [93m    0.553849[0m
INFO -- Epoch: [95m307[0m - Loss: [93m    0.554303[0m
INFO -- Epoch: [95m308[0m - Loss: [93m    0.554449[0m
INFO -- Epoch: [95m309[0m - Loss: [93m    0.554967[0m
INFO -- Epoch: [95m310[0m - Loss: [93m    0.555198[0m
INFO -- Epoch: [95m311[0m - Loss: [93m    0.554269[0m
INFO -- Epoch: [95m312[0m - Loss: [93m    0.554089[0m
INFO -- Epoch: [95m313[0m - Loss: [93m    0.554040[0m
INFO -- Epoch: [95m314[0m - Loss: [93m    0.555727[0m
INFO -- Epoch: [95m315[0m - Loss: [93m    0.553943[0m
INFO -- Epoch: [95m316[0m - Loss: [93m    0.555457[0m
INFO -- Epoch: [95m317[0m - Loss: [93m    0.553472[0m
INFO -- Epoch: [95m318[0m - Loss: [93m    0.556005[0m
INFO -- Epoch: [95m319[0m - Loss: [93m    0.553679[0m
INFO -- Epoch: [95m320[0m - Loss: [93m    0.553762[0m
INFO -- Epoch: [95m321[0m - Loss: [93m    0.554263[0m
INFO -- Epoch: [95m322[0m - Loss: [93m    0.554895[0m
INFO -- Epoch: [95m323[0m - Loss: [93m    0.554481[0m
INFO -- Epoch: [95m324[0m - Loss: [93m    0.554493[0m
INFO -- Epoch: [95m325[0m - Loss: [93m    0.554632[0m
INFO -- Epoch: [95m326[0m - Loss: [93m    0.554064[0m
INFO -- Epoch: [95m327[0m - Loss: [93m    0.554393[0m
INFO -- Epoch: [95m328[0m - Loss: [93m    0.553511[0m
INFO -- Epoch: [95m329[0m - Loss: [93m    0.554048[0m
INFO -- Epoch: [95m330[0m - Loss: [93m    0.554609[0m
INFO -- Epoch: [95m331[0m - Loss: [93m    0.553697[0m
INFO -- Epoch: [95m332[0m - Loss: [93m    0.554089[0m
INFO -- Epoch: [95m333[0m - Loss: [93m    0.556356[0m
INFO -- Epoch: [95m334[0m - Loss: [93m    0.555218[0m
INFO -- Epoch: [95m335[0m - Loss: [93m    0.553796[0m
INFO -- Epoch: [95m336[0m - Loss: [93m    0.553449[0m
INFO -- Epoch: [95m337[0m - Loss: [93m    0.553668[0m
INFO -- Epoch: [95m338[0m - Loss: [93m    0.554245[0m
INFO -- Epoch: [95m339[0m - Loss: [93m    0.554421[0m
INFO -- Epoch: [95m340[0m - Loss: [93m    0.553934[0m
INFO -- Epoch: [95m341[0m - Loss: [93m    0.553818[0m
INFO -- Epoch: [95m342[0m - Loss: [93m    0.553722[0m
INFO -- Epoch: [95m343[0m - Loss: [93m    0.554125[0m
INFO -- Epoch: [95m344[0m - Loss: [93m    0.553789[0m
INFO -- Epoch: [95m345[0m - Loss: [93m    0.555253[0m
INFO -- Epoch: [95m346[0m - Loss: [93m    0.554679[0m
INFO -- Epoch: [95m347[0m - Loss: [93m    0.553869[0m
INFO -- Epoch: [95m348[0m - Loss: [93m    0.554175[0m
INFO -- Epoch: [95m349[0m - Loss: [93m    0.553991[0m
INFO -- Epoch: [95m350[0m - Loss: [93m    0.553772[0m
INFO -- Epoch: [95m351[0m - Loss: [93m    0.553746[0m
INFO -- Epoch: [95m352[0m - Loss: [93m    0.554025[0m
INFO -- Epoch: [95m353[0m - Loss: [93m    0.553357[0m
INFO -- Epoch: [95m354[0m - Loss: [93m    0.554057[0m
INFO -- Epoch: [95m355[0m - Loss: [93m    0.553913[0m
INFO -- Epoch: [95m356[0m - Loss: [93m    0.554122[0m
INFO -- Epoch: [95m357[0m - Loss: [93m    0.553660[0m
INFO -- Epoch: [95m358[0m - Loss: [93m    0.553760[0m
INFO -- Epoch: [95m359[0m - Loss: [93m    0.553963[0m
INFO -- Epoch: [95m360[0m - Loss: [93m    0.553977[0m
INFO -- Epoch: [95m361[0m - Loss: [93m    0.553744[0m
INFO -- Epoch: [95m362[0m - Loss: [93m    0.553554[0m
INFO -- Epoch: [95m363[0m - Loss: [93m    0.554442[0m
INFO -- Epoch: [95m364[0m - Loss: [93m    0.554627[0m
INFO -- Epoch: [95m365[0m - Loss: [93m    0.553248[0m
INFO -- Epoch: [95m366[0m - Loss: [93m    0.554842[0m
INFO -- Epoch: [95m367[0m - Loss: [93m    0.553754[0m
INFO -- Epoch: [95m368[0m - Loss: [93m    0.554401[0m
INFO -- Epoch: [95m369[0m - Loss: [93m    0.553496[0m
INFO -- Epoch: [95m370[0m - Loss: [93m    0.554285[0m
INFO -- Epoch: [95m371[0m - Loss: [93m    0.553858[0m
INFO -- Epoch: [95m372[0m - Loss: [93m    0.554216[0m
INFO -- Epoch: [95m373[0m - Loss: [93m    0.554176[0m
INFO -- Epoch: [95m374[0m - Loss: [93m    0.553513[0m
INFO -- Epoch: [95m375[0m - Loss: [93m    0.553508[0m
INFO -- Epoch: [95m376[0m - Loss: [93m    0.553554[0m
INFO -- Epoch: [95m377[0m - Loss: [93m    0.553726[0m
INFO -- Epoch: [95m378[0m - Loss: [93m    0.553660[0m
INFO -- Epoch: [95m379[0m - Loss: [93m    0.554086[0m
INFO -- Epoch: [95m380[0m - Loss: [93m    0.553790[0m
INFO -- Epoch: [95m381[0m - Loss: [93m    0.553907[0m
INFO -- Epoch: [95m382[0m - Loss: [93m    0.553407[0m
INFO -- Epoch: [95m383[0m - Loss: [93m    0.553348[0m
INFO -- Epoch: [95m384[0m - Loss: [93m    0.554012[0m
INFO -- Epoch: [95m385[0m - Loss: [93m    0.553592[0m
INFO -- Epoch: [95m386[0m - Loss: [93m    0.552816[0m
INFO -- Epoch: [95m387[0m - Loss: [93m    0.553398[0m
INFO -- Epoch: [95m388[0m - Loss: [93m    0.553976[0m
INFO -- Epoch: [95m389[0m - Loss: [93m    0.553963[0m
INFO -- Epoch: [95m390[0m - Loss: [93m    0.554404[0m
INFO -- Epoch: [95m391[0m - Loss: [93m    0.553530[0m
INFO -- Epoch: [95m392[0m - Loss: [93m    0.555097[0m
INFO -- Epoch: [95m393[0m - Loss: [93m    0.553934[0m
INFO -- Epoch: [95m394[0m - Loss: [93m    0.553794[0m
INFO -- Epoch: [95m395[0m - Loss: [93m    0.553941[0m
INFO -- Epoch: [95m396[0m - Loss: [93m    0.554160[0m
INFO -- Epoch: [95m397[0m - Loss: [93m    0.553538[0m
INFO -- Epoch: [95m398[0m - Loss: [93m    0.553497[0m
INFO -- Epoch: [95m399[0m - Loss: [93m    0.553418[0m
INFO -- Epoch: [95m400[0m - Loss: [93m    0.553742[0m
INFO -- Epoch: [95m401[0m - Loss: [93m    0.553380[0m
INFO -- Epoch: [95m402[0m - Loss: [93m    0.553029[0m
INFO -- Epoch: [95m403[0m - Loss: [93m    0.553491[0m
INFO -- Epoch: [95m404[0m - Loss: [93m    0.553631[0m
INFO -- Epoch: [95m405[0m - Loss: [93m    0.553991[0m
INFO -- Epoch: [95m406[0m - Loss: [93m    0.553964[0m
INFO -- Epoch: [95m407[0m - Loss: [93m    0.554517[0m
INFO -- Epoch: [95m408[0m - Loss: [93m    0.553156[0m
INFO -- Epoch: [95m409[0m - Loss: [93m    0.554225[0m
INFO -- Epoch: [95m410[0m - Loss: [93m    0.554391[0m
INFO -- Epoch: [95m411[0m - Loss: [93m    0.553559[0m
INFO -- Epoch: [95m412[0m - Loss: [93m    0.553651[0m
INFO -- Epoch: [95m413[0m - Loss: [93m    0.554123[0m
INFO -- Epoch: [95m414[0m - Loss: [93m    0.553970[0m
INFO -- Epoch: [95m415[0m - Loss: [93m    0.553569[0m
INFO -- Epoch: [95m416[0m - Loss: [93m    0.555468[0m
INFO -- Epoch: [95m417[0m - Loss: [93m    0.553886[0m
INFO -- Epoch: [95m418[0m - Loss: [93m    0.553703[0m
INFO -- Epoch: [95m419[0m - Loss: [93m    0.553151[0m
INFO -- Epoch: [95m420[0m - Loss: [93m    0.553723[0m
INFO -- Epoch: [95m421[0m - Loss: [93m    0.553914[0m
INFO -- Epoch: [95m422[0m - Loss: [93m    0.554697[0m
INFO -- Epoch: [95m423[0m - Loss: [93m    0.553345[0m
INFO -- Epoch: [95m424[0m - Loss: [93m    0.553313[0m
INFO -- Epoch: [95m425[0m - Loss: [93m    0.553854[0m
INFO -- Epoch: [95m426[0m - Loss: [93m    0.554197[0m
INFO -- Epoch: [95m427[0m - Loss: [93m    0.553403[0m
INFO -- Epoch: [95m428[0m - Loss: [93m    0.553906[0m
INFO -- Epoch: [95m429[0m - Loss: [93m    0.553841[0m
INFO -- Epoch: [95m430[0m - Loss: [93m    0.553855[0m
INFO -- Epoch: [95m431[0m - Loss: [93m    0.554058[0m
INFO -- Epoch: [95m432[0m - Loss: [93m    0.553437[0m
INFO -- Epoch: [95m433[0m - Loss: [93m    0.553473[0m
INFO -- Epoch: [95m434[0m - Loss: [93m    0.554127[0m
INFO -- Epoch: [95m435[0m - Loss: [93m    0.553779[0m
INFO -- Epoch: [95m436[0m - Loss: [93m    0.553613[0m
INFO -- Epoch: [95m437[0m - Loss: [93m    0.553781[0m
INFO -- Epoch: [95m438[0m - Loss: [93m    0.553424[0m
INFO -- Epoch: [95m439[0m - Loss: [93m    0.553888[0m
INFO -- Epoch: [95m440[0m - Loss: [93m    0.554865[0m
INFO -- Epoch: [95m441[0m - Loss: [93m    0.554138[0m
INFO -- Epoch: [95m442[0m - Loss: [93m    0.553569[0m
INFO -- Epoch: [95m443[0m - Loss: [93m    0.553662[0m
INFO -- Epoch: [95m444[0m - Loss: [93m    0.554497[0m
INFO -- Epoch: [95m445[0m - Loss: [93m    0.553625[0m
INFO -- Epoch: [95m446[0m - Loss: [93m    0.553747[0m
INFO -- Epoch: [95m447[0m - Loss: [93m    0.554016[0m
INFO -- Epoch: [95m448[0m - Loss: [93m    0.553419[0m
INFO -- Epoch: [95m449[0m - Loss: [93m    0.554474[0m
INFO -- Epoch: [95m450[0m - Loss: [93m    0.553730[0m
INFO -- Epoch: [95m451[0m - Loss: [93m    0.553125[0m
INFO -- Epoch: [95m452[0m - Loss: [93m    0.553852[0m
INFO -- Epoch: [95m453[0m - Loss: [93m    0.553738[0m
INFO -- Epoch: [95m454[0m - Loss: [93m    0.554316[0m
INFO -- Epoch: [95m455[0m - Loss: [93m    0.554868[0m
INFO -- Epoch: [95m456[0m - Loss: [93m    0.553540[0m
INFO -- Epoch: [95m457[0m - Loss: [93m    0.553784[0m
INFO -- Epoch: [95m458[0m - Loss: [93m    0.553698[0m
INFO -- Epoch: [95m459[0m - Loss: [93m    0.553958[0m
INFO -- Epoch: [95m460[0m - Loss: [93m    0.554383[0m
INFO -- Epoch: [95m461[0m - Loss: [93m    0.554060[0m
INFO -- Epoch: [95m462[0m - Loss: [93m    0.553186[0m
INFO -- Epoch: [95m463[0m - Loss: [93m    0.553998[0m
INFO -- Epoch: [95m464[0m - Loss: [93m    0.554101[0m
INFO -- Epoch: [95m465[0m - Loss: [93m    0.553194[0m
INFO -- Epoch: [95m466[0m - Loss: [93m    0.553958[0m
INFO -- Epoch: [95m467[0m - Loss: [93m    0.553707[0m
INFO -- Epoch: [95m468[0m - Loss: [93m    0.553684[0m
INFO -- Epoch: [95m469[0m - Loss: [93m    0.553331[0m
INFO -- Epoch: [95m470[0m - Loss: [93m    0.553715[0m
INFO -- Epoch: [95m471[0m - Loss: [93m    0.553399[0m
INFO -- Epoch: [95m472[0m - Loss: [93m    0.554511[0m
INFO -- Epoch: [95m473[0m - Loss: [93m    0.554206[0m
INFO -- Epoch: [95m474[0m - Loss: [93m    0.555641[0m
INFO -- Epoch: [95m475[0m - Loss: [93m    0.553360[0m
INFO -- Epoch: [95m476[0m - Loss: [93m    0.553601[0m
INFO -- Epoch: [95m477[0m - Loss: [93m    0.554006[0m
INFO -- Epoch: [95m478[0m - Loss: [93m    0.553945[0m
INFO -- Epoch: [95m479[0m - Loss: [93m    0.553999[0m
INFO -- Epoch: [95m480[0m - Loss: [93m    0.553986[0m
INFO -- Epoch: [95m481[0m - Loss: [93m    0.554420[0m
INFO -- Epoch: [95m482[0m - Loss: [93m    0.553282[0m
INFO -- Epoch: [95m483[0m - Loss: [93m    0.553697[0m
INFO -- Epoch: [95m484[0m - Loss: [93m    0.552957[0m
INFO -- Epoch: [95m485[0m - Loss: [93m    0.553641[0m
INFO -- Epoch: [95m486[0m - Loss: [93m    0.555090[0m
INFO -- Epoch: [95m487[0m - Loss: [93m    0.555558[0m
INFO -- Epoch: [95m488[0m - Loss: [93m    0.553707[0m
INFO -- Epoch: [95m489[0m - Loss: [93m    0.553611[0m
INFO -- Epoch: [95m490[0m - Loss: [93m    0.553748[0m
INFO -- Epoch: [95m491[0m - Loss: [93m    0.553920[0m
INFO -- Epoch: [95m492[0m - Loss: [93m    0.554338[0m
INFO -- Epoch: [95m493[0m - Loss: [93m    0.553483[0m
INFO -- Epoch: [95m494[0m - Loss: [93m    0.553717[0m
INFO -- Epoch: [95m495[0m - Loss: [93m    0.553346[0m
INFO -- Epoch: [95m496[0m - Loss: [93m    0.553261[0m
INFO -- Epoch: [95m497[0m - Loss: [93m    0.553413[0m
INFO -- Epoch: [95m498[0m - Loss: [93m    0.553075[0m
INFO -- Epoch: [95m499[0m - Loss: [93m    0.553690[0m
INFO -- Epoch: [95m500[0m - Loss: [93m    0.553676[0m
INFO -- Epoch: [95m501[0m - Loss: [93m    0.554028[0m
INFO -- Epoch: [95m502[0m - Loss: [93m    0.554472[0m
INFO -- Epoch: [95m503[0m - Loss: [93m    0.553888[0m
INFO -- Epoch: [95m504[0m - Loss: [93m    0.553810[0m
INFO -- Epoch: [95m505[0m - Loss: [93m    0.554425[0m
INFO -- Epoch: [95m506[0m - Loss: [93m    0.554109[0m
INFO -- Epoch: [95m507[0m - Loss: [93m    0.553980[0m
INFO -- Epoch: [95m508[0m - Loss: [93m    0.554314[0m
INFO -- Epoch: [95m509[0m - Loss: [93m    0.554240[0m
INFO -- Epoch: [95m510[0m - Loss: [93m    0.554236[0m
INFO -- Epoch: [95m511[0m - Loss: [93m    0.553621[0m
INFO -- Epoch: [95m512[0m - Loss: [93m    0.554421[0m
INFO -- Epoch: [95m513[0m - Loss: [93m    0.553571[0m
INFO -- Epoch: [95m514[0m - Loss: [93m    0.555654[0m
INFO -- Epoch: [95m515[0m - Loss: [93m    0.554033[0m
INFO -- Epoch: [95m516[0m - Loss: [93m    0.553427[0m
INFO -- Epoch: [95m517[0m - Loss: [93m    0.553558[0m
INFO -- Epoch: [95m518[0m - Loss: [93m    0.553909[0m
INFO -- Epoch: [95m519[0m - Loss: [93m    0.553762[0m
INFO -- Epoch: [95m520[0m - Loss: [93m    0.554090[0m
INFO -- Epoch: [95m521[0m - Loss: [93m    0.554152[0m
INFO -- Epoch: [95m522[0m - Loss: [93m    0.553136[0m
INFO -- Epoch: [95m523[0m - Loss: [93m    0.553418[0m
INFO -- Epoch: [95m524[0m - Loss: [93m    0.554101[0m
INFO -- Epoch: [95m525[0m - Loss: [93m    0.554100[0m
INFO -- Epoch: [95m526[0m - Loss: [93m    0.553588[0m
INFO -- Epoch: [95m527[0m - Loss: [93m    0.553610[0m
INFO -- Epoch: [95m528[0m - Loss: [93m    0.555244[0m
INFO -- Epoch: [95m529[0m - Loss: [93m    0.553483[0m
INFO -- Epoch: [95m530[0m - Loss: [93m    0.553974[0m
INFO -- Epoch: [95m531[0m - Loss: [93m    0.553708[0m
INFO -- Epoch: [95m532[0m - Loss: [93m    0.553697[0m
INFO -- Epoch: [95m533[0m - Loss: [93m    0.554273[0m
INFO -- Epoch: [95m534[0m - Loss: [93m    0.553889[0m
INFO -- Epoch: [95m535[0m - Loss: [93m    0.554750[0m
INFO -- Epoch: [95m536[0m - Loss: [93m    0.554194[0m
INFO -- Epoch: [95m537[0m - Loss: [93m    0.553622[0m
INFO -- Epoch: [95m538[0m - Loss: [93m    0.553556[0m
INFO -- Epoch: [95m539[0m - Loss: [93m    0.554610[0m
INFO -- Epoch: [95m540[0m - Loss: [93m    0.553628[0m
INFO -- Epoch: [95m541[0m - Loss: [93m    0.553701[0m
INFO -- Epoch: [95m542[0m - Loss: [93m    0.553720[0m
INFO -- Epoch: [95m543[0m - Loss: [93m    0.554244[0m
INFO -- Epoch: [95m544[0m - Loss: [93m    0.553510[0m
INFO -- Epoch: [95m545[0m - Loss: [93m    0.558764[0m
INFO -- Epoch: [95m546[0m - Loss: [93m    0.553772[0m
INFO -- Epoch: [95m547[0m - Loss: [93m    0.553980[0m
INFO -- Epoch: [95m548[0m - Loss: [93m    0.554178[0m
INFO -- Epoch: [95m549[0m - Loss: [93m    0.555468[0m
INFO -- Epoch: [95m550[0m - Loss: [93m    0.554054[0m
INFO -- Epoch: [95m551[0m - Loss: [93m    0.553347[0m
INFO -- Epoch: [95m552[0m - Loss: [93m    0.553675[0m
INFO -- Epoch: [95m553[0m - Loss: [93m    0.553780[0m
INFO -- Epoch: [95m554[0m - Loss: [93m    0.554992[0m
INFO -- Epoch: [95m555[0m - Loss: [93m    0.554032[0m
INFO -- Epoch: [95m556[0m - Loss: [93m    0.554328[0m
INFO -- Epoch: [95m557[0m - Loss: [93m    0.554430[0m
INFO -- Epoch: [95m558[0m - Loss: [93m    0.557128[0m
INFO -- Epoch: [95m559[0m - Loss: [93m    0.553996[0m
INFO -- Epoch: [95m560[0m - Loss: [93m    0.553703[0m
INFO -- Epoch: [95m561[0m - Loss: [93m    0.553355[0m
INFO -- Epoch: [95m562[0m - Loss: [93m    0.553536[0m
INFO -- Epoch: [95m563[0m - Loss: [93m    0.553984[0m
INFO -- Epoch: [95m564[0m - Loss: [93m    0.554031[0m
INFO -- Epoch: [95m565[0m - Loss: [93m    0.553960[0m
INFO -- Epoch: [95m566[0m - Loss: [93m    0.553499[0m
INFO -- Epoch: [95m567[0m - Loss: [93m    0.553351[0m
INFO -- Epoch: [95m568[0m - Loss: [93m    0.553206[0m
INFO -- Epoch: [95m569[0m - Loss: [93m    0.553424[0m
INFO -- Epoch: [95m570[0m - Loss: [93m    0.553743[0m
INFO -- Epoch: [95m571[0m - Loss: [93m    0.553982[0m
INFO -- Epoch: [95m572[0m - Loss: [93m    0.553526[0m
INFO -- Epoch: [95m573[0m - Loss: [93m    0.553239[0m
INFO -- Epoch: [95m574[0m - Loss: [93m    0.553352[0m
INFO -- Epoch: [95m575[0m - Loss: [93m    0.553768[0m
INFO -- Epoch: [95m576[0m - Loss: [93m    0.553398[0m
INFO -- Epoch: [95m577[0m - Loss: [93m    0.554226[0m
INFO -- Epoch: [95m578[0m - Loss: [93m    0.553643[0m
INFO -- Epoch: [95m579[0m - Loss: [93m    0.553611[0m
INFO -- Epoch: [95m580[0m - Loss: [93m    0.553531[0m
INFO -- Epoch: [95m581[0m - Loss: [93m    0.553988[0m
INFO -- Epoch: [95m582[0m - Loss: [93m    0.553826[0m
INFO -- Epoch: [95m583[0m - Loss: [93m    0.554407[0m
INFO -- Epoch: [95m584[0m - Loss: [93m    0.553343[0m
INFO -- Epoch: [95m585[0m - Loss: [93m    0.553756[0m
INFO -- Epoch: [95m586[0m - Loss: [93m    0.553550[0m
INFO -- Epoch: [95m587[0m - Loss: [93m    0.553388[0m
INFO -- Epoch: [95m588[0m - Loss: [93m    0.553117[0m
INFO -- Epoch: [95m589[0m - Loss: [93m    0.553813[0m
INFO -- Epoch: [95m590[0m - Loss: [93m    0.554155[0m
INFO -- Epoch: [95m591[0m - Loss: [93m    0.553682[0m
INFO -- Epoch: [95m592[0m - Loss: [93m    0.554246[0m
INFO -- Epoch: [95m593[0m - Loss: [93m    0.553490[0m
INFO -- Epoch: [95m594[0m - Loss: [93m    0.553735[0m
INFO -- Epoch: [95m595[0m - Loss: [93m    0.553121[0m
INFO -- Epoch: [95m596[0m - Loss: [93m    0.553557[0m
INFO -- Epoch: [95m597[0m - Loss: [93m    0.554027[0m
INFO -- Epoch: [95m598[0m - Loss: [93m    0.553565[0m
INFO -- Epoch: [95m599[0m - Loss: [93m    0.554629[0m
INFO -- Epoch: [95m600[0m - Loss: [93m    0.553969[0m
INFO -- Epoch: [95m601[0m - Loss: [93m    0.553873[0m
INFO -- Epoch: [95m602[0m - Loss: [93m    0.553639[0m
INFO -- Epoch: [95m603[0m - Loss: [93m    0.553728[0m
INFO -- Epoch: [95m604[0m - Loss: [93m    0.553494[0m
INFO -- Epoch: [95m605[0m - Loss: [93m    0.553577[0m
INFO -- Epoch: [95m606[0m - Loss: [93m    0.553494[0m
INFO -- Epoch: [95m607[0m - Loss: [93m    0.554296[0m
INFO -- Epoch: [95m608[0m - Loss: [93m    0.552981[0m
INFO -- Epoch: [95m609[0m - Loss: [93m    0.553452[0m
INFO -- Epoch: [95m610[0m - Loss: [93m    0.554576[0m
INFO -- Epoch: [95m611[0m - Loss: [93m    0.553765[0m
INFO -- Epoch: [95m612[0m - Loss: [93m    0.553719[0m
INFO -- Epoch: [95m613[0m - Loss: [93m    0.554602[0m
INFO -- Epoch: [95m614[0m - Loss: [93m    0.554605[0m
INFO -- Epoch: [95m615[0m - Loss: [93m    0.554101[0m
INFO -- Epoch: [95m616[0m - Loss: [93m    0.554463[0m
INFO -- Epoch: [95m617[0m - Loss: [93m    0.555212[0m
INFO -- Epoch: [95m618[0m - Loss: [93m    0.554241[0m
INFO -- Epoch: [95m619[0m - Loss: [93m    0.554635[0m
INFO -- Epoch: [95m620[0m - Loss: [93m    0.560013[0m
INFO -- Epoch: [95m621[0m - Loss: [93m    0.555163[0m
INFO -- Epoch: [95m622[0m - Loss: [93m    0.554702[0m
INFO -- Epoch: [95m623[0m - Loss: [93m    0.554763[0m
INFO -- Epoch: [95m624[0m - Loss: [93m    0.554081[0m
INFO -- Epoch: [95m625[0m - Loss: [93m    0.554715[0m
INFO -- Epoch: [95m626[0m - Loss: [93m    0.560053[0m
INFO -- Epoch: [95m627[0m - Loss: [93m    0.554690[0m
INFO -- Epoch: [95m628[0m - Loss: [93m    0.557176[0m
INFO -- Epoch: [95m629[0m - Loss: [93m    0.556189[0m
INFO -- Epoch: [95m630[0m - Loss: [93m    0.556876[0m
INFO -- Epoch: [95m631[0m - Loss: [93m    0.554838[0m
INFO -- Epoch: [95m632[0m - Loss: [93m    0.561161[0m
INFO -- Epoch: [95m633[0m - Loss: [93m    0.567599[0m
INFO -- Epoch: [95m634[0m - Loss: [93m    0.557782[0m
INFO -- Epoch: [95m635[0m - Loss: [93m    0.557119[0m
INFO -- Epoch: [95m636[0m - Loss: [93m    0.555040[0m
INFO -- Epoch: [95m637[0m - Loss: [93m    0.581585[0m
INFO -- Epoch: [95m638[0m - Loss: [93m    0.567181[0m
INFO -- Epoch: [95m639[0m - Loss: [93m    0.554269[0m
INFO -- Epoch: [95m640[0m - Loss: [93m    0.557764[0m
INFO -- Epoch: [95m641[0m - Loss: [93m    0.554827[0m
INFO -- Epoch: [95m642[0m - Loss: [93m    0.554639[0m
INFO -- Epoch: [95m643[0m - Loss: [93m    0.566652[0m
INFO -- Epoch: [95m644[0m - Loss: [93m    0.581051[0m
INFO -- Epoch: [95m645[0m - Loss: [93m    0.575808[0m
INFO -- Epoch: [95m646[0m - Loss: [93m    0.574617[0m
INFO -- Epoch: [95m647[0m - Loss: [93m    0.554022[0m
INFO -- Epoch: [95m648[0m - Loss: [93m    0.556222[0m
INFO -- Epoch: [95m649[0m - Loss: [93m    0.559682[0m
INFO -- Epoch: [95m650[0m - Loss: [93m    0.565147[0m
INFO -- Epoch: [95m651[0m - Loss: [93m    0.565484[0m
INFO -- Epoch: [95m652[0m - Loss: [93m    0.592060[0m
INFO -- Epoch: [95m653[0m - Loss: [93m    0.561298[0m
INFO -- Epoch: [95m654[0m - Loss: [93m    0.553662[0m
INFO -- Epoch: [95m655[0m - Loss: [93m    0.563408[0m
INFO -- Epoch: [95m656[0m - Loss: [93m    0.560750[0m
INFO -- Epoch: [95m657[0m - Loss: [93m    0.583106[0m
INFO -- Epoch: [95m658[0m - Loss: [93m    0.560632[0m
INFO -- Epoch: [95m659[0m - Loss: [93m    0.557123[0m
INFO -- Epoch: [95m660[0m - Loss: [93m    0.555310[0m
INFO -- Epoch: [95m661[0m - Loss: [93m    0.556831[0m
INFO -- Epoch: [95m662[0m - Loss: [93m    0.555659[0m
INFO -- Epoch: [95m663[0m - Loss: [93m    0.560180[0m
INFO -- Epoch: [95m664[0m - Loss: [93m    0.558415[0m
INFO -- Epoch: [95m665[0m - Loss: [93m    0.554571[0m
INFO -- Epoch: [95m666[0m - Loss: [93m    0.554297[0m
INFO -- Epoch: [95m667[0m - Loss: [93m    0.554995[0m
INFO -- Epoch: [95m668[0m - Loss: [93m    0.555098[0m
INFO -- Epoch: [95m669[0m - Loss: [93m    0.555792[0m
INFO -- Epoch: [95m670[0m - Loss: [93m    0.553799[0m
INFO -- Epoch: [95m671[0m - Loss: [93m    0.554169[0m
INFO -- Epoch: [95m672[0m - Loss: [93m    0.553601[0m
INFO -- Epoch: [95m673[0m - Loss: [93m    0.553956[0m
INFO -- Epoch: [95m674[0m - Loss: [93m    0.553907[0m
INFO -- Epoch: [95m675[0m - Loss: [93m    0.554055[0m
INFO -- Epoch: [95m676[0m - Loss: [93m    0.554358[0m
INFO -- Epoch: [95m677[0m - Loss: [93m    0.553145[0m
INFO -- Epoch: [95m678[0m - Loss: [93m    0.553575[0m
INFO -- Epoch: [95m679[0m - Loss: [93m    0.555255[0m
INFO -- Epoch: [95m680[0m - Loss: [93m    0.555253[0m
INFO -- Epoch: [95m681[0m - Loss: [93m    0.553639[0m
INFO -- Epoch: [95m682[0m - Loss: [93m    0.554479[0m
INFO -- Epoch: [95m683[0m - Loss: [93m    0.553454[0m
INFO -- Epoch: [95m684[0m - Loss: [93m    0.554836[0m
INFO -- Epoch: [95m685[0m - Loss: [93m    0.556864[0m
INFO -- Epoch: [95m686[0m - Loss: [93m    0.553574[0m
INFO -- Epoch: [95m687[0m - Loss: [93m    0.553520[0m
INFO -- Epoch: [95m688[0m - Loss: [93m    0.553793[0m
INFO -- Epoch: [95m689[0m - Loss: [93m    0.555742[0m
INFO -- Epoch: [95m690[0m - Loss: [93m    0.554347[0m
INFO -- Epoch: [95m691[0m - Loss: [93m    0.554238[0m
INFO -- Epoch: [95m692[0m - Loss: [93m    0.553713[0m
INFO -- Epoch: [95m693[0m - Loss: [93m    0.554277[0m
INFO -- Epoch: [95m694[0m - Loss: [93m    0.553677[0m
INFO -- Epoch: [95m695[0m - Loss: [93m    0.554477[0m
INFO -- Epoch: [95m696[0m - Loss: [93m    0.554460[0m
INFO -- Epoch: [95m697[0m - Loss: [93m    0.557608[0m
INFO -- Epoch: [95m698[0m - Loss: [93m    0.554648[0m
INFO -- Epoch: [95m699[0m - Loss: [93m    0.555029[0m
INFO -- Epoch: [95m700[0m - Loss: [93m    0.554479[0m
INFO -- Epoch: [95m701[0m - Loss: [93m    0.554580[0m
INFO -- Epoch: [95m702[0m - Loss: [93m    0.553929[0m
INFO -- Epoch: [95m703[0m - Loss: [93m    0.553668[0m
INFO -- Epoch: [95m704[0m - Loss: [93m    0.555741[0m
INFO -- Epoch: [95m705[0m - Loss: [93m    0.553849[0m
INFO -- Epoch: [95m706[0m - Loss: [93m    0.555112[0m
INFO -- Epoch: [95m707[0m - Loss: [93m    0.553149[0m
INFO -- Epoch: [95m708[0m - Loss: [93m    0.554011[0m
INFO -- Epoch: [95m709[0m - Loss: [93m    0.553958[0m
INFO -- Epoch: [95m710[0m - Loss: [93m    0.554441[0m
INFO -- Epoch: [95m711[0m - Loss: [93m    0.555070[0m
INFO -- Epoch: [95m712[0m - Loss: [93m    0.556799[0m
INFO -- Epoch: [95m713[0m - Loss: [93m    0.556873[0m
INFO -- Epoch: [95m714[0m - Loss: [93m    0.555572[0m
INFO -- Epoch: [95m715[0m - Loss: [93m    0.556228[0m
INFO -- Epoch: [95m716[0m - Loss: [93m    0.555609[0m
INFO -- Epoch: [95m717[0m - Loss: [93m    0.557077[0m
INFO -- Epoch: [95m718[0m - Loss: [93m    0.553634[0m
INFO -- Epoch: [95m719[0m - Loss: [93m    0.554760[0m
INFO -- Epoch: [95m720[0m - Loss: [93m    0.555507[0m
INFO -- Epoch: [95m721[0m - Loss: [93m    0.554993[0m
INFO -- Epoch: [95m722[0m - Loss: [93m    0.554352[0m
INFO -- Epoch: [95m723[0m - Loss: [93m    0.554245[0m
INFO -- Epoch: [95m724[0m - Loss: [93m    0.556231[0m
INFO -- Epoch: [95m725[0m - Loss: [93m    0.554558[0m
INFO -- Epoch: [95m726[0m - Loss: [93m    0.553762[0m
INFO -- Epoch: [95m727[0m - Loss: [93m    0.554452[0m
INFO -- Epoch: [95m728[0m - Loss: [93m    0.556295[0m
INFO -- Epoch: [95m729[0m - Loss: [93m    0.554204[0m
INFO -- Epoch: [95m730[0m - Loss: [93m    0.553957[0m
INFO -- Epoch: [95m731[0m - Loss: [93m    0.553604[0m
INFO -- Epoch: [95m732[0m - Loss: [93m    0.554137[0m
INFO -- Epoch: [95m733[0m - Loss: [93m    0.554512[0m
INFO -- Epoch: [95m734[0m - Loss: [93m    0.554019[0m
INFO -- Epoch: [95m735[0m - Loss: [93m    0.554878[0m
INFO -- Epoch: [95m736[0m - Loss: [93m    0.553565[0m
INFO -- Epoch: [95m737[0m - Loss: [93m    0.553444[0m
INFO -- Epoch: [95m738[0m - Loss: [93m    0.553618[0m
INFO -- Epoch: [95m739[0m - Loss: [93m    0.554309[0m
INFO -- Epoch: [95m740[0m - Loss: [93m    0.553505[0m
INFO -- Epoch: [95m741[0m - Loss: [93m    0.553690[0m
INFO -- Epoch: [95m742[0m - Loss: [93m    0.553512[0m
INFO -- Epoch: [95m743[0m - Loss: [93m    0.554537[0m
INFO -- Epoch: [95m744[0m - Loss: [93m    0.553877[0m
INFO -- Epoch: [95m745[0m - Loss: [93m    0.554806[0m
INFO -- Epoch: [95m746[0m - Loss: [93m    0.554009[0m
INFO -- Epoch: [95m747[0m - Loss: [93m    0.554253[0m
INFO -- Epoch: [95m748[0m - Loss: [93m    0.554509[0m
INFO -- Epoch: [95m749[0m - Loss: [93m    0.554129[0m
INFO -- Epoch: [95m750[0m - Loss: [93m    0.553484[0m
INFO -- Epoch: [95m751[0m - Loss: [93m    0.553170[0m
INFO -- Epoch: [95m752[0m - Loss: [93m    0.553781[0m
INFO -- Epoch: [95m753[0m - Loss: [93m    0.553411[0m
INFO -- Epoch: [95m754[0m - Loss: [93m    0.553777[0m
INFO -- Epoch: [95m755[0m - Loss: [93m    0.554205[0m
INFO -- Epoch: [95m756[0m - Loss: [93m    0.554387[0m
INFO -- Epoch: [95m757[0m - Loss: [93m    0.553904[0m
INFO -- Epoch: [95m758[0m - Loss: [93m    0.553661[0m
INFO -- Epoch: [95m759[0m - Loss: [93m    0.554589[0m
INFO -- Epoch: [95m760[0m - Loss: [93m    0.556126[0m
INFO -- Epoch: [95m761[0m - Loss: [93m    0.553689[0m
INFO -- Epoch: [95m762[0m - Loss: [93m    0.556001[0m
INFO -- Epoch: [95m763[0m - Loss: [93m    0.553631[0m
INFO -- Epoch: [95m764[0m - Loss: [93m    0.555302[0m
INFO -- Epoch: [95m765[0m - Loss: [93m    0.554292[0m
INFO -- Epoch: [95m766[0m - Loss: [93m    0.555676[0m
INFO -- Epoch: [95m767[0m - Loss: [93m    0.554172[0m
INFO -- Epoch: [95m768[0m - Loss: [93m    0.555946[0m
INFO -- Epoch: [95m769[0m - Loss: [93m    0.554237[0m
INFO -- Epoch: [95m770[0m - Loss: [93m    0.554680[0m
INFO -- Epoch: [95m771[0m - Loss: [93m    0.555129[0m
INFO -- Epoch: [95m772[0m - Loss: [93m    0.553540[0m
INFO -- Epoch: [95m773[0m - Loss: [93m    0.555382[0m
INFO -- Epoch: [95m774[0m - Loss: [93m    0.553436[0m
INFO -- Epoch: [95m775[0m - Loss: [93m    0.553418[0m
INFO -- Epoch: [95m776[0m - Loss: [93m    0.555358[0m
INFO -- Epoch: [95m777[0m - Loss: [93m    0.553099[0m
INFO -- Epoch: [95m778[0m - Loss: [93m    0.553864[0m
INFO -- Epoch: [95m779[0m - Loss: [93m    0.553966[0m
INFO -- Epoch: [95m780[0m - Loss: [93m    0.553892[0m
INFO -- Epoch: [95m781[0m - Loss: [93m    0.555877[0m
INFO -- Epoch: [95m782[0m - Loss: [93m    0.553928[0m
INFO -- Epoch: [95m783[0m - Loss: [93m    0.554052[0m
INFO -- Epoch: [95m784[0m - Loss: [93m    0.554316[0m
INFO -- Epoch: [95m785[0m - Loss: [93m    0.553827[0m
INFO -- Epoch: [95m786[0m - Loss: [93m    0.553252[0m
INFO -- Epoch: [95m787[0m - Loss: [93m    0.555158[0m
INFO -- Epoch: [95m788[0m - Loss: [93m    0.555385[0m
INFO -- Epoch: [95m789[0m - Loss: [93m    0.553285[0m
INFO -- Epoch: [95m790[0m - Loss: [93m    0.554090[0m
INFO -- Epoch: [95m791[0m - Loss: [93m    0.557895[0m
INFO -- Epoch: [95m792[0m - Loss: [93m    0.553266[0m
INFO -- Epoch: [95m793[0m - Loss: [93m    0.553431[0m
INFO -- Epoch: [95m794[0m - Loss: [93m    0.554447[0m
INFO -- Epoch: [95m795[0m - Loss: [93m    0.553909[0m
INFO -- Epoch: [95m796[0m - Loss: [93m    0.554881[0m
INFO -- Epoch: [95m797[0m - Loss: [93m    0.553528[0m
INFO -- Epoch: [95m798[0m - Loss: [93m    0.554325[0m
INFO -- Epoch: [95m799[0m - Loss: [93m    0.553321[0m
INFO -- Epoch: [95m800[0m - Loss: [93m    0.553687[0m
INFO -- Epoch: [95m801[0m - Loss: [93m    0.554610[0m
INFO -- Epoch: [95m802[0m - Loss: [93m    0.553295[0m
INFO -- Epoch: [95m803[0m - Loss: [93m    0.553870[0m
INFO -- Epoch: [95m804[0m - Loss: [93m    0.554065[0m
INFO -- Epoch: [95m805[0m - Loss: [93m    0.555977[0m
INFO -- Epoch: [95m806[0m - Loss: [93m    0.555086[0m
INFO -- Epoch: [95m807[0m - Loss: [93m    0.554187[0m
INFO -- Epoch: [95m808[0m - Loss: [93m    0.554058[0m
INFO -- Epoch: [95m809[0m - Loss: [93m    0.555080[0m
INFO -- Epoch: [95m810[0m - Loss: [93m    0.553967[0m
INFO -- Epoch: [95m811[0m - Loss: [93m    0.554825[0m
INFO -- Epoch: [95m812[0m - Loss: [93m    0.554900[0m
INFO -- Epoch: [95m813[0m - Loss: [93m    0.556015[0m
INFO -- Epoch: [95m814[0m - Loss: [93m    0.554438[0m
INFO -- Epoch: [95m815[0m - Loss: [93m    0.554938[0m
INFO -- Epoch: [95m816[0m - Loss: [93m    0.559022[0m
INFO -- Epoch: [95m817[0m - Loss: [93m    0.553739[0m
INFO -- Epoch: [95m818[0m - Loss: [93m    0.554908[0m
INFO -- Epoch: [95m819[0m - Loss: [93m    0.555973[0m
INFO -- Epoch: [95m820[0m - Loss: [93m    0.555621[0m
INFO -- Epoch: [95m821[0m - Loss: [93m    0.553939[0m
INFO -- Epoch: [95m822[0m - Loss: [93m    0.553991[0m
INFO -- Epoch: [95m823[0m - Loss: [93m    0.554851[0m
INFO -- Epoch: [95m824[0m - Loss: [93m    0.561547[0m
INFO -- Epoch: [95m825[0m - Loss: [93m    0.555754[0m
INFO -- Epoch: [95m826[0m - Loss: [93m    0.556156[0m
INFO -- Epoch: [95m827[0m - Loss: [93m    0.554404[0m
INFO -- Epoch: [95m828[0m - Loss: [93m    0.553814[0m
INFO -- Epoch: [95m829[0m - Loss: [93m    0.556258[0m
INFO -- Epoch: [95m830[0m - Loss: [93m    0.555426[0m
INFO -- Epoch: [95m831[0m - Loss: [93m    0.578544[0m
INFO -- Epoch: [95m832[0m - Loss: [93m    0.555260[0m
INFO -- Epoch: [95m833[0m - Loss: [93m    0.558657[0m
INFO -- Epoch: [95m834[0m - Loss: [93m    0.554262[0m
INFO -- Epoch: [95m835[0m - Loss: [93m    0.605907[0m
INFO -- Epoch: [95m836[0m - Loss: [93m    0.563593[0m
INFO -- Epoch: [95m837[0m - Loss: [93m    0.569267[0m
INFO -- Epoch: [95m838[0m - Loss: [93m    0.573784[0m
INFO -- Epoch: [95m839[0m - Loss: [93m    0.560286[0m
INFO -- Epoch: [95m840[0m - Loss: [93m    0.568812[0m
INFO -- Epoch: [95m841[0m - Loss: [93m    0.561965[0m
INFO -- Epoch: [95m842[0m - Loss: [93m    0.565470[0m
INFO -- Epoch: [95m843[0m - Loss: [93m    0.553648[0m
INFO -- Epoch: [95m844[0m - Loss: [93m    0.554674[0m
INFO -- Epoch: [95m845[0m - Loss: [93m    0.554543[0m
INFO -- Training interrupted by user at epoch [91m846[0m
INFO -- Creating plots and saving to files. Dimensions: 1
