INFO -- Device: cuda
INFO -- [92mOne dimentional problem[0m
INFO -- 
INFO -- ================================================================================
INFO -- Learning parameters
INFO -- Length:                                           [92m1.0[0m
INFO -- Total time:                                       [92m1.0[0m
INFO -- Number of points in x:                            [92m150[0m
INFO -- Number of points in t:                            [92m150[0m
INFO -- Number of points in initial condition:            [92m300[0m
INFO -- Weight for interior loss:                         [92m0.5[0m
INFO -- Weight for initial condition loss:                [92m150.0[0m
INFO -- Weight for boundary loss:                         [92m1.0[0m
INFO -- Layers:                                           [92m4[0m
INFO -- Neurons per layer:                                [92m20[0m
INFO -- Epochs:                                           [92m50000[0m
INFO -- Learning rate:                                    [92m0.0025[0m
INFO -- ================================================================================
INFO -- 
INFO -- Creating PINN with [92m4[0m layers and [92m20[0m neurons per layer
INFO -- Computing initial condition loss
INFO -- Training PINN for [93m50000[0m epochs using [93mloss_fn_weak[0m loss function
INFO -- Epoch: [95m1[0m - Loss: [93m    2.101322[0m
INFO -- Epoch: [95m2[0m - Loss: [93m    1.855530[0m
INFO -- Epoch: [95m3[0m - Loss: [93m    1.636610[0m
INFO -- Epoch: [95m4[0m - Loss: [93m    1.440250[0m
INFO -- Epoch: [95m5[0m - Loss: [93m    1.264357[0m
INFO -- Epoch: [95m6[0m - Loss: [93m    1.107785[0m
INFO -- Epoch: [95m7[0m - Loss: [93m    0.970085[0m
INFO -- Epoch: [95m8[0m - Loss: [93m    0.851557[0m
INFO -- Epoch: [95m9[0m - Loss: [93m    0.753118[0m
INFO -- Epoch: [95m10[0m - Loss: [93m    0.675976[0m
INFO -- Epoch: [95m11[0m - Loss: [93m    0.621138[0m
INFO -- Epoch: [95m12[0m - Loss: [93m    0.588618[0m
INFO -- Epoch: [95m13[0m - Loss: [93m    0.576450[0m
INFO -- Epoch: [95m14[0m - Loss: [93m    0.579992[0m
INFO -- Epoch: [95m15[0m - Loss: [93m    0.592085[0m
INFO -- Epoch: [95m16[0m - Loss: [93m    0.604659[0m
INFO -- Epoch: [95m17[0m - Loss: [93m    0.611278[0m
INFO -- Epoch: [95m18[0m - Loss: [93m    0.608842[0m
INFO -- Epoch: [95m19[0m - Loss: [93m    0.597621[0m
INFO -- Epoch: [95m20[0m - Loss: [93m    0.580208[0m
INFO -- Epoch: [95m21[0m - Loss: [93m    0.560240[0m
INFO -- Epoch: [95m22[0m - Loss: [93m    0.541324[0m
INFO -- Epoch: [95m23[0m - Loss: [93m    0.526302[0m
INFO -- Epoch: [95m24[0m - Loss: [93m    0.516839[0m
INFO -- Epoch: [95m25[0m - Loss: [93m    0.513306[0m
INFO -- Epoch: [95m26[0m - Loss: [93m    0.514896[0m
INFO -- Epoch: [95m27[0m - Loss: [93m    0.519937[0m
INFO -- Epoch: [95m28[0m - Loss: [93m    0.526354[0m
INFO -- Epoch: [95m29[0m - Loss: [93m    0.532165[0m
INFO -- Epoch: [95m30[0m - Loss: [93m    0.535919[0m
INFO -- Epoch: [95m31[0m - Loss: [93m    0.536915[0m
INFO -- Epoch: [95m32[0m - Loss: [93m    0.535210[0m
INFO -- Epoch: [95m33[0m - Loss: [93m    0.531444[0m
INFO -- Epoch: [95m34[0m - Loss: [93m    0.526586[0m
INFO -- Epoch: [95m35[0m - Loss: [93m    0.521676[0m
INFO -- Epoch: [95m36[0m - Loss: [93m    0.517599[0m
INFO -- Epoch: [95m37[0m - Loss: [93m    0.514923[0m
INFO -- Epoch: [95m38[0m - Loss: [93m    0.513827[0m
INFO -- Epoch: [95m39[0m - Loss: [93m    0.514109[0m
INFO -- Epoch: [95m40[0m - Loss: [93m    0.515286[0m
INFO -- Epoch: [95m41[0m - Loss: [93m    0.516751[0m
INFO -- Epoch: [95m42[0m - Loss: [93m    0.517940[0m
INFO -- Epoch: [95m43[0m - Loss: [93m    0.518470[0m
INFO -- Epoch: [95m44[0m - Loss: [93m    0.518206[0m
INFO -- Epoch: [95m45[0m - Loss: [93m    0.517250[0m
INFO -- Epoch: [95m46[0m - Loss: [93m    0.515875[0m
INFO -- Epoch: [95m47[0m - Loss: [93m    0.514419[0m
INFO -- Training interrupted by user at epoch [91m48[0m
INFO -- Creating plots and saving to files. Dimensions: 1
