INFO -- Device: cuda
INFO -- 
INFO -- ================================================================================
INFO -- Learning parameters
INFO -- Length:                                           [92m1.0[0m
INFO -- Total time:                                       [92m1.0[0m
INFO -- Number of points in x:                            [92m150[0m
INFO -- Number of points in initial condition:            [92m300[0m
INFO -- Weight for interior loss:                         [92m0.5[0m
INFO -- Weight for initial condition loss:                [92m150.0[0m
INFO -- Weight for boundary loss:                         [92m1.0[0m
INFO -- Layers:                                           [92m8[0m
INFO -- Neurons per layer:                                [92m60[0m
INFO -- Epochs:                                           [92m50000[0m
INFO -- Learning rate:                                    [92m0.0025[0m
INFO -- ================================================================================
INFO -- 
INFO -- Creating PINN with [92m8[0m layers and [92m60[0m neurons per layer
INFO -- Computing initial condition loss
INFO -- Training PINN for [93m50000[0m epochs using [93mloss_fn_weak_and_strong[0m loss function
INFO -- Epoch: [95m1[0m - Loss: [93m    1.158722[0m
INFO -- Epoch: [95m2[0m - Loss: [93m    0.843144[0m
INFO -- Epoch: [95m3[0m - Loss: [93m    0.626860[0m
INFO -- Epoch: [95m4[0m - Loss: [93m    0.575348[0m
INFO -- Epoch: [95m5[0m - Loss: [93m    0.669312[0m
INFO -- Epoch: [95m6[0m - Loss: [93m    0.608480[0m
INFO -- Epoch: [95m7[0m - Loss: [93m    0.555041[0m
INFO -- Epoch: [95m8[0m - Loss: [93m    0.571840[0m
INFO -- Epoch: [95m9[0m - Loss: [93m    0.595130[0m
INFO -- Epoch: [95m10[0m - Loss: [93m    0.590501[0m
INFO -- Epoch: [95m11[0m - Loss: [93m    0.569609[0m
INFO -- Epoch: [95m12[0m - Loss: [93m    0.555136[0m
INFO -- Epoch: [95m13[0m - Loss: [93m    0.555746[0m
INFO -- Epoch: [95m14[0m - Loss: [93m    0.569487[0m
INFO -- Epoch: [95m15[0m - Loss: [93m    0.567644[0m
INFO -- Epoch: [95m16[0m - Loss: [93m    0.574282[0m
INFO -- Epoch: [95m17[0m - Loss: [93m    0.557753[0m
INFO -- Epoch: [95m18[0m - Loss: [93m    0.555281[0m
INFO -- Epoch: [95m19[0m - Loss: [93m    0.555001[0m
INFO -- Epoch: [95m20[0m - Loss: [93m    0.557486[0m
INFO -- Epoch: [95m21[0m - Loss: [93m    0.559954[0m
INFO -- Epoch: [95m22[0m - Loss: [93m    0.561072[0m
INFO -- Epoch: [95m23[0m - Loss: [93m    0.559999[0m
INFO -- Epoch: [95m24[0m - Loss: [93m    0.557426[0m
INFO -- Epoch: [95m25[0m - Loss: [93m    0.555091[0m
INFO -- Epoch: [95m26[0m - Loss: [93m    0.553168[0m
INFO -- Epoch: [95m27[0m - Loss: [93m    0.554869[0m
INFO -- Epoch: [95m28[0m - Loss: [93m    0.554591[0m
INFO -- Epoch: [95m29[0m - Loss: [93m    0.559739[0m
INFO -- Epoch: [95m30[0m - Loss: [93m    0.555741[0m
INFO -- Epoch: [95m31[0m - Loss: [93m    0.556212[0m
INFO -- Epoch: [95m32[0m - Loss: [93m    0.555372[0m
INFO -- Epoch: [95m33[0m - Loss: [93m    0.557827[0m
INFO -- Epoch: [95m34[0m - Loss: [93m    0.553654[0m
INFO -- Epoch: [95m35[0m - Loss: [93m    0.554543[0m
INFO -- Epoch: [95m36[0m - Loss: [93m    0.554631[0m
INFO -- Epoch: [95m37[0m - Loss: [93m    0.556002[0m
INFO -- Epoch: [95m38[0m - Loss: [93m    0.555848[0m
INFO -- Epoch: [95m39[0m - Loss: [93m    0.555858[0m
INFO -- Epoch: [95m40[0m - Loss: [93m    0.555443[0m
INFO -- Epoch: [95m41[0m - Loss: [93m    0.554847[0m
INFO -- Epoch: [95m42[0m - Loss: [93m    0.554231[0m
INFO -- Epoch: [95m43[0m - Loss: [93m    0.554821[0m
INFO -- Epoch: [95m44[0m - Loss: [93m    0.553921[0m
INFO -- Epoch: [95m45[0m - Loss: [93m    0.554582[0m
INFO -- Epoch: [95m46[0m - Loss: [93m    0.553519[0m
INFO -- Epoch: [95m47[0m - Loss: [93m    0.556808[0m
INFO -- Epoch: [95m48[0m - Loss: [93m    0.552945[0m
INFO -- Epoch: [95m49[0m - Loss: [93m    0.561590[0m
INFO -- Epoch: [95m50[0m - Loss: [93m    0.553266[0m
INFO -- Epoch: [95m51[0m - Loss: [93m    0.554198[0m
INFO -- Epoch: [95m52[0m - Loss: [93m    0.554764[0m
INFO -- Epoch: [95m53[0m - Loss: [93m    0.554870[0m
INFO -- Epoch: [95m54[0m - Loss: [93m    0.554881[0m
INFO -- Epoch: [95m55[0m - Loss: [93m    0.555061[0m
INFO -- Epoch: [95m56[0m - Loss: [93m    0.555205[0m
INFO -- Epoch: [95m57[0m - Loss: [93m    0.555129[0m
INFO -- Epoch: [95m58[0m - Loss: [93m    0.555045[0m
INFO -- Epoch: [95m59[0m - Loss: [93m    0.554888[0m
INFO -- Epoch: [95m60[0m - Loss: [93m    0.554723[0m
INFO -- Epoch: [95m61[0m - Loss: [93m    0.554605[0m
INFO -- Epoch: [95m62[0m - Loss: [93m    0.554292[0m
INFO -- Epoch: [95m63[0m - Loss: [93m    0.555331[0m
INFO -- Epoch: [95m64[0m - Loss: [93m    0.554928[0m
INFO -- Epoch: [95m65[0m - Loss: [93m    0.553830[0m
INFO -- Epoch: [95m66[0m - Loss: [93m    0.553771[0m
INFO -- Epoch: [95m67[0m - Loss: [93m    0.553596[0m
INFO -- Epoch: [95m68[0m - Loss: [93m    0.554179[0m
INFO -- Epoch: [95m69[0m - Loss: [93m    0.553555[0m
INFO -- Epoch: [95m70[0m - Loss: [93m    0.553508[0m
INFO -- Epoch: [95m71[0m - Loss: [93m    0.553779[0m
INFO -- Epoch: [95m72[0m - Loss: [93m    0.552405[0m
INFO -- Epoch: [95m73[0m - Loss: [93m    0.552807[0m
INFO -- Epoch: [95m74[0m - Loss: [93m    0.553594[0m
INFO -- Epoch: [95m75[0m - Loss: [93m    0.555968[0m
INFO -- Epoch: [95m76[0m - Loss: [93m    0.554797[0m
INFO -- Epoch: [95m77[0m - Loss: [93m    0.553824[0m
INFO -- Epoch: [95m78[0m - Loss: [93m    0.552719[0m
INFO -- Epoch: [95m79[0m - Loss: [93m    0.553784[0m
INFO -- Epoch: [95m80[0m - Loss: [93m    0.556731[0m
INFO -- Epoch: [95m81[0m - Loss: [93m    0.553760[0m
INFO -- Epoch: [95m82[0m - Loss: [93m    0.554170[0m
INFO -- Epoch: [95m83[0m - Loss: [93m    0.553992[0m
INFO -- Epoch: [95m84[0m - Loss: [93m    0.554845[0m
INFO -- Epoch: [95m85[0m - Loss: [93m    0.554329[0m
INFO -- Epoch: [95m86[0m - Loss: [93m    0.554318[0m
INFO -- Epoch: [95m87[0m - Loss: [93m    0.554811[0m
INFO -- Epoch: [95m88[0m - Loss: [93m    0.554457[0m
INFO -- Epoch: [95m89[0m - Loss: [93m    0.554612[0m
INFO -- Epoch: [95m90[0m - Loss: [93m    0.553921[0m
INFO -- Epoch: [95m91[0m - Loss: [93m    0.554238[0m
INFO -- Epoch: [95m92[0m - Loss: [93m    0.553738[0m
INFO -- Epoch: [95m93[0m - Loss: [93m    0.553570[0m
INFO -- Epoch: [95m94[0m - Loss: [93m    0.553289[0m
INFO -- Epoch: [95m95[0m - Loss: [93m    0.556518[0m
INFO -- Epoch: [95m96[0m - Loss: [93m    0.553447[0m
INFO -- Epoch: [95m97[0m - Loss: [93m    0.555578[0m
INFO -- Epoch: [95m98[0m - Loss: [93m    0.554738[0m
INFO -- Epoch: [95m99[0m - Loss: [93m    0.554669[0m
INFO -- Epoch: [95m100[0m - Loss: [93m    0.553234[0m
INFO -- Epoch: [95m101[0m - Loss: [93m    0.554306[0m
INFO -- Epoch: [95m102[0m - Loss: [93m    0.553774[0m
INFO -- Epoch: [95m103[0m - Loss: [93m    0.554441[0m
INFO -- Epoch: [95m104[0m - Loss: [93m    0.553588[0m
INFO -- Epoch: [95m105[0m - Loss: [93m    0.555388[0m
INFO -- Epoch: [95m106[0m - Loss: [93m    0.554157[0m
INFO -- Epoch: [95m107[0m - Loss: [93m    0.554309[0m
INFO -- Epoch: [95m108[0m - Loss: [93m    0.553732[0m
INFO -- Epoch: [95m109[0m - Loss: [93m    0.554783[0m
INFO -- Epoch: [95m110[0m - Loss: [93m    0.554500[0m
INFO -- Epoch: [95m111[0m - Loss: [93m    0.553876[0m
INFO -- Epoch: [95m112[0m - Loss: [93m    0.554613[0m
INFO -- Epoch: [95m113[0m - Loss: [93m    0.554703[0m
INFO -- Epoch: [95m114[0m - Loss: [93m    0.554063[0m
INFO -- Epoch: [95m115[0m - Loss: [93m    0.554952[0m
INFO -- Epoch: [95m116[0m - Loss: [93m    0.554249[0m
INFO -- Epoch: [95m117[0m - Loss: [93m    0.554907[0m
INFO -- Epoch: [95m118[0m - Loss: [93m    0.554015[0m
INFO -- Epoch: [95m119[0m - Loss: [93m    0.555336[0m
INFO -- Epoch: [95m120[0m - Loss: [93m    0.553939[0m
INFO -- Epoch: [95m121[0m - Loss: [93m    0.554196[0m
INFO -- Epoch: [95m122[0m - Loss: [93m    0.553856[0m
INFO -- Epoch: [95m123[0m - Loss: [93m    0.553881[0m
INFO -- Epoch: [95m124[0m - Loss: [93m    0.554463[0m
INFO -- Epoch: [95m125[0m - Loss: [93m    0.553762[0m
INFO -- Epoch: [95m126[0m - Loss: [93m    0.555233[0m
INFO -- Epoch: [95m127[0m - Loss: [93m    0.554695[0m
INFO -- Epoch: [95m128[0m - Loss: [93m    0.553754[0m
INFO -- Epoch: [95m129[0m - Loss: [93m    0.554748[0m
INFO -- Epoch: [95m130[0m - Loss: [93m    0.556173[0m
INFO -- Epoch: [95m131[0m - Loss: [93m    0.555528[0m
INFO -- Epoch: [95m132[0m - Loss: [93m    0.555137[0m
INFO -- Epoch: [95m133[0m - Loss: [93m    0.554115[0m
INFO -- Epoch: [95m134[0m - Loss: [93m    0.554590[0m
INFO -- Epoch: [95m135[0m - Loss: [93m    0.554664[0m
INFO -- Epoch: [95m136[0m - Loss: [93m    0.554503[0m
INFO -- Epoch: [95m137[0m - Loss: [93m    0.554545[0m
INFO -- Epoch: [95m138[0m - Loss: [93m    0.554647[0m
INFO -- Epoch: [95m139[0m - Loss: [93m    0.554845[0m
INFO -- Epoch: [95m140[0m - Loss: [93m    0.554940[0m
INFO -- Epoch: [95m141[0m - Loss: [93m    0.554573[0m
INFO -- Epoch: [95m142[0m - Loss: [93m    0.554392[0m
INFO -- Epoch: [95m143[0m - Loss: [93m    0.554784[0m
INFO -- Epoch: [95m144[0m - Loss: [93m    0.554765[0m
INFO -- Epoch: [95m145[0m - Loss: [93m    0.554512[0m
INFO -- Epoch: [95m146[0m - Loss: [93m    0.554027[0m
INFO -- Epoch: [95m147[0m - Loss: [93m    0.554130[0m
INFO -- Epoch: [95m148[0m - Loss: [93m    0.553928[0m
INFO -- Epoch: [95m149[0m - Loss: [93m    0.553555[0m
INFO -- Epoch: [95m150[0m - Loss: [93m    0.555145[0m
INFO -- Epoch: [95m151[0m - Loss: [93m    0.553120[0m
INFO -- Epoch: [95m152[0m - Loss: [93m    0.553288[0m
INFO -- Epoch: [95m153[0m - Loss: [93m    0.553186[0m
INFO -- Epoch: [95m154[0m - Loss: [93m    0.553323[0m
INFO -- Epoch: [95m155[0m - Loss: [93m    0.553381[0m
INFO -- Epoch: [95m156[0m - Loss: [93m    0.552680[0m
INFO -- Epoch: [95m157[0m - Loss: [93m    0.554737[0m
INFO -- Epoch: [95m158[0m - Loss: [93m    0.557153[0m
INFO -- Epoch: [95m159[0m - Loss: [93m    0.552524[0m
INFO -- Epoch: [95m160[0m - Loss: [93m    0.552890[0m
INFO -- Epoch: [95m161[0m - Loss: [93m    0.553848[0m
INFO -- Epoch: [95m162[0m - Loss: [93m    0.556266[0m
INFO -- Epoch: [95m163[0m - Loss: [93m    0.553802[0m
INFO -- Epoch: [95m164[0m - Loss: [93m    0.553770[0m
INFO -- Epoch: [95m165[0m - Loss: [93m    0.554192[0m
INFO -- Epoch: [95m166[0m - Loss: [93m    0.553832[0m
INFO -- Epoch: [95m167[0m - Loss: [93m    0.555168[0m
INFO -- Epoch: [95m168[0m - Loss: [93m    0.554920[0m
INFO -- Epoch: [95m169[0m - Loss: [93m    0.554096[0m
INFO -- Epoch: [95m170[0m - Loss: [93m    0.554194[0m
INFO -- Epoch: [95m171[0m - Loss: [93m    0.554182[0m
INFO -- Epoch: [95m172[0m - Loss: [93m    0.554233[0m
INFO -- Epoch: [95m173[0m - Loss: [93m    0.554940[0m
INFO -- Epoch: [95m174[0m - Loss: [93m    0.553659[0m
INFO -- Epoch: [95m175[0m - Loss: [93m    0.555510[0m
INFO -- Epoch: [95m176[0m - Loss: [93m    0.554373[0m
INFO -- Epoch: [95m177[0m - Loss: [93m    0.554386[0m
INFO -- Epoch: [95m178[0m - Loss: [93m    0.553982[0m
INFO -- Epoch: [95m179[0m - Loss: [93m    0.553787[0m
INFO -- Epoch: [95m180[0m - Loss: [93m    0.553520[0m
INFO -- Epoch: [95m181[0m - Loss: [93m    0.555176[0m
INFO -- Epoch: [95m182[0m - Loss: [93m    0.553249[0m
INFO -- Epoch: [95m183[0m - Loss: [93m    0.553083[0m
INFO -- Epoch: [95m184[0m - Loss: [93m    0.553508[0m
INFO -- Epoch: [95m185[0m - Loss: [93m    0.556312[0m
INFO -- Epoch: [95m186[0m - Loss: [93m    0.552837[0m
INFO -- Epoch: [95m187[0m - Loss: [93m    0.553015[0m
INFO -- Epoch: [95m188[0m - Loss: [93m    0.552819[0m
INFO -- Epoch: [95m189[0m - Loss: [93m    0.552389[0m
INFO -- Epoch: [95m190[0m - Loss: [93m    0.553936[0m
INFO -- Epoch: [95m191[0m - Loss: [93m    0.557765[0m
INFO -- Epoch: [95m192[0m - Loss: [93m    0.553365[0m
INFO -- Epoch: [95m193[0m - Loss: [93m    0.555959[0m
INFO -- Epoch: [95m194[0m - Loss: [93m    0.557845[0m
INFO -- Epoch: [95m195[0m - Loss: [93m    0.554891[0m
INFO -- Epoch: [95m196[0m - Loss: [93m    0.554661[0m
INFO -- Epoch: [95m197[0m - Loss: [93m    0.554678[0m
INFO -- Epoch: [95m198[0m - Loss: [93m    0.554739[0m
INFO -- Epoch: [95m199[0m - Loss: [93m    0.554393[0m
INFO -- Epoch: [95m200[0m - Loss: [93m    0.554290[0m
INFO -- Epoch: [95m201[0m - Loss: [93m    0.555397[0m
INFO -- Epoch: [95m202[0m - Loss: [93m    0.553164[0m
INFO -- Epoch: [95m203[0m - Loss: [93m    0.559179[0m
INFO -- Epoch: [95m204[0m - Loss: [93m    0.554323[0m
INFO -- Epoch: [95m205[0m - Loss: [93m    0.554315[0m
INFO -- Epoch: [95m206[0m - Loss: [93m    0.555127[0m
INFO -- Epoch: [95m207[0m - Loss: [93m    0.555023[0m
INFO -- Epoch: [95m208[0m - Loss: [93m    0.555201[0m
INFO -- Epoch: [95m209[0m - Loss: [93m    0.555295[0m
INFO -- Epoch: [95m210[0m - Loss: [93m    0.555352[0m
INFO -- Epoch: [95m211[0m - Loss: [93m    0.555123[0m
INFO -- Epoch: [95m212[0m - Loss: [93m    0.554939[0m
INFO -- Epoch: [95m213[0m - Loss: [93m    0.555205[0m
INFO -- Epoch: [95m214[0m - Loss: [93m    0.554584[0m
INFO -- Epoch: [95m215[0m - Loss: [93m    0.554386[0m
INFO -- Epoch: [95m216[0m - Loss: [93m    0.555266[0m
INFO -- Epoch: [95m217[0m - Loss: [93m    0.553989[0m
INFO -- Epoch: [95m218[0m - Loss: [93m    0.553747[0m
INFO -- Epoch: [95m219[0m - Loss: [93m    0.554060[0m
INFO -- Epoch: [95m220[0m - Loss: [93m    0.553725[0m
INFO -- Epoch: [95m221[0m - Loss: [93m    0.557928[0m
INFO -- Epoch: [95m222[0m - Loss: [93m    0.554286[0m
INFO -- Epoch: [95m223[0m - Loss: [93m    0.554614[0m
INFO -- Epoch: [95m224[0m - Loss: [93m    0.555509[0m
INFO -- Training interrupted by user at epoch [91m225[0m
INFO -- Creating plots and saving to files. Dimensions: 1
